procs -----------memory---------- ---swap-- -----io---- -system-- ------cpu-----
 r  b   swpd   free   buff  cache   si   so    bi    bo   in   cs us sy id wa st
 4  0      0 12887156 321880 2483320    0    0     0     1    2    0 57  0 43  0  0
 2  0      0 12884612 321880 2483324    0    0     0     0  218  170 42  1 57  0  0
 2  0      0 12878576 321880 2483392    0    0     0    60  103  131 15  1 84  0  0
 4  0      0 12866424 321880 2483784    0    0     0     8  176  149 40  0 60  0  0
 0  0      0 12861348 321880 2484584    0    0     0     0  168  151 36  1 63  0  0
 0  0      0 12861332 321880 2484612    0    0     0     0  192  139 45  0 55  0  0
 0  0      0 12861692 321880 2484612    0    0     0     0  225  151 50  1 49  0  0
 1  0      0 12862200 321880 2484616    0    0     0    36  138  125 25  0 75  0  0
 0  0      0 12860420 321880 2484472    0    0     0    84  207  151 40  1 59  0  0
 0  0      0 12861100 321880 2484356    0    0     0     0  125  115 25  1 74  0  0
 2  0      0 12859172 321880 2484316    0    0     0     0  216  153 47  1 52  0  0
 0  0      0 12862240 321880 2484244    0    0     0     0  263  171 64  1 35  0  0
 0  0      0 12862240 321880 2484184    0    0     0     0  138  126 20  0 80  0  0
 2  0      0 12865288 321880 2484116    0    0     0    52  171  157 39  1 57  3  0
 0  0      0 12865288 321880 2484068    0    0     0     0  198  134 41  0 59  0  0
 0  0      0 12865040 321880 2484064    0    0     0     0  168  134 35  0 65  0  0
 2  0      0 12865272 321880 2484064    0    0     0     0  155  132 26  0 74  0  0
 0  0      0 12865288 321880 2484064    0    0     0     0  149  120 31  0 69  0  0
 1  0      0 12865288 321880 2484068    0    0     0    32  134  119 23  1 74  2  0
 1  0      0 12865288 321880 2484068    0    0     0     0  154  121 31  0 69  0  0
 2  0      0 12865288 321880 2484068    0    0     0     0  164  126 26  0 74  0  0
procs -----------memory---------- ---swap-- -----io---- -system-- ------cpu-----
 r  b   swpd   free   buff  cache   si   so    bi    bo   in   cs us sy id wa st
 0  0      0 12865288 321880 2484068    0    0     0     0  229  160 55  0 45  0  0
 0  0      0 12865288 321880 2484068    0    0     0     0  136  118 20  0 80  0  0
 0  0      0 12865288 321880 2484068    0    0     0    24  158  123 35  0 63  2  0
 1  0      0 12868336 321880 2484068    0    0     0     0  134  122 19  1 80  0  0
 1  0      0 12867964 321880 2484056    0    0     0     0  172  124 38  0 62  0  0
 3  0      0 12867964 321880 2484056    0    0     0     0  188  158 41  0 59  0  0
 1  0      0 12865792 321880 2484056    0    0     0     0  211  136 47  0 53  0  0
 0  0      0 12865296 321880 2484056    0    0     0    32  211  156 45  0 54  1  0
 1  0      0 12865296 321880 2484060    0    0     0     0  162  111 37  1 62  0  0
 5  0      0 12865296 321880 2484060    0    0     0     0  190  150 45  0 55  0  0
 0  0      0 12865296 321880 2484064    0    0     0     0  177  145 37  0 63  0  0
 0  0      0 12862752 321880 2484064    0    0     0     0  166  154 31  1 68  0  0
 1  0      0 12862752 321880 2484064    0    0     0    80  152  120 33  0 65  2  0
 1  0      0 12862752 321880 2484064    0    0     0     0  138  103 27  0 73  0  0
 2  0      0 12862752 321880 2484064    0    0     0     0  213  143 49  0 51  0  0
 1  0      0 12862628 321880 2484064    0    0     0     0  167  127 36  1 63  0  0
 0  0      0 12862628 321880 2484068    0    0     0     0  220  131 52  0 48  0  0
 1  0      0 12862628 321880 2484068    0    0     0    48  164  133 35  0 65  0  0
 0  0      0 12862628 321880 2484068    0    0     0     0  196  118 46  0 54  0  0
 0  0      0 12862628 321880 2484068    0    0     0     0  167  121 31  0 69  0  0
 0  0      0 12862628 321880 2484068    0    0     0     0  107  117 14  0 86  0  0
procs -----------memory---------- ---swap-- -----io---- -system-- ------cpu-----
 r  b   swpd   free   buff  cache   si   so    bi    bo   in   cs us sy id wa st
 1  0      0 12862628 321880 2484068    0    0     0     0  111  116 16  0 84  0  0
 1  0      0 12865112 321880 2484072    0    0     0    24  215  169 49  0 51  0  0
 2  0      0 12864924 321880 2484072    0    0     0    96  213  133 39  0 61  0  0
 1  0      0 12864924 321880 2484072    0    0     0     0  160  112 38  0 62  0  0
 1  0      0 12864924 321880 2484072    0    0     0     0  146  113 27  1 72  0  0
 0  0      0 12864924 321880 2484072    0    0     0     0  139   99 29  0 71  0  0
 0  0      0 12865156 321880 2484072    0    0     0    32  287  191 65  1 32  2  0
 1  0      0 12865172 321880 2484076    0    0     0     0  185  140 41  0 59  0  0
 0  0      0 12865172 321880 2484076    0    0     0     0  114  107 15  0 85  0  0
 0  0      0 12865172 321880 2484076    0    0     0     0   81  106 10  0 90  0  0
 0  0      0 12865172 321880 2484076    0    0     0     0  202  137 40  0 60  0  0
 1  0      0 12865172 321880 2484076    0    0     0     0  116  101 21  0 79  0  0
 1  0      0 12865172 321880 2484076    0    0     0    24  169  129 29  0 70  1  0
 0  0      0 12865172 321880 2484076    0    0     0     0  120  101 22  0 78  0  0
 0  0      0 12864924 321880 2484076    0    0     0     0  163  137 30  0 70  0  0
 1  0      0 12864924 321880 2484080    0    0     0     0  115  105 21  0 79  0  0
 1  0      0 12865156 321880 2484080    0    0     0     0  165  116 34  0 66  0  0
 1  0      0 12868208 321880 2484080    0    0     0    24   69  118  2  1 95  2  0
 0  0      0 12868212 321880 2484076    0    0     0     0  275  180 58  1 41  0  0
 1  0      0 12867840 321880 2484076    0    0     0     0  227  146 56  0 44  0  0
 2  0      0 12867840 321880 2484076    0    0     0     0  188  129 39  0 61  0  0
procs -----------memory---------- ---swap-- -----io---- -system-- ------cpu-----
 r  b   swpd   free   buff  cache   si   so    bi    bo   in   cs us sy id wa st
 0  0      0 12867840 321880 2484080    0    0     0     0  170  114 41  0 59  0  0
 0  0      0 12867840 321880 2484080    0    0     0    52  139  123 25  0 73  2  0
 0  0      0 12865792 321880 2484080    0    0     0     0  120  110 20  0 80  0  0
 1  0      0 12868208 321880 2484080    0    0     0     0  198  144 42  0 58  0  0
 1  0      0 12868212 321880 2484080    0    0     0     0  190  133 43  0 57  0  0
 0  0      0 12871112 321880 2484080    0    0     0     0   91  106 11  0 89  0  0
 3  0      0 12868840 321880 2484068    0    0     0     8  195  135 44  0 56  0  0
 1  0      0 12865304 321880 2484068    0    0     0    36  233  166 53  1 46  0  0
 0  0      0 12865304 321880 2484068    0    0     0     0  208  140 43  1 56  0  0
 0  0      0 12865304 321880 2484068    0    0     0     0  183  140 40  0 60  0  0
 1  0      0 12865164 321880 2484068    0    0     0     0  211  157 50  0 50  0  0
 1  0      0 12865180 321880 2484072    0    0     0    24  181  127 41  0 59  0  0
 0  0      0 12865180 321880 2484076    0    0     0    32  105  109 17  0 81  2  0
 0  0      0 12865180 321880 2484076    0    0     0     0  164  129 30  0 70  0  0
 0  0      0 12865180 321880 2484076    0    0     0     0  257  164 61  0 39  0  0
 0  0      0 12865180 321880 2484076    0    0     0     0  124  117 20  0 80  0  0
 0  0      0 12865180 321880 2484076    0    0     0     0  157  119 31  0 69  0  0
 1  0      0 12865180 321880 2484076    0    0     0    48  253  178 55  0 45  0  0
 1  0      0 12864808 321880 2484080    0    0     0     0  244  571 45  6 50  0  0
 0  0      0 12864808 321880 2484080    0    0     0     0  154  128 24  0 76  0  0
 0  0      0 12865164 321880 2484080    0    0     0     0  124  118 20  0 80  0  0
procs -----------memory---------- ---swap-- -----io---- -system-- ------cpu-----
 r  b   swpd   free   buff  cache   si   so    bi    bo   in   cs us sy id wa st
 0  0      0 12865180 321880 2484080    0    0     0     0  186  142 35  0 65  0  0
 0  0      0 12867968 321880 2484080    0    0     0    72  134  135 20  1 77  2  0
 1  0      0 12871008 321880 2484080    0    0     0     0  158  133 27  0 73  0  0
 1  0      0 12871020 321880 2484072    0    0     0     0  248  148 59  0 41  0  0
 1  0      0 12868600 321880 2484076    0    0     0     0  202  137 42  0 58  0  0
 1  0      0 12865064 321880 2484080    0    0     0     0  104  113 20  0 80  0  0
 0  0      0 12865064 321880 2484080    0    0     0    24  219  148 49  0 50  2  0
 1  0      0 12865064 321880 2484080    0    0     0     0  154  115 31  0 69  0  0
 0  0      0 12862644 321880 2484080    0    0     0     0  176  131 34  1 65  0  0
 1  0      0 12865184 321880 2484084    0    0     0     0  230  389 50  2 49  0  0
 2  0      0 12865188 321880 2484084    0    0     0     0  246  192 58  0 42  0  0
 0  0      0 12865188 321880 2484084    0    0     0    88  150  131 29  0 69  2  0
 0  0      0 12865188 321880 2484084    0    0     0     0  189  340 33  1 66  0  0
 0  0      0 12865188 321880 2484084    0    0     0     0  157  324 23  2 75  0  0
 1  0      0 12865188 321880 2484084    0    0     0     0  129  109 25  1 74  0  0
 0  0      0 12865188 321880 2484084    0    0     0     0  169  128 35  0 65  0  0
 3  0      0 12865064 321880 2484092    0    0     0    88  195  148 42  0 55  3  0
 0  0      0 12868100 321880 2484092    0    0     0     0  177  138 35  0 65  0  0
 0  0      0 12867872 321880 2484076    0    0     0     0  273  189 64  2 34  0  0
 1  0      0 12864684 321880 2484076    0    0     0     0  183  121 42  0 58  0  0
 1  0      0 12864684 321880 2484120    0    0     0     0  214  134 52  0 48  0  0
procs -----------memory---------- ---swap-- -----io---- -system-- ------cpu-----
 r  b   swpd   free   buff  cache   si   so    bi    bo   in   cs us sy id wa st
 1  0      0 12864684 321880 2484120    0    0     0    48  161  122 34  0 65  1  0
 0  0      0 12864684 321880 2484120    0    0     0     0  165  121 33  0 67  0  0
 0  0      0 12864668 321880 2484120    0    0     0     0  165  128 36  0 64  0  0
 1  0      0 12864684 321880 2484120    0    0     0     0  138  106 26  0 74  0  0
 3  0      0 12862016 321880 2484120    0    0     0     0  208  141 52  0 48  0  0
 1  0      0 12865180 321880 2484124    0    0     0   124  193  154 30  0 68  2  0
 2  0      0 12865180 321880 2484124    0    0     0     0  167  148 38  0 62  0  0
 1  0      0 12868096 321880 2484124    0    0     0     0  147  124 22  1 77  0  0
 1  0      0 12868096 321880 2484124    0    0     0     0  163  110 38  1 61  0  0
 0  0      0 12868096 321880 2484124    0    0     0     0  207  129 42  0 58  0  0
 0  0      0 12868096 321880 2484124    0    0     0    28  151  126 30  0 68  2  0
 1  0      0 12867724 321880 2484124    0    0     0     0  191  153 41  1 58  0  0
 0  0      0 12867724 321880 2484128    0    0     0     0  144  110 29  0 71  0  0
 0  0      0 12867724 321880 2484128    0    0     0     0  113  102 21  0 79  0  0
 0  0      0 12865676 321880 2484132    0    0     0     0  220  128 51  0 49  0  0
 1  0      0 12865676 321880 2484132    0    0     0    24  213  150 45  0 54  1  0
 1  0      0 12868096 321880 2484132    0    0     0     0  246  169 60  1 39  0  0
 0  0      0 12868096 321880 2484136    0    0     0     0  215  151 46  0 54  0  0
 0  0      0 12867724 321880 2484136    0    0     0     0  146  112 30  0 70  0  0
 0  0      0 12867724 321880 2484136    0    0     0     0  198  119 46  0 54  0  0
 0  0      0 12865676 321880 2484136    0    0     0     0  194  127 44  1 55  0  0
procs -----------memory---------- ---swap-- -----io---- -system-- ------cpu-----
 r  b   swpd   free   buff  cache   si   so    bi    bo   in   cs us sy id wa st
 1  0      0 12865180 321880 2484136    0    0     0    36  138  133 22  0 77  1  0
 0  0      0 12862636 321880 2484136    0    0     0     0  210  145 48  0 52  0  0
 0  0      0 12862636 321880 2484140    0    0     0     0  131  110 26  0 74  0  0
 1  0      0 12862636 321880 2484140    0    0     0     0  147  115 30  0 70  0  0
 1  0      0 12862636 321880 2484140    0    0     0     0  168  116 32  0 68  0  0
 1  0      0 12862636 321880 2484140    0    0     0    40  106  118 15  0 80  5  0
 1  0      0 12862636 321880 2484140    0    0     0     0  166  119 33  0 67  0  0
 1  0      0 12862636 321880 2484148    0    0     0     0  178  122 36  0 64  0  0
 0  0      0 12862636 321880 2484148    0    0     0     0  147  108 29  0 71  0  0
 0  0      0 12862636 321880 2484148    0    0     0     0  111   98 21  0 79  0  0
 2  0      0 12862636 321880 2484152    0    0     0    56  178  145 36  0 61  3  0
 3  0      0 12862636 321880 2484152    0    0     0     0  165  132 36  1 63  0  0
 1  0      0 12865056 321880 2484152    0    0     0     0  213  266 37  0 63  0  0
 0  0      0 12865056 321880 2484152    0    0     0     0  161  113 33  0 67  0  0
 0  0      0 12865056 321880 2484152    0    0     0     0  231  141 55  0 45  0  0
 1  0      0 12864808 321880 2484156    0    0     0    24  135  132 24  1 74  1  0
 0  0      0 12864808 321880 2484156    0    0     0     0  175  131 36  0 64  0  0
 0  0      0 12862760 321880 2484156    0    0     0     0  196  124 46  0 54  0  0
 1  0      0 12862760 321880 2484156    0    0     0     0  171  123 36  0 64  0  0
 0  0      0 12862760 321880 2484156    0    0     0     0  114  108 19  0 81  0  0
 0  0      0 12862760 321880 2484156    0    0     0    16  189  135 41  0 59  0  0
procs -----------memory---------- ---swap-- -----io---- -system-- ------cpu-----
 r  b   swpd   free   buff  cache   si   so    bi    bo   in   cs us sy id wa st
 1  0      0 12862760 321880 2484156    0    0     0    24   96  113 13  0 85  2  0
 0  0      0 12862760 321880 2484160    0    0     0     0  237  135 57  0 43  0  0
 0  0      0 12862760 321880 2484160    0    0     0     0   59   94  5  0 95  0  0
 0  0      0 12865056 321880 2484160    0    0     0     0  209  131 45  1 54  0  0
 1  0      0 12865056 321880 2484160    0    0     0     0  154  130 32  0 68  0  0
 2  0      0 12865056 321880 2484160    0    0     0    24  188  136 40  0 59  1  0
 0  0      0 12864684 321880 2484160    0    0     0     0  150  137 30  0 70  0  0
 1  0      0 12865056 321880 2484160    0    0     0     0  205  138 41  2 57  0  0
 0  0      0 12864808 321880 2484164    0    0     0     0  245  156 59  0 41  0  0
 0  0      0 12864808 321880 2484164    0    0     0     4  180  155 40  0 60  0  0
 1  0      0 12864808 321880 2484164    0    0     0    24   99  107 17  0 80  3  0
 0  0      0 12864808 321880 2484164    0    0     0     0  154  110 34  0 66  0  0
 0  0      0 12864808 321880 2484164    0    0     0     0  160  120 35  0 65  0  0
 1  0      0 12865056 321880 2484168    0    0     0     0  242  138 58  1 41  0  0
 0  0      0 12865056 321880 2484168    0    0     0    16   95  129  6  0 94  0  0
 0  0      0 12867972 321880 2484168    0    0     0    44  246  159 56  0 44  0  0
 0  0      0 12867600 321880 2484168    0    0     0     0  135  114 24  0 76  0  0
 1  0      0 12867600 321880 2484172    0    0     0     0  186  129 43  0 57  0  0
 0  0      0 12867600 321880 2484172    0    0     0     0  154  121 33  0 67  0  0
 0  0      0 12867972 321880 2484172    0    0     0     0  145  127 25  1 74  0  0
 0  0      0 12867972 321880 2484176    0    0     0    24  164  127 35  0 65  0  0
procs -----------memory---------- ---swap-- -----io---- -system-- ------cpu-----
 r  b   swpd   free   buff  cache   si   so    bi    bo   in   cs us sy id wa st
 3  0      0 12867972 321880 2484176    0    0     0    32  192  136 43  0 54  3  0
 1  0      0 12865552 321880 2484176    0    0     0     0  208  157 53  0 47  0  0
 0  0      0 12865552 321880 2484176    0    0     0     0  106  121 11  0 89  0  0
 0  0      0 12865552 321880 2484176    0    0     0     0  241  160 60  0 40  0  0
 0  0      0 12865552 321880 2484180    0    0     0     0  171  135 36  0 64  0  0
 2  0      0 12865552 321880 2484180    0    0     0    24  181  139 39  1 60  0  0
 1  0      0 12865552 321880 2484180    0    0     0     0  216  136 52  0 48  0  0
 1  0      0 12865552 321880 2484180    0    0     0     0  166  119 39  0 61  0  0
 2  0      0 12865552 321880 2484180    0    0     0     0  197  144 41  0 59  0  0
 0  0      0 12865428 321880 2484184    0    0     0    24  186  154 40  0 60  0  0
 2  0      0 12865428 321880 2484192    0    0     0    24  235  145 55  0 45  0  0
 0  0      0 12865428 321880 2484192    0    0     0     0  257  163 66  0 34  0  0
