# stats: dump at 1517242366
stats: users 100 100
stats: {freemem,"tsung_controller@jarvis"} 1 3729.82421875 0 3729.82421875 3729.82421875 0 0
stats: {load,"tsung_controller@jarvis"} 1 0.328125 0 0.328125 0.328125 0 0
stats: {cpu,"tsung_controller@jarvis"} 1 1.8691953639561136 0 1.8691953639561136 1.8691953639561136 0 0
stats: users_count 100 100
stats: finish_users_count 0 0
stats: request 119 3195.5382100840343 973.3940067530831 6622.985 2039.819 0 0
stats: connect 101 0.9846336633663366 1.5233365394200078 15.358 0.558 0 0
stats: page 119 3195.5382100840343 973.3940067530831 6622.985 2039.819 0 0
stats: tr_loopTransaction 119 3195.761899159663 973.3832980301529 6623.223 2039.974 0 0
stats: 200 119 119
stats: size_rcv 30334 30334
stats: size_sent 30576 30576
stats: connected 98 98
# stats: dump at 1517242376
stats: users 100 100
stats: {freemem,"tsung_controller@jarvis"} 1 3776.19921875 0.0 3776.19921875 3729.82421875 3729.82421875 1
stats: {load,"tsung_controller@jarvis"} 1 0.28125 0.0 0.328125 0.28125 0.328125 1
stats: {cpu,"tsung_controller@jarvis"} 1 2.275 0.0 2.275 1.8691953639561136 1.8691953639561136 1
stats: users_count 0 100
stats: finish_users_count 0 0
stats: request 252 2978.15919047619 1648.1321737776927 8890.134 1753.563 3195.5382100840343 119
stats: connect 7 0.7000000000000001 0.14969111052907771 15.358 0.527 0.9846336633663366 101
stats: page 252 2978.15919047619 1648.1321737776927 8890.134 1753.563 3195.5382100840343 119
stats: tr_loopTransaction 252 2978.331115079366 1648.1375047365027 8890.332 1753.75 3195.761899159663 119
stats: 200 252 371
stats: size_rcv 64235 94569
stats: size_sent 34944 65520
stats: connected -3 95
# stats: dump at 1517242386
stats: users 100 100
stats: {freemem,"tsung_controller@jarvis"} 1 3776.13671875 0.0 3776.19921875 3729.82421875 3753.01171875 2
stats: {load,"tsung_controller@jarvis"} 1 0.23046875 0.0 0.328125 0.23046875 0.3046875 2
stats: {cpu,"tsung_controller@jarvis"} 1 1.0860067407314942 0.0 2.275 1.0860067407314942 2.0720976819780565 2
stats: users_count 0 100
stats: finish_users_count 0 0
stats: request 266 1883.5402518797002 212.40226753565094 8890.134 1417.344 3047.88453638814 371
stats: connect 19 0.8016842105263158 0.08044354190923628 15.358 0.527 0.9661851851851851 108
stats: page 266 1883.5402518797002 212.40226753565094 8890.134 1417.344 3047.88453638814 371
stats: tr_loopTransaction 266 1883.70859774436 212.39763979165963 8890.332 1417.517 3048.073064690027 371
stats: 200 266 637
stats: size_rcv 67804 162373
stats: size_sent 40560 106080
stats: connected 1 96
# stats: dump at 1517242396
stats: users 100 100
stats: {freemem,"tsung_controller@jarvis"} 1 3781.66015625 0.0 3781.66015625 3729.82421875 3760.7200520833335 3
stats: {load,"tsung_controller@jarvis"} 1 0.19921875 0.0 0.328125 0.19921875 0.2799479166666667 3
stats: {cpu,"tsung_controller@jarvis"} 1 0.7755816862646986 0.0 2.275 0.7755816862646986 1.7434007015625357 3
stats: users_count 0 100
stats: finish_users_count 0 0
stats: request 265 1680.0341283018856 251.16627064811362 8890.134 1089.143 2561.6748351648353 637
stats: connect 21 0.7721904761904764 0.12003278085892045 15.358 0.527 0.9415748031496063 127
stats: page 265 1680.0341283018856 251.16627064811362 8890.134 1089.143 2561.6748351648353 637
stats: tr_loopTransaction 265 1680.2066377358497 251.16384479136744 8890.332 1089.311 2561.8549356357926 637
stats: 200 265 902
stats: size_rcv 67547 229920
stats: size_sent 40092 146172
stats: connected -1 95
# stats: dump at 1517242406
stats: users 100 100
stats: {freemem,"tsung_controller@jarvis"} 1 3779.25 0.0 3781.66015625 3729.82421875 3765.955078125 4
stats: {load,"tsung_controller@jarvis"} 1 0.171875 0.0 0.328125 0.171875 0.259765625 4
stats: {cpu,"tsung_controller@jarvis"} 1 0.987376577927759 0.0 2.275 0.7755816862646986 1.5014459477380764 4
stats: users_count 0 100
stats: finish_users_count 0 0
stats: request 249 2044.7299879518075 230.76845444042613 8890.134 1089.143 2302.656223946785 902
stats: connect 22 0.8678181818181817 0.0948159156009141 15.358 0.527 0.9175405405405405 148
stats: page 249 2044.7299879518075 230.76845444042613 8890.134 1089.143 2302.656223946785 902
stats: tr_loopTransaction 249 2044.9087951807205 230.76548668442828 8890.332 1089.311 2302.8340942350333 902
stats: 200 249 1151
stats: size_rcv 63468 293388
stats: size_sent 40404 186576
stats: connected 0 95
# stats: dump at 1517242416
stats: users 100 100
stats: {freemem,"tsung_controller@jarvis"} 1 3776.9921875 0.0 3781.66015625 3729.82421875 3768.6140625 5
stats: {load,"tsung_controller@jarvis"} 1 0.140625 0.0 0.328125 0.140625 0.2421875 5
stats: {cpu,"tsung_controller@jarvis"} 1 0.8744534665833853 0.0 2.275 0.7755816862646986 1.398632073776013 5
stats: users_count 0 100
stats: finish_users_count 0 0
stats: request 262 1895.2376832061075 239.85292815135975 8890.134 1089.143 2246.8581068635967 1151
stats: connect 19 0.7921052631578948 0.14224178627173112 15.358 0.441 0.911105882352941 170
stats: page 262 1895.2376832061075 239.85292815135975 8890.134 1089.143 2246.8581068635967 1151
stats: tr_loopTransaction 262 1895.3905152671757 239.86044571099492 8890.332 1089.311 2247.036179843614 1151
stats: 200 262 1413
stats: size_rcv 66789 360177
stats: size_sent 40872 227448
stats: connected 0 95
# stats: dump at 1517242426
stats: users 100 100
stats: {freemem,"tsung_controller@jarvis"} 1 3775.1640625 0.0 3781.66015625 3729.82421875 3770.0104166666665 6
stats: {load,"tsung_controller@jarvis"} 1 0.12109375 0.0 0.328125 0.12109375 0.22526041666666666 6
stats: {cpu,"tsung_controller@jarvis"} 1 0.8628235588345629 0.0 2.275 0.7755816862646986 1.3112689725772417 6
stats: users_count 0 100
stats: finish_users_count 0 0
stats: request 262 1959.7165801526705 193.45767380230566 8890.134 1089.143 2181.660264685067 1413
stats: connect 21 0.8557142857142856 0.07343681628716321 15.358 0.441 0.8991428571428571 189
stats: page 262 1959.7165801526705 193.45767380230566 8890.134 1089.143 2181.660264685067 1413
stats: tr_loopTransaction 262 1959.8771183206106 193.45678854874257 8890.332 1089.311 2181.833657466383 1413
stats: 200 262 1675
stats: size_rcv 66779 426956
stats: size_sent 41184 268632
stats: connected 1 96
# stats: dump at 1517242436
stats: users 100 100
stats: {freemem,"tsung_controller@jarvis"} 1 3774.8125 0.0 3781.66015625 3729.82421875 3770.746651785714 7
stats: {load,"tsung_controller@jarvis"} 1 0.1015625 0.0 0.328125 0.1015625 0.21037946428571427 7
stats: {cpu,"tsung_controller@jarvis"} 1 0.8988764044943821 0.0 2.275 0.7755816862646986 1.2472053420425733 7
stats: users_count 0 100
stats: finish_users_count 0 0
stats: request 261 1899.663279693486 300.4977527880763 8890.134 1089.143 2146.9442973134323 1675
stats: connect 14 0.8593571428571429 0.12123213102076834 15.358 0.441 0.8947999999999999 210
stats: page 261 1899.663279693486 300.4977527880763 8890.134 1089.143 2146.9442973134323 1675
stats: tr_loopTransaction 261 1899.827567049808 300.49848667857736 8890.332 1089.311 2147.115679402985 1675
stats: 200 261 1936
stats: size_rcv 66529 493485
stats: size_sent 39468 308100
stats: connected -3 93
# stats: dump at 1517242446
stats: users 100 100
stats: {freemem,"tsung_controller@jarvis"} 1 3775.234375 0.0 3781.66015625 3729.82421875 3771.2548828125 8
stats: {load,"tsung_controller@jarvis"} 1 0.078125 0.0 0.328125 0.078125 0.19677734375 8
stats: {cpu,"tsung_controller@jarvis"} 1 0.8744534665833853 0.0 2.275 0.7755816862646986 1.2036642248490494 8
stats: users_count 0 100
stats: finish_users_count 0 0
stats: request 249 1860.8437871485953 292.65992428160183 8890.134 1089.143 2113.607341942148 1936
stats: connect 26 0.8003076923076923 0.14160176260060334 15.358 0.441 0.8925848214285714 224
stats: page 249 1860.8437871485953 292.65992428160183 8890.134 1089.143 2113.607341942148 1936
stats: tr_loopTransaction 249 1861.004751004016 292.6620586259019 8890.332 1089.311 2113.777767561983 1936
stats: 200 249 2185
stats: size_rcv 63469 556954
stats: size_sent 39936 348036
stats: connected 6 99
# stats: dump at 1517242456
stats: users 100 100
stats: {freemem,"tsung_controller@jarvis"} 1 3769.07421875 0.0 3781.66015625 3729.82421875 3771.6970486111113 9
stats: {load,"tsung_controller@jarvis"} 1 0.0703125 0.0 0.328125 0.0703125 0.18359375 9
stats: {cpu,"tsung_controller@jarvis"} 1 0.9867599300524607 0.0 2.275 0.7755816862646986 1.1670852517084203 9
stats: users_count 0 100
stats: finish_users_count 0 0
stats: request 263 1892.137790874525 242.9498800253514 8890.134 1089.143 2084.802708009153 2185
stats: connect 22 0.868 0.07472008370639655 15.358 0.441 0.882988 250
stats: page 263 1892.137790874525 242.9498800253514 8890.134 1089.143 2084.802708009153 2185
stats: tr_loopTransaction 263 1892.298463878328 242.95263067694785 8890.332 1089.311 2084.972055377574 2185
stats: 200 263 2448
stats: size_rcv 67043 623997
stats: size_sent 41184 389220
stats: connected -2 97
# stats: dump at 1517242466
stats: users 100 100
stats: {freemem,"tsung_controller@jarvis"} 1 3769.375 0.0 3781.66015625 3729.82421875 3771.434765625 10
stats: {load,"tsung_controller@jarvis"} 1 0.05859375 0.0 0.328125 0.05859375 0.172265625 10
stats: {cpu,"tsung_controller@jarvis"} 1 0.8246907409721356 0.0 2.275 0.7755816862646986 1.1490527195428242 10
stats: users_count 0 100
stats: finish_users_count 0 0
stats: request 267 1862.2629887640467 289.6528766625973 8890.134 1089.143 2064.1038218954245 2448
stats: connect 19 0.8946315789473683 0.12146786905719714 15.358 0.441 0.8817757352941176 272
stats: page 267 1862.2629887640467 289.6528766625973 8890.134 1089.143 2064.1038218954245 2448
stats: tr_loopTransaction 267 1862.4209288389513 289.6494946557836 8890.332 1089.311 2064.2722373366014 2448
stats: 200 267 2715
stats: size_rcv 68058 692055
stats: size_sent 39156 428376
stats: connected -1 96
# stats: dump at 1517242476
stats: users 100 100
stats: {freemem,"tsung_controller@jarvis"} 1 3769.125 0.0 3781.66015625 3729.82421875 3771.2475142045455 11
stats: {load,"tsung_controller@jarvis"} 1 0.05078125 0.0 0.328125 0.05078125 0.16193181818181818 11
stats: {cpu,"tsung_controller@jarvis"} 1 0.8876109513689211 0.0 2.275 0.7755816862646986 1.119565266945489 11
stats: users_count 0 100
stats: finish_users_count 0 0
stats: request 257 1772.2344046692617 224.0087486055589 8890.134 1089.143 2044.2542813996315 2715
stats: connect 25 0.8455999999999999 0.1531496000647733 15.358 0.441 0.8826151202749141 291
stats: page 257 1772.2344046692617 224.0087486055589 8890.134 1089.143 2044.2542813996315 2715
stats: tr_loopTransaction 257 1772.4044241245142 224.00887198980118 8890.332 1089.311 2044.4216666666666 2715
stats: 200 257 2972
stats: size_rcv 65499 757554
stats: size_sent 40716 469092
stats: connected -1 95
# stats: dump at 1517242477
stats: users 100 100
stats: {freemem,"tsung_controller@jarvis"} 0 0 0 3781.66015625 3729.82421875 3771.0706380208335 12
stats: {load,"tsung_controller@jarvis"} 0 0 0 0.328125 0.05078125 0.15266927083333334 12
stats: {cpu,"tsung_controller@jarvis"} 0 0 0 2.275 0.7755816862646986 1.1002357406474417 12
stats: users_count 0 100
stats: finish_users_count 0 0
stats: request 28 1525.722607142857 290.9183456748079 8890.134 1089.143 2020.7317012113056 2972
stats: connect 1 0.818 0.0 15.358 0.441 0.8796867088607595 316
stats: page 28 1525.722607142857 290.9183456748079 8890.134 1089.143 2020.7317012113056 2972
stats: tr_loopTransaction 28 1525.894357142857 290.9256435194903 8890.332 1089.311 2020.8993142664872 2972
stats: 200 28 3000
stats: size_rcv 7138 764692
stats: size_sent 3744 472836
stats: connected 0 95
stats: error_abort 1 1
EndMonitor:{1517,242477,548726}
