# stats: dump at 1517242636
stats: users 80 80
stats: {freemem,"tsung_controller@jarvis"} 1 3635.765625 0 3635.765625 3635.765625 0 0
stats: {load,"tsung_controller@jarvis"} 1 0.23828125 0 0.23828125 0.23828125 0 0
stats: {cpu,"tsung_controller@jarvis"} 1 1.8695297290056745 0 1.8695297290056745 1.8695297290056745 0 0
stats: users_count 80 80
stats: finish_users_count 0 0
stats: request 170 2360.264235294118 1059.3431203149726 6202.871 1117.775 0 0
stats: connect 80 0.9038000000000002 1.88066339625144 17.571 0.452 0 0
stats: page 170 2360.264235294118 1059.3431203149726 6202.871 1117.775 0 0
stats: tr_loopTransaction 170 2360.443294117649 1059.3563629797366 6203.017 1117.935 0 0
stats: 200 170 170
stats: size_rcv 43331 43331
stats: size_sent 31512 31512
stats: connected 78 78
# stats: dump at 1517242646
stats: users 80 80
stats: {freemem,"tsung_controller@jarvis"} 1 3636.375 0.0 3636.375 3635.765625 3635.765625 1
stats: {load,"tsung_controller@jarvis"} 1 0.28125 0.0 0.28125 0.23828125 0.23828125 1
stats: {cpu,"tsung_controller@jarvis"} 1 4.960218796618598 0.0 4.960218796618598 1.8695297290056745 1.8695297290056745 1
stats: users_count 0 80
stats: finish_users_count 0 0
stats: request 266 1050.5734962406023 268.18936787913145 6202.871 398.383 2360.264235294118 170
stats: connect 21 0.7897619047619048 0.16336372062186727 17.571 0.452 0.9038000000000002 80
stats: page 266 1050.5734962406023 268.18936787913145 6202.871 398.383 2360.264235294118 170
stats: tr_loopTransaction 266 1050.7497894736855 268.1885821048026 6203.017 398.546 2360.443294117649 170
stats: 200 266 436
stats: size_rcv 67913 111244
stats: size_sent 40092 71604
stats: connected 1 79
# stats: dump at 1517242656
stats: users 80 80
stats: {freemem,"tsung_controller@jarvis"} 1 3627.5859375 0.0 3636.375 3627.5859375 3636.0703125 2
stats: {load,"tsung_controller@jarvis"} 1 0.30859375 0.0 0.30859375 0.23828125 0.259765625 2
stats: {cpu,"tsung_controller@jarvis"} 1 4.594427244582043 0.0 4.960218796618598 1.8695297290056745 3.4148742628121362 2
stats: users_count 0 80
stats: finish_users_count 0 0
stats: request 247 1178.9909352226732 183.71918451514753 6202.871 398.383 1561.2327293577987 436
stats: connect 18 0.7020555555555554 0.1545033161176744 17.571 0.452 0.8800891089108912 101
stats: page 247 1178.9909352226732 183.71918451514753 6202.871 398.383 1561.2327293577987 436
stats: tr_loopTransaction 247 1179.155866396761 183.71843455083135 6203.017 398.546 1561.4101009174328 436
stats: 200 247 683
stats: size_rcv 62993 174237
stats: size_sent 40872 112476
stats: connected -2 77
# stats: dump at 1517242666
stats: users 80 80
stats: {freemem,"tsung_controller@jarvis"} 1 3769.515625 0.0 3769.515625 3627.5859375 3633.2421875 3
stats: {load,"tsung_controller@jarvis"} 1 0.26171875 0.0 0.30859375 0.23828125 0.2760416666666667 3
stats: {cpu,"tsung_controller@jarvis"} 1 4.353218405060151 0.0 4.960218796618598 1.8695297290056745 3.8080585900687716 3
stats: users_count 0 80
stats: finish_users_count 0 0
stats: request 258 1125.088352713179 265.22570953793803 6202.871 398.383 1422.99887408492 683
stats: connect 21 0.8484761904761904 0.17147806163933266 17.571 0.452 0.8531596638655463 119
stats: page 258 1125.088352713179 265.22570953793803 6202.871 398.383 1422.99887408492 683
stats: tr_loopTransaction 258 1125.2568720930233 265.22300991506376 6203.017 398.546 1423.171746705711 683
stats: 200 258 941
stats: size_rcv 65841 240078
stats: size_sent 39780 152256
stats: connected -1 76
# stats: dump at 1517242676
stats: users 80 80
stats: {freemem,"tsung_controller@jarvis"} 1 3770.890625 0.0 3770.890625 3627.5859375 3667.310546875 4
stats: {load,"tsung_controller@jarvis"} 1 0.21875 0.0 0.30859375 0.21875 0.2724609375 4
stats: {cpu,"tsung_controller@jarvis"} 1 2.470059880239521 0.0 4.960218796618598 1.8695297290056745 3.9443485438166164 4
stats: users_count 0 80
stats: finish_users_count 0 0
stats: request 267 1166.8567940074904 150.95754440226338 6202.871 398.383 1341.3188374070144 941
stats: connect 21 0.855952380952381 0.1620553921144825 17.571 0.452 0.8524571428571429 140
stats: page 267 1166.8567940074904 150.95754440226338 6202.871 398.383 1341.3188374070144 941
stats: tr_loopTransaction 267 1167.0204344569302 150.9623401555315 6203.017 398.546 1341.490516471839 941
stats: 200 267 1208
stats: size_rcv 68101 308179
stats: size_sent 40560 192816
stats: connected 2 78
# stats: dump at 1517242686
stats: users 80 80
stats: {freemem,"tsung_controller@jarvis"} 1 3758.1484375 0.0 3770.890625 3627.5859375 3688.0265625 5
stats: {load,"tsung_controller@jarvis"} 1 0.19140625 0.0 0.30859375 0.19140625 0.26171875 5
stats: {cpu,"tsung_controller@jarvis"} 1 1.537307836520435 0.0 4.960218796618598 1.537307836520435 3.6494908111011974 5
stats: users_count 0 80
stats: finish_users_count 0 0
stats: request 228 991.4554649122813 397.8971884853843 6202.871 39.104 1302.7581043046362 1208
stats: connect 18 0.8963333333333333 0.12429311235051516 17.571 0.452 0.852913043478261 161
stats: page 228 991.4554649122813 397.8971884853843 6202.871 39.104 1302.7581043046362 1208
stats: tr_loopTransaction 228 991.6313859649122 397.89732895215985 6203.017 39.244 1302.9280066225174 1208
stats: 200 228 1436
stats: size_rcv 58228 366407
stats: size_sent 36972 229788
stats: connected -5 73
# stats: dump at 1517242696
stats: users 80 80
stats: {freemem,"tsung_controller@jarvis"} 1 3758.54296875 0.0 3770.890625 3627.5859375 3699.7135416666665 6
stats: {load,"tsung_controller@jarvis"} 1 0.16015625 0.0 0.30859375 0.16015625 0.25 6
stats: {cpu,"tsung_controller@jarvis"} 1 1.1113886113886113 0.0 4.960218796618598 1.1113886113886113 3.297460315337737 6
stats: users_count 0 80
stats: finish_users_count 0 0
stats: request 232 1622.2416422413794 330.973778082904 6202.871 39.104 1253.331222841226 1436
stats: connect 20 0.8697499999999998 0.09909029972706708 17.571 0.452 0.8572793296089387 179
stats: page 232 1622.2416422413794 330.973778082904 6202.871 39.104 1253.331222841226 1436
stats: tr_loopTransaction 232 1622.412594827587 330.9724629974573 6203.017 39.244 1253.5020807799451 1436
stats: 200 232 1668
stats: size_rcv 59125 425532
stats: size_sent 34944 264732
stats: connected 4 77
# stats: dump at 1517242706
stats: users 80 80
stats: {freemem,"tsung_controller@jarvis"} 1 3758.29296875 0.0 3770.890625 3627.5859375 3708.117745535714 7
stats: {load,"tsung_controller@jarvis"} 1 0.12890625 0.0 0.30859375 0.12890625 0.23716517857142858 7
stats: {cpu,"tsung_controller@jarvis"} 1 0.9621391978008247 0.0 4.960218796618598 0.9621391978008247 2.985164357630719 7
stats: users_count 0 80
stats: finish_users_count 0 0
stats: request 262 1102.6965267175578 243.49810938065133 6202.871 39.104 1304.6425041966431 1668
stats: connect 21 0.8625238095238095 0.09977575764713069 17.571 0.452 0.858532663316583 199
stats: page 262 1102.6965267175578 243.49810938065133 6202.871 39.104 1304.6425041966431 1668
stats: tr_loopTransaction 262 1102.870316793893 243.50149038317423 6203.017 39.244 1304.813375299761 1668
stats: 200 262 1930
stats: size_rcv 66871 492403
stats: size_sent 39936 304668
stats: connected -2 75
# stats: dump at 1517242716
stats: users 80 80
stats: {freemem,"tsung_controller@jarvis"} 1 3757.8984375 0.0 3770.890625 3627.5859375 3714.3896484375 8
stats: {load,"tsung_controller@jarvis"} 1 0.109375 0.0 0.30859375 0.109375 0.2236328125 8
stats: {cpu,"tsung_controller@jarvis"} 1 1.0991756182862853 0.0 4.960218796618598 0.9621391978008247 2.732286212651982 8
stats: users_count 0 80
stats: finish_users_count 0 0
stats: request 260 1164.7300076923066 250.06367754380227 6202.871 39.104 1277.2280761658035 1930
stats: connect 22 0.7755 0.12231841829645056 17.571 0.452 0.8589136363636364 220
stats: page 260 1164.7300076923066 250.06367754380227 6202.871 39.104 1277.2280761658035 1930
stats: tr_loopTransaction 260 1164.8805769230767 250.05623873025232 6203.017 39.244 1277.3993435233167 1930
stats: 200 260 2190
stats: size_rcv 66350 558753
stats: size_sent 39780 344448
stats: connected -1 74
# stats: dump at 1517242726
stats: users 80 80
stats: {freemem,"tsung_controller@jarvis"} 1 3769.078125 0.0 3770.890625 3627.5859375 3719.2239583333335 9
stats: {load,"tsung_controller@jarvis"} 1 0.08984375 0.0 0.30859375 0.08984375 0.2109375 9
stats: {cpu,"tsung_controller@jarvis"} 1 1.199400299850075 0.0 4.960218796618598 0.9621391978008247 2.5508294799446825 9
stats: users_count 0 80
stats: finish_users_count 0 0
stats: request 265 1092.2318075471692 287.9925876354513 6202.871 39.104 1263.8721410958906 2190
stats: connect 22 0.8113181818181818 0.1607192318535753 17.571 0.452 0.8513305785123968 242
stats: page 265 1092.2318075471692 287.9925876354513 6202.871 39.104 1263.8721410958906 2190
stats: tr_loopTransaction 265 1092.387675471699 288.001766746298 6203.017 39.244 1264.040951141553 2190
stats: 200 265 2455
stats: size_rcv 67676 626429
stats: size_sent 40404 384852
stats: connected 3 77
# stats: dump at 1517242736
stats: users 80 80
stats: {freemem,"tsung_controller@jarvis"} 1 3755.62109375 0.0 3770.890625 3627.5859375 3724.209375 10
stats: {load,"tsung_controller@jarvis"} 1 0.078125 0.0 0.30859375 0.078125 0.198828125 10
stats: {cpu,"tsung_controller@jarvis"} 1 1.3245033112582782 0.0 4.960218796618598 0.9621391978008247 2.415686561935222 10
stats: users_count 0 80
stats: finish_users_count 0 0
stats: request 240 991.5993250000013 256.48667346875806 6202.871 39.104 1245.3447731160898 2455
stats: connect 21 0.8329999999999997 0.11976723456851818 17.571 0.452 0.8479962121212121 264
stats: page 240 991.5993250000013 256.48667346875806 6202.871 39.104 1245.3447731160898 2455
stats: tr_loopTransaction 240 991.7652333333333 256.4857059702915 6203.017 39.244 1245.5121861507134 2455
stats: 200 240 2695
stats: size_rcv 61284 687713
stats: size_sent 42432 427284
stats: connected -1 76
# stats: dump at 1517242746
stats: users 80 80
stats: {freemem,"tsung_controller@jarvis"} 1 3764.09765625 0.0 3770.890625 3627.5859375 3727.0649857954545 11
stats: {load,"tsung_controller@jarvis"} 1 0.0703125 0.0 0.30859375 0.0703125 0.18785511363636365 11
stats: {cpu,"tsung_controller@jarvis"} 1 0.9369144284821986 0.0 4.960218796618598 0.9369144284821986 2.3164880846009543 11
stats: users_count 0 80
stats: finish_users_count 0 0
stats: request 278 973.4588417266184 399.95421444672206 6202.871 39.104 1222.747775881262 2695
stats: connect 22 0.8137272727272727 0.13461297445848963 17.571 0.452 0.8468912280701755 285
stats: page 278 973.4588417266184 399.95421444672206 6202.871 39.104 1222.747775881262 2695
stats: tr_loopTransaction 278 973.6204028776986 399.95194726423904 6203.017 39.244 1222.9150549165124 2695
stats: 200 278 2973
stats: size_rcv 70978 758691
stats: size_sent 38376 465660
stats: connected -4 72
# stats: dump at 1517242747
stats: users 80 80
stats: {freemem,"tsung_controller@jarvis"} 0 0 0 3770.890625 3627.5859375 3730.1510416666665 12
stats: {load,"tsung_controller@jarvis"} 0 0 0 0.30859375 0.0703125 0.17805989583333334 12
stats: {cpu,"tsung_controller@jarvis"} 0 0 0 4.960218796618598 0.9369144284821986 2.2015236132577245 12
stats: users_count 0 80
stats: finish_users_count 0 0
stats: request 15 790.62 110.09996904328966 6202.871 39.104 1199.437206189035 2973
stats: connect 1 0.802 0.0 17.571 0.452 0.8445146579804561 307
stats: page 15 790.62 110.09996904328966 6202.871 39.104 1199.437206189035 2973
stats: tr_loopTransaction 15 790.7607333333332 110.12546376654022 6203.017 39.244 1199.6039505549952 2973
stats: 200 15 2988
stats: size_rcv 3835 762526
stats: size_sent 4368 470028
stats: connected -1 71
stats: error_abort 1 1
EndMonitor:{1517,242747,942227}
