# stats: dump at 1517244041
stats: users 70 70
stats: {freemem,"tsung_controller@jarvis"} 1 3592.71484375 0 3592.71484375 3592.71484375 0 0
stats: {load,"tsung_controller@jarvis"} 1 0.2109375 0 0.2109375 0.2109375 0 0
stats: {cpu,"tsung_controller@jarvis"} 1 1.8728329591730801 0 1.8728329591730801 1.8728329591730801 0 0
stats: users_count 70 70
stats: finish_users_count 0 0
stats: request 116 3585.1658189655154 2760.382147104497 7504.522 50.885 0 0
stats: connect 70 1.1667285714285713 1.971522703187481 16.293 0.55 0 0
stats: page 116 3585.1658189655154 2760.382147104497 7504.522 50.885 0 0
stats: tr_loopTransaction 116 3585.353862068964 2760.360549597053 7504.745 51.046 0 0
stats: 200 116 116
stats: size_rcv 29632 29632
stats: size_sent 22932 22932
stats: connected 70 70
# stats: dump at 1517244051
stats: users 70 70
stats: {freemem,"tsung_controller@jarvis"} 1 3599.9609375 0.0 3599.9609375 3592.71484375 3592.71484375 1
stats: {load,"tsung_controller@jarvis"} 1 0.26171875 0.0 0.26171875 0.2109375 0.2109375 1
stats: {cpu,"tsung_controller@jarvis"} 1 1.087228192951762 0.0 1.8728329591730801 1.087228192951762 1.8728329591730801 1
stats: users_count 0 70
stats: finish_users_count 0 0
stats: request 247 764.8776315789474 670.4163910190094 7522.834 50.885 3585.1658189655154 116
stats: connect 13 0.8815384615384615 0.15720766050262966 16.293 0.544 1.1667285714285713 70
stats: page 247 764.8776315789474 670.4163910190094 7522.834 50.885 3585.1658189655154 116
stats: tr_loopTransaction 247 765.0711093117412 670.4174131081382 7523.054 51.046 3585.353862068964 116
stats: 200 247 363
stats: size_rcv 63168 92800
stats: size_sent 38532 61464
stats: connected -7 63
# stats: dump at 1517244061
stats: users 70 70
stats: {freemem,"tsung_controller@jarvis"} 1 3613.20703125 0.0 3613.20703125 3592.71484375 3596.337890625 2
stats: {load,"tsung_controller@jarvis"} 1 0.30078125 0.0 0.30078125 0.2109375 0.236328125 2
stats: {cpu,"tsung_controller@jarvis"} 1 2.0057665789143786 0.0 2.0057665789143786 1.087228192951762 1.480030576062421 2
stats: users_count 0 70
stats: finish_users_count 0 0
stats: request 248 1077.7899153225808 381.3941361277517 7522.834 50.885 1666.1267493112941 363
stats: connect 18 0.9032777777777778 0.12151854250623444 16.293 0.544 1.1220602409638551 83
stats: page 248 1077.7899153225808 381.3941361277517 7522.834 50.885 1666.1267493112941 363
stats: tr_loopTransaction 248 1077.9838790322588 381.3962696685882 7523.054 51.046 1666.3184903581266 363
stats: 200 248 611
stats: size_rcv 63345 156145
stats: size_sent 37284 98748
stats: connected 5 68
# stats: dump at 1517244071
stats: users 70 70
stats: {freemem,"tsung_controller@jarvis"} 1 3604.77734375 0.0 3613.20703125 3592.71484375 3601.9609375 3
stats: {load,"tsung_controller@jarvis"} 1 0.41015625 0.0 0.41015625 0.2109375 0.2578125 3
stats: {cpu,"tsung_controller@jarvis"} 1 1.0920045186393874 0.0 2.0057665789143786 1.087228192951762 1.655275910346407 3
stats: users_count 0 70
stats: finish_users_count 0 0
stats: request 245 811.8168367346942 217.8212317064809 7522.834 50.885 1427.325546644844 611
stats: connect 14 0.8472857142857143 0.13340562665978448 16.293 0.544 1.0830693069306927 101
stats: page 245 811.8168367346942 217.8212317064809 7522.834 50.885 1427.325546644844 611
stats: tr_loopTransaction 245 811.9916448979588 217.81285839386643 7523.054 51.046 1427.5181898527005 611
stats: 200 245 856
stats: size_rcv 62642 218787
stats: size_sent 37908 136656
stats: connected -5 63
# stats: dump at 1517244081
stats: users 70 70
stats: {freemem,"tsung_controller@jarvis"} 1 3611.30078125 0.0 3613.20703125 3592.71484375 3602.6650390625 4
stats: {load,"tsung_controller@jarvis"} 1 0.33984375 0.0 0.41015625 0.2109375 0.2958984375 4
stats: {cpu,"tsung_controller@jarvis"} 1 1.5742128935532234 0.0 2.0057665789143786 1.087228192951762 1.5144580624196522 4
stats: users_count 0 70
stats: finish_users_count 0 0
stats: request 257 882.8868521400785 225.1289704837207 7522.834 50.885 1251.1577499999996 856
stats: connect 25 0.7989200000000001 0.18203536359729663 16.293 0.422 1.0543652173913038 115
stats: page 257 882.8868521400785 225.1289704837207 7522.834 50.885 1251.1577499999996 856
stats: tr_loopTransaction 257 883.0541322957199 225.11492709707238 7523.054 51.046 1251.3452885514018 856
stats: 200 257 1113
stats: size_rcv 65674 284461
stats: size_sent 39468 176124
stats: connected 4 67
# stats: dump at 1517244091
stats: users 70 70
stats: {freemem,"tsung_controller@jarvis"} 1 3610.9296875 0.0 3613.20703125 3592.71484375 3604.3921875 5
stats: {load,"tsung_controller@jarvis"} 1 0.2890625 0.0 0.41015625 0.2109375 0.3046875 5
stats: {cpu,"tsung_controller@jarvis"} 1 1.253604111821487 0.0 2.0057665789143786 1.087228192951762 1.5264090286463665 5
stats: users_count 0 70
stats: finish_users_count 0 0
stats: request 256 745.6807773437502 283.6251544077528 7522.834 50.885 1166.1212533692722 1113
stats: connect 18 0.8212222222222222 0.19002618403073812 16.293 0.422 1.0087499999999996 140
stats: page 256 745.6807773437502 283.6251544077528 7522.834 50.885 1166.1212533692722 1113
stats: tr_loopTransaction 256 745.8645351562496 283.6121626943024 7523.054 51.046 1166.3041141060198 1113
stats: 200 256 1369
stats: size_rcv 65451 349912
stats: size_sent 40872 216996
stats: connected 0 67
# stats: dump at 1517244101
stats: users 70 70
stats: {freemem,"tsung_controller@jarvis"} 1 3611.35546875 0.0 3613.20703125 3592.71484375 3605.4817708333335 6
stats: {load,"tsung_controller@jarvis"} 1 0.23828125 0.0 0.41015625 0.2109375 0.3020833333333333 6
stats: {cpu,"tsung_controller@jarvis"} 1 1.4519964951808737 0.0 2.0057665789143786 1.087228192951762 1.4809415425088865 6
stats: users_count 0 70
stats: finish_users_count 0 0
stats: request 221 836.5210769230767 293.1367257324609 7522.834 39.065 1087.4998056975894 1369
stats: connect 23 0.7339565217391306 0.1815945024691886 16.293 0.422 0.9873860759493668 158
stats: page 221 836.5210769230767 293.1367257324609 7522.834 39.065 1087.4998056975894 1369
stats: tr_loopTransaction 221 836.6897330316743 293.1493040471166 7523.054 39.184 1087.6828341855369 1369
stats: 200 221 1590
stats: size_rcv 56484 406396
stats: size_sent 35256 252252
stats: connected 0 67
# stats: dump at 1517244111
stats: users 70 70
stats: {freemem,"tsung_controller@jarvis"} 1 3607.2109375 0.0 3613.20703125 3592.71484375 3606.320870535714 7
stats: {load,"tsung_controller@jarvis"} 1 0.2109375 0.0 0.41015625 0.2109375 0.29296875 7
stats: {cpu,"tsung_controller@jarvis"} 1 1.0632974731048286 0.0 2.0057665789143786 1.0632974731048286 1.4768065357477418 7
stats: users_count 0 70
stats: finish_users_count 0 0
stats: request 261 779.0912567049812 191.70719123954916 7522.834 39.065 1052.615340880503 1590
stats: connect 18 0.7197777777777776 0.16116091184332768 16.293 0.422 0.9551823204419887 181
stats: page 261 779.0912567049812 191.70719123954916 7522.834 39.065 1052.615340880503 1590
stats: tr_loopTransaction 261 779.2695862068964 191.72650136169446 7523.054 39.184 1052.7963716981133 1590
stats: 200 261 1851
stats: size_rcv 66754 473150
stats: size_sent 40092 292344
stats: connected -2 65
# stats: dump at 1517244121
stats: users 70 70
stats: {freemem,"tsung_controller@jarvis"} 1 3588.3515625 0.0 3613.20703125 3588.3515625 3606.43212890625 8
stats: {load,"tsung_controller@jarvis"} 1 0.171875 0.0 0.41015625 0.171875 0.28271484375 8
stats: {cpu,"tsung_controller@jarvis"} 1 2.178566931116988 0.0 2.178566931116988 1.0632974731048286 1.4251179029173777 8
stats: users_count 0 70
stats: finish_users_count 0 0
stats: request 263 743.6285513307981 203.70097676656874 7522.834 39.065 1014.0471150729335 1851
stats: connect 19 0.8927368421052629 0.1675463304676817 16.293 0.422 0.9338894472361806 199
stats: page 263 743.6285513307981 203.70097676656874 7522.834 39.065 1014.0471150729335 1851
stats: tr_loopTransaction 263 743.8158022813685 203.69969038295807 7523.054 39.184 1014.2277649918964 1851
stats: 200 263 2114
stats: size_rcv 67294 540444
stats: size_sent 39624 331968
stats: connected 1 66
# stats: dump at 1517244131
stats: users 70 70
stats: {freemem,"tsung_controller@jarvis"} 1 3601.75390625 0.0 3613.20703125 3588.3515625 3604.4231770833335 9
stats: {load,"tsung_controller@jarvis"} 1 0.1484375 0.0 0.41015625 0.1484375 0.2703993055555556 9
stats: {cpu,"tsung_controller@jarvis"} 1 1.8643643643643644 0.0 2.178566931116988 1.0632974731048286 1.5088344616062233 9
stats: users_count 0 70
stats: finish_users_count 0 0
stats: request 206 1124.2986359223303 483.2767521692722 7522.834 39.065 980.4046920529801 2114
stats: connect 23 0.8748260869565215 0.11796670575758565 16.293 0.422 0.9303027522935776 218
stats: page 206 1124.2986359223303 483.2767521692722 7522.834 39.065 980.4046920529801 2114
stats: tr_loopTransaction 206 1124.4725242718446 483.2793309580886 7523.054 39.184 980.5861631977294 2114
stats: 200 206 2320
stats: size_rcv 52606 593050
stats: size_sent 33228 365196
stats: connected -1 65
# stats: dump at 1517244141
stats: users 70 70
stats: {freemem,"tsung_controller@jarvis"} 1 3594.70703125 0.0 3613.20703125 3588.3515625 3604.15625 10
stats: {load,"tsung_controller@jarvis"} 1 0.12109375 0.0 0.41015625 0.12109375 0.258203125 10
stats: {cpu,"tsung_controller@jarvis"} 1 1.111944027986007 0.0 2.178566931116988 1.0632974731048286 1.5443874518820375 10
stats: users_count 0 70
stats: finish_users_count 0 0
stats: request 248 768.8323185483868 228.10890313587956 7522.834 39.065 993.1814818965516 2320
stats: connect 23 0.8080869565217389 0.11359076548637537 16.293 0.422 0.9250082987551863 241
stats: page 248 768.8323185483868 228.10890313587956 7522.834 39.065 993.1814818965516 2320
stats: tr_loopTransaction 248 769.0037298387095 228.10796751751434 7523.054 39.184 993.3622797413793 2320
stats: 200 248 2568
stats: size_rcv 63432 656482
stats: size_sent 38376 403572
stats: connected 1 66
# stats: dump at 1517244151
stats: users 70 70
stats: {freemem,"tsung_controller@jarvis"} 1 3595.265625 0.0 3613.20703125 3588.3515625 3603.2972301136365 11
stats: {load,"tsung_controller@jarvis"} 1 0.1015625 0.0 0.41015625 0.1015625 0.24573863636363635 11
stats: {cpu,"tsung_controller@jarvis"} 1 0.9130706691682302 0.0 2.178566931116988 0.9130706691682302 1.5050744133460348 11
stats: users_count 0 70
stats: finish_users_count 0 0
stats: request 216 1066.7829259259263 422.2095427654026 7522.834 39.065 971.515363317757 2568
stats: connect 21 0.8191428571428571 0.15507825542648598 16.293 0.422 0.9148219696969693 264
stats: page 216 1066.7829259259263 422.2095427654026 7522.834 39.065 971.515363317757 2568
stats: tr_loopTransaction 216 1066.9625833333341 422.2161861228583 7523.054 39.184 971.6952546728971 2568
stats: 200 216 2784
stats: size_rcv 55170 711652
stats: size_sent 34944 438516
stats: connected 3 69
# stats: dump at 1517244152
stats: users 70 70
stats: {freemem,"tsung_controller@jarvis"} 0 0 0 3613.20703125 3588.3515625 3602.6279296875 12
stats: {load,"tsung_controller@jarvis"} 0 0 0 0.41015625 0.1015625 0.23372395833333334 12
stats: {cpu,"tsung_controller@jarvis"} 0 0 0 2.178566931116988 0.9130706691682302 1.4557407679978844 12
stats: users_count 0 70
stats: finish_users_count 0 0
stats: request 16 1282.4501249999998 54.14899199070447 7522.834 39.065 978.9068121408046 2784
stats: connect 0 0 0 16.293 0.422 0.9077719298245611 285
stats: page 16 1282.4501249999998 54.14899199070447 7522.834 39.065 978.9068121408046 2784
stats: tr_loopTransaction 16 1282.6029999999998 54.169630139959445 7523.054 39.184 979.0866853448275 2784
stats: 200 16 2800
stats: size_rcv 4077 715729
stats: size_sent 3276 441792
stats: connected 0 69
stats: error_abort 1 1
EndMonitor:{1517,244152,185726}
