# stats: dump at 1516813836
stats: users 694 695
stats: {freemem,"tsung_controller@jarvis"} 1 4001.42578125 0 4001.42578125 4001.42578125 0 0
stats: {load,"tsung_controller@jarvis"} 1 0.0 0 0.0 0.0 0 0
stats: {cpu,"tsung_controller@jarvis"} 1 44.908429400738186 0 44.908429400738186 44.908429400738186 0 0
stats: session 1137 1621.9225452946346 1096.974225235368 5970.012 18.938 0 0
stats: users_count 1831 1831
stats: finish_users_count 1137 1137
stats: request 1075 739.0622744186029 582.5651210289907 3047.23 7.782 0 0
stats: connect 1313 141.401347296268 445.31099979010764 3051.788 0.346 0 0
stats: page 1075 739.0622744186029 582.5651210289907 3047.23 7.782 0 0
stats: 200 1075 1075
stats: size_rcv 275733 275733
stats: size_sent 81406 81406
stats: connected 238 238
# stats: dump at 1516813846
stats: users 1262 1282
stats: {freemem,"tsung_controller@jarvis"} 1 3991.45703125 0.0 4001.42578125 3991.45703125 4001.42578125 1
stats: {load,"tsung_controller@jarvis"} 1 0.0 0.0 0.0 0.0 0.0 1
stats: {cpu,"tsung_controller@jarvis"} 1 1.3348444780254376 0.0 44.908429400738186 1.3348444780254376 44.908429400738186 1
stats: session 1559 3527.7900198845377 2050.9550705289976 13369.306 18.938 1621.9225452946346 1137
stats: users_count 2127 3958
stats: finish_users_count 1559 2696
stats: request 1540 2500.728270779218 1748.7191815560507 12306.653 7.782 739.0622744186029 1075
stats: 200 1540 2615
stats: connect 1808 941.3951382743347 1649.3414831318591 7307.803 0.283 141.401347296268 1313
stats: page 1540 2500.728270779218 1748.7191815560507 12306.653 7.782 739.0622744186029 1075
stats: size_rcv 393842 669575
stats: size_sent 112096 193502
stats: connected 268 506
# stats: dump at 1516813856
stats: users 1439 1458
stats: {freemem,"tsung_controller@jarvis"} 1 3976.0625 0.0 4001.42578125 3976.0625 3996.44140625 2
stats: {load,"tsung_controller@jarvis"} 1 0.0 0.0 0.0 0.0 0.0 2
stats: {cpu,"tsung_controller@jarvis"} 1 1.6713091922005572 0.0 44.908429400738186 1.3348444780254376 23.121636939381812 2
stats: session 1823 4180.558120131656 3340.9450709437074 24378.877 18.938 2724.0172755934695 2696
stats: users_count 2000 5958
stats: finish_users_count 1823 4519
stats: request 1825 3111.0103671232946 3057.3976421500893 21912.887 7.782 1776.5252321223684 2615
stats: 200 1825 4440
stats: page 1825 3111.0103671232946 3057.3976421500893 21912.887 7.782 1776.5252321223684 2615
stats: connect 1965 1592.8748361323167 3308.3558009122667 15487.916 0.283 604.8389551425815 3121
stats: size_rcv 466247 1135822
stats: size_sent 121830 315332
stats: connected 140 646
# stats: dump at 1516813866
stats: users 1752 1755
stats: {freemem,"tsung_controller@jarvis"} 1 3969.09765625 0.0 4001.42578125 3969.09765625 3989.6484375 3
stats: {load,"tsung_controller@jarvis"} 1 0.0 0.0 0.0 0.0 0.0 3
stats: {cpu,"tsung_controller@jarvis"} 1 2.2376738305941846 0.0 44.908429400738186 1.3348444780254376 15.971527690321395 3
stats: session 1811 4193.99062506903 3768.87004335979 31820.794 18.938 3311.597262226157 4519
stats: users_count 2124 8082
stats: finish_users_count 1811 6330
stats: request 1842 3225.58069543974 3670.4273758032364 30638.777 7.782 2325.0467121621637 4440
stats: connect 1934 1408.5924286452916 3206.3084252503945 15495.705 0.283 986.57126071569 5086
stats: page 1842 3225.58069543974 3670.4273758032364 30638.777 7.782 2325.0467121621637 4440
stats: 200 1842 6282
stats: size_rcv 470638 1606460
stats: size_sent 119908 435240
stats: connected 92 738
# stats: dump at 1516813876
stats: users 1976 1987
stats: {freemem,"tsung_controller@jarvis"} 1 3963.30078125 0.0 4001.42578125 3963.30078125 3984.5107421875 4
stats: {load,"tsung_controller@jarvis"} 1 0.0 0.0 0.0 0.0 0.0 4
stats: {cpu,"tsung_controller@jarvis"} 1 2.0323150719515275 0.0 44.908429400738186 1.3348444780254376 12.538064225389592 4
stats: session 1841 4202.88314883215 4049.175920547534 36007.543 18.938 3564.048191153241 6330
stats: users_count 2065 10147
stats: finish_users_count 1841 8171
stats: connect 1944 1440.2935586419721 3963.775057242874 31614.83 0.283 1102.8374913105404 7020
stats: request 1797 3193.249159154147 3897.5716969946047 34924.818 7.782 2589.100134192933 6282
stats: page 1797 3193.249159154147 3897.5716969946047 34924.818 7.782 2589.100134192933 6282
stats: 200 1797 8079
stats: size_rcv 459073 2065533
stats: size_sent 120528 555768
stats: connected 147 885
# stats: dump at 1516813886
stats: users 2183 2221
stats: {freemem,"tsung_controller@jarvis"} 1 3957.21875 0.0 4001.42578125 3957.21875 3980.26875 5
stats: {load,"tsung_controller@jarvis"} 1 0.0 0.0 0.0 0.0 0.0 5
stats: {cpu,"tsung_controller@jarvis"} 1 1.8078381795195955 0.0 44.908429400738186 1.3348444780254376 10.43691439470198 5
stats: session 1877 4498.244583377732 5292.4834774603605 55691.493 18.938 3707.9834692204145 8171
stats: users_count 2084 12231
stats: finish_users_count 1877 10048
stats: request 1892 3306.7284297040187 4608.617141671715 42976.022 7.782 2723.4801066963746 8079
stats: page 1892 3306.7284297040187 4608.617141671715 42976.022 7.782 2723.4801066963746 8079
stats: connect 1931 1724.4300688762303 4675.014600241357 31614.83 0.283 1176.0207348282004 8964
stats: 200 1892 9971
stats: size_rcv 483584 2549117
stats: size_sent 119722 675490
stats: connected 39 924
stats: error_connect_timeout 28 28
# stats: dump at 1516813896
stats: users 2470 2471
stats: {freemem,"tsung_controller@jarvis"} 1 3952.5234375 0.0 4001.42578125 3952.5234375 3976.4270833333335 6
stats: {load,"tsung_controller@jarvis"} 1 0.0 0.0 0.0 0.0 0.0 6
stats: {cpu,"tsung_controller@jarvis"} 1 2.122015915119363 0.0 44.908429400738186 1.3348444780254376 8.998735025504915 6
stats: session 1792 7616.851979910689 13465.148199236935 62206.597 18.938 3855.6068879378986 10048
stats: users_count 2079 14310
stats: finish_users_count 1792 11840
stats: connect 1933 1309.749021727886 3624.728338524841 31614.83 0.283 1273.219305185864 10895
stats: request 1810 3702.3681983425395 6989.897518873248 61525.409 7.782 2834.151636846857 9971
stats: page 1810 3702.3681983425395 6989.897518873248 61525.409 7.782 2834.151636846857 9971
stats: 200 1810 11781
stats: size_rcv 462686 3011803
stats: size_sent 119846 795336
stats: connected 123 1047
stats: error_connect_timeout 150 178
# stats: dump at 1516813906
stats: users 2748 2775
stats: {freemem,"tsung_controller@jarvis"} 1 3949.20703125 0.0 4001.42578125 3949.20703125 3973.012276785714 7
stats: {load,"tsung_controller@jarvis"} 1 0.0 0.0 0.0 0.0 0.0 7
stats: {cpu,"tsung_controller@jarvis"} 1 1.686105476673428 0.0 44.908429400738186 1.3348444780254376 8.016346581164123 7
stats: session 1839 7051.264191952147 12913.113589326102 68539.842 18.938 4424.876415371618 11840
stats: users_count 2117 16427
stats: finish_users_count 1839 13679
stats: connect 1981 1244.2513836446212 3447.967535090087 31615.83 0.283 1278.7238220299337 12828
stats: page 1815 3506.5340231405 6787.11944358107 63522.791 7.782 2967.542009167304 11781
stats: request 1815 3506.5340231405 6787.11944358107 63522.791 7.782 2967.542009167304 11781
stats: 200 1815 13596
stats: size_rcv 463851 3475654
stats: size_sent 122822 918158
stats: connected 166 1213
stats: error_connect_timeout 135 313
# stats: dump at 1516813916
stats: users 3163 3164
stats: {freemem,"tsung_controller@jarvis"} 1 3918.640625 0.0 4001.42578125 3918.640625 3970.03662109375 8
stats: {load,"tsung_controller@jarvis"} 1 0.078125 0.0 0.078125 0.0 0.0 8
stats: {cpu,"tsung_controller@jarvis"} 1 3.2805429864253397 0.0 44.908429400738186 1.3348444780254376 7.2250664431027865 8
stats: session 1819 7484.06060747663 13707.071459409233 72023.296 18.938 4777.967074128223 13679
stats: users_count 2234 18661
stats: finish_users_count 1819 15498
stats: request 1845 3138.1489333333343 5760.424144594319 70668.279 7.782 3039.4948265666385 13596
stats: page 1845 3138.1489333333343 5760.424144594319 70668.279 7.782 3039.4948265666385 13596
stats: connect 1990 993.9081844221109 2538.741870196141 31615.83 0.283 1274.1124437841843 14809
stats: 200 1845 15441
stats: size_rcv 471548 3947202
stats: size_sent 123380 1041538
stats: connected 145 1358
stats: error_connect_timeout 166 479
# stats: dump at 1516813926
stats: users 3519 3533
stats: {freemem,"tsung_controller@jarvis"} 1 3908.1484375 0.0 4001.42578125 3908.1484375 3964.3259548611113 9
stats: {load,"tsung_controller@jarvis"} 1 0.23046875 0.0 0.23046875 0.0 0.008680555555555556 9
stats: {cpu,"tsung_controller@jarvis"} 1 4.05184346294199 0.0 44.908429400738186 1.3348444780254376 6.786786059027515 9
stats: session 1848 7256.889707251095 13279.863904920074 86179.704 18.938 5095.581226738932 15498
stats: users_count 2204 20865
stats: finish_users_count 1848 17346
stats: request 1842 3172.832806188926 5521.36234595556 70668.279 7.782 3051.282717699632 15441
stats: connect 2051 1469.175602632863 3910.3172241360344 31615.83 0.283 1240.919606345615 16799
stats: 200 1842 17283
stats: page 1842 3172.832806188926 5521.36234595556 70668.279 7.782 3051.282717699632 15441
stats: size_rcv 470739 4417941
stats: size_sent 127162 1168700
stats: connected 209 1567
stats: error_connect_timeout 154 633
# stats: dump at 1516813936
stats: users 3948 3953
stats: {freemem,"tsung_controller@jarvis"} 1 3887.296875 0.0 4001.42578125 3887.296875 3958.708203125 10
stats: {load,"tsung_controller@jarvis"} 1 0.26953125 0.0 0.26953125 0.0 0.030859375 10
stats: {cpu,"tsung_controller@jarvis"} 1 4.358261748357757 0.0 44.908429400738186 1.3348444780254376 6.513291799418963 10
stats: session 1804 8191.276199002197 14436.579606804857 92968.635 18.938 5325.841694396402 17346
stats: users_count 2233 23098
stats: finish_users_count 1804 19150
stats: request 1837 3536.4860517147526 6230.2643009102985 71292.354 7.782 3064.237370421803 17283
stats: page 1837 3536.4860517147526 6230.2643009102985 71292.354 7.782 3064.237370421803 17283
stats: connect 1938 954.2279102167191 2440.6818245422296 31618.849 0.283 1265.755311830238 18850
stats: 200 1837 19120
stats: size_rcv 469490 4887431
stats: size_sent 120156 1288856
stats: connected 101 1668
stats: error_connect_timeout 214 847
# stats: dump at 1516813946
stats: users 4258 4258
stats: {freemem,"tsung_controller@jarvis"} 1 3886.86328125 0.0 4001.42578125 3886.86328125 3952.2162642045455 11
stats: {load,"tsung_controller@jarvis"} 1 0.21875 0.0 0.26953125 0.0 0.052556818181818184 11
stats: {cpu,"tsung_controller@jarvis"} 1 4.7972802820448255 0.0 44.908429400738186 1.3348444780254376 6.317379976595217 11
stats: session 1873 11694.120741057106 21911.981573981848 111108.481 18.938 5595.776098903392 19150
stats: users_count 2183 25281
stats: finish_users_count 1873 21023
stats: request 1860 4378.566747311846 13167.552382004626 110472.308 7.782 3109.6097986401687 19120
stats: connect 1997 954.8903054581832 2466.168467514251 31618.849 0.283 1236.7125898595339 20788
stats: page 1860 4378.566747311846 13167.552382004626 110472.308 7.782 3109.6097986401687 19120
stats: 200 1835 20955
stats: size_rcv 469002 5356433
stats: size_sent 123814 1412670
stats: connected 137 1805
stats: error_connect_timeout 296 1143
# stats: dump at 1516813956
stats: users 4573 4580
stats: {freemem,"tsung_controller@jarvis"} 1 3868.671875 0.0 4001.42578125 3868.671875 3946.7701822916665 12
stats: {load,"tsung_controller@jarvis"} 1 0.19140625 0.0 0.26953125 0.0 0.06640625 12
stats: {cpu,"tsung_controller@jarvis"} 1 4.620420496034244 0.0 44.908429400738186 1.3348444780254376 6.190705002049351 12
stats: session 1938 14964.79344582043 28466.92752487023 122092.311 18.938 6139.095297626405 21023
stats: users_count 2253 27534
stats: finish_users_count 1938 22961
stats: request 1931 8817.231024339753 24826.78687343942 121884.348 7.782 3222.1102716873243 20980
stats: page 1931 8817.231024339753 24826.78687343942 121884.348 7.782 3222.1102716873243 20980
stats: connect 1984 922.1044349798397 3200.8147584762396 31618.849 0.283 1212.012168444151 22785
stats: 200 1828 22783
stats: size_rcv 467211 5823644
stats: size_sent 123008 1535678
stats: connected 53 1858
stats: error_connect_timeout 309 1452
# stats: dump at 1516813966
stats: users 4857 4869
stats: {freemem,"tsung_controller@jarvis"} 1 3844.96484375 0.0 4001.42578125 3844.96484375 3940.7626201923076 13
stats: {load,"tsung_controller@jarvis"} 1 0.16015625 0.0 0.26953125 0.0 0.07602163461538461 13
stats: {cpu,"tsung_controller@jarvis"} 1 5.686125852918878 0.0 44.908429400738186 1.3348444780254376 6.069913886202035 13
stats: session 1924 17865.791161122663 31589.713330486684 125476.03 18.938 6884.019430338395 22961
stats: users_count 2208 29742
stats: finish_users_count 1924 24885
stats: connect 2064 1226.4818154069774 3298.928024228893 31626.795 0.283 1188.7905227098383 24769
stats: page 1933 9475.921796171775 26436.097227678823 123161.105 7.782 3693.6819260617226 22911
stats: request 1933 9475.921796171775 26436.097227678823 123161.105 7.782 3693.6819260617226 22911
stats: 200 1828 24611
stats: size_rcv 467244 6290888
stats: size_sent 127968 1663646
stats: connected 131 1989
stats: error_connect_timeout 375 1827
# stats: dump at 1516813976
stats: users 5235 5238
stats: {freemem,"tsung_controller@jarvis"} 1 3847.2890625 0.0 4001.42578125 3844.96484375 3933.919921875 14
stats: {load,"tsung_controller@jarvis"} 1 0.21875 0.0 0.26953125 0.0 0.08203125 14
stats: {cpu,"tsung_controller@jarvis"} 1 5.50772347429729 0.0 44.908429400738186 1.3348444780254376 6.042500455253238 14
stats: session 1929 14610.93778952826 27853.042645361526 125476.03 18.938 7733.082271810324 24885
stats: users_count 2307 32049
stats: finish_users_count 1929 26814
stats: request 1928 7994.963318464717 23503.925022048716 123161.105 7.782 4143.572027048792 24844
stats: page 1928 7994.963318464717 23503.925022048716 123161.105 7.782 4143.572027048792 24844
stats: connect 2102 1358.6221322549916 3827.6260427105967 31626.795 0.283 1191.6897448663954 26833
stats: 200 1842 26453
stats: size_rcv 470919 6761807
stats: size_sent 130324 1793970
stats: connected 174 2163
stats: error_connect_timeout 355 2182
# stats: dump at 1516813986
stats: users 5756 5761
stats: {freemem,"tsung_controller@jarvis"} 1 3853.66796875 0.0 4001.42578125 3844.96484375 3928.14453125 15
stats: {load,"tsung_controller@jarvis"} 1 0.33984375 0.0 0.33984375 0.0 0.09114583333333333 15
stats: {cpu,"tsung_controller@jarvis"} 1 7.597612534195473 0.0 44.908429400738186 1.3348444780254376 6.006848656522842 15
stats: session 1868 14558.157815845812 26157.000148364776 144438.826 18.938 8227.875413216974 26814
stats: users_count 2389 34438
stats: finish_users_count 1868 28682
stats: request 1868 5753.020658993576 18221.50271604373 138321.772 7.782 4420.93204534589 26772
stats: page 1868 5753.020658993576 18221.50271604373 138321.772 7.782 4420.93204534589 26772
stats: connect 2038 855.8839779195285 2488.189640633771 31626.795 0.283 1203.8166457922925 28935
stats: 200 1822 28275
stats: size_rcv 465582 7227389
stats: size_sent 126356 1920326
stats: connected 170 2333
stats: error_connect_timeout 469 2651
# stats: dump at 1516813996
stats: users 6120 6138
stats: {freemem,"tsung_controller@jarvis"} 1 3830.3515625 0.0 4001.42578125 3830.3515625 3923.48974609375 16
stats: {load,"tsung_controller@jarvis"} 1 0.44140625 0.0 0.44140625 0.0 0.106689453125 16
stats: {cpu,"tsung_controller@jarvis"} 1 6.257933485656259 0.0 44.908429400738186 1.3348444780254376 6.106271398877381 16
stats: session 1871 17169.669363976478 28353.585774653315 160065.821 18.938 8640.15375950073 28682
stats: users_count 2235 36673
stats: finish_users_count 1871 30553
stats: connect 2065 1292.1382673123464 3768.493931713571 31626.795 0.26 1180.922939108255 30973
stats: request 1893 5951.401863180135 17705.719009239838 138321.772 7.782 4507.815478666207 28640
stats: page 1893 5951.401863180135 17705.719009239838 138321.772 7.782 4507.815478666207 28640
stats: 200 1847 30122
stats: size_rcv 472028 7699417
stats: size_sent 128030 2048356
stats: connected 172 2505
stats: error_connect_timeout 530 3181
# stats: dump at 1516814006
stats: users 6433 6433
stats: {freemem,"tsung_controller@jarvis"} 1 3825.3125 0.0 4001.42578125 3825.3125 3918.011029411765 17
stats: {load,"tsung_controller@jarvis"} 1 0.37109375 0.0 0.44140625 0.0 0.12637867647058823 17
stats: {cpu,"tsung_controller@jarvis"} 1 6.182965299684542 0.0 44.908429400738186 1.3348444780254376 6.115192698099668 17
stats: session 1947 19345.345843348714 33484.96092687513 166203.591 18.938 9162.482947992012 30553
stats: users_count 2260 38933
stats: finish_users_count 1947 32500
stats: connect 2040 1060.4638705882335 3304.6251861216288 31626.795 0.26 1187.874317906652 33038
stats: page 1956 9708.435039366066 26717.98417009652 139605.31 7.782 4597.315659646944 30533
stats: request 1956 9708.435039366066 26717.98417009652 139605.31 7.782 4597.315659646944 30533
stats: 200 1839 31961
stats: size_rcv 469966 8169383
stats: size_sent 126480 2174836
stats: connected 84 2589
stats: error_connect_timeout 455 3636
# stats: dump at 1516814016
stats: users 4670 6441
stats: {freemem,"tsung_controller@jarvis"} 1 3804.12109375 0.0 4001.42578125 3804.12109375 3912.8611111111113 18
stats: {load,"tsung_controller@jarvis"} 1 0.30859375 0.0 0.44140625 0.0 0.13997395833333334 18
stats: {cpu,"tsung_controller@jarvis"} 1 6.516227180527383 0.0 44.908429400738186 1.3348444780254376 6.1189578426321605 18
stats: session 1980 36183.52317828285 37635.78095955137 172490.627 18.938 9772.514765138458 32500
stats: users_count 217 39150
stats: finish_users_count 1980 34480
stats: request 1955 13740.1414168798 27170.847533884982 139605.31 7.782 4905.030563359913 32489
stats: connect 1639 6193.639441122635 9924.417577579492 31626.795 0.26 1180.464622013797 35078
stats: page 1955 13740.1414168798 27170.847533884982 139605.31 7.782 4905.030563359913 32489
stats: 200 1833 33794
stats: size_rcv 468729 8638112
stats: size_sent 101618 2276454
stats: connected -316 2273
stats: error_connect_timeout 590 4226
# stats: dump at 1516814026
stats: users 2685 6441
stats: {freemem,"tsung_controller@jarvis"} 1 3835.421875 0.0 4001.42578125 3804.12109375 3907.1379523026317 19
stats: {load,"tsung_controller@jarvis"} 1 0.33984375 0.0 0.44140625 0.0 0.14884868421052633 19
stats: {cpu,"tsung_controller@jarvis"} 1 3.2054455445544554 0.0 44.908429400738186 1.3348444780254376 6.139866755152962 19
stats: session 1985 52999.14302921908 29930.065067987118 183201.359 18.938 11289.156199535959 34480
stats: users_count 0 39150
stats: finish_users_count 1985 36465
stats: request 2018 29221.640347373625 29292.033214329884 139605.31 7.782 5406.500825775177 34444
stats: page 2018 29221.640347373625 29292.033214329884 139605.31 7.782 5406.500825775177 34444
stats: 200 1861 35655
stats: connect 1400 15707.067211428566 14335.756780008327 31626.795 0.26 1404.2463451534704 36717
stats: size_rcv 475820 9113932
stats: size_sent 86800 2363254
stats: connected -618 1655
stats: error_connect_timeout 576 4802
# stats: dump at 1516814036
stats: users 1153 6441
stats: {freemem,"tsung_controller@jarvis"} 1 3838.890625 0.0 4001.42578125 3804.12109375 3903.5521484375 20
stats: {load,"tsung_controller@jarvis"} 1 0.2890625 0.0 0.44140625 0.0 0.1583984375 20
stats: {cpu,"tsung_controller@jarvis"} 1 1.7935532421923992 0.0 44.908429400738186 1.3348444780254376 5.993145694623037 20
stats: session 1532 63450.48037793726 30140.231842424157 200084.945 18.938 13559.67104546825 36465
stats: users_count 0 39150
stats: finish_users_count 1532 37997
stats: request 1534 33093.59435462841 36750.41086330854 139605.31 6.335 6724.556652514952 36462
stats: connect 878 12157.523184510239 15329.406064721952 31626.795 0.26 1929.5749180418177 38117
stats: page 1534 33093.59435462841 36750.41086330854 139605.31 6.335 6724.556652514952 36462
stats: 200 1342 36997
stats: size_rcv 343434 9457366
stats: size_sent 54436 2417690
stats: connected -656 999
stats: error_connect_timeout 540 5342
stats: error_abort_max_conn_retries 1 1
# stats: dump at 1516814046
stats: users 662 6441
stats: {freemem,"tsung_controller@jarvis"} 1 3844.890625 0.0 4001.42578125 3804.12109375 3900.4730282738096 21
stats: {load,"tsung_controller@jarvis"} 1 0.25 0.0 0.44140625 0.0 0.16462053571428573 21
stats: {cpu,"tsung_controller@jarvis"} 1 0.8173016471771658 0.0 44.908429400738186 0.8173016471771658 5.79316510165015 21
stats: session 491 84833.75659877801 34211.04090584281 210203.995 18.938 15571.217217464527 37997
stats: users_count 0 39150
stats: finish_users_count 491 38488
stats: connect 153 2674.9734967320273 8776.716893358933 31626.795 0.26 2159.8644058725467 38995
stats: request 490 59320.56199795917 44322.83112331269 139605.31 6.335 7789.145131171706 37996
stats: page 490 59320.56199795917 44322.83112331269 139605.31 6.335 7789.145131171706 37996
stats: 200 396 37393
stats: size_rcv 101442 9558808
stats: size_sent 9486 2427176
stats: connected -337 662
stats: error_connect_timeout 141 5483
stats: error_abort_max_conn_retries 1 2
# stats: dump at 1516814056
stats: users 491 6441
stats: {freemem,"tsung_controller@jarvis"} 1 3853.359375 0.0 4001.42578125 3804.12109375 3897.9465553977275 22
stats: {load,"tsung_controller@jarvis"} 1 0.2109375 0.0 0.44140625 0.0 0.16850142045454547 22
stats: {cpu,"tsung_controller@jarvis"} 1 0.3882279273638071 0.0 44.908429400738186 0.3882279273638071 5.566989490083196 22
stats: session 171 111840.07146783626 28919.702643094755 210367.433 18.938 16454.81488001454 38488
stats: users_count 0 39150
stats: finish_users_count 171 38659
stats: request 171 101626.5713684211 20557.003105643984 139605.31 6.335 8445.238106922003 38486
stats: connect 0 0 0 31626.795 0.26 2161.8775787268814 39148
stats: page 171 101626.5713684211 20557.003105643984 139605.31 6.335 8445.238106922003 38486
stats: 200 147 37540
stats: size_rcv 37642 9596450
stats: size_sent 0 2427176
stats: connected -171 491
stats: error_connect_timeout 0 5483
stats: error_abort_max_conn_retries 0 2
# stats: dump at 1516814066
stats: users 308 6441
stats: {freemem,"tsung_controller@jarvis"} 1 3856.90234375 0.0 4001.42578125 3804.12109375 3896.0079823369565 23
stats: {load,"tsung_controller@jarvis"} 1 0.171875 0.0 0.44140625 0.0 0.17034646739130438 23
stats: {cpu,"tsung_controller@jarvis"} 1 0.13749999999999998 0.0 44.908429400738186 0.13749999999999998 5.341825943878004 23
stats: session 183 119979.70471584701 19936.832356091723 212968.588 18.938 16876.731610310653 38659
stats: users_count 0 39150
stats: finish_users_count 183 38842
stats: page 183 111756.54394535512 6906.083127348773 139605.31 6.335 8857.427567762634 38657
stats: request 183 111756.54394535512 6906.083127348773 139605.31 6.335 8857.427567762634 38657
stats: 200 0 37540
stats: connect 0 0 0 31626.795 0.26 2161.8775787268814 39148
stats: size_rcv 0 9596450
stats: size_sent 0 2427176
stats: connected -183 308
stats: error_connect_timeout 0 5483
stats: error_abort_max_conn_retries 0 2
# stats: dump at 1516814076
stats: users 211 6441
stats: {freemem,"tsung_controller@jarvis"} 1 3864.4921875 0.0 4001.42578125 3804.12109375 3894.3785807291665 24
stats: {load,"tsung_controller@jarvis"} 1 0.1484375 0.0 0.44140625 0.0 0.17041015625000003 24
stats: {cpu,"tsung_controller@jarvis"} 1 0.23744063984004 0.0 44.908429400738186 0.13749999999999998 5.124979029549754 24
stats: session 97 123997.25240206181 23809.77939105693 212968.588 18.938 17362.49043010143 38842
stats: users_count 0 39150
stats: finish_users_count 97 38939
stats: request 97 113174.8769381443 6598.643066889173 139613.632 6.335 9342.250901879508 38840
stats: page 97 113174.8769381443 6598.643066889173 139613.632 6.335 9342.250901879508 38840
stats: connect 0 0 0 31626.795 0.26 2161.8775787268814 39148
stats: 200 0 37540
stats: size_rcv 0 9596450
stats: size_sent 0 2427176
stats: connected -97 211
stats: error_connect_timeout 0 5483
stats: error_abort_max_conn_retries 0 2
# stats: dump at 1516814086
stats: users 120 6441
stats: {freemem,"tsung_controller@jarvis"} 1 3867.28515625 0.0 4001.42578125 3804.12109375 3893.183125 25
stats: {load,"tsung_controller@jarvis"} 1 0.12109375 0.0 0.44140625 0.0 0.16953125000000002 25
stats: {cpu,"tsung_controller@jarvis"} 1 0.12496875781054737 0.0 44.908429400738186 0.12496875781054737 4.929477493961366 25
stats: session 91 127099.91467032969 20649.25073845212 212968.588 18.938 17628.12570351061 38939
stats: users_count 0 39150
stats: finish_users_count 91 39030
stats: request 91 118262.34890109894 10551.140906386725 139642.161 6.335 9600.91912813006 38937
stats: page 91 118262.34890109894 10551.140906386725 139642.161 6.335 9600.91912813006 38937
stats: connect 0 0 0 31626.795 0.26 2161.8775787268814 39148
stats: 200 0 37540
stats: size_rcv 0 9596450
stats: size_sent 0 2427176
stats: connected -91 120
stats: error_connect_timeout 0 5483
stats: error_abort_max_conn_retries 0 2
# stats: dump at 1516814096
stats: users 29 6441
stats: {freemem,"tsung_controller@jarvis"} 1 3895.375 0.0 4001.42578125 3804.12109375 3892.187049278846 26
stats: {load,"tsung_controller@jarvis"} 1 0.1015625 0.0 0.44140625 0.0 0.16766826923076927 26
stats: {cpu,"tsung_controller@jarvis"} 1 0.21226120614308902 0.0 44.908429400738186 0.12496875781054737 4.7446886964171044 26
stats: session 91 225276.49739560453 11027.277929407071 253466.761 18.938 17883.36354096848 39030
stats: users_count 0 39150
stats: finish_users_count 91 39121
stats: page 77 224847.5302987013 10866.483681029371 245860.647 6.335 9854.280563749106 39028
stats: request 77 224847.5302987013 10866.483681029371 245860.647 6.335 9854.280563749106 39028
stats: connect 0 0 0 31626.795 0.26 2161.8775787268814 39148
stats: 200 0 37540
stats: size_rcv 0 9596450
stats: size_sent 0 2427176
stats: connected -77 43
stats: error_connect_timeout 0 5483
stats: error_abort_max_conn_retries 0 2
# stats: dump at 1516814103
stats: users 0 6441
stats: {freemem,"tsung_controller@jarvis"} 1 3902.0078125 0.0 4001.42578125 3804.12109375 3892.305121527778 27
stats: {load,"tsung_controller@jarvis"} 1 0.08984375 0.0 0.44140625 0.0 0.16521990740740744 27
stats: {cpu,"tsung_controller@jarvis"} 1 0.050050050050050046 0.0 44.908429400738186 0.050050050050050046 4.57682101159214 27
stats: session 29 223330.2867241379 9163.6343384296 253466.761 18.938 18365.78411254824 39121
stats: users_count 0 39150
stats: finish_users_count 29 39150
stats: request 43 221832.1169302327 9432.88037272312 245860.647 6.335 10277.614670118912 39105
stats: connect 0 0 0 31626.795 0.26 2161.8775787268814 39148
stats: page 43 221832.1169302327 9432.88037272312 245860.647 6.335 10277.614670118912 39105
stats: 200 0 37540
stats: size_rcv 0 9596450
stats: size_sent 0 2427176
stats: connected -43 0
stats: error_connect_timeout 0 5483
stats: error_abort_max_conn_retries 0 2
EndMonitor:{1516,814103,337243}
