# stats: dump at 1516791465
stats: users 27 49
stats: {freemem,"tsung_controller@jarvis"} 1 4010.30859375 0 4010.30859375 4010.30859375 0 0
stats: {load,"tsung_controller@jarvis"} 1 0.140625 0 0.140625 0.140625 0 0
stats: {cpu,"tsung_controller@jarvis"} 1 45.4532841075441 0 45.4532841075441 45.4532841075441 0 0
stats: session 312 926.6698429487183 876.9214232251754 4268.104 22.634 0 0
stats: users_count 339 339
stats: finish_users_count 312 312
stats: request 289 10.119259515570933 3.450815002043201 27.148 7.746 0 0
stats: connect 290 0.6185931034482774 0.28232556400433995 4.176 0.363 0 0
stats: page 289 10.119259515570933 3.450815002043201 27.148 7.746 0 0
stats: 200 289 289
stats: size_rcv 74500 74500
stats: size_sent 17980 17980
stats: connected 1 1
# stats: dump at 1516791475
stats: users 49 57
stats: {freemem,"tsung_controller@jarvis"} 1 4010.78515625 0.0 4010.78515625 4010.30859375 4010.30859375 1
stats: {load,"tsung_controller@jarvis"} 1 0.12109375 0.0 0.140625 0.12109375 0.140625 1
stats: {cpu,"tsung_controller@jarvis"} 1 0.4754159889903665 0.0 45.4532841075441 0.4754159889903665 45.4532841075441 1
stats: session 402 995.5845970149263 987.1067658959659 5844.356 16.311 926.6698429487183 312
stats: users_count 424 763
stats: finish_users_count 402 714
stats: request 412 10.47171116504854 3.7307439842855885 27.2 7.746 10.119259515570933 289
stats: connect 412 0.6145339805825248 0.1726076596942495 4.176 0.362 0.6185931034482774 290
stats: page 412 10.47171116504854 3.7307439842855885 27.2 7.746 10.119259515570933 289
stats: 200 412 701
stats: size_rcv 106181 180681
stats: size_sent 25544 43524
stats: connected 0 1
# stats: dump at 1516791485
stats: users 40 57
stats: {freemem,"tsung_controller@jarvis"} 1 4009.7421875 0.0 4010.78515625 4009.7421875 4010.546875 2
stats: {load,"tsung_controller@jarvis"} 1 0.1796875 0.0 0.1796875 0.12109375 0.130859375 2
stats: {cpu,"tsung_controller@jarvis"} 1 0.9228083302157377 0.0 45.4532841075441 0.4754159889903665 22.96435004826723 2
stats: session 419 1032.8228687350843 954.9123431919389 7084.963 16.073 965.4705868347346 714
stats: users_count 410 1173
stats: finish_users_count 419 1133
stats: request 414 10.253698067632849 3.6444560945718596 27.2 7.746 10.326406562054204 701
stats: connect 414 0.6130338164251204 0.1816644031674575 4.176 0.346 0.6162108262108272 702
stats: page 414 10.253698067632849 3.6444560945718596 27.2 7.746 10.326406562054204 701
stats: 200 414 1115
stats: size_rcv 106693 287374
stats: size_sent 25668 69192
stats: connected 0 1
# stats: dump at 1516791495
stats: users 44 57
stats: {freemem,"tsung_controller@jarvis"} 1 4000.12890625 0.0 4010.78515625 4000.12890625 4010.2786458333335 3
stats: {load,"tsung_controller@jarvis"} 1 0.1484375 0.0 0.1796875 0.12109375 0.14713541666666666 3
stats: {cpu,"tsung_controller@jarvis"} 1 0.9362127075271502 0.0 45.4532841075441 0.4754159889903665 15.6171694755834 3
stats: session 393 1037.3565521628495 1098.9309508166361 8280.989 14.324 990.3784474845551 1133
stats: users_count 397 1570
stats: finish_users_count 393 1526
stats: request 392 10.169882653061224 3.470290665427931 27.2 7.746 10.29940986547085 1115
stats: connect 391 0.655925831202046 0.19799117013239767 4.176 0.346 0.6150322580645167 1116
stats: page 392 10.169882653061224 3.470290665427931 27.2 7.746 10.29940986547085 1115
stats: 200 392 1507
stats: size_rcv 101045 388419
stats: size_sent 24242 93434
stats: connected -1 0
# stats: dump at 1516791505
stats: users 46 57
stats: {freemem,"tsung_controller@jarvis"} 1 3999.93359375 0.0 4010.78515625 3999.93359375 4007.7412109375 4
stats: {load,"tsung_controller@jarvis"} 1 0.12890625 0.0 0.1796875 0.12109375 0.1474609375 4
stats: {cpu,"tsung_controller@jarvis"} 1 0.7871064467766117 0.0 45.4532841075441 0.4754159889903665 11.946930283569337 4
stats: session 393 1023.799554707381 991.4740821583682 8280.989 12.171 1002.4770026212326 1526
stats: users_count 395 1965
stats: finish_users_count 393 1919
stats: request 400 10.02422250000001 3.6355934808492747 35.348 7.746 10.265717319177172 1507
stats: connect 400 0.6922649999999997 0.19461032802757414 4.176 0.346 0.6256423357664238 1507
stats: page 400 10.02422250000001 3.6355934808492747 35.348 7.746 10.265717319177172 1507
stats: 200 400 1907
stats: size_rcv 103125 491544
stats: size_sent 24800 118234
stats: connected 0 0
# stats: dump at 1516791515
stats: users 39 57
stats: {freemem,"tsung_controller@jarvis"} 1 4000.18359375 0.0 4010.78515625 3999.93359375 4006.1796875 5
stats: {load,"tsung_controller@jarvis"} 1 0.109375 0.0 0.1796875 0.109375 0.14375 5
stats: {cpu,"tsung_controller@jarvis"} 1 0.8744534665833853 0.0 45.4532841075441 0.4754159889903665 9.714965516210793 5
stats: session 399 1071.674486215539 1063.0533419096557 8280.989 12.171 1006.8437368421062 1919
stats: users_count 392 2357
stats: finish_users_count 399 2318
stats: request 395 10.780673417721522 4.099114548064515 35.348 7.746 10.215062926061877 1907
stats: connect 395 0.6404784810126585 0.1823203090896717 4.176 0.346 0.6396166754063978 1907
stats: page 395 10.780673417721522 4.099114548064515 35.348 7.746 10.215062926061877 1907
stats: 200 395 2302
stats: size_rcv 101812 593356
stats: size_sent 24490 142724
stats: connected 0 0
# stats: dump at 1516791525
stats: users 37 57
stats: {freemem,"tsung_controller@jarvis"} 1 3878.08203125 0.0 4010.78515625 3878.08203125 4005.1803385416665 6
stats: {load,"tsung_controller@jarvis"} 1 0.08984375 0.0 0.1796875 0.08984375 0.13802083333333334 6
stats: {cpu,"tsung_controller@jarvis"} 1 1.834747878182726 0.0 45.4532841075441 0.4754159889903665 8.241546841272891 6
stats: session 402 981.64280597015 981.4962211807853 8280.989 12.171 1018.003128127697 2318
stats: users_count 400 2757
stats: finish_users_count 402 2720
stats: request 404 10.17337623762376 3.5303641808649657 35.348 7.746 10.312115986099045 2302
stats: connect 404 0.6586930693069302 0.18705631293648245 4.176 0.346 0.6397645525629889 2302
stats: page 404 10.17337623762376 3.5303641808649657 35.348 7.746 10.312115986099045 2302
stats: 200 404 2706
stats: size_rcv 104130 697486
stats: size_sent 25048 167772
stats: connected 0 0
# stats: dump at 1516791535
stats: users 45 61
stats: {freemem,"tsung_controller@jarvis"} 1 3882.01171875 0.0 4010.78515625 3878.08203125 3987.0234375 7
stats: {load,"tsung_controller@jarvis"} 1 0.078125 0.0 0.1796875 0.078125 0.13113839285714285 7
stats: {cpu,"tsung_controller@jarvis"} 1 0.7745159275452842 0.0 45.4532841075441 0.4754159889903665 7.326289846545724 7
stats: session 393 1041.070880407124 967.2367892135597 8280.989 12.171 1012.6292863970596 2720
stats: users_count 401 3158
stats: finish_users_count 393 3113
stats: request 400 10.645172500000003 4.265508410230104 35.348 7.746 10.29140243902439 2706
stats: connect 400 0.7122850000000004 0.24640964627018955 4.176 0.346 0.6425905395417592 2706
stats: page 400 10.645172500000003 4.265508410230104 35.348 7.746 10.29140243902439 2706
stats: 200 400 3106
stats: size_rcv 103107 800593
stats: size_sent 24800 192572
stats: connected 0 0
# stats: dump at 1516791545
stats: users 44 61
stats: {freemem,"tsung_controller@jarvis"} 1 3882.0703125 0.0 4010.78515625 3878.08203125 3973.89697265625 8
stats: {load,"tsung_controller@jarvis"} 1 0.05859375 0.0 0.1796875 0.05859375 0.12451171875 8
stats: {cpu,"tsung_controller@jarvis"} 1 0.9610584123814279 0.0 45.4532841075441 0.4754159889903665 6.5073181066706685 8
stats: session 381 1094.9996456692918 1064.0483491392317 8280.989 12.159 1016.2198891744303 3113
stats: users_count 380 3538
stats: finish_users_count 381 3494
stats: request 372 10.243575268817203 3.5939309882961963 35.348 7.746 10.33696200901481 3106
stats: connect 372 0.6590268817204309 0.21735775061058074 4.176 0.346 0.6515660012878302 3106
stats: page 372 10.243575268817203 3.5939309882961963 35.348 7.746 10.33696200901481 3106
stats: 200 372 3478
stats: size_rcv 95871 896464
stats: size_sent 23064 215636
stats: connected 0 0
# stats: dump at 1516791555
stats: users 29 61
stats: {freemem,"tsung_controller@jarvis"} 1 3871.78125 0.0 4010.78515625 3871.78125 3963.6940104166665 9
stats: {load,"tsung_controller@jarvis"} 1 0.05078125 0.0 0.1796875 0.05078125 0.1171875 9
stats: {cpu,"tsung_controller@jarvis"} 1 0.7620237351655216 0.0 45.4532841075441 0.4754159889903665 5.891067029527419 9
stats: session 370 1173.1286891891896 1104.8462393633308 8401.073 12.159 1024.8103548941046 3494
stats: users_count 355 3893
stats: finish_users_count 370 3864
stats: request 369 10.170913279132797 3.445038313129385 35.348 7.727 10.3269735480161 3478
stats: connect 369 0.6778048780487804 0.19290528694751263 4.176 0.346 0.6523640023001727 3478
stats: page 369 10.170913279132797 3.445038313129385 35.348 7.727 10.3269735480161 3478
stats: 200 369 3847
stats: size_rcv 95120 991584
stats: size_sent 22878 238514
stats: connected 0 0
# stats: dump at 1516791565
stats: users 45 61
stats: {freemem,"tsung_controller@jarvis"} 1 3873.10546875 0.0 4010.78515625 3871.78125 3954.502734375 10
stats: {load,"tsung_controller@jarvis"} 1 0.0390625 0.0 0.1796875 0.0390625 0.110546875 10
stats: {cpu,"tsung_controller@jarvis"} 1 0.7374078240219972 0.0 45.4532841075441 0.4754159889903665 5.378162700091229 10
stats: session 387 982.7584754521968 1045.6288450584657 8401.073 12.159 1039.0126798654248 3864
stats: users_count 403 4296
stats: finish_users_count 387 4251
stats: request 392 10.805507653061202 4.23152512971515 35.348 7.727 10.312004419027815 3847
stats: connect 393 0.5990076335877871 0.16944268005635407 4.176 0.346 0.6548042630621265 3847
stats: page 392 10.805507653061202 4.23152512971515 35.348 7.727 10.312004419027815 3847
stats: 200 392 4239
stats: size_rcv 101033 1092617
stats: size_sent 24366 262880
stats: connected 1 1
# stats: dump at 1516791575
stats: users 42 61
stats: {freemem,"tsung_controller@jarvis"} 1 3886.51171875 0.0 4010.78515625 3871.78125 3947.1029829545455 11
stats: {load,"tsung_controller@jarvis"} 1 0.0390625 0.0 0.1796875 0.0390625 0.10404829545454546 11
stats: {cpu,"tsung_controller@jarvis"} 1 0.6871564217891054 0.0 45.4532841075441 0.4754159889903665 4.956275893175845 11
stats: session 403 1076.4778064516122 1168.139969675527 8955.017 11.069 1033.891443189838 4251
stats: users_count 400 4696
stats: finish_users_count 403 4654
stats: request 403 10.724756823821345 4.518267719660149 35.348 7.707 10.357640953054965 4239
stats: connect 403 0.6212481389578165 0.17739151569748107 4.176 0.346 0.6496325471698116 4240
stats: page 403 10.724756823821345 4.518267719660149 35.348 7.707 10.357640953054965 4239
stats: 200 403 4642
stats: size_rcv 103879 1196496
stats: size_sent 24986 287866
stats: connected 0 1
# stats: dump at 1516791585
stats: users 38 61
stats: {freemem,"tsung_controller@jarvis"} 1 4030.77734375 0.0 4030.77734375 3871.78125 3942.0537109375 12
stats: {load,"tsung_controller@jarvis"} 1 0.03125 0.0 0.1796875 0.03125 0.0986328125 12
stats: {cpu,"tsung_controller@jarvis"} 1 1.049082053203447 0.0 45.4532841075441 0.4754159889903665 4.60051593722695 12
stats: session 413 1068.127447941889 1057.1707652235436 8955.017 11.069 1037.5790891706063 4654
stats: users_count 409 5105
stats: finish_users_count 413 5067
stats: request 413 10.436987893462478 3.9944721734120723 36.311 7.707 10.38951249461439 4642
stats: connect 413 0.5526392251815974 0.14308242129845894 4.176 0.346 0.647168856342882 4643
stats: page 413 10.436987893462478 3.9944721734120723 36.311 7.707 10.38951249461439 4642
stats: 200 413 5055
stats: size_rcv 106450 1302946
stats: size_sent 25606 313472
stats: connected 0 1
# stats: dump at 1516791595
stats: users 45 61
stats: {freemem,"tsung_controller@jarvis"} 1 4040.79296875 0.0 4040.79296875 3871.78125 3948.878605769231 13
stats: {load,"tsung_controller@jarvis"} 1 0.03125 0.0 0.1796875 0.03125 0.09344951923076923 13
stats: {cpu,"tsung_controller@jarvis"} 1 0.7369472895328504 0.0 45.4532841075441 0.4754159889903665 4.3273287153789886 13
stats: session 402 995.6199179104476 1034.8731337248341 8955.017 11.069 1040.0690185514113 5067
stats: users_count 409 5514
stats: finish_users_count 402 5469
stats: request 404 10.176336633663366 3.8918684109643187 36.311 7.707 10.393391295746785 5055
stats: connect 404 0.6228094059405938 0.1882933271261655 4.176 0.346 0.6394471914556964 5056
stats: page 404 10.176336633663366 3.8918684109643187 36.311 7.707 10.393391295746785 5055
stats: 200 404 5459
stats: size_rcv 104158 1407104
stats: size_sent 25048 338520
stats: connected 0 1
# stats: dump at 1516791605
stats: users 46 61
stats: {freemem,"tsung_controller@jarvis"} 1 4040.86328125 0.0 4040.86328125 3871.78125 3955.443917410714 14
stats: {load,"tsung_controller@jarvis"} 1 0.01953125 0.0 0.1796875 0.01953125 0.08900669642857142 14
stats: {cpu,"tsung_controller@jarvis"} 1 0.7491571981520789 0.0 45.4532841075441 0.4754159889903665 4.070872899247122 14
stats: session 396 1047.2249494949483 1023.7227033408619 9177.811 11.069 1036.8017780215762 5469
stats: users_count 397 5911
stats: finish_users_count 396 5865
stats: request 395 10.30343544303797 4.3151917988685335 36.53 7.707 10.377327898882578 5459
stats: connect 394 0.6005609137055838 0.1626654334633981 4.176 0.346 0.6382161172161174 5460
stats: page 395 10.30343544303797 4.3151917988685335 36.53 7.707 10.377327898882578 5459
stats: 200 395 5854
stats: size_rcv 101824 1508928
stats: size_sent 24428 362948
stats: connected -1 0
# stats: dump at 1516791615
stats: users 47 61
stats: {freemem,"tsung_controller@jarvis"} 1 4039.375 0.0 4040.86328125 3871.78125 3961.1385416666667 15
stats: {load,"tsung_controller@jarvis"} 1 0.01953125 0.0 0.1796875 0.01953125 0.084375 15
stats: {cpu,"tsung_controller@jarvis"} 1 0.5870597052210842 0.0 45.4532841075441 0.4754159889903665 3.8494251858407855 15
stats: session 381 1070.6338241469816 1053.2427344241162 9177.811 10.812 1037.5055420289855 5865
stats: users_count 382 6293
stats: finish_users_count 381 6246
stats: request 383 10.118859007832906 3.4420657652170794 36.53 7.707 10.37234198838401 5854
stats: connect 384 0.6628046874999999 0.180495284676712 4.176 0.346 0.6356817560642297 5854
stats: page 383 10.118859007832906 3.4420657652170794 36.53 7.707 10.37234198838401 5854
stats: 200 383 6237
stats: size_rcv 98729 1607657
stats: size_sent 23808 386756
stats: connected 1 1
# stats: dump at 1516791625
stats: users 28 61
stats: {freemem,"tsung_controller@jarvis"} 1 4040.1484375 0.0 4040.86328125 3871.78125 3966.0283203125 16
stats: {load,"tsung_controller@jarvis"} 1 0.01171875 0.0 0.1796875 0.01171875 0.080322265625 16
stats: {cpu,"tsung_controller@jarvis"} 1 0.93562874251497 0.0 45.4532841075441 0.4754159889903665 3.6455273433020543 16
stats: session 409 994.3506356968227 963.228211055221 9177.811 10.812 1039.5263354146653 6246
stats: users_count 390 6683
stats: finish_users_count 409 6655
stats: request 411 10.11874939172749 3.6625009660735786 36.53 7.707 10.35677617444284 6237
stats: connect 413 0.5814576271186443 0.16346164894027157 4.176 0.346 0.6373513946777815 6238
stats: page 411 10.11874939172749 3.6625009660735786 36.53 7.707 10.35677617444284 6237
stats: 200 411 6648
stats: size_rcv 105947 1713604
stats: size_sent 25606 412362
stats: connected 2 3
# stats: dump at 1516791635
stats: users 41 61
stats: {freemem,"tsung_controller@jarvis"} 1 4046.5703125 0.0 4046.5703125 3871.78125 3970.3883272058824 17
stats: {load,"tsung_controller@jarvis"} 1 0.08984375 0.0 0.1796875 0.01171875 0.07628676470588236 17
stats: {cpu,"tsung_controller@jarvis"} 1 0.9489324509926332 0.0 45.4532841075441 0.4754159889903665 3.4861215432557553 17
stats: session 388 944.743582474227 813.1402074623371 9177.811 10.812 1036.749947558227 6655
stats: users_count 401 7084
stats: finish_users_count 388 7043
stats: request 387 10.515919896640822 3.7156248967607604 36.53 7.707 10.342060619735259 6648
stats: connect 384 0.6917343750000006 0.20017044108715462 4.176 0.346 0.633880619455721 6651
stats: page 387 10.515919896640822 3.7156248967607604 36.53 7.707 10.342060619735259 6648
stats: 200 387 7035
stats: size_rcv 99749 1813353
stats: size_sent 23808 436170
stats: connected -3 0
# stats: dump at 1516791642
stats: users 0 61
stats: {freemem,"tsung_controller@jarvis"} 1 4046.39453125 0.0 4046.5703125 3871.78125 3974.620659722222 18
stats: {load,"tsung_controller@jarvis"} 1 0.0703125 0.0 0.1796875 0.01171875 0.07703993055555555 18
stats: {cpu,"tsung_controller@jarvis"} 1 0.7625 0.0 45.4532841075441 0.4754159889903665 3.345166593685582 18
stats: session 97 1428.279443298969 1108.118250953343 9177.811 10.812 1031.6813021439727 7043
stats: users_count 56 7140
stats: finish_users_count 97 7140
stats: request 105 9.697876190476192 2.6212467251662925 36.53 7.707 10.351624733475479 7035
stats: connect 105 0.7099999999999999 0.1841786399900146 4.176 0.346 0.6370385216773278 7035
stats: page 105 9.697876190476192 2.6212467251662925 36.53 7.707 10.351624733475479 7035
stats: 200 105 7140
stats: size_rcv 27065 1840418
stats: size_sent 6510 442680
stats: connected 0 0
EndMonitor:{1516,791642,186948}
