# stats: dump at 1517149095
stats: users 55 55
stats: {freemem,"tsung_controller@jarvis"} 1 5463.421875 0 5463.421875 5463.421875 0 0
stats: {load,"tsung_controller@jarvis"} 1 0.171875 0 0.171875 0.171875 0 0
stats: {cpu,"tsung_controller@jarvis"} 1 1.8706722743137651 0 1.8706722743137651 1.8706722743137651 0 0
stats: users_count 55 55
stats: finish_users_count 0 0
stats: request 167 1230.8609461077845 926.3385007886071 5105.752 82.508 0 0
stats: connect 57 1.0873508771929827 2.2808909269723627 18.132 0.488 0 0
stats: page 167 1230.8609461077845 926.3385007886071 5105.752 82.508 0 0
stats: tr_busyWait 167 1231.1025688622758 926.3445552395038 5105.918 82.689 0 0
stats: 200 167 167
stats: size_rcv 42643 42643
stats: size_sent 11284 11284
stats: connected 53 53
# stats: dump at 1517149105
stats: users 55 55
stats: {freemem,"tsung_controller@jarvis"} 1 5461.8125 0.0 5463.421875 5461.8125 5463.421875 1
stats: {load,"tsung_controller@jarvis"} 1 0.140625 0.0 0.171875 0.140625 0.171875 1
stats: {cpu,"tsung_controller@jarvis"} 1 0.6869847614289283 0.0 1.8706722743137651 0.6869847614289283 1.8706722743137651 1
stats: users_count 0 55
stats: finish_users_count 0 0
stats: request 207 702.8902995169083 227.47258438000603 5105.752 82.508 1230.8609461077845 167
stats: connect 16 0.76225 0.12811103582439728 18.132 0.488 1.0873508771929827 57
stats: page 207 702.8902995169083 227.47258438000603 5105.752 82.508 1230.8609461077845 167
stats: tr_busyWait 207 703.1034637681164 227.4741193329832 5105.918 82.689 1231.1025688622758 167
stats: 200 207 374
stats: size_rcv 52959 95602
stats: size_sent 12772 24056
stats: connected -2 51
# stats: dump at 1517149115
stats: users 55 55
stats: {freemem,"tsung_controller@jarvis"} 1 5459.2265625 0.0 5463.421875 5459.2265625 5462.6171875 2
stats: {load,"tsung_controller@jarvis"} 1 0.12109375 0.0 0.171875 0.12109375 0.15625 2
stats: {cpu,"tsung_controller@jarvis"} 1 0.8237643534697954 0.0 1.8706722743137651 0.6869847614289283 1.2788285178713468 2
stats: users_count 0 55
stats: finish_users_count 0 0
stats: request 198 603.0775858585854 273.9081613629511 5105.752 82.508 938.6418983957219 374
stats: connect 15 0.7985333333333333 0.11773408833280004 18.132 0.488 1.0160958904109592 73
stats: page 198 603.0775858585854 273.9081613629511 5105.752 82.508 938.6418983957219 374
stats: tr_busyWait 198 603.320282828283 273.9050880093965 5105.918 82.689 938.8677700534765 374
stats: 200 198 572
stats: size_rcv 50646 146248
stats: size_sent 12214 36270
stats: connected -2 49
# stats: dump at 1517149125
stats: users 55 55
stats: {freemem,"tsung_controller@jarvis"} 1 5458.671875 0.0 5463.421875 5458.671875 5461.486979166667 3
stats: {load,"tsung_controller@jarvis"} 1 0.1015625 0.0 0.171875 0.1015625 0.14453125 3
stats: {cpu,"tsung_controller@jarvis"} 1 0.6871564217891054 0.0 1.8706722743137651 0.6869847614289283 1.1271404630708297 3
stats: users_count 0 55
stats: finish_users_count 0 0
stats: request 200 721.0617500000001 348.1576649963025 5105.752 50.881 822.4850209790209 572
stats: connect 22 0.7724545454545454 0.11919683006490008 18.132 0.488 0.9790113636363637 88
stats: page 200 721.0617500000001 348.1576649963025 5105.752 50.881 822.4850209790209 572
stats: tr_busyWait 200 721.2811250000003 348.17249095534436 5105.918 51.134 822.7167167832172 572
stats: 200 200 772
stats: size_rcv 51125 197373
stats: size_sent 12958 49228
stats: connected 3 52
# stats: dump at 1517149135
stats: users 55 55
stats: {freemem,"tsung_controller@jarvis"} 1 5458.32421875 0.0 5463.421875 5458.32421875 5460.783203125 4
stats: {load,"tsung_controller@jarvis"} 1 0.08984375 0.0 0.171875 0.08984375 0.1337890625 4
stats: {cpu,"tsung_controller@jarvis"} 1 0.6248437890527367 0.0 1.8706722743137651 0.6248437890527367 1.0171444527503988 4
stats: users_count 0 55
stats: finish_users_count 0 0
stats: request 215 760.8685162790696 345.4412806345197 5105.752 50.881 796.2095621761656 772
stats: connect 14 0.8220000000000001 0.09973966111833346 18.132 0.488 0.9377000000000001 110
stats: page 215 760.8685162790696 345.4412806345197 5105.752 50.881 796.2095621761656 772
stats: tr_busyWait 215 761.1026465116281 345.45468094565035 5105.918 51.134 796.4380660621765 772
stats: 200 215 987
stats: size_rcv 54940 252313
stats: size_sent 12896 62124
stats: connected -1 51
# stats: dump at 1517149145
stats: users 55 55
stats: {freemem,"tsung_controller@jarvis"} 1 5458.1953125 0.0 5463.421875 5458.1953125 5460.29140625 5
stats: {load,"tsung_controller@jarvis"} 1 0.0703125 0.0 0.171875 0.0703125 0.125 5
stats: {cpu,"tsung_controller@jarvis"} 1 0.8113843465235301 0.0 1.8706722743137651 0.6248437890527367 0.9386843200108664 5
stats: users_count 0 55
stats: finish_users_count 0 0
stats: request 235 598.5013531914893 301.8672471903353 5105.752 50.867 788.511158054711 987
stats: connect 14 0.802857142857143 0.11575025895858546 18.132 0.488 0.9246370967741936 124
stats: page 235 598.5013531914893 301.8672471903353 5105.752 50.867 788.511158054711 987
stats: tr_busyWait 235 598.7208638297866 301.8803185122015 5105.918 51.046 788.7408875379942 987
stats: 200 235 1222
stats: size_rcv 60100 312413
stats: size_sent 13764 75888
stats: connected 4 55
# stats: dump at 1517149155
stats: users 55 55
stats: {freemem,"tsung_controller@jarvis"} 1 5458.03515625 0.0 5463.421875 5458.03515625 5459.942057291667 6
stats: {load,"tsung_controller@jarvis"} 1 0.05859375 0.0 0.171875 0.05859375 0.11588541666666667 6
stats: {cpu,"tsung_controller@jarvis"} 1 0.7374078240219972 0.0 1.8706722743137651 0.6248437890527367 0.9174676577629771 6
stats: users_count 0 55
stats: finish_users_count 0 0
stats: request 182 879.3098846153846 305.60596655981567 5105.752 50.867 751.9708109656299 1222
stats: connect 7 0.6688571428571429 0.1154771821263263 18.132 0.488 0.9122826086956523 138
stats: page 182 879.3098846153846 305.60596655981567 5105.752 50.867 751.9708109656299 1222
stats: tr_busyWait 182 879.4925824175825 305.60662012364395 5105.918 51.046 752.1985752864158 1222
stats: 200 182 1404
stats: size_rcv 46483 358896
stats: size_sent 12400 88288
stats: connected -3 52
# stats: dump at 1517149165
stats: users 55 55
stats: {freemem,"tsung_controller@jarvis"} 1 5457.69140625 0.0 5463.421875 5457.69140625 5459.669642857143 7
stats: {load,"tsung_controller@jarvis"} 1 0.05078125 0.0 0.171875 0.05078125 0.10770089285714286 7
stats: {cpu,"tsung_controller@jarvis"} 1 0.6495940037476577 0.0 1.8706722743137651 0.6248437890527367 0.8917448243714086 7
stats: users_count 0 55
stats: finish_users_count 0 0
stats: request 218 709.9629220183493 317.44668618703025 5105.752 50.867 768.4777279202277 1404
stats: connect 11 0.7644545454545455 0.05756476769117413 18.132 0.488 0.9005310344827586 145
stats: page 218 709.9629220183493 317.44668618703025 5105.752 50.867 768.4777279202277 1404
stats: tr_busyWait 218 710.1921422018345 317.435986253984 5105.918 51.046 768.6996502849004 1404
stats: 200 218 1622
stats: size_rcv 55730 414626
stats: size_sent 13020 101308
stats: connected -1 51
# stats: dump at 1517149175
stats: users 55 55
stats: {freemem,"tsung_controller@jarvis"} 1 5457.5234375 0.0 5463.421875 5457.5234375 5459.42236328125 8
stats: {load,"tsung_controller@jarvis"} 1 0.0390625 0.0 0.171875 0.0390625 0.1005859375 8
stats: {cpu,"tsung_controller@jarvis"} 1 0.7745159275452842 0.0 1.8706722743137651 0.6248437890527367 0.8614759717934397 8
stats: users_count 0 55
stats: finish_users_count 0 0
stats: request 230 573.1268869565213 296.4191740830738 5105.752 45.345 760.6132225647348 1622
stats: connect 14 0.6904999999999999 0.1615053072989067 18.132 0.486 0.8909358974358974 156
stats: page 230 573.1268869565213 296.4191740830738 5105.752 45.345 760.6132225647348 1622
stats: tr_busyWait 230 573.3424217391303 296.414000761465 5105.918 45.691 760.8361257706536 1622
stats: 200 230 1852
stats: size_rcv 58846 473472
stats: size_sent 13516 114824
stats: connected 4 55
# stats: dump at 1517149185
stats: users 55 55
stats: {freemem,"tsung_controller@jarvis"} 1 5457.36328125 0.0 5463.421875 5457.36328125 5459.211371527777 9
stats: {load,"tsung_controller@jarvis"} 1 0.0390625 0.0 0.171875 0.0390625 0.09375 9
stats: {cpu,"tsung_controller@jarvis"} 1 0.7242757242757243 0.0 1.8706722743137651 0.6248437890527367 0.8518137446547558 9
stats: users_count 0 55
stats: finish_users_count 0 0
stats: tr_busyWait 178 729.8292977528095 277.93832843817495 5105.918 45.691 737.5512705183585 1852
stats: 200 178 2030
stats: request 178 729.624662921348 277.9396331042249 5105.752 45.345 737.3292823974081 1852
stats: connect 20 0.6367499999999998 0.06980392180959463 18.132 0.486 0.8744294117647058 170
stats: page 178 729.624662921348 277.9396331042249 5105.752 45.345 737.3292823974081 1852
stats: size_rcv 45523 518995
stats: size_sent 12338 127162
stats: connected -4 51
# stats: dump at 1517149195
stats: users 55 55
stats: {freemem,"tsung_controller@jarvis"} 1 5457.171875 0.0 5463.421875 5457.171875 5459.0265625 10
stats: {load,"tsung_controller@jarvis"} 1 0.03125 0.0 0.171875 0.03125 0.08828125 10
stats: {cpu,"tsung_controller@jarvis"} 1 0.6995627732667083 0.0 1.8706722743137651 0.6248437890527367 0.8390599426168526 10
stats: users_count 0 55
stats: finish_users_count 0 0
stats: tr_busyWait 206 768.1224660194177 319.27538065185144 5105.918 39.289 736.8741714285715 2030
stats: request 206 767.9160291262135 319.26883178445235 5105.752 39.063 736.6537049261083 2030
stats: 200 206 2236
stats: connect 15 0.7192666666666666 0.08724331238298759 18.132 0.486 0.8494105263157894 190
stats: page 206 767.9160291262135 319.26883178445235 5105.752 39.063 736.6537049261083 2030
stats: size_rcv 52672 571667
stats: size_sent 13082 140244
stats: connected 3 54
# stats: dump at 1517149205
stats: users 55 55
stats: {freemem,"tsung_controller@jarvis"} 1 5457.00390625 0.0 5463.421875 5457.00390625 5458.857954545455 11
stats: {load,"tsung_controller@jarvis"} 1 0.01953125 0.0 0.171875 0.01953125 0.08309659090909091 11
stats: {cpu,"tsung_controller@jarvis"} 1 0.6124234470691163 0.0 1.8706722743137651 0.6124234470691163 0.8263783817668394 11
stats: users_count 0 55
stats: finish_users_count 0 0
stats: request 207 715.8079468599035 325.89109390549453 5105.752 39.063 739.5338653846153 2236
stats: tr_busyWait 207 716.0357294685988 325.879694367251 5105.918 39.289 739.7530393559929 2236
stats: connect 15 0.8094666666666668 0.12736292849787784 18.132 0.486 0.8398878048780486 205
stats: page 207 715.8079468599035 325.89109390549453 5105.752 39.063 739.5338653846153 2236
stats: 200 207 2443
stats: size_rcv 52924 624591
stats: size_sent 12524 152768
stats: connected -2 52
# stats: dump at 1517149215
stats: users 55 55
stats: {freemem,"tsung_controller@jarvis"} 1 5456.54296875 0.0 5463.421875 5456.54296875 5458.703450520834 12
stats: {load,"tsung_controller@jarvis"} 1 0.1015625 0.0 0.171875 0.01953125 0.07779947916666667 12
stats: {cpu,"tsung_controller@jarvis"} 1 0.8857285429141717 0.0 1.8706722743137651 0.6124234470691163 0.8085488038753624 12
stats: users_count 0 55
stats: finish_users_count 0 0
stats: request 212 942.5182216981119 333.6012370511812 5105.752 39.063 737.5235235366353 2443
stats: tr_busyWait 212 942.7603160377357 333.5853285560368 5105.918 39.289 737.7434269340974 2443
stats: connect 11 0.7670909090909089 0.1619474968486305 18.132 0.486 0.8378136363636361 220
stats: page 212 942.5182216981119 333.6012370511812 5105.752 39.063 737.5235235366353 2443
stats: 200 212 2655
stats: size_rcv 54163 678754
stats: size_sent 12648 165416
stats: connected 2 54
# stats: dump at 1517149225
stats: users 55 55
stats: {freemem,"tsung_controller@jarvis"} 1 5456.74609375 0.0 5463.421875 5456.54296875 5458.537259615385 13
stats: {load,"tsung_controller@jarvis"} 1 0.078125 0.0 0.171875 0.01953125 0.07962740384615384 13
stats: {cpu,"tsung_controller@jarvis"} 1 0.799300611964531 0.0 1.8706722743137651 0.6124234470691163 0.8144857068783479 13
stats: users_count 0 55
stats: finish_users_count 0 0
stats: connect 16 0.8200625 0.17691327986827332 18.132 0.486 0.8344458874458872 231
stats: request 197 554.7101573604061 228.38021005094618 5105.752 39.063 753.8922150659132 2655
stats: page 197 554.7101573604061 228.38021005094618 5105.752 39.063 753.8922150659132 2655
stats: tr_busyWait 197 554.9466649746197 228.40000759774327 5105.918 39.289 754.1138903954802 2655
stats: 200 197 2852
stats: size_rcv 50408 729162
stats: size_sent 12400 177816
stats: connected -3 51
# stats: dump at 1517149235
stats: users 55 55
stats: {freemem,"tsung_controller@jarvis"} 1 5457.921875 0.0 5463.421875 5456.54296875 5458.409319196428 14
stats: {load,"tsung_controller@jarvis"} 1 0.0703125 0.0 0.171875 0.01953125 0.07952008928571429 14
stats: {cpu,"tsung_controller@jarvis"} 1 0.7987021090727568 0.0 1.8706722743137651 0.6124234470691163 0.8134010572416467 14
stats: users_count 0 55
stats: finish_users_count 0 0
stats: request 194 949.2430515463913 256.93908152364406 5105.752 39.063 740.1338471248245 2852
stats: connect 12 0.77625 0.1342728099802786 18.132 0.486 0.8335141700404857 247
stats: page 194 949.2430515463913 256.93908152364406 5105.752 39.063 740.1338471248245 2852
stats: tr_busyWait 194 949.4575051546393 256.93743876541714 5105.918 39.289 740.3565469845722 2852
stats: 200 194 3046
stats: size_rcv 49569 778731
stats: size_sent 12462 190278
stats: connected 1 52
# stats: dump at 1517149245
stats: users 55 55
stats: {freemem,"tsung_controller@jarvis"} 1 5458.06640625 0.0 5463.421875 5456.54296875 5458.376822916666 15
stats: {load,"tsung_controller@jarvis"} 1 0.05859375 0.0 0.171875 0.01953125 0.07890625 15
stats: {cpu,"tsung_controller@jarvis"} 1 0.7243661795928563 0.0 1.8706722743137651 0.6124234470691163 0.8124211273637206 15
stats: users_count 0 55
stats: finish_users_count 0 0
stats: connect 13 0.7225384615384616 0.11298510138993847 18.132 0.486 0.8308610038610037 259
stats: page 196 731.2884438775505 327.25425189516056 5105.752 39.063 753.4520302035454 3046
stats: 200 196 3242
stats: request 196 731.2884438775505 327.25425189516056 5105.752 39.063 753.4520302035454 3046
stats: tr_busyWait 196 731.4603877551016 327.26833043787565 5105.918 39.289 753.6742048588312 3046
stats: size_rcv 50125 828856
stats: size_sent 11966 202244
stats: connected -1 51
# stats: dump at 1517149255
stats: users 55 55
stats: {freemem,"tsung_controller@jarvis"} 1 5458.1640625 0.0 5463.421875 5456.54296875 5458.357421875 16
stats: {load,"tsung_controller@jarvis"} 1 0.05078125 0.0 0.171875 0.01953125 0.07763671875 16
stats: {cpu,"tsung_controller@jarvis"} 1 0.8618536097926556 0.0 1.8706722743137651 0.6124234470691163 0.8069176931280416 16
stats: users_count 0 55
stats: finish_users_count 0 0
stats: request 207 624.3940724637689 289.0716039983075 5105.752 39.063 752.1120971622452 3242
stats: connect 18 0.7125555555555556 0.13809989227698036 18.132 0.467 0.8256838235294116 272
stats: page 207 624.3940724637689 289.0716039983075 5105.752 39.063 752.1120971622452 3242
stats: tr_busyWait 207 624.5680048309182 289.0733348136175 5105.918 39.289 752.3312350400987 3242
stats: 200 207 3449
stats: size_rcv 52942 881798
stats: size_sent 12214 214458
stats: connected 1 52
# stats: dump at 1517149265
stats: users 55 55
stats: {freemem,"tsung_controller@jarvis"} 1 5457.39453125 0.0 5463.421875 5456.54296875 5458.346047794118 17
stats: {load,"tsung_controller@jarvis"} 1 0.0390625 0.0 0.171875 0.01953125 0.07605698529411764 17
stats: {cpu,"tsung_controller@jarvis"} 1 1.2213359920239282 0.0 1.8706722743137651 0.6124234470691163 0.8101492176377247 17
stats: users_count 0 55
stats: finish_users_count 0 0
stats: page 198 764.0413939393945 152.6076939988706 5105.752 39.063 744.4467938532906 3449
stats: request 198 764.0413939393945 152.6076939988706 5105.752 39.063 744.4467938532906 3449
stats: connect 17 0.7194705882352942 0.11049680200166498 18.132 0.467 0.8186620689655171 290
stats: 200 198 3647
stats: tr_busyWait 198 764.213419191919 152.61162363015262 5105.918 39.289 744.6632186140911 3449
stats: size_rcv 50650 932448
stats: size_sent 11904 226362
stats: connected -3 49
# stats: dump at 1517149266
stats: users 55 55
stats: {freemem,"tsung_controller@jarvis"} 0 0 0 5463.421875 5456.54296875 5458.293185763889 18
stats: {load,"tsung_controller@jarvis"} 0 0 0 0.171875 0.01953125 0.0740017361111111 18
stats: {cpu,"tsung_controller@jarvis"} 0 0 0 1.8706722743137651 0.6124234470691163 0.8329929273258472 18
stats: users_count 0 55
stats: finish_users_count 0 0
stats: request 19 257.4743684210527 86.72637328931089 5105.752 39.063 745.5106081710993 3647
stats: 200 19 3666
stats: connect 2 0.818 0.19699999999999995 18.132 0.467 0.8131693811074917 307
stats: page 19 257.4743684210527 86.72637328931089 5105.752 39.063 745.5106081710993 3647
stats: tr_busyWait 19 257.6585263157895 86.71044253592312 5105.918 39.289 745.724622429394 3647
stats: size_rcv 4860 937308
stats: size_sent 1426 227788
stats: connected 1 50
stats: error_abort 1 1
EndMonitor:{1517,149266,187582}
