# stats: dump at 1517249748
stats: users 70 70
stats: {freemem,"tsung_controller@jarvis"} 1 3154.9453125 0 3154.9453125 3154.9453125 0 0
stats: {load,"tsung_controller@jarvis"} 1 0.12109375 0 0.12109375 0.12109375 0 0
stats: {cpu,"tsung_controller@jarvis"} 1 1.89023685484724 0 1.89023685484724 1.89023685484724 0 0
stats: users_count 70 70
stats: finish_users_count 0 0
stats: request 145 2043.9630275862046 907.2009629341716 3215.931 830.796 0 0
stats: connect 70 1.0853000000000006 1.5159120531406634 13.649 0.573 0 0
stats: page 145 2043.9630275862046 907.2009629341716 3215.931 830.796 0 0
stats: tr_loopTransaction 145 2044.1764206896555 907.2111846393016 3216.162 831.036 0 0
stats: 200 145 145
stats: size_rcv 36970 36970
stats: size_sent 28392 28392
stats: connected 69 69
# stats: dump at 1517249758
stats: users 70 70
stats: {freemem,"tsung_controller@jarvis"} 1 3152.8125 0.0 3154.9453125 3152.8125 3154.9453125 1
stats: {load,"tsung_controller@jarvis"} 1 0.1015625 0.0 0.12109375 0.1015625 0.12109375 1
stats: {cpu,"tsung_controller@jarvis"} 1 0.8379189594797399 0.0 1.89023685484724 0.8379189594797399 1.89023685484724 1
stats: users_count 0 70
stats: finish_users_count 0 0
stats: request 203 1636.3051773399018 354.05388995467524 3215.931 830.796 2043.9630275862046 145
stats: connect 15 0.8193333333333332 0.13258942475007407 13.649 0.573 1.0853000000000006 70
stats: page 203 1636.3051773399018 354.05388995467524 3215.931 830.796 2043.9630275862046 145
stats: tr_loopTransaction 203 1636.480261083744 354.0583469048999 3216.162 831.036 2044.1764206896555 145
stats: 200 203 348
stats: size_rcv 51747 88717
stats: size_sent 30576 58968
stats: connected 0 69
# stats: dump at 1517249768
stats: users 70 70
stats: {freemem,"tsung_controller@jarvis"} 1 3152.34765625 0.0 3154.9453125 3152.34765625 3153.87890625 2
stats: {load,"tsung_controller@jarvis"} 1 0.08984375 0.0 0.12109375 0.08984375 0.111328125 2
stats: {cpu,"tsung_controller@jarvis"} 1 0.7749031371078615 0.0 1.89023685484724 0.7749031371078615 1.3640779071634899 2
stats: users_count 0 70
stats: finish_users_count 0 0
stats: request 199 1351.9705879396981 251.79421389997947 3215.931 686.95 1806.162614942528 348
stats: connect 17 0.7881176470588236 0.10271999768241544 13.649 0.573 1.0383647058823535 85
stats: page 199 1351.9705879396981 251.79421389997947 3215.931 686.95 1806.162614942528 348
stats: tr_loopTransaction 199 1352.1461155778868 251.79664732183062 3216.162 687.164 1806.3536609195403 348
stats: 200 199 547
stats: size_rcv 50742 139459
stats: size_sent 31356 90324
stats: connected -2 67
# stats: dump at 1517249778
stats: users 70 70
stats: {freemem,"tsung_controller@jarvis"} 1 3149.09765625 0.0 3154.9453125 3149.09765625 3153.3684895833335 3
stats: {load,"tsung_controller@jarvis"} 1 0.23046875 0.0 0.23046875 0.08984375 0.10416666666666667 3
stats: {cpu,"tsung_controller@jarvis"} 1 0.8123984501937258 0.0 1.89023685484724 0.7749031371078615 1.1676863171449472 3
stats: users_count 0 70
stats: finish_users_count 0 0
stats: request 202 1559.6845 197.07255632554651 3215.931 686.95 1640.926393053016 547
stats: connect 14 0.8424285714285714 0.10107190812607078 13.649 0.573 0.9966568627450986 102
stats: page 202 1559.6845 197.07255632554651 3215.931 686.95 1640.926393053016 547
stats: tr_loopTransaction 202 1559.8588910891096 197.07281114743483 3216.162 687.164 1641.1117934186461 547
stats: 200 202 749
stats: size_rcv 51490 190949
stats: size_sent 29796 120120
stats: connected -1 66
# stats: dump at 1517249788
stats: users 70 70
stats: {freemem,"tsung_controller@jarvis"} 1 3138.09375 0.0 3154.9453125 3138.09375 3152.30078125 4
stats: {load,"tsung_controller@jarvis"} 1 0.19921875 0.0 0.23046875 0.08984375 0.1357421875 4
stats: {cpu,"tsung_controller@jarvis"} 1 0.7751937984496124 0.0 1.89023685484724 0.7749031371078615 1.0788643504071418 4
stats: users_count 0 70
stats: finish_users_count 0 0
stats: request 195 1730.6720717948722 289.2430302825299 3215.931 686.95 1619.0160293724964 749
stats: connect 11 0.8059090909090909 0.15395480715011178 13.649 0.492 0.9780431034482763 116
stats: page 195 1730.6720717948722 289.2430302825299 3215.931 686.95 1619.0160293724964 749
stats: tr_loopTransaction 195 1730.8292358974359 289.2404174531415 3216.162 687.164 1619.1984606141518 749
stats: 200 195 944
stats: size_rcv 49703 240652
stats: size_sent 32604 152724
stats: connected 1 67
# stats: dump at 1517249798
stats: users 70 70
stats: {freemem,"tsung_controller@jarvis"} 1 3137.609375 0.0 3154.9453125 3137.609375 3149.459375 5
stats: {load,"tsung_controller@jarvis"} 1 0.171875 0.0 0.23046875 0.08984375 0.1484375 5
stats: {cpu,"tsung_controller@jarvis"} 1 0.6877579092159559 0.0 1.89023685484724 0.6877579092159559 1.0181302400156358 5
stats: users_count 0 70
stats: finish_users_count 0 0
stats: request 204 1747.6066176470579 250.45764623161966 3215.931 686.95 1642.080572033898 944
stats: connect 15 0.8125999999999999 0.1481309330738632 13.649 0.492 0.9631338582677168 127
stats: page 204 1747.6066176470579 250.45764623161966 3215.931 686.95 1642.080572033898 944
stats: tr_loopTransaction 204 1747.769946078432 250.4615751073935 3216.162 687.164 1642.2577838983048 944
stats: 200 204 1148
stats: size_rcv 52000 292652
stats: size_sent 29484 182208
stats: connected 1 68
# stats: dump at 1517249808
stats: users 70 70
stats: {freemem,"tsung_controller@jarvis"} 1 3136.98046875 0.0 3154.9453125 3136.98046875 3147.484375 6
stats: {load,"tsung_controller@jarvis"} 1 0.140625 0.0 0.23046875 0.08984375 0.15234375 6
stats: {cpu,"tsung_controller@jarvis"} 1 0.7874015748031495 0.0 1.89023685484724 0.6877579092159559 0.9630681848823559 6
stats: users_count 0 70
stats: finish_users_count 0 0
stats: request 192 1617.6959687499993 253.56394812853463 3215.931 686.95 1660.8325871080135 1148
stats: connect 12 0.7885 0.12411251615637588 13.649 0.492 0.9472323943661974 142
stats: page 192 1617.6959687499993 253.56394812853463 3215.931 686.95 1660.8325871080135 1148
stats: tr_loopTransaction 192 1617.8424010416666 253.5524989889105 3216.162 687.164 1661.007331881533 1148
stats: 200 192 1340
stats: size_rcv 48944 341596
stats: size_sent 31356 213564
stats: connected -1 67
# stats: dump at 1517249818
stats: users 70 70
stats: {freemem,"tsung_controller@jarvis"} 1 3130.70703125 0.0 3154.9453125 3130.70703125 3145.983816964286 7
stats: {load,"tsung_controller@jarvis"} 1 0.12109375 0.0 0.23046875 0.08984375 0.15066964285714285 7
stats: {cpu,"tsung_controller@jarvis"} 1 0.80040020010005 0.0 1.89023685484724 0.6877579092159559 0.9379729548710406 7
stats: users_count 0 70
stats: finish_users_count 0 0
stats: request 194 1538.133716494846 274.9792928456689 3215.931 686.95 1654.6518179104473 1340
stats: connect 16 0.8000625000000001 0.11113475421194757 13.649 0.466 0.9348636363636366 154
stats: page 194 1538.133716494846 274.9792928456689 3215.931 686.95 1654.6518179104473 1340
stats: tr_loopTransaction 194 1538.281871134021 274.97929733043344 3216.162 687.164 1654.8225059701492 1340
stats: 200 194 1534
stats: size_rcv 49448 391044
stats: size_sent 31980 245544
stats: connected 0 67
# stats: dump at 1517249828
stats: users 70 70
stats: {freemem,"tsung_controller@jarvis"} 1 3129.86328125 0.0 3154.9453125 3129.86328125 3144.07421875 8
stats: {load,"tsung_controller@jarvis"} 1 0.1015625 0.0 0.23046875 0.08984375 0.14697265625 8
stats: {cpu,"tsung_controller@jarvis"} 1 0.7376844211052763 0.0 1.89023685484724 0.6877579092159559 0.9207763605246668 8
stats: users_count 0 70
stats: finish_users_count 0 0
stats: request 203 1431.3576995073886 292.92892296998883 3215.931 686.95 1639.916151890482 1534
stats: connect 13 0.8420000000000001 0.11893307749771266 13.649 0.466 0.9221764705882355 170
stats: page 203 1431.3576995073886 292.92892296998883 3215.931 686.95 1639.916151890482 1534
stats: tr_loopTransaction 203 1431.513285714286 292.91999039492475 3216.162 687.164 1640.0839902216428 1534
stats: 200 203 1737
stats: size_rcv 51762 442806
stats: size_sent 30732 276276
stats: connected 0 67
# stats: dump at 1517249838
stats: users 70 70
stats: {freemem,"tsung_controller@jarvis"} 1 3128.6640625 0.0 3154.9453125 3128.6640625 3142.4952256944443 9
stats: {load,"tsung_controller@jarvis"} 1 0.078125 0.0 0.23046875 0.078125 0.14192708333333334 9
stats: {cpu,"tsung_controller@jarvis"} 1 0.8001000125015627 0.0 1.89023685484724 0.6877579092159559 0.9004328117002901 9
stats: users_count 0 70
stats: finish_users_count 0 0
stats: request 190 1325.5934684210524 421.2473295694294 3215.931 229.071 1615.5423085780076 1737
stats: connect 19 0.8574736842105264 0.1067916655633529 13.649 0.466 0.9164808743169401 183
stats: page 190 1325.5934684210524 421.2473295694294 3215.931 229.071 1615.5423085780076 1737
stats: tr_loopTransaction 190 1325.7545421052641 421.23887651121146 3216.162 229.302 1615.708715025907 1737
stats: 200 190 1927
stats: size_rcv 48470 491276
stats: size_sent 31200 307476
stats: connected -1 66
# stats: dump at 1517249848
stats: users 70 70
stats: {freemem,"tsung_controller@jarvis"} 1 3120.91015625 0.0 3154.9453125 3120.91015625 3141.112109375 10
stats: {load,"tsung_controller@jarvis"} 1 0.0703125 0.0 0.23046875 0.0703125 0.135546875 10
stats: {cpu,"tsung_controller@jarvis"} 1 0.8255159474671669 0.0 1.89023685484724 0.6877579092159559 0.8903995317804174 10
stats: users_count 0 70
stats: finish_users_count 0 0
stats: request 210 1545.0352904761899 287.5552212030078 3215.931 229.071 1586.9536839647117 1927
stats: connect 19 0.8274736842105263 0.15482940303547424 13.649 0.466 0.9109306930693071 202
stats: page 210 1545.0352904761899 287.5552212030078 3215.931 229.071 1586.9536839647117 1927
stats: tr_loopTransaction 210 1545.1956095238095 287.5612727395175 3216.162 229.302 1587.1195646081997 1927
stats: 200 210 2137
stats: size_rcv 53533 544809
stats: size_sent 29640 337116
stats: connected 2 68
# stats: dump at 1517249858
stats: users 70 70
stats: {freemem,"tsung_controller@jarvis"} 1 3120.328125 0.0 3154.9453125 3120.328125 3139.275568181818 11
stats: {load,"tsung_controller@jarvis"} 1 0.140625 0.0 0.23046875 0.0703125 0.12961647727272727 11
stats: {cpu,"tsung_controller@jarvis"} 1 0.712856428214107 0.0 1.89023685484724 0.6877579092159559 0.8845010241155765 11
stats: users_count 0 70
stats: finish_users_count 0 0
stats: request 194 1487.5682319587618 146.7773564270882 3215.931 229.071 1582.8344220870376 2137
stats: connect 18 0.7414444444444444 0.12132427723631237 13.649 0.466 0.9037556561085975 221
stats: page 194 1487.5682319587618 146.7773564270882 3215.931 229.071 1582.8344220870376 2137
stats: tr_loopTransaction 194 1487.7218608247417 146.78348317208622 3216.162 229.302 1582.999756200281 2137
stats: 200 194 2331
stats: size_rcv 49445 594254
stats: size_sent 31512 368628
stats: connected -2 66
# stats: dump at 1517249859
stats: users 70 70
stats: {freemem,"tsung_controller@jarvis"} 0 0 0 3154.9453125 3120.328125 3137.6966145833335 12
stats: {load,"tsung_controller@jarvis"} 0 0 0 0.23046875 0.0703125 0.13053385416666666 12
stats: {cpu,"tsung_controller@jarvis"} 0 0 0 1.89023685484724 0.6877579092159559 0.870197307790454 12
stats: users_count 0 70
stats: finish_users_count 0 0
stats: request 18 1566.9877222222221 119.53212672137123 3215.931 229.071 1574.9057902187897 2331
stats: connect 3 0.617 0.08045288476286394 13.649 0.466 0.8915313807531383 239
stats: page 18 1566.9877222222221 119.53212672137123 3215.931 229.071 1574.9057902187897 2331
stats: tr_loopTransaction 18 1567.1413333333333 119.54464547746728 3216.162 229.302 1575.07015015015 2331
stats: 200 18 2349
stats: size_rcv 4589 598843
stats: size_sent 3432 372060
stats: connected 0 66
stats: error_abort 1 1
EndMonitor:{1517,249859,148888}
