# stats: dump at 1516792989
stats: users 124 147
stats: {freemem,"tsung_controller@jarvis"} 1 4044.1015625 0 4044.1015625 4044.1015625 0 0
stats: {load,"tsung_controller@jarvis"} 1 0.12109375 0 0.12109375 0.12109375 0 0
stats: {cpu,"tsung_controller@jarvis"} 1 45.415763106085194 0 45.415763106085194 45.415763106085194 0 0
stats: session 894 926.9685760626387 888.94127570677 6140.57 14.973 0 0
stats: users_count 1018 1018
stats: finish_users_count 894 894
stats: page 853 37.90847245017587 33.1144518304145 168.702 7.711 0 0
stats: request 853 37.90847245017587 33.1144518304145 168.702 7.711 0 0
stats: 200 853 853
stats: connect 854 0.47546721311475376 0.2953166374797176 7.364 0.333 0 0
stats: size_rcv 219373 219373
stats: size_sent 52948 52948
stats: connected 1 1
# stats: dump at 1516792999
stats: users 140 147
stats: {freemem,"tsung_controller@jarvis"} 1 4043.390625 0.0 4044.1015625 4043.390625 4044.1015625 1
stats: {load,"tsung_controller@jarvis"} 1 0.1015625 0.0 0.12109375 0.1015625 0.12109375 1
stats: {cpu,"tsung_controller@jarvis"} 1 0.5682535673696173 0.0 45.415763106085194 0.5682535673696173 45.415763106085194 1
stats: session 1121 1028.1493077609296 987.343286004598 8872.104 14.973 926.9685760626387 894
stats: users_count 1137 2155
stats: finish_users_count 1121 2015
stats: request 1113 37.59848517520221 26.379383960145944 168.702 7.66 37.90847245017587 853
stats: connect 1118 0.4562638640429343 0.07169095596004076 7.364 0.322 0.47546721311475376 854
stats: page 1113 37.59848517520221 26.379383960145944 168.702 7.66 37.90847245017587 853
stats: 200 1113 1966
stats: size_rcv 286159 505532
stats: size_sent 69316 122264
stats: connected 5 6
# stats: dump at 1516793009
stats: users 109 147
stats: {freemem,"tsung_controller@jarvis"} 1 4042.67578125 0.0 4044.1015625 4042.67578125 4043.74609375 2
stats: {load,"tsung_controller@jarvis"} 1 0.08984375 0.0 0.12109375 0.08984375 0.111328125 2
stats: {cpu,"tsung_controller@jarvis"} 1 0.6433707581682856 0.0 45.415763106085194 0.5682535673696173 22.992008336727405 2
stats: session 1160 1039.8311810344842 1004.3981562949992 9571.255 14.973 983.2582039702238 2015
stats: users_count 1129 3284
stats: finish_users_count 1160 3175
stats: connect 1150 0.4771721739130434 0.0665866281756018 7.364 0.322 0.4645801217038541 1972
stats: request 1148 39.69285540069681 24.596904318582222 168.702 7.66 37.73298118006108 1966
stats: 200 1148 3114
stats: page 1148 39.69285540069681 24.596904318582222 168.702 7.66 37.73298118006108 1966
stats: size_rcv 295085 800617
stats: size_sent 71300 193564
stats: connected 2 8
# stats: dump at 1516793019
stats: users 115 147
stats: {freemem,"tsung_controller@jarvis"} 1 4042.0 0.0 4044.1015625 4042.0 4043.3893229166665 3
stats: {load,"tsung_controller@jarvis"} 1 0.0703125 0.0 0.12109375 0.0703125 0.10416666666666667 3
stats: {cpu,"tsung_controller@jarvis"} 1 0.6943567731347052 0.0 45.415763106085194 0.5682535673696173 15.5424624772077 3
stats: session 1190 1036.038354621848 1056.0344367852445 10496.712 14.973 1003.927386141733 3175
stats: users_count 1196 4480
stats: finish_users_count 1190 4365
stats: request 1199 39.940058381985004 23.660990149554355 168.702 7.66 38.45550385356455 3114
stats: connect 1197 0.45369590643274743 0.057159418203313515 7.364 0.322 0.4692184497117233 3122
stats: page 1199 39.940058381985004 23.660990149554355 168.702 7.66 38.45550385356455 3114
stats: 200 1199 4313
stats: size_rcv 308151 1108768
stats: size_sent 74214 267778
stats: connected -2 6
# stats: dump at 1516793029
stats: users 124 147
stats: {freemem,"tsung_controller@jarvis"} 1 4040.86328125 0.0 4044.1015625 4040.86328125 4043.0419921875 4
stats: {load,"tsung_controller@jarvis"} 1 0.05859375 0.0 0.12109375 0.05859375 0.095703125 4
stats: {cpu,"tsung_controller@jarvis"} 1 0.44019620173563073 0.0 45.415763106085194 0.44019620173563073 11.830436051189452 4
stats: session 1114 1040.959548473967 1014.5465005029296 10496.712 13.84 1012.6815791523485 4365
stats: users_count 1123 5603
stats: finish_users_count 1114 5479
stats: request 1117 33.93252820053713 21.408116496857623 168.702 7.66 38.868205193600744 4313
stats: connect 1114 0.48049551166965904 0.061365465506868305 7.364 0.322 0.46491641583699905 4319
stats: page 1117 33.93252820053713 21.408116496857623 168.702 7.66 38.868205193600744 4313
stats: 200 1117 5430
stats: size_rcv 287170 1395938
stats: size_sent 69068 336846
stats: connected -3 3
# stats: dump at 1516793039
stats: users 126 147
stats: {freemem,"tsung_controller@jarvis"} 1 4028.16015625 0.0 4044.1015625 4028.16015625 4042.60625 5
stats: {load,"tsung_controller@jarvis"} 1 0.05078125 0.0 0.12109375 0.05078125 0.08828125 5
stats: {cpu,"tsung_controller@jarvis"} 1 0.5930599369085174 0.0 45.415763106085194 0.44019620173563073 9.552388081298687 5
stats: session 1167 1056.5395338474716 1004.9055079534016 10496.712 13.84 1018.4311060412484 5479
stats: users_count 1169 6772
stats: finish_users_count 1167 6646
stats: request 1176 41.51384013605438 25.663373153894014 168.702 7.654 37.85289189686924 5430
stats: connect 1175 0.4706493617021272 0.08582108820356246 7.364 0.306 0.4681108043438246 5433
stats: page 1176 41.51384013605438 25.663373153894014 168.702 7.654 37.85289189686924 5430
stats: 200 1176 6606
stats: size_rcv 302278 1698216
stats: size_sent 72850 409696
stats: connected -1 2
# stats: dump at 1516793049
stats: users 119 157
stats: {freemem,"tsung_controller@jarvis"} 1 4029.921875 0.0 4044.1015625 4028.16015625 4040.1985677083335 6
stats: {load,"tsung_controller@jarvis"} 1 0.0390625 0.0 0.12109375 0.0390625 0.08203125 6
stats: {cpu,"tsung_controller@jarvis"} 1 0.5805881610501074 0.0 45.415763106085194 0.44019620173563073 8.059166723900326 6
stats: session 1204 1065.1231245847152 1019.1426139873525 10496.712 13.84 1025.1227303641288 6646
stats: users_count 1197 7969
stats: finish_users_count 1204 7850
stats: request 1212 50.121953795379525 37.77444370043592 203.184 7.654 38.50461383590674 6606
stats: connect 1218 0.4723160919540222 0.05556765802061759 7.364 0.306 0.4685621973365615 6608
stats: page 1212 50.121953795379525 37.77444370043592 203.184 7.654 38.50461383590674 6606
stats: 200 1212 7818
stats: size_rcv 311511 2009727
stats: size_sent 75516 485212
stats: connected 6 8
# stats: dump at 1516793059
stats: users 111 158
stats: {freemem,"tsung_controller@jarvis"} 1 4029.21875 0.0 4044.1015625 4028.16015625 4038.73046875 7
stats: {load,"tsung_controller@jarvis"} 1 0.0390625 0.0 0.12109375 0.0390625 0.07589285714285714 7
stats: {cpu,"tsung_controller@jarvis"} 1 0.6043056779554324 0.0 45.415763106085194 0.44019620173563073 6.990798357778866 7
stats: session 1193 1050.8858667225475 1036.5902496882547 10496.712 12.16 1031.2578226751586 7850
stats: users_count 1185 9154
stats: finish_users_count 1193 9043
stats: request 1185 33.82905738396627 17.612703765345664 203.184 7.654 40.30561358403683 7818
stats: connect 1178 0.4728879456706285 0.05957098467060316 7.364 0.306 0.46914643496038816 7826
stats: page 1185 33.82905738396627 17.612703765345664 203.184 7.654 40.30561358403683 7818
stats: 200 1185 9003
stats: size_rcv 304592 2314319
stats: size_sent 73036 558248
stats: connected -7 1
# stats: dump at 1516793069
stats: users 108 158
stats: {freemem,"tsung_controller@jarvis"} 1 4029.109375 0.0 4044.1015625 4028.16015625 4037.54150390625 8
stats: {load,"tsung_controller@jarvis"} 1 0.03125 0.0 0.12109375 0.03125 0.0712890625 8
stats: {cpu,"tsung_controller@jarvis"} 1 0.6425601612700013 0.0 45.415763106085194 0.44019620173563073 6.192486772800937 8
stats: session 1099 1084.4348298453149 1046.1513365636256 10496.712 12.16 1033.8472572155251 9043
stats: users_count 1096 10250
stats: finish_users_count 1099 10142
stats: request 1093 29.529440073193033 17.49223699151599 203.184 7.654 39.4531511718316 9003
stats: connect 1104 0.48407880434782546 0.0639692673042297 7.364 0.306 0.4696359395824076 9004
stats: page 1093 29.529440073193033 17.49223699151599 203.184 7.654 39.4531511718316 9003
stats: 200 1093 10096
stats: size_rcv 281030 2595349
stats: size_sent 68448 626696
stats: connected 11 12
# stats: dump at 1516793079
stats: users 107 158
stats: {freemem,"tsung_controller@jarvis"} 1 4028.6796875 0.0 4044.1015625 4028.16015625 4036.6046006944443 9
stats: {load,"tsung_controller@jarvis"} 1 0.01953125 0.0 0.12109375 0.01953125 0.06684027777777778 9
stats: {cpu,"tsung_controller@jarvis"} 1 0.42858943653094667 0.0 45.415763106085194 0.42858943653094667 5.57582826040861 9
stats: session 1119 957.2194128686319 905.8717130111327 10496.712 12.16 1039.3289908302104 10142
stats: users_count 1118 11368
stats: finish_users_count 1119 11261
stats: request 1137 28.39590941073004 16.6009123457222 203.184 7.654 38.37880328843106 10096
stats: connect 1125 0.4602355555555556 0.05827635752956412 7.364 0.306 0.4712133953304311 10108
stats: page 1137 28.39590941073004 16.6009123457222 203.184 7.654 38.37880328843106 10096
stats: 200 1137 11233
stats: size_rcv 292320 2887669
stats: size_sent 69750 696446
stats: connected -12 0
# stats: dump at 1516793089
stats: users 111 158
stats: {freemem,"tsung_controller@jarvis"} 1 4029.1171875 0.0 4044.1015625 4028.16015625 4035.812109375 10
stats: {load,"tsung_controller@jarvis"} 1 0.01953125 0.0 0.12109375 0.01953125 0.062109375 10
stats: {cpu,"tsung_controller@jarvis"} 1 0.4552352048558422 0.0 45.415763106085194 0.42858943653094667 5.061104378020844 10
stats: session 1148 995.4253292682902 960.0623715478732 10496.712 12.16 1031.1698026818217 11261
stats: users_count 1152 12520
stats: finish_users_count 1148 12409
stats: request 1147 40.439665213600726 27.074618268916275 203.184 7.654 37.36833855604024 11233
stats: connect 1148 0.4473824041811847 0.055833618597118384 7.364 0.306 0.47011394996884165 11233
stats: page 1147 40.439665213600726 27.074618268916275 203.184 7.654 37.36833855604024 11233
stats: 200 1147 12380
stats: size_rcv 294822 3182491
stats: size_sent 71176 767622
stats: connected 1 1
# stats: dump at 1516793099
stats: users 124 158
stats: {freemem,"tsung_controller@jarvis"} 1 4028.4140625 0.0 4044.1015625 4028.16015625 4035.2034801136365 11
stats: {load,"tsung_controller@jarvis"} 1 0.01953125 0.0 0.12109375 0.01953125 0.05823863636363636 11
stats: {cpu,"tsung_controller@jarvis"} 1 0.5191187642441124 0.0 45.415763106085194 0.42858943653094667 4.6423889986422076 11
stats: session 1084 1010.516389298892 952.7606198552622 10496.712 12.16 1027.8629564026103 12409
stats: users_count 1097 13617
stats: finish_users_count 1084 13493
stats: request 1081 26.84034042553195 16.297700119033866 203.184 7.654 37.652895234248795 12380
stats: connect 1081 0.47795189639222957 0.06401702117125911 7.364 0.294 0.4680062192068491 12381
stats: page 1081 26.84034042553195 16.297700119033866 203.184 7.654 37.652895234248795 12380
stats: 200 1081 13461
stats: size_rcv 277943 3460434
stats: size_sent 67022 834644
stats: connected 0 1
# stats: dump at 1516793109
stats: users 109 158
stats: {freemem,"tsung_controller@jarvis"} 1 4027.796875 0.0 4044.1015625 4027.796875 4034.6376953125 12
stats: {load,"tsung_controller@jarvis"} 1 0.01171875 0.0 0.12109375 0.01171875 0.055013020833333336 12
stats: {cpu,"tsung_controller@jarvis"} 1 0.5682535673696173 0.0 45.415763106085194 0.42858943653094667 4.2987831457757 12
stats: session 1123 1108.9024755120206 1127.0965680668555 10496.712 12.16 1026.4693687097006 13493
stats: users_count 1108 14725
stats: finish_users_count 1123 14616
stats: page 1125 31.390700444444466 18.30297182538762 203.184 7.654 36.78458145754403 13461
stats: request 1125 31.390700444444466 18.30297182538762 203.184 7.654 36.78458145754403 13461
stats: connect 1129 0.49632240921169185 0.0619359697011583 7.364 0.294 0.46880485811915007 13462
stats: 200 1125 14586
stats: size_rcv 289191 3749625
stats: size_sent 69998 904642
stats: connected 4 5
# stats: dump at 1516793119
stats: users 122 158
stats: {freemem,"tsung_controller@jarvis"} 1 4027.140625 0.0 4044.1015625 4027.140625 4034.1114783653848 13
stats: {load,"tsung_controller@jarvis"} 1 0.01171875 0.0 0.12109375 0.01171875 0.051682692307692304 13
stats: {cpu,"tsung_controller@jarvis"} 1 0.7177033492822966 0.0 45.415763106085194 0.42858943653094667 4.011819332052155 13
stats: session 1152 1013.4960260416673 953.5330729644128 10496.712 12.16 1032.8030016420353 14616
stats: users_count 1165 15890
stats: finish_users_count 1152 15768
stats: request 1154 39.31142287694972 25.822415363213523 203.184 7.654 36.368558137940504 14586
stats: connect 1151 0.4678045178105992 0.05954792779808138 7.364 0.294 0.47093406894661083 14591
stats: page 1154 39.31142287694972 25.822415363213523 203.184 7.654 36.368558137940504 14586
stats: 200 1154 15740
stats: size_rcv 296662 4046287
stats: size_sent 71362 976004
stats: connected -3 2
# stats: dump at 1516793129
stats: users 147 158
stats: {freemem,"tsung_controller@jarvis"} 1 4027.08203125 0.0 4044.1015625 4027.08203125 4033.6135602678573 14
stats: {load,"tsung_controller@jarvis"} 1 0.01171875 0.0 0.12109375 0.01171875 0.048828125 14
stats: {cpu,"tsung_controller@jarvis"} 1 0.6065200909780136 0.0 45.415763106085194 0.42858943653094667 3.776525333282879 14
stats: session 1110 1031.5056882882884 1011.9434846693489 10496.712 12.16 1031.3924463470312 15768
stats: users_count 1135 17025
stats: finish_users_count 1110 16878
stats: request 1114 31.062076301615836 18.814904381419815 203.184 7.654 36.58431836086405 15740
stats: connect 1116 0.498367383512545 0.07192508655503785 7.364 0.294 0.47070524710964284 15742
stats: page 1114 31.062076301615836 18.814904381419815 203.184 7.654 36.58431836086405 15740
stats: 200 1114 16854
stats: size_rcv 286405 4332692
stats: size_sent 69192 1045196
stats: connected 2 4
# stats: dump at 1516793139
stats: users 131 160
stats: {freemem,"tsung_controller@jarvis"} 1 4026.9765625 0.0 4044.1015625 4026.9765625 4033.178125 15
stats: {load,"tsung_controller@jarvis"} 1 0.01171875 0.0 0.12109375 0.01171875 0.04635416666666667 15
stats: {cpu,"tsung_controller@jarvis"} 1 0.7188800605372683 0.0 45.415763106085194 0.42858943653094667 3.5651916504625545 15
stats: session 1205 1106.8184896265527 1084.4826268382274 10496.712 12.16 1031.399893826282 16878
stats: users_count 1189 18214
stats: finish_users_count 1205 18083
stats: connect 1214 0.47281466227347596 0.06542381977219354 7.364 0.294 0.47253648119587127 16858
stats: request 1218 54.1869318555008 44.9053416183408 241.239 7.654 36.21931434674263 16854
stats: page 1218 54.1869318555008 44.9053416183408 241.239 7.654 36.21931434674263 16854
stats: 200 1218 18072
stats: size_rcv 313043 4645735
stats: size_sent 75268 1120464
stats: connected -4 0
# stats: dump at 1516793149
stats: users 111 160
stats: {freemem,"tsung_controller@jarvis"} 1 4026.77734375 0.0 4044.1015625 4026.77734375 4032.79052734375 16
stats: {load,"tsung_controller@jarvis"} 1 0.01171875 0.0 0.12109375 0.01171875 0.044189453125 16
stats: {cpu,"tsung_controller@jarvis"} 1 0.6448349981034265 0.0 45.415763106085194 0.42858943653094667 3.387297176092224 16
stats: session 1182 1048.2695905245344 1050.7078997737303 10496.712 12.063 1036.4255758447152 18083
stats: users_count 1162 19376
stats: finish_users_count 1182 19265
stats: request 1175 46.600760851063725 33.23486777323643 241.239 7.654 37.430279271801695 18072
stats: connect 1177 0.43861852166525056 0.05204004500349473 7.364 0.294 0.47255516821602467 18072
stats: page 1175 46.600760851063725 33.23486777323643 241.239 7.654 37.430279271801695 18072
stats: 200 1175 19247
stats: size_rcv 302007 4947742
stats: size_sent 72974 1193438
stats: connected 2 2
# stats: dump at 1516793159
stats: users 127 160
stats: {freemem,"tsung_controller@jarvis"} 1 4026.42578125 0.0 4044.1015625 4026.42578125 4032.436810661765 17
stats: {load,"tsung_controller@jarvis"} 1 0.0 0.0 0.12109375 0.0 0.042279411764705885 17
stats: {cpu,"tsung_controller@jarvis"} 1 0.41719342604298354 0.0 45.415763106085194 0.41719342604298354 3.225975871504648 17
stats: session 1094 1063.7095859232163 1056.999513273309 10496.712 12.063 1037.1522628601083 19265
stats: users_count 1110 20486
stats: finish_users_count 1094 20359
stats: request 1094 29.757528336380254 18.837986411136466 241.239 7.654 37.99012318802931 19247
stats: connect 1094 0.4543318098720288 0.06012270020166867 7.364 0.294 0.47048007688711085 19249
stats: page 1094 29.757528336380254 18.837986411136466 241.239 7.654 37.99012318802931 19247
stats: 200 1094 20341
stats: size_rcv 281296 5229038
stats: size_sent 67828 1261266
stats: connected 0 2
# stats: dump at 1516793169
stats: users 0 160
stats: {freemem,"tsung_controller@jarvis"} 1 4026.33203125 0.0 4044.1015625 4026.33203125 4032.1028645833335 18
stats: {load,"tsung_controller@jarvis"} 1 0.0 0.0 0.12109375 0.0 0.03993055555555555 18
stats: {cpu,"tsung_controller@jarvis"} 1 0.36602297109680676 0.0 45.415763106085194 0.36602297109680676 3.0699324023123333 18
stats: session 235 1579.2113872340433 1304.24517521625 10496.712 12.063 1038.5793325310665 20359
stats: users_count 108 20594
stats: finish_users_count 235 20594
stats: request 253 22.210118577075107 13.691537799458574 241.239 7.654 37.54734954033726 20341
stats: connect 251 0.5299203187250994 0.14805071283588328 7.364 0.294 0.4696116600304771 20343
stats: page 253 22.210118577075107 13.691537799458574 241.239 7.654 37.54734954033726 20341
stats: 200 253 20594
stats: size_rcv 65082 5294120
stats: size_sent 15562 1276828
stats: connected -2 0
# stats: dump at 1516793171
stats: users 0 160
stats: {freemem,"tsung_controller@jarvis"} 1 4026.359375 0.0 4044.1015625 4026.33203125 4031.799136513158 19
stats: {load,"tsung_controller@jarvis"} 1 0.0 0.0 0.12109375 0.0 0.03782894736842105 19
stats: {cpu,"tsung_controller@jarvis"} 1 0.1251564455569462 0.0 45.415763106085194 0.1251564455569462 2.927621379616779 19
stats: session 0 0 0 10496.712 12.063 1044.7485338933661 20594
stats: users_count 0 20594
stats: finish_users_count 0 20594
stats: request 0 0 0 241.239 7.654 37.3589296397009 20594
stats: 200 0 20594
stats: connect 0 0 0 7.364 0.294 0.4703467029231813 20594
stats: page 0 0 0 241.239 7.654 37.3589296397009 20594
stats: size_rcv 0 5294120
stats: size_sent 0 1276828
stats: connected 0 0
EndMonitor:{1516,793171,357861}
