# stats: dump at 1516812218
stats: users 902 913
stats: {freemem,"tsung_controller@jarvis"} 1 3910.91015625 0 3910.91015625 3910.91015625 0 0
stats: {load,"tsung_controller@jarvis"} 1 0.0703125 0 0.0703125 0.0703125 0 0
stats: {cpu,"tsung_controller@jarvis"} 1 44.946560214490034 0 44.946560214490034 44.946560214490034 0 0
stats: session 1206 1718.8221616915416 1149.6658700333508 6483.324 13.751 0 0
stats: users_count 2108 2108
stats: finish_users_count 1206 1206
stats: connect 1408 197.22785795454513 535.8588313311491 3048.278 0.3 0 0
stats: page 1137 847.2807414248008 665.6187173796237 4302.201 7.811 0 0
stats: request 1137 847.2807414248008 665.6187173796237 4302.201 7.811 0 0
stats: 200 1137 1137
stats: size_rcv 291618 291618
stats: size_sent 87296 87296
stats: connected 271 271
# stats: dump at 1516812228
stats: users 1589 1591
stats: {freemem,"tsung_controller@jarvis"} 1 3897.46875 0.0 3910.91015625 3897.46875 3910.91015625 1
stats: {load,"tsung_controller@jarvis"} 1 0.21875 0.0 0.21875 0.0703125 0.0703125 1
stats: {cpu,"tsung_controller@jarvis"} 1 3.7829150698479417 0.0 44.946560214490034 3.7829150698479417 44.946560214490034 1
stats: session 1731 3313.3337533217805 2013.7614003412334 13712.135 13.751 1718.8221616915416 1206
stats: users_count 2418 4526
stats: finish_users_count 1731 2937
stats: request 1732 2277.526040415706 1762.0712821151055 12598.203 7.811 847.2807414248008 1137
stats: connect 2011 803.3712894082548 1531.8482791101187 7292.344 0.3 197.22785795454513 1408
stats: page 1732 2277.526040415706 1762.0712821151055 12598.203 7.811 847.2807414248008 1137
stats: 200 1732 2869
stats: size_rcv 443042 734660
stats: size_sent 124682 211978
stats: connected 279 550
# stats: dump at 1516812238
stats: users 2168 2168
stats: {freemem,"tsung_controller@jarvis"} 1 3880.7890625 0.0 3910.91015625 3880.7890625 3904.189453125 2
stats: {load,"tsung_controller@jarvis"} 1 0.421875 0.0 0.421875 0.0703125 0.14453125 2
stats: {cpu,"tsung_controller@jarvis"} 1 3.0425451331902535 0.0 44.946560214490034 3.0425451331902535 24.36473764216899 2
stats: session 1823 3937.7040938014325 2931.35988007459 25604.953 13.751 2658.590484848485 2937
stats: users_count 2402 6928
stats: finish_users_count 1823 4760
stats: request 1824 2900.297142543856 2714.507900946057 24105.934 7.811 1710.7122011153717 2869
stats: connect 2006 1140.8855588235306 2379.493106794164 15495.346 0.3 553.7515317344253 3419
stats: page 1824 2900.297142543856 2714.507900946057 24105.934 7.811 1710.7122011153717 2869
stats: 200 1824 4693
stats: size_rcv 465864 1200524
stats: size_sent 124372 336350
stats: connected 182 732
# stats: dump at 1516812248
stats: users 2688 2697
stats: {freemem,"tsung_controller@jarvis"} 1 3873.9140625 0.0 3910.91015625 3873.9140625 3896.3893229166665 3
stats: {load,"tsung_controller@jarvis"} 1 0.359375 0.0 0.421875 0.0703125 0.23697916666666666 3
stats: {cpu,"tsung_controller@jarvis"} 1 5.011755970795694 0.0 44.946560214490034 3.0425451331902535 17.257340139176076 3
stats: session 1836 3832.766733660129 2908.92659242501 29861.73 13.751 3148.469499369751 4760
stats: users_count 2356 9284
stats: finish_users_count 1836 6596
stats: connect 1963 1133.0305802343357 2562.777590595937 15500.304 0.3 770.8558374193552 5425
stats: request 1826 2833.1589430449053 2715.9135532673654 24105.934 7.811 2173.061004261665 4693
stats: 200 1826 6519
stats: page 1826 2833.1589430449053 2715.9135532673654 24105.934 7.811 2173.061004261665 4693
stats: size_rcv 466477 1667001
stats: size_sent 121706 458056
stats: connected 137 869
# stats: dump at 1516812258
stats: users 3111 3111
stats: {freemem,"tsung_controller@jarvis"} 1 3860.1796875 0.0 3910.91015625 3860.1796875 3890.7705078125 4
stats: {load,"tsung_controller@jarvis"} 1 0.30078125 0.0 0.421875 0.0703125 0.267578125 4
stats: {cpu,"tsung_controller@jarvis"} 1 2.920723226703755 0.0 44.946560214490034 2.920723226703755 14.195944097080979 4
stats: session 1835 4237.7140321525985 4293.977485329675 37123.795 13.751 3338.9439872650105 6596
stats: users_count 2258 11542
stats: finish_users_count 1835 8431
stats: request 1865 3249.0677774798896 4181.513291047295 35599.783 7.811 2357.9572822518776 6519
stats: 200 1865 8384
stats: connect 1958 1485.9353815117454 3942.2215015648835 31624.278 0.3 867.0860783703306 7388
stats: page 1865 3249.0677774798896 4181.513291047295 35599.783 7.811 2357.9572822518776 6519
stats: size_rcv 476601 2143602
stats: size_sent 121396 579452
stats: connected 93 962
# stats: dump at 1516812268
stats: users 3659 3672
stats: {freemem,"tsung_controller@jarvis"} 1 3854.859375 0.0 3910.91015625 3854.859375 3884.65234375 5
stats: {load,"tsung_controller@jarvis"} 1 0.26171875 0.0 0.421875 0.0703125 0.27421875 5
stats: {cpu,"tsung_controller@jarvis"} 1 4.21455938697318 0.0 44.946560214490034 2.920723226703755 11.940899923005535 5
stats: session 1854 5913.105976267522 10006.442586632409 56487.59 13.751 3534.560525323215 8431
stats: users_count 2402 13944
stats: finish_users_count 1854 10285
stats: request 1804 3097.1676274944534 4249.011429147846 39810.913 7.811 2556.182601145036 8384
stats: connect 2023 1474.0641962432012 4350.656509447059 31624.278 0.272 996.7358681789001 9346
stats: page 1804 3097.1676274944534 4249.011429147846 39810.913 7.811 2556.182601145036 8384
stats: 200 1804 10188
stats: size_rcv 461146 2604748
stats: size_sent 125426 704878
stats: connected 219 1181
stats: error_connect_timeout 170 170
# stats: dump at 1516812278
stats: users 4303 4303
stats: {freemem,"tsung_controller@jarvis"} 1 3842.359375 0.0 3910.91015625 3842.359375 3879.6868489583335 6
stats: {load,"tsung_controller@jarvis"} 1 0.359375 0.0 0.421875 0.0703125 0.2721354166666667 6
stats: {cpu,"tsung_controller@jarvis"} 1 5.25992380484208 0.0 44.946560214490034 2.920723226703755 10.653176500333474 6
stats: session 1808 9493.657405420336 16084.908590818011 63653.603 13.751 3963.3231180359758 10285
stats: users_count 2452 16396
stats: finish_users_count 1808 12093
stats: request 1849 3539.8858491076157 6388.057131179999 57772.248 7.811 2651.9753953670966 10188
stats: connect 2061 1243.6898345463353 3600.3721451461925 31627.311 0.272 1081.6716767525727 11369
stats: page 1849 3539.8858491076157 6388.057131179999 57772.248 7.811 2651.9753953670966 10188
stats: 200 1849 12037
stats: size_rcv 472518 3077266
stats: size_sent 127782 832660
stats: connected 212 1393
stats: error_connect_timeout 344 514
# stats: dump at 1516812288
stats: users 5042 5051
stats: {freemem,"tsung_controller@jarvis"} 1 3798.65625 0.0 3910.91015625 3798.65625 3874.3543526785716 7
stats: {load,"tsung_controller@jarvis"} 1 0.30859375 0.0 0.421875 0.0703125 0.2845982142857143 7
stats: {cpu,"tsung_controller@jarvis"} 1 5.646397547266224 0.0 44.946560214490034 2.920723226703755 9.88271182954899 7
stats: session 1844 9740.427505422986 16593.463555239632 63653.603 13.751 4790.152225088893 12093
stats: users_count 2583 18979
stats: finish_users_count 1844 13937
stats: page 1826 2805.776542168677 4024.8720105243597 61332.465 7.811 2788.3670568247867 12037
stats: connect 2108 1020.1762248576842 2412.9496258946933 31627.311 0.272 1106.5353717051373 13430
stats: request 1826 2805.776542168677 4024.8720105243597 61332.465 7.811 2788.3670568247867 12037
stats: 200 1826 13863
stats: size_rcv 466456 3543722
stats: size_sent 130696 963356
stats: connected 282 1675
stats: error_connect_timeout 363 877
# stats: dump at 1516812298
stats: users 5707 5736
stats: {freemem,"tsung_controller@jarvis"} 1 3774.0234375 0.0 3910.91015625 3774.0234375 3864.89208984375 8
stats: {load,"tsung_controller@jarvis"} 1 0.26171875 0.0 0.421875 0.0703125 0.28759765625 8
stats: {cpu,"tsung_controller@jarvis"} 1 5.9880239520958085 0.0 44.946560214490034 2.920723226703755 9.353172544263643 8
stats: session 1871 9243.17241314807 16076.059301315523 69279.666 13.751 5445.121559733083 13937
stats: users_count 2536 21515
stats: finish_users_count 1871 15808
stats: page 1871 2970.368437199357 4572.019376493203 62352.369 7.811 2790.660191084178 13863
stats: request 1871 2970.368437199357 4572.019376493203 62352.369 7.811 2790.660191084178 13863
stats: connect 2062 871.4854733268655 1816.9946761867795 31627.311 0.272 1094.8192511262705 15538
stats: 200 1871 15734
stats: size_rcv 477964 4021686
stats: size_sent 127844 1091200
stats: connected 192 1867
stats: error_connect_timeout 386 1263
# stats: dump at 1516812308
stats: users 6462 6467
stats: {freemem,"tsung_controller@jarvis"} 1 3766.265625 0.0 3910.91015625 3766.265625 3854.7955729166665 9
stats: {load,"tsung_controller@jarvis"} 1 0.21875 0.0 0.421875 0.0703125 0.2847222222222222 9
stats: {cpu,"tsung_controller@jarvis"} 1 5.735501216233517 0.0 44.946560214490034 2.920723226703755 8.979267145133882 9
stats: session 1781 10698.159884334675 17564.205339194556 81382.789 13.751 5894.650478428644 15808
stats: users_count 2536 24051
stats: finish_users_count 1781 17589
stats: connect 2237 1985.3107277603922 4766.140866044261 31627.311 0.272 1068.6536687499993 17600
stats: request 1794 3296.5043684503867 5712.577718807868 62352.369 7.811 2812.0300988305553 15734
stats: page 1794 3296.5043684503867 5712.577718807868 62352.369 7.811 2812.0300988305553 15734
stats: 200 1794 17528
stats: size_rcv 458700 4480386
stats: size_sent 138694 1229894
stats: connected 442 2309
stats: error_connect_timeout 365 1628
# stats: dump at 1516812318
stats: users 7093 7094
stats: {freemem,"tsung_controller@jarvis"} 1 3738.359375 0.0 3910.91015625 3738.359375 3845.942578125 10
stats: {load,"tsung_controller@jarvis"} 1 0.1796875 0.0 0.421875 0.0703125 0.278125 10
stats: {cpu,"tsung_controller@jarvis"} 1 7.097910898565315 0.0 44.946560214490034 2.920723226703755 8.654890552243845 10
stats: session 1823 11797.25150356554 19966.59214539726 104712.361 13.751 6381.036870600948 17589
stats: users_count 2454 26505
stats: finish_users_count 1823 19412
stats: request 1849 2764.822743645213 4707.675649407726 62352.369 7.811 2861.616294614329 17528
stats: connect 2148 1027.9863347299815 3562.830918927085 31627.311 0.272 1172.0242308816848 19837
stats: page 1849 2764.822743645213 4707.675649407726 62352.369 7.811 2861.616294614329 17528
stats: 200 1849 19377
stats: size_rcv 472597 4952983
stats: size_sent 133176 1363070
stats: connected 299 2608
stats: error_connect_timeout 566 2194
# stats: dump at 1516812328
stats: users 7638 7641
stats: {freemem,"tsung_controller@jarvis"} 1 3710.14453125 0.0 3910.91015625 3710.14453125 3836.162286931818 11
stats: {load,"tsung_controller@jarvis"} 1 0.16015625 0.0 0.421875 0.0703125 0.26917613636363635 11
stats: {cpu,"tsung_controller@jarvis"} 1 7.326932794340577 0.0 44.946560214490034 2.920723226703755 8.513346947363978 11
stats: session 1871 18507.26422982359 28234.008136787186 112857.211 13.751 6889.678910364725 19412
stats: users_count 2416 28921
stats: finish_users_count 1871 21283
stats: request 1850 5414.846169189193 16272.13375791536 111170.119 7.811 2852.380020901066 19377
stats: connect 2110 1408.5936706161103 4528.755050753794 31627.311 0.272 1157.951299294973 21985
stats: page 1850 5414.846169189193 16272.13375791536 111170.119 7.811 2852.380020901066 19377
stats: 200 1813 21190
stats: size_rcv 463362 5416345
stats: size_sent 130820 1493890
stats: connected 260 2868
stats: error_connect_timeout 767 2961
# stats: dump at 1516812338
stats: users 8235 8237
stats: {freemem,"tsung_controller@jarvis"} 1 3648.09765625 0.0 3910.91015625 3648.09765625 3825.6608072916665 12
stats: {load,"tsung_controller@jarvis"} 1 0.3515625 0.0 0.421875 0.0703125 0.2600911458333333 12
stats: {cpu,"tsung_controller@jarvis"} 1 8.68029270754479 0.0 44.946560214490034 2.920723226703755 8.414479101278696 12
stats: session 1967 23737.579745297426 35430.339264924325 125604.702 13.751 7910.98709683785 21283
stats: users_count 2564 31485
stats: finish_users_count 1967 23250
stats: 200 1842 23032
stats: request 1992 10879.303824297167 29011.76051428804 121708.784 7.811 3075.7070277476782 21227
stats: connect 2165 810.1602725173234 2409.5273410749196 31627.311 0.272 1179.900060593483 24095
stats: page 1992 10879.303824297167 29011.76051428804 121708.784 7.811 3075.7070277476782 21227
stats: error_unknown_msg 1 1
stats: size_rcv 470792 5887137
stats: size_sent 134230 1628120
stats: connected 173 3041
stats: error_connect_timeout 795 3756
# stats: dump at 1516812348
stats: users 8757 8759
stats: {freemem,"tsung_controller@jarvis"} 1 3668.0859375 0.0 3910.91015625 3648.09765625 3812.0021033653848 13
stats: {load,"tsung_controller@jarvis"} 1 0.4609375 0.0 0.4609375 0.0703125 0.26712740384615385 13
stats: {cpu,"tsung_controller@jarvis"} 1 9.090909090909092 0.0 44.946560214490034 2.920723226703755 8.434926301760704 13
stats: session 1975 21511.865544303808 33559.879129904366 126647.542 13.751 9249.950870580646 23250
stats: users_count 2497 33982
stats: finish_users_count 1975 25225
stats: request 1967 9749.273553634976 26868.3794210514 125471.459 7.811 3745.1917092036656 23219
stats: connect 2186 1339.810594693504 3577.3105855584436 31627.311 0.272 1149.4169440213243 26260
stats: 200 1842 24874
stats: page 1967 9749.273553634976 26868.3794210514 125471.459 7.811 3745.1917092036656 23219
stats: error_unknown_msg 0 1
stats: size_rcv 470613 6357750
stats: size_sent 135532 1763652
stats: connected 219 3260
stats: error_connect_timeout 689 4445
# stats: dump at 1516812358
stats: users 9286 9286
stats: {freemem,"tsung_controller@jarvis"} 1 3656.69140625 0.0 3910.91015625 3648.09765625 3801.7223772321427 14
stats: {load,"tsung_controller@jarvis"} 1 0.46875 0.0 0.46875 0.0703125 0.28097098214285715 14
stats: {cpu,"tsung_controller@jarvis"} 1 9.253390797312713 0.0 44.946560214490034 2.920723226703755 8.481782215271304 14
stats: session 1941 23125.500335909295 34919.149106133904 139602.552 13.751 10210.00167258672 25225
stats: users_count 2470 36452
stats: finish_users_count 1941 27166
stats: page 1955 10318.223299744235 28285.451608682386 137996.513 7.811 4214.104160088935 25186
stats: request 1955 10318.223299744235 28285.451608682386 137996.513 7.811 4214.104160088935 25186
stats: connect 2216 1020.1141588447673 2732.36909570846 31627.311 0.272 1164.048193419109 28446
stats: 200 1820 26694
stats: error_unknown_msg 0 1
stats: size_rcv 465047 6822797
stats: size_sent 137392 1901044
stats: connected 261 3521
stats: error_connect_timeout 838 5283
# stats: dump at 1516812368
stats: users 9866 9875
stats: {freemem,"tsung_controller@jarvis"} 1 3661.10546875 0.0 3910.91015625 3648.09765625 3792.053645833333 15
stats: {load,"tsung_controller@jarvis"} 1 0.46875 0.0 0.46875 0.0703125 0.29348958333333336 15
stats: {cpu,"tsung_controller@jarvis"} 1 9.408194233687405 0.0 44.946560214490034 2.920723226703755 8.533222787407398 15
stats: session 1878 20569.86864589992 31445.374191784766 153198.1 13.751 11132.808964993006 27166
stats: users_count 2458 38910
stats: finish_users_count 1878 29044
stats: request 1867 5008.376738082491 16226.94726545963 138378.269 7.811 4653.791456725983 27141
stats: connect 2242 1727.19258117752 4968.070489717549 31627.311 0.272 1153.645811949644 30662
stats: page 1867 5008.376738082491 16226.94726545963 138378.269 7.811 4653.791456725983 27141
stats: 200 1829 28523
stats: error_unknown_msg 0 1
stats: size_rcv 467389 7290186
stats: size_sent 139004 2040048
stats: connected 375 3896
stats: error_connect_timeout 933 6216
# stats: dump at 1516812378
stats: users 10204 10266
stats: {freemem,"tsung_controller@jarvis"} 1 3647.44140625 0.0 3910.91015625 3647.44140625 3783.869384765625 16
stats: {load,"tsung_controller@jarvis"} 1 0.48046875 0.0 0.48046875 0.0703125 0.304443359375 16
stats: {cpu,"tsung_controller@jarvis"} 1 10.846527864356064 0.0 44.946560214490034 2.920723226703755 8.587908502799898 16
stats: session 2018 30639.80859563924 42100.53101024918 162453.735 13.751 11743.014104806502 29044
stats: users_count 2356 41266
stats: finish_users_count 2018 31062
stats: request 1964 10440.608273421596 28547.069825524934 139648.372 7.811 4676.613116967731 29008
stats: page 1964 10440.608273421596 28547.069825524934 139648.372 7.811 4676.613116967731 29008
stats: connect 2126 974.9782003762946 3181.613856302332 31627.311 0.272 1192.7259194322874 32904
stats: 200 1829 30352
stats: error_unknown_msg 0 1
stats: size_rcv 467388 7757574
stats: size_sent 131812 2171860
stats: connected 162 4058
stats: error_connect_timeout 1062 7278
# stats: dump at 1516812388
stats: users 10557 10557
stats: {freemem,"tsung_controller@jarvis"} 1 3607.64453125 0.0 3910.91015625 3607.64453125 3775.8442095588234 17
stats: {load,"tsung_controller@jarvis"} 1 0.7109375 0.0 0.7109375 0.0703125 0.3147977941176471 17
stats: {cpu,"tsung_controller@jarvis"} 1 9.303211067394338 0.0 44.946560214490034 2.920723226703755 8.720768465244378 17
stats: session 1954 29616.46549027642 40505.36954974365 166268.405 13.751 12970.679138690362 31062
stats: users_count 2307 43573
stats: finish_users_count 1954 33016
stats: page 2028 12509.623317554237 31239.971769018186 139648.372 7.811 5042.12023589048 30972
stats: request 2028 12509.623317554237 31239.971769018186 139648.372 7.811 5042.12023589048 30972
stats: 200 1846 32198
stats: connect 2166 971.1245378578036 2835.198288826496 31627.311 0.272 1179.5106282329427 35030
stats: error_unknown_msg 0 1
stats: size_rcv 471821 8229395
stats: size_sent 134292 2306152
stats: connected 138 4196
stats: error_connect_timeout 1089 8367
# stats: dump at 1516812398
stats: users 8444 10558
stats: {freemem,"tsung_controller@jarvis"} 1 3577.1640625 0.0 3910.91015625 3577.1640625 3766.4997829861113 18
stats: {load,"tsung_controller@jarvis"} 1 0.75 0.0 0.75 0.0703125 0.3368055555555556 18
stats: {cpu,"tsung_controller@jarvis"} 1 9.739263803680982 0.0 44.946560214490034 2.920723226703755 8.753126387586043 18
stats: session 2117 54324.82397685414 43246.32041824273 183761.503 13.751 13955.833807063247 33016
stats: users_count 4 43577
stats: finish_users_count 2117 35133
stats: request 2105 18660.947266033283 36162.22752588319 139648.372 7.811 5501.032243454544 33000
stats: 200 1831 34029
stats: connect 1770 4211.55301581921 7932.437014628488 31627.311 0.272 1167.3758752554033 37196
stats: page 2105 18660.947266033283 36162.22752588319 139648.372 7.811 5501.032243454544 33000
stats: error_unknown_msg 0 1
stats: size_rcv 468018 8697413
stats: size_sent 109740 2415892
stats: connected -335 3861
stats: error_connect_timeout 1084 9451
# stats: dump at 1516812408
stats: users 6328 10558
stats: {freemem,"tsung_controller@jarvis"} 1 3658.8671875 0.0 3910.91015625 3577.1640625 3756.5347450657896 19
stats: {load,"tsung_controller@jarvis"} 1 0.7109375 0.0 0.75 0.0703125 0.35855263157894735 19
stats: {cpu,"tsung_controller@jarvis"} 1 2.2473320778405528 0.0 44.946560214490034 2.2473320778405528 8.805028356854198 19
stats: session 2116 66372.73858601117 35608.379437323085 188029.232 13.751 16388.337498448764 35133
stats: users_count 0 43577
stats: finish_users_count 2116 37249
stats: connect 1739 10112.809983898811 13393.22474085855 31627.311 0.272 1305.6552351793866 38966
stats: page 2125 24804.507775529415 35584.08642037627 139648.372 7.811 6290.13980997009 35105
stats: request 2125 24804.507775529415 35584.08642037627 139648.372 7.811 6290.13980997009 35105
stats: 200 1843 35872
stats: error_unknown_msg 0 1
stats: size_rcv 471301 9168714
stats: size_sent 107818 2523710
stats: connected -386 3475
stats: error_connect_timeout 1060 10511
# stats: dump at 1516812418
stats: users 4048 10558
stats: {freemem,"tsung_controller@jarvis"} 1 3660.38671875 0.0 3910.91015625 3577.1640625 3751.6513671875 20
stats: {load,"tsung_controller@jarvis"} 1 0.6015625 0.0 0.75 0.0703125 0.376171875 20
stats: {cpu,"tsung_controller@jarvis"} 1 3.771485099542476 0.0 44.946560214490034 2.2473320778405528 8.477143542903516 20
stats: session 2280 77060.88718377202 37945.682255330255 203058.012 13.751 19227.79607992161 37249
stats: users_count 0 43577
stats: finish_users_count 2280 39529
stats: request 2277 34958.25897804118 41618.62991184663 139648.372 7.811 7346.895972387861 37230
stats: page 2277 34958.25897804118 41618.62991184663 139648.372 7.811 7346.895972387861 37230
stats: connect 1631 10867.100611281421 14833.338109587983 31628.291 0.272 1681.9147145559518 40705
stats: 200 1838 37710
stats: error_unknown_msg 0 1
stats: size_rcv 470009 9638723
stats: size_sent 101122 2624832
stats: connected -646 2829
stats: error_connect_timeout 1101 11612
stats: error_abort_max_conn_retries 6 6
# stats: dump at 1516812428
stats: users 2347 10558
stats: {freemem,"tsung_controller@jarvis"} 1 3662.98828125 0.0 3910.91015625 3577.1640625 3747.3054315476193 21
stats: {load,"tsung_controller@jarvis"} 1 0.58984375 0.0 0.75 0.0703125 0.3869047619047619 21
stats: {cpu,"tsung_controller@jarvis"} 1 1.8772836084162783 0.0 44.946560214490034 1.8772836084162783 8.253064569410133 21
stats: session 1701 80592.1599929451 37902.15862054895 212623.27 13.751 22563.560903640373 39529
stats: users_count 0 43577
stats: finish_users_count 1701 41230
stats: request 1702 29585.92229847235 39846.99393040597 140876.755 7.811 8938.28670222998 39507
stats: 200 1628 39338
stats: connect 958 2688.52144258872 8547.40241593755 31628.291 0.272 2035.77521619898 42336
stats: page 1702 29585.92229847235 39846.99393040597 140876.755 7.811 8938.28670222998 39507
stats: error_unknown_msg 0 1
stats: size_rcv 416367 10055090
stats: size_sent 59396 2684228
stats: connected -744 2085
stats: error_connect_timeout 861 12473
stats: error_abort_max_conn_retries 11 17
# stats: dump at 1516812438
stats: users 1373 10558
stats: {freemem,"tsung_controller@jarvis"} 1 3667.96875 0.0 3910.91015625 3577.1640625 3743.472833806818 22
stats: {load,"tsung_controller@jarvis"} 1 0.5 0.0 0.75 0.0703125 0.39612926136363635 22
stats: {cpu,"tsung_controller@jarvis"} 1 1.4084507042253522 0.0 44.946560214490034 1.4084507042253522 7.963256343910413 22
stats: session 974 97970.08121765917 40587.35925294766 216482.132 13.751 24957.610068105747 41230
stats: users_count 0 43577
stats: finish_users_count 974 42204
stats: request 975 60623.778424615426 48357.968939422746 140876.755 7.797 9791.068273847939 41209
stats: connect 263 295.1337034220532 2523.1661408048863 31628.291 0.272 2050.2190394742925 43294
stats: page 975 60623.778424615426 48357.968939422746 140876.755 7.797 9791.068273847939 41209
stats: 200 802 40140
stats: error_unknown_msg 0 1
stats: size_rcv 205317 10260407
stats: size_sent 16306 2700534
stats: connected -712 1373
stats: error_connect_timeout 260 12733
stats: error_abort_max_conn_retries 2 19
# stats: dump at 1516812448
stats: users 1059 10558
stats: {freemem,"tsung_controller@jarvis"} 1 3675.37890625 0.0 3910.91015625 3577.1640625 3740.190047554348 23
stats: {load,"tsung_controller@jarvis"} 1 0.421875 0.0 0.75 0.0703125 0.4006453804347826 23
stats: {cpu,"tsung_controller@jarvis"} 1 0.5506194468777375 0.0 44.946560214490034 0.5506194468777375 7.678264794358888 23
stats: session 314 121258.55061146505 27943.02941931799 216482.132 13.751 26642.61970936404 42204
stats: users_count 0 43577
stats: finish_users_count 314 42518
stats: request 314 106267.43514012743 14297.767918277932 140876.755 7.797 10965.966159230982 42184
stats: page 314 106267.43514012743 14297.767918277932 140876.755 7.797 10965.966159230982 42184
stats: 200 22 40162
stats: connect 0 0 0 31628.291 0.272 2039.6217200220406 43557
stats: error_unknown_msg 0 1
stats: size_rcv 5653 10266060
stats: size_sent 0 2700534
stats: connected -314 1059
stats: error_connect_timeout 0 12733
stats: error_abort_max_conn_retries 0 19
# stats: dump at 1516812458
stats: users 732 10558
stats: {freemem,"tsung_controller@jarvis"} 1 3696.41796875 0.0 3910.91015625 3577.1640625 3737.4895833333335 24
stats: {load,"tsung_controller@jarvis"} 1 0.359375 0.0 0.75 0.0703125 0.4015299479166667 24
stats: {cpu,"tsung_controller@jarvis"} 1 0.35021888680425267 0.0 44.946560214490034 0.35021888680425267 7.381279571547174 24
stats: session 327 125099.51879510691 24039.254197455568 216991.186 13.751 27341.368528764287 42518
stats: users_count 0 43577
stats: finish_users_count 327 42845
stats: connect 0 0 0 31628.291 0.272 2039.6217200220406 43557
stats: page 281 113008.48671174381 6848.671106353178 140876.755 7.797 11670.108972069267 42498
stats: request 281 113008.48671174381 6848.671106353178 140876.755 7.797 11670.108972069267 42498
stats: 200 0 40162
stats: error_unknown_msg 0 1
stats: size_rcv 0 10266060
stats: size_sent 0 2700534
stats: connected -281 778
stats: error_connect_timeout 0 12733
stats: error_abort_max_conn_retries 0 19
# stats: dump at 1516812468
stats: users 403 10558
stats: {freemem,"tsung_controller@jarvis"} 1 3700.81640625 0.0 3910.91015625 3577.1640625 3735.84671875 25
stats: {load,"tsung_controller@jarvis"} 1 0.30078125 0.0 0.75 0.0703125 0.39984375 25
stats: {cpu,"tsung_controller@jarvis"} 1 0.27517198248905567 0.0 44.946560214490034 0.27517198248905567 7.100037144157457 25
stats: session 329 130826.18132218845 30538.523202709803 227458.593 13.751 28087.47461202007 42845
stats: users_count 0 43577
stats: finish_users_count 329 43174
stats: connect 0 0 0 31628.291 0.272 2039.6217200220406 43557
stats: request 375 111642.5619359999 5663.277400014704 140876.755 7.797 12335.764647630842 42779
stats: page 375 111642.5619359999 5663.277400014704 140876.755 7.797 12335.764647630842 42779
stats: 200 0 40162
stats: error_unknown_msg 0 1
stats: size_rcv 0 10266060
stats: size_sent 0 2700534
stats: connected -375 403
stats: error_connect_timeout 0 12733
stats: error_abort_max_conn_retries 0 19
# stats: dump at 1516812478
stats: users 76 10558
stats: {freemem,"tsung_controller@jarvis"} 1 3724.515625 0.0 3910.91015625 3577.1640625 3734.4993990384614 26
stats: {load,"tsung_controller@jarvis"} 1 0.25 0.0 0.75 0.0703125 0.39603365384615385 26
stats: {cpu,"tsung_controller@jarvis"} 1 0.32459425717852686 0.0 44.946560214490034 0.27517198248905567 6.837542330247133 26
stats: session 327 166618.9623792048 50691.38924964357 247370.256 13.751 28870.377157710656 43174
stats: users_count 0 43577
stats: finish_users_count 327 43501
stats: page 327 156754.5461712538 53362.63667893867 245757.826 7.797 13198.721707999253 43154
stats: connect 0 0 0 31628.291 0.272 2039.6217200220406 43557
stats: request 327 156754.5461712538 53362.63667893867 245757.826 7.797 13198.721707999253 43154
stats: 200 0 40162
stats: error_unknown_msg 0 1
stats: size_rcv 0 10266060
stats: size_sent 0 2700534
stats: connected -327 76
stats: error_connect_timeout 0 12733
stats: error_abort_max_conn_retries 0 19
# stats: dump at 1516812488
stats: users 29 10558
stats: {freemem,"tsung_controller@jarvis"} 1 3766.05078125 0.0 3910.91015625 3577.1640625 3734.1296296296296 27
stats: {load,"tsung_controller@jarvis"} 1 0.2109375 0.0 0.75 0.0703125 0.390625 27
stats: {cpu,"tsung_controller@jarvis"} 1 0.25003125390673836 0.0 44.946560214490034 0.25003125390673836 6.596322031244592 27
stats: session 47 226538.1080212766 15811.278571974963 269081.156 13.751 29905.842718673128 43501
stats: users_count 0 43577
stats: finish_users_count 47 43548
stats: page 47 221371.3880638298 10139.056859508199 245757.826 7.797 14278.33704802097 43481
stats: 200 0 40162
stats: request 47 221371.3880638298 10139.056859508199 245757.826 7.797 14278.33704802097 43481
stats: connect 0 0 0 31628.291 0.272 2039.6217200220406 43557
stats: error_unknown_msg 0 1
stats: size_rcv 0 10266060
stats: size_sent 0 2700534
stats: connected -47 29
stats: error_connect_timeout 0 12733
stats: error_abort_max_conn_retries 0 19
# stats: dump at 1516812498
stats: users 29 10558
stats: {freemem,"tsung_controller@jarvis"} 1 3771.68359375 0.0 3910.91015625 3577.1640625 3735.2696707589284 28
stats: {load,"tsung_controller@jarvis"} 1 0.1796875 0.0 0.75 0.0703125 0.3842075892857143 28
stats: {cpu,"tsung_controller@jarvis"} 1 0.22491565662876423 0.0 44.946560214490034 0.22491565662876423 6.369668789196811 28
stats: session 0 0 0 269081.156 13.751 30118.061798061903 43548
stats: users_count 0 43577
stats: finish_users_count 0 43548
stats: page 0 0 0 245757.826 7.797 14501.948824297 43528
stats: request 0 0 0 245757.826 7.797 14501.948824297 43528
stats: 200 0 40162
stats: connect 0 0 0 31628.291 0.272 2039.6217200220406 43557
stats: error_unknown_msg 0 1
stats: size_rcv 0 10266060
stats: size_sent 0 2700534
stats: connected 0 29
stats: error_connect_timeout 0 12733
stats: error_abort_max_conn_retries 0 19
# stats: dump at 1516812508
stats: users 29 10558
stats: {freemem,"tsung_controller@jarvis"} 1 3775.5625 0.0 3910.91015625 3577.1640625 3736.525323275862 29
stats: {load,"tsung_controller@jarvis"} 1 0.1484375 0.0 0.75 0.0703125 0.3771551724137931 29
stats: {cpu,"tsung_controller@jarvis"} 1 0.10001250156269534 0.0 44.946560214490034 0.10001250156269534 6.157780750142741 29
stats: session 0 0 0 269081.156 13.751 30118.061798061903 43548
stats: users_count 0 43577
stats: finish_users_count 0 43548
stats: page 0 0 0 245757.826 7.797 14501.948824297 43528
stats: connect 0 0 0 31628.291 0.272 2039.6217200220406 43557
stats: request 0 0 0 245757.826 7.797 14501.948824297 43528
stats: 200 0 40162
stats: error_unknown_msg 0 1
stats: size_rcv 0 10266060
stats: size_sent 0 2700534
stats: connected 0 29
stats: error_connect_timeout 0 12733
stats: error_abort_max_conn_retries 0 19
# stats: dump at 1516812518
stats: users 29 10558
stats: {freemem,"tsung_controller@jarvis"} 1 3776.171875 0.0 3910.91015625 3577.1640625 3737.8265625 30
stats: {load,"tsung_controller@jarvis"} 1 0.12890625 0.0 0.75 0.0703125 0.36953125 30
stats: {cpu,"tsung_controller@jarvis"} 1 0.099862688802896 0.0 44.946560214490034 0.099862688802896 5.955855141856739 30
stats: session 0 0 0 269081.156 13.751 30118.061798061903 43548
stats: users_count 0 43577
stats: finish_users_count 0 43548
stats: request 0 0 0 245757.826 7.797 14501.948824297 43528
stats: page 0 0 0 245757.826 7.797 14501.948824297 43528
stats: connect 0 0 0 31628.291 0.272 2039.6217200220406 43557
stats: 200 0 40162
stats: error_unknown_msg 0 1
stats: size_rcv 0 10266060
stats: size_sent 0 2700534
stats: connected 0 29
stats: error_connect_timeout 0 12733
stats: error_abort_max_conn_retries 0 19
# stats: dump at 1516812528
stats: users 2 10558
stats: {freemem,"tsung_controller@jarvis"} 1 3776.1953125 0.0 3910.91015625 3577.1640625 3739.063508064516 31
stats: {load,"tsung_controller@jarvis"} 1 0.109375 0.0 0.75 0.0703125 0.36176915322580644 31
stats: {cpu,"tsung_controller@jarvis"} 1 0.08746719980007497 0.0 44.946560214490034 0.08746719980007497 5.766952159500163 31
stats: session 27 225811.05611111107 19734.63157245883 269603.831 13.751 30118.061798061903 43548
stats: users_count 0 43577
stats: finish_users_count 27 43575
stats: request 27 215636.5699629629 1006.128728857942 245757.826 7.797 14501.948824297 43528
stats: page 27 215636.5699629629 1006.128728857942 245757.826 7.797 14501.948824297 43528
stats: connect 0 0 0 31628.291 0.272 2039.6217200220406 43557
stats: 200 0 40162
stats: error_unknown_msg 0 1
stats: size_rcv 0 10266060
stats: size_sent 0 2700534
stats: connected -27 2
stats: error_connect_timeout 0 12733
stats: error_abort_max_conn_retries 0 19
# stats: dump at 1516812533
stats: users 0 10558
stats: {freemem,"tsung_controller@jarvis"} 1 3781.69921875 0.0 3910.91015625 3577.1640625 3740.223876953125 32
stats: {load,"tsung_controller@jarvis"} 1 0.08984375 0.0 0.75 0.0703125 0.3538818359375 32
stats: {cpu,"tsung_controller@jarvis"} 1 0.07495315427857589 0.0 44.946560214490034 0.07495315427857589 5.589468254509535 32
stats: session 2 268151.6895 240.00750000000698 269603.831 13.751 30239.317353918526 43575
stats: users_count 0 43577
stats: finish_users_count 2 43577
stats: request 2 216254.593 1345.9869999999937 245757.826 7.797 14626.633355825961 43555
stats: connect 0 0 0 31628.291 0.272 2039.6217200220406 43557
stats: 200 0 40162
stats: page 2 216254.593 1345.9869999999937 245757.826 7.797 14626.633355825961 43555
stats: error_unknown_msg 0 1
stats: size_rcv 0 10266060
stats: size_sent 0 2700534
stats: connected -2 0
stats: error_connect_timeout 0 12733
stats: error_abort_max_conn_retries 0 19
EndMonitor:{1516,812533,926405}
