procs -----------memory---------- ---swap-- -----io---- -system-- ------cpu-----
 r  b   swpd   free   buff  cache   si   so    bi    bo   in   cs us sy id wa st
 9  0      0 13865748 281104 1671940    0    0     0     0    0    0 58  0 42  0  0
13  0      0 13853432 281104 1672348    0    0     0    16 1837  590 100  0  0  0  0
 1  0      0 13855948 281104 1672364    0    0     0    72 2139  829 97  1  2  0  0
 1  0      0 13858864 281104 1672380    0    0     0     0 1926 1187 82  0 18  0  0
 1  0      0 13861904 281104 1672396    0    0     0     0 1931 1181 82  0 18  0  0
 1  0      0 13864956 281104 1672272    0    0     0     0 1916 1193 82  0 18  0  0
 1  0      0 13867996 281104 1672228    0    0     0     0 1943 1195 82  0 18  0  0
 1  0      0 13870912 281104 1672240    0    0     0    24 1926 1197 82  0 18  0  0
 0  0      0 13870912 281104 1672252    0    0     0     0 1926 1198 82  0 18  0  0
 0  0      0 13870912 281104 1672268    0    0     0     0 1938 1204 82  0 18  0  0
 1  0      0 13873952 281104 1672280    0    0     0     0 1941 1212 81  1 18  0  0
 1  0      0 13873952 281104 1672292    0    0     0     0 1937 1241 74 10 16  0  0
 1  0      0 13873952 281104 1672308    0    0     0    24 1943 1259 72 11 16  1  0
 1  0      0 13873952 281104 1672324    0    0     0     0 1909 1205 82  0 18  0  0
 1  0      0 13873952 281104 1672336    0    0     0     0 1937 1215 82  0 18  0  0
 1  0      0 13873952 281104 1672352    0    0     0     0 1952 1209 82  0 18  0  0
 1  0      0 13873952 281104 1672368    0    0     0     0 1942 1201 82  0 18  0  0
 1  0      0 13873952 281104 1672380    0    0     0   468 1925 1223 83  0 17  0  0
 1  0      0 13873952 281104 1672396    0    0     0     0 1928 1210 73 10 17  0  0
 2  0      0 13873952 281104 1672412    0    0     0     0 1917 1214 74 10 16  0  0
 1  0      0 13873952 281104 1672424    0    0     0     0 1922 1223 76  6 18  0  0
procs -----------memory---------- ---swap-- -----io---- -system-- ------cpu-----
 r  b   swpd   free   buff  cache   si   so    bi    bo   in   cs us sy id wa st
 1  0      0 13873952 281104 1672440    0    0     0     0 1926 1214 81  1 18  0  0
 1  0      0 13873952 281104 1672456    0    0     0    88 1947 1260 79  3 16  1  0
 1  0      0 13873952 281104 1672468    0    0     0     0 1906 1243 82  0 18  0  0
 1  0      0 13873952 281104 1672484    0    0     0     0 1922 1236 82  0 18  0  0
 1  0      0 13873952 281104 1672500    0    0     0     0 1916 1240 82  0 18  0  0
 1  0      0 13873952 281104 1672512    0    0     0     0 1916 1201 83  0 17  0  0
 1  0      0 13873952 281104 1672528    0    0     0    24 1920 1189 81  1 18  0  0
 1  0      0 13873952 281104 1672548    0    0     0     0 1940 1182 79  5 16  0  0
 1  0      0 13871160 281104 1672560    0    0     0     0 1923  771 94  2  4  0  0
 0  0      0 13873588 281104 1672564    0    0     0     0 1938 1175 79  5 16  0  0
 0  0      0 13873588 281104 1672576    0    0     0     0 1916 1170 82  0 18  0  0
 1  0      0 13873588 281104 1672592    0    0     0    80 1954 1185 81  1 17  1  0
 1  0      0 13873588 281104 1672608    0    0     0     0 1947 1167 82  0 18  0  0
 2  0      0 13873588 281104 1672620    0    0     0     0 1931 1161 81  1 18  0  0
 1  0      0 13873588 281104 1672636    0    0     0     0 1943 1159 82  0 18  0  0
 1  0      0 13873588 281104 1672652    0    0     0     0 1969 1165 82  0 18  0  0
 1  0      0 13873588 281104 1672668    0    0     0    24 1907 1175 81  2 17  0  0
 1  0      0 13873588 281104 1672680    0    0     0     0 1968 1303 83  0 17  0  0
 1  0      0 13873588 281104 1672696    0    0     0     0 1929 1184 82  0 18  0  0
 1  0      0 13873588 281104 1672712    0    0     0     0 1929 1189 82  0 18  0  0
 1  0      0 13873588 281104 1672724    0    0     0     0 1936 1191 82  0 18  0  0
procs -----------memory---------- ---swap-- -----io---- -system-- ------cpu-----
 r  b   swpd   free   buff  cache   si   so    bi    bo   in   cs us sy id wa st
 1  0      0 13873588 281104 1672744    0    0     0    24 1941 1209 82  0 16  1  0
 1  0      0 13873588 281104 1672760    0    0     0     0 1916 1193 82  0 18  0  0
 1  0      0 13873588 281104 1672776    0    0     0     0 1943 1195 82  0 18  0  0
 1  0      0 13873588 281104 1672792    0    0     0     0 1927 1199 82  0 18  0  0
 1  0      0 13873588 281104 1672804    0    0     0     0 1942 1210 81  1 18  0  0
 1  0      0 13873588 281104 1672820    0    0     0   488 1921 1266 75  9 16  0  0
 1  0      0 13873588 281104 1672836    0    0     0     0 1923 1227 75  9 16  0  0
 1  0      0 13873588 281104 1672848    0    0     0     0 1930 1210 81  1 18  0  0
 2  0      0 13873588 281104 1672864    0    0     0     0 1952 1215 83  0 17  0  0
 0  0      0 13873588 281104 1672880    0    0     0     0 1935 1209 82  0 18  0  0
 0  0      0 13873588 281104 1672892    0    0     0    24 1937 1216 82  0 18  0  0
 0  0      0 13873588 281104 1672908    0    0     0    32 1927 1206 82  0 18  0  0
 0  0      0 13873588 281104 1672924    0    0     0     0 1945 1204 80  2 18  0  0
 1  0      0 13873588 281104 1672936    0    0     0     0 1928 1212 75 10 15  0  0
 1  0      0 13873588 281104 1672952    0    0     0     0 1935 1207 76  7 17  0  0
 1  0      0 13873588 281104 1672968    0    0     0    24 1929 1232 80  2 17  1  0
 1  0      0 13873588 281104 1672980    0    0     0     0 1945 1240 82  0 18  0  0
 1  0      0 13873588 281104 1672996    0    0     0     0 1933 1251 82  0 18  0  0
 1  0      0 13873588 281104 1673012    0    0     0     0 1931 1252 83  0 17  0  0
 1  0      0 13873588 281104 1673024    0    0     0     0 1937 1255 82  0 18  0  0
 1  0      0 13873588 281104 1673040    0    0     0    24 1948 1257 83  0 17  0  0
procs -----------memory---------- ---swap-- -----io---- -system-- ------cpu-----
 r  b   swpd   free   buff  cache   si   so    bi    bo   in   cs us sy id wa st
 1  0      0 13873588 281104 1673056    0    0     0    20 1916 1194 82  0 18  0  0
 1  0      0 13873588 281104 1673068    0    0     0     0 1921 1174 81  1 18  0  0
 2  0      0 13873588 281104 1673084    0    0     0     0 1933 1188 75  9 16  0  0
 1  0      0 13873588 281104 1673100    0    0     0     0 1928 1202 78  6 16  0  0
 1  0      0 13873588 281104 1673112    0    0     0    44 1942 1201 81  2 17  0  0
 1  0      0 13873588 281104 1673128    0    0     0     0 1943 1180 82  0 18  0  0
 1  0      0 13873588 281104 1673144    0    0     0     0 1922 1181 82  1 17  0  0
 1  0      0 13873588 281104 1673156    0    0     0     0 1930 1174 82  0 18  0  0
 1  0      0 13873464 281104 1673172    0    0     0     0 1915 1167 82  0 18  0  0
 1  0      0 13873464 281104 1673188    0    0     0    24 1967 1189 80  2 17  1  0
 0  0      0 13873464 281104 1673204    0    0     0     0 1916 1173 81  2 17  0  0
 1  0      0 13873464 281104 1673220    0    0     0     0 1938 1172 82  0 18  0  0
 0  0      0 13873464 281104 1673236    0    0     0     0 1925 1190 82  0 18  0  0
 0  0      0 13873464 281104 1673248    0    0     0     0 1951 1194 82  0 18  0  0
 1  0      0 13873464 281104 1673264    0    0     0    24 1920 1206 82  0 18  0  0
 1  0      0 13873464 281104 1673280    0    0     0   452 1962 1199 82  0 18  0  0
 1  0      0 13873340 281104 1673292    0    0     0     0 1898 1199 82  0 18  0  0
 2  0      0 13873340 281104 1673308    0    0     0     0 1929 1209 82  0 18  0  0
 1  0      0 13873340 281104 1673324    0    0     0     0 1930 1214 82  0 18  0  0
 1  0      0 13873340 281104 1673336    0    0     0    32 1932 1232 82  0 18  0  0
 1  0      0 13873340 281104 1673352    0    0     0     0 1925 1256 77  7 16  0  0
procs -----------memory---------- ---swap-- -----io---- -system-- ------cpu-----
 r  b   swpd   free   buff  cache   si   so    bi    bo   in   cs us sy id wa st
 1  0      0 13873340 281104 1673368    0    0     0     0 1946 1242 75  8 17  0  0
 1  0      0 13873340 281104 1673380    0    0     0     0 1928 1227 79  4 17  0  0
 1  0      0 13873340 281104 1673396    0    0     0     0 1937 1211 82  0 18  0  0
 1  0      0 13873216 281104 1673412    0    0     0    24 1934 1221 82  0 17  1  0
 1  0      0 13873216 281104 1673432    0    0     0    20 1937 1209 82  0 18  0  0
 1  0      0 13873216 281104 1673448    0    0     0     0 1945 1203 82  0 18  0  0
 1  0      0 13873216 281104 1673464    0    0     0     0 1930 1201 81  1 18  0  0
 1  0      0 13873216 281104 1673476    0    0     0     0 1946 1212 72 11 17  0  0
 1  0      0 13873216 281104 1673492    0    0     0    24 1929 1219 79  5 16  0  0
 1  0      0 13873216 281104 1673508    0    0     0    16 1941 1224 80  2 18  0  0
 1  0      0 13873216 281104 1673520    0    0     0     0 1921 1233 81  1 18  0  0
 1  0      0 13873092 281104 1673536    0    0     0     0 1894 1246 81  2 17  0  0
 0  0      0 13873092 281104 1673552    0    0     0     0 1940 1250 82  0 18  0  0
 0  0      0 13873092 281104 1673564    0    0     0    40 1929 1265 82  0 17  1  0
 0  0      0 13873092 281104 1673580    0    0     0     0 1949 1242 82  0 18  0  0
 1  0      0 13873092 281104 1673596    0    0     0     8 1920 1190 81  1 18  0  0
 1  0      0 13873092 281104 1673608    0    0     0     0 1918 1169 82  0 18  0  0
 1  0      0 13873092 281104 1673624    0    0     0     0 1927 1162 77  6 17  0  0
 1  0      0 13873092 281104 1673640    0    0     0    32 1925 1198 77  7 16  0  0
 1  0      0 13873092 281104 1673652    0    0     0     0 1950 1183 81  1 18  0  0
 1  0      0 13872968 281104 1673668    0    0     0     0 1921 1168 82  0 18  0  0
procs -----------memory---------- ---swap-- -----io---- -system-- ------cpu-----
 r  b   swpd   free   buff  cache   si   so    bi    bo   in   cs us sy id wa st
 1  0      0 13872968 281104 1673684    0    0     0     0 1917 1165 82  0 18  0  0
 1  0      0 13872968 281104 1673696    0    0     0     0 1953 1169 82  0 18  0  0
 1  0      0 13872968 281104 1673712    0    0     0    24 1948 1180 82  0 17  1  0
 1  0      0 13872968 281104 1673728    0    0     0     0 1954 1171 81  1 18  0  0
 1  0      0 13872968 281104 1673740    0    0     0   456 1920 1169 82  1 17  0  0
 2  0      0 13872968 281104 1673756    0    0     0     0 1947 1168 81  1 18  0  0
 1  0      0 13872968 281104 1673768    0    0     0     0 1944 1171 82  0 18  0  0
 1  0      0 13872844 281104 1673784    0    0     0    32 1942 1199 80  3 17  0  0
 1  0      0 13872844 281104 1673800    0    0     0     0 1916 1188 81  1 18  0  0
 1  0      0 13872844 281104 1673812    0    0     0     0 1929 1194 82  0 18  0  0
 1  0      0 13872844 281104 1673828    0    0     0     0 1930 1185 82  0 18  0  0
 1  0      0 13872844 281104 1673844    0    0     0     0 1963 1194 82  0 18  0  0
 0  0      0 13872844 281104 1673860    0    0     0    24 1953 1216 81  0 18  1  0
 0  0      0 13872844 281104 1673872    0    0     0     0 1944 1213 82  0 18  0  0
 0  0      0 13872844 281104 1673892    0    0     0     0 1927 1237 80  3 17  0  0
 0  0      0 13872720 281104 1673908    0    0     0     0 1937 1244 74  9 17  0  0
 1  0      0 13872720 281104 1673920    0    0     0     0 1904 1219 79  4 17  0  0
 1  0      0 13872720 281104 1673936    0    0     0    24 1929 1225 80  2 18  0  0
 1  0      0 13872720 281104 1673948    0    0     0     0 1920 1203 82  0 18  0  0
 1  0      0 13872720 281104 1673964    0    0     0    24 1950 1217 82  0 18  0  0
 2  0      0 13872720 281104 1673980    0    0     0     0 1901 1199 82  0 18  0  0
procs -----------memory---------- ---swap-- -----io---- -system-- ------cpu-----
 r  b   swpd   free   buff  cache   si   so    bi    bo   in   cs us sy id wa st
 1  0      0 13872720 281104 1673992    0    0     0     0 1928 1201 82  0 18  0  0
 1  0      0 13872720 281104 1674008    0    0     0    24 1904 1227 69 15 15  0  0
 1  0      0 13872720 281104 1674024    0    0     0     0 1939 1208 76  7 17  0  0
 1  0      0 13872596 281104 1674036    0    0     0    12 1940 1218 80  2 18  0  0
 1  0      0 13872596 281104 1674052    0    0     0     0 1926 1234 82  0 18  0  0
 1  0      0 13872596 281104 1674068    0    0     0     0 1923 1253 79  3 18  0  0
 1  0      0 13872596 281104 1674084    0    0     0    36 1902 1266 82  0 17  1  0
 1  0      0 13872596 281104 1674104    0    0     0     0 1937 1251 83  0 17  0  0
 1  0      0 13872596 281104 1674120    0    0     0     8 1925 1238 82  0 18  0  0
 1  0      0 13872596 281104 1674132    0    0     0     0 1921 1206 82  0 18  0  0
 1  0      0 13872596 281104 1674148    0    0     0     0 1902 1176 81  1 18  0  0
 1  0      0 13872472 281104 1674164    0    0     0    32 1928 1183 81  2 17  0  0
 1  0      0 13872472 281104 1674176    0    0     0     0 1938 1180 74 11 15  0  0
 0  0      0 13872472 281104 1674192    0    0     0     0 1937 1180 79  4 17  0  0
 3  0      0 13872472 281104 1674208    0    0     0   452 1923 1177 82  0 18  0  0
 0  0      0 13872472 281104 1674220    0    0     0     0 1950 1182 82  1 17  0  0
 0  0      0 13872472 281104 1674236    0    0     0    32 1924 1179 81  0 18  1  0
 1  0      0 13872472 281104 1674252    0    0     0     0 1937 1163 82  0 18  0  0
 1  0      0 13872472 281104 1674264    0    0     0     0 1948 1166 82  1 17  0  0
 1  0      0 13872348 281104 1674280    0    0     0     0 1943 1174 80  2 18  0  0
 1  0      0 13872348 281104 1674296    0    0     0     0 1965 1176 82  1 17  0  0
procs -----------memory---------- ---swap-- -----io---- -system-- ------cpu-----
 r  b   swpd   free   buff  cache   si   so    bi    bo   in   cs us sy id wa st
 1  0      0 13872348 281104 1674308    0    0     0    24 1937 1180 82  0 18  0  0
 1  0      0 13872348 281104 1674324    0    0     0     0 1951 1191 82  0 18  0  0
 1  0      0 13872348 281104 1674340    0    0     0     0 1934 1191 82  0 18  0  0
 1  0      0 13872348 281104 1674352    0    0     0     0 1956 1191 82  0 18  0  0
 1  0      0 13872348 281104 1674368    0    0     0     0 1940 1192 82  0 18  0  0
 1  0      0 13872348 281104 1674384    0    0     0    24 1942 1204 82  0 18  0  0
 1  0      0 13872348 281104 1674396    0    0     0     0 1927 1202 82  0 18  0  0
 1  0      0 13872224 281104 1674412    0    0     0     0 1935 1204 83  0 17  0  0
 2  0      0 13872224 281104 1674428    0    0     0     0 1936 1217 82  0 18  0  0
 1  0      0 13872224 281104 1674440    0    0     0     0 1949 1256 73 11 16  0  0
 1  0      0 13872224 281104 1674456    0    0     0    24 1957 1267 73 10 16  1  0
 1  0      0 13872224 281104 1674472    0    0     0     0 1961 1343 81  2 17  0  0
 1  0      0 13872224 281104 1674484    0    0     0     0 1937 1211 82  0 18  0  0
 1  0      0 13872224 281104 1674500    0    0     0    32 1943 1212 82  0 18  0  0
 0  0      0 13872100 281104 1674516    0    0     0     0 1912 1206 82  0 18  0  0
 1  0      0 13872100 281104 1674528    0    0     0    36 1944 1227 82  0 18  0  0
 0  0      0 13872100 281104 1674544    0    0     0     0 1934 1203 77  5 18  0  0
 0  0      0 13872100 281104 1674564    0    0     0     0 1930 1213 75  9 16  0  0
 1  0      0 13872100 281104 1674576    0    0     0     4 1920 1217 78  4 18  0  0
 1  0      0 13872100 281104 1674592    0    0     0     0 1942 1234 81  1 18  0  0
 1  0      0 13872100 281104 1674608    0    0     0    24 1921 1252 81  1 17  1  0
procs -----------memory---------- ---swap-- -----io---- -system-- ------cpu-----
 r  b   swpd   free   buff  cache   si   so    bi    bo   in   cs us sy id wa st
 1  0      0 13872100 281104 1674620    0    0     0     0 1937 1257 83  0 17  0  0
 1  0      0 13871976 281104 1674636    0    0     0     0 1919 1250 83  0 17  0  0
 2  0      0 13871976 281104 1674652    0    0     0   456 1923 1248 82  0 18  0  0
 1  0      0 13871976 281104 1674664    0    0     0     0 1937 1238 82  1 17  0  0
 1  0      0 13871976 281104 1674680    0    0     0    32 1918 1188 82  0 18  0  0
 1  0      0 13871976 281104 1674696    0    0     0     0 1954 1173 82  1 17  0  0
 1  0      0 13871976 281104 1674708    0    0     0     0 1940 1176 76  8 16  0  0
 1  0      0 13871976 281104 1674724    0    0     0     0 1933 1188 76  8 16  0  0
 1  0      0 13871976 281104 1674740    0    0     0     0 1954 1182 82  0 18  0  0
 1  0      0 13871852 281104 1674752    0    0     0    24 1915 1188 82  0 17  1  0
