# stats: dump at 1516812703
stats: users 560 565
stats: {freemem,"tsung_controller@jarvis"} 1 4043.92578125 0 4043.92578125 4043.92578125 0 0
stats: {load,"tsung_controller@jarvis"} 1 0.0 0 0.0 0.0 0 0
stats: {cpu,"tsung_controller@jarvis"} 1 44.93539312272607 0 44.93539312272607 44.93539312272607 0 0
stats: session 1117 1625.1246392121752 1047.276084600863 6023.509 11.941 0 0
stats: users_count 1677 1677
stats: finish_users_count 1117 1117
stats: connect 1253 72.46433599361532 287.37654830806935 3045.509 0.29 0 0
stats: page 1046 682.3500860420642 524.6354276281867 2751.514 7.732 0 0
stats: request 1046 682.3500860420642 524.6354276281867 2751.514 7.732 0 0
stats: 200 1046 1046
stats: size_rcv 268357 268357
stats: size_sent 77686 77686
stats: connected 207 207
# stats: dump at 1516812713
stats: users 932 961
stats: {freemem,"tsung_controller@jarvis"} 1 4036.98046875 0.0 4043.92578125 4036.98046875 4043.92578125 1
stats: {load,"tsung_controller@jarvis"} 1 0.0 0.0 0.0 0.0 0.0 1
stats: {cpu,"tsung_controller@jarvis"} 1 1.0858585858585859 0.0 44.93539312272607 1.0858585858585859 44.93539312272607 1
stats: session 1412 3529.325575070827 1953.3588965824756 13283.16 11.941 1625.1246392121752 1117
stats: users_count 1784 3461
stats: finish_users_count 1412 2529
stats: connect 1613 869.5389020458794 1546.8402521220085 7303.587 0.29 72.46433599361532 1253
stats: page 1385 2455.060150902529 1595.7998112181278 11477.262 7.732 682.3500860420642 1046
stats: request 1385 2455.060150902529 1595.7998112181278 11477.262 7.732 682.3500860420642 1046
stats: 200 1385 2431
stats: size_rcv 354170 622527
stats: size_sent 100006 177692
stats: connected 228 435
# stats: dump at 1516812723
stats: users 921 962
stats: {freemem,"tsung_controller@jarvis"} 1 4025.98828125 0.0 4043.92578125 4025.98828125 4040.453125 2
stats: {load,"tsung_controller@jarvis"} 1 0.0 0.0 0.0 0.0 0.0 2
stats: {cpu,"tsung_controller@jarvis"} 1 2.1521521521521523 0.0 44.93539312272607 1.0858585858585859 23.01062585429233 2
stats: session 1773 4011.0817738296737 3088.6421243461923 22268.485 11.941 2688.284671411628 2529
stats: users_count 1762 5223
stats: finish_users_count 1773 4302
stats: request 1833 3015.9613104200803 2904.8284604479654 18888.53 7.732 1692.3062521596057 2431
stats: connect 1815 1197.7598363636375 2821.248197825625 15487.472 0.29 521.0621290997918 2866
stats: 200 1833 4264
stats: page 1833 3015.9613104200803 2904.8284604479654 18888.53 7.732 1692.3062521596057 2431
stats: size_rcv 468278 1090805
stats: size_sent 112530 290222
stats: connected -18 417
# stats: dump at 1516812733
stats: users 906 962
stats: {freemem,"tsung_controller@jarvis"} 1 4022.46875 0.0 4043.92578125 4022.46875 4035.6315104166665 3
stats: {load,"tsung_controller@jarvis"} 1 0.0 0.0 0.0 0.0 0.0 3
stats: {cpu,"tsung_controller@jarvis"} 1 1.6387243161477372 0.0 44.93539312272607 1.0858585858585859 16.05780128691227 3
stats: session 1830 3934.8946945355233 3517.8480338158943 30855.115 11.941 3233.4541885169733 4302
stats: users_count 1815 7038
stats: finish_users_count 1830 6132
stats: request 1806 2885.852471760786 3298.9435780068047 29228.674 7.732 2261.316505863041 4264
stats: connect 1824 971.0401924342098 2891.775734330085 31450.765 0.29 783.4433165990185 4681
stats: page 1806 2885.852471760786 3298.9435780068047 29228.674 7.732 2261.316505863041 4264
stats: 200 1806 6070
stats: size_rcv 461271 1552076
stats: size_sent 113088 403310
stats: connected 18 435
# stats: dump at 1516812743
stats: users 874 962
stats: {freemem,"tsung_controller@jarvis"} 1 4021.37890625 0.0 4043.92578125 4021.37890625 4032.3408203125 4
stats: {load,"tsung_controller@jarvis"} 1 0.0 0.0 0.0 0.0 0.0 4
stats: {cpu,"tsung_controller@jarvis"} 1 2.2473320778405528 0.0 44.93539312272607 1.0858585858585859 12.453032044221137 4
stats: session 1843 4538.362148670626 5767.971373581604 40131.378 11.941 3442.788194716247 6132
stats: users_count 1811 8849
stats: finish_users_count 1843 7975
stats: request 1827 3476.46215216202 5621.495809730148 39743.346 7.732 2447.1339612850065 6070
stats: connect 1846 1569.035424160343 5004.898747201069 31615.594 0.29 836.045422905458 6505
stats: 200 1827 7897
stats: page 1827 3476.46215216202 5621.495809730148 39743.346 7.732 2447.1339612850065 6070
stats: size_rcv 466624 2018700
stats: size_sent 114452 517762
stats: connected 19 454
# stats: dump at 1516812753
stats: users 846 962
stats: {freemem,"tsung_controller@jarvis"} 1 4020.27734375 0.0 4043.92578125 4020.27734375 4030.1484375 5
stats: {load,"tsung_controller@jarvis"} 1 0.0 0.0 0.0 0.0 0.0 5
stats: {cpu,"tsung_controller@jarvis"} 1 2.3944549464398235 0.0 44.93539312272607 1.0858585858585859 10.41189205094502 5
stats: session 1845 4248.636773441732 5374.890698596815 54082.31 11.941 3695.9722445141056 7975
stats: users_count 1817 10666
stats: finish_users_count 1845 9820
stats: request 1872 3215.7591063034165 5150.511472277344 46523.521 7.732 2685.272824743574 7897
stats: connect 1811 994.1305229155147 3266.857451143833 31615.594 0.29 998.073867680517 8351
stats: page 1872 3215.7591063034165 5150.511472277344 46523.521 7.732 2685.272824743574 7897
stats: 200 1872 9769
stats: size_rcv 478332 2497032
stats: size_sent 112282 630044
stats: connected -61 393
stats: error_connect_timeout 6 6
# stats: dump at 1516812763
stats: users 812 962
stats: {freemem,"tsung_controller@jarvis"} 1 4019.6796875 0.0 4043.92578125 4019.6796875 4028.5032552083335 6
stats: {load,"tsung_controller@jarvis"} 1 0.16015625 0.0 0.16015625 0.0 0.0 6
stats: {cpu,"tsung_controller@jarvis"} 1 1.7034700315457414 0.0 44.93539312272607 1.0858585858585859 9.075652533527487 6
stats: session 1822 5094.161572447853 9392.991100016969 63653.692 11.941 3799.8078917515263 9820
stats: users_count 1788 12454
stats: finish_users_count 1822 11642
stats: request 1809 2830.866737423992 5016.629865497916 62037.679 7.732 2786.9280933565356 9769
stats: connect 1868 754.7136311563193 2048.255967570281 31615.594 0.29 997.371112576264 10162
stats: page 1809 2830.866737423992 5016.629865497916 62037.679 7.732 2786.9280933565356 9769
stats: 200 1809 11578
stats: size_rcv 462334 2959366
stats: size_sent 115816 745860
stats: connected 59 452
stats: error_connect_timeout 51 57
# stats: dump at 1516812773
stats: users 776 962
stats: {freemem,"tsung_controller@jarvis"} 1 4019.06640625 0.0 4043.92578125 4019.06640625 4027.242745535714 7
stats: {load,"tsung_controller@jarvis"} 1 0.12890625 0.0 0.16015625 0.0 0.022879464285714284 7
stats: {cpu,"tsung_controller@jarvis"} 1 1.986421926074931 0.0 44.93539312272607 1.0858585858585859 8.022483604672951 7
stats: session 1858 4455.721148546828 7402.934840705983 63653.692 11.941 4002.3772446315047 11642
stats: users_count 1822 14276
stats: finish_users_count 1858 13500
stats: request 1844 3106.806170282003 6121.133489178868 62037.679 7.732 2793.793269303852 11578
stats: connect 1819 660.2601341396366 2208.5540508586214 31618.587 0.29 959.6916300083125 12030
stats: page 1844 3106.806170282003 6121.133489178868 62037.679 7.732 2793.793269303852 11578
stats: 200 1844 13422
stats: size_rcv 471085 3430451
stats: size_sent 112778 858638
stats: connected -25 427
stats: error_connect_timeout 7 64
# stats: dump at 1516812783
stats: users 814 962
stats: {freemem,"tsung_controller@jarvis"} 1 4018.78125 0.0 4043.92578125 4018.78125 4026.220703125 8
stats: {load,"tsung_controller@jarvis"} 1 0.109375 0.0 0.16015625 0.0 0.0361328125 8
stats: {cpu,"tsung_controller@jarvis"} 1 1.8618694175367971 0.0 44.93539312272607 1.0858585858585859 7.267975894848199 8
stats: session 1804 3975.7481358093182 5694.183269939646 72419.194 11.941 4064.770798222221 13500
stats: users_count 1842 16118
stats: finish_users_count 1804 15304
stats: connect 1837 820.3142591181258 2724.3607465798013 31618.587 0.29 920.3627332659396 13849
stats: page 1848 2805.3622624458826 4788.356805092814 70349.183 7.732 2836.7969788407104 13422
stats: request 1848 2805.3622624458826 4788.356805092814 70349.183 7.732 2836.7969788407104 13422
stats: 200 1848 15270
stats: size_rcv 472133 3902584
stats: size_sent 113894 972532
stats: connected -11 416
stats: error_connect_timeout 7 71
# stats: dump at 1516812793
stats: users 865 962
stats: {freemem,"tsung_controller@jarvis"} 1 4009.43359375 0.0 4043.92578125 4009.43359375 4025.394097222222 9
stats: {load,"tsung_controller@jarvis"} 1 0.1015625 0.0 0.16015625 0.0 0.044270833333333336 9
stats: {cpu,"tsung_controller@jarvis"} 1 2.306342441714716 0.0 44.93539312272607 1.0858585858585859 6.667297397369154 9
stats: session 1849 3827.3197587885425 4350.234523039653 72419.194 11.941 4054.2770133951904 15304
stats: users_count 1900 18018
stats: finish_users_count 1849 17153
stats: request 1813 2808.2759034749056 3834.2067707822002 70349.183 7.732 2832.9926988212183 15270
stats: 200 1813 17083
stats: connect 1868 956.0107955032122 2957.5237985556696 31618.587 0.29 908.645976475838 15686
stats: page 1813 2808.2759034749056 3834.2067707822002 70349.183 7.732 2832.9926988212183 15270
stats: size_rcv 463200 4365784
stats: size_sent 115816 1088348
stats: connected 55 471
stats: error_connect_timeout 2 73
# stats: dump at 1516812803
stats: users 804 962
stats: {freemem,"tsung_controller@jarvis"} 1 3999.7890625 0.0 4043.92578125 3999.7890625 4023.798046875 10
stats: {load,"tsung_controller@jarvis"} 1 0.078125 0.0 0.16015625 0.0 0.05 10
stats: {cpu,"tsung_controller@jarvis"} 1 2.7172551965940395 0.0 44.93539312272607 1.0858585858585859 6.23120190180371 10
stats: session 1859 4060.3785621301863 4898.939378240423 91580.064 11.941 4029.8122571561835 17153
stats: users_count 1798 19816
stats: finish_users_count 1859 19012
stats: connect 1848 961.9120703463208 2892.892367369494 31618.587 0.29 913.6862796513612 17554
stats: page 1855 2898.985444204855 3986.4507709663285 85698.0 7.732 2830.369532517708 17083
stats: request 1855 2898.985444204855 3986.4507709663285 85698.0 7.732 2830.369532517708 17083
stats: 200 1855 18938
stats: size_rcv 473875 4839659
stats: size_sent 114576 1202924
stats: connected -7 464
stats: error_connect_timeout 5 78
# stats: dump at 1516812813
stats: users 867 962
stats: {freemem,"tsung_controller@jarvis"} 1 3998.78125 0.0 4043.92578125 3998.78125 4021.615411931818 11
stats: {load,"tsung_controller@jarvis"} 1 0.0703125 0.0 0.16015625 0.0 0.052556818181818184 11
stats: {cpu,"tsung_controller@jarvis"} 1 2.909227119490573 0.0 44.93539312272607 1.0858585858585859 5.911752201330104 11
stats: session 1780 4585.808844382011 7245.754925587672 91580.064 11.941 4032.801041131918 19012
stats: users_count 1843 21659
stats: finish_users_count 1780 20792
stats: request 1834 3144.409943293346 5653.816136939812 85698.0 7.732 2837.0905440384417 18938
stats: page 1834 3144.409943293346 5653.816136939812 85698.0 7.732 2837.0905440384417 18938
stats: connect 1814 885.960361080485 2520.853808105699 31618.587 0.266 918.2796855478814 19402
stats: 200 1834 20772
stats: size_rcv 468815 5308474
stats: size_sent 112468 1315392
stats: connected -20 444
stats: error_connect_timeout 19 97
# stats: dump at 1516812823
stats: users 812 962
stats: {freemem,"tsung_controller@jarvis"} 1 3998.8671875 0.0 4043.92578125 3998.78125 4019.7125651041665 12
stats: {load,"tsung_controller@jarvis"} 1 0.19921875 0.0 0.19921875 0.0 0.054036458333333336 12
stats: {cpu,"tsung_controller@jarvis"} 1 2.457372116349047 0.0 44.93539312272607 1.0858585858585859 5.661541777843476 12
stats: session 1869 5569.641292134819 13309.183376310992 114262.559 11.941 4080.1439561850716 20792
stats: users_count 1814 23473
stats: finish_users_count 1869 22661
stats: page 1832 4409.806793122273 12915.68101575831 113480.602 7.732 2864.224367369536 20772
stats: request 1832 4409.806793122273 12915.68101575831 113480.602 7.732 2864.224367369536 20772
stats: connect 1827 857.818366174055 2397.0079204056888 31618.587 0.266 915.5163345588232 21216
stats: 200 1808 22580
stats: size_rcv 461943 5770417
stats: size_sent 113274 1428666
stats: connected -5 439
stats: error_connect_timeout 1 98
# stats: dump at 1516812833
stats: users 776 962
stats: {freemem,"tsung_controller@jarvis"} 1 3998.68359375 0.0 4043.92578125 3998.68359375 4018.109074519231 13
stats: {load,"tsung_controller@jarvis"} 1 0.171875 0.0 0.19921875 0.0 0.06520432692307693 13
stats: {cpu,"tsung_controller@jarvis"} 1 3.199302875637993 0.0 44.93539312272607 1.0858585858585859 5.41506718849775 13
stats: session 1859 4873.968294244226 10895.296155474238 124934.667 11.941 4202.992485415471 22661
stats: users_count 1823 25296
stats: finish_users_count 1859 24520
stats: connect 1832 1143.3478640829667 3456.7183298380064 31624.427 0.266 910.9416616325996 23043
stats: request 1867 3831.5498960899795 10767.660457171804 122668.611 7.732 2989.4901169704485 22604
stats: 200 1853 24433
stats: page 1867 3831.5498960899795 10767.660457171804 122668.611 7.732 2989.4901169704485 22604
stats: size_rcv 473570 6243987
stats: size_sent 113584 1542250
stats: connected -35 404
stats: error_connect_timeout 1 99
# stats: dump at 1516812843
stats: users 730 962
stats: {freemem,"tsung_controller@jarvis"} 1 4000.3046875 0.0 4043.92578125 3998.68359375 4016.7215401785716 14
stats: {load,"tsung_controller@jarvis"} 1 0.1484375 0.0 0.19921875 0.0 0.07282366071428571 14
stats: {cpu,"tsung_controller@jarvis"} 1 4.648008876833929 0.0 44.93539312272607 1.0858585858585859 5.256798309007769 14
stats: session 1836 4163.254729847497 5576.54836105812 124934.667 11.941 4253.862959665579 24520
stats: users_count 1790 27086
stats: finish_users_count 1836 26356
stats: request 1859 2882.9818897256537 3736.7898788279854 122668.611 7.732 3053.734553553186 24471
stats: 200 1859 26292
stats: connect 1817 977.3280022014297 2997.0085071870158 31624.427 0.266 928.0579696884416 24875
stats: page 1859 2882.9818897256537 3736.7898788279854 122668.611 7.732 3053.734553553186 24471
stats: size_rcv 475070 6719057
stats: size_sent 112654 1654904
stats: connected -42 362
stats: error_connect_timeout 14 113
# stats: dump at 1516812853
stats: users 761 962
stats: {freemem,"tsung_controller@jarvis"} 1 3998.69140625 0.0 4043.92578125 3998.68359375 4015.6270833333333 15
stats: {load,"tsung_controller@jarvis"} 1 0.19921875 0.0 0.19921875 0.0 0.07786458333333333 15
stats: {cpu,"tsung_controller@jarvis"} 1 2.3600301280441878 0.0 44.93539312272607 1.0858585858585859 5.216212346862846 15
stats: session 1816 4656.528606828192 9564.765238411303 141542.581 11.941 4247.55104928669 26356
stats: users_count 1847 28933
stats: finish_users_count 1816 28172
stats: connect 1851 905.7090507833616 3002.992577831663 31624.427 0.266 931.4119202757373 26692
stats: page 1816 3282.2801150881032 8035.686903354107 137776.676 7.732 3041.6787540068362 26330
stats: request 1816 3282.2801150881032 8035.686903354107 137776.676 7.732 3041.6787540068362 26330
stats: 200 1812 28104
stats: size_rcv 462782 7181839
stats: size_sent 114762 1769666
stats: connected 35 397
stats: error_connect_timeout 8 121
# stats: dump at 1516812863
stats: users 738 962
stats: {freemem,"tsung_controller@jarvis"} 1 3991.37890625 0.0 4043.92578125 3991.37890625 4014.568603515625 16
stats: {load,"tsung_controller@jarvis"} 1 0.171875 0.0 0.19921875 0.0 0.08544921875 16
stats: {cpu,"tsung_controller@jarvis"} 1 2.594310063917784 0.0 44.93539312272607 1.0858585858585859 5.037700958186679 16
stats: session 1856 4528.49136745689 10135.537959039137 163097.82 11.941 4273.914219970183 28172
stats: users_count 1833 30766
stats: finish_users_count 1856 30028
stats: request 1859 3469.1351715976325 9641.968082093463 139058.524 7.732 3057.202525474312 28146
stats: 200 1846 29950
stats: connect 1847 819.4954017325376 1969.4738436287225 31624.427 0.266 929.7451013908833 28543
stats: page 1859 3469.1351715976325 9641.968082093463 139058.524 7.732 3057.202525474312 28146
stats: size_rcv 471514 7653353
stats: size_sent 114514 1884180
stats: connected -12 385
stats: error_connect_timeout 6 127
# stats: dump at 1516812873
stats: users 725 962
stats: {freemem,"tsung_controller@jarvis"} 1 3991.21484375 0.0 4043.92578125 3991.21484375 4013.2045036764707 17
stats: {load,"tsung_controller@jarvis"} 1 0.140625 0.0 0.19921875 0.0 0.09053308823529412 17
stats: {cpu,"tsung_controller@jarvis"} 1 2.2342161415840343 0.0 44.93539312272607 1.0858585858585859 4.8939720820532155 17
stats: session 1843 3720.2399549647253 3994.7984591065024 163097.82 11.941 4289.649373351537 30028
stats: users_count 1830 32596
stats: finish_users_count 1843 31871
stats: request 1832 2658.402197052403 3444.201945628511 139058.524 7.732 3082.724364805865 30005
stats: connect 1812 759.2098741721861 2489.026335757986 31624.427 0.266 923.0445026653497 30390
stats: page 1832 2658.402197052403 3444.201945628511 139058.524 7.732 3082.724364805865 30005
stats: 200 1832 31782
stats: size_rcv 468024 8121377
stats: size_sent 112344 1996524
stats: connected -20 365
stats: error_connect_timeout 0 127
# stats: dump at 1516812883
stats: users 30 962
stats: {freemem,"tsung_controller@jarvis"} 1 3991.1015625 0.0 4043.92578125 3991.1015625 4011.982855902778 18
stats: {load,"tsung_controller@jarvis"} 1 0.12109375 0.0 0.19921875 0.0 0.09331597222222222 18
stats: {cpu,"tsung_controller@jarvis"} 1 2.6513256628314155 0.0 44.93539312272607 1.0858585858585859 4.7462078631382605 18
stats: session 892 5943.242160313896 8468.595612252233 163097.82 11.941 4256.722212042294 31871
stats: users_count 197 32793
stats: finish_users_count 892 32763
stats: page 926 3965.413681425483 6220.073570351029 139058.524 6.569 3058.3075475390265 31837
stats: request 926 3965.413681425483 6220.073570351029 139058.524 6.569 3058.3075475390265 31837
stats: connect 579 2458.1104058721926 6364.257951675331 31624.427 0.266 913.8255613937016 32202
stats: 200 926 32708
stats: size_rcv 236736 8358113
stats: size_sent 35898 2032422
stats: connected -347 18
stats: error_connect_timeout 11 138
# stats: dump at 1516812893
stats: users 6 962
stats: {freemem,"tsung_controller@jarvis"} 1 3997.26953125 0.0 4043.92578125 3991.1015625 4010.8838404605262 19
stats: {load,"tsung_controller@jarvis"} 1 0.1015625 0.0 0.19921875 0.0 0.09477796052631579 19
stats: {cpu,"tsung_controller@jarvis"} 1 0.525 0.0 44.93539312272607 0.525 4.635950905227373 19
stats: session 24 44071.10895833333 14263.427173437767 163097.82 11.941 4302.639124225497 32763
stats: users_count 0 32793
stats: finish_users_count 24 32787
stats: request 24 34780.50241666666 20851.202703834875 139058.524 6.569 3083.9456234166582 32763
stats: connect 12 19660.909166666665 14573.047981030928 31624.427 0.266 941.1017556816442 32781
stats: 200 24 32732
stats: page 24 34780.50241666666 20851.202703834875 139058.524 6.569 3083.9456234166582 32763
stats: size_rcv 6176 8364289
stats: size_sent 744 2033166
stats: connected -12 6
stats: error_connect_timeout 4 142
# stats: dump at 1516812903
stats: users 0 962
stats: {freemem,"tsung_controller@jarvis"} 1 3998.2109375 0.0 4043.92578125 3991.1015625 4010.203125 20
stats: {load,"tsung_controller@jarvis"} 1 0.08984375 0.0 0.19921875 0.0 0.0951171875 20
stats: {cpu,"tsung_controller@jarvis"} 1 0.15 0.0 44.93539312272607 0.15 4.4304033599660055 20
stats: session 6 111738.527 27968.180619847655 163097.82 11.941 4331.7495422576 32787
stats: users_count 0 32793
stats: finish_users_count 6 32793
stats: request 6 111090.49116666667 27909.48345833492 139058.524 6.569 3107.147421783023 32787
stats: connect 0 0 0 31624.427 0.266 947.951927636995 32793
stats: page 6 111090.49116666667 27909.48345833492 139058.524 6.569 3107.147421783023 32787
stats: 200 1 32733
stats: size_rcv 258 8364547
stats: size_sent 0 2033166
stats: connected -6 0
stats: error_connect_timeout 0 142
# stats: dump at 1516812905
stats: users 0 962
stats: {freemem,"tsung_controller@jarvis"} 1 3998.453125 0.0 4043.92578125 3991.1015625 4009.6320684523807 21
stats: {load,"tsung_controller@jarvis"} 1 0.0703125 0.0 0.19921875 0.0 0.09486607142857142 21
stats: {cpu,"tsung_controller@jarvis"} 1 0.1874062968515742 0.0 44.93539312272607 0.15 4.226574628539053 21
stats: session 0 0 0 163097.82 11.941 4351.4013174762895 32793
stats: users_count 0 32793
stats: finish_users_count 0 32793
stats: request 0 0 0 139058.524 6.569 3126.9046889580086 32793
stats: connect 0 0 0 31624.427 0.266 947.951927636995 32793
stats: page 0 0 0 139058.524 6.569 3126.9046889580086 32793
stats: 200 0 32733
stats: size_rcv 0 8364547
stats: size_sent 0 2033166
stats: connected 0 0
stats: error_connect_timeout 0 142
EndMonitor:{1516,812905,125004}
