# stats: dump at 1517240082
stats: users 40 40
stats: {freemem,"tsung_controller@jarvis"} 1 3942.859375 0 3942.859375 3942.859375 0 0
stats: {load,"tsung_controller@jarvis"} 1 0.109375 0 0.109375 0.109375 0 0
stats: {cpu,"tsung_controller@jarvis"} 1 1.8578795753780515 0 1.8578795753780515 1.8578795753780515 0 0
stats: users_count 40 40
stats: finish_users_count 0 0
stats: request 145 493.74608965517257 531.6435047881423 1532.186 50.807 0 0
stats: connect 44 1.1341818181818175 1.927408178130405 13.743 0.592 0 0
stats: page 145 493.74608965517257 531.6435047881423 1532.186 50.807 0 0
stats: tr_loopTransaction 145 493.9446275862071 531.6649783069703 1532.408 50.925 0 0
stats: 200 145 145
stats: size_rcv 37095 37095
stats: size_sent 23400 23400
stats: connected 34 34
# stats: dump at 1517240092
stats: users 40 40
stats: {freemem,"tsung_controller@jarvis"} 1 3949.05859375 0.0 3949.05859375 3942.859375 3942.859375 1
stats: {load,"tsung_controller@jarvis"} 1 0.171875 0.0 0.171875 0.109375 0.109375 1
stats: {cpu,"tsung_controller@jarvis"} 1 3.1238285642883916 0.0 3.1238285642883916 1.8578795753780515 1.8578795753780515 1
stats: users_count 0 40
stats: finish_users_count 0 0
stats: request 180 377.7214999999999 243.2402917786466 1532.186 50.807 493.74608965517257 145
stats: connect 12 0.8795000000000001 0.15167921193536482 13.743 0.579 1.1341818181818175 44
stats: page 180 377.7214999999999 243.2402917786466 1532.186 50.807 493.74608965517257 145
stats: tr_loopTransaction 180 377.89574999999974 243.23295506795003 1532.408 50.925 493.9446275862071 145
stats: 200 180 325
stats: size_rcv 46072 83167
stats: size_sent 28704 52104
stats: connected 2 36
# stats: dump at 1517240102
stats: users 40 40
stats: {freemem,"tsung_controller@jarvis"} 1 3948.625 0.0 3949.05859375 3942.859375 3945.958984375 2
stats: {load,"tsung_controller@jarvis"} 1 0.140625 0.0 0.171875 0.109375 0.140625 2
stats: {cpu,"tsung_controller@jarvis"} 1 0.825619214410808 0.0 3.1238285642883916 0.825619214410808 2.4908540698332216 2
stats: users_count 0 40
stats: finish_users_count 0 0
stats: request 160 247.42110624999995 176.02917868323695 1532.186 50.807 429.48631692307697 325
stats: connect 16 0.7981250000000001 0.1481029519455976 13.743 0.573 1.0796071428571423 56
stats: page 160 247.42110624999995 176.02917868323695 1532.186 50.807 429.48631692307697 325
stats: tr_loopTransaction 160 247.5774062499999 176.02714370386522 1532.408 50.925 429.67140307692307 325
stats: 200 160 485
stats: size_rcv 40986 124153
stats: size_sent 25740 77844
stats: connected 0 36
# stats: dump at 1517240112
stats: users 40 40
stats: {freemem,"tsung_controller@jarvis"} 1 3936.88671875 0.0 3949.05859375 3936.88671875 3946.84765625 3
stats: {load,"tsung_controller@jarvis"} 1 0.12109375 0.0 0.171875 0.109375 0.140625 3
stats: {cpu,"tsung_controller@jarvis"} 1 1.1620642259152818 0.0 3.1238285642883916 0.825619214410808 1.935775784692417 3
stats: users_count 0 40
stats: finish_users_count 0 0
stats: request 179 338.04816759776503 230.77408618201727 1635.485 50.807 369.4235670103093 485
stats: connect 17 0.8961176470588236 0.13729867929313866 13.743 0.573 1.0170555555555552 72
stats: page 179 338.04816759776503 230.77408618201727 1635.485 50.807 369.4235670103093 485
stats: tr_loopTransaction 179 338.22401675977676 230.76707383912785 1635.669 50.925 369.5991567010309 485
stats: 200 179 664
stats: size_rcv 45809 169962
stats: size_sent 25896 103740
stats: connected 2 38
# stats: dump at 1517240122
stats: users 40 40
stats: {freemem,"tsung_controller@jarvis"} 1 3935.62890625 0.0 3949.05859375 3935.62890625 3944.357421875 4
stats: {load,"tsung_controller@jarvis"} 1 0.1015625 0.0 0.171875 0.1015625 0.1357421875 4
stats: {cpu,"tsung_controller@jarvis"} 1 0.9379689844922462 0.0 3.1238285642883916 0.825619214410808 1.7423478949981333 4
stats: users_count 0 40
stats: finish_users_count 0 0
stats: request 167 223.18303592814357 120.24473686560647 1635.485 50.807 360.96543975903603 664
stats: connect 11 0.809909090909091 0.13182733510540118 13.743 0.547 0.9939550561797749 89
stats: page 167 223.18303592814357 120.24473686560647 1635.485 50.807 360.96543975903603 664
stats: tr_loopTransaction 167 223.34685029940107 120.25203089209015 1635.669 50.925 361.1410993975904 664
stats: 200 167 831
stats: size_rcv 42761 212723
stats: size_sent 26988 130728
stats: connected -1 37
# stats: dump at 1517240132
stats: users 40 40
stats: {freemem,"tsung_controller@jarvis"} 1 3950.6640625 0.0 3950.6640625 3935.62890625 3942.61171875 5
stats: {load,"tsung_controller@jarvis"} 1 0.08984375 0.0 0.171875 0.08984375 0.12890625 5
stats: {cpu,"tsung_controller@jarvis"} 1 1.0875 0.0 3.1238285642883916 0.825619214410808 1.581472112896956 5
stats: users_count 0 40
stats: finish_users_count 0 0
stats: request 172 199.1791976744188 102.93084974991709 1635.485 50.807 333.27631648616114 831
stats: connect 16 0.8428125000000001 0.14073566478952665 13.743 0.547 0.9737099999999996 100
stats: page 172 199.1791976744188 102.93084974991709 1635.485 50.807 333.27631648616114 831
stats: tr_loopTransaction 172 199.34463953488373 102.93231251984976 1635.669 50.925 333.44959566787 831
stats: 200 172 1003
stats: size_rcv 44049 256772
stats: size_sent 26052 156780
stats: connected -4 33
# stats: dump at 1517240142
stats: users 40 40
stats: {freemem,"tsung_controller@jarvis"} 1 3949.52734375 0.0 3950.6640625 3935.62890625 3943.9537760416665 6
stats: {load,"tsung_controller@jarvis"} 1 0.1484375 0.0 0.171875 0.08984375 0.12239583333333333 6
stats: {cpu,"tsung_controller@jarvis"} 1 1.0117411941044216 0.0 3.1238285642883916 0.825619214410808 1.49914342741413 6
stats: users_count 0 40
stats: finish_users_count 0 0
stats: request 158 240.3206329113922 157.93513226403317 1635.485 50.807 310.28059920239275 1003
stats: connect 19 0.9342105263157895 0.12985845693124917 13.743 0.547 0.9556551724137928 116
stats: page 158 240.3206329113922 157.93513226403317 1635.485 50.807 310.28059920239275 1003
stats: tr_loopTransaction 158 240.4978860759493 157.93214399581103 1635.669 50.925 310.45253439680954 1003
stats: 200 158 1161
stats: size_rcv 40468 297240
stats: size_sent 24648 181428
stats: connected 4 37
# stats: dump at 1517240152
stats: users 40 40
stats: {freemem,"tsung_controller@jarvis"} 1 3949.7421875 0.0 3950.6640625 3935.62890625 3944.75 7
stats: {load,"tsung_controller@jarvis"} 1 0.12890625 0.0 0.171875 0.08984375 0.12611607142857142 7
stats: {cpu,"tsung_controller@jarvis"} 1 0.7633587786259541 0.0 3.1238285642883916 0.7633587786259541 1.4295145369413145 7
stats: users_count 0 40
stats: finish_users_count 0 0
stats: request 178 256.0344213483144 119.51207812826263 1635.485 50.807 300.75977691645124 1161
stats: connect 11 0.8581818181818182 0.14653005784220405 13.743 0.547 0.9526370370370368 135
stats: page 178 256.0344213483144 119.51207812826263 1635.485 50.807 300.75977691645124 1161
stats: tr_loopTransaction 178 256.21890449438195 119.51385237170979 1635.669 50.925 300.93243583118 1161
stats: 200 178 1339
stats: size_rcv 45574 342814
stats: size_sent 28236 209664
stats: connected 0 37
# stats: dump at 1517240162
stats: users 40 40
stats: {freemem,"tsung_controller@jarvis"} 1 3949.59765625 0.0 3950.6640625 3935.62890625 3945.3740234375 8
stats: {load,"tsung_controller@jarvis"} 1 0.109375 0.0 0.171875 0.08984375 0.12646484375 8
stats: {cpu,"tsung_controller@jarvis"} 1 0.9122719320169957 0.0 3.1238285642883916 0.7633587786259541 1.3462450671518944 8
stats: users_count 0 40
stats: finish_users_count 0 0
stats: request 178 287.2478876404492 153.8729502501828 1635.485 50.807 294.814210604929 1339
stats: connect 19 0.8108421052631579 0.14559940108244906 13.743 0.546 0.9455205479452052 146
stats: page 178 287.2478876404492 153.8729502501828 1635.485 50.807 294.814210604929 1339
stats: tr_loopTransaction 178 287.40175842696635 153.87097491508277 1635.669 50.925 294.9884413741598 1339
stats: 200 178 1517
stats: size_rcv 45571 388385
stats: size_sent 26988 236652
stats: connected -1 36
# stats: dump at 1517240172
stats: users 40 40
stats: {freemem,"tsung_controller@jarvis"} 1 3832.859375 0.0 3950.6640625 3832.859375 3945.843315972222 9
stats: {load,"tsung_controller@jarvis"} 1 0.08984375 0.0 0.171875 0.08984375 0.12456597222222222 9
stats: {cpu,"tsung_controller@jarvis"} 1 1.6497937757780277 0.0 3.1238285642883916 0.7633587786259541 1.2980258299146834 9
stats: users_count 0 40
stats: finish_users_count 0 0
stats: request 176 280.62005113636354 130.98850861097728 1635.485 50.807 293.9264021094264 1517
stats: connect 14 0.8305 0.1807270040696741 13.743 0.546 0.9300121212121211 165
stats: page 176 280.62005113636354 130.98850861097728 1635.485 50.807 293.9264021094264 1517
stats: tr_loopTransaction 176 280.79273295454544 130.98446129521625 1635.669 50.925 294.098243902439 1517
stats: 200 176 1693
stats: size_rcv 45049 433434
stats: size_sent 29016 265668
stats: connected 2 38
# stats: dump at 1517240182
stats: users 40 40
stats: {freemem,"tsung_controller@jarvis"} 1 3832.28125 0.0 3950.6640625 3832.28125 3934.544921875 10
stats: {load,"tsung_controller@jarvis"} 1 0.078125 0.0 0.171875 0.078125 0.12109375 10
stats: {cpu,"tsung_controller@jarvis"} 1 0.9875 0.0 3.1238285642883916 0.7633587786259541 1.3332026245010178 10
stats: users_count 0 40
stats: finish_users_count 0 0
stats: request 190 355.0726578947365 176.44750759550888 1635.485 50.807 292.54310750147664 1693
stats: connect 6 0.7853333333333334 0.09969564796029072 13.743 0.546 0.9222290502793294 179
stats: page 190 355.0726578947365 176.44750759550888 1635.485 50.807 292.54310750147664 1693
stats: tr_loopTransaction 190 355.23913157894737 176.43287146730472 1635.669 50.925 292.7150366213821 1693
stats: 200 190 1883
stats: size_rcv 48637 482071
stats: size_sent 28548 294216
stats: connected -2 36
# stats: dump at 1517240192
stats: users 40 40
stats: {freemem,"tsung_controller@jarvis"} 1 3841.0234375 0.0 3950.6640625 3832.28125 3925.248224431818 11
stats: {load,"tsung_controller@jarvis"} 1 0.05859375 0.0 0.171875 0.05859375 0.1171875 11
stats: {cpu,"tsung_controller@jarvis"} 1 1.2022542266750158 0.0 3.1238285642883916 0.7633587786259541 1.3017751131827435 11
stats: users_count 0 40
stats: finish_users_count 0 0
stats: request 160 299.84858124999994 174.6315176093462 1635.485 50.807 298.8525151354221 1883
stats: connect 15 0.8474 0.14117072406605174 13.743 0.5 0.9177891891891891 185
stats: page 160 299.84858124999994 174.6315176093462 1635.485 50.807 298.8525151354221 1883
stats: tr_loopTransaction 160 300.0076625 174.62626588216503 1635.669 50.925 299.0238937865108 1883
stats: 200 160 2043
stats: size_rcv 40972 523043
stats: size_sent 25272 319488
stats: connected 2 38
# stats: dump at 1517240193
stats: users 40 40
stats: {freemem,"tsung_controller@jarvis"} 0 0 0 3950.6640625 3832.28125 3918.2294921875 12
stats: {load,"tsung_controller@jarvis"} 0 0 0 0.171875 0.05859375 0.1123046875 12
stats: {cpu,"tsung_controller@jarvis"} 0 0 0 3.1238285642883916 0.7633587786259541 1.2934817059737662 12
stats: users_count 0 40
stats: finish_users_count 0 0
stats: request 15 204.57299999999998 122.11914401108453 1635.485 50.792 298.9305232501223 2043
stats: connect 1 0.573 0.0 13.743 0.5 0.9125099999999999 200
stats: page 15 204.57299999999998 122.11914401108453 1635.485 50.792 298.9305232501223 2043
stats: tr_loopTransaction 15 204.69873333333334 122.15375584154405 1635.669 50.87 299.1009388154674 2043
stats: 200 15 2058
stats: size_rcv 3841 526884
stats: size_sent 3432 322920
stats: connected -1 37
stats: error_abort 1 1
EndMonitor:{1517,240193,998051}
