# stats: dump at 1517250116
stats: users 40 40
stats: {freemem,"tsung_controller@jarvis"} 1 3111.0703125 0 3111.0703125 3111.0703125 0 0
stats: {load,"tsung_controller@jarvis"} 1 0.01171875 0 0.01171875 0.01171875 0 0
stats: {cpu,"tsung_controller@jarvis"} 1 1.8881204731461547 0 1.8881204731461547 1.8881204731461547 0 0
stats: users_count 40 40
stats: finish_users_count 0 0
stats: request 154 592.203623376624 462.27999506668954 1507.413 51.298 0 0
stats: connect 45 2.016377777777778 4.4968718475001594 18.946 0.46 0 0
stats: page 154 592.203623376624 462.27999506668954 1507.413 51.298 0 0
stats: tr_loopTransaction 154 592.427538961039 462.32927163307323 1507.623 51.446 0 0
stats: 200 154 154
stats: size_rcv 39382 39382
stats: size_sent 26208 26208
stats: connected 37 37
# stats: dump at 1517250126
stats: users 40 40
stats: {freemem,"tsung_controller@jarvis"} 1 3115.89453125 0.0 3115.89453125 3111.0703125 3111.0703125 1
stats: {load,"tsung_controller@jarvis"} 1 0.01171875 0.0 0.01171875 0.01171875 0.01171875 1
stats: {cpu,"tsung_controller@jarvis"} 1 0.8006004503377533 0.0 1.8881204731461547 0.8006004503377533 1.8881204731461547 1
stats: users_count 0 40
stats: finish_users_count 0 0
stats: request 177 366.3961129943503 216.64011302396898 1507.413 50.98 592.203623376624 154
stats: connect 16 0.8353749999999999 0.11799357768539777 18.946 0.46 2.016377777777778 45
stats: page 177 366.3961129943503 216.64011302396898 1507.413 50.98 592.203623376624 154
stats: tr_loopTransaction 177 366.5603672316386 216.63076206503183 1507.623 51.168 592.427538961039 154
stats: 200 177 331
stats: size_rcv 45313 84695
stats: size_sent 25740 51948
stats: connected 1 38
# stats: dump at 1517250136
stats: users 40 40
stats: {freemem,"tsung_controller@jarvis"} 1 3115.19140625 0.0 3115.89453125 3111.0703125 3113.482421875 2
stats: {load,"tsung_controller@jarvis"} 1 0.01171875 0.0 0.01171875 0.01171875 0.01171875 2
stats: {cpu,"tsung_controller@jarvis"} 1 0.7249093863267091 0.0 1.8881204731461547 0.7249093863267091 1.344360461741954 2
stats: users_count 0 40
stats: finish_users_count 0 0
stats: request 156 283.49937820512827 155.59367782029392 1507.413 50.931 471.4545921450154 331
stats: connect 15 0.8946666666666666 0.09790040290463002 18.946 0.46 1.7066065573770492 61
stats: page 156 283.49937820512827 155.59367782029392 1507.413 50.931 471.4545921450154 331
stats: tr_loopTransaction 156 283.67269871794866 155.5926745668869 1507.623 51.054 471.64660422960736 331
stats: 200 156 487
stats: size_rcv 39939 124634
stats: size_sent 26676 78624
stats: connected 1 39
# stats: dump at 1517250146
stats: users 40 40
stats: {freemem,"tsung_controller@jarvis"} 1 3114.9921875 0.0 3115.89453125 3111.0703125 3114.0520833333335 3
stats: {load,"tsung_controller@jarvis"} 1 0.01171875 0.0 0.01171875 0.01171875 0.01171875 3
stats: {cpu,"tsung_controller@jarvis"} 1 0.8870564717641181 0.0 1.8881204731461547 0.7249093863267091 1.1378767699368724 3
stats: users_count 0 40
stats: finish_users_count 0 0
stats: request 183 319.6026557377047 219.70637869615354 1507.413 50.922 411.2471724845998 487
stats: connect 13 0.8999999999999999 0.07224317907648392 18.946 0.46 1.546355263157895 76
stats: page 183 319.6026557377047 219.70637869615354 1507.413 50.922 411.2471724845998 487
stats: tr_loopTransaction 183 319.7638907103825 219.70951382473817 1507.623 51.041 411.43319712525675 487
stats: 200 183 670
stats: size_rcv 46857 171491
stats: size_sent 26052 104676
stats: connected -4 35
# stats: dump at 1517250156
stats: users 40 40
stats: {freemem,"tsung_controller@jarvis"} 1 3099.00390625 0.0 3115.89453125 3099.00390625 3114.287109375 4
stats: {load,"tsung_controller@jarvis"} 1 0.078125 0.0 0.078125 0.01171875 0.01171875 4
stats: {cpu,"tsung_controller@jarvis"} 1 0.8493629777666749 0.0 1.8881204731461547 0.7249093863267091 1.0751716953936838 4
stats: users_count 0 40
stats: finish_users_count 0 0
stats: request 179 362.13388826815606 233.23891891465956 1507.413 50.922 386.215908955224 670
stats: connect 19 0.7963157894736842 0.12278867281530963 18.946 0.46 1.4519438202247192 89
stats: page 179 362.13388826815606 233.23891891465956 1507.413 50.922 386.215908955224 670
stats: tr_loopTransaction 179 362.29187709497194 233.23593997283686 1507.623 51.041 386.3951626865672 670
stats: 200 179 849
stats: size_rcv 45832 217323
stats: size_sent 27924 132600
stats: connected 5 40
# stats: dump at 1517250166
stats: users 40 40
stats: {freemem,"tsung_controller@jarvis"} 1 3107.14453125 0.0 3115.89453125 3099.00390625 3111.23046875 5
stats: {load,"tsung_controller@jarvis"} 1 0.0703125 0.0 0.078125 0.01171875 0.025 5
stats: {cpu,"tsung_controller@jarvis"} 1 0.7126781695423856 0.0 1.8881204731461547 0.7126781695423856 1.0300099518682821 5
stats: users_count 0 40
stats: finish_users_count 0 0
stats: request 184 253.92840760869564 127.03514382814355 1507.413 50.82 381.1385453474676 849
stats: connect 14 0.8617142857142858 0.13385355994595016 18.946 0.46 1.3366018518518519 108
stats: page 184 253.92840760869564 127.03514382814355 1507.413 50.82 381.1385453474676 849
stats: tr_loopTransaction 184 254.10119565217397 127.03361497866888 1507.623 50.984 381.3133156654888 849
stats: 200 184 1033
stats: size_rcv 47109 264432
stats: size_sent 28704 161304
stats: connected -2 38
# stats: dump at 1517250176
stats: users 40 40
stats: {freemem,"tsung_controller@jarvis"} 1 3107.12109375 0.0 3115.89453125 3099.00390625 3110.5494791666665 6
stats: {load,"tsung_controller@jarvis"} 1 0.05859375 0.0 0.078125 0.01171875 0.032552083333333336 6
stats: {cpu,"tsung_controller@jarvis"} 1 0.8370814592703649 0.0 1.8881204731461547 0.7126781695423856 0.9771213214806327 6
stats: users_count 0 40
stats: finish_users_count 0 0
stats: request 174 383.7083850574713 270.0034325774695 1507.413 50.82 358.4796243949661 1033
stats: connect 13 0.8106923076923077 0.14944635498315598 18.946 0.46 1.2821065573770491 122
stats: page 174 383.7083850574713 270.0034325774695 1507.413 50.82 358.4796243949661 1033
stats: tr_loopTransaction 174 383.86935632183923 270.0063809555898 1507.623 50.984 358.6540416263311 1033
stats: 200 174 1207
stats: size_rcv 44545 308977
stats: size_sent 28392 189696
stats: connected 1 39
# stats: dump at 1517250186
stats: users 40 40
stats: {freemem,"tsung_controller@jarvis"} 1 3107.00390625 0.0 3115.89453125 3099.00390625 3110.0597098214284 7
stats: {load,"tsung_controller@jarvis"} 1 0.12109375 0.0 0.12109375 0.01171875 0.03627232142857143 7
stats: {cpu,"tsung_controller@jarvis"} 1 0.6252344629235964 0.0 1.8881204731461547 0.6252344629235964 0.957115626879166 7
stats: users_count 0 40
stats: finish_users_count 0 0
stats: request 177 255.0119096045198 167.60999592878127 1507.413 50.82 362.1165791217896 1207
stats: connect 11 0.9030909090909092 0.07776123659867663 18.946 0.46 1.236711111111111 135
stats: page 177 255.0119096045198 167.60999592878127 1507.413 50.82 362.1165791217896 1207
stats: tr_loopTransaction 177 255.17077966101692 167.61502869259104 1507.623 50.984 362.28905799502905 1207
stats: 200 177 1384
stats: size_rcv 45325 354302
stats: size_sent 27144 216840
stats: connected 0 39
# stats: dump at 1517250196
stats: users 40 40
stats: {freemem,"tsung_controller@jarvis"} 1 3106.5703125 0.0 3115.89453125 3099.00390625 3109.677734375 8
stats: {load,"tsung_controller@jarvis"} 1 0.1015625 0.0 0.12109375 0.01171875 0.046875 8
stats: {cpu,"tsung_controller@jarvis"} 1 0.6748312921769558 0.0 1.8881204731461547 0.6252344629235964 0.9156304813847197 8
stats: users_count 0 40
stats: finish_users_count 0 0
stats: request 189 310.9287671957671 182.03941892932338 1507.413 50.82 348.41894436416186 1384
stats: connect 9 0.9239999999999999 0.15687503873394829 18.946 0.46 1.2115753424657534 146
stats: page 189 310.9287671957671 182.03941892932338 1507.413 50.82 348.41894436416186 1384
stats: tr_loopTransaction 189 311.10345502645487 182.04788625286716 1507.623 50.984 348.58968280346824 1384
stats: 200 189 1573
stats: size_rcv 48393 402695
stats: size_sent 28548 245388
stats: connected -3 36
# stats: dump at 1517250206
stats: users 40 40
stats: {freemem,"tsung_controller@jarvis"} 1 3105.84765625 0.0 3115.89453125 3099.00390625 3109.332465277778 9
stats: {load,"tsung_controller@jarvis"} 1 0.08984375 0.0 0.12109375 0.01171875 0.05295138888888889 9
stats: {cpu,"tsung_controller@jarvis"} 1 0.8502125531382845 0.0 1.8881204731461547 0.6252344629235964 0.8888750159171903 9
stats: users_count 0 40
stats: finish_users_count 0 0
stats: request 170 249.94440588235292 137.934131483089 1507.413 50.82 343.914403051494 1573
stats: connect 16 0.8849375000000002 0.13530311745761808 18.946 0.46 1.1948774193548386 155
stats: page 170 249.94440588235292 137.934131483089 1507.413 50.82 343.914403051494 1573
stats: tr_loopTransaction 170 250.12564117647062 137.93103587592793 1507.623 50.984 344.0856160203433 1573
stats: 200 170 1743
stats: size_rcv 43526 446221
stats: size_sent 26520 271908
stats: connected -1 35
# stats: dump at 1517250216
stats: users 40 40
stats: {freemem,"tsung_controller@jarvis"} 1 3106.08203125 0.0 3115.89453125 3099.00390625 3108.983984375 10
stats: {load,"tsung_controller@jarvis"} 1 0.1484375 0.0 0.1484375 0.01171875 0.056640625 10
stats: {cpu,"tsung_controller@jarvis"} 1 0.7991010113622176 0.0 1.8881204731461547 0.6252344629235964 0.8850087696392996 10
stats: users_count 0 40
stats: finish_users_count 0 0
stats: request 158 272.0293860759493 221.63462690004715 1507.413 50.82 334.7492283419392 1743
stats: connect 18 0.7929444444444446 0.1618694509035057 18.946 0.46 1.165877192982456 171
stats: page 158 272.0293860759493 221.63462690004715 1507.413 50.82 334.7492283419392 1743
stats: tr_loopTransaction 158 272.1986582278482 221.63582497320706 1507.623 50.984 334.92141881812967 1743
stats: 200 158 1901
stats: size_rcv 40460 486681
stats: size_sent 24648 296556
stats: connected 1 36
# stats: dump at 1517250226
stats: users 40 40
stats: {freemem,"tsung_controller@jarvis"} 1 3105.58984375 0.0 3115.89453125 3099.00390625 3108.7201704545455 11
stats: {load,"tsung_controller@jarvis"} 1 0.2109375 0.0 0.2109375 0.01171875 0.06498579545454546 11
stats: {cpu,"tsung_controller@jarvis"} 1 0.8123984501937258 0.0 1.8881204731461547 0.6252344629235964 0.8771989734322923 11
stats: users_count 0 40
stats: finish_users_count 0 0
stats: request 171 271.39892982456143 171.8187205324562 1507.413 50.82 329.5363219358233 1901
stats: connect 16 0.8184374999999999 0.1166318828354837 18.946 0.46 1.1303597883597882 189
stats: page 171 271.39892982456143 171.8187205324562 1507.413 50.82 329.5363219358233 1901
stats: tr_loopTransaction 171 271.56135087719343 171.81775614041857 1507.623 50.984 329.7082698579695 1901
stats: 200 171 2072
stats: size_rcv 43798 530479
stats: size_sent 26988 323544
stats: connected -2 34
# stats: dump at 1517250227
stats: users 40 40
stats: {freemem,"tsung_controller@jarvis"} 0 0 0 3115.89453125 3099.00390625 3108.4593098958335 12
stats: {load,"tsung_controller@jarvis"} 0 0 0 0.2109375 0.01171875 0.0771484375 12
stats: {cpu,"tsung_controller@jarvis"} 0 0 0 1.8881204731461547 0.6252344629235964 0.8717989298290784 12
stats: users_count 0 40
stats: finish_users_count 0 0
stats: request 13 71.37461538461538 24.6185150728173 1507.413 50.82 324.7383035714286 2072
stats: connect 1 0.961 0.0 18.946 0.46 1.1060146341463413 205
stats: page 13 71.37461538461538 24.6185150728173 1507.413 50.82 324.7383035714286 2072
stats: tr_loopTransaction 13 71.51792307692305 24.609923028234387 1507.623 50.984 324.9094652509653 2072
stats: 200 13 2085
stats: size_rcv 3337 533816
stats: size_sent 1872 325416
stats: connected 1 35
stats: error_abort 1 1
EndMonitor:{1517,250227,446920}
