# stats: dump at 1517251078
stats: users 35 35
stats: {freemem,"tsung_controller@jarvis"} 1 2814.109375 0 2814.109375 2814.109375 0 0
stats: {load,"tsung_controller@jarvis"} 1 0.44140625 0 0.44140625 0.44140625 0 0
stats: {cpu,"tsung_controller@jarvis"} 1 1.890887922543854 0 1.890887922543854 1.890887922543854 0 0
stats: users_count 35 35
stats: finish_users_count 0 0
stats: request 125 596.218472 1154.4847159209312 4883.8 50.88 0 0
stats: connect 37 1.7253513513513508 3.4832508675491574 16.16 0.477 0 0
stats: page 125 596.218472 1154.4847159209312 4883.8 50.88 0 0
stats: tr_loopTransaction 125 596.4470240000004 1154.4848543772616 4884.001 51.056 0 0
stats: 200 125 125
stats: size_rcv 32024 32024
stats: size_sent 19656 19656
stats: connected 33 33
# stats: dump at 1517251088
stats: users 35 35
stats: {freemem,"tsung_controller@jarvis"} 1 2744.86328125 0.0 2814.109375 2744.86328125 2814.109375 1
stats: {load,"tsung_controller@jarvis"} 1 0.37890625 0.0 0.44140625 0.37890625 0.44140625 1
stats: {cpu,"tsung_controller@jarvis"} 1 3.770016391375615 0.0 3.770016391375615 1.890887922543854 1.890887922543854 1
stats: users_count 0 35
stats: finish_users_count 0 0
stats: request 168 195.36701785714277 107.64422364589313 4883.8 50.88 596.218472 125
stats: connect 9 0.7511111111111112 0.16803864928736179 16.16 0.477 1.7253513513513508 37
stats: page 168 195.36701785714277 107.64422364589313 4883.8 50.88 596.218472 125
stats: tr_loopTransaction 168 195.5271785714287 107.62861296205013 4884.001 51.056 596.4470240000004 125
stats: 200 168 293
stats: size_rcv 43033 75057
stats: size_sent 26520 46176
stats: connected 0 33
# stats: dump at 1517251098
stats: users 35 35
stats: {freemem,"tsung_controller@jarvis"} 1 2761.97265625 0.0 2814.109375 2744.86328125 2779.486328125 2
stats: {load,"tsung_controller@jarvis"} 1 0.3203125 0.0 0.44140625 0.3203125 0.41015625 2
stats: {cpu,"tsung_controller@jarvis"} 1 3.9450466347365767 0.0 3.9450466347365767 1.890887922543854 2.8304521569597343 2
stats: users_count 0 35
stats: finish_users_count 0 0
stats: request 162 208.0506790123459 115.91700759231252 4883.8 50.88 366.3787303754266 293
stats: connect 14 0.7787857142857142 0.14632262717874428 16.16 0.477 1.5347391304347824 46
stats: page 162 208.0506790123459 115.91700759231252 4883.8 50.88 366.3787303754266 293
stats: tr_loopTransaction 162 208.21360493827174 115.90114718194482 4884.001 51.056 366.56806825938594 293
stats: 200 162 455
stats: size_rcv 41484 116541
stats: size_sent 24960 71136
stats: connected 0 33
# stats: dump at 1517251108
stats: users 35 35
stats: {freemem,"tsung_controller@jarvis"} 1 2771.296875 0.0 2814.109375 2744.86328125 2773.6484375 3
stats: {load,"tsung_controller@jarvis"} 1 0.26953125 0.0 0.44140625 0.26953125 0.3802083333333333 3
stats: {cpu,"tsung_controller@jarvis"} 1 4.201995012468828 0.0 4.201995012468828 1.890887922543854 3.2019836495520146 3
stats: users_count 0 35
stats: finish_users_count 0 0
stats: request 156 223.97724358974352 125.93665283302877 4883.8 50.88 310.0069846153846 455
stats: connect 11 0.9135454545454547 0.13827466976102543 16.16 0.477 1.3583499999999995 60
stats: page 156 223.97724358974352 125.93665283302877 4883.8 50.88 310.0069846153846 455
stats: tr_loopTransaction 156 224.13409615384612 125.93311315860369 4884.001 51.056 310.1869186813189 455
stats: 200 156 611
stats: size_rcv 39963 156504
stats: size_sent 25272 96408
stats: connected 0 33
# stats: dump at 1517251118
stats: users 35 35
stats: {freemem,"tsung_controller@jarvis"} 1 2771.18359375 0.0 2814.109375 2744.86328125 2773.060546875 4
stats: {load,"tsung_controller@jarvis"} 1 0.23046875 0.0 0.44140625 0.23046875 0.3525390625 4
stats: {cpu,"tsung_controller@jarvis"} 1 2.2863568215892056 0.0 4.201995012468828 1.890887922543854 3.451986490281218 4
stats: users_count 0 35
stats: finish_users_count 0 0
stats: request 162 237.7137098765431 151.90444368883954 4883.8 50.88 288.04194435351883 611
stats: connect 9 0.8107777777777778 0.10514622387447743 16.16 0.477 1.2894366197183096 71
stats: page 162 237.7137098765431 151.90444368883954 4883.8 50.88 288.04194435351883 611
stats: tr_loopTransaction 162 237.88968518518502 151.89604597770193 4884.001 51.056 288.21598527004926 611
stats: 200 162 773
stats: size_rcv 41501 198005
stats: size_sent 24804 121212
stats: connected -2 31
# stats: dump at 1517251128
stats: users 35 35
stats: {freemem,"tsung_controller@jarvis"} 1 2769.109375 0.0 2814.109375 2744.86328125 2772.68515625 5
stats: {load,"tsung_controller@jarvis"} 1 0.19140625 0.0 0.44140625 0.19140625 0.328125 5
stats: {cpu,"tsung_controller@jarvis"} 1 2.4822252712984905 0.0 4.201995012468828 1.890887922543854 3.2188605565428157 5
stats: users_count 0 35
stats: finish_users_count 0 0
stats: request 172 317.29515697674424 223.53674358146228 4883.8 50.88 277.4945006468305 773
stats: connect 18 0.7758333333333335 0.137674031280009 16.16 0.477 1.2355874999999998 80
stats: page 172 317.29515697674424 223.53674358146228 4883.8 50.88 277.4945006468305 773
stats: tr_loopTransaction 172 317.4605406976744 223.53663583160395 4884.001 51.002 277.66894695989663 773
stats: 200 172 945
stats: size_rcv 44047 242052
stats: size_sent 26520 147732
stats: connected 1 32
# stats: dump at 1517251138
stats: users 35 35
stats: {freemem,"tsung_controller@jarvis"} 1 2755.7109375 0.0 2814.109375 2744.86328125 2772.0891927083335 6
stats: {load,"tsung_controller@jarvis"} 1 0.23828125 0.0 0.44140625 0.19140625 0.3053385416666667 6
stats: {cpu,"tsung_controller@jarvis"} 1 5.397975759090341 0.0 5.397975759090341 1.890887922543854 3.0960880090020946 6
stats: users_count 0 35
stats: finish_users_count 0 0
stats: request 140 286.7748142857143 219.38004271041308 4883.8 50.88 284.73864126984125 945
stats: connect 17 0.6653529411764706 0.1170414412160826 16.16 0.477 1.151142857142857 98
stats: page 140 286.7748142857143 219.38004271041308 4883.8 50.88 284.73864126984125 945
stats: tr_loopTransaction 140 286.9377357142857 219.37082023477996 4884.001 50.997 284.9114380952382 945
stats: 200 140 1085
stats: size_rcv 35860 277912
stats: size_sent 22932 170664
stats: connected 3 35
# stats: dump at 1517251148
stats: users 35 35
stats: {freemem,"tsung_controller@jarvis"} 1 2845.62109375 0.0 2845.62109375 2744.86328125 2769.749441964286 7
stats: {load,"tsung_controller@jarvis"} 1 0.19921875 0.0 0.44140625 0.19140625 0.29575892857142855 7
stats: {cpu,"tsung_controller@jarvis"} 1 5.733916302311055 0.0 5.733916302311055 1.890887922543854 3.424929116157558 7
stats: users_count 0 35
stats: finish_users_count 0 0
stats: request 151 168.85828476821197 105.68540997655391 4883.8 50.88 285.0013732718894 1085
stats: connect 13 0.7308461538461538 0.16480750830256313 16.16 0.477 1.0793304347826087 115
stats: page 151 168.85828476821197 105.68540997655391 4883.8 50.88 285.0013732718894 1085
stats: tr_loopTransaction 151 169.00476158940396 105.67280868247906 4884.001 50.997 285.1728958525347 1085
stats: 200 151 1236
stats: size_rcv 38682 316594
stats: size_sent 23244 193908
stats: connected -4 31
# stats: dump at 1517251158
stats: users 35 35
stats: {freemem,"tsung_controller@jarvis"} 1 2963.3515625 0.0 2963.3515625 2744.86328125 2779.2333984375 8
stats: {load,"tsung_controller@jarvis"} 1 0.171875 0.0 0.44140625 0.171875 0.28369140625 8
stats: {cpu,"tsung_controller@jarvis"} 1 4.792212654436541 0.0 5.733916302311055 1.890887922543854 3.713552514426745 8
stats: users_count 0 35
stats: finish_users_count 0 0
stats: request 175 193.8335657142857 104.49789908250362 4883.8 50.88 270.81237135922333 1236
stats: connect 13 0.7405384615384615 0.13738414161344786 16.16 0.477 1.0439375 128
stats: page 175 193.8335657142857 104.49789908250362 4883.8 50.88 270.81237135922333 1236
stats: tr_loopTransaction 175 193.9767257142856 104.50248138847053 4884.001 50.997 270.9808341423949 1236
stats: 200 175 1411
stats: size_rcv 44821 361415
stats: size_sent 27924 221832
stats: connected 0 31
# stats: dump at 1517251168
stats: users 35 35
stats: {freemem,"tsung_controller@jarvis"} 1 2938.57421875 0.0 2963.3515625 2744.86328125 2799.690972222222 9
stats: {load,"tsung_controller@jarvis"} 1 0.1484375 0.0 0.44140625 0.1484375 0.2712673611111111 9
stats: {cpu,"tsung_controller@jarvis"} 1 2.7948364456698833 0.0 5.733916302311055 1.890887922543854 3.8334036410945007 9
stats: users_count 0 35
stats: finish_users_count 0 0
stats: request 173 232.74833526011557 110.330045801539 4883.8 50.88 261.26503543586114 1411
stats: connect 13 0.8429999999999999 0.15244065680176613 16.16 0.477 1.0159645390070922 141
stats: page 173 232.74833526011557 110.330045801539 4883.8 50.88 261.26503543586114 1411
stats: tr_loopTransaction 173 232.90070520231217 110.33466562477814 4884.001 50.997 261.43036002834873 1411
stats: 200 173 1584
stats: size_rcv 44280 405695
stats: size_sent 25272 247104
stats: connected 3 34
# stats: dump at 1517251178
stats: users 35 35
stats: {freemem,"tsung_controller@jarvis"} 1 2893.2890625 0.0 2963.3515625 2744.86328125 2813.579296875 10
stats: {load,"tsung_controller@jarvis"} 1 0.26953125 0.0 0.44140625 0.1484375 0.258984375 10
stats: {cpu,"tsung_controller@jarvis"} 1 5.596594466007262 0.0 5.733916302311055 1.890887922543854 3.7295469215520383 10
stats: users_count 0 35
stats: finish_users_count 0 0
stats: request 163 164.27873006134956 84.8183820147251 4883.8 50.88 258.1505220959597 1584
stats: connect 11 0.7640000000000001 0.20972926270876854 16.16 0.477 1.0013636363636365 154
stats: page 163 164.27873006134956 84.8183820147251 4883.8 50.88 258.1505220959597 1584
stats: tr_loopTransaction 163 164.45660736196314 84.81412780229624 4884.001 50.997 258.31443181818184 1584
stats: 200 163 1747
stats: size_rcv 41760 447455
stats: size_sent 25740 272844
stats: connected -3 31
# stats: dump at 1517251188
stats: users 35 35
stats: {freemem,"tsung_controller@jarvis"} 1 2874.5859375 0.0 2963.3515625 2744.86328125 2820.8256392045455 11
stats: {load,"tsung_controller@jarvis"} 1 0.30078125 0.0 0.44140625 0.1484375 0.2599431818181818 11
stats: {cpu,"tsung_controller@jarvis"} 1 4.463724380736829 0.0 5.733916302311055 1.890887922543854 3.899278516502513 11
stats: users_count 0 35
stats: finish_users_count 0 0
stats: request 181 276.11660220994474 131.49014754842224 4883.8 50.88 249.3920206067545 1747
stats: connect 9 0.7156666666666668 0.14705478948715375 16.16 0.477 0.9855393939393939 165
stats: page 181 276.11660220994474 131.49014754842224 4883.8 50.88 249.3920206067545 1747
stats: tr_loopTransaction 181 276.27656906077317 131.49357783524545 4884.001 50.997 249.55723354321697 1747
stats: 200 181 1928
stats: size_rcv 46327 493782
stats: size_sent 29328 302172
stats: connected 3 34
# stats: dump at 1517251189
stats: users 35 35
stats: {freemem,"tsung_controller@jarvis"} 0 0 0 2963.3515625 2744.86328125 2825.3056640625 12
stats: {load,"tsung_controller@jarvis"} 0 0 0 0.44140625 0.1484375 0.2633463541666667 12
stats: {cpu,"tsung_controller@jarvis"} 0 0 0 5.733916302311055 1.890887922543854 3.946315671855373 12
stats: users_count 0 35
stats: finish_users_count 0 0
stats: request 20 376.47670000000005 48.2386532047693 4883.8 50.88 251.9009154564316 1928
stats: connect 0 0 0 16.16 0.477 0.971580459770115 174
stats: page 20 376.47670000000005 48.2386532047693 4883.8 50.88 251.9009154564316 1928
stats: tr_loopTransaction 20 376.61974999999995 48.24430961354409 4884.001 50.997 252.06563589211618 1928
stats: 200 20 1948
stats: size_rcv 5119 498901
stats: size_sent 2652 304824
stats: connected 0 34
stats: error_abort 1 1
EndMonitor:{1517,251189,953298}
