# stats: dump at 1516814167
stats: users 887 904
stats: {freemem,"tsung_controller@jarvis"} 1 3971.0390625 0 3971.0390625 3971.0390625 0 0
stats: {load,"tsung_controller@jarvis"} 1 0.0703125 0 0.0703125 0.0703125 0 0
stats: {cpu,"tsung_controller@jarvis"} 1 44.90078128314686 0 44.90078128314686 44.90078128314686 0 0
stats: session 1139 2030.7281580333622 1144.4918550666923 6649.676 16.948 0 0
stats: users_count 2026 2026
stats: finish_users_count 1139 1139
stats: connect 1356 204.68654793510328 588.3685740985112 3047.212 0.307 0 0
stats: page 1034 1172.754274661509 672.3578034799973 4402.726 7.756 0 0
stats: request 1034 1172.754274661509 672.3578034799973 4402.726 7.756 0 0
stats: 200 1034 1034
stats: size_rcv 264686 264686
stats: size_sent 84072 84072
stats: connected 322 322
# stats: dump at 1516814177
stats: users 1593 1616
stats: {freemem,"tsung_controller@jarvis"} 1 3958.4921875 0.0 3971.0390625 3958.4921875 3971.0390625 1
stats: {load,"tsung_controller@jarvis"} 1 0.05859375 0.0 0.0703125 0.05859375 0.0703125 1
stats: {cpu,"tsung_controller@jarvis"} 1 0.4470558181121471 0.0 44.90078128314686 0.4470558181121471 44.90078128314686 1
stats: session 1590 3741.020400000001 2048.8254160527235 15547.527 16.948 2030.7281580333622 1139
stats: users_count 2296 4322
stats: finish_users_count 1590 2729
stats: connect 1890 1145.7086132275083 1900.0804538351933 7302.131 0.253 204.68654793510328 1356
stats: page 1581 2651.4259108159363 1746.4113651330822 12484.597 7.756 1172.754274661509 1034
stats: request 1581 2651.4259108159363 1746.4113651330822 12484.597 7.756 1172.754274661509 1034
stats: 200 1581 2615
stats: size_rcv 403954 668640
stats: size_sent 117180 201252
stats: connected 309 631
# stats: dump at 1516814187
stats: users 2055 2068
stats: {freemem,"tsung_controller@jarvis"} 1 3941.94921875 0.0 3971.0390625 3941.94921875 3964.765625 2
stats: {load,"tsung_controller@jarvis"} 1 0.05078125 0.0 0.0703125 0.05078125 0.064453125 2
stats: {cpu,"tsung_controller@jarvis"} 1 1.0230179028132993 0.0 44.90078128314686 0.4470558181121471 22.673918550629505 2
stats: session 1805 3986.0143479224357 2961.2656229596064 27209.802 16.948 3027.1974378893374 2729
stats: users_count 2267 6589
stats: finish_users_count 1805 4534
stats: connect 1949 1193.5269907644984 2632.4624453717715 15494.044 0.253 752.6014288354869 3246
stats: request 1878 2936.5250212992505 2739.5405301825253 24155.837 7.756 2066.742747609941 2615
stats: 200 1878 4493
stats: page 1878 2936.5250212992505 2739.5405301825253 24155.837 7.756 2066.742747609941 2615
stats: size_rcv 479675 1148315
stats: size_sent 120838 322090
stats: connected 71 702
# stats: dump at 1516814197
stats: users 2489 2492
stats: {freemem,"tsung_controller@jarvis"} 1 3931.734375 0.0 3971.0390625 3931.734375 3957.16015625 3
stats: {load,"tsung_controller@jarvis"} 1 0.0390625 0.0 0.0703125 0.0390625 0.059895833333333336 3
stats: {cpu,"tsung_controller@jarvis"} 1 1.0088111352317712 0.0 44.90078128314686 0.4470558181121471 15.456951668024104 3
stats: session 1828 3994.334480306352 3461.6963159181 33422.88 16.948 3408.90553727393 4534
stats: users_count 2262 8851
stats: finish_users_count 1828 6362
stats: connect 1968 1312.7252372967469 3430.3873566486486 31531.146 0.253 918.0227801732432 5195
stats: request 1831 2968.2306460950253 3258.447471595406 32784.669 7.756 2430.2974126418844 4493
stats: 200 1831 6324
stats: page 1831 2968.2306460950253 3258.447471595406 32784.669 7.756 2430.2974126418844 4493
stats: size_rcv 467596 1615911
stats: size_sent 122016 444106
stats: connected 137 839
# stats: dump at 1516814207
stats: users 2845 2900
stats: {freemem,"tsung_controller@jarvis"} 1 3920.421875 0.0 3971.0390625 3920.421875 3950.8037109375 4
stats: {load,"tsung_controller@jarvis"} 1 0.0390625 0.0 0.0703125 0.0390625 0.0546875 4
stats: {cpu,"tsung_controller@jarvis"} 1 0.843989769820972 0.0 44.90078128314686 0.4470558181121471 11.844916534826021 4
stats: session 1892 4089.3708007399714 4301.0978824527665 37044.508 16.948 3577.117437283874 6362
stats: users_count 2248 11099
stats: finish_users_count 1892 8254
stats: request 1788 3113.5522500000066 4312.669737374437 36208.583 7.756 2586.046266287157 6324
stats: page 1788 3113.5522500000066 4312.669737374437 36208.583 7.756 2586.046266287157 6324
stats: 200 1788 8112
stats: connect 1973 1446.4048449062336 4263.536905062306 31619.3 0.253 1026.4653929917627 7163
stats: size_rcv 456918 2072829
stats: size_sent 122326 566432
stats: connected 185 1024
# stats: dump at 1516814217
stats: users 3307 3323
stats: {freemem,"tsung_controller@jarvis"} 1 3908.23046875 0.0 3971.0390625 3908.23046875 3944.72734375 5
stats: {load,"tsung_controller@jarvis"} 1 0.03125 0.0 0.0703125 0.03125 0.0515625 5
stats: {cpu,"tsung_controller@jarvis"} 1 0.9729868134681858 0.0 44.90078128314686 0.4470558181121471 9.644731181825012 5
stats: session 1798 4868.281703003351 7873.704427540422 55907.177 16.948 3694.537277804705 8254
stats: users_count 2260 13359
stats: finish_users_count 1798 10052
stats: request 1882 2809.655899043561 3544.842177814558 45946.337 7.756 2702.3160763067053 8112
stats: page 1882 2809.655899043561 3544.842177814558 45946.337 7.756 2702.3160763067053 8112
stats: connect 2039 1809.6277900931818 5110.610200054483 31619.3 0.253 1117.1550316330993 9136
stats: 200 1882 9994
stats: size_rcv 481244 2554073
stats: size_sent 126418 692850
stats: connected 157 1181
stats: error_connect_timeout 109 109
# stats: dump at 1516814227
stats: users 3840 3840
stats: {freemem,"tsung_controller@jarvis"} 1 3893.70703125 0.0 3971.0390625 3893.70703125 3938.64453125 6
stats: {load,"tsung_controller@jarvis"} 1 0.1015625 0.0 0.1015625 0.03125 0.048177083333333336 6
stats: {cpu,"tsung_controller@jarvis"} 1 0.8847288113860751 0.0 44.90078128314686 0.4470558181121471 8.19944045376554 6
stats: session 1813 9831.61914506341 16682.489425296102 62117.361 16.948 3904.484798348593 10052
stats: users_count 2346 15705
stats: finish_users_count 1813 11865
stats: request 1839 3366.819850462212 6745.165597123887 60106.823 7.756 2722.5295590354185 9994
stats: connect 2059 1552.3274706168072 4647.596184111593 31624.494 0.253 1243.5041998210284 11175
stats: page 1839 3366.819850462212 6745.165597123887 60106.823 7.756 2722.5295590354185 9994
stats: 200 1839 11833
stats: size_rcv 470233 3024306
stats: size_sent 127658 820508
stats: connected 220 1401
stats: error_connect_timeout 363 472
# stats: dump at 1516814237
stats: users 4401 4404
stats: {freemem,"tsung_controller@jarvis"} 1 3869.44140625 0.0 3971.0390625 3869.44140625 3932.2248883928573 7
stats: {load,"tsung_controller@jarvis"} 1 0.08984375 0.0 0.1015625 0.03125 0.05580357142857143 7
stats: {cpu,"tsung_controller@jarvis"} 1 2.5196040622187943 0.0 44.90078128314686 0.4470558181121471 7.15448164771133 7
stats: session 1819 9959.021567344733 16809.161824520797 70987.212 16.948 4810.164913864309 11865
stats: users_count 2380 18085
stats: finish_users_count 1819 13684
stats: connect 2084 1076.6029347408871 2582.8586874882926 31624.494 0.253 1291.5521909475594 13234
stats: request 1807 3457.6856579966766 6742.185049779944 62172.755 7.756 2822.6605356207197 11833
stats: page 1807 3457.6856579966766 6742.185049779944 62172.755 7.756 2822.6605356207197 11833
stats: 200 1807 13640
stats: size_rcv 461894 3486200
stats: size_sent 129208 949716
stats: connected 277 1678
stats: error_connect_timeout 316 788
# stats: dump at 1516814247
stats: users 4921 4921
stats: {freemem,"tsung_controller@jarvis"} 1 3832.50390625 0.0 3971.0390625 3832.50390625 3924.376953125 8
stats: {load,"tsung_controller@jarvis"} 1 0.0703125 0.0 0.1015625 0.03125 0.06005859375 8
stats: {cpu,"tsung_controller@jarvis"} 1 4.453024453024454 0.0 44.90078128314686 0.4470558181121471 6.575121949524764 8
stats: session 1846 9656.426699891643 16375.81792973325 71688.938 16.948 5494.59711590179 13684
stats: users_count 2366 20451
stats: finish_users_count 1846 15530
stats: page 1858 3240.215414962326 5467.103352741242 69544.938 7.756 2906.787397507329 13640
stats: connect 2063 1720.6517954435274 4616.277609169514 31624.494 0.253 1262.3085396918664 15318
stats: request 1858 3240.215414962326 5467.103352741242 69544.938 7.756 2906.787397507329 13640
stats: 200 1858 15498
stats: size_rcv 474700 3960900
stats: size_sent 127906 1077622
stats: connected 205 1883
stats: error_connect_timeout 305 1093
# stats: dump at 1516814257
stats: users 5492 5507
stats: {freemem,"tsung_controller@jarvis"} 1 3812.84375 0.0 3971.0390625 3812.84375 3914.1688368055557 9
stats: {load,"tsung_controller@jarvis"} 1 0.05859375 0.0 0.1015625 0.03125 0.061197916666666664 9
stats: {cpu,"tsung_controller@jarvis"} 1 3.744069752532376 0.0 44.90078128314686 0.4470558181121471 6.339333338802508 9
stats: session 1832 8605.106011462893 15434.2378499287 90743.084 16.948 5989.3001044430175 15530
stats: users_count 2403 22854
stats: finish_users_count 1832 17362
stats: connect 2016 979.7130441468258 2825.254894226934 31624.494 0.253 1316.7105957654915 17381
stats: 200 1809 17307
stats: request 1809 3239.598454947486 6249.422297377669 85457.347 7.756 2946.7608945025145 15498
stats: page 1809 3239.598454947486 6249.422297377669 85457.347 7.756 2946.7608945025145 15498
stats: size_rcv 462233 4423133
stats: size_sent 124992 1202614
stats: connected 207 2090
stats: error_connect_timeout 266 1359
# stats: dump at 1516814267
stats: users 6133 6137
stats: {freemem,"tsung_controller@jarvis"} 1 3810.66015625 0.0 3971.0390625 3810.66015625 3904.036328125 10
stats: {load,"tsung_controller@jarvis"} 1 0.05078125 0.0 0.1015625 0.03125 0.0609375 10
stats: {cpu,"tsung_controller@jarvis"} 1 4.024170737978914 0.0 44.90078128314686 0.4470558181121471 6.079806980175494 10
stats: session 1834 10240.333710468954 17681.313577641646 104664.758 16.948 6265.314182409866 17362
stats: users_count 2475 25329
stats: finish_users_count 1834 19196
stats: connect 2130 1102.0050276995353 2946.0812398170024 31624.494 0.253 1281.6852277156265 19397
stats: request 1854 3199.22723840345 5858.086644799092 86109.283 7.756 2977.36950066447 17307
stats: page 1854 3199.22723840345 5858.086644799092 86109.283 7.756 2977.36950066447 17307
stats: 200 1854 19161
stats: size_rcv 473834 4896967
stats: size_sent 132060 1334674
stats: connected 276 2366
stats: error_connect_timeout 376 1735
# stats: dump at 1516814277
stats: users 6712 6719
stats: {freemem,"tsung_controller@jarvis"} 1 3800.3125 0.0 3971.0390625 3800.3125 3895.5475852272725 11
stats: {load,"tsung_controller@jarvis"} 1 0.12109375 0.0 0.12109375 0.03125 0.060014204545454544 11
stats: {cpu,"tsung_controller@jarvis"} 1 5.384615384615385 0.0 44.90078128314686 0.4470558181121471 5.892930958157623 11
stats: session 1896 16357.10411181435 28726.75738105207 117507.86 16.948 6645.090480308405 19196
stats: users_count 2475 27804
stats: finish_users_count 1896 21092
stats: connect 2103 962.0873342843545 2362.6549348927297 31624.494 0.253 1263.9066786361323 21527
stats: page 1882 6390.33416631243 20045.24472791074 114351.861 7.756 2998.836242784822 19161
stats: 200 1817 20978
stats: request 1882 6390.33416631243 20045.24472791074 114351.861 7.756 2998.836242784822 19161
stats: size_rcv 464423 5361390
stats: size_sent 130386 1465060
stats: connected 221 2587
stats: error_connect_timeout 582 2317
# stats: dump at 1516814287
stats: users 7254 7262
stats: {freemem,"tsung_controller@jarvis"} 1 3758.91796875 0.0 3971.0390625 3758.91796875 3887.611328125 12
stats: {load,"tsung_controller@jarvis"} 1 0.1015625 0.0 0.12109375 0.03125 0.06510416666666667 12
stats: {cpu,"tsung_controller@jarvis"} 1 5.623471882640587 0.0 44.90078128314686 0.4470558181121471 5.850571327029104 12
stats: session 1881 18470.44376182882 29736.067065033305 118200.582 16.948 7518.121859283148 21092
stats: users_count 2423 30227
stats: finish_users_count 1881 22973
stats: request 1893 6749.907564183834 20628.447495637556 114505.062 7.756 3302.157969348475 21043
stats: connect 2277 1612.5764273166424 3902.613127992517 31624.494 0.253 1237.0456510791373 23630
stats: 200 1825 22803
stats: page 1893 6749.907564183834 20628.447495637556 114505.062 7.756 3302.157969348475 21043
stats: size_rcv 466583 5827973
stats: size_sent 141174 1606234
stats: connected 384 2971
stats: error_connect_timeout 666 2983
# stats: dump at 1516814297
stats: users 7652 7688
stats: {freemem,"tsung_controller@jarvis"} 1 3712.85546875 0.0 3971.0390625 3712.85546875 3877.7118389423076 13
stats: {load,"tsung_controller@jarvis"} 1 0.08984375 0.0 0.12109375 0.03125 0.06790865384615384 13
stats: {cpu,"tsung_controller@jarvis"} 1 6.774193548387098 0.0 44.90078128314686 0.4470558181121471 5.833102138999218 13
stats: session 1885 18676.18729761273 29176.02542346624 127840.583 16.948 8414.88403656467 22973
stats: users_count 2283 32510
stats: finish_users_count 1885 24858
stats: connect 2107 851.0156929283341 1880.5597662273042 31624.494 0.253 1270.0515405102872 25907
stats: request 1849 3753.445064899942 9825.294555949706 123498.821 7.756 3586.7145608650135 22936
stats: 200 1840 24643
stats: page 1849 3753.445064899942 9825.294555949706 123498.821 7.756 3586.7145608650135 22936
stats: size_rcv 470312 6298285
stats: size_sent 130634 1736868
stats: connected 258 3229
stats: error_connect_timeout 670 3653
# stats: dump at 1516814307
stats: users 8126 8160
stats: {freemem,"tsung_controller@jarvis"} 1 3695.46484375 0.0 3971.0390625 3695.46484375 3865.9363839285716 14
stats: {load,"tsung_controller@jarvis"} 1 0.0703125 0.0 0.12109375 0.03125 0.06947544642857142 14
stats: {cpu,"tsung_controller@jarvis"} 1 6.874273161907222 0.0 44.90078128314686 0.4470558181121471 5.900322953955495 14
stats: session 1948 18206.639564681733 30133.14611007636 127840.583 16.948 9193.006035401086 24858
stats: users_count 2422 34932
stats: finish_users_count 1948 26806
stats: request 1957 10230.244463464487 27562.163054131706 123498.821 7.756 3599.152918821866 24785
stats: connect 2062 945.6418094083398 2699.2186835059783 31624.494 0.253 1238.5348513243382 28014
stats: page 1957 10230.244463464487 27562.163054131706 123498.821 7.756 3599.152918821866 24785
stats: 200 1830 26473
stats: size_rcv 467695 6765980
stats: size_sent 127844 1864712
stats: connected 105 3334
stats: error_connect_timeout 575 4228
# stats: dump at 1516814317
stats: users 8605 8606
stats: {freemem,"tsung_controller@jarvis"} 1 3712.51953125 0.0 3971.0390625 3695.46484375 3854.5716145833335 15
stats: {load,"tsung_controller@jarvis"} 1 0.30078125 0.0 0.30078125 0.03125 0.06953125 15
stats: {cpu,"tsung_controller@jarvis"} 1 6.72582304526749 0.0 44.90078128314686 0.4470558181121471 5.965252967818944 15
stats: session 1904 23357.644530987352 35165.90565617516 153454.844 16.948 9848.029467283452 26806
stats: users_count 2383 37315
stats: finish_users_count 1904 28710
stats: connect 2238 1833.954382037537 5087.948126582555 31624.494 0.253 1218.4542072084057 30076
stats: page 1953 10245.376775729635 28278.549057937893 139396.501 7.756 4084.4212664722145 26742
stats: request 1953 10245.376775729635 28278.549057937893 139396.501 7.756 4084.4212664722145 26742
stats: 200 1827 28300
stats: size_rcv 467076 7233056
stats: size_sent 138756 2003468
stats: connected 285 3619
stats: error_connect_timeout 755 4983
# stats: dump at 1516814327
stats: users 8835 8860
stats: {freemem,"tsung_controller@jarvis"} 1 3706.3671875 0.0 3971.0390625 3695.46484375 3845.693359375 16
stats: {load,"tsung_controller@jarvis"} 1 0.25 0.0 0.30078125 0.03125 0.083984375 16
stats: {cpu,"tsung_controller@jarvis"} 1 6.351455810358154 0.0 44.90078128314686 0.4470558181121471 6.012788597659478 16
stats: session 2087 30764.5042697653 43234.01878689534 164464.794 16.948 10743.964928143509 28710
stats: users_count 2317 39632
stats: finish_users_count 2087 30797
stats: connect 2116 1195.916232986767 3937.1919761605177 31624.494 0.253 1261.0824609457206 32314
stats: request 2052 15852.426024853832 36759.744042251856 139396.501 7.756 4503.739827530927 28695
stats: page 2052 15852.426024853832 36759.744042251856 139396.501 7.756 4503.739827530927 28695
stats: 200 1822 30122
stats: size_rcv 465608 7698664
stats: size_sent 131192 2134660
stats: connected 64 3683
stats: error_connect_timeout 955 5938
# stats: dump at 1516814337
stats: users 9048 9051
stats: {freemem,"tsung_controller@jarvis"} 1 3711.2578125 0.0 3971.0390625 3695.46484375 3837.4977022058824 17
stats: {load,"tsung_controller@jarvis"} 1 0.2890625 0.0 0.30078125 0.03125 0.09375 17
stats: {cpu,"tsung_controller@jarvis"} 1 7.258478931140802 0.0 44.90078128314686 0.4470558181121471 6.032710198406459 17
stats: session 2084 31875.46444481767 44198.84439032659 167884.079 16.948 12100.683621716411 30797
stats: users_count 2297 41929
stats: finish_users_count 2084 32881
stats: request 2123 16915.119266603844 36958.86152623543 139550.215 7.756 5261.130925098384 30747
stats: page 2123 16915.119266603844 36958.86152623543 139550.215 7.756 5261.130925098384 30747
stats: connect 2143 1224.3885762949117 3956.244444379926 31624.494 0.253 1257.0774729015397 34430
stats: 200 1853 31975
stats: size_rcv 473440 8172104
stats: size_sent 132866 2267526
stats: connected 20 3703
stats: error_connect_timeout 818 6756
# stats: dump at 1516814347
stats: users 7311 9103
stats: {freemem,"tsung_controller@jarvis"} 1 3693.00390625 0.0 3971.0390625 3693.00390625 3830.484375 18
stats: {load,"tsung_controller@jarvis"} 1 0.55859375 0.0 0.55859375 0.03125 0.10460069444444445 18
stats: {cpu,"tsung_controller@jarvis"} 1 6.791963707064161 0.0 44.90078128314686 0.4470558181121471 6.100808461336145 18
stats: session 1984 41402.088010080675 40031.25570778366 169162.547 16.948 13354.010565402523 32881
stats: users_count 247 42176
stats: finish_users_count 1984 34865
stats: request 1976 12471.282077935255 27565.120960069064 139550.215 7.756 6013.836043717674 32870
stats: connect 1686 3347.747327995255 6122.542478733084 31624.494 0.253 1255.1620624777845 36573
stats: page 1976 12471.282077935255 27565.120960069064 139550.215 7.756 6013.836043717674 32870
stats: 200 1845 33820
stats: size_rcv 471599 8643703
stats: size_sent 104532 2372058
stats: connected -290 3413
stats: error_connect_timeout 838 7594
# stats: dump at 1516814357
stats: users 5437 9103
stats: {freemem,"tsung_controller@jarvis"} 1 3744.94140625 0.0 3971.0390625 3693.00390625 3823.2485608552633 19
stats: {load,"tsung_controller@jarvis"} 1 0.46875 0.0 0.55859375 0.03125 0.12849506578947367 19
stats: {cpu,"tsung_controller@jarvis"} 1 0.8394810480793691 0.0 44.90078128314686 0.4470558181121471 6.137185053216567 19
stats: session 1874 56483.4965048025 32086.991996563494 183696.317 16.948 14950.0921845117 34865
stats: users_count 0 42176
stats: finish_users_count 1874 36739
stats: connect 1617 12592.604332096485 13835.997685919974 31628.238 0.253 1347.3782405708462 38259
stats: request 1869 19746.09892027826 24042.782819150918 139550.215 7.756 6380.016189605694 34846
stats: page 1869 19746.09892027826 24042.782819150918 139550.215 7.756 6380.016189605694 34846
stats: 200 1803 35623
stats: size_rcv 460851 9104554
stats: size_sent 100254 2472312
stats: connected -252 3161
stats: error_connect_timeout 814 8408
# stats: dump at 1516814367
stats: users 3353 9103
stats: {freemem,"tsung_controller@jarvis"} 1 3743.0859375 0.0 3971.0390625 3693.00390625 3819.333203125 20
stats: {load,"tsung_controller@jarvis"} 1 0.3984375 0.0 0.55859375 0.03125 0.1455078125 20
stats: {cpu,"tsung_controller@jarvis"} 1 1.0984848484848484 0.0 44.90078128314686 0.4470558181121471 5.872299852959706 20
stats: session 2084 69497.05822312857 34288.26927420245 200417.018 16.948 17068.64739004873 36739
stats: users_count 0 42176
stats: finish_users_count 2084 38823
stats: connect 1515 10459.533388118829 14705.611484327013 31628.238 0.253 1803.380111119471 39876
stats: request 2099 25722.53162601239 33937.1565524509 139550.215 7.756 7060.424976848702 36715
stats: page 2099 25722.53162601239 33937.1565524509 139550.215 7.756 7060.424976848702 36715
stats: 200 1864 37487
stats: size_rcv 476316 9580870
stats: size_sent 93930 2566242
stats: connected -584 2577
stats: error_connect_timeout 1016 9424
stats: error_abort_max_conn_retries 3 3
# stats: dump at 1516814377
stats: users 1996 9103
stats: {freemem,"tsung_controller@jarvis"} 1 3744.5 0.0 3971.0390625 3693.00390625 3815.7023809523807 21
stats: {load,"tsung_controller@jarvis"} 1 0.33984375 0.0 0.55859375 0.03125 0.15755208333333334 21
stats: {cpu,"tsung_controller@jarvis"} 1 0.7745048247841544 0.0 44.90078128314686 0.4470558181121471 5.644975328937094 21
stats: session 1357 83041.60422918184 36576.5856352841 210301.557 16.948 19882.979311233037 38823
stats: users_count 0 42176
stats: finish_users_count 1357 40180
stats: connect 609 2328.19811494253 8240.761614436598 31628.238 0.253 2120.214017395087 41391
stats: request 1357 42481.43932719239 44295.78185450015 139550.215 6.231 8069.642317411245 38814
stats: page 1357 42481.43932719239 44295.78185450015 139550.215 6.231 8069.642317411245 38814
stats: 200 1052 38539
stats: size_rcv 269324 9850194
stats: size_sent 37758 2604000
stats: connected -748 1829
stats: error_connect_timeout 572 9996
stats: error_abort_max_conn_retries 6 9
# stats: dump at 1516814387
stats: users 1483 9103
stats: {freemem,"tsung_controller@jarvis"} 1 3748.94140625 0.0 3971.0390625 3693.00390625 3812.465909090909 22
stats: {load,"tsung_controller@jarvis"} 1 0.28125 0.0 0.55859375 0.03125 0.16583806818181818 22
stats: {cpu,"tsung_controller@jarvis"} 1 0.40307343494142844 0.0 44.90078128314686 0.40307343494142844 5.423590306021051 22
stats: session 513 93522.82404093562 39111.060425213764 223021.38 16.948 22016.036902414136 40180
stats: users_count 0 42176
stats: finish_users_count 513 40693
stats: request 511 60091.04453620353 48381.39469277744 139550.215 6.231 9232.093054068859 40171
stats: connect 165 0.4597636363636365 0.08631253224845449 31628.238 0.253 2123.2297868095247 42000
stats: page 511 60091.04453620353 48381.39469277744 139550.215 6.231 9232.093054068859 40171
stats: 200 301 38840
stats: size_rcv 77151 9927345
stats: size_sent 10230 2614230
stats: connected -346 1483
stats: error_connect_timeout 165 10161
stats: error_abort_max_conn_retries 2 11
# stats: dump at 1516814397
stats: users 863 9103
stats: {freemem,"tsung_controller@jarvis"} 1 3754.46875 0.0 3971.0390625 3693.00390625 3809.7039741847825 23
stats: {load,"tsung_controller@jarvis"} 1 0.23828125 0.0 0.55859375 0.03125 0.17085597826086957 23
stats: {cpu,"tsung_controller@jarvis"} 1 0.25037556334501754 0.0 44.90078128314686 0.25037556334501754 5.205306963800198 23
stats: session 620 143193.76445161263 47841.65178307653 232159.509 16.948 22917.493708303635 40693
stats: users_count 0 42176
stats: finish_users_count 620 41313
stats: request 620 128891.22671129023 47526.545101644515 228991.375 6.231 9870.924090088985 40682
stats: connect 0 0 0 31628.238 0.253 2114.9229670817035 42165
stats: page 620 128891.22671129023 47526.545101644515 228991.375 6.231 9870.924090088985 40682
stats: 200 51 38891
stats: size_rcv 13077 9940422
stats: size_sent 0 2614230
stats: connected -620 863
stats: error_connect_timeout 0 10161
stats: error_abort_max_conn_retries 0 11
# stats: dump at 1516814407
stats: users 554 9103
stats: {freemem,"tsung_controller@jarvis"} 1 3767.83203125 0.0 3971.0390625 3693.00390625 3807.4025065104165 24
stats: {load,"tsung_controller@jarvis"} 1 0.19921875 0.0 0.55859375 0.03125 0.17366536458333334 24
stats: {cpu,"tsung_controller@jarvis"} 1 0.5003752814610958 0.0 44.90078128314686 0.25037556334501754 4.998851488781232 24
stats: session 309 142215.4161877021 42494.53970810849 232159.509 16.948 24722.52572875365 41313
stats: users_count 0 42176
stats: finish_users_count 309 41622
stats: page 309 130704.77398705493 42105.904602261304 229397.168 6.231 11657.583032153409 41302
stats: request 309 130704.77398705493 42105.904602261304 229397.168 6.231 11657.583032153409 41302
stats: connect 0 0 0 31628.238 0.253 2114.9229670817035 42165
stats: 200 130 39021
stats: size_rcv 33282 9973704
stats: size_sent 0 2614230
stats: connected -309 554
stats: error_connect_timeout 0 10161
stats: error_abort_max_conn_retries 0 11
# stats: dump at 1516814417
stats: users 288 9103
stats: {freemem,"tsung_controller@jarvis"} 1 3779.3984375 0.0 3971.0390625 3693.00390625 3805.8196875 25
stats: {load,"tsung_controller@jarvis"} 1 0.171875 0.0 0.55859375 0.03125 0.1746875 25
stats: {cpu,"tsung_controller@jarvis"} 1 0.2751375687843922 0.0 44.90078128314686 0.25037556334501754 4.818912440488426 25
stats: session 266 129504.13951503758 28685.64871615534 239850.804 16.948 25594.78806962663 41622
stats: users_count 0 42176
stats: finish_users_count 266 41888
stats: request 266 112070.58625187971 6942.1926722129765 229397.168 6.231 12541.618071086972 41611
stats: page 266 112070.58625187971 6942.1926722129765 229397.168 6.231 12541.618071086972 41611
stats: connect 0 0 0 31628.238 0.253 2114.9229670817035 42165
stats: 200 145 39166
stats: size_rcv 37117 10010821
stats: size_sent 0 2614230
stats: connected -266 288
stats: error_connect_timeout 0 10161
stats: error_abort_max_conn_retries 0 11
# stats: dump at 1516814427
stats: users 240 9103
stats: {freemem,"tsung_controller@jarvis"} 1 3787.328125 0.0 3971.0390625 3693.00390625 3804.803485576923 26
stats: {load,"tsung_controller@jarvis"} 1 0.140625 0.0 0.55859375 0.03125 0.17457932692307693 26
stats: {cpu,"tsung_controller@jarvis"} 1 0.27517198248905567 0.0 44.90078128314686 0.25037556334501754 4.64415186849981 26
stats: session 48 134435.7175833334 28773.021055551813 239850.804 16.948 26254.640234554037 41888
stats: users_count 0 42176
stats: finish_users_count 48 41936
stats: connect 0 0 0 31628.238 0.253 2114.9229670817035 42165
stats: request 48 114597.12374999997 8428.747167057149 229397.168 6.231 13173.819650380876 41877
stats: 200 0 39166
stats: page 48 114597.12374999997 8428.747167057149 229397.168 6.231 13173.819650380876 41877
stats: size_rcv 0 10010821
stats: size_sent 0 2614230
stats: connected -48 240
stats: error_connect_timeout 0 10161
stats: error_abort_max_conn_retries 0 11
# stats: dump at 1516814437
stats: users 240 9103
stats: {freemem,"tsung_controller@jarvis"} 1 3814.68359375 0.0 3971.0390625 3693.00390625 3804.15625 27
stats: {load,"tsung_controller@jarvis"} 1 0.12109375 0.0 0.55859375 0.03125 0.17332175925925927 27
stats: {cpu,"tsung_controller@jarvis"} 1 0.23738130934532736 0.0 44.90078128314686 0.23738130934532736 4.48233779864756 27
stats: session 0 0 0 239850.804 16.948 26378.464436021546 41936
stats: users_count 0 42176
stats: finish_users_count 0 41936
stats: connect 0 0 0 31628.238 0.253 2114.9229670817035 42165
stats: request 0 0 0 229397.168 6.231 13289.939354537866 41925
stats: page 0 0 0 229397.168 6.231 13289.939354537866 41925
stats: 200 0 39166
stats: size_rcv 0 10010821
stats: size_sent 0 2614230
stats: connected 0 240
stats: error_connect_timeout 0 10161
stats: error_abort_max_conn_retries 0 11
# stats: dump at 1516814447
stats: users 240 9103
stats: {freemem,"tsung_controller@jarvis"} 1 3815.578125 0.0 3971.0390625 3693.00390625 3804.5322265625 28
stats: {load,"tsung_controller@jarvis"} 1 0.1015625 0.0 0.55859375 0.03125 0.17145647321428573 28
stats: {cpu,"tsung_controller@jarvis"} 1 0.12485953302534648 0.0 44.90078128314686 0.12485953302534648 4.330732209743909 28
stats: session 0 0 0 239850.804 16.948 26378.464436021546 41936
stats: users_count 0 42176
stats: finish_users_count 0 41936
stats: connect 0 0 0 31628.238 0.253 2114.9229670817035 42165
stats: request 0 0 0 229397.168 6.231 13289.939354537866 41925
stats: 200 0 39166
stats: page 0 0 0 229397.168 6.231 13289.939354537866 41925
stats: size_rcv 0 10010821
stats: size_sent 0 2614230
stats: connected 0 240
stats: error_connect_timeout 0 10161
stats: error_abort_max_conn_retries 0 11
# stats: dump at 1516814457
stats: users 62 9103
stats: {freemem,"tsung_controller@jarvis"} 1 3815.8828125 0.0 3971.0390625 3693.00390625 3804.913119612069 29
stats: {load,"tsung_controller@jarvis"} 1 0.08984375 0.0 0.55859375 0.03125 0.16904633620689655 29
stats: {cpu,"tsung_controller@jarvis"} 1 0.08744534665833854 0.0 44.90078128314686 0.08744534665833854 4.1857021174432685 29
stats: session 178 224676.91702808993 15809.582412507589 279171.658 16.948 26378.464436021546 41936
stats: users_count 0 42176
stats: finish_users_count 178 42114
stats: request 120 215814.37947499997 1697.3573192304748 229397.168 6.231 13289.939354537866 41925
stats: page 120 215814.37947499997 1697.3573192304748 229397.168 6.231 13289.939354537866 41925
stats: connect 0 0 0 31628.238 0.253 2114.9229670817035 42165
stats: 200 0 39166
stats: size_rcv 0 10010821
stats: size_sent 0 2614230
stats: connected -120 120
stats: error_connect_timeout 0 10161
stats: error_abort_max_conn_retries 0 11
# stats: dump at 1516814463
stats: users 0 9103
stats: {freemem,"tsung_controller@jarvis"} 1 3825.76171875 0.0 3971.0390625 3693.00390625 3805.278776041667 30
stats: {load,"tsung_controller@jarvis"} 1 0.0703125 0.0 0.55859375 0.03125 0.16640625 30
stats: {cpu,"tsung_controller@jarvis"} 1 0.23744063984004 0.0 44.90078128314686 0.08744534665833854 4.049093558417104 30
stats: session 62 232219.05469354836 18171.152130574013 279171.658 16.948 27216.597231799387 42114
stats: users_count 0 42176
stats: finish_users_count 62 42176
stats: page 120 225077.48804166654 10541.596279078392 245387.856 6.231 13867.961302794623 42045
stats: request 120 225077.48804166654 10541.596279078392 245387.856 6.231 13867.961302794623 42045
stats: connect 0 0 0 31628.238 0.253 2114.9229670817035 42165
stats: 200 0 39166
stats: size_rcv 0 10010821
stats: size_sent 0 2614230
stats: connected -120 0
stats: error_connect_timeout 0 10161
stats: error_abort_max_conn_retries 0 11
EndMonitor:{1516,814463,896018}
