# stats: dump at 1516791089
stats: users 25 31
stats: {freemem,"tsung_controller@jarvis"} 1 4040.66796875 0 4040.66796875 4040.66796875 0 0
stats: {load,"tsung_controller@jarvis"} 1 0.0 0 0.0 0.0 0 0
stats: {cpu,"tsung_controller@jarvis"} 1 45.46268540956317 0 45.46268540956317 45.46268540956317 0 0
stats: session 170 893.0858294117646 912.7089142818562 7579.368 12.379 0 0
stats: users_count 195 195
stats: finish_users_count 170 170
stats: request 159 9.433616352201263 2.49915798096492 23.395 7.951 0 0
stats: connect 159 0.8633270440251569 1.1750284273122462 15.437 0.368 0 0
stats: page 159 9.433616352201263 2.49915798096492 23.395 7.951 0 0
stats: 200 159 159
stats: size_rcv 40995 40995
stats: size_sent 9858 9858
stats: connected 0 0
# stats: dump at 1516791099
stats: users 20 31
stats: {freemem,"tsung_controller@jarvis"} 1 4040.796875 0.0 4040.796875 4040.66796875 4040.66796875 1
stats: {load,"tsung_controller@jarvis"} 1 0.0 0.0 0.0 0.0 0.0 1
stats: {cpu,"tsung_controller@jarvis"} 1 0.26296018031555224 0.0 45.46268540956317 0.26296018031555224 45.46268540956317 1
stats: session 193 1165.4866062176156 1269.4775577843363 7579.368 12.379 893.0858294117646 170
stats: users_count 188 383
stats: finish_users_count 193 363
stats: request 192 9.35146875 2.3195138676793405 23.395 7.797 9.433616352201263 159
stats: connect 192 0.7396197916666668 0.20102535656799603 15.437 0.368 0.8633270440251569 159
stats: page 192 9.35146875 2.3195138676793405 23.395 7.797 9.433616352201263 159
stats: 200 192 351
stats: size_rcv 49495 90490
stats: size_sent 11904 21762
stats: connected 0 0
# stats: dump at 1516791109
stats: users 24 31
stats: {freemem,"tsung_controller@jarvis"} 1 4040.7421875 0.0 4040.796875 4040.66796875 4040.732421875 2
stats: {load,"tsung_controller@jarvis"} 1 0.0 0.0 0.0 0.0 0.0 2
stats: {cpu,"tsung_controller@jarvis"} 1 0.23797595190380763 0.0 45.46268540956317 0.23797595190380763 22.862822794939362 2
stats: session 174 1018.5688850574697 1004.0896923778275 7579.368 12.339 1037.9159944903577 363
stats: users_count 178 561
stats: finish_users_count 174 537
stats: request 184 9.65285326086956 2.8833085285586306 23.395 7.797 9.388680911680913 351
stats: connect 184 0.7641467391304346 0.19094323988801484 15.437 0.368 0.7956581196581195 351
stats: page 184 9.65285326086956 2.8833085285586306 23.395 7.797 9.388680911680913 351
stats: 200 184 535
stats: size_rcv 47435 137925
stats: size_sent 11408 33170
stats: connected 0 0
# stats: dump at 1516791119
stats: users 15 31
stats: {freemem,"tsung_controller@jarvis"} 1 4039.875 0.0 4040.796875 4039.875 4040.7356770833335 3
stats: {load,"tsung_controller@jarvis"} 1 0.0 0.0 0.0 0.0 0.0 3
stats: {cpu,"tsung_controller@jarvis"} 1 0.20057665789143786 0.0 45.46268540956317 0.20057665789143786 15.321207180594177 3
stats: session 186 986.7469838709678 1028.0336219868666 7579.368 12.339 1031.6470986964612 537
stats: users_count 177 738
stats: finish_users_count 186 723
stats: request 184 9.04308152173913 1.8224682704000847 23.395 7.797 9.47953644859813 535
stats: connect 184 0.7950706521739136 0.2044286321933507 15.437 0.368 0.7848205607476634 535
stats: page 184 9.04308152173913 1.8224682704000847 23.395 7.797 9.47953644859813 535
stats: 200 184 719
stats: size_rcv 47449 185374
stats: size_sent 11408 44578
stats: connected 0 0
# stats: dump at 1516791129
stats: users 17 37
stats: {freemem,"tsung_controller@jarvis"} 1 4039.015625 0.0 4040.796875 4039.015625 4040.5205078125 4
stats: {load,"tsung_controller@jarvis"} 1 0.0 0.0 0.0 0.0 0.0 4
stats: {cpu,"tsung_controller@jarvis"} 1 0.2755511022044088 0.0 45.46268540956317 0.20057665789143786 11.541049549918492 4
stats: session 218 1102.9462798165123 956.0500884032884 7579.368 12.339 1020.0960318118944 723
stats: users_count 220 958
stats: finish_users_count 218 941
stats: request 210 9.10371904761905 2.1400419070482957 23.395 7.797 9.36784283727399 719
stats: connect 212 0.7324103773584907 0.18968687327358855 15.437 0.368 0.7874436717663422 719
stats: page 210 9.10371904761905 2.1400419070482957 23.395 7.797 9.36784283727399 719
stats: 200 210 929
stats: size_rcv 54159 239533
stats: size_sent 13144 57722
stats: connected 2 2
# stats: dump at 1516791139
stats: users 18 37
stats: {freemem,"tsung_controller@jarvis"} 1 4038.4921875 0.0 4040.796875 4038.4921875 4040.21953125 5
stats: {load,"tsung_controller@jarvis"} 1 0.0 0.0 0.0 0.0 0.0 5
stats: {cpu,"tsung_controller@jarvis"} 1 0.2757237749091365 0.0 45.46268540956317 0.20057665789143786 9.287949860375676 5
stats: session 219 1061.975118721459 1046.260173644568 7579.368 12.098 1039.2898193411256 941
stats: users_count 220 1178
stats: finish_users_count 219 1160
stats: request 224 9.71911607142857 3.468197685103316 28.266 7.776 9.308137782561895 929
stats: connect 222 0.670941441441442 0.18288351334600425 15.437 0.368 0.7749119226638024 931
stats: page 224 9.71911607142857 3.468197685103316 28.266 7.776 9.308137782561895 929
stats: 200 224 1153
stats: size_rcv 57752 297285
stats: size_sent 13764 71486
stats: connected -2 0
# stats: dump at 1516791149
stats: users 24 37
stats: {freemem,"tsung_controller@jarvis"} 1 4038.4765625 0.0 4040.796875 4038.4765625 4039.931640625 6
stats: {load,"tsung_controller@jarvis"} 1 0.0 0.0 0.0 0.0 0.0 6
stats: {cpu,"tsung_controller@jarvis"} 1 0.20027537864563774 0.0 45.46268540956317 0.20027537864563774 7.785912179464586 6
stats: session 193 922.0476580310888 902.0445477966344 7579.368 12.098 1043.572647413792 1160
stats: users_count 199 1377
stats: finish_users_count 193 1353
stats: request 194 8.965170103092783 1.9865908779680241 28.266 7.776 9.387980919340851 1153
stats: connect 194 0.7554020618556702 0.18792300242681734 15.437 0.368 0.7548933217692976 1153
stats: page 194 8.965170103092783 1.9865908779680241 28.266 7.776 9.387980919340851 1153
stats: 200 194 1347
stats: size_rcv 50037 347322
stats: size_sent 12028 83514
stats: connected 0 0
# stats: dump at 1516791159
stats: users 19 37
stats: {freemem,"tsung_controller@jarvis"} 1 4038.64453125 0.0 4040.796875 4038.4765625 4039.7237723214284 7
stats: {load,"tsung_controller@jarvis"} 1 0.0 0.0 0.0 0.0 0.0 7
stats: {cpu,"tsung_controller@jarvis"} 1 0.2505323813102844 0.0 45.46268540956317 0.20027537864563774 6.702249779347594 7
stats: session 189 1120.8366455026442 1125.4239040939271 8324.496 12.098 1026.2375971914257 1353
stats: users_count 184 1561
stats: finish_users_count 189 1542
stats: request 188 9.563409574468078 2.501918669552883 28.266 7.776 9.3270861172977 1347
stats: connect 188 0.7570212765957441 0.21135273423996842 15.437 0.368 0.754966592427617 1347
stats: page 188 9.563409574468078 2.501918669552883 28.266 7.776 9.3270861172977 1347
stats: 200 188 1535
stats: size_rcv 48475 395797
stats: size_sent 11656 95170
stats: connected 0 0
# stats: dump at 1516791169
stats: users 27 37
stats: {freemem,"tsung_controller@jarvis"} 1 4038.19921875 0.0 4040.796875 4038.19921875 4039.5888671875 8
stats: {load,"tsung_controller@jarvis"} 1 0.0 0.0 0.0 0.0 0.0 8
stats: {cpu,"tsung_controller@jarvis"} 1 0.1881349554747272 0.0 45.46268540956317 0.1881349554747272 5.89578510459293 8
stats: session 204 955.830588235293 996.1115324481557 8324.496 12.098 1037.8324221789876 1542
stats: users_count 212 1773
stats: finish_users_count 204 1746
stats: request 207 8.96833333333333 2.2852973315784983 28.266 7.776 9.35602996742671 1535
stats: connect 207 0.6389710144927542 0.18488178526333857 15.437 0.351 0.7552182410423453 1535
stats: page 207 8.96833333333333 2.2852973315784983 28.266 7.776 9.35602996742671 1535
stats: 200 207 1742
stats: size_rcv 53384 449181
stats: size_sent 12834 108004
stats: connected 0 0
# stats: dump at 1516791179
stats: users 22 37
stats: {freemem,"tsung_controller@jarvis"} 1 4022.96875 0.0 4040.796875 4022.96875 4039.4344618055557 9
stats: {load,"tsung_controller@jarvis"} 1 0.0 0.0 0.0 0.0 0.0 9
stats: {cpu,"tsung_controller@jarvis"} 1 0.2505951635133442 0.0 45.46268540956317 0.1881349554747272 5.261601754690908 9
stats: session 199 1043.1014371859292 1065.2258210787559 8324.496 12.098 1028.2514518900334 1746
stats: users_count 194 1967
stats: finish_users_count 199 1945
stats: request 197 8.817959390862939 2.0129622610324174 28.266 7.776 9.309960390355913 1742
stats: connect 197 0.6696548223350253 0.17611844952629788 15.437 0.351 0.7414047072330655 1742
stats: page 197 8.817959390862939 2.0129622610324174 28.266 7.776 9.309960390355913 1742
stats: 200 197 1939
stats: size_rcv 50807 499988
stats: size_sent 12214 120218
stats: connected 0 0
# stats: dump at 1516791189
stats: users 21 37
stats: {freemem,"tsung_controller@jarvis"} 1 4026.796875 0.0 4040.796875 4022.96875 4037.787890625 10
stats: {load,"tsung_controller@jarvis"} 1 0.0 0.0 0.0 0.0 0.0 10
stats: {cpu,"tsung_controller@jarvis"} 1 0.08773029201654342 0.0 45.46268540956317 0.08773029201654342 4.760501095573152 10
stats: session 196 1112.8657244897959 1118.0231265583468 8324.496 12.098 1029.7708077120815 1945
stats: users_count 195 2162
stats: finish_users_count 196 2141
stats: request 193 9.049766839378238 2.1363082175937076 28.266 7.72 9.259973697782362 1939
stats: connect 194 0.6292525773195876 0.14970663104871262 15.437 0.351 0.7341150077359464 1939
stats: page 193 9.049766839378238 2.1363082175937076 28.266 7.72 9.259973697782362 1939
stats: 200 193 2132
stats: size_rcv 49761 549749
stats: size_sent 12028 132246
stats: connected 1 1
# stats: dump at 1516791199
stats: users 24 37
stats: {freemem,"tsung_controller@jarvis"} 1 4025.11328125 0.0 4040.796875 4022.96875 4036.7887073863635 11
stats: {load,"tsung_controller@jarvis"} 1 0.0 0.0 0.0 0.0 0.0 11
stats: {cpu,"tsung_controller@jarvis"} 1 0.2250281285160645 0.0 45.46268540956317 0.08773029201654342 4.335703749795278 11
stats: session 193 1070.6479326424867 914.7474404399508 8324.496 12.098 1037.3778155067719 2141
stats: users_count 196 2358
stats: finish_users_count 193 2334
stats: request 194 9.366948453608247 2.555018880924181 28.266 7.72 9.240944652908068 2132
stats: connect 195 0.7456307692307689 0.2087505125482376 15.437 0.351 0.7245775902484763 2133
stats: page 194 9.366948453608247 2.555018880924181 28.266 7.72 9.240944652908068 2132
stats: 200 194 2326
stats: size_rcv 50027 599776
stats: size_sent 12090 144336
stats: connected 1 2
# stats: dump at 1516791209
stats: users 23 37
stats: {freemem,"tsung_controller@jarvis"} 1 4025.4765625 0.0 4040.796875 4022.96875 4035.8157552083335 12
stats: {load,"tsung_controller@jarvis"} 1 0.0 0.0 0.0 0.0 0.0 12
stats: {cpu,"tsung_controller@jarvis"} 1 0.312930279133809 0.0 45.46268540956317 0.08773029201654342 3.9931474480220106 12
stats: session 219 1014.9261735159813 1009.5836475170103 8324.496 12.098 1040.1289434447294 2334
stats: users_count 218 2576
stats: finish_users_count 219 2553
stats: request 223 9.249044843049324 2.2578979902360454 28.266 7.72 9.251453998280308 2326
stats: connect 222 0.7007837837837829 0.18945723354002064 15.437 0.351 0.7263410652920962 2328
stats: page 223 9.249044843049324 2.2578979902360454 28.266 7.72 9.251453998280308 2326
stats: 200 223 2549
stats: size_rcv 57505 657281
stats: size_sent 13764 158100
stats: connected -1 1
# stats: dump at 1516791219
stats: users 23 37
stats: {freemem,"tsung_controller@jarvis"} 1 4025.53125 0.0 4040.796875 4022.96875 4035.0204326923076 13
stats: {load,"tsung_controller@jarvis"} 1 0.0703125 0.0 0.0703125 0.0 0.0 13
stats: {cpu,"tsung_controller@jarvis"} 1 0.18806419257773319 0.0 45.46268540956317 0.08773029201654342 3.710053819645995 13
stats: session 194 1174.2263556701037 1285.204851156663 8324.496 12.098 1037.967013709361 2553
stats: users_count 194 2770
stats: finish_users_count 194 2747
stats: request 196 9.17074489795918 2.2417361930906905 28.266 7.72 9.25124323264025 2549
stats: connect 196 0.7495306122448976 0.1865321115913482 15.437 0.351 0.7241160784313725 2550
stats: page 196 9.17074489795918 2.2417361930906905 28.266 7.72 9.25124323264025 2549
stats: 200 196 2745
stats: size_rcv 50536 707817
stats: size_sent 12152 170252
stats: connected 0 1
# stats: dump at 1516791229
stats: users 24 37
stats: {freemem,"tsung_controller@jarvis"} 1 4025.46484375 0.0 4040.796875 4022.96875 4034.3426339285716 14
stats: {load,"tsung_controller@jarvis"} 1 0.05859375 0.0 0.0703125 0.0 0.005022321428571429 14
stats: {cpu,"tsung_controller@jarvis"} 1 0.23797595190380763 0.0 45.46268540956317 0.08773029201654342 3.458483131998262 14
stats: session 206 1068.5400728155337 960.8075217463124 8324.496 12.098 1047.5899887149615 2747
stats: users_count 207 2977
stats: finish_users_count 206 2953
stats: request 204 9.228818627450982 2.826586925689099 28.266 7.72 9.245495446265938 2745
stats: connect 203 0.7445960591132997 0.1895020812608754 15.437 0.351 0.725930080116533 2746
stats: page 204 9.228818627450982 2.826586925689099 28.266 7.72 9.245495446265938 2745
stats: 200 204 2949
stats: size_rcv 52610 760427
stats: size_sent 12586 182838
stats: connected -1 0
# stats: dump at 1516791239
stats: users 21 37
stats: {freemem,"tsung_controller@jarvis"} 1 4014.265625 0.0 4040.796875 4014.265625 4033.75078125 15
stats: {load,"tsung_controller@jarvis"} 1 0.05078125 0.0 0.0703125 0.0 0.00859375 15
stats: {cpu,"tsung_controller@jarvis"} 1 0.33838826920666754 0.0 45.46268540956317 0.08773029201654342 3.2437826533252982 15
stats: session 212 1048.2742216981137 1004.8583405572285 8324.496 11.122 1049.0514575008463 2953
stats: users_count 209 3186
stats: finish_users_count 212 3165
stats: request 215 9.258125581395358 2.3778181650601002 28.266 7.72 9.244341810783316 2949
stats: connect 215 0.697 0.17441255555401888 15.437 0.351 0.7272149881315699 2949
stats: page 215 9.258125581395358 2.3778181650601002 28.266 7.72 9.244341810783316 2949
stats: 200 215 3164
stats: size_rcv 55437 815864
stats: size_sent 13330 196168
stats: connected 0 0
# stats: dump at 1516791249
stats: users 18 37
stats: {freemem,"tsung_controller@jarvis"} 1 4018.13671875 0.0 4040.796875 4014.265625 4032.532958984375 16
stats: {load,"tsung_controller@jarvis"} 1 0.0390625 0.0 0.0703125 0.0 0.01123046875 16
stats: {cpu,"tsung_controller@jarvis"} 1 0.18818216033120058 0.0 45.46268540956317 0.08773029201654342 3.062195504317884 16
stats: session 208 1159.6007115384602 1089.403185194776 8324.496 11.122 1048.9993962085305 3165
stats: users_count 205 3391
stats: finish_users_count 208 3373
stats: request 206 9.21508252427184 2.18060655095846 28.266 7.72 9.245278445006322 3164
stats: connect 206 0.7784368932038835 0.49032823699855865 15.437 0.351 0.7251618204804045 3164
stats: page 206 9.21508252427184 2.18060655095846 28.266 7.72 9.245278445006322 3164
stats: 200 206 3370
stats: size_rcv 53120 868984
stats: size_sent 12772 208940
stats: connected 0 0
# stats: dump at 1516791259
stats: users 21 37
stats: {freemem,"tsung_controller@jarvis"} 1 4017.2734375 0.0 4040.796875 4014.265625 4031.6861213235293 17
stats: {load,"tsung_controller@jarvis"} 1 0.0390625 0.0 0.0703125 0.0 0.012867647058823529 17
stats: {cpu,"tsung_controller@jarvis"} 1 0.2756546798646786 0.0 45.46268540956317 0.08773029201654342 2.8931358958480793 17
stats: session 197 1000.9045076142138 1051.1609302522606 8324.496 11.122 1055.8197560035574 3373
stats: users_count 200 3591
stats: finish_users_count 197 3570
stats: request 197 9.622030456852793 2.8782484854942667 28.266 7.72 9.243432640949557 3370
stats: connect 197 0.6996751269035533 0.20695127075624228 15.437 0.351 0.7284183976261127 3370
stats: page 197 9.622030456852793 2.8782484854942667 28.266 7.72 9.243432640949557 3370
stats: 200 197 3567
stats: size_rcv 50791 919775
stats: size_sent 12214 221154
stats: connected 0 0
# stats: dump at 1516791265
stats: users 0 37
stats: {freemem,"tsung_controller@jarvis"} 1 4016.953125 0.0 4040.796875 4014.265625 4030.8854166666665 18
stats: {load,"tsung_controller@jarvis"} 1 0.03125 0.0 0.0703125 0.0 0.014322916666666666 18
stats: {cpu,"tsung_controller@jarvis"} 1 0.20037570444583594 0.0 45.46268540956317 0.08773029201654342 2.74772027273789 18
stats: session 30 1491.9853000000003 1124.7611937260326 8324.496 11.122 1052.7894187675067 3570
stats: users_count 9 3600
stats: finish_users_count 30 3600
stats: connect 33 0.6970303030303028 0.19923390925461937 15.437 0.351 0.7268309503784692 3567
stats: request 33 8.808545454545452 1.6426577151512745 28.266 7.72 9.264342024109897 3567
stats: page 33 8.808545454545452 1.6426577151512745 28.266 7.72 9.264342024109897 3567
stats: 200 33 3600
stats: size_rcv 8509 928284
stats: size_sent 2046 223200
stats: connected 0 0
EndMonitor:{1516,791265,660486}
