# stats: dump at 1517149731
stats: users 80 80
stats: {freemem,"tsung_controller@jarvis"} 1 5461.9375 0 5461.9375 5461.9375 0 0
stats: {load,"tsung_controller@jarvis"} 1 0.0 0 0.0 0.0 0 0
stats: {cpu,"tsung_controller@jarvis"} 1 1.8636138376746818 0 1.8636138376746818 1.8636138376746818 0 0
stats: users_count 80 80
stats: finish_users_count 0 0
stats: request 182 1992.776186813186 805.2989571709055 4806.914 762.991 0 0
stats: connect 80 0.9330375000000002 1.914603127568152 13.914 0.427 0 0
stats: page 182 1992.776186813186 805.2989571709055 4806.914 762.991 0 0
stats: tr_busyWait 182 1993.0179670329653 805.2844253848267 4806.987 763.254 0 0
stats: 200 182 182
stats: size_rcv 46403 46403
stats: size_sent 13330 13330
stats: connected 77 77
# stats: dump at 1517149741
stats: users 80 80
stats: {freemem,"tsung_controller@jarvis"} 1 5459.78515625 0.0 5461.9375 5459.78515625 5461.9375 1
stats: {load,"tsung_controller@jarvis"} 1 0.0 0.0 0.0 0.0 0.0 1
stats: {cpu,"tsung_controller@jarvis"} 1 1.171047713965367 0.0 1.8636138376746818 1.171047713965367 1.8636138376746818 1
stats: users_count 0 80
stats: finish_users_count 0 0
stats: request 268 1202.6153432835813 248.5932349090653 4806.914 665.648 1992.776186813186 182
stats: connect 15 0.9161333333333332 0.08153761231617114 13.914 0.427 0.9330375000000002 80
stats: page 268 1202.6153432835813 248.5932349090653 4806.914 665.648 1992.776186813186 182
stats: tr_busyWait 268 1202.8608768656723 248.58543028859276 4806.987 665.935 1993.0179670329653 182
stats: 200 268 450
stats: size_rcv 68385 114788
stats: size_sent 15872 29202
stats: connected -2 75
# stats: dump at 1517149751
stats: users 80 80
stats: {freemem,"tsung_controller@jarvis"} 1 5456.36328125 0.0 5461.9375 5456.36328125 5460.861328125 2
stats: {load,"tsung_controller@jarvis"} 1 0.0 0.0 0.0 0.0 0.0 2
stats: {cpu,"tsung_controller@jarvis"} 1 0.9852831129957597 0.0 1.8636138376746818 0.9852831129957597 1.5173307758200245 2
stats: users_count 0 80
stats: finish_users_count 0 0
stats: request 256 1005.9200195312502 222.14083671672498 4806.914 464.735 1522.1915066666659 450
stats: connect 26 0.7595384615384618 0.16124759527586302 13.914 0.427 0.9303684210526317 95
stats: page 256 1005.9200195312502 222.14083671672498 4806.914 464.735 1522.1915066666659 450
stats: tr_busyWait 256 1006.1710820312496 222.12093050265315 4806.987 465.032 1522.4355222222218 450
stats: 200 256 706
stats: size_rcv 65337 180125
stats: size_sent 16244 45446
stats: connected 0 75
# stats: dump at 1517149761
stats: users 80 80
stats: {freemem,"tsung_controller@jarvis"} 1 5455.9609375 0.0 5461.9375 5455.9609375 5459.361979166667 3
stats: {load,"tsung_controller@jarvis"} 1 0.0 0.0 0.0 0.0 0.0 3
stats: {cpu,"tsung_controller@jarvis"} 1 0.997630627260257 0.0 1.8636138376746818 0.9852831129957597 1.3399815548786027 3
stats: users_count 0 80
stats: finish_users_count 0 0
stats: request 265 1022.0853245283018 230.10391530923988 4806.914 464.735 1334.9882478753536 706
stats: connect 18 0.7744444444444445 0.205636200396672 13.914 0.427 0.8936611570247935 121
stats: page 265 1022.0853245283018 230.10391530923988 4806.914 464.735 1334.9882478753536 706
stats: tr_busyWait 265 1022.3230792452842 230.1186089501997 4806.987 465.032 1335.2348186968836 706
stats: 200 265 971
stats: size_rcv 67671 247796
stats: size_sent 15934 61380
stats: connected 0 75
# stats: dump at 1517149771
stats: users 80 80
stats: {freemem,"tsung_controller@jarvis"} 1 5455.6640625 0.0 5461.9375 5455.6640625 5458.51171875 4
stats: {load,"tsung_controller@jarvis"} 1 0.0 0.0 0.0 0.0 0.0 4
stats: {cpu,"tsung_controller@jarvis"} 1 1.035299987526506 0.0 1.8636138376746818 0.9852831129957597 1.2543938229740164 4
stats: users_count 0 80
stats: finish_users_count 0 0
stats: request 252 1091.9651666666666 270.52246610232476 4806.914 464.735 1249.592496395468 971
stats: connect 28 0.7592857142857142 0.1292986181405711 13.914 0.427 0.878223021582734 139
stats: page 252 1091.9651666666666 270.52246610232476 4806.914 464.735 1249.592496395468 971
stats: tr_busyWait 252 1092.1948690476179 270.5200045303452 4806.987 465.032 1249.8366611740475 971
stats: 200 252 1223
stats: size_rcv 64346 312142
stats: size_sent 16616 77996
stats: connected 1 76
# stats: dump at 1517149781
stats: users 80 80
stats: {freemem,"tsung_controller@jarvis"} 1 5455.78515625 0.0 5461.9375 5455.6640625 5457.9421875 5
stats: {load,"tsung_controller@jarvis"} 1 0.078125 0.0 0.078125 0.0 0.0 5
stats: {cpu,"tsung_controller@jarvis"} 1 1.0092200348866185 0.0 1.8636138376746818 0.9852831129957597 1.2105750558845143 5
stats: users_count 0 80
stats: finish_users_count 0 0
stats: request 255 1145.4658666666662 332.9595358835221 4806.914 464.735 1217.113275551921 1223
stats: connect 23 0.7772173913043477 0.14999737867904891 13.914 0.427 0.8582814371257487 167
stats: page 255 1145.4658666666662 332.9595358835221 4806.914 464.735 1217.113275551921 1223
stats: tr_busyWait 255 1145.6997137254903 332.9603340289808 4806.987 465.032 1217.3544603434177 1223
stats: 200 255 1478
stats: size_rcv 65077 377219
stats: size_sent 15810 93806
stats: connected 1 77
# stats: dump at 1517149791
stats: users 80 80
stats: {freemem,"tsung_controller@jarvis"} 1 5455.44921875 0.0 5461.9375 5455.44921875 5457.582682291667 6
stats: {load,"tsung_controller@jarvis"} 1 0.1484375 0.0 0.1484375 0.0 0.013020833333333334 6
stats: {cpu,"tsung_controller@jarvis"} 1 0.8985398727068513 0.0 1.8636138376746818 0.8985398727068513 1.1770158857181983 6
stats: users_count 0 80
stats: finish_users_count 0 0
stats: request 264 1111.3858181818184 158.32311926574425 4806.914 464.735 1204.7519161028413 1478
stats: connect 15 0.7321333333333333 0.09451339705154087 13.914 0.427 0.8484684210526318 190
stats: page 264 1111.3858181818184 158.32311926574425 4806.914 464.735 1204.7519161028413 1478
stats: tr_busyWait 264 1111.5958295454548 158.31541720490344 4806.987 465.032 1204.9918349120433 1478
stats: 200 264 1742
stats: size_rcv 67360 444579
stats: size_sent 16120 109926
stats: connected -3 74
# stats: dump at 1517149801
stats: users 80 80
stats: {freemem,"tsung_controller@jarvis"} 1 5455.4609375 0.0 5461.9375 5455.44921875 5457.277901785715 7
stats: {load,"tsung_controller@jarvis"} 1 0.12109375 0.0 0.1484375 0.0 0.03236607142857143 7
stats: {cpu,"tsung_controller@jarvis"} 1 0.9228083302157377 0.0 1.8636138376746818 0.8985398727068513 1.1372335981451487 7
stats: users_count 0 80
stats: finish_users_count 0 0
stats: request 253 1135.1196442687747 203.11134154436718 4806.914 464.735 1190.6022893226175 1742
stats: connect 20 0.72145 0.1611506981058413 13.914 0.427 0.8399560975609758 205
stats: page 253 1135.1196442687747 203.11134154436718 4806.914 464.735 1190.6022893226175 1742
stats: tr_busyWait 253 1135.343873517787 203.11167703639657 4806.987 465.032 1190.8376756601608 1742
stats: 200 253 1995
stats: size_rcv 64560 509139
stats: size_sent 15934 125860
stats: connected 2 76
# stats: dump at 1517149811
stats: users 80 80
stats: {freemem,"tsung_controller@jarvis"} 1 5454.5 0.0 5461.9375 5454.5 5457.05078125 8
stats: {load,"tsung_controller@jarvis"} 1 0.1015625 0.0 0.1484375 0.0 0.04345703125 8
stats: {cpu,"tsung_controller@jarvis"} 1 0.9604590245727829 0.0 1.8636138376746818 0.8985398727068513 1.1104304396539724 8
stats: users_count 0 80
stats: finish_users_count 0 0
stats: request 264 903.2789280303033 245.1527431378522 4806.914 370.386 1183.5661443609022 1995
stats: connect 27 0.7182592592592592 0.15140565882878101 13.914 0.427 0.8294222222222224 225
stats: page 264 903.2789280303033 245.1527431378522 4806.914 370.386 1183.5661443609022 1995
stats: tr_busyWait 264 903.496984848485 245.1364181172822 4806.987 370.659 1183.8001157894737 1995
stats: 200 264 2259
stats: size_rcv 67460 576599
stats: size_sent 15996 141856
stats: connected 0 76
# stats: dump at 1517149821
stats: users 80 80
stats: {freemem,"tsung_controller@jarvis"} 1 5454.41796875 0.0 5461.9375 5454.41796875 5456.767361111111 9
stats: {load,"tsung_controller@jarvis"} 1 0.08984375 0.0 0.1484375 0.0 0.04991319444444445 9
stats: {cpu,"tsung_controller@jarvis"} 1 0.9599800523625484 0.0 1.8636138376746818 0.8985398727068513 1.0937669490893958 9
stats: users_count 0 80
stats: finish_users_count 0 0
stats: request 255 1036.2192509803933 241.23976996685764 4806.914 370.386 1150.8101350154934 2259
stats: connect 27 0.7190370370370371 0.1548752141615669 13.914 0.427 0.8175119047619049 252
stats: page 255 1036.2192509803933 241.23976996685764 4806.914 370.386 1150.8101350154934 2259
stats: tr_busyWait 255 1036.409011764705 241.24218216899538 4806.987 370.659 1151.0422465692784 2259
stats: 200 255 2514
stats: size_rcv 65125 641724
stats: size_sent 16306 158162
stats: connected 1 77
# stats: dump at 1517149831
stats: users 80 80
stats: {freemem,"tsung_controller@jarvis"} 1 5454.69140625 0.0 5461.9375 5454.41796875 5456.532421875 10
stats: {load,"tsung_controller@jarvis"} 1 0.23046875 0.0 0.23046875 0.0 0.05390625 10
stats: {cpu,"tsung_controller@jarvis"} 1 0.9968847352024922 0.0 1.8636138376746818 0.8985398727068513 1.080388259416711 10
stats: users_count 0 80
stats: finish_users_count 0 0
stats: request 272 1130.4197279411756 405.0197613281186 4806.914 68.22 1139.186954653938 2514
stats: connect 15 0.8209333333333333 0.18835090183543646 13.914 0.427 0.8079820788530466 279
stats: page 272 1130.4197279411756 405.0197613281186 4806.914 68.22 1139.186954653938 2514
stats: tr_busyWait 272 1130.6463860294118 405.01790208744853 4806.987 68.467 1139.4147704852824 2514
stats: 200 272 2786
stats: size_rcv 69438 711162
stats: size_sent 15686 173848
stats: connected -1 76
# stats: dump at 1517149841
stats: users 80 80
stats: {freemem,"tsung_controller@jarvis"} 1 5455.75390625 0.0 5461.9375 5454.41796875 5456.365056818182 11
stats: {load,"tsung_controller@jarvis"} 1 0.19140625 0.0 0.23046875 0.0 0.06995738636363637 11
stats: {cpu,"tsung_controller@jarvis"} 1 0.8857285429141717 0.0 1.8636138376746818 0.8857285429141717 1.0727970299426912 11
stats: users_count 0 80
stats: finish_users_count 0 0
stats: request 251 1159.7860677290832 158.54082617910504 4806.914 68.22 1138.33100143575 2786
stats: connect 17 0.6925294117647058 0.10991553850814874 13.914 0.427 0.8086428571428572 294
stats: page 251 1159.7860677290832 158.54082617910504 4806.914 68.22 1138.33100143575 2786
stats: tr_busyWait 251 1159.9922828685258 158.5392714163615 4806.987 68.467 1138.558704235463 2786
stats: 200 251 3037
stats: size_rcv 64009 775171
stats: size_sent 16244 190092
stats: connected -2 74
# stats: dump at 1517149851
stats: users 80 80
stats: {freemem,"tsung_controller@jarvis"} 1 5455.51953125 0.0 5461.9375 5454.41796875 5456.314127604167 12
stats: {load,"tsung_controller@jarvis"} 1 0.16015625 0.0 0.23046875 0.0 0.080078125 12
stats: {cpu,"tsung_controller@jarvis"} 1 0.8605637316038913 0.0 1.8636138376746818 0.8605637316038913 1.0572079893569812 12
stats: users_count 0 80
stats: finish_users_count 0 0
stats: request 251 1066.7707250996016 209.09094337618822 4806.914 68.22 1140.1042057951925 3037
stats: connect 23 0.8302173913043476 0.11300440796394474 13.914 0.427 0.8022958199356913 311
stats: page 251 1066.7707250996016 209.09094337618822 4806.914 68.22 1140.1042057951925 3037
stats: tr_busyWait 251 1066.9922430278875 209.0902127349689 4806.987 68.467 1140.33013269674 3037
stats: 200 251 3288
stats: size_rcv 64083 839254
stats: size_sent 16430 206522
stats: connected 2 76
# stats: dump at 1517149861
stats: users 80 80
stats: {freemem,"tsung_controller@jarvis"} 1 5455.3671875 0.0 5461.9375 5454.41796875 5456.253004807692 13
stats: {load,"tsung_controller@jarvis"} 1 0.140625 0.0 0.23046875 0.0 0.08623798076923077 13
stats: {cpu,"tsung_controller@jarvis"} 1 0.9472765798329803 0.0 1.8636138376746818 0.8605637316038913 1.042081507991359 13
stats: users_count 0 80
stats: finish_users_count 0 0
stats: request 273 1198.491131868132 328.0661799303832 4806.914 68.22 1134.5060599148417 3288
stats: connect 14 0.8019285714285714 0.15305109524306593 13.914 0.427 0.8042185628742514 334
stats: page 273 1198.491131868132 328.0661799303832 4806.914 68.22 1134.5060599148417 3288
stats: tr_busyWait 273 1198.6949633699624 328.0716080027575 4806.987 68.467 1134.7316502433089 3288
stats: 200 273 3561
stats: size_rcv 69646 908900
stats: size_sent 15686 222208
stats: connected -1 75
# stats: dump at 1517149871
stats: users 80 80
stats: {freemem,"tsung_controller@jarvis"} 1 5453.6796875 0.0 5461.9375 5453.6796875 5456.189732142857 14
stats: {load,"tsung_controller@jarvis"} 1 0.12109375 0.0 0.23046875 0.0 0.09012276785714286 14
stats: {cpu,"tsung_controller@jarvis"} 1 0.89809155544468 0.0 1.8636138376746818 0.8605637316038913 1.0353097274086178 14
stats: users_count 0 80
stats: finish_users_count 0 0
stats: request 254 1271.9074842519683 216.33632771130212 4806.914 68.22 1139.4114024150517 3561
stats: connect 23 0.7042173913043479 0.11346669939438432 13.914 0.427 0.8041264367816091 348
stats: page 254 1271.9074842519683 216.33632771130212 4806.914 68.22 1139.4114024150517 3561
stats: tr_busyWait 254 1272.1237519685035 216.33161592696592 4806.987 68.467 1139.6353246279134 3561
stats: 200 254 3815
stats: size_rcv 64763 973663
stats: size_sent 15934 238142
stats: connected 4 79
# stats: dump at 1517149881
stats: users 80 80
stats: {freemem,"tsung_controller@jarvis"} 1 5451.7109375 0.0 5461.9375 5451.7109375 5456.022395833334 15
stats: {load,"tsung_controller@jarvis"} 1 0.1015625 0.0 0.23046875 0.0 0.0921875 15
stats: {cpu,"tsung_controller@jarvis"} 1 0.8616383616383616 0.0 1.8636138376746818 0.8605637316038913 1.0261618492776887 15
stats: users_count 0 80
stats: finish_users_count 0 0
stats: request 264 1183.3591515151493 165.5727936416116 4806.914 68.22 1148.2328977719526 3815
stats: connect 16 0.6635625 0.15823636147785375 13.914 0.397 0.797932614555256 371
stats: page 264 1183.3591515151493 165.5727936416116 4806.914 68.22 1148.2328977719526 3815
stats: tr_busyWait 264 1183.5516969696966 165.54969234229296 4806.987 68.467 1148.4563103538662 3815
stats: 200 264 4079
stats: size_rcv 67326 1040989
stats: size_sent 15996 254138
stats: connected -4 75
# stats: dump at 1517149891
stats: users 80 80
stats: {freemem,"tsung_controller@jarvis"} 1 5451.5625 0.0 5461.9375 5451.5625 5455.7529296875 16
stats: {load,"tsung_controller@jarvis"} 1 0.078125 0.0 0.23046875 0.0 0.0927734375 16
stats: {cpu,"tsung_controller@jarvis"} 1 0.9724473257698543 0.0 1.8636138376746818 0.8605637316038913 1.0158791313002309 16
stats: users_count 0 80
stats: finish_users_count 0 0
stats: request 253 1035.247264822135 306.88731170604507 4806.914 68.22 1150.5063302279966 4079
stats: connect 15 0.7395999999999999 0.16341146430610876 13.914 0.397 0.7923772609819121 387
stats: page 253 1035.247264822135 306.88731170604507 4806.914 68.22 1150.5063302279966 4079
stats: tr_busyWait 253 1035.4434545454544 306.9074102432593 4806.987 68.467 1150.727745035548 4079
stats: 200 253 4332
stats: size_rcv 64604 1105593
stats: size_sent 16182 270320
stats: connected 3 78
# stats: dump at 1517149901
stats: users 80 80
stats: {freemem,"tsung_controller@jarvis"} 1 5451.79296875 0.0 5461.9375 5451.5625 5455.50643382353 17
stats: {load,"tsung_controller@jarvis"} 1 0.0703125 0.0 0.23046875 0.0 0.09191176470588236 17
stats: {cpu,"tsung_controller@jarvis"} 1 1.0341390480936954 0.0 1.8636138376746818 0.8605637316038913 1.0133243192102086 17
stats: users_count 0 80
stats: finish_users_count 0 0
stats: request 263 1028.5083041825108 105.16192975994336 4806.914 68.22 1143.774902816251 4332
stats: connect 29 0.713448275862069 0.18113199344332157 13.914 0.369 0.7904079601990049 402
stats: page 263 1028.5083041825108 105.16192975994336 4806.914 68.22 1143.774902816251 4332
stats: tr_busyWait 263 1028.7301330798475 105.16940539245249 4806.987 68.467 1143.9948444136658 4332
stats: 200 263 4595
stats: size_rcv 67152 1172745
stats: size_sent 16182 286502
stats: connected -2 76
# stats: dump at 1517149902
stats: users 80 80
stats: {freemem,"tsung_controller@jarvis"} 0 0 0 5461.9375 5451.5625 5455.300130208333 18
stats: {load,"tsung_controller@jarvis"} 0 0 0 0.23046875 0.0 0.09071180555555555 18
stats: {cpu,"tsung_controller@jarvis"} 0 0 0 1.8636138376746818 0.8605637316038913 1.0144806930370691 18
stats: users_count 0 80
stats: finish_users_count 0 0
stats: request 15 1107.1888 90.06111829137672 4806.914 68.22 1137.177489227421 4595
stats: connect 1 0.576 0.0 13.914 0.369 0.78522969837587 431
stats: page 15 1107.1888 90.06111829137672 4806.914 68.22 1137.177489227421 4595
stats: tr_busyWait 15 1107.3067333333327 90.06373416380703 4806.987 68.467 1137.3975388465724 4595
stats: 200 15 4610
stats: size_rcv 3822 1176567
stats: size_sent 2108 288610
stats: connected -1 75
stats: error_abort 1 1
EndMonitor:{1517,149902,166642}
