# stats: dump at 1516791277
stats: users 29 53
stats: {freemem,"tsung_controller@jarvis"} 1 4018.61328125 0 4018.61328125 4018.61328125 0 0
stats: {load,"tsung_controller@jarvis"} 1 0.01953125 0 0.01953125 0.01953125 0 0
stats: {cpu,"tsung_controller@jarvis"} 1 45.45797194289729 0 45.45797194289729 45.45797194289729 0 0
stats: session 264 893.1271401515154 853.8487851755111 5119.08 11.232 0 0
stats: users_count 293 293
stats: finish_users_count 264 264
stats: request 245 9.57408979591838 2.7501754170579296 25.287 7.738 0 0
stats: connect 246 0.7482479674796745 0.46471727515684447 4.982 0.364 0 0
stats: page 245 9.57408979591838 2.7501754170579296 25.287 7.738 0 0
stats: 200 245 245
stats: size_rcv 63164 63164
stats: size_sent 15252 15252
stats: connected 1 1
# stats: dump at 1516791287
stats: users 28 53
stats: {freemem,"tsung_controller@jarvis"} 1 4016.44140625 0.0 4018.61328125 4016.44140625 4018.61328125 1
stats: {load,"tsung_controller@jarvis"} 1 0.01953125 0.0 0.01953125 0.01953125 0.01953125 1
stats: {cpu,"tsung_controller@jarvis"} 1 0.7614530021220821 0.0 45.45797194289729 0.7614530021220821 45.45797194289729 1
stats: session 303 1029.5970033003293 1043.7186074790825 8117.091 11.232 893.1271401515154 264
stats: users_count 302 595
stats: finish_users_count 303 567
stats: request 309 9.952799352750805 3.1633507139860355 25.383 7.738 9.57408979591838 245
stats: connect 309 0.6711326860841423 0.2661348999725513 4.982 0.364 0.7482479674796745 246
stats: page 309 9.952799352750805 3.1633507139860355 25.383 7.738 9.57408979591838 245
stats: 200 309 554
stats: size_rcv 79662 142826
stats: size_sent 19158 34410
stats: connected 0 1
# stats: dump at 1516791297
stats: users 32 53
stats: {freemem,"tsung_controller@jarvis"} 1 4016.03515625 0.0 4018.61328125 4016.03515625 4017.52734375 2
stats: {load,"tsung_controller@jarvis"} 1 0.08984375 0.0 0.08984375 0.01953125 0.01953125 2
stats: {cpu,"tsung_controller@jarvis"} 1 0.6746626686656672 0.0 45.45797194289729 0.6746626686656672 23.109712472509685 2
stats: session 323 987.4041393188851 967.5429320801702 8117.091 11.232 966.0554797178128 567
stats: users_count 327 922
stats: finish_users_count 323 890
stats: request 318 10.447578616352205 3.974390556316016 31.408 7.738 9.78531949458484 554
stats: connect 317 0.6775962145110416 0.19214793127576613 4.982 0.364 0.7053135135135135 555
stats: page 318 10.447578616352205 3.974390556316016 31.408 7.738 9.78531949458484 554
stats: 200 318 872
stats: size_rcv 81967 224793
stats: size_sent 19654 54064
stats: connected -1 0
# stats: dump at 1516791307
stats: users 29 53
stats: {freemem,"tsung_controller@jarvis"} 1 4015.69140625 0.0 4018.61328125 4015.69140625 4017.0299479166665 3
stats: {load,"tsung_controller@jarvis"} 1 0.078125 0.0 0.08984375 0.01953125 0.04296875 3
stats: {cpu,"tsung_controller@jarvis"} 1 0.5498625343664084 0.0 45.45797194289729 0.5498625343664084 15.631362537895013 3
stats: session 311 979.4090450160774 984.2562822254586 8117.091 11.232 973.8033640449435 890
stats: users_count 308 1230
stats: finish_users_count 311 1201
stats: request 316 10.034246835443044 3.4160094977091844 33.047 7.738 10.026831422018352 872
stats: connect 316 0.5996297468354433 0.14494293596014268 4.982 0.364 0.695237385321101 872
stats: page 316 10.034246835443044 3.4160094977091844 33.047 7.738 10.026831422018352 872
stats: 200 316 1188
stats: size_rcv 81455 306248
stats: size_sent 19592 73656
stats: connected 0 0
# stats: dump at 1516791317
stats: users 25 53
stats: {freemem,"tsung_controller@jarvis"} 1 4013.71484375 0.0 4018.61328125 4013.71484375 4016.6953125 4
stats: {load,"tsung_controller@jarvis"} 1 0.2109375 0.0 0.2109375 0.01953125 0.0517578125 4
stats: {cpu,"tsung_controller@jarvis"} 1 0.5493819453115245 0.0 45.45797194289729 0.5493819453115245 11.860987537012862 4
stats: session 284 1054.351052816901 1070.7882897192355 8117.091 11.232 975.2549600333053 1201
stats: users_count 280 1510
stats: finish_users_count 284 1485
stats: request 291 10.147945017182131 3.154847667405991 33.047 7.738 10.028803872053876 1188
stats: connect 291 0.7005292096219937 0.20140105909315045 4.982 0.364 0.6698063973063975 1188
stats: page 291 10.147945017182131 3.154847667405991 33.047 7.738 10.028803872053876 1188
stats: 200 291 1479
stats: size_rcv 75000 381248
stats: size_sent 18042 91698
stats: connected 0 0
# stats: dump at 1516791327
stats: users 31 53
stats: {freemem,"tsung_controller@jarvis"} 1 4013.1015625 0.0 4018.61328125 4013.1015625 4016.09921875 5
stats: {load,"tsung_controller@jarvis"} 1 0.1796875 0.0 0.2109375 0.01953125 0.08359375 5
stats: {cpu,"tsung_controller@jarvis"} 1 0.6498375406148462 0.0 45.45797194289729 0.5493819453115245 9.598666418672595 5
stats: session 309 991.945378640777 880.5127244919752 8117.091 11.232 990.3817548821545 1485
stats: users_count 315 1825
stats: finish_users_count 309 1794
stats: request 302 9.597307947019868 2.815247145680348 33.047 7.738 10.05224543610548 1479
stats: connect 302 0.6588609271523175 0.2122586370518615 4.982 0.348 0.6758512508451658 1479
stats: page 302 9.597307947019868 2.815247145680348 33.047 7.738 10.05224543610548 1479
stats: 200 302 1781
stats: size_rcv 77865 459113
stats: size_sent 18724 110422
stats: connected 0 0
# stats: dump at 1516791337
stats: users 25 53
stats: {freemem,"tsung_controller@jarvis"} 1 4013.08984375 0.0 4018.61328125 4013.08984375 4015.599609375 6
stats: {load,"tsung_controller@jarvis"} 1 0.1484375 0.0 0.2109375 0.01953125 0.099609375 6
stats: {cpu,"tsung_controller@jarvis"} 1 0.6120409692730452 0.0 45.45797194289729 0.5493819453115245 8.107194938996303 6
stats: session 307 993.5909446254063 923.517757021615 8117.091 11.232 990.6510746934222 1794
stats: users_count 301 2126
stats: finish_users_count 307 2101
stats: request 309 9.961847896440124 3.491647636338281 33.047 7.738 9.975102751263337 1781
stats: connect 309 0.6746634304207118 0.18124687696685612 4.982 0.348 0.6729702414373948 1781
stats: page 309 9.961847896440124 3.491647636338281 33.047 7.738 9.975102751263337 1781
stats: 200 309 2090
stats: size_rcv 79662 538775
stats: size_sent 19158 129580
stats: connected 0 0
# stats: dump at 1516791347
stats: users 31 53
stats: {freemem,"tsung_controller@jarvis"} 1 4012.39453125 0.0 4018.61328125 4012.39453125 4015.2410714285716 7
stats: {load,"tsung_controller@jarvis"} 1 0.19921875 0.0 0.2109375 0.01953125 0.10658482142857142 7
stats: {cpu,"tsung_controller@jarvis"} 1 0.5005005005005005 0.0 45.45797194289729 0.5005005005005005 7.036458657607267 7
stats: session 300 954.7987500000002 908.9289471072683 8117.091 11.232 991.0806511185145 2101
stats: users_count 306 2432
stats: finish_users_count 300 2401
stats: request 301 9.578667774086375 2.6476249588732412 33.047 7.738 9.973143062200958 2090
stats: connect 301 0.7258704318936884 0.1777285991980559 4.982 0.348 0.6732205741626796 2090
stats: page 301 9.578667774086375 2.6476249588732412 33.047 7.738 9.973143062200958 2090
stats: 200 301 2391
stats: size_rcv 77609 616384
stats: size_sent 18662 148242
stats: connected 0 0
# stats: dump at 1516791357
stats: users 26 53
stats: {freemem,"tsung_controller@jarvis"} 1 4011.97265625 0.0 4018.61328125 4011.97265625 4014.88525390625 8
stats: {load,"tsung_controller@jarvis"} 1 0.171875 0.0 0.2109375 0.01953125 0.1181640625 8
stats: {cpu,"tsung_controller@jarvis"} 1 0.6375 0.0 45.45797194289729 0.5005005005005005 6.219463887968921 8
stats: session 273 959.4305531135533 919.1173206024699 8117.091 11.232 986.5473023740105 2401
stats: users_count 268 2700
stats: finish_users_count 273 2674
stats: request 272 9.568985294117647 2.6593309349989824 33.047 7.738 9.923483061480553 2391
stats: connect 272 0.8379301470588234 0.3863633789086937 5.915 0.348 0.6798485989125891 2391
stats: page 272 9.568985294117647 2.6593309349989824 33.047 7.738 9.923483061480553 2391
stats: 200 272 2663
stats: size_rcv 70124 686508
stats: size_sent 16864 165106
stats: connected 0 0
# stats: dump at 1516791367
stats: users 35 53
stats: {freemem,"tsung_controller@jarvis"} 1 4011.6796875 0.0 4018.61328125 4011.6796875 4014.5616319444443 9
stats: {load,"tsung_controller@jarvis"} 1 0.140625 0.0 0.2109375 0.01953125 0.12413194444444445 9
stats: {cpu,"tsung_controller@jarvis"} 1 0.7000000000000001 0.0 45.45797194289729 0.5005005005005005 5.599245678194596 9
stats: session 277 1037.0457870036098 1010.3862139440415 8117.091 11.232 983.7788384442781 2674
stats: users_count 286 2986
stats: finish_users_count 277 2951
stats: request 284 9.281257042253527 2.5000076255066213 33.047 7.738 9.887274502440857 2663
stats: connect 284 0.7391478873239433 0.19432590047167714 5.915 0.348 0.6959951182876457 2663
stats: page 284 9.281257042253527 2.5000076255066213 33.047 7.738 9.887274502440857 2663
stats: 200 284 2947
stats: size_rcv 73232 759740
stats: size_sent 17608 182714
stats: connected 0 0
# stats: dump at 1516791377
stats: users 31 53
stats: {freemem,"tsung_controller@jarvis"} 1 4011.0078125 0.0 4018.61328125 4011.0078125 4014.2734375 10
stats: {load,"tsung_controller@jarvis"} 1 0.12109375 0.0 0.2109375 0.01953125 0.12578125 10
stats: {cpu,"tsung_controller@jarvis"} 1 0.8229426433915212 0.0 45.45797194289729 0.5005005005005005 5.109321110375137 10
stats: session 313 1006.1872971246005 1065.1595121908977 9090.69 11.184 988.7788197221279 2951
stats: users_count 309 3295
stats: finish_users_count 313 3264
stats: request 311 9.567627009646296 2.818324632163732 33.047 7.738 9.828873091279268 2947
stats: connect 311 0.6943279742765276 0.20377648800364329 5.915 0.348 0.700153715643027 2947
stats: page 311 9.567627009646296 2.818324632163732 33.047 7.738 9.828873091279268 2947
stats: 200 311 3258
stats: size_rcv 80197 839937
stats: size_sent 19282 201996
stats: connected 0 0
# stats: dump at 1516791387
stats: users 31 53
stats: {freemem,"tsung_controller@jarvis"} 1 4011.07421875 0.0 4018.61328125 4011.0078125 4013.9765625 11
stats: {load,"tsung_controller@jarvis"} 1 0.1015625 0.0 0.2109375 0.01953125 0.12535511363636365 11
stats: {cpu,"tsung_controller@jarvis"} 1 0.7370393504059962 0.0 45.45797194289729 0.5005005005005005 4.719650340649354 11
stats: session 289 1066.5201487889283 1019.7850606776833 9090.69 11.184 990.4481988357841 3264
stats: users_count 289 3584
stats: finish_users_count 289 3553
stats: request 289 9.485816608996533 2.6873395800067494 33.047 7.738 9.803935236341314 3258
stats: connect 289 0.6772975778546712 0.17833402825672842 5.915 0.348 0.6995976058931862 3258
stats: page 289 9.485816608996533 2.6873395800067494 33.047 7.738 9.803935236341314 3258
stats: 200 289 3547
stats: size_rcv 74511 914448
stats: size_sent 17918 219914
stats: connected 0 0
# stats: dump at 1516791397
stats: users 25 53
stats: {freemem,"tsung_controller@jarvis"} 1 4011.0078125 0.0 4018.61328125 4011.0078125 4013.7347005208335 12
stats: {load,"tsung_controller@jarvis"} 1 0.08984375 0.0 0.2109375 0.01953125 0.12337239583333333 12
stats: {cpu,"tsung_controller@jarvis"} 1 0.5001875703388771 0.0 45.45797194289729 0.5001875703388771 4.3877660914624075 12
stats: session 318 963.7873459119495 892.5348198185447 9090.69 11.184 996.6358694061355 3553
stats: users_count 312 3896
stats: finish_users_count 318 3871
stats: request 313 9.912722044728438 2.9892404854627146 33.047 7.738 9.778015787989851 3547
stats: connect 314 0.6509840764331204 0.18721970914319597 5.915 0.348 0.6977806597124332 3547
stats: page 313 9.912722044728438 2.9892404854627146 33.047 7.738 9.778015787989851 3547
stats: 200 313 3860
stats: size_rcv 80687 995135
stats: size_sent 19468 239382
stats: connected 1 1
# stats: dump at 1516791407
stats: users 27 53
stats: {freemem,"tsung_controller@jarvis"} 1 4010.71484375 0.0 4018.61328125 4010.71484375 4013.524939903846 13
stats: {load,"tsung_controller@jarvis"} 1 0.0703125 0.0 0.2109375 0.01953125 0.12079326923076923 13
stats: {cpu,"tsung_controller@jarvis"} 1 0.6375 0.0 45.45797194289729 0.5001875703388771 4.088721589837521 13
stats: session 281 945.680195729537 925.8748054890823 9090.69 11.184 993.9373856884524 3871
stats: users_count 283 4179
stats: finish_users_count 281 4152
stats: request 288 9.537628472222218 2.7483852501959927 33.047 7.724 9.788938860103627 3860
stats: connect 287 0.6444006968641114 0.2129390722748094 5.915 0.348 0.693974876974877 3861
stats: page 288 9.537628472222218 2.7483852501959927 33.047 7.724 9.788938860103627 3860
stats: 200 288 4148
stats: size_rcv 74251 1069386
stats: size_sent 17794 257176
stats: connected -1 0
# stats: dump at 1516791417
stats: users 40 53
stats: {freemem,"tsung_controller@jarvis"} 1 4010.51171875 0.0 4018.61328125 4010.51171875 4013.32421875 14
stats: {load,"tsung_controller@jarvis"} 1 0.05859375 0.0 0.2109375 0.01953125 0.1171875 14
stats: {cpu,"tsung_controller@jarvis"} 1 0.4502251125562781 0.0 45.45797194289729 0.4502251125562781 3.8422057619919836 14
stats: session 295 974.5424203389833 919.7528794298266 9090.69 11.165 990.6714246146433 4152
stats: users_count 308 4487
stats: finish_users_count 295 4447
stats: request 294 9.770105442176886 3.074460983525745 33.047 7.724 9.77149011571842 4148
stats: connect 294 0.6858809523809521 0.196963434858356 5.915 0.348 0.6905448408871746 4148
stats: page 294 9.770105442176886 3.074460983525745 33.047 7.724 9.77149011571842 4148
stats: 200 294 4442
stats: size_rcv 75798 1145184
stats: size_sent 18228 275404
stats: connected 0 0
# stats: dump at 1516791427
stats: users 33 53
stats: {freemem,"tsung_controller@jarvis"} 1 4010.359375 0.0 4018.61328125 4010.359375 4013.13671875 15
stats: {load,"tsung_controller@jarvis"} 1 0.12109375 0.0 0.2109375 0.01953125 0.11328125 15
stats: {cpu,"tsung_controller@jarvis"} 1 0.6869847614289283 0.0 45.45797194289729 0.4502251125562781 3.6160737186962697 15
stats: session 318 1022.053720125785 981.513907564379 9090.69 11.165 989.6014771756239 4447
stats: users_count 311 4798
stats: finish_users_count 318 4765
stats: request 319 9.849006269592465 3.2867804477268376 33.047 7.724 9.77139846915804 4442
stats: connect 319 0.6619749216300941 0.1900283908781196 5.915 0.348 0.6902361548851869 4442
stats: page 319 9.849006269592465 3.2867804477268376 33.047 7.724 9.77139846915804 4442
stats: 200 319 4761
stats: size_rcv 82236 1227420
stats: size_sent 19778 295182
stats: connected 0 0
# stats: dump at 1516791437
stats: users 22 53
stats: {freemem,"tsung_controller@jarvis"} 1 4009.33984375 0.0 4018.61328125 4009.33984375 4012.963134765625 16
stats: {load,"tsung_controller@jarvis"} 1 0.109375 0.0 0.2109375 0.01953125 0.11376953125 16
stats: {cpu,"tsung_controller@jarvis"} 1 0.5126281570392599 0.0 45.45797194289729 0.4502251125562781 3.433005658867061 16
stats: session 271 1046.9581734317353 1015.6499976453827 9090.69 11.165 991.7672302203565 4765
stats: users_count 260 5058
stats: finish_users_count 271 5036
stats: request 268 9.507268656716422 2.939860245597479 33.047 7.724 9.776598403696704 4761
stats: connect 269 0.653416356877323 0.1850302835459829 5.915 0.348 0.688342575089267 4761
stats: page 268 9.507268656716422 2.939860245597479 33.047 7.724 9.776598403696704 4761
stats: 200 268 5029
stats: size_rcv 69095 1296515
stats: size_sent 16678 311860
stats: connected 1 1
# stats: dump at 1516791447
stats: users 27 53
stats: {freemem,"tsung_controller@jarvis"} 1 4009.56640625 0.0 4018.61328125 4009.33984375 4012.75 17
stats: {load,"tsung_controller@jarvis"} 1 0.08984375 0.0 0.2109375 0.01953125 0.1135110294117647 17
stats: {cpu,"tsung_controller@jarvis"} 1 0.3752814610958219 0.0 45.45797194289729 0.3752814610958219 3.2612187469948375 17
stats: session 310 972.1254838709682 854.5007721039403 9090.69 11.165 994.7371955917392 5036
stats: users_count 315 5373
stats: finish_users_count 310 5346
stats: request 312 10.211041666666668 3.319578348484251 33.047 7.724 9.762245575661169 5029
stats: connect 312 0.7080032051282057 0.19715649287313572 5.915 0.348 0.6864747514910536 5030
stats: page 312 10.211041666666668 3.319578348484251 33.047 7.724 9.762245575661169 5029
stats: 200 312 5341
stats: size_rcv 80427 1376942
stats: size_sent 19344 331204
stats: connected 0 1
# stats: dump at 1516791453
stats: users 0 53
stats: {freemem,"tsung_controller@jarvis"} 1 4009.37890625 0.0 4018.61328125 4009.33984375 4012.5731336805557 18
stats: {load,"tsung_controller@jarvis"} 1 0.1484375 0.0 0.2109375 0.01953125 0.11219618055555555 18
stats: {cpu,"tsung_controller@jarvis"} 1 0.6500812601575197 0.0 45.45797194289729 0.3752814610958219 3.1008888977782254 18
stats: session 54 1080.3315555555557 944.9099448439059 9090.69 11.165 993.4260039281705 5346
stats: users_count 27 5400
stats: finish_users_count 54 5400
stats: request 59 10.384457627118646 3.081773610631967 33.047 7.724 9.788462460213445 5341
stats: connect 58 0.695344827586207 0.2293412268549096 5.915 0.338 0.6877321228004493 5342
stats: page 59 10.384457627118646 3.081773610631967 33.047 7.724 9.788462460213445 5341
stats: 200 59 5400
stats: size_rcv 15204 1392146
stats: size_sent 3596 334800
stats: connected -1 0
EndMonitor:{1516,791453,873235}
