# stats: dump at 1517144684
stats: users 15 15
stats: {freemem,"tsung_controller@jarvis"} 1 5460.62890625 0 5460.62890625 5460.62890625 0 0
stats: {load,"tsung_controller@jarvis"} 1 0.05078125 0 0.05078125 0.05078125 0 0
stats: {cpu,"tsung_controller@jarvis"} 1 1.9269745084810916 0 1.9269745084810916 1.9269745084810916 0 0
stats: users_count 15 15
stats: finish_users_count 0 0
stats: 200 65 65
stats: request 65 309.9099538461539 677.5455198557494 2695.56 50.833 0 0
stats: page 65 309.9099538461539 677.5455198557494 2695.56 50.833 0 0
stats: connect 16 1.6008749999999996 3.0460005514403643 13.394 0.68 0 0
stats: tr_busyWait 65 310.14295384615406 677.5110673931899 2695.637 50.952 0 0
stats: size_rcv 16677 16677
stats: size_sent 4154 4154
stats: connected 15 15
# stats: dump at 1517144694
stats: users 15 15
stats: {freemem,"tsung_controller@jarvis"} 1 5459.53515625 0.0 5460.62890625 5459.53515625 5460.62890625 1
stats: {load,"tsung_controller@jarvis"} 1 0.0390625 0.0 0.05078125 0.0390625 0.05078125 1
stats: {cpu,"tsung_controller@jarvis"} 1 0.6490264603095357 0.0 1.9269745084810916 0.6490264603095357 1.9269745084810916 1
stats: users_count 0 15
stats: finish_users_count 0 0
stats: connect 4 0.8487500000000001 0.04328611209152428 13.394 0.68 1.6008749999999996 16
stats: request 70 81.18517142857144 33.879733090942 2695.56 50.833 309.9099538461539 65
stats: 200 70 135
stats: page 70 81.18517142857144 33.879733090942 2695.56 50.833 309.9099538461539 65
stats: tr_busyWait 70 81.38241428571428 33.8698333685609 2695.637 50.952 310.14295384615406 65
stats: size_rcv 17963 34640
stats: size_sent 4216 8370
stats: connected -1 14
# stats: dump at 1517144704
stats: users 15 15
stats: {freemem,"tsung_controller@jarvis"} 1 5459.0546875 0.0 5460.62890625 5459.0546875 5460.08203125 2
stats: {load,"tsung_controller@jarvis"} 1 0.0390625 0.0 0.05078125 0.0390625 0.044921875 2
stats: {cpu,"tsung_controller@jarvis"} 1 0.7854382246602667 0.0 1.9269745084810916 0.6490264603095357 1.2880004843953137 2
stats: users_count 0 15
stats: finish_users_count 0 0
stats: page 69 76.72381159420289 43.460280118505864 2695.56 50.833 191.31191851851852 135
stats: request 69 76.72381159420289 43.460280118505864 2695.56 50.833 191.31191851851852 135
stats: 200 69 204
stats: connect 11 0.7969090909090909 0.1289668417888557 13.394 0.649 1.4504499999999996 20
stats: tr_busyWait 69 76.91085507246379 43.44021288424207 2695.637 50.952 191.52637777777787 135
stats: size_rcv 17709 52349
stats: size_sent 4278 12648
stats: connected -1 13
# stats: dump at 1517144714
stats: users 15 15
stats: {freemem,"tsung_controller@jarvis"} 1 5457.4921875 0.0 5460.62890625 5457.4921875 5459.739583333333 3
stats: {load,"tsung_controller@jarvis"} 1 0.03125 0.0 0.05078125 0.03125 0.04296875 3
stats: {cpu,"tsung_controller@jarvis"} 1 0.6987771400049912 0.0 1.9269745084810916 0.6490264603095357 1.120479731150298 3
stats: users_count 0 15
stats: finish_users_count 0 0
stats: 200 77 281
stats: request 77 82.80303896103892 42.46737145744925 2695.56 50.833 152.55417647058823 204
stats: connect 5 0.8612 0.10461625112763316 13.394 0.649 1.218548387096774 31
stats: page 77 82.80303896103892 42.46737145744925 2695.56 50.833 152.55417647058823 204
stats: tr_busyWait 77 83.00144155844154 42.466580334864425 2695.637 50.952 152.75936274509812 204
stats: size_rcv 19763 72112
stats: size_sent 4774 17422
stats: connected 2 15
# stats: dump at 1517144724
stats: users 15 15
stats: {freemem,"tsung_controller@jarvis"} 1 5457.6953125 0.0 5460.62890625 5457.4921875 5459.177734375 4
stats: {load,"tsung_controller@jarvis"} 1 0.01953125 0.0 0.05078125 0.01953125 0.0400390625 4
stats: {cpu,"tsung_controller@jarvis"} 1 0.6617555250343364 0.0 1.9269745084810916 0.6490264603095357 1.0150540833639714 4
stats: users_count 0 15
stats: finish_users_count 0 0
stats: page 71 71.003985915493 25.57465274115735 2695.56 50.833 133.44087544483986 281
stats: request 71 71.003985915493 25.57465274115735 2695.56 50.833 133.44087544483986 281
stats: tr_busyWait 71 71.17553521126757 25.580344434813423 2695.637 50.952 133.64420284697513 281
stats: connect 5 0.8098000000000001 0.09053927324647575 13.394 0.649 1.1689166666666664 36
stats: 200 71 352
stats: size_rcv 18231 90343
stats: size_sent 4464 21886
stats: connected 0 15
# stats: dump at 1517144734
stats: users 15 15
stats: {freemem,"tsung_controller@jarvis"} 1 5457.86328125 0.0 5460.62890625 5457.4921875 5458.88125 5
stats: {load,"tsung_controller@jarvis"} 1 0.01953125 0.0 0.05078125 0.01953125 0.0359375 5
stats: {cpu,"tsung_controller@jarvis"} 1 0.7234626418859923 0.0 1.9269745084810916 0.6490264603095357 0.9443943716980444 5
stats: users_count 0 15
stats: finish_users_count 0 0
stats: request 51 64.14239215686275 24.58750107395827 2695.56 50.833 120.84707102272728 352
stats: connect 7 0.7938571428571427 0.10828326420145656 13.394 0.649 1.1251219512195119 41
stats: page 51 64.14239215686275 24.58750107395827 2695.56 50.833 120.84707102272728 352
stats: tr_busyWait 51 64.31380392156862 24.596070201032155 2695.637 50.952 121.04398863636366 352
stats: 200 51 403
stats: size_rcv 13097 103440
stats: size_sent 3162 25048
stats: connected -1 14
# stats: dump at 1517144744
stats: users 15 15
stats: {freemem,"tsung_controller@jarvis"} 1 5458.25 0.0 5460.62890625 5457.4921875 5458.711588541667 6
stats: {load,"tsung_controller@jarvis"} 1 0.01953125 0.0 0.05078125 0.01953125 0.033203125 6
stats: {cpu,"tsung_controller@jarvis"} 1 0.686127744510978 0.0 1.9269745084810916 0.6490264603095357 0.907572416729369 6
stats: users_count 0 15
stats: finish_users_count 0 0
stats: request 70 71.73087142857145 27.973294053906606 2695.56 50.756 113.67104466501242 403
stats: connect 7 0.709 0.18096882130829686 13.394 0.5 1.0768124999999997 48
stats: page 70 71.73087142857145 27.973294053906606 2695.56 50.756 113.67104466501242 403
stats: 200 70 473
stats: tr_busyWait 70 71.89961428571428 27.963911741637315 2695.637 50.845 113.86473449131516 403
stats: size_rcv 17970 121410
stats: size_sent 4278 29326
stats: connected -2 12
# stats: dump at 1517144754
stats: users 15 15
stats: {freemem,"tsung_controller@jarvis"} 1 5458.29296875 0.0 5460.62890625 5457.4921875 5458.645647321428 7
stats: {load,"tsung_controller@jarvis"} 1 0.08984375 0.0 0.08984375 0.01953125 0.03125 7
stats: {cpu,"tsung_controller@jarvis"} 1 0.7975077881619937 0.0 1.9269745084810916 0.6490264603095357 0.8759374635553131 7
stats: users_count 0 15
stats: finish_users_count 0 0
stats: request 79 104.3276455696203 145.12252166438128 2695.56 50.756 107.46425369978859 473
stats: tr_busyWait 79 104.49416455696206 145.12393368292442 2695.637 50.845 107.6542515856237 473
stats: connect 7 0.8901428571428571 0.14315967965021092 13.394 0.5 1.0299999999999998 55
stats: page 79 104.3276455696203 145.12252166438128 2695.56 50.756 107.46425369978859 473
stats: 200 79 552
stats: size_rcv 20271 141681
stats: size_sent 4898 34224
stats: connected 1 13
# stats: dump at 1517144764
stats: users 15 15
stats: {freemem,"tsung_controller@jarvis"} 1 5458.140625 0.0 5460.62890625 5457.4921875 5458.6015625 8
stats: {load,"tsung_controller@jarvis"} 1 0.16015625 0.0 0.16015625 0.01953125 0.03857421875 8
stats: {cpu,"tsung_controller@jarvis"} 1 0.7352941176470588 0.0 1.9269745084810916 0.6490264603095357 0.8661337541311482 8
stats: users_count 0 15
stats: finish_users_count 0 0
stats: request 67 78.51207462686565 45.20097368628756 2695.56 50.756 107.01535507246379 552
stats: connect 9 0.8 0.0897626499905909 13.394 0.5 1.0142096774193547 62
stats: tr_busyWait 67 78.6752686567164 45.207150358541334 2695.637 50.845 107.20199275362322 552
stats: page 67 78.51207462686565 45.20097368628756 2695.56 50.756 107.01535507246379 552
stats: 200 67 619
stats: size_rcv 17204 158885
stats: size_sent 4340 38564
stats: connected 0 13
# stats: dump at 1517144774
stats: users 15 15
stats: {freemem,"tsung_controller@jarvis"} 1 5457.20703125 0.0 5460.62890625 5457.20703125 5458.550347222223 9
stats: {load,"tsung_controller@jarvis"} 1 0.12890625 0.0 0.16015625 0.01953125 0.052083333333333336 9
stats: {cpu,"tsung_controller@jarvis"} 1 0.67356866658351 0.0 1.9269745084810916 0.6490264603095357 0.8515960167440272 9
stats: users_count 0 15
stats: finish_users_count 0 0
stats: connect 4 0.92575 0.12902010502243438 13.394 0.5 0.9870563380281688 71
stats: page 69 92.07153623188408 78.27367722637376 2695.56 50.756 103.93018578352182 619
stats: tr_busyWait 69 92.25330434782607 78.28719935499926 2695.637 50.845 104.11428594507272 619
stats: 200 69 688
stats: request 69 92.07153623188408 78.27367722637376 2695.56 50.756 103.93018578352182 619
stats: size_rcv 17709 176594
stats: size_sent 4092 42656
stats: connected 1 14
# stats: dump at 1517144784
stats: users 15 15
stats: {freemem,"tsung_controller@jarvis"} 1 5457.59375 0.0 5460.62890625 5457.20703125 5458.416015625 10
stats: {load,"tsung_controller@jarvis"} 1 0.109375 0.0 0.16015625 0.01953125 0.059765625 10
stats: {cpu,"tsung_controller@jarvis"} 1 0.66167290886392 0.0 1.9269745084810916 0.6490264603095357 0.8337932817279755 10
stats: users_count 0 15
stats: finish_users_count 0 0
stats: connect 4 0.7374999999999999 0.12418635190712382 13.394 0.5 0.9837866666666666 75
stats: tr_busyWait 81 80.94270370370371 44.211234712190596 2695.637 50.845 102.92473982558143 688
stats: 200 81 769
stats: request 81 80.75219753086421 44.21825305621761 2695.56 50.756 102.74087354651165 688
stats: page 81 80.75219753086421 44.21825305621761 2695.56 50.756 102.74087354651165 688
stats: size_rcv 20781 197375
stats: size_sent 5022 47678
stats: connected 0 14
# stats: dump at 1517144794
stats: users 15 15
stats: {freemem,"tsung_controller@jarvis"} 1 5457.5703125 0.0 5460.62890625 5457.20703125 5458.341264204545 11
stats: {load,"tsung_controller@jarvis"} 1 0.1015625 0.0 0.16015625 0.01953125 0.06427556818181818 11
stats: {cpu,"tsung_controller@jarvis"} 1 0.6988643454386622 0.0 1.9269745084810916 0.6490264603095357 0.8181459751039705 11
stats: users_count 0 15
stats: finish_users_count 0 0
stats: page 68 72.12489705882352 33.722477741175965 2695.56 50.756 100.42477113133943 769
stats: tr_busyWait 68 72.29992647058826 33.72794952842008 2695.637 50.845 100.60933680104033 769
stats: request 68 72.12489705882352 33.722477741175965 2695.56 50.756 100.42477113133943 769
stats: connect 6 0.9369999999999999 0.13047349667014116 13.394 0.5 0.9713164556962025 79
stats: 200 68 837
stats: size_rcv 17457 214832
stats: size_sent 4216 51894
stats: connected -1 13
# stats: dump at 1517144804
stats: users 15 15
stats: {freemem,"tsung_controller@jarvis"} 1 5457.7578125 0.0 5460.62890625 5457.20703125 5458.277018229166 12
stats: {load,"tsung_controller@jarvis"} 1 0.078125 0.0 0.16015625 0.01953125 0.0673828125 12
stats: {cpu,"tsung_controller@jarvis"} 1 0.6615077383924114 0.0 1.9269745084810916 0.6490264603095357 0.8082058392985282 12
stats: users_count 0 15
stats: finish_users_count 0 0
stats: request 83 76.2708674698795 28.37258858869594 2695.56 50.756 98.12561768219835 837
stats: tr_busyWait 83 76.45521686746987 28.347824993402625 2695.637 50.845 98.30940860215057 837
stats: 200 83 920
stats: connect 6 0.9103333333333333 0.22163909602975937 13.394 0.5 0.9688941176470588 85
stats: page 83 76.2708674698795 28.37258858869594 2695.56 50.756 98.12561768219835 837
stats: size_rcv 21303 236135
stats: size_sent 5146 57040
stats: connected 1 14
# stats: dump at 1517144814
stats: users 15 15
stats: {freemem,"tsung_controller@jarvis"} 1 5457.5625 0.0 5460.62890625 5457.20703125 5458.237079326923 13
stats: {load,"tsung_controller@jarvis"} 1 0.0703125 0.0 0.16015625 0.01953125 0.06820913461538461 13
stats: {cpu,"tsung_controller@jarvis"} 1 0.7235528942115769 0.0 1.9269745084810916 0.6490264603095357 0.7969213699980576 13
stats: users_count 0 15
stats: finish_users_count 0 0
stats: request 60 65.56463333333335 23.650848118666325 2695.56 50.756 96.15393913043481 920
stats: page 60 65.56463333333335 23.650848118666325 2695.56 50.756 96.15393913043481 920
stats: connect 6 0.8504999999999999 0.10335819593368814 13.394 0.5 0.965032967032967 91
stats: 200 60 980
stats: tr_busyWait 60 65.7443333333333 23.662000652710855 2695.637 50.845 96.33778043478263 920
stats: size_rcv 15400 251535
stats: size_sent 3720 60760
stats: connected -1 13
# stats: dump at 1517144824
stats: users 15 15
stats: {freemem,"tsung_controller@jarvis"} 1 5457.43359375 0.0 5460.62890625 5457.20703125 5458.188895089285 14
stats: {load,"tsung_controller@jarvis"} 1 0.05859375 0.0 0.16015625 0.01953125 0.06835937499999999 14
stats: {cpu,"tsung_controller@jarvis"} 1 0.6615077383924114 0.0 1.9269745084810916 0.6490264603095357 0.7916807645847376 14
stats: users_count 0 15
stats: finish_users_count 0 0
stats: connect 4 0.8545 0.13787403671467663 13.394 0.5 0.9579484536082473 97
stats: request 71 70.15366197183096 23.90071757066676 2695.56 50.756 94.28112448979594 980
stats: tr_busyWait 71 70.33012676056337 23.884565515942302 2695.637 50.845 94.46471224489798 980
stats: page 71 70.15366197183096 23.90071757066676 2695.56 50.756 94.28112448979594 980
stats: 200 71 1051
stats: size_rcv 18229 269764
stats: size_sent 4464 65224
stats: connected 1 14
# stats: dump at 1517144834
stats: users 15 15
stats: {freemem,"tsung_controller@jarvis"} 1 5456.28125 0.0 5460.62890625 5456.28125 5458.138541666666 15
stats: {load,"tsung_controller@jarvis"} 1 0.05078125 0.0 0.16015625 0.01953125 0.06770833333333331 15
stats: {cpu,"tsung_controller@jarvis"} 1 0.6739049045301385 0.0 1.9269745084810916 0.6490264603095357 0.7830025628385825 15
stats: users_count 0 15
stats: finish_users_count 0 0
stats: request 68 77.47627941176474 32.63622430757396 2695.56 50.756 92.65120076117985 1051
stats: connect 5 0.6832 0.09415391654094903 13.394 0.5 0.9538514851485148 101
stats: page 68 77.47627941176474 32.63622430757396 2695.56 50.756 92.65120076117985 1051
stats: tr_busyWait 68 77.65500000000006 32.609131626603855 2695.637 50.845 92.83430732635587 1051
stats: 200 68 1119
stats: size_rcv 17460 287224
stats: size_sent 4216 69440
stats: connected 0 14
# stats: dump at 1517144844
stats: users 15 15
stats: {freemem,"tsung_controller@jarvis"} 1 5457.015625 0.0 5460.62890625 5456.28125 5458.0224609375 16
stats: {load,"tsung_controller@jarvis"} 1 0.0390625 0.0 0.16015625 0.01953125 0.06665039062499999 16
stats: {cpu,"tsung_controller@jarvis"} 1 0.6115063022588294 0.0 1.9269745084810916 0.6115063022588294 0.7761839591943047 16
stats: users_count 0 15
stats: finish_users_count 0 0
stats: request 71 70.55588732394367 24.90300345738585 2695.56 50.756 91.72904289544239 1119
stats: connect 6 0.8230000000000001 0.16733399734264004 13.394 0.5 0.9410849056603773 106
stats: page 71 70.55588732394367 24.90300345738585 2695.56 50.756 91.72904289544239 1119
stats: tr_busyWait 71 70.7317605633803 24.897358874841927 2695.637 50.845 91.91188293118859 1119
stats: 200 71 1190
stats: size_rcv 18228 305452
stats: size_sent 4588 74028
stats: connected 1 15
# stats: dump at 1517144854
stats: users 15 15
stats: {freemem,"tsung_controller@jarvis"} 1 5456.69921875 0.0 5460.62890625 5456.28125 5457.963235294118 17
stats: {load,"tsung_controller@jarvis"} 1 0.03125 0.0 0.16015625 0.01953125 0.06502757352941176 17
stats: {cpu,"tsung_controller@jarvis"} 1 0.6737367436057393 0.0 1.9269745084810916 0.6115063022588294 0.7664970381981003 17
stats: users_count 0 15
stats: finish_users_count 0 0
stats: request 85 94.86603529411767 62.02617747720752 2695.56 50.756 90.46577058823532 1190
stats: page 85 94.86603529411767 62.02617747720752 2695.56 50.756 90.46577058823532 1190
stats: connect 5 0.7020000000000001 0.13468036233987493 13.394 0.5 0.9347589285714285 112
stats: tr_busyWait 85 95.02539999999999 62.03108371229984 2695.637 50.845 90.64819495798322 1190
stats: 200 85 1275
stats: size_rcv 21809 327261
stats: size_sent 5146 79174
stats: connected -1 14
# stats: dump at 1517144855
stats: users 15 15
stats: {freemem,"tsung_controller@jarvis"} 0 0 0 5460.62890625 5456.28125 5457.893012152777 18
stats: {load,"tsung_controller@jarvis"} 0 0 0 0.16015625 0.01953125 0.06315104166666666 18
stats: {cpu,"tsung_controller@jarvis"} 0 0 0 1.9269745084810916 0.6115063022588294 0.7613436884985246 18
stats: users_count 0 15
stats: finish_users_count 0 0
stats: request 14 114.74792857142859 57.51398563016066 2695.56 50.756 90.75912156862746 1275
stats: connect 0 0 0 13.394 0.5 0.9248119658119658 117
stats: page 14 114.74792857142859 57.51398563016066 2695.56 50.756 90.75912156862746 1275
stats: tr_busyWait 14 114.89071428571431 57.45051091458577 2695.637 50.845 90.94000862745101 1275
stats: 200 14 1289
stats: size_rcv 3590 330851
stats: size_sent 744 79918
stats: connected 0 14
stats: error_abort 1 1
EndMonitor:{1517,144855,667054}
