# stats: dump at 1516810068
stats: users 718 718
stats: {freemem,"tsung_controller@jarvis"} 1 4065.76171875 0 4065.76171875 4065.76171875 0 0
stats: {load,"tsung_controller@jarvis"} 1 0.0 0 0.0 0.0 0 0
stats: {cpu,"tsung_controller@jarvis"} 1 44.99770797894416 0 44.99770797894416 44.99770797894416 0 0
stats: session 1118 1669.7129642218244 1123.758863544356 7353.009 12.337 0 0
stats: users_count 1836 1836
stats: finish_users_count 1118 1118
stats: request 1043 831.3527114093961 670.380558975737 3171.399 7.819 0 0
stats: connect 1286 189.37144245723175 487.34161029028303 3046.217 0.351 0 0
stats: page 1043 831.3527114093961 670.380558975737 3171.399 7.819 0 0
stats: 200 1043 1043
stats: size_rcv 267561 267561
stats: size_sent 79732 79732
stats: connected 243 243
# stats: dump at 1516810078
stats: users 1157 1182
stats: {freemem,"tsung_controller@jarvis"} 1 4054.70703125 0.0 4065.76171875 4054.70703125 4065.76171875 1
stats: {load,"tsung_controller@jarvis"} 1 0.0 0.0 0.0 0.0 0.0 1
stats: {cpu,"tsung_controller@jarvis"} 1 0.4320203303684879 0.0 44.99770797894416 0.4320203303684879 44.99770797894416 1
stats: session 1560 3728.4569160256387 2158.8589946258962 15100.273 12.337 1669.7129642218244 1118
stats: users_count 1999 3835
stats: finish_users_count 1560 2678
stats: request 1529 2616.2559679529145 1837.3499658079293 11666.389 7.819 831.3527114093961 1043
stats: 200 1529 2572
stats: connect 1781 1207.5581448624362 1951.6860502748184 7295.425 0.318 189.37144245723175 1286
stats: page 1529 2616.2559679529145 1837.3499658079293 11666.389 7.819 831.3527114093961 1043
stats: size_rcv 391097 658658
stats: size_sent 110422 190154
stats: connected 252 495
# stats: dump at 1516810088
stats: users 1360 1388
stats: {freemem,"tsung_controller@jarvis"} 1 4045.375 0.0 4065.76171875 4045.375 4060.234375 2
stats: {load,"tsung_controller@jarvis"} 1 0.0 0.0 0.0 0.0 0.0 2
stats: {cpu,"tsung_controller@jarvis"} 1 1.2227741688956821 0.0 44.99770797894416 0.4320203303684879 22.714864154656325 2
stats: session 1834 4029.931714285714 2905.7875748811107 24517.715 12.337 2868.981285660939 2678
stats: users_count 2037 5872
stats: finish_users_count 1834 4512
stats: request 1837 2983.4959951007068 2648.234760122445 20443.153 7.819 1892.4402227838282 2572
stats: 200 1837 4409
stats: connect 1901 1148.7483314045205 2535.3262518439337 15487.127 0.301 780.6301698728395 3067
stats: page 1837 2983.4959951007068 2648.234760122445 20443.153 7.819 1892.4402227838282 2572
stats: size_rcv 469256 1127914
stats: size_sent 117862 308016
stats: connected 64 559
# stats: dump at 1516810098
stats: users 1563 1569
stats: {freemem,"tsung_controller@jarvis"} 1 4027.671875 0.0 4065.76171875 4027.671875 4055.28125 3
stats: {load,"tsung_controller@jarvis"} 1 0.0 0.0 0.0 0.0 0.0 3
stats: {cpu,"tsung_controller@jarvis"} 1 0.8293990047211943 0.0 44.99770797894416 0.4320203303684879 15.550834159402777 3
stats: session 1809 4110.2398275290125 3499.485453623909 30748.063 12.337 3340.8747001329775 4512
stats: users_count 2012 7884
stats: finish_users_count 1809 6321
stats: connect 1885 1201.5720063660442 2800.909493512679 31438.155 0.3 921.4901990740726 4968
stats: request 1853 3106.290362115486 3370.5461381007904 30371.043 7.819 2347.026172828307 4409
stats: page 1853 3106.290362115486 3370.5461381007904 30371.043 7.819 2347.026172828307 4409
stats: 200 1853 6262
stats: size_rcv 473331 1601245
stats: size_sent 116870 424886
stats: connected 32 591
# stats: dump at 1516810108
stats: users 1687 1706
stats: {freemem,"tsung_controller@jarvis"} 1 4023.3125 0.0 4065.76171875 4023.3125 4048.37890625 4
stats: {load,"tsung_controller@jarvis"} 1 0.0 0.0 0.0 0.0 0.0 4
stats: {cpu,"tsung_controller@jarvis"} 1 0.8169517487873373 0.0 44.99770797894416 0.4320203303684879 11.870475370732382 4
stats: session 1820 4155.626684615398 4688.368888541795 38025.088 12.337 3561.0584551494985 6321
stats: users_count 1944 9828
stats: finish_users_count 1820 8141
stats: request 1816 3142.248975220266 4553.114510208195 35879.865 7.819 2571.701443149154 6262
stats: page 1816 3142.248975220266 4553.114510208195 35879.865 7.819 2571.701443149154 6262
stats: connect 1965 1743.8104768447831 4827.771734163424 31627.205 0.3 998.5300658105919 6853
stats: 200 1816 8078
stats: size_rcv 463979 2065224
stats: size_sent 121830 546716
stats: connected 149 740
# stats: dump at 1516810118
stats: users 1902 1909
stats: {freemem,"tsung_controller@jarvis"} 1 4021.78515625 0.0 4065.76171875 4021.78515625 4043.365625 5
stats: {load,"tsung_controller@jarvis"} 1 0.0 0.0 0.0 0.0 0.0 5
stats: {cpu,"tsung_controller@jarvis"} 1 1.1301587301587301 0.0 44.99770797894416 0.4320203303684879 9.659770646343373 5
stats: session 1857 4684.181457189008 7355.808015093943 54162.452 12.337 3693.9799853826316 8141
stats: users_count 2072 11900
stats: finish_users_count 1857 9998
stats: request 1843 2869.508926749862 3784.041174865308 39921.21 7.819 2699.9651616736824 8078
stats: page 1843 2869.508926749862 3784.041174865308 39921.21 7.819 2699.9651616736824 8078
stats: connect 1945 1374.212862724937 4203.465933804339 31627.205 0.295 1164.608088909048 8818
stats: 200 1843 9921
stats: size_rcv 471140 2536364
stats: size_sent 120590 667306
stats: connected 102 842
stats: error_connect_timeout 65 65
# stats: dump at 1516810128
stats: users 2050 2052
stats: {freemem,"tsung_controller@jarvis"} 1 4018.48046875 0.0 4065.76171875 4018.48046875 4039.7688802083335 6
stats: {load,"tsung_controller@jarvis"} 1 0.0 0.0 0.0 0.0 0.0 6
stats: {cpu,"tsung_controller@jarvis"} 1 0.5269245598252152 0.0 44.99770797894416 0.4320203303684879 8.238168660312601 6
stats: session 1842 7389.898996742676 13383.192087299665 62734.295 12.337 3877.8971821364266 9998
stats: users_count 1990 13890
stats: finish_users_count 1842 11840
stats: connect 1911 1407.8089204604928 4383.293783032761 31627.205 0.292 1202.486123385672 10763
stats: request 1856 3232.2766535560427 6080.326347412813 62034.107 7.819 2731.460893861506 9921
stats: page 1856 3232.2766535560427 6080.326347412813 62034.107 7.819 2731.460893861506 9921
stats: 200 1856 11777
stats: size_rcv 474634 3010998
stats: size_sent 118482 785788
stats: connected 55 897
stats: error_connect_timeout 127 192
# stats: dump at 1516810138
stats: users 2280 2293
stats: {freemem,"tsung_controller@jarvis"} 1 4012.10546875 0.0 4065.76171875 4012.10546875 4036.7276785714284 7
stats: {load,"tsung_controller@jarvis"} 1 0.0 0.0 0.0 0.0 0.0 7
stats: {cpu,"tsung_controller@jarvis"} 1 0.6548536209553159 0.0 44.99770797894416 0.4320203303684879 7.136562360242975 7
stats: session 1826 7642.505638554228 13824.83376783852 70549.91 12.337 4424.274491469595 11840
stats: users_count 2056 15946
stats: finish_users_count 1826 13666
stats: connect 1916 1049.6607359081447 2864.574837737384 31627.205 0.286 1233.444926069117 12674
stats: request 1821 3854.134851180674 7926.362712940357 70131.894 7.819 2810.387110214827 11777
stats: page 1821 3854.134851180674 7926.362712940357 70131.894 7.819 2810.387110214827 11777
stats: 200 1821 13598
stats: size_rcv 465557 3476555
stats: size_sent 118792 904580
stats: connected 95 992
stats: error_connect_timeout 132 324
# stats: dump at 1516810148
stats: users 2579 2584
stats: {freemem,"tsung_controller@jarvis"} 1 4002.53125 0.0 4065.76171875 4002.53125 4033.64990234375 8
stats: {load,"tsung_controller@jarvis"} 1 0.0 0.0 0.0 0.0 0.0 8
stats: {cpu,"tsung_controller@jarvis"} 1 0.9323116219667945 0.0 44.99770797894416 0.4320203303684879 6.326348767832017 8
stats: session 1801 6630.432474180996 12277.466695249426 80938.758 12.337 4854.282546099811 13666
stats: users_count 2100 18046
stats: finish_users_count 1801 15467
stats: connect 1949 1560.2995613134938 4578.186645755563 31627.205 0.286 1209.3098672378335 14590
stats: request 1805 3405.8795916897566 6500.328174971842 70847.57 7.819 2950.1624180761896 13598
stats: page 1805 3405.8795916897566 6500.328174971842 70847.57 7.819 2950.1624180761896 13598
stats: 200 1805 15403
stats: size_rcv 461358 3937913
stats: size_sent 120838 1025418
stats: connected 144 1136
stats: error_connect_timeout 94 418
# stats: dump at 1516810158
stats: users 2895 2895
stats: {freemem,"tsung_controller@jarvis"} 1 3986.29296875 0.0 4065.76171875 3986.29296875 4030.1922743055557 9
stats: {load,"tsung_controller@jarvis"} 1 0.0 0.0 0.0 0.0 0.0 9
stats: {cpu,"tsung_controller@jarvis"} 1 2.0881079704609116 0.0 44.99770797894416 0.4320203303684879 5.727011307180326 9
stats: session 1825 6868.899196164375 12381.9541097058 87071.397 12.337 5061.100029805392 15467
stats: users_count 2141 20187
stats: finish_users_count 1825 17292
stats: connect 1960 1428.097136734695 3995.560055793245 31627.205 0.286 1250.671431646411 16539
stats: page 1849 3423.7207512168725 5976.535080601887 70847.57 7.819 3003.565618645721 15403
stats: request 1849 3423.7207512168725 5976.535080601887 70847.57 7.819 3003.565618645721 15403
stats: 200 1849 17252
stats: size_rcv 472498 4410411
stats: size_sent 121520 1146938
stats: connected 111 1247
stats: error_connect_timeout 113 531
# stats: dump at 1516810168
stats: users 3219 3236
stats: {freemem,"tsung_controller@jarvis"} 1 3968.328125 0.0 4065.76171875 3968.328125 4025.80234375 10
stats: {load,"tsung_controller@jarvis"} 1 0.0 0.0 0.0 0.0 0.0 10
stats: {cpu,"tsung_controller@jarvis"} 1 1.2555009060315818 0.0 44.99770797894416 0.4320203303684879 5.3631209735083845 10
stats: session 1851 7238.422869800106 13273.397982013534 89174.016 12.337 5251.895396368262 17292
stats: users_count 2175 22362
stats: finish_users_count 1851 19143
stats: request 1822 3244.7730911086683 5847.479892079763 87068.0 7.819 3048.5961565615603 17252
stats: connect 1927 916.3795713544367 2421.618565553112 31627.205 0.28 1269.4699819449697 18499
stats: page 1822 3244.7730911086683 5847.479892079763 87068.0 7.819 3048.5961565615603 17252
stats: 200 1822 19074
stats: size_rcv 465770 4876181
stats: size_sent 119474 1266412
stats: connected 105 1352
stats: error_connect_timeout 172 703
# stats: dump at 1516810178
stats: users 3503 3555
stats: {freemem,"tsung_controller@jarvis"} 1 3968.125 0.0 4065.76171875 3968.125 4020.5774147727275 11
stats: {load,"tsung_controller@jarvis"} 1 0.0 0.0 0.0 0.0 0.0 11
stats: {cpu,"tsung_controller@jarvis"} 1 1.9676375404530746 0.0 44.99770797894416 0.4320203303684879 4.98970096737413 11
stats: session 1875 8417.110143999967 15779.194642103075 109629.374 12.337 5443.979309721568 19143
stats: users_count 2159 24521
stats: finish_users_count 1875 21018
stats: request 1858 3412.3129085037676 6577.112612286272 108231.347 7.819 3067.3355072349814 19074
stats: 200 1856 20930
stats: page 1858 3412.3129085037676 6577.112612286272 108231.347 7.819 3067.3355072349814 19074
stats: connect 1956 1248.436531186095 3288.887213300902 31627.205 0.28 1236.1592396945068 20426
stats: size_rcv 474496 5350677
stats: size_sent 121272 1387684
stats: connected 98 1450
stats: error_connect_timeout 173 876
# stats: dump at 1516810188
stats: users 3760 3767
stats: {freemem,"tsung_controller@jarvis"} 1 3965.69140625 0.0 4065.76171875 3965.69140625 4016.2063802083335 12
stats: {load,"tsung_controller@jarvis"} 1 0.0 0.0 0.0 0.0 0.0 12
stats: {cpu,"tsung_controller@jarvis"} 1 1.839378238341969 0.0 44.99770797894416 0.4320203303684879 4.737862348464042 12
stats: session 1867 14101.349450990923 26324.716349218877 125230.146 12.337 5709.210079265387 21018
stats: users_count 2124 26645
stats: finish_users_count 1867 22885
stats: request 1900 8193.969792105228 22560.009227179748 122691.716 7.819 3097.9569486432274 20932
stats: page 1900 8193.969792105228 22560.009227179748 122691.716 7.819 3097.9569486432274 20932
stats: connect 2053 1642.732652703361 3836.022507063612 31627.205 0.28 1237.232172504691 22382
stats: 200 1823 22753
stats: size_rcv 466169 5816846
stats: size_sent 127286 1514970
stats: connected 153 1603
stats: error_connect_timeout 290 1166
# stats: dump at 1516810198
stats: users 3937 3941
stats: {freemem,"tsung_controller@jarvis"} 1 3958.15234375 0.0 4065.76171875 3958.15234375 4012.320612980769 13
stats: {load,"tsung_controller@jarvis"} 1 0.0 0.0 0.0 0.0 0.0 13
stats: {cpu,"tsung_controller@jarvis"} 1 2.423221459116237 0.0 44.99770797894416 0.4320203303684879 4.514902032300807 13
stats: session 1878 14352.301525026653 26445.76324240807 125230.146 12.337 6393.856100983175 22885
stats: users_count 2055 28700
stats: finish_users_count 1878 24763
stats: 200 1830 24583
stats: request 1894 7488.623388595568 20982.946411210232 122787.29 7.819 3522.0294960581623 22832
stats: connect 1996 1652.286937374749 4172.10818297493 31627.205 0.28 1271.3018465725393 24435
stats: page 1894 7488.623388595568 20982.946411210232 122787.29 7.819 3522.0294960581623 22832
stats: size_rcv 467795 6284641
stats: size_sent 123752 1638722
stats: connected 102 1705
stats: error_connect_timeout 251 1417
# stats: dump at 1516810208
stats: users 4237 4240
stats: {freemem,"tsung_controller@jarvis"} 1 3936.47265625 0.0 4065.76171875 3936.47265625 4008.4514508928573 14
stats: {load,"tsung_controller@jarvis"} 1 0.0 0.0 0.0 0.0 0.0 14
stats: {cpu,"tsung_controller@jarvis"} 1 2.242094349403836 0.0 44.99770797894416 0.4320203303684879 4.365496277073338 14
stats: session 1841 12035.169576317197 21929.7259199324 125230.146 12.337 6997.416271655293 24763
stats: users_count 2141 30841
stats: finish_users_count 1841 26604
stats: request 1843 4658.236257189358 13342.829333400125 122787.29 7.819 3825.868727331553 24726
stats: connect 2016 1424.5361473214298 4610.484500216112 31627.313 0.28 1300.0728443116036 26431
stats: page 1843 4658.236257189358 13342.829333400125 122787.29 7.819 3825.868727331553 24726
stats: 200 1821 26404
stats: size_rcv 465505 6750146
stats: size_sent 124992 1763714
stats: connected 173 1878
stats: error_connect_timeout 359 1776
# stats: dump at 1516810218
stats: users 4555 4558
stats: {freemem,"tsung_controller@jarvis"} 1 3927.33203125 0.0 4065.76171875 3927.33203125 4003.652864583333 15
stats: {load,"tsung_controller@jarvis"} 1 0.0703125 0.0 0.0703125 0.0 0.0 15
stats: {cpu,"tsung_controller@jarvis"} 1 2.803738317757009 0.0 44.99770797894416 0.4320203303684879 4.2239361485620375 15
stats: session 1852 10952.55651079914 19733.938578005178 130066.609 12.337 7346.029406292287 26604
stats: users_count 2170 33011
stats: finish_users_count 1852 28456
stats: request 1868 3928.085880085655 10363.076697807794 122984.32 7.819 3883.607195378071 26569
stats: connect 1954 1134.9050051177087 3406.194312754532 31627.313 0.28 1308.8933884416635 28447
stats: 200 1856 28260
stats: page 1868 3928.085880085655 10363.076697807794 122984.32 7.819 3883.607195378071 26569
stats: size_rcv 474416 7224562
stats: size_sent 121148 1884862
stats: connected 86 1964
stats: error_connect_timeout 305 2081
# stats: dump at 1516810228
stats: users 4643 4721
stats: {freemem,"tsung_controller@jarvis"} 1 3917.1171875 0.0 4065.76171875 3917.1171875 3998.8828125 16
stats: {load,"tsung_controller@jarvis"} 1 0.140625 0.0 0.140625 0.0 0.00439453125 16
stats: {cpu,"tsung_controller@jarvis"} 1 3.7735849056603774 0.0 44.99770797894416 0.4320203303684879 4.1351737841367235 16
stats: session 2005 17848.9341556109 32708.115683925458 159362.317 12.337 7580.752775618498 28456
stats: users_count 2093 35104
stats: finish_users_count 2005 30461
stats: request 2007 10329.85367065271 28119.643448961346 139620.318 7.819 3886.5289586805916 28437
stats: connect 1945 852.0175347043711 2367.358452116501 31627.313 0.28 1297.7104240321044 30401
stats: 200 1883 30143
stats: page 2007 10329.85367065271 28119.643448961346 139620.318 7.819 3886.5289586805916 28437
stats: size_rcv 481372 7705934
stats: size_sent 120590 2005452
stats: connected -62 1902
stats: error_connect_timeout 335 2416
# stats: dump at 1516810238
stats: users 4883 4897
stats: {freemem,"tsung_controller@jarvis"} 1 3911.2109375 0.0 4065.76171875 3911.2109375 3994.073069852941 17
stats: {load,"tsung_controller@jarvis"} 1 0.12109375 0.0 0.140625 0.0 0.012408088235294117 17
stats: {cpu,"tsung_controller@jarvis"} 1 2.6960466623460793 0.0 44.99770797894416 0.4320203303684879 4.113903850108703 17
stats: session 1854 15979.574896440103 28731.84473211743 163411.586 12.337 8256.623681592851 30461
stats: users_count 2094 37198
stats: finish_users_count 1854 32315
stats: connect 1974 1100.29285106383 3269.7987995259277 31627.313 0.28 1270.9104280591112 32346
stats: page 1848 7175.620902597408 21536.6655216554 139620.318 7.819 4311.300759262908 30444
stats: request 1848 7175.620902597408 21536.6655216554 139620.318 7.819 4311.300759262908 30444
stats: 200 1782 31925
stats: size_rcv 455617 8161551
stats: size_sent 122388 2127840
stats: connected 126 2028
stats: error_connect_timeout 352 2768
# stats: dump at 1516810248
stats: users 3131 4945
stats: {freemem,"tsung_controller@jarvis"} 1 3912.1484375 0.0 4065.76171875 3911.2109375 3989.4696180555557 18
stats: {load,"tsung_controller@jarvis"} 1 0.1015625 0.0 0.140625 0.0 0.018446180555555556 18
stats: {cpu,"tsung_controller@jarvis"} 1 2.4993524993524994 0.0 44.99770797894416 0.4320203303684879 4.035134006344112 18
stats: session 1988 32940.573960261536 35820.55318368023 172632.139 12.337 8699.71053142503 32315
stats: users_count 236 37434
stats: finish_users_count 1988 34303
stats: connect 1616 7256.34681868812 10251.159253689737 31627.313 0.28 1261.0969345571098 34320
stats: page 1986 17141.115266364577 30787.04995420106 139620.318 7.819 4475.219489130435 32292
stats: request 1986 17141.115266364577 30787.04995420106 139620.318 7.819 4475.219489130435 32292
stats: 200 1837 33762
stats: size_rcv 469680 8631231
stats: size_sent 100192 2228032
stats: connected -370 1658
stats: error_connect_timeout 433 3201
# stats: dump at 1516810258
stats: users 1396 4945
stats: {freemem,"tsung_controller@jarvis"} 1 3935.5625 0.0 4065.76171875 3911.2109375 3985.400082236842 19
stats: {load,"tsung_controller@jarvis"} 1 0.078125 0.0 0.140625 0.0 0.022820723684210526 19
stats: {cpu,"tsung_controller@jarvis"} 1 1.110410094637224 0.0 44.99770797894416 0.4320203303684879 3.9543034007129743 19
stats: session 1735 51610.24632853029 27472.825310961776 174231.265 12.337 10104.568313441967 34303
stats: users_count 0 37434
stats: finish_users_count 1735 36038
stats: request 1756 26640.4088069476 26694.884975098932 139620.318 6.139 5209.056615380129 34278
stats: connect 1066 14828.549991557222 14782.435422775092 31627.313 0.28 1530.69632827805 35936
stats: page 1756 26640.4088069476 26694.884975098932 139620.318 6.139 5209.056615380129 34278
stats: 200 1691 35453
stats: size_rcv 432755 9063986
stats: size_sent 66092 2294124
stats: connected -690 968
stats: error_connect_timeout 498 3699
# stats: dump at 1516810268
stats: users 655 4945
stats: {freemem,"tsung_controller@jarvis"} 1 3938.4296875 0.0 4065.76171875 3911.2109375 3982.908203125 20
stats: {load,"tsung_controller@jarvis"} 1 0.0703125 0.0 0.140625 0.0 0.0255859375 20
stats: {cpu,"tsung_controller@jarvis"} 1 2.6970184337498453 0.0 44.99770797894416 0.4320203303684879 3.8121087354091863 20
stats: session 741 65794.94899730108 30824.27292482816 174647.807 12.337 12102.802159831284 36038
stats: users_count 0 37434
stats: finish_users_count 741 36779
stats: request 745 35605.73666040265 38275.025162251375 140353.63 6.139 6253.443984209359 36034
stats: connect 429 8959.406862470842 14211.727293911294 31627.313 0.28 1913.7975661856117 37002
stats: page 745 35605.73666040265 38275.025162251375 140353.63 6.139 6253.443984209359 36034
stats: 200 715 36168
stats: size_rcv 183242 9247228
stats: size_sent 26598 2320722
stats: connected -316 652
stats: error_connect_timeout 305 4004
# stats: dump at 1516810278
stats: users 492 4945
stats: {freemem,"tsung_controller@jarvis"} 1 3944.13671875 0.0 4065.76171875 3911.2109375 3980.7901785714284 21
stats: {load,"tsung_controller@jarvis"} 1 0.05859375 0.0 0.140625 0.0 0.027715773809523808 21
stats: {cpu,"tsung_controller@jarvis"} 1 0.3391107761868877 0.0 44.99770797894416 0.3391107761868877 3.759009197234932 21
stats: session 163 98665.25987730066 30839.507158268218 208192.074 12.337 13184.557531281434 36779
stats: users_count 0 37434
stats: finish_users_count 163 36942
stats: connect 3 0.4176666666666667 0.02597862369119829 31627.313 0.28 1994.547917180946 37431
stats: request 163 88209.86997546005 27904.937258970862 140353.63 6.139 6848.007676636124 36779
stats: page 163 88209.86997546005 27904.937258970862 140353.63 6.139 6848.007676636124 36779
stats: 200 112 36280
stats: size_rcv 28697 9275925
stats: size_sent 186 2320908
stats: connected -160 492
stats: error_connect_timeout 3 4007
# stats: dump at 1516810288
stats: users 333 4945
stats: {freemem,"tsung_controller@jarvis"} 1 3947.34375 0.0 4065.76171875 3911.2109375 3979.124112215909 22
stats: {load,"tsung_controller@jarvis"} 1 0.05078125 0.0 0.140625 0.0 0.02911931818181818 22
stats: {cpu,"tsung_controller@jarvis"} 1 0.12496875781054737 0.0 44.99770797894416 0.12496875781054737 3.6035592690054754 22
stats: session 159 119944.77935849054 17554.288564816103 215665.525 12.337 13561.725916382435 36942
stats: users_count 0 37434
stats: finish_users_count 159 37101
stats: request 159 113429.389981132 6974.884237587873 140353.63 6.139 7207.002413107033 36942
stats: connect 0 0 0 31627.313 0.28 1994.388105492333 37434
stats: page 159 113429.389981132 6974.884237587873 140353.63 6.139 7207.002413107033 36942
stats: 200 0 36280
stats: size_rcv 0 9275925
stats: size_sent 0 2320908
stats: connected -159 333
stats: error_connect_timeout 0 4007
# stats: dump at 1516810298
stats: users 158 4945
stats: {freemem,"tsung_controller@jarvis"} 1 3949.87109375 0.0 4065.76171875 3911.2109375 3977.7423573369565 23
stats: {load,"tsung_controller@jarvis"} 1 0.0390625 0.0 0.140625 0.0 0.030061141304347828 23
stats: {cpu,"tsung_controller@jarvis"} 1 0.22508440665249466 0.0 44.99770797894416 0.12496875781054737 3.452316203301348 23
stats: session 175 121228.75293142864 20870.633798878636 226888.453 12.337 14017.640999460928 37101
stats: users_count 0 37434
stats: finish_users_count 175 37276
stats: page 175 111938.13872571428 4009.7481097596765 140353.63 6.139 7662.228946713027 37101
stats: connect 0 0 0 31627.313 0.28 1994.388105492333 37434
stats: request 175 111938.13872571428 4009.7481097596765 140353.63 6.139 7662.228946713027 37101
stats: 200 0 36280
stats: size_rcv 0 9275925
stats: size_sent 0 2320908
stats: connected -175 158
stats: error_connect_timeout 0 4007
# stats: dump at 1516810308
stats: users 113 4945
stats: {freemem,"tsung_controller@jarvis"} 1 3956.7421875 0.0 4065.76171875 3911.2109375 3976.5810546875 24
stats: {load,"tsung_controller@jarvis"} 1 0.0390625 0.0 0.140625 0.0 0.030436197916666668 24
stats: {cpu,"tsung_controller@jarvis"} 1 0.17524095631493303 0.0 44.99770797894416 0.12496875781054737 3.317848211774313 24
stats: session 45 129674.40328888889 30566.67012210492 226888.453 12.337 14520.966050112673 37276
stats: users_count 0 37434
stats: finish_users_count 45 37321
stats: connect 0 0 0 31627.313 0.28 1994.388105492333 37434
stats: request 45 120956.00968888888 25843.064821948974 220552.379 6.139 8151.774075249491 37276
stats: page 45 120956.00968888888 25843.064821948974 220552.379 6.139 8151.774075249491 37276
stats: 200 0 36280
stats: size_rcv 0 9275925
stats: size_sent 0 2320908
stats: connected -45 113
stats: error_connect_timeout 0 4007
# stats: dump at 1516810318
stats: users 37 4945
stats: {freemem,"tsung_controller@jarvis"} 1 3977.96484375 0.0 4065.76171875 3911.2109375 3975.7875 25
stats: {load,"tsung_controller@jarvis"} 1 0.03125 0.0 0.140625 0.0 0.03078125 25
stats: {cpu,"tsung_controller@jarvis"} 1 0.05001875703388771 0.0 44.99770797894416 0.05001875703388771 3.1921439215559375 25
stats: session 76 222819.89094736837 7161.538367078303 248941.782 12.337 14659.81293727392 37321
stats: users_count 0 37434
stats: finish_users_count 76 37397
stats: page 76 221745.38397368416 6994.874251621045 245198.645 6.139 8287.788399694542 37321
stats: request 76 221745.38397368416 6994.874251621045 245198.645 6.139 8287.788399694542 37321
stats: connect 0 0 0 31627.313 0.28 1994.388105492333 37434
stats: 200 0 36280
stats: size_rcv 0 9275925
stats: size_sent 0 2320908
stats: connected -76 37
stats: error_connect_timeout 0 4007
# stats: dump at 1516810325
stats: users 0 4945
stats: {freemem,"tsung_controller@jarvis"} 1 3982.62890625 0.0 4065.76171875 3911.2109375 3975.8712439903848 26
stats: {load,"tsung_controller@jarvis"} 1 0.01953125 0.0 0.140625 0.0 0.030799278846153848 26
stats: {cpu,"tsung_controller@jarvis"} 1 0.11251406425803225 0.0 44.99770797894416 0.05001875703388771 3.0712929536897047 26
stats: session 37 232402.40451351352 11849.16556747835 248941.782 12.337 15082.845959408509 37397
stats: users_count 0 37434
stats: finish_users_count 37 37434
stats: page 37 231351.93681081082 11856.232133402531 246139.222 6.139 8721.587294355162 37397
stats: connect 0 0 0 31627.313 0.28 1994.388105492333 37434
stats: request 37 231351.93681081082 11856.232133402531 246139.222 6.139 8721.587294355162 37397
stats: 200 0 36280
stats: size_rcv 0 9275925
stats: size_sent 0 2320908
stats: connected -37 0
stats: error_connect_timeout 0 4007
EndMonitor:{1516,810325,431782}
