# stats: dump at 1517251324
stats: users 55 55
stats: {freemem,"tsung_controller@jarvis"} 1 2910.9765625 0 2910.9765625 2910.9765625 0 0
stats: {load,"tsung_controller@jarvis"} 1 0.25 0 0.25 0.25 0 0
stats: {cpu,"tsung_controller@jarvis"} 1 1.892257868300045 0 1.892257868300045 1.892257868300045 0 0
stats: users_count 55 55
stats: finish_users_count 0 0
stats: request 151 1233.6524304635766 1062.1650404526451 5365.134 66.116 0 0
stats: connect 58 1.13346551724138 2.54901082379919 20.346 0.513 0 0
stats: page 151 1233.6524304635766 1062.1650404526451 5365.134 66.116 0 0
stats: tr_loopTransaction 151 1233.8791523178807 1062.1705966280879 5365.337 66.308 0 0
stats: 200 151 151
stats: size_rcv 38574 38574
stats: size_sent 26676 26676
stats: connected 50 50
# stats: dump at 1517251334
stats: users 55 55
stats: {freemem,"tsung_controller@jarvis"} 1 2914.6015625 0.0 2914.6015625 2910.9765625 2910.9765625 1
stats: {load,"tsung_controller@jarvis"} 1 0.2109375 0.0 0.25 0.2109375 0.25 1
stats: {cpu,"tsung_controller@jarvis"} 1 1.683291770573566 0.0 1.892257868300045 1.683291770573566 1.892257868300045 1
stats: users_count 0 55
stats: finish_users_count 0 0
stats: request 196 738.721275510204 184.58140459046098 5365.134 66.116 1233.6524304635766 151
stats: connect 17 0.6859411764705883 0.16293465690928166 20.346 0.513 1.13346551724138 58
stats: page 196 738.721275510204 184.58140459046098 5365.134 66.116 1233.6524304635766 151
stats: tr_loopTransaction 196 738.8679234693875 184.57129799110623 5365.337 66.308 1233.8791523178807 151
stats: 200 196 347
stats: size_rcv 50132 88706
stats: size_sent 31044 57720
stats: connected 1 51
# stats: dump at 1517251344
stats: users 55 55
stats: {freemem,"tsung_controller@jarvis"} 1 2903.65234375 0.0 2914.6015625 2903.65234375 2912.7890625 2
stats: {load,"tsung_controller@jarvis"} 1 0.26171875 0.0 0.26171875 0.2109375 0.23046875 2
stats: {cpu,"tsung_controller@jarvis"} 1 8.869760479041917 0.0 8.869760479041917 1.683291770573566 1.7877748194368055 2
stats: users_count 0 55
stats: finish_users_count 0 0
stats: request 198 982.648555555556 200.70843591143506 5365.134 66.116 954.0947752161386 347
stats: connect 14 0.5121428571428571 0.10322296058453628 20.346 0.429 1.032026666666667 75
stats: page 198 982.648555555556 200.70843591143506 5365.134 66.116 954.0947752161386 347
stats: tr_loopTransaction 198 982.7569040404032 200.70835455188467 5365.337 66.308 954.2762680115272 347
stats: 200 198 545
stats: size_rcv 50555 139261
stats: size_sent 30576 88296
stats: connected 2 53
# stats: dump at 1517251354
stats: users 55 55
stats: {freemem,"tsung_controller@jarvis"} 1 2886.0546875 0.0 2914.6015625 2886.0546875 2909.7434895833335 3
stats: {load,"tsung_controller@jarvis"} 1 0.44921875 0.0 0.44921875 0.2109375 0.24088541666666666 3
stats: {cpu,"tsung_controller@jarvis"} 1 13.4032197678772 0.0 13.4032197678772 1.683291770573566 4.148436705971842 3
stats: users_count 0 55
stats: finish_users_count 0 0
stats: request 204 863.1853431372548 224.82327013022683 5365.134 66.116 964.4684422018353 545
stats: connect 13 0.5446923076923077 0.11135762528924173 20.346 0.413 0.9502471910112363 89
stats: page 204 863.1853431372548 224.82327013022683 5365.134 66.116 964.4684422018353 545
stats: tr_loopTransaction 204 863.3218529411768 224.84665540013134 5365.337 66.308 964.6233614678896 545
stats: 200 204 749
stats: size_rcv 52137 191398
stats: size_sent 31200 119496
stats: connected 1 54
# stats: dump at 1517251364
stats: users 55 55
stats: {freemem,"tsung_controller@jarvis"} 1 2873.25 0.0 2914.6015625 2873.25 2903.8212890625 4
stats: {load,"tsung_controller@jarvis"} 1 0.37890625 0.0 0.44921875 0.2109375 0.29296875 4
stats: {cpu,"tsung_controller@jarvis"} 1 4.196328212813788 0.0 13.4032197678772 1.683291770573566 6.462132471448181 4
stats: users_count 0 55
stats: finish_users_count 0 0
stats: request 191 763.9295654450253 311.8853046423948 5365.134 51.29 936.8826582109481 749
stats: connect 16 0.6826875 0.1500261305364835 20.346 0.413 0.8985588235294121 102
stats: page 191 763.9295654450253 311.8853046423948 5365.134 51.29 936.8826582109481 749
stats: tr_loopTransaction 191 764.075371727749 311.8832077439779 5365.337 51.437 937.0325634178904 749
stats: 200 191 940
stats: size_rcv 48820 240218
stats: size_sent 29796 149292
stats: connected -1 53
# stats: dump at 1517251374
stats: users 55 55
stats: {freemem,"tsung_controller@jarvis"} 1 2845.1640625 0.0 2914.6015625 2845.1640625 2897.70703125 5
stats: {load,"tsung_controller@jarvis"} 1 0.3203125 0.0 0.44921875 0.2109375 0.31015625 5
stats: {cpu,"tsung_controller@jarvis"} 1 5.168119551681196 0.0 13.4032197678772 1.683291770573566 6.008971619721303 5
stats: users_count 0 55
stats: finish_users_count 0 0
stats: request 201 759.9983532338308 218.76911040306138 5365.134 51.29 901.7400617021277 940
stats: connect 12 0.79275 0.11845542410544148 20.346 0.413 0.8692881355932206 118
stats: page 201 759.9983532338308 218.76911040306138 5365.134 51.29 901.7400617021277 940
stats: tr_loopTransaction 201 760.1435024875619 218.7683573752112 5365.337 51.437 901.8891340425531 940
stats: 200 201 1141
stats: size_rcv 51409 291627
stats: size_sent 30888 180180
stats: connected -2 51
# stats: dump at 1517251384
stats: users 55 55
stats: {freemem,"tsung_controller@jarvis"} 1 2822.69140625 0.0 2914.6015625 2822.69140625 2888.9498697916665 6
stats: {load,"tsung_controller@jarvis"} 1 0.26953125 0.0 0.44921875 0.2109375 0.3118489583333333 6
stats: {cpu,"tsung_controller@jarvis"} 1 3.59236622177872 0.0 13.4032197678772 1.683291770573566 5.868829608381284 6
stats: users_count 0 55
stats: finish_users_count 0 0
stats: request 197 709.9580355329953 259.74041923634024 5365.134 51.29 876.7706634531113 1141
stats: connect 16 0.7983125 0.17800516802539748 20.346 0.413 0.8622230769230772 130
stats: page 197 709.9580355329953 259.74041923634024 5365.134 51.29 876.7706634531113 1141
stats: tr_loopTransaction 197 710.1221116751262 259.7251111144412 5365.337 51.437 876.9190446976336 1141
stats: 200 197 1338
stats: size_rcv 50402 342029
stats: size_sent 31044 211224
stats: connected -3 48
# stats: dump at 1517251394
stats: users 55 55
stats: {freemem,"tsung_controller@jarvis"} 1 2821.83203125 0.0 2914.6015625 2821.83203125 2879.484375 7
stats: {load,"tsung_controller@jarvis"} 1 0.23046875 0.0 0.44921875 0.2109375 0.30580357142857145 7
stats: {cpu,"tsung_controller@jarvis"} 1 2.5140012445550712 0.0 13.4032197678772 1.683291770573566 5.543620553152346 7
stats: users_count 0 55
stats: finish_users_count 0 0
stats: request 194 1206.36962886598 182.03001119594617 5365.134 51.29 852.2100597907324 1338
stats: connect 13 0.7903076923076923 0.1828952556962947 20.346 0.413 0.855219178082192 146
stats: page 194 1206.36962886598 182.03001119594617 5365.134 51.29 852.2100597907324 1338
stats: tr_loopTransaction 194 1206.5322835051534 182.03374064016415 5365.337 51.437 852.3607518684602 1338
stats: 200 194 1532
stats: size_rcv 49477 391506
stats: size_sent 30264 241488
stats: connected 6 54
# stats: dump at 1517251404
stats: users 55 55
stats: {freemem,"tsung_controller@jarvis"} 1 2821.859375 0.0 2914.6015625 2821.83203125 2872.27783203125 8
stats: {load,"tsung_controller@jarvis"} 1 0.19140625 0.0 0.44921875 0.19140625 0.29638671875 8
stats: {cpu,"tsung_controller@jarvis"} 1 2.18586060454659 0.0 13.4032197678772 1.683291770573566 5.164918139577686 8
stats: users_count 0 55
stats: finish_users_count 0 0
stats: request 193 961.9709067357506 204.2231180651709 5365.134 51.29 897.0579425587468 1532
stats: connect 8 0.7631249999999999 0.11781918084505594 20.346 0.413 0.8499119496855347 159
stats: page 193 961.9709067357506 204.2231180651709 5365.134 51.29 897.0579425587468 1532
stats: tr_loopTransaction 193 962.1562694300525 204.22058912461316 5365.337 51.437 897.2101494778065 1532
stats: 200 193 1725
stats: size_rcv 49306 440812
stats: size_sent 31512 273000
stats: connected -2 52
# stats: dump at 1517251414
stats: users 55 55
stats: {freemem,"tsung_controller@jarvis"} 1 2823.3203125 0.0 2914.6015625 2821.83203125 2866.67578125 9
stats: {load,"tsung_controller@jarvis"} 1 0.16015625 0.0 0.44921875 0.16015625 0.2847222222222222 9
stats: {cpu,"tsung_controller@jarvis"} 1 2.4725274725274726 0.0 13.4032197678772 1.683291770573566 4.833911746796454 9
stats: users_count 0 55
stats: finish_users_count 0 0
stats: request 208 1075.5565721153835 371.6484339811857 5365.134 51.29 904.320668405797 1725
stats: connect 10 0.7979 0.14888414959289656 20.346 0.413 0.8457544910179642 167
stats: page 208 1075.5565721153835 371.6484339811857 5365.134 51.29 904.320668405797 1725
stats: tr_loopTransaction 208 1075.7413028846165 371.65940154114617 5365.337 51.437 904.476584927536 1725
stats: 200 208 1933
stats: size_rcv 53075 493887
stats: size_sent 30888 303888
stats: connected 0 52
# stats: dump at 1517251424
stats: users 55 55
stats: {freemem,"tsung_controller@jarvis"} 1 2821.98046875 0.0 2914.6015625 2821.83203125 2862.340234375 10
stats: {load,"tsung_controller@jarvis"} 1 0.140625 0.0 0.44921875 0.140625 0.272265625 10
stats: {cpu,"tsung_controller@jarvis"} 1 3.317121835640354 0.0 13.4032197678772 1.683291770573566 4.597773319369556 10
stats: users_count 0 55
stats: finish_users_count 0 0
stats: request 200 930.3341000000004 230.49583155020397 5365.134 51.29 922.7464666321778 1933
stats: connect 14 0.7693571428571431 0.15493621136402144 20.346 0.413 0.8430508474576273 177
stats: page 200 930.3341000000004 230.49583155020397 5365.134 51.29 922.7464666321778 1933
stats: tr_loopTransaction 200 930.5040450000004 230.4989106891895 5365.337 51.437 922.9054837040868 1933
stats: 200 200 2133
stats: size_rcv 51106 544993
stats: size_sent 30420 334308
stats: connected 0 52
# stats: dump at 1517251434
stats: users 55 55
stats: {freemem,"tsung_controller@jarvis"} 1 2813.7109375 0.0 2914.6015625 2813.7109375 2858.6711647727275 11
stats: {load,"tsung_controller@jarvis"} 1 0.12109375 0.0 0.44921875 0.12109375 0.26029829545454547 11
stats: {cpu,"tsung_controller@jarvis"} 1 1.9556552067762831 0.0 13.4032197678772 1.683291770573566 4.481350457212356 11
stats: users_count 0 55
stats: finish_users_count 0 0
stats: request 191 781.8322722513094 173.18242010197253 5365.134 51.29 923.4579184247538 2133
stats: connect 18 0.7611111111111113 0.15370819716769568 20.346 0.413 0.8376492146596861 191
stats: page 191 781.8322722513094 173.18242010197253 5365.134 51.29 923.4579184247538 2133
stats: tr_loopTransaction 191 781.9893612565447 173.1820718639472 5365.337 51.437 923.6179601500235 2133
stats: 200 191 2324
stats: size_rcv 48854 593847
stats: size_sent 31356 365664
stats: connected 2 54
# stats: dump at 1517251435
stats: users 55 55
stats: {freemem,"tsung_controller@jarvis"} 0 0 0 2914.6015625 2813.7109375 2854.9244791666665 12
stats: {load,"tsung_controller@jarvis"} 0 0 0 0.44921875 0.12109375 0.24869791666666666 12
stats: {cpu,"tsung_controller@jarvis"} 0 0 0 13.4032197678772 1.683291770573566 4.27087585300935 12
stats: users_count 0 55
stats: finish_users_count 0 0
stats: request 24 871.415125 97.40499326878839 5365.134 51.29 911.8182891566265 2324
stats: connect 1 0.649 0.0 20.346 0.413 0.8310574162679427 209
stats: page 24 871.415125 97.40499326878839 5365.134 51.29 911.8182891566265 2324
stats: tr_loopTransaction 24 871.5469166666663 97.42328060150571 5365.337 51.437 911.9780882099828 2324
stats: 200 24 2348
stats: size_rcv 6141 599988
stats: size_sent 2808 368472
stats: connected -1 53
stats: error_abort 1 1
EndMonitor:{1517,251435,486918}
