# stats: dump at 1517250710
stats: users 5 5
stats: {freemem,"tsung_controller@jarvis"} 1 3174.58984375 0 3174.58984375 3174.58984375 0 0
stats: {load,"tsung_controller@jarvis"} 1 0.26953125 0 0.26953125 0.26953125 0 0
stats: {cpu,"tsung_controller@jarvis"} 1 1.8868090095168184 0 1.8868090095168184 1.8868090095168184 0 0
stats: users_count 5 5
stats: finish_users_count 0 0
stats: request 26 158.93299999999994 296.087380200118 1257.736 50.872 0 0
stats: connect 5 4.0628 6.746629066430138 17.554 0.475 0 0
stats: page 26 158.93299999999994 296.087380200118 1257.736 50.872 0 0
stats: tr_loopTransaction 26 159.1629615384615 296.06746495461533 1257.864 51.011 0 0
stats: 200 26 26
stats: size_rcv 6679 6679
stats: size_sent 4212 4212
stats: connected 5 5
# stats: dump at 1517250720
stats: users 5 5
stats: {freemem,"tsung_controller@jarvis"} 1 3132.6484375 0.0 3174.58984375 3132.6484375 3174.58984375 1
stats: {load,"tsung_controller@jarvis"} 1 0.23046875 0.0 0.26953125 0.23046875 0.26953125 1
stats: {cpu,"tsung_controller@jarvis"} 1 4.398496240601504 0.0 4.398496240601504 1.8868090095168184 1.8868090095168184 1
stats: users_count 0 5
stats: finish_users_count 0 0
stats: request 30 54.32179999999999 11.607973450463552 1257.736 50.865 158.93299999999994 26
stats: connect 0 0 0 17.554 0.475 4.0628 5
stats: page 30 54.32179999999999 11.607973450463552 1257.736 50.865 158.93299999999994 26
stats: tr_loopTransaction 30 54.49023333333333 11.604380218070915 1257.864 50.996 159.1629615384615 26
stats: 200 30 56
stats: size_rcv 7706 14385
stats: size_sent 4524 8736
stats: connected 0 5
# stats: dump at 1517250730
stats: users 5 5
stats: {freemem,"tsung_controller@jarvis"} 1 3088.59375 0.0 3174.58984375 3088.59375 3153.619140625 2
stats: {load,"tsung_controller@jarvis"} 1 0.19140625 0.0 0.26953125 0.19140625 0.25 2
stats: {cpu,"tsung_controller@jarvis"} 1 4.708968273794654 0.0 4.708968273794654 1.8868090095168184 3.142652625059161 2
stats: users_count 0 5
stats: finish_users_count 0 0
stats: request 25 55.84232 10.553758578705503 1257.736 50.865 102.89128571428567 56
stats: connect 2 0.7709999999999999 0.18899999999999997 17.554 0.475 4.0628 5
stats: page 25 55.84232 10.553758578705503 1257.736 50.865 102.89128571428567 56
stats: tr_loopTransaction 25 56.03020000000001 10.562107024642383 1257.864 50.996 103.0882857142857 56
stats: 200 25 81
stats: size_rcv 6425 20810
stats: size_sent 3900 12636
stats: connected 0 5
# stats: dump at 1517250740
stats: users 5 5
stats: {freemem,"tsung_controller@jarvis"} 1 3090.98828125 0.0 3174.58984375 3088.59375 3131.9440104166665 3
stats: {load,"tsung_controller@jarvis"} 1 0.3203125 0.0 0.3203125 0.19140625 0.23046875 3
stats: {cpu,"tsung_controller@jarvis"} 1 4.114042766037264 0.0 4.708968273794654 1.8868090095168184 3.6647578413043256 3
stats: users_count 0 5
stats: finish_users_count 0 0
stats: request 25 57.014799999999994 13.445668423696906 1257.736 50.865 88.36999999999998 81
stats: connect 0 0 0 17.554 0.475 3.1222857142857143 7
stats: page 25 57.014799999999994 13.445668423696906 1257.736 50.865 88.36999999999998 81
stats: tr_loopTransaction 25 57.162960000000005 13.45860222305422 1257.864 50.98 88.56418518518518 81
stats: 200 25 106
stats: size_rcv 6423 27233
stats: size_sent 4056 16692
stats: connected 0 5
# stats: dump at 1517250750
stats: users 5 5
stats: {freemem,"tsung_controller@jarvis"} 1 3094.4765625 0.0 3174.58984375 3088.59375 3121.705078125 4
stats: {load,"tsung_controller@jarvis"} 1 0.4296875 0.0 0.4296875 0.19140625 0.2529296875 4
stats: {cpu,"tsung_controller@jarvis"} 1 5.040548970679975 0.0 5.040548970679975 1.8868090095168184 3.7770790724875605 4
stats: users_count 0 5
stats: finish_users_count 0 0
stats: request 20 51.37365 0.35690170565577406 1257.736 50.865 80.97490566037735 106
stats: connect 2 0.788 0.19999999999999998 17.554 0.475 3.1222857142857143 7
stats: page 20 51.37365 0.35690170565577406 1257.736 50.865 80.97490566037735 106
stats: tr_loopTransaction 20 51.54765000000001 0.35535507242756414 1257.864 50.98 81.1582358490566 106
stats: 200 20 126
stats: size_rcv 5138 32371
stats: size_sent 2964 19656
stats: connected 0 5
# stats: dump at 1517250760
stats: users 5 5
stats: {freemem,"tsung_controller@jarvis"} 1 3053.92578125 0.0 3174.58984375 3053.92578125 3116.259375 5
stats: {load,"tsung_controller@jarvis"} 1 0.51953125 0.0 0.51953125 0.19140625 0.28828125 5
stats: {cpu,"tsung_controller@jarvis"} 1 5.001875703388771 0.0 5.040548970679975 1.8868090095168184 4.0297730521260435 5
stats: users_count 0 5
stats: finish_users_count 0 0
stats: request 26 51.80365384615384 2.54601981898002 1257.736 50.8 76.27629365079363 126
stats: connect 1 0.725 0.0 17.554 0.475 2.603555555555556 9
stats: page 26 51.80365384615384 2.54601981898002 1257.736 50.8 76.27629365079363 126
stats: tr_loopTransaction 26 51.9583076923077 2.5634624987014196 1257.864 50.912 76.45814285714285 126
stats: 200 26 152
stats: size_rcv 6681 39052
stats: size_sent 4056 23712
stats: connected 0 5
# stats: dump at 1517250770
stats: users 5 5
stats: {freemem,"tsung_controller@jarvis"} 1 3052.8671875 0.0 3174.58984375 3052.8671875 3105.8704427083335 6
stats: {load,"tsung_controller@jarvis"} 1 0.51953125 0.0 0.51953125 0.19140625 0.3268229166666667 6
stats: {cpu,"tsung_controller@jarvis"} 1 4.006990388216202 0.0 5.040548970679975 1.8868090095168184 4.191790160669831 6
stats: users_count 0 5
stats: finish_users_count 0 0
stats: request 29 62.34972413793103 20.58333228592653 1257.736 50.8 72.0901842105263 152
stats: connect 2 0.7335 0.03650000000000006 17.554 0.475 2.4157 10
stats: page 29 62.34972413793103 20.58333228592653 1257.736 50.8 72.0901842105263 152
stats: tr_loopTransaction 29 62.52717241379311 20.569334123413384 1257.864 50.912 72.26738157894737 152
stats: 200 29 181
stats: size_rcv 7445 46497
stats: size_sent 4524 28236
stats: connected 0 5
# stats: dump at 1517250780
stats: users 5 5
stats: {freemem,"tsung_controller@jarvis"} 1 3050.81640625 0.0 3174.58984375 3050.81640625 3098.2985491071427 7
stats: {load,"tsung_controller@jarvis"} 1 0.578125 0.0 0.578125 0.19140625 0.35435267857142855 7
stats: {cpu,"tsung_controller@jarvis"} 1 3.508552878012236 0.0 5.040548970679975 1.8868090095168184 4.165390193176456 7
stats: users_count 0 5
stats: finish_users_count 0 0
stats: request 19 52.224473684210516 2.4222427486769367 1257.736 50.8 70.52955801104972 181
stats: connect 1 0.912 0.0 17.554 0.475 2.1353333333333335 12
stats: page 19 52.224473684210516 2.4222427486769367 1257.736 50.8 70.52955801104972 181
stats: tr_loopTransaction 19 52.44457894736842 2.404453462700751 1257.864 50.912 70.7067955801105 181
stats: 200 19 200
stats: size_rcv 4883 51380
stats: size_sent 2964 31200
stats: connected -2 3
# stats: dump at 1517250790
stats: users 5 5
stats: {freemem,"tsung_controller@jarvis"} 1 3044.9765625 0.0 3174.58984375 3044.9765625 3092.36328125 8
stats: {load,"tsung_controller@jarvis"} 1 0.48828125 0.0 0.578125 0.19140625 0.38232421875 8
stats: {cpu,"tsung_controller@jarvis"} 1 1.4634146341463417 0.0 5.040548970679975 1.4634146341463417 4.083285528780928 8
stats: users_count 0 5
stats: finish_users_count 0 0
stats: request 19 55.81463157894737 12.999527769603283 1257.736 50.8 68.79057499999999 200
stats: connect 3 0.7736666666666667 0.10096974244242127 17.554 0.475 2.0412307692307694 13
stats: page 19 55.81463157894737 12.999527769603283 1257.736 50.8 68.79057499999999 200
stats: tr_loopTransaction 19 55.999578947368434 12.99921759311848 1257.864 50.912 68.971885 200
stats: 200 19 219
stats: size_rcv 4881 56261
stats: size_sent 2964 34164
stats: connected 2 5
# stats: dump at 1517250800
stats: users 5 5
stats: {freemem,"tsung_controller@jarvis"} 1 3017.82421875 0.0 3174.58984375 3017.82421875 3087.098090277778 9
stats: {load,"tsung_controller@jarvis"} 1 0.421875 0.0 0.578125 0.19140625 0.3940972222222222 9
stats: {cpu,"tsung_controller@jarvis"} 1 3.220147851146473 0.0 5.040548970679975 1.4634146341463417 3.7921887627104187 9
stats: users_count 0 5
stats: finish_users_count 0 0
stats: request 21 57.85347619047618 13.843211740671022 1257.736 50.8 67.66480821917807 219
stats: connect 2 0.839 0.09000000000000005 17.554 0.475 1.8035625000000002 16
stats: page 21 57.85347619047618 13.843211740671022 1257.736 50.8 67.66480821917807 219
stats: tr_loopTransaction 21 58.0332380952381 13.893795113560458 1257.864 50.912 67.84643378995435 219
stats: 200 21 240
stats: size_rcv 5396 61657
stats: size_sent 3276 37440
stats: connected -1 4
# stats: dump at 1517250810
stats: users 5 5
stats: {freemem,"tsung_controller@jarvis"} 1 3060.83984375 0.0 3174.58984375 3017.82421875 3080.170703125 10
stats: {load,"tsung_controller@jarvis"} 1 0.3515625 0.0 0.578125 0.19140625 0.396875 10
stats: {cpu,"tsung_controller@jarvis"} 1 4.7809762202753445 0.0 5.040548970679975 1.4634146341463417 3.734984671554024 10
stats: users_count 0 5
stats: finish_users_count 0 0
stats: request 30 62.89863333333332 27.364312271622843 1257.736 50.8 66.80631666666665 240
stats: connect 1 0.707 0.0 17.554 0.475 1.6963888888888892 18
stats: page 30 62.89863333333332 27.364312271622843 1257.736 50.8 66.80631666666665 240
stats: tr_loopTransaction 30 63.07579999999998 27.34734682975054 1257.864 50.912 66.98777916666668 240
stats: 200 30 270
stats: size_rcv 7704 69361
stats: size_sent 4680 42120
stats: connected 1 5
# stats: dump at 1517250820
stats: users 5 5
stats: {freemem,"tsung_controller@jarvis"} 1 3097.53125 0.0 3174.58984375 3017.82421875 3078.4133522727275 11
stats: {load,"tsung_controller@jarvis"} 1 0.30078125 0.0 0.578125 0.19140625 0.3927556818181818 11
stats: {cpu,"tsung_controller@jarvis"} 1 4.710463509609346 0.0 5.040548970679975 1.4634146341463417 3.830074812346871 11
stats: users_count 0 5
stats: finish_users_count 0 0
stats: request 27 55.38729629629629 7.513888561831078 1257.736 50.8 66.37212962962961 270
stats: connect 2 0.9135 0.0685 17.554 0.475 1.6443157894736844 19
stats: page 27 55.38729629629629 7.513888561831078 1257.736 50.8 66.37212962962961 270
stats: tr_loopTransaction 27 55.550666666666665 7.508640854474363 1257.864 50.912 66.55311481481483 270
stats: 200 27 297
stats: size_rcv 6932 76293
stats: size_sent 4212 46332
stats: connected 0 5
# stats: dump at 1517250821
stats: users 5 5
stats: {freemem,"tsung_controller@jarvis"} 0 0 0 3174.58984375 3017.82421875 3080.0065104166665 12
stats: {load,"tsung_controller@jarvis"} 0 0 0 0.578125 0.19140625 0.3850911458333333 12
stats: {cpu,"tsung_controller@jarvis"} 0 0 0 5.040548970679975 1.4634146341463417 3.903440537118744 12
stats: users_count 0 5
stats: finish_users_count 0 0
stats: request 5 56.492000000000004 7.03130118825812 1257.736 50.8 65.37350841750839 297
stats: connect 0 0 0 17.554 0.475 1.5747142857142857 21
stats: page 5 56.492000000000004 7.03130118825812 1257.736 50.8 65.37350841750839 297
stats: tr_loopTransaction 5 56.6656 7.018637320733987 1257.864 50.912 65.55289225589226 297
stats: 200 5 302
stats: size_rcv 1285 77578
stats: size_sent 780 47112
stats: connected 0 5
stats: error_abort 1 1
EndMonitor:{1517,250821,636773}
