# stats: dump at 1516792604
stats: users 75 109
stats: {freemem,"tsung_controller@jarvis"} 1 3997.875 0 3997.875 3997.875 0 0
stats: {load,"tsung_controller@jarvis"} 1 0.078125 0 0.078125 0.078125 0 0
stats: {cpu,"tsung_controller@jarvis"} 1 45.425205135689446 0 45.425205135689446 45.425205135689446 0 0
stats: session 765 891.831207843137 877.937624347146 5410.196 11.945 0 0
stats: users_count 840 840
stats: finish_users_count 765 765
stats: connect 725 0.5422648275862058 0.37897147404812875 10.498 0.351 0 0
stats: request 724 16.209998618784557 9.380997442152225 59.649 7.722 0 0
stats: page 724 16.209998618784557 9.380997442152225 59.649 7.722 0 0
stats: 200 724 724
stats: size_rcv 186368 186368
stats: size_sent 44950 44950
stats: connected 1 1
# stats: dump at 1516792614
stats: users 81 109
stats: {freemem,"tsung_controller@jarvis"} 1 3995.25390625 0.0 3997.875 3995.25390625 3997.875 1
stats: {load,"tsung_controller@jarvis"} 1 0.0703125 0.0 0.078125 0.0703125 0.078125 1
stats: {cpu,"tsung_controller@jarvis"} 1 1.3852489704230626 0.0 45.425205135689446 1.3852489704230626 45.425205135689446 1
stats: session 970 959.5351371134018 945.5952387220709 7430.077 11.945 891.831207843137 765
stats: users_count 976 1816
stats: finish_users_count 970 1735
stats: connect 958 0.5029311064718159 0.06719696108724167 10.498 0.332 0.5422648275862058 725
stats: request 956 21.620969665271982 13.903274634820944 95.133 7.722 16.209998618784557 724
stats: page 956 21.620969665271982 13.903274634820944 95.133 7.722 16.209998618784557 724
stats: 200 956 1680
stats: size_rcv 245945 432313
stats: size_sent 59396 104346
stats: connected 2 3
# stats: dump at 1516792624
stats: users 108 120
stats: {freemem,"tsung_controller@jarvis"} 1 3994.79296875 0.0 3997.875 3994.79296875 3996.564453125 2
stats: {load,"tsung_controller@jarvis"} 1 0.140625 0.0 0.140625 0.0703125 0.07421875 2
stats: {cpu,"tsung_controller@jarvis"} 1 1.757885550430121 0.0 45.425205135689446 1.3852489704230626 23.405227053056255 2
stats: session 943 985.085970307529 994.0965166238473 7430.077 10.975 929.6829723342936 1735
stats: users_count 970 2786
stats: finish_users_count 943 2678
stats: request 960 19.372266666666675 12.047205077481216 95.133 7.722 19.28909880952383 1680
stats: connect 959 0.5097236704900935 0.06653544432944487 10.498 0.289 0.5198752228163986 1683
stats: page 960 19.372266666666675 12.047205077481216 95.133 7.722 19.28909880952383 1680
stats: 200 960 2640
stats: size_rcv 247016 679329
stats: size_sent 59458 163804
stats: connected -1 2
# stats: dump at 1516792634
stats: users 99 124
stats: {freemem,"tsung_controller@jarvis"} 1 3991.140625 0.0 3997.875 3991.140625 3995.9739583333335 3
stats: {load,"tsung_controller@jarvis"} 1 0.12109375 0.0 0.140625 0.0703125 0.09635416666666667 3
stats: {cpu,"tsung_controller@jarvis"} 1 1.8195413758723826 0.0 45.425205135689446 1.3852489704230626 16.18944655218088 3
stats: session 960 1038.940844791665 1006.1072668746535 7430.077 10.975 949.1919443614635 2678
stats: users_count 951 3737
stats: finish_users_count 960 3638
stats: connect 959 0.4630531803962456 0.0676082709290702 10.498 0.289 0.5161903860711576 2642
stats: request 959 19.15649322210637 11.97656188502028 95.133 7.695 19.31934166666668 2640
stats: page 959 19.15649322210637 11.97656188502028 95.133 7.695 19.31934166666668 2640
stats: 200 959 3599
stats: size_rcv 246808 926137
stats: size_sent 59458 223262
stats: connected 0 2
# stats: dump at 1516792644
stats: users 90 124
stats: {freemem,"tsung_controller@jarvis"} 1 3990.95703125 0.0 3997.875 3990.95703125 3994.765625 4
stats: {load,"tsung_controller@jarvis"} 1 0.1015625 0.0 0.140625 0.0703125 0.1025390625 4
stats: {cpu,"tsung_controller@jarvis"} 1 1.8276762402088773 0.0 45.425205135689446 1.3852489704230626 12.596970258103754 4
stats: session 976 1057.090602459018 1010.9231721707899 7730.062 10.975 972.8749967014838 3638
stats: users_count 967 4704
stats: finish_users_count 976 4614
stats: connect 977 0.4696693961105427 0.0645159459547781 10.498 0.289 0.5020391557900578 3601
stats: page 977 21.167457523029725 12.670488871955067 95.133 7.65 19.275948596832464 3599
stats: 200 977 4576
stats: request 977 21.167457523029725 12.670488871955067 95.133 7.65 19.275948596832464 3599
stats: size_rcv 251289 1177426
stats: size_sent 60574 283836
stats: connected 0 2
# stats: dump at 1516792654
stats: users 109 124
stats: {freemem,"tsung_controller@jarvis"} 1 3991.046875 0.0 3997.875 3990.95703125 3994.00390625 5
stats: {load,"tsung_controller@jarvis"} 1 0.078125 0.0 0.140625 0.0703125 0.10234375 5
stats: {cpu,"tsung_controller@jarvis"} 1 1.9644411289319905 0.0 45.425205135689446 1.3852489704230626 10.443111454524779 5
stats: session 932 992.0758744635194 950.8089060670748 7730.062 10.975 990.6891343736453 4614
stats: users_count 951 5655
stats: finish_users_count 932 5546
stats: request 935 15.70945454545454 8.656768010956947 95.133 7.65 19.679795673076942 4576
stats: page 935 15.70945454545454 8.656768010956947 95.133 7.65 19.679795673076942 4576
stats: connect 934 0.4814132762312631 0.07060802372478521 10.498 0.289 0.4951310615989511 4578
stats: 200 935 5511
stats: size_rcv 240731 1418157
stats: size_sent 57908 341744
stats: connected -1 1
# stats: dump at 1516792664
stats: users 102 124
stats: {freemem,"tsung_controller@jarvis"} 1 3991.02734375 0.0 3997.875 3990.95703125 3993.5110677083335 6
stats: {load,"tsung_controller@jarvis"} 1 0.1484375 0.0 0.1484375 0.0703125 0.09830729166666667 6
stats: {cpu,"tsung_controller@jarvis"} 1 1.8884333457572369 0.0 45.425205135689446 1.3852489704230626 9.029999733592648 6
stats: session 971 1057.8277291452107 1048.5162455413301 9685.987 10.975 990.9221747205191 5546
stats: users_count 964 6619
stats: finish_users_count 971 6517
stats: connect 968 0.46574586776859467 0.06539651375914685 10.498 0.289 0.49280660377358454 5512
stats: page 966 19.431611801242227 12.028724867814336 95.133 7.65 19.006184902921444 5511
stats: 200 966 6477
stats: request 966 19.431611801242227 12.028724867814336 95.133 7.65 19.006184902921444 5511
stats: size_rcv 248580 1666737
stats: size_sent 60016 401760
stats: connected 2 3
# stats: dump at 1516792674
stats: users 86 124
stats: {freemem,"tsung_controller@jarvis"} 1 3990.01171875 0.0 3997.875 3990.01171875 3993.15625 7
stats: {load,"tsung_controller@jarvis"} 1 0.2109375 0.0 0.2109375 0.0703125 0.10546875 7
stats: {cpu,"tsung_controller@jarvis"} 1 1.9046433461969376 0.0 45.425205135689446 1.3852489704230626 8.009775963901875 7
stats: session 1001 1030.3159580419579 1017.1408898890174 9685.987 10.975 1000.8907635415067 6517
stats: users_count 985 7604
stats: finish_users_count 1001 7518
stats: connect 1019 0.4659234543670269 0.0659596185193002 10.498 0.289 0.48876419753086386 6480
stats: request 1012 24.370851778656153 14.643707527466086 95.133 7.65 19.06963439864136 6477
stats: page 1012 24.370851778656153 14.643707527466086 95.133 7.65 19.06963439864136 6477
stats: 200 1012 7489
stats: size_rcv 260279 1927016
stats: size_sent 63178 464938
stats: connected 7 10
# stats: dump at 1516792684
stats: users 74 124
stats: {freemem,"tsung_controller@jarvis"} 1 3989.60546875 0.0 3997.875 3989.60546875 3992.76318359375 8
stats: {load,"tsung_controller@jarvis"} 1 0.171875 0.0 0.2109375 0.0703125 0.11865234375 8
stats: {cpu,"tsung_controller@jarvis"} 1 2.312925170068027 0.0 45.425205135689446 1.3852489704230626 7.246634386688758 8
stats: session 1006 1048.7374304174962 1017.5826118230046 9685.987 10.787 1004.8086432561851 7518
stats: users_count 994 8598
stats: finish_users_count 1006 8524
stats: connect 996 0.4782570281124503 0.08135573256808631 10.498 0.289 0.48566048806507506 7499
stats: request 999 21.739230230230252 12.92326499802803 95.133 7.65 19.785995994124733 7489
stats: page 999 21.739230230230252 12.92326499802803 95.133 7.65 19.785995994124733 7489
stats: 200 999 8488
stats: size_rcv 256944 2183960
stats: size_sent 61752 526690
stats: connected -3 7
# stats: dump at 1516792694
stats: users 107 128
stats: {freemem,"tsung_controller@jarvis"} 1 3976.63671875 0.0 3997.875 3976.63671875 3992.4123263888887 9
stats: {load,"tsung_controller@jarvis"} 1 0.1484375 0.0 0.2109375 0.0703125 0.12456597222222222 9
stats: {cpu,"tsung_controller@jarvis"} 1 2.100422570221228 0.0 45.425205135689446 1.3852489704230626 6.698444473730898 9
stats: session 906 1009.9970684326697 934.9787320939705 9685.987 10.787 1009.9931059361801 8524
stats: users_count 939 9537
stats: finish_users_count 906 9430
stats: request 921 24.606614549402806 17.3081255857546 95.133 7.65 20.0158830113101 8488
stats: page 921 24.606614549402806 17.3081255857546 95.133 7.65 20.0158830113101 8488
stats: connect 918 0.5003529411764707 0.06903591978960646 10.498 0.289 0.48479246615656246 8495
stats: 200 921 9409
stats: size_rcv 236916 2420876
stats: size_sent 56916 583606
stats: connected -3 4
# stats: dump at 1516792704
stats: users 107 128
stats: {freemem,"tsung_controller@jarvis"} 1 3977.60546875 0.0 3997.875 3976.63671875 3990.834765625 10
stats: {load,"tsung_controller@jarvis"} 1 0.12109375 0.0 0.2109375 0.0703125 0.126953125 10
stats: {cpu,"tsung_controller@jarvis"} 1 1.7699115044247788 0.0 45.425205135689446 1.3852489704230626 6.2386422833799315 10
stats: session 991 1022.2666690211919 975.8800858239871 9685.987 10.787 1009.9934866383879 9430
stats: users_count 991 10528
stats: finish_users_count 991 10421
stats: request 979 26.358473953013263 17.839143529419044 109.593 7.65 20.465246784993102 9409
stats: connect 986 0.4832748478701825 0.06745620257582322 10.498 0.289 0.48630999681291814 9413
stats: page 979 26.358473953013263 17.839143529419044 109.593 7.65 20.465246784993102 9409
stats: 200 979 10388
stats: size_rcv 251774 2672650
stats: size_sent 61132 644738
stats: connected 7 11
# stats: dump at 1516792714
stats: users 97 128
stats: {freemem,"tsung_controller@jarvis"} 1 3977.66015625 0.0 3997.875 3976.63671875 3989.6321022727275 11
stats: {load,"tsung_controller@jarvis"} 1 0.1796875 0.0 0.2109375 0.0703125 0.12642045454545456 11
stats: {cpu,"tsung_controller@jarvis"} 1 2.1453373015873014 0.0 45.425205135689446 1.3852489704230626 5.832394030747645 11
stats: session 968 1015.7620454545464 985.0897099857604 9685.987 10.787 1011.1606225890029 10421
stats: users_count 958 11486
stats: finish_users_count 968 11389
stats: request 975 30.64750051282049 22.30556786826771 126.761 7.65 21.020644301116683 10388
stats: connect 968 0.5758956611570254 0.6720469582651247 10.498 0.289 0.48602221367439163 10399
stats: page 975 30.64750051282049 22.30556786826771 126.761 7.65 21.020644301116683 10388
stats: 200 975 11363
stats: size_rcv 250724 2923374
stats: size_sent 60016 704754
stats: connected -7 4
# stats: dump at 1516792724
stats: users 94 129
stats: {freemem,"tsung_controller@jarvis"} 1 3977.48046875 0.0 3997.875 3976.63671875 3988.6344401041665 12
stats: {load,"tsung_controller@jarvis"} 1 0.1484375 0.0 0.2109375 0.0703125 0.13085937500000003 12
stats: {cpu,"tsung_controller@jarvis"} 1 1.8168242906918863 0.0 45.425205135689446 1.3852489704230626 5.525139303317617 12
stats: session 964 1020.3043091286314 983.4160746263674 9685.987 10.787 1011.551717271051 11389
stats: users_count 961 12447
stats: finish_users_count 964 12353
stats: request 965 22.705621761658055 13.52511019211117 126.761 7.65 21.846674821790025 11363
stats: connect 962 0.7523284823284824 0.9836882789507547 10.498 0.289 0.49367572798451653 11367
stats: page 965 22.705621761658055 13.52511019211117 126.761 7.65 21.846674821790025 11363
stats: 200 965 12328
stats: size_rcv 248221 3171595
stats: size_sent 59644 764398
stats: connected -3 1
# stats: dump at 1516792734
stats: users 105 132
stats: {freemem,"tsung_controller@jarvis"} 1 3977.30078125 0.0 3997.875 3976.63671875 3987.7764423076924 13
stats: {load,"tsung_controller@jarvis"} 1 0.12890625 0.0 0.2109375 0.0703125 0.1322115384615385 13
stats: {cpu,"tsung_controller@jarvis"} 1 2.2123346928686196 0.0 45.425205135689446 1.3852489704230626 5.239884302346407 13
stats: session 954 1055.0857914046105 1034.9653437139161 9685.987 10.787 1012.234749615478 12353
stats: users_count 965 13412
stats: finish_users_count 954 13307
stats: request 954 21.79442243186581 16.220617943026294 126.761 7.65 21.913910691109677 12328
stats: connect 959 0.5049332638164765 0.30733059327872236 10.498 0.289 0.5138577337983615 12329
stats: page 954 21.79442243186581 16.220617943026294 126.761 7.65 21.913910691109677 12328
stats: 200 954 13282
stats: size_rcv 245472 3417067
stats: size_sent 59458 823856
stats: connected 5 6
# stats: dump at 1516792744
stats: users 102 132
stats: {freemem,"tsung_controller@jarvis"} 1 3977.28515625 0.0 3997.875 3976.63671875 3987.0281808035716 14
stats: {load,"tsung_controller@jarvis"} 1 0.109375 0.0 0.2109375 0.0703125 0.13197544642857145 14
stats: {cpu,"tsung_controller@jarvis"} 1 2.2466362177508947 0.0 45.425205135689446 1.3852489704230626 5.0236307588122795 14
stats: session 989 1008.8581344792723 1019.7698882529683 9685.987 10.787 1015.306808972721 13307
stats: users_count 986 14398
stats: finish_users_count 989 14296
stats: request 988 19.311915991902858 11.457709565081522 126.761 7.65 21.905328263815694 13282
stats: connect 985 0.47961421319796926 0.06755828016834649 10.498 0.289 0.5132136514148103 13288
stats: page 988 19.311915991902858 11.457709565081522 126.761 7.65 21.905328263815694 13282
stats: 200 988 14270
stats: size_rcv 254235 3671302
stats: size_sent 61070 884926
stats: connected -3 3
# stats: dump at 1516792754
stats: users 90 132
stats: {freemem,"tsung_controller@jarvis"} 1 3965.10546875 0.0 3997.875 3965.10546875 3986.3786458333334 15
stats: {load,"tsung_controller@jarvis"} 1 0.16015625 0.0 0.2109375 0.0703125 0.13046875000000002 15
stats: {cpu,"tsung_controller@jarvis"} 1 2.2549869904596704 0.0 45.425205135689446 1.3852489704230626 4.838497789408186 15
stats: session 992 1031.1646068548391 1028.9486840387503 9685.987 10.787 1014.86068844432 14296
stats: users_count 980 15378
stats: finish_users_count 992 15288
stats: connect 996 0.47411244979919653 0.07323436690246533 10.498 0.289 0.5108949064667554 14273
stats: request 996 19.23196385542174 11.194565191108177 126.761 7.65 21.725770357393138 14270
stats: 200 996 15266
stats: page 996 19.23196385542174 11.194565191108177 126.761 7.65 21.725770357393138 14270
stats: size_rcv 256231 3927533
stats: size_sent 61752 946678
stats: connected 0 3
# stats: dump at 1516792764
stats: users 91 132
stats: {freemem,"tsung_controller@jarvis"} 1 3965.97265625 0.0 3997.875 3965.10546875 3985.049072265625 16
stats: {load,"tsung_controller@jarvis"} 1 0.140625 0.0 0.2109375 0.0703125 0.13232421875000003 16
stats: {cpu,"tsung_controller@jarvis"} 1 1.901802361715351 0.0 45.425205135689446 1.3852489704230626 4.677028364473904 16
stats: session 957 1017.4910940438873 961.8736227698136 9685.987 10.787 1015.9186088435374 15288
stats: users_count 958 16336
stats: finish_users_count 957 16245
stats: request 966 21.571350931677024 15.683505258407997 126.761 7.65 21.563066880649817 15266
stats: connect 963 0.7490166147455858 0.9880041976812071 10.498 0.289 0.5084955792782762 15269
stats: page 966 21.571350931677024 15.683505258407997 126.761 7.65 21.563066880649817 15266
stats: 200 966 16232
stats: size_rcv 248538 4176071
stats: size_sent 59706 1006384
stats: connected -3 0
# stats: dump at 1516792774
stats: users 105 132
stats: {freemem,"tsung_controller@jarvis"} 1 3966.01171875 0.0 3997.875 3965.10546875 3983.926930147059 17
stats: {load,"tsung_controller@jarvis"} 1 0.19140625 0.0 0.2109375 0.0703125 0.13281250000000003 17
stats: {cpu,"tsung_controller@jarvis"} 1 1.7323030907278165 0.0 45.425205135689446 1.3852489704230626 4.513779776076342 17
stats: session 925 1032.3478983783775 972.746838515491 9685.987 10.787 1016.0112446291166 16245
stats: users_count 939 17275
stats: finish_users_count 925 17170
stats: request 931 18.64523737916224 11.083161198746494 126.761 7.65 21.563559881715136 16232
stats: connect 931 0.5153963480128907 0.11943272084916343 10.498 0.289 0.5227650320354853 16232
stats: page 931 18.64523737916224 11.083161198746494 126.761 7.65 21.563559881715136 16232
stats: 200 931 17163
stats: size_rcv 239579 4415650
stats: size_sent 57722 1064106
stats: connected 0 0
# stats: dump at 1516792784
stats: users 0 132
stats: {freemem,"tsung_controller@jarvis"} 1 3966.86328125 0.0 3997.875 3965.10546875 3982.931640625 18
stats: {load,"tsung_controller@jarvis"} 1 0.16015625 0.0 0.2109375 0.0703125 0.13606770833333337 18
stats: {cpu,"tsung_controller@jarvis"} 1 1.386979882544046 0.0 45.425205135689446 1.3852489704230626 4.359253293556979 18
stats: session 107 1866.32031775701 1349.6391009549957 9685.987 10.787 1016.8913497379149 17170
stats: users_count 2 17277
stats: finish_users_count 107 17277
stats: request 114 12.149684210526312 5.570715680998504 126.761 7.65 21.405256656761647 17163
stats: connect 114 0.7590087719298247 0.6971759260422564 10.498 0.289 0.5223653207481208 17163
stats: page 114 12.149684210526312 5.570715680998504 126.761 7.65 21.405256656761647 17163
stats: 200 114 17277
stats: size_rcv 29367 4445017
stats: size_sent 7068 1071174
stats: connected 0 0
# stats: dump at 1516792784
stats: users 0 132
stats: {freemem,"tsung_controller@jarvis"} 0 0 0 3997.875 3965.10546875 3982.0859375 19
stats: {load,"tsung_controller@jarvis"} 0 0 0 0.2109375 0.0703125 0.13733552631578952 19
stats: {cpu,"tsung_controller@jarvis"} 0 0 0 45.425205135689446 1.3852489704230626 4.202817850872088 19
stats: session 0 0 0 9685.987 10.787 1022.1520373328701 17277
stats: users_count 0 17277
stats: finish_users_count 0 17277
stats: request 0 0 0 126.761 7.65 21.344184985819307 17277
stats: connect 0 0 0 10.498 0.289 0.5239267812698962 17277
stats: page 0 0 0 126.761 7.65 21.344184985819307 17277
stats: 200 0 17277
stats: size_rcv 0 4445017
stats: size_sent 0 1071174
stats: connected 0 0
EndMonitor:{1516,792784,813811}
