# stats: dump at 1517149548
stats: users 75 75
stats: {freemem,"tsung_controller@jarvis"} 1 5461.2578125 0 5461.2578125 5461.2578125 0 0
stats: {load,"tsung_controller@jarvis"} 1 0.01171875 0 0.01171875 0.01171875 0 0
stats: {cpu,"tsung_controller@jarvis"} 1 1.8655390371219789 0 1.8655390371219789 1.8655390371219789 0 0
stats: users_count 75 75
stats: finish_users_count 0 0
stats: request 166 2289.1498313253014 944.4372518663946 6071.994 706.922 0 0
stats: connect 76 1.092973684210527 2.0818828015302584 13.758 0.513 0 0
stats: page 166 2289.1498313253014 944.4372518663946 6071.994 706.922 0 0
stats: tr_busyWait 166 2289.41186746988 944.4410262922182 6072.224 707.174 0 0
stats: 200 166 166
stats: size_rcv 42328 42328
stats: size_sent 11098 11098
stats: connected 69 69
# stats: dump at 1517149558
stats: users 75 75
stats: {freemem,"tsung_controller@jarvis"} 1 5459.99609375 0.0 5461.2578125 5459.99609375 5461.2578125 1
stats: {load,"tsung_controller@jarvis"} 1 0.01171875 0.0 0.01171875 0.01171875 0.01171875 1
stats: {cpu,"tsung_controller@jarvis"} 1 0.8491508491508492 0.0 1.8655390371219789 0.8491508491508492 1.8655390371219789 1
stats: users_count 0 75
stats: finish_users_count 0 0
stats: request 250 858.2870680000003 153.37324841812347 6071.994 565.761 2289.1498313253014 166
stats: connect 20 0.71845 0.1072037662584669 13.758 0.441 1.092973684210527 76
stats: page 250 858.2870680000003 153.37324841812347 6071.994 565.761 2289.1498313253014 166
stats: tr_busyWait 250 858.5051640000001 153.38114742507662 6072.224 565.902 2289.41186746988 166
stats: 200 250 416
stats: size_rcv 63919 106247
stats: size_sent 16430 27528
stats: connected 1 70
# stats: dump at 1517149568
stats: users 75 75
stats: {freemem,"tsung_controller@jarvis"} 1 5456.5859375 0.0 5461.2578125 5456.5859375 5460.626953125 2
stats: {load,"tsung_controller@jarvis"} 1 0.01171875 0.0 0.01171875 0.01171875 0.01171875 2
stats: {cpu,"tsung_controller@jarvis"} 1 0.9471585244267198 0.0 1.8655390371219789 0.8491508491508492 1.357344943136414 2
stats: users_count 0 75
stats: finish_users_count 0 0
stats: request 263 949.4379961977187 267.9681278458418 6071.994 398.545 1429.2563437500003 416
stats: connect 18 0.7487222222222223 0.10517382730802033 13.758 0.441 1.0149479166666673 96
stats: page 263 949.4379961977187 267.9681278458418 6071.994 398.545 1429.2563437500003 416
stats: tr_busyWait 263 949.6707148288973 267.96018186396435 6072.224 398.816 1429.4919735576925 416
stats: 200 263 679
stats: size_rcv 67186 173433
stats: size_sent 16120 43648
stats: connected 2 72
# stats: dump at 1517149578
stats: users 75 75
stats: {freemem,"tsung_controller@jarvis"} 1 5456.0703125 0.0 5461.2578125 5456.0703125 5459.279947916667 3
stats: {load,"tsung_controller@jarvis"} 1 0.01171875 0.0 0.01171875 0.01171875 0.01171875 3
stats: {cpu,"tsung_controller@jarvis"} 1 0.8863920099875156 0.0 1.8655390371219789 0.8491508491508492 1.2206161368998492 3
stats: users_count 0 75
stats: finish_users_count 0 0
stats: request 197 1414.287472081217 524.4407553476269 6071.994 171.225 1243.4062326951403 679
stats: connect 22 0.7605 0.10913409183202102 13.758 0.441 0.972912280701755 114
stats: page 197 1414.287472081217 524.4407553476269 6071.994 171.225 1243.4062326951403 679
stats: tr_busyWait 197 1414.5078527918783 524.4403224983627 6072.224 171.412 1243.640734904271 679
stats: 200 197 876
stats: size_rcv 50263 223696
stats: size_sent 12896 56544
stats: connected -2 70
# stats: dump at 1517149588
stats: users 75 75
stats: {freemem,"tsung_controller@jarvis"} 1 5456.109375 0.0 5461.2578125 5456.0703125 5458.4775390625 4
stats: {load,"tsung_controller@jarvis"} 1 0.01171875 0.0 0.01171875 0.01171875 0.01171875 4
stats: {cpu,"tsung_controller@jarvis"} 1 0.8357240863165774 0.0 1.8655390371219789 0.8357240863165774 1.1370601051717657 4
stats: users_count 0 75
stats: finish_users_count 0 0
stats: request 272 951.0555477941175 346.45829376154273 6071.994 171.225 1281.8350045662103 876
stats: connect 15 0.7634666666666665 0.14461068041084962 13.758 0.441 0.9385514705882357 136
stats: page 272 951.0555477941175 346.45829376154273 6071.994 171.225 1281.8350045662103 876
stats: tr_busyWait 272 951.2794926470594 346.4609012364929 6072.224 171.412 1282.0663310502284 876
stats: 200 272 1148
stats: size_rcv 69478 293174
stats: size_sent 15686 72230
stats: connected 1 71
# stats: dump at 1517149598
stats: users 75 75
stats: {freemem,"tsung_controller@jarvis"} 1 5457.18359375 0.0 5461.2578125 5456.0703125 5458.00390625 5
stats: {load,"tsung_controller@jarvis"} 1 0.0 0.0 0.01171875 0.0 0.01171875 5
stats: {cpu,"tsung_controller@jarvis"} 1 0.9110195931611131 0.0 1.8655390371219789 0.8357240863165774 1.076792901400728 5
stats: users_count 0 75
stats: finish_users_count 0 0
stats: request 261 1027.9131647509587 303.97696619623906 6071.994 171.225 1203.4621716027875 1148
stats: connect 18 0.8463888888888887 0.20952489613114106 13.758 0.441 0.9211589403973514 151
stats: page 261 1027.9131647509587 303.97696619623906 6071.994 171.225 1203.4621716027875 1148
stats: tr_busyWait 261 1028.1433333333334 303.99438289411285 6072.224 171.412 1203.69174912892 1148
stats: 200 261 1409
stats: size_rcv 66645 359819
stats: size_sent 16306 88536
stats: connected 1 72
# stats: dump at 1517149608
stats: users 75 75
stats: {freemem,"tsung_controller@jarvis"} 1 5457.0390625 0.0 5461.2578125 5456.0703125 5457.8671875 6
stats: {load,"tsung_controller@jarvis"} 1 0.0 0.0 0.01171875 0.0 0.009765625 6
stats: {cpu,"tsung_controller@jarvis"} 1 0.9478672985781991 0.0 1.8655390371219789 0.8357240863165774 1.0491640166941254 6
stats: users_count 0 75
stats: finish_users_count 0 0
stats: request 260 890.1609769230761 178.19660385059 6071.994 171.225 1170.9438672817605 1409
stats: connect 19 0.6978947368421053 0.16194082568929535 13.758 0.441 0.9131952662721896 169
stats: page 260 890.1609769230761 178.19660385059 6071.994 171.225 1170.9438672817605 1409
stats: tr_busyWait 260 890.3728769230765 178.19096379213366 6072.224 171.412 1171.1735542938256 1409
stats: 200 260 1669
stats: size_rcv 66469 426288
stats: size_sent 15934 104470
stats: connected -2 70
# stats: dump at 1517149618
stats: users 75 75
stats: {freemem,"tsung_controller@jarvis"} 1 5457.0 0.0 5461.2578125 5456.0703125 5457.748883928572 7
stats: {load,"tsung_controller@jarvis"} 1 0.0 0.0 0.01171875 0.0 0.008370535714285714 7
stats: {cpu,"tsung_controller@jarvis"} 1 1.0092200348866185 0.0 1.8655390371219789 0.8357240863165774 1.0346930569632788 7
stats: users_count 0 75
stats: finish_users_count 0 0
stats: request 251 899.150374501992 227.12169429667966 6071.994 145.333 1127.2029736369084 1669
stats: connect 19 0.733157894736842 0.10730196601813663 13.758 0.441 0.8914361702127661 188
stats: page 251 899.150374501992 227.12169429667966 6071.994 145.333 1127.2029736369084 1669
stats: tr_busyWait 251 899.3636095617538 227.1184393138994 6072.224 145.579 1127.429889754344 1669
stats: 200 251 1920
stats: size_rcv 64135 490423
stats: size_sent 16306 120776
stats: connected 3 73
# stats: dump at 1517149628
stats: users 75 75
stats: {freemem,"tsung_controller@jarvis"} 1 5456.66015625 0.0 5461.2578125 5456.0703125 5457.6552734375 8
stats: {load,"tsung_controller@jarvis"} 1 0.0 0.0 0.01171875 0.0 0.00732421875 8
stats: {cpu,"tsung_controller@jarvis"} 1 0.9471585244267198 0.0 1.8655390371219789 0.8357240863165774 1.0315089292036963 8
stats: users_count 0 75
stats: finish_users_count 0 0
stats: request 262 968.9717175572524 194.0494151833999 6071.994 145.333 1097.3898473958334 1920
stats: connect 20 0.8227499999999999 0.16356126528001674 13.758 0.441 0.8769082125603866 207
stats: page 262 968.9717175572524 194.0494151833999 6071.994 145.333 1097.3898473958334 1920
stats: tr_busyWait 262 969.2155343511455 194.04704128450885 6072.224 145.579 1097.6149750000002 1920
stats: 200 262 2182
stats: size_rcv 66942 557365
stats: size_sent 16120 136896
stats: connected -1 72
# stats: dump at 1517149638
stats: users 75 75
stats: {freemem,"tsung_controller@jarvis"} 1 5456.3203125 0.0 5461.2578125 5456.0703125 5457.544704861111 9
stats: {load,"tsung_controller@jarvis"} 1 0.0 0.0 0.01171875 0.0 0.006510416666666667 9
stats: {cpu,"tsung_controller@jarvis"} 1 1.0229540918163673 0.0 1.8655390371219789 0.8357240863165774 1.0221366620062544 9
stats: users_count 0 75
stats: finish_users_count 0 0
stats: request 257 753.8310817120623 248.55966150423993 6071.994 145.333 1081.9702552703943 2182
stats: connect 19 0.7341052631578947 0.14486650651251753 13.758 0.441 0.8721365638766521 227
stats: page 257 753.8310817120623 248.55966150423993 6071.994 145.333 1081.9702552703943 2182
stats: tr_busyWait 257 754.0721595330738 248.57100332801483 6072.224 145.579 1082.1976269477545 2182
stats: 200 257 2439
stats: size_rcv 65709 623074
stats: size_sent 16058 152954
stats: connected -1 71
# stats: dump at 1517149648
stats: users 75 75
stats: {freemem,"tsung_controller@jarvis"} 1 5455.03515625 0.0 5461.2578125 5455.03515625 5457.422265625 10
stats: {load,"tsung_controller@jarvis"} 1 0.0 0.0 0.01171875 0.0 0.005859375 10
stats: {cpu,"tsung_controller@jarvis"} 1 0.9484587545238987 0.0 1.8655390371219789 0.8357240863165774 1.0222184049872656 10
stats: users_count 0 75
stats: finish_users_count 0 0
stats: request 257 1042.1713112840457 242.1678919276164 6071.994 145.333 1047.393884788848 2439
stats: connect 17 0.7439999999999999 0.1177215058567315 13.758 0.441 0.8614756097560977 246
stats: page 257 1042.1713112840457 242.1678919276164 6071.994 145.333 1047.393884788848 2439
stats: tr_busyWait 257 1042.3750778210115 242.16532683287213 6072.224 145.579 1047.622700697007 2439
stats: 200 257 2696
stats: size_rcv 65612 688686
stats: size_sent 16182 169136
stats: connected 0 71
# stats: dump at 1517149658
stats: users 75 75
stats: {freemem,"tsung_controller@jarvis"} 1 5452.375 0.0 5461.2578125 5452.375 5457.205255681818 11
stats: {load,"tsung_controller@jarvis"} 1 0.0 0.0 0.01171875 0.0 0.005326704545454545 11
stats: {cpu,"tsung_controller@jarvis"} 1 1.046207497820401 0.0 1.8655390371219789 0.8357240863165774 1.0155129822178686 11
stats: users_count 0 75
stats: finish_users_count 0 0
stats: request 236 1057.9844364406767 413.6758594384039 6071.994 112.676 1046.8960356083087 2696
stats: connect 23 0.7629565217391305 0.17064748262729265 13.758 0.441 0.8538821292775667 263
stats: page 236 1057.9844364406767 413.6758594384039 6071.994 112.676 1046.8960356083087 2696
stats: tr_busyWait 236 1058.199936440677 413.6841037923337 6072.224 112.767 1047.1224636498519 2696
stats: 200 236 2932
stats: size_rcv 60242 748928
stats: size_sent 14322 183458
stats: connected -1 70
# stats: dump at 1517149668
stats: users 75 75
stats: {freemem,"tsung_controller@jarvis"} 1 5452.25 0.0 5461.2578125 5452.25 5456.802734375 12
stats: {load,"tsung_controller@jarvis"} 1 0.0 0.0 0.01171875 0.0 0.004882812499999999 12
stats: {cpu,"tsung_controller@jarvis"} 1 0.8611007113440659 0.0 1.8655390371219789 0.8357240863165774 1.0180708585180795 12
stats: users_count 0 75
stats: finish_users_count 0 0
stats: request 229 1461.8474017467238 512.521417090572 6071.994 112.676 1047.7885535470668 2932
stats: connect 15 0.8161999999999999 0.21318104981447106 13.758 0.441 0.8465699300699302 286
stats: page 229 1461.8474017467238 512.521417090572 6071.994 112.676 1047.7885535470668 2932
stats: tr_busyWait 229 1462.093275109171 512.5111355972451 6072.224 112.767 1048.014101978172 2932
stats: 200 229 3161
stats: size_rcv 58439 807367
stats: size_sent 14446 197904
stats: connected 2 72
# stats: dump at 1517149678
stats: users 75 75
stats: {freemem,"tsung_controller@jarvis"} 1 5451.97265625 0.0 5461.2578125 5451.97265625 5456.452524038462 13
stats: {load,"tsung_controller@jarvis"} 1 0.0 0.0 0.01171875 0.0 0.004507211538461537 13
stats: {cpu,"tsung_controller@jarvis"} 1 0.9232688708671241 0.0 1.8655390371219789 0.8357240863165774 1.005996231812386 13
stats: users_count 0 75
stats: finish_users_count 0 0
stats: request 267 994.5913071161038 280.3430195657299 6071.994 0.342 1077.7852242961087 3161
stats: connect 18 0.8232222222222221 0.12762947915986056 13.758 0.441 0.8450564784053157 301
stats: page 267 994.5913071161038 280.3430195657299 6071.994 0.342 1077.7852242961087 3161
stats: tr_busyWait 267 994.8280411985023 280.33899004027904 6072.224 0.627 1078.0122451755774 3161
stats: 200 266 3427
stats: size_rcv 67906 875273
stats: size_sent 15686 213590
stats: connected -1 71
# stats: dump at 1517149688
stats: users 75 75
stats: {freemem,"tsung_controller@jarvis"} 1 5452.046875 0.0 5461.2578125 5451.97265625 5456.132533482143 14
stats: {load,"tsung_controller@jarvis"} 1 0.0 0.0 0.01171875 0.0 0.004185267857142856 14
stats: {cpu,"tsung_controller@jarvis"} 1 0.9478672985781991 0.0 1.8655390371219789 0.8357240863165774 1.0000871346020104 14
stats: users_count 0 75
stats: finish_users_count 0 0
stats: request 263 839.4120418250948 195.2278671777423 6071.994 0.342 1071.3054180280044 3428
stats: connect 23 0.7884782608695653 0.1394466921880645 13.758 0.441 0.8438244514106583 319
stats: page 263 839.4120418250948 195.2278671777423 6071.994 0.342 1071.3054180280044 3428
stats: tr_busyWait 263 839.6697870722433 195.22307836010512 6072.224 0.627 1071.5331954492417 3428
stats: 200 263 3690
stats: size_rcv 67253 942526
stats: size_sent 15996 229586
stats: connected -2 69
# stats: dump at 1517149698
stats: users 75 75
stats: {freemem,"tsung_controller@jarvis"} 1 5451.8046875 0.0 5461.2578125 5451.8046875 5455.86015625 15
stats: {load,"tsung_controller@jarvis"} 1 0.0 0.0 0.01171875 0.0 0.003906249999999999 15
stats: {cpu,"tsung_controller@jarvis"} 1 1.0354291417165669 0.0 1.8655390371219789 0.8357240863165774 0.996605812200423 15
stats: users_count 0 75
stats: finish_users_count 0 0
stats: request 249 954.2745140562237 242.3542296750905 6071.994 0.342 1054.7819940395555 3691
stats: connect 20 0.8052999999999999 0.14412775582794596 13.758 0.441 0.8401023391812865 342
stats: page 249 954.2745140562237 242.3542296750905 6071.994 0.342 1054.7819940395555 3691
stats: tr_busyWait 249 954.526096385542 242.35680293909252 6072.224 0.627 1055.0119068003253 3691
stats: 200 249 3939
stats: size_rcv 63605 1006131
stats: size_sent 16554 246140
stats: connected 6 75
# stats: dump at 1517149708
stats: users 75 75
stats: {freemem,"tsung_controller@jarvis"} 1 5451.51171875 0.0 5461.2578125 5451.51171875 5455.606689453125 16
stats: {load,"tsung_controller@jarvis"} 1 0.0 0.0 0.01171875 0.0 0.003662109374999999 16
stats: {cpu,"tsung_controller@jarvis"} 1 0.9734181954324224 0.0 1.8655390371219789 0.8357240863165774 0.9990322702951819 16
stats: users_count 0 75
stats: finish_users_count 0 0
stats: request 203 1221.8288325123158 326.0102498533292 6071.994 0.342 1048.4301253807105 3940
stats: connect 19 0.788157894736842 0.16269353274044998 13.758 0.441 0.8381795580110497 362
stats: page 203 1221.8288325123158 326.0102498533292 6071.994 0.342 1048.4301253807105 3940
stats: tr_busyWait 203 1222.0749359605902 325.9993792104473 6072.224 0.627 1048.6614076142134 3940
stats: 200 203 4142
stats: size_rcv 51778 1057909
stats: size_sent 13392 259532
stats: connected -8 67
# stats: dump at 1517149718
stats: users 75 75
stats: {freemem,"tsung_controller@jarvis"} 1 5451.57421875 0.0 5461.2578125 5451.51171875 5455.36580882353 17
stats: {load,"tsung_controller@jarvis"} 1 0.0 0.0 0.01171875 0.0 0.0034466911764705873 17
stats: {cpu,"tsung_controller@jarvis"} 1 0.8984277514349888 0.0 1.8655390371219789 0.8357240863165774 0.9975255600091373 17
stats: users_count 0 75
stats: finish_users_count 0 0
stats: request 234 1317.8207948717948 516.5414434657288 6071.994 0.342 1056.9263690562393 4143
stats: connect 15 0.7531333333333331 0.133699596941136 13.758 0.441 0.8356850393700788 381
stats: page 234 1317.8207948717948 516.5414434657288 6071.994 0.342 1056.9263690562393 4143
stats: tr_busyWait 234 1318.0312179487184 516.537452327217 6072.224 0.627 1057.158377504224 4143
stats: 200 234 4376
stats: size_rcv 59699 1117608
stats: size_sent 13392 272924
stats: connected 2 69
# stats: dump at 1517149719
stats: users 75 75
stats: {freemem,"tsung_controller@jarvis"} 0 0 0 5461.2578125 5451.51171875 5455.155164930556 18
stats: {load,"tsung_controller@jarvis"} 0 0 0 0.01171875 0.0 0.0032552083333333326 18
stats: {cpu,"tsung_controller@jarvis"} 0 0 0 1.8655390371219789 0.8357240863165774 0.9920201261994622 18
stats: users_count 0 75
stats: finish_users_count 0 0
stats: request 20 1438.84175 48.94994685377603 6071.994 0.342 1070.8741176604979 4377
stats: connect 4 0.65775 0.11365380547962314 13.758 0.441 0.8325580808080808 396
stats: page 20 1438.84175 48.94994685377603 6071.994 0.342 1070.8741176604979 4377
stats: tr_busyWait 20 1439.0716499999999 48.95285406620855 6072.224 0.627 1071.1049721270278 4377
stats: 200 20 4396
stats: size_rcv 5099 1122707
stats: size_sent 1612 274536
stats: connected 1 70
stats: error_abort 1 1
EndMonitor:{1517,149719,392971}
