# stats: dump at 1517240328
stats: users 20 20
stats: {freemem,"tsung_controller@jarvis"} 1 3812.95703125 0 3812.95703125 3812.95703125 0 0
stats: {load,"tsung_controller@jarvis"} 1 0.3984375 0 0.3984375 0.3984375 0 0
stats: {cpu,"tsung_controller@jarvis"} 1 1.8570491890407672 0 1.8570491890407672 1.8570491890407672 0 0
stats: users_count 20 20
stats: finish_users_count 0 0
stats: request 91 110.52609890109882 77.23753099297849 358.224 50.883 0 0
stats: connect 22 1.326318181818182 2.5749179401993243 13.11 0.511 0 0
stats: page 91 110.52609890109882 77.23753099297849 358.224 50.883 0 0
stats: tr_loopTransaction 91 110.6991098901099 77.25777719796463 358.398 50.99 0 0
stats: 200 91 91
stats: size_rcv 23342 23342
stats: size_sent 14352 14352
stats: connected 18 18
# stats: dump at 1517240338
stats: users 20 20
stats: {freemem,"tsung_controller@jarvis"} 1 3947.92578125 0.0 3947.92578125 3812.95703125 3812.95703125 1
stats: {load,"tsung_controller@jarvis"} 1 0.41015625 0.0 0.41015625 0.3984375 0.3984375 1
stats: {cpu,"tsung_controller@jarvis"} 1 3.352095059412133 0.0 3.352095059412133 1.8570491890407672 1.8570491890407672 1
stats: users_count 0 20
stats: finish_users_count 0 0
stats: request 93 82.10439784946239 36.14854808760257 358.224 50.87 110.52609890109882 91
stats: connect 11 0.8799090909090911 0.09256884862380643 13.11 0.511 1.326318181818182 22
stats: page 93 82.10439784946239 36.14854808760257 358.224 50.87 110.52609890109882 91
stats: tr_loopTransaction 93 82.28059139784945 36.15290533729851 358.398 50.99 110.6991098901099 91
stats: 200 93 184
stats: size_rcv 23862 47204
stats: size_sent 14820 29172
stats: connected 0 18
# stats: dump at 1517240348
stats: users 20 20
stats: {freemem,"tsung_controller@jarvis"} 1 3947.82421875 0.0 3947.92578125 3812.95703125 3880.44140625 2
stats: {load,"tsung_controller@jarvis"} 1 0.3515625 0.0 0.41015625 0.3515625 0.404296875 2
stats: {cpu,"tsung_controller@jarvis"} 1 0.8002000500125032 0.0 3.352095059412133 0.8002000500125032 2.60457212422645 2
stats: users_count 0 20
stats: finish_users_count 0 0
stats: request 106 111.04954716981136 73.3350915823981 567.666 50.869 96.16078260869563 184
stats: connect 7 0.9021428571428572 0.09669012148010128 13.11 0.511 1.1775151515151516 33
stats: page 106 111.04954716981136 73.3350915823981 567.666 50.869 96.16078260869563 184
stats: tr_loopTransaction 106 111.22856603773587 73.33749022518197 567.842 50.99 96.33540217391304 184
stats: 200 106 290
stats: size_rcv 27184 74388
stats: size_sent 16068 45240
stats: connected 2 20
# stats: dump at 1517240358
stats: users 20 20
stats: {freemem,"tsung_controller@jarvis"} 1 3945.40625 0.0 3947.92578125 3812.95703125 3902.90234375 3
stats: {load,"tsung_controller@jarvis"} 1 0.2890625 0.0 0.41015625 0.2890625 0.38671875 3
stats: {cpu,"tsung_controller@jarvis"} 1 1.1375 0.0 3.352095059412133 0.8002000500125032 2.0031147661551345 3
stats: users_count 0 20
stats: finish_users_count 0 0
stats: request 85 88.1136823529412 54.557099803505764 567.666 50.843 101.6028827586207 290
stats: connect 4 0.7885 0.17573061770789972 13.11 0.51 1.1293250000000001 40
stats: page 85 88.1136823529412 54.557099803505764 567.666 50.843 101.6028827586207 290
stats: tr_loopTransaction 85 88.2934588235294 54.553009524693 567.842 50.946 101.7791103448276 290
stats: 200 85 375
stats: size_rcv 21810 96198
stats: size_sent 13260 58500
stats: connected -2 18
# stats: dump at 1517240368
stats: users 20 20
stats: {freemem,"tsung_controller@jarvis"} 1 3945.9609375 0.0 3947.92578125 3812.95703125 3913.5283203125 4
stats: {load,"tsung_controller@jarvis"} 1 0.25 0.0 0.41015625 0.25 0.3623046875 4
stats: {cpu,"tsung_controller@jarvis"} 1 0.7374078240219972 0.0 3.352095059412133 0.7374078240219972 1.786711074616351 4
stats: users_count 0 20
stats: finish_users_count 0 0
stats: request 88 92.3799204545454 42.55608137244034 567.666 50.843 98.54533066666667 375
stats: connect 7 0.9444285714285714 0.12221393086698089 13.11 0.51 1.098340909090909 44
stats: page 88 92.3799204545454 42.55608137244034 567.666 50.843 98.54533066666667 375
stats: tr_loopTransaction 88 92.56585227272726 42.5534179213021 567.842 50.946 98.72236266666667 375
stats: 200 88 463
stats: size_rcv 22576 118774
stats: size_sent 13728 72228
stats: connected -1 17
# stats: dump at 1517240378
stats: users 20 20
stats: {freemem,"tsung_controller@jarvis"} 1 3945.8515625 0.0 3947.92578125 3812.95703125 3920.01484375 5
stats: {load,"tsung_controller@jarvis"} 1 0.2890625 0.0 0.41015625 0.25 0.33984375 5
stats: {cpu,"tsung_controller@jarvis"} 1 0.7743224678406394 0.0 3.352095059412133 0.7374078240219972 1.5768504244974804 5
stats: users_count 0 20
stats: finish_users_count 0 0
stats: request 100 81.24476999999996 35.35597352099218 567.666 50.827 97.37350323974083 463
stats: connect 8 0.9778749999999999 0.05564269381509131 13.11 0.51 1.0772156862745097 51
stats: page 100 81.24476999999996 35.35597352099218 567.666 50.827 97.37350323974083 463
stats: tr_loopTransaction 100 81.41216000000001 35.361339064498104 567.842 50.934 97.55222678185744 463
stats: 200 100 563
stats: size_rcv 25664 144438
stats: size_sent 15600 87828
stats: connected 1 18
# stats: dump at 1517240388
stats: users 20 20
stats: {freemem,"tsung_controller@jarvis"} 1 3945.359375 0.0 3947.92578125 3812.95703125 3924.3209635416665 6
stats: {load,"tsung_controller@jarvis"} 1 0.25 0.0 0.41015625 0.25 0.3313802083333333 6
stats: {cpu,"tsung_controller@jarvis"} 1 0.5873531617095726 0.0 3.352095059412133 0.5873531617095726 1.4430957650546734 6
stats: users_count 0 20
stats: finish_users_count 0 0
stats: request 87 98.59333333333332 60.3864605026517 567.666 50.82 94.50871936056838 563
stats: connect 6 0.9331666666666667 0.12009498555541592 13.11 0.51 1.0637457627118643 59
stats: page 87 98.59333333333332 60.3864605026517 567.666 50.82 94.50871936056838 563
stats: tr_loopTransaction 87 98.7620574712644 60.393792418574314 567.842 50.894 94.68542984014209 563
stats: 200 87 650
stats: size_rcv 22323 166761
stats: size_sent 13572 101400
stats: connected -1 17
# stats: dump at 1517240398
stats: users 20 20
stats: {freemem,"tsung_controller@jarvis"} 1 3985.97265625 0.0 3985.97265625 3812.95703125 3927.3264508928573 7
stats: {load,"tsung_controller@jarvis"} 1 0.2109375 0.0 0.41015625 0.2109375 0.3197544642857143 7
stats: {cpu,"tsung_controller@jarvis"} 1 1.2732492822369241 0.0 3.352095059412133 0.5873531617095726 1.320846821719659 7
stats: users_count 0 20
stats: finish_users_count 0 0
stats: request 81 85.17839506172837 50.65744241536626 567.666 50.82 95.05542923076922 650
stats: connect 11 0.8777272727272728 0.12574005719527517 13.11 0.51 1.0516923076923077 65
stats: page 81 85.17839506172837 50.65744241536626 567.666 50.82 95.05542923076922 650
stats: tr_loopTransaction 81 85.35923456790124 50.65273868438832 567.842 50.894 95.23107076923077 650
stats: 200 81 731
stats: size_rcv 20795 187556
stats: size_sent 12636 114036
stats: connected -2 15
# stats: dump at 1517240408
stats: users 20 20
stats: {freemem,"tsung_controller@jarvis"} 1 3952.85546875 0.0 3985.97265625 3812.95703125 3934.6572265625 8
stats: {load,"tsung_controller@jarvis"} 1 0.171875 0.0 0.41015625 0.171875 0.30615234375 8
stats: {cpu,"tsung_controller@jarvis"} 1 1.763381690845423 0.0 3.352095059412133 0.5873531617095726 1.314897129284317 8
stats: users_count 0 20
stats: finish_users_count 0 0
stats: request 84 85.48630952380958 36.51040344561173 567.666 50.82 93.96098358413131 731
stats: connect 9 0.9274444444444446 0.16935440230548154 13.11 0.51 1.0265131578947368 76
stats: page 84 85.48630952380958 36.51040344561173 567.666 50.82 93.96098358413131 731
stats: tr_loopTransaction 84 85.68166666666669 36.51590157964887 567.842 50.894 94.13720109439124 731
stats: 200 84 815
stats: size_rcv 21553 209109
stats: size_sent 13416 127452
stats: connected 3 18
# stats: dump at 1517240418
stats: users 20 20
stats: {freemem,"tsung_controller@jarvis"} 1 3981.80859375 0.0 3985.97265625 3812.95703125 3936.679253472222 9
stats: {load,"tsung_controller@jarvis"} 1 0.1484375 0.0 0.41015625 0.1484375 0.2912326388888889 9
stats: {cpu,"tsung_controller@jarvis"} 1 1.1635180783185288 0.0 3.352095059412133 0.5873531617095726 1.364728747235551 9
stats: users_count 0 20
stats: finish_users_count 0 0
stats: request 95 85.79295789473686 38.44552711836259 567.666 50.82 93.08752024539876 815
stats: connect 7 0.8695714285714286 0.15125083909364148 13.11 0.51 1.0160235294117645 85
stats: page 95 85.79295789473686 38.44552711836259 567.666 50.82 93.08752024539876 815
stats: tr_loopTransaction 95 85.96725263157897 38.44467394224655 567.842 50.894 93.26571042944786 815
stats: 200 95 910
stats: size_rcv 24375 233484
stats: size_sent 14664 142116
stats: connected 0 18
# stats: dump at 1517240428
stats: users 20 20
stats: {freemem,"tsung_controller@jarvis"} 1 3981.0546875 0.0 3985.97265625 3812.95703125 3941.1921875 10
stats: {load,"tsung_controller@jarvis"} 1 0.12109375 0.0 0.41015625 0.12109375 0.276953125 10
stats: {cpu,"tsung_controller@jarvis"} 1 0.9617786660004997 0.0 3.352095059412133 0.5873531617095726 1.3446076803438487 10
stats: users_count 0 20
stats: finish_users_count 0 0
stats: request 96 106.04415624999996 60.92665569565457 567.666 50.82 92.32600000000001 910
stats: connect 6 0.7520000000000001 0.18023595645708432 13.11 0.49 1.0048804347826086 92
stats: page 96 106.04415624999996 60.92665569565457 567.666 50.82 92.32600000000001 910
stats: tr_loopTransaction 96 106.22101041666666 60.90654158874867 567.842 50.894 92.50378351648351 910
stats: 200 96 1006
stats: size_rcv 24616 258100
stats: size_sent 15132 157248
stats: connected 1 19
# stats: dump at 1517240438
stats: users 20 20
stats: {freemem,"tsung_controller@jarvis"} 1 3981.1953125 0.0 3985.97265625 3812.95703125 3944.8160511363635 11
stats: {load,"tsung_controller@jarvis"} 1 0.1015625 0.0 0.41015625 0.1015625 0.2627840909090909 11
stats: {cpu,"tsung_controller@jarvis"} 1 1.0745970261152067 0.0 3.352095059412133 0.5873531617095726 1.3098050426762715 11
stats: users_count 0 20
stats: finish_users_count 0 0
stats: request 103 93.8291359223301 44.418219345513904 567.666 50.82 93.6350884691849 1006
stats: connect 7 1.017 0.1614487977214891 13.11 0.49 0.9893979591836733 98
stats: page 103 93.8291359223301 44.418219345513904 567.666 50.82 93.6350884691849 1006
stats: tr_loopTransaction 103 94.02702912621365 44.40988961701288 567.842 50.894 93.81278330019882 1006
stats: 200 103 1109
stats: size_rcv 26418 284518
stats: size_sent 16224 173472
stats: connected 0 19
# stats: dump at 1517240439
stats: users 20 20
stats: {freemem,"tsung_controller@jarvis"} 0 0 0 3985.97265625 3812.95703125 3947.84765625 12
stats: {load,"tsung_controller@jarvis"} 0 0 0 0.41015625 0.1015625 0.2493489583333333 12
stats: {cpu,"tsung_controller@jarvis"} 0 0 0 3.352095059412133 0.5873531617095726 1.2902043746295162 12
stats: users_count 0 20
stats: finish_users_count 0 0
stats: request 8 96.000125 47.69925376889428 567.666 50.82 93.65311091073039 1109
stats: connect 0 0 0 13.11 0.49 0.9912380952380951 105
stats: page 8 96.000125 47.69925376889428 567.666 50.82 93.65311091073039 1109
stats: tr_loopTransaction 8 96.214875 47.704270457259646 567.842 50.894 93.83268169522093 1109
stats: 200 8 1117
stats: size_rcv 2053 286571
stats: size_sent 780 174252
stats: connected -3 16
stats: error_abort 1 1
EndMonitor:{1517,240439,525544}
