# stats: dump at 1516792035
stats: users 66 77
stats: {freemem,"tsung_controller@jarvis"} 1 4034.0 0 4034.0 4034.0 0 0
stats: {load,"tsung_controller@jarvis"} 1 0.0 0 0.0 0.0 0 0
stats: {cpu,"tsung_controller@jarvis"} 1 45.43921126182888 0 45.43921126182888 45.43921126182888 0 0
stats: session 510 909.3263509803922 851.1779581756425 5557.396 18.924 0 0
stats: users_count 576 576
stats: finish_users_count 510 510
stats: connect 486 0.5789794238683136 0.3640886355766227 8.303 0.373 0 0
stats: page 486 12.027759259259257 5.545071830983633 36.998 7.723 0 0
stats: request 486 12.027759259259257 5.545071830983633 36.998 7.723 0 0
stats: 200 486 486
stats: size_rcv 125225 125225
stats: size_sent 30132 30132
stats: connected 0 0
# stats: dump at 1516792045
stats: users 82 91
stats: {freemem,"tsung_controller@jarvis"} 1 4033.1328125 0.0 4034.0 4033.1328125 4034.0 1
stats: {load,"tsung_controller@jarvis"} 1 0.0 0.0 0.0 0.0 0.0 1
stats: {cpu,"tsung_controller@jarvis"} 1 2.0269435174885673 0.0 45.43921126182888 2.0269435174885673 45.43921126182888 1
stats: session 681 1024.8198693098384 979.4983496173276 5557.396 13.5 909.3263509803922 510
stats: users_count 697 1273
stats: finish_users_count 681 1191
stats: request 670 12.044164179104465 5.208124270295042 41.478 7.723 12.027759259259257 486
stats: connect 670 0.5267417910447768 0.07794985309025391 8.303 0.35 0.5789794238683136 486
stats: page 670 12.044164179104465 5.208124270295042 41.478 7.723 12.027759259259257 486
stats: 200 670 1156
stats: size_rcv 172616 297841
stats: size_sent 41540 71672
stats: connected 0 0
# stats: dump at 1516792055
stats: users 76 91
stats: {freemem,"tsung_controller@jarvis"} 1 4032.68359375 0.0 4034.0 4032.68359375 4033.56640625 2
stats: {load,"tsung_controller@jarvis"} 1 0.0 0.0 0.0 0.0 0.0 2
stats: {cpu,"tsung_controller@jarvis"} 1 2.7774364016222197 0.0 45.43921126182888 2.0269435174885673 23.733077389658725 2
stats: session 697 1004.84561836442 1039.0360219730171 7135.906 11.16 975.3642065491184 1191
stats: users_count 691 1964
stats: finish_users_count 697 1888
stats: connect 707 0.5210975954738334 0.07955891722261879 8.303 0.348 0.5487032871972326 1156
stats: page 705 13.73745390070923 6.784221320108541 41.948 7.723 12.037267301038055 1156
stats: 200 705 1861
stats: request 705 13.73745390070923 6.784221320108541 41.948 7.723 12.037267301038055 1156
stats: size_rcv 181536 479377
stats: size_sent 43834 115506
stats: connected 2 2
# stats: dump at 1516792065
stats: users 75 94
stats: {freemem,"tsung_controller@jarvis"} 1 4032.78125 0.0 4034.0 4032.68359375 4033.2721354166665 3
stats: {load,"tsung_controller@jarvis"} 1 0.078125 0.0 0.078125 0.0 0.0 3
stats: {cpu,"tsung_controller@jarvis"} 1 2.4065161051462423 0.0 45.43921126182888 2.0269435174885673 16.74786372697989 3
stats: session 687 1073.9794570596805 1025.587593367449 7135.906 11.16 986.2479692796613 1888
stats: users_count 686 2650
stats: finish_users_count 687 2575
stats: request 674 12.68486350148366 6.157458983918462 42.484 7.691 12.68134658785599 1861
stats: connect 673 0.5326582466567594 0.07463569168700328 8.303 0.32 0.5382270531400971 1863
stats: page 674 12.68486350148366 6.157458983918462 42.484 7.691 12.68134658785599 1861
stats: 200 674 2535
stats: size_rcv 173605 652982
stats: size_sent 41726 157232
stats: connected -1 1
# stats: dump at 1516792075
stats: users 72 94
stats: {freemem,"tsung_controller@jarvis"} 1 4032.671875 0.0 4034.0 4032.671875 4033.1494140625 4
stats: {load,"tsung_controller@jarvis"} 1 0.1484375 0.0 0.1484375 0.0 0.01953125 4
stats: {cpu,"tsung_controller@jarvis"} 1 2.0066889632107023 0.0 45.43921126182888 2.0066889632107023 13.16252682152148 4
stats: session 677 1061.9570930576078 987.711638155382 7135.906 11.16 1009.6543895145636 2575
stats: users_count 674 3324
stats: finish_users_count 677 3252
stats: connect 694 0.5022708933717585 0.08491486728450674 8.303 0.32 0.5367492113564668 2536
stats: request 695 13.537987050359709 7.341738023981914 51.36 7.691 12.682281656804728 2535
stats: page 695 13.537987050359709 7.341738023981914 51.36 7.691 12.682281656804728 2535
stats: 200 695 3230
stats: size_rcv 179030 832012
stats: size_sent 43028 200260
stats: connected -1 0
# stats: dump at 1516792085
stats: users 53 94
stats: {freemem,"tsung_controller@jarvis"} 1 4031.859375 0.0 4034.0 4031.859375 4033.05390625 5
stats: {load,"tsung_controller@jarvis"} 1 0.19921875 0.0 0.19921875 0.0 0.0453125 5
stats: {cpu,"tsung_controller@jarvis"} 1 2.6843984730944466 0.0 45.43921126182888 2.0066889632107023 10.931359249859323 5
stats: session 696 1110.2658807471248 1177.114338849454 9841.947 11.16 1020.5427444649451 3252
stats: users_count 677 4001
stats: finish_users_count 696 3948
stats: request 690 12.604063768115953 5.796237413146293 51.36 7.691 12.866404024767798 3230
stats: connect 690 0.5588521739130429 0.10224841107683713 8.303 0.32 0.5293411764705883 3230
stats: page 690 12.604063768115953 5.796237413146293 51.36 7.691 12.866404024767798 3230
stats: 200 690 3920
stats: size_rcv 177746 1009758
stats: size_sent 42780 243040
stats: connected 0 0
# stats: dump at 1516792095
stats: users 73 94
stats: {freemem,"tsung_controller@jarvis"} 1 4020.46484375 0.0 4034.0 4020.46484375 4032.8548177083335 6
stats: {load,"tsung_controller@jarvis"} 1 0.25 0.0 0.25 0.0 0.07096354166666667 6
stats: {cpu,"tsung_controller@jarvis"} 1 2.185185185185185 0.0 45.43921126182888 2.0066889632107023 9.556865787065178 6
stats: session 682 930.5153577712607 912.9858395989728 9841.947 11.16 1036.3601970618035 3948
stats: users_count 702 4703
stats: finish_users_count 682 4630
stats: connect 690 0.5381971014492763 0.09049068487733643 8.303 0.32 0.5345357142857142 3920
stats: 200 688 4608
stats: request 688 12.966933139534902 6.167753857734553 51.36 7.691 12.820226785714283 3920
stats: page 688 12.966933139534902 6.167753857734553 51.36 7.691 12.820226785714283 3920
stats: size_rcv 177195 1186953
stats: size_sent 42780 285820
stats: connected 2 2
# stats: dump at 1516792105
stats: users 64 94
stats: {freemem,"tsung_controller@jarvis"} 1 4018.0625 0.0 4034.0 4018.0625 4031.0848214285716 7
stats: {load,"tsung_controller@jarvis"} 1 0.2890625 0.0 0.2890625 0.0 0.09654017857142858 7
stats: {cpu,"tsung_controller@jarvis"} 1 2.105002476473502 0.0 45.43921126182888 2.0066889632107023 8.503768558225179 7
stats: session 720 1042.4040333333337 1138.386801619685 9841.947 11.16 1020.76922937365 4630
stats: users_count 711 5414
stats: finish_users_count 720 5350
stats: request 720 13.93264166666667 7.252739213714548 51.36 7.691 12.842130859375 4608
stats: page 720 13.93264166666667 7.252739213714548 51.36 7.691 12.842130859375 4608
stats: connect 718 0.5306044568245121 0.07827390720017653 8.303 0.32 0.5350837310195229 4610
stats: 200 720 5328
stats: size_rcv 185433 1372386
stats: size_sent 44516 330336
stats: connected -2 0
# stats: dump at 1516792115
stats: users 77 94
stats: {freemem,"tsung_controller@jarvis"} 1 4017.05078125 0.0 4034.0 4017.05078125 4029.45703125 8
stats: {load,"tsung_controller@jarvis"} 1 0.23828125 0.0 0.2890625 0.0 0.12060546875 8
stats: {cpu,"tsung_controller@jarvis"} 1 2.575160177427304 0.0 45.43921126182888 2.0066889632107023 7.70392279800622 8
stats: session 687 1005.190391557496 1004.3454390512426 9841.947 11.16 1023.6808291588785 5350
stats: users_count 700 6114
stats: finish_users_count 687 6037
stats: request 696 13.892060344827591 7.571972669740761 51.36 7.691 12.989497184684687 5328
stats: connect 696 0.5433491379310338 0.08732254714926813 8.303 0.32 0.5344801051051051 5328
stats: page 696 13.892060344827591 7.571972669740761 51.36 7.691 12.989497184684687 5328
stats: 200 696 6024
stats: size_rcv 179224 1551610
stats: size_sent 43152 373488
stats: connected 0 0
# stats: dump at 1516792125
stats: users 68 94
stats: {freemem,"tsung_controller@jarvis"} 1 4016.48046875 0.0 4034.0 4016.48046875 4028.078559027778 9
stats: {load,"tsung_controller@jarvis"} 1 0.2109375 0.0 0.2890625 0.0 0.13368055555555555 9
stats: {cpu,"tsung_controller@jarvis"} 1 2.4065161051462423 0.0 45.43921126182888 2.0066889632107023 7.134060284608562 9
stats: session 694 1045.2117031700268 1049.876614346138 9841.947 11.093 1021.5766498260724 6037
stats: users_count 685 6799
stats: finish_users_count 694 6731
stats: connect 692 0.5204682080924856 0.14508958912915734 8.303 0.32 0.5355048140770251 6024
stats: request 691 12.693356005788708 5.7372747102144945 51.36 7.69 13.093777390438248 6024
stats: page 691 12.693356005788708 5.7372747102144945 51.36 7.69 13.093777390438248 6024
stats: 200 691 6715
stats: size_rcv 178012 1729622
stats: size_sent 42904 416392
stats: connected 1 1
# stats: dump at 1516792135
stats: users 68 98
stats: {freemem,"tsung_controller@jarvis"} 1 4016.625 0.0 4034.0 4016.48046875 4026.91875 10
stats: {load,"tsung_controller@jarvis"} 1 0.171875 0.0 0.2890625 0.0 0.14140625 10
stats: {cpu,"tsung_controller@jarvis"} 1 2.623152709359606 0.0 45.43921126182888 2.0066889632107023 6.66130586666233 10
stats: session 718 1066.802183844011 1071.3992629115783 9841.947 11.093 1024.0135428613874 6731
stats: users_count 718 7517
stats: finish_users_count 718 7449
stats: request 716 13.478182960893859 6.745617233151471 51.36 7.69 13.05257244973939 6715
stats: connect 716 0.5108184357541894 0.08248871936291735 8.303 0.312 0.5339554794520548 6716
stats: page 716 13.478182960893859 6.745617233151471 51.36 7.69 13.05257244973939 6715
stats: 200 716 7431
stats: size_rcv 184411 1914033
stats: size_sent 44392 460784
stats: connected 0 1
# stats: dump at 1516792145
stats: users 56 98
stats: {freemem,"tsung_controller@jarvis"} 1 4016.3046875 0.0 4034.0 4016.3046875 4025.9829545454545 11
stats: {load,"tsung_controller@jarvis"} 1 0.1484375 0.0 0.2890625 0.0 0.14417613636363635 11
stats: {cpu,"tsung_controller@jarvis"} 1 2.621861152141802 0.0 45.43921126182888 2.0066889632107023 6.294201034180264 11
stats: session 716 973.3777667597774 960.9600806197259 9841.947 11.093 1028.137887635924 7449
stats: users_count 704 8221
stats: finish_users_count 716 8165
stats: request 714 14.534761904761902 7.350108910140705 51.36 7.69 13.09358134840533 7431
stats: connect 713 0.9571767180925668 1.539102095084435 10.644 0.312 0.5317264531754574 7432
stats: page 714 14.534761904761902 7.350108910140705 51.36 7.69 13.09358134840533 7431
stats: 200 714 8145
stats: size_rcv 183855 2097888
stats: size_sent 44206 504990
stats: connected -1 0
# stats: dump at 1516792155
stats: users 66 98
stats: {freemem,"tsung_controller@jarvis"} 1 4004.9296875 0.0 4034.0 4004.9296875 4025.1764322916665 12
stats: {load,"tsung_controller@jarvis"} 1 0.12109375 0.0 0.2890625 0.0 0.14453125 12
stats: {cpu,"tsung_controller@jarvis"} 1 2.4802566633761103 0.0 45.43921126182888 2.0066889632107023 5.988172710677059 12
stats: session 676 1072.2962899408292 1029.7177743982268 9841.947 11.093 1023.3358978567053 8165
stats: users_count 686 8907
stats: finish_users_count 676 8841
stats: request 673 26.093567607726587 40.95215857096376 1047.716 7.69 13.219916881522407 8145
stats: page 673 26.093567607726587 40.95215857096376 1047.716 7.69 13.219916881522407 8145
stats: connect 673 7.027536404160474 39.216648231916146 1019.316 0.312 0.5689696746470226 8145
stats: 200 673 8818
stats: size_rcv 173273 2271161
stats: size_sent 41726 546716
stats: connected 0 0
# stats: dump at 1516792165
stats: users 62 98
stats: {freemem,"tsung_controller@jarvis"} 1 4006.57421875 0.0 4034.0 4004.9296875 4023.6189903846152 13
stats: {load,"tsung_controller@jarvis"} 1 0.1015625 0.0 0.2890625 0.0 0.1427283653846154 13
stats: {cpu,"tsung_controller@jarvis"} 1 2.679778733866011 0.0 45.43921126182888 2.0066889632107023 5.718333014730832 13
stats: session 705 1000.9806113475175 1019.5405360285629 9841.947 11.093 1027.079504354711 8841
stats: users_count 701 9608
stats: finish_users_count 705 9546
stats: request 714 29.061795518207298 66.76862099317871 1047.716 7.69 14.202448854615557 8818
stats: 200 714 9532
stats: connect 714 9.263773109243706 65.00547236887758 1019.316 0.312 1.061894987525516 8818
stats: page 714 29.061795518207298 66.76862099317871 1047.716 7.69 14.202448854615557 8818
stats: size_rcv 183863 2455024
stats: size_sent 44268 590984
stats: connected 0 0
# stats: dump at 1516792175
stats: users 67 98
stats: {freemem,"tsung_controller@jarvis"} 1 4006.46484375 0.0 4034.0 4004.9296875 4022.4015066964284 14
stats: {load,"tsung_controller@jarvis"} 1 0.08984375 0.0 0.2890625 0.0 0.13978794642857142 14
stats: {cpu,"tsung_controller@jarvis"} 1 2.682416635905008 0.0 45.43921126182888 2.0066889632107023 5.501293423240488 14
stats: session 695 993.2542071942443 970.8960759344245 9841.947 11.093 1025.1520248271527 9546
stats: users_count 700 10308
stats: finish_users_count 695 10241
stats: request 693 13.039183261183275 5.96235955933185 1047.716 7.69 15.315496852706671 9532
stats: connect 694 0.5535014409221913 0.28321913262924336 1019.316 0.312 1.676261435165758 9532
stats: page 693 13.039183261183275 5.96235955933185 1047.716 7.69 15.315496852706671 9532
stats: 200 693 10225
stats: size_rcv 178484 2633508
stats: size_sent 43028 634012
stats: connected 1 1
# stats: dump at 1516792185
stats: users 79 98
stats: {freemem,"tsung_controller@jarvis"} 1 4006.484375 0.0 4034.0 4004.9296875 4021.3390625 15
stats: {load,"tsung_controller@jarvis"} 1 0.0703125 0.0 0.2890625 0.0 0.13645833333333332 15
stats: {cpu,"tsung_controller@jarvis"} 1 2.282541640962369 0.0 45.43921126182888 2.0066889632107023 5.31336830408479 15
stats: session 658 1038.2060729483278 968.6027572968314 9841.947 11.093 1022.9872964554244 10241
stats: users_count 670 10978
stats: finish_users_count 658 10899
stats: request 666 12.414930930930916 5.87067462893602 1047.716 7.651 15.1612195599022 10225
stats: connect 665 0.5883263157894733 0.2949504308793263 1019.316 0.312 1.6000639546254654 10226
stats: page 666 12.414930930930916 5.87067462893602 1047.716 7.651 15.1612195599022 10225
stats: 200 666 10891
stats: size_rcv 171577 2805085
stats: size_sent 41230 675242
stats: connected -1 0
# stats: dump at 1516792195
stats: users 75 98
stats: {freemem,"tsung_controller@jarvis"} 1 4006.48828125 0.0 4034.0 4004.9296875 4020.41064453125 16
stats: {load,"tsung_controller@jarvis"} 1 0.21875 0.0 0.2890625 0.0 0.13232421875 16
stats: {cpu,"tsung_controller@jarvis"} 1 2.111632501852309 0.0 45.43921126182888 2.0066889632107023 5.123941637639638 16
stats: session 662 955.3108957703934 961.4459509647345 9841.947 11.093 1023.9060922102946 10899
stats: users_count 658 11636
stats: finish_users_count 662 11561
stats: request 659 11.980966616084988 4.926482743340659 1047.716 7.651 14.993280139564776 10891
stats: connect 662 0.5750951661631417 0.3268669846995929 1019.316 0.312 1.5382876687172904 10891
stats: page 659 11.980966616084988 4.926482743340659 1047.716 7.651 14.993280139564776 10891
stats: 200 659 11550
stats: size_rcv 169766 2974851
stats: size_sent 41044 716286
stats: connected 3 3
# stats: dump at 1516792205
stats: users 63 98
stats: {freemem,"tsung_controller@jarvis"} 1 4006.4765625 0.0 4034.0 4004.9296875 4019.591681985294 17
stats: {load,"tsung_controller@jarvis"} 1 0.19140625 0.0 0.2890625 0.0 0.13740808823529413 17
stats: {cpu,"tsung_controller@jarvis"} 1 2.2222222222222223 0.0 45.43921126182888 2.0066889632107023 4.946746982593325 17
stats: session 703 1029.8833684210556 947.8175985165653 9841.947 11.093 1019.9782295649167 11561
stats: users_count 691 12327
stats: finish_users_count 703 12264
stats: request 705 13.192968794326243 6.887841138203282 1047.716 7.651 14.821408744588743 11550
stats: connect 703 0.5478079658605973 0.22340042787357953 1019.316 0.312 1.4830956461525153 11553
stats: page 705 13.192968794326243 6.887841138203282 1047.716 7.651 14.821408744588743 11550
stats: 200 705 12255
stats: size_rcv 181611 3156462
stats: size_sent 43586 759872
stats: connected -2 1
# stats: dump at 1516792211
stats: users 0 98
stats: {freemem,"tsung_controller@jarvis"} 1 4005.10546875 0.0 4034.0 4004.9296875 4018.8630642361113 18
stats: {load,"tsung_controller@jarvis"} 1 0.16015625 0.0 0.2890625 0.0 0.1404079861111111 18
stats: {cpu,"tsung_controller@jarvis"} 1 2.148148148148148 0.0 45.43921126182888 2.0066889632107023 4.795384495906042 18
stats: session 121 1669.505661157026 1415.183633790151 9841.947 11.093 1020.546014350946 12264
stats: users_count 58 12385
stats: finish_users_count 121 12385
stats: request 130 10.95999230769231 4.313508613817679 1047.716 7.651 14.727728600571194 12255
stats: connect 129 0.6264031007751933 0.24570920984842778 1019.316 0.312 1.4294478622715412 12256
stats: page 130 10.95999230769231 4.313508613817679 1047.716 7.651 14.727728600571194 12255
stats: 200 130 12385
stats: size_rcv 33502 3189964
stats: size_sent 7998 767870
stats: connected -1 0
EndMonitor:{1516,792211,996877}
