# stats: dump at 1517147849
stats: users 65 65
stats: {freemem,"tsung_controller@jarvis"} 1 5463.05078125 0 5463.05078125 5463.05078125 0 0
stats: {load,"tsung_controller@jarvis"} 1 0.0 0 0.0 0.0 0 0
stats: {cpu,"tsung_controller@jarvis"} 1 1.8863614080086126 0 1.8863614080086126 1.8863614080086126 0 0
stats: users_count 65 65
stats: finish_users_count 0 0
stats: request 93 4135.803784946235 2582.589266272688 7276.226 50.833 0 0
stats: connect 66 1.5061515151515157 3.1161260294777264 18.953 0.531 0 0
stats: page 93 4135.803784946235 2582.589266272688 7276.226 50.833 0 0
stats: tr_busyWait 93 4136.073924731183 2582.5549019785726 7276.466 51.003 0 0
stats: 200 93 93
stats: size_rcv 23739 23739
stats: size_sent 7626 7626
stats: connected 65 65
# stats: dump at 1517147859
stats: users 65 65
stats: {freemem,"tsung_controller@jarvis"} 1 5461.3828125 0.0 5463.05078125 5461.3828125 5463.05078125 1
stats: {load,"tsung_controller@jarvis"} 1 0.0 0.0 0.0 0.0 0.0 1
stats: {cpu,"tsung_controller@jarvis"} 1 0.6869847614289283 0.0 1.8863614080086126 0.6869847614289283 1.8863614080086126 1
stats: users_count 0 65
stats: finish_users_count 0 0
stats: request 222 1250.3949909909918 375.554655822738 7276.226 50.833 4135.803784946235 93
stats: connect 9 0.7661111111111112 0.08695649543746244 18.953 0.531 1.5061515151515157 66
stats: page 222 1250.3949909909918 375.554655822738 7276.226 50.833 4135.803784946235 93
stats: tr_busyWait 222 1250.6140900900905 375.5480947887985 7276.466 51.003 4136.073924731183 93
stats: 200 222 315
stats: size_rcv 56623 80362
stats: size_sent 12400 20026
stats: connected -4 61
# stats: dump at 1517147869
stats: users 65 65
stats: {freemem,"tsung_controller@jarvis"} 1 5458.53125 0.0 5463.05078125 5458.53125 5462.216796875 2
stats: {load,"tsung_controller@jarvis"} 1 0.0 0.0 0.0 0.0 0.0 2
stats: {cpu,"tsung_controller@jarvis"} 1 0.6874140732408449 0.0 1.8863614080086126 0.6869847614289283 1.2866730847187704 2
stats: users_count 0 65
stats: finish_users_count 0 0
stats: request 190 1055.639473684211 512.8582325165675 7276.226 50.833 2102.2775873015876 315
stats: connect 16 0.8126874999999999 0.12013259276212258 18.953 0.516 1.417346666666667 75
stats: page 190 1055.639473684211 512.8582325165675 7276.226 50.833 2102.2775873015876 315
stats: tr_busyWait 190 1055.8716947368425 512.8484492189947 7276.466 51.003 2102.5117555555557 315
stats: 200 190 505
stats: size_rcv 48517 128879
stats: size_sent 12896 32922
stats: connected -1 60
# stats: dump at 1517147879
stats: users 65 65
stats: {freemem,"tsung_controller@jarvis"} 1 5457.96875 0.0 5463.05078125 5457.96875 5460.98828125 3
stats: {load,"tsung_controller@jarvis"} 1 0.0 0.0 0.0 0.0 0.0 3
stats: {cpu,"tsung_controller@jarvis"} 1 0.7118771075309105 0.0 1.8863614080086126 0.6869847614289283 1.0869200808927952 3
stats: users_count 0 65
stats: finish_users_count 0 0
stats: request 221 1071.5427375565614 354.6287053442503 7276.226 50.833 1708.4929504950499 505
stats: connect 14 0.8096428571428571 0.1375030426379499 18.953 0.516 1.3110329670329672 91
stats: page 221 1071.5427375565614 354.6287053442503 7276.226 50.833 1708.4929504950499 505
stats: tr_busyWait 221 1071.7658687782805 354.6064527772491 7276.466 51.003 1708.7263861386143 505
stats: 200 221 726
stats: size_rcv 56401 185280
stats: size_sent 12710 45632
stats: connected 1 61
# stats: dump at 1517147889
stats: users 65 65
stats: {freemem,"tsung_controller@jarvis"} 1 5457.5859375 0.0 5463.05078125 5457.5859375 5460.2333984375 4
stats: {load,"tsung_controller@jarvis"} 1 0.0 0.0 0.0 0.0 0.0 4
stats: {cpu,"tsung_controller@jarvis"} 1 0.6875859482435304 0.0 1.8863614080086126 0.6869847614289283 0.993159337552324 4
stats: users_count 0 65
stats: finish_users_count 0 0
stats: request 190 1252.0922947368417 285.66883089637645 7276.226 50.833 1514.6003925619839 726
stats: connect 16 0.800375 0.14150657007715223 18.953 0.465 1.2441809523809524 105
stats: page 190 1252.0922947368417 285.66883089637645 7276.226 50.833 1514.6003925619839 726
stats: tr_busyWait 190 1252.3354421052636 285.67485476623574 7276.466 51.003 1514.8306914600553 726
stats: 200 190 916
stats: size_rcv 48449 233729
stats: size_sent 12958 58590
stats: connected 3 64
# stats: dump at 1517147899
stats: users 65 65
stats: {freemem,"tsung_controller@jarvis"} 1 5457.20703125 0.0 5463.05078125 5457.20703125 5459.70390625 5
stats: {load,"tsung_controller@jarvis"} 1 0.0 0.0 0.0 0.0 0.0 5
stats: {cpu,"tsung_controller@jarvis"} 1 0.798901510423168 0.0 1.8863614080086126 0.6869847614289283 0.9320446596905653 5
stats: users_count 0 65
stats: finish_users_count 0 0
stats: request 217 916.6638433179724 338.56073658666406 7276.226 50.833 1460.1500229257642 916
stats: connect 18 0.7342777777777777 0.13353518286102875 18.953 0.465 1.1854958677685952 121
stats: page 217 916.6638433179724 338.56073658666406 7276.226 50.833 1460.1500229257642 916
stats: tr_busyWait 217 916.8968202764979 338.55090822325764 7276.466 51.003 1460.3829868995638 916
stats: 200 217 1133
stats: size_rcv 55426 289155
stats: size_sent 13640 72230
stats: connected 0 64
# stats: dump at 1517147909
stats: users 65 65
stats: {freemem,"tsung_controller@jarvis"} 1 5457.0078125 0.0 5463.05078125 5457.0078125 5459.287760416667 6
stats: {load,"tsung_controller@jarvis"} 1 0.0 0.0 0.0 0.0 0.0 6
stats: {cpu,"tsung_controller@jarvis"} 1 0.7130347760820616 0.0 1.8863614080086126 0.6869847614289283 0.9098541348126657 6
stats: users_count 0 65
stats: finish_users_count 0 0
stats: request 216 947.230342592592 345.7897303645741 7276.226 50.833 1356.0577890556046 1133
stats: connect 15 0.7762 0.12912897944819868 18.953 0.465 1.127064748201439 139
stats: page 216 947.230342592592 345.7897303645741 7276.226 50.833 1356.0577890556046 1133
stats: tr_busyWait 216 947.470291666667 345.7782928363726 7276.466 51.003 1356.2907555163288 1133
stats: 200 216 1349
stats: size_rcv 55157 344312
stats: size_sent 12772 85002
stats: connected -6 58
# stats: dump at 1517147919
stats: users 65 65
stats: {freemem,"tsung_controller@jarvis"} 1 5456.7109375 0.0 5463.05078125 5456.7109375 5458.962053571428 7
stats: {load,"tsung_controller@jarvis"} 1 0.0 0.0 0.0 0.0 0.0 7
stats: {cpu,"tsung_controller@jarvis"} 1 0.798901510423168 0.0 1.8863614080086126 0.6869847614289283 0.8817370835654366 7
stats: users_count 0 65
stats: finish_users_count 0 0
stats: request 246 992.2267235772365 373.00152639653265 7276.226 50.833 1290.5969080800594 1349
stats: connect 20 0.71885 0.11775537142737905 18.953 0.463 1.0928896103896106 154
stats: page 246 992.2267235772365 373.00152639653265 7276.226 50.833 1290.5969080800594 1349
stats: tr_busyWait 246 992.4541951219514 372.9990541655906 7276.466 51.003 1290.830992587102 1349
stats: 200 246 1595
stats: size_rcv 62825 407137
stats: size_sent 14446 99448
stats: connected 5 63
# stats: dump at 1517147929
stats: users 65 65
stats: {freemem,"tsung_controller@jarvis"} 1 5456.7578125 0.0 5463.05078125 5456.7109375 5458.6806640625 8
stats: {load,"tsung_controller@jarvis"} 1 0.30859375 0.0 0.30859375 0.0 0.0 8
stats: {cpu,"tsung_controller@jarvis"} 1 0.6878439219609805 0.0 1.8863614080086126 0.6869847614289283 0.8713826369226529 8
stats: users_count 0 65
stats: finish_users_count 0 0
stats: request 207 1222.1038454106283 506.5576345989454 7276.226 50.833 1244.5786852664578 1595
stats: connect 12 0.8115 0.1155843847584958 18.953 0.463 1.049896551724138 174
stats: page 207 1222.1038454106283 506.5576345989454 7276.226 50.833 1244.5786852664578 1595
stats: tr_busyWait 207 1222.3286473429944 506.5466822490049 7276.466 51.003 1244.8117498432605 1595
stats: 200 207 1802
stats: size_rcv 52828 459965
stats: size_sent 12586 112034
stats: connected -6 57
# stats: dump at 1517147939
stats: users 65 65
stats: {freemem,"tsung_controller@jarvis"} 1 5456.91015625 0.0 5463.05078125 5456.7109375 5458.467013888889 9
stats: {load,"tsung_controller@jarvis"} 1 0.26171875 0.0 0.30859375 0.0 0.03428819444444445 9
stats: {cpu,"tsung_controller@jarvis"} 1 0.6743256743256743 0.0 1.8863614080086126 0.6743256743256743 0.850989446371356 9
stats: users_count 0 65
stats: finish_users_count 0 0
stats: request 225 936.2139199999992 341.0390379667572 7276.226 50.833 1241.9969472807993 1802
stats: connect 22 0.6950454545454547 0.1667487160296014 18.953 0.455 1.0345161290322582 186
stats: page 225 936.2139199999992 341.0390379667572 7276.226 50.833 1241.9969472807993 1802
stats: tr_busyWait 225 936.4317022222225 341.02571299592347 7276.466 51.003 1242.2290627081022 1802
stats: 200 225 2027
stats: size_rcv 57499 517464
stats: size_sent 14074 126108
stats: connected 7 64
# stats: dump at 1517147949
stats: users 65 65
stats: {freemem,"tsung_controller@jarvis"} 1 5456.671875 0.0 5463.05078125 5456.671875 5458.311328125 10
stats: {load,"tsung_controller@jarvis"} 1 0.21875 0.0 0.30859375 0.0 0.05703125 10
stats: {cpu,"tsung_controller@jarvis"} 1 0.7250906363295412 0.0 1.8863614080086126 0.6743256743256743 0.8333230691667879 10
stats: users_count 0 65
stats: finish_users_count 0 0
stats: request 186 1020.684478494624 541.3499412669728 7276.226 50.833 1208.0545786877158 2027
stats: connect 21 0.755095238095238 0.11409432386945911 18.953 0.455 0.998610576923077 208
stats: page 186 1020.684478494624 541.3499412669728 7276.226 50.833 1208.0545786877158 2027
stats: tr_busyWait 186 1020.9065322580647 541.355969457749 7276.466 51.003 1208.2851031080415 2027
stats: 200 186 2213
stats: size_rcv 47490 564954
stats: size_sent 12958 139066
stats: connected 0 64
# stats: dump at 1517147959
stats: users 65 65
stats: {freemem,"tsung_controller@jarvis"} 1 5456.375 0.0 5463.05078125 5456.375 5458.162286931818 11
stats: {load,"tsung_controller@jarvis"} 1 0.1796875 0.0 0.30859375 0.0 0.07173295454545454 11
stats: {cpu,"tsung_controller@jarvis"} 1 0.6624171978502686 0.0 1.8863614080086126 0.6624171978502686 0.8234837570906746 11
stats: users_count 0 65
stats: finish_users_count 0 0
stats: request 208 1475.950302884616 333.0266560517482 7276.226 50.833 1192.3063461364663 2213
stats: connect 10 0.8187 0.1099118282988687 18.953 0.455 0.9762794759825328 229
stats: page 208 1475.950302884616 333.0266560517482 7276.226 50.833 1192.3063461364663 2213
stats: tr_busyWait 208 1476.1675384615385 333.02704007795666 7276.466 51.003 1192.5361586082242 2213
stats: 200 208 2421
stats: size_rcv 53039 617993
stats: size_sent 11780 150846
stats: connected -2 62
# stats: dump at 1517147969
stats: users 65 65
stats: {freemem,"tsung_controller@jarvis"} 1 5456.23828125 0.0 5463.05078125 5456.23828125 5458.013346354167 12
stats: {load,"tsung_controller@jarvis"} 1 0.30859375 0.0 0.30859375 0.0 0.08072916666666667 12
stats: {cpu,"tsung_controller@jarvis"} 1 0.6247657128576783 0.0 1.8863614080086126 0.6247657128576783 0.8100615438206408 12
stats: users_count 0 65
stats: finish_users_count 0 0
stats: request 234 853.0020170940172 461.2022223670238 7276.226 50.833 1216.6755914911196 2421
stats: connect 19 0.693684210526316 0.1179103373136951 18.953 0.455 0.9696861924686193 239
stats: page 234 853.0020170940172 461.2022223670238 7276.226 50.833 1216.6755914911196 2421
stats: tr_busyWait 234 853.2067094017091 461.19342066784594 7276.466 51.003 1216.9043234200747 2421
stats: 200 234 2655
stats: size_rcv 59794 677787
stats: size_sent 14198 165044
stats: connected -2 60
# stats: dump at 1517147979
stats: users 65 65
stats: {freemem,"tsung_controller@jarvis"} 1 5456.33203125 0.0 5463.05078125 5456.23828125 5457.876802884615 13
stats: {load,"tsung_controller@jarvis"} 1 0.26171875 0.0 0.30859375 0.0 0.09825721153846154 13
stats: {cpu,"tsung_controller@jarvis"} 1 0.873144567793439 0.0 1.8863614080086126 0.6247657128576783 0.7958080183619514 13
stats: users_count 0 65
stats: finish_users_count 0 0
stats: request 204 761.5836323529406 446.1024686846911 7276.226 50.833 1184.6230052730698 2655
stats: connect 20 0.79985 0.12200257169420652 18.953 0.455 0.9493604651162791 258
stats: page 204 761.5836323529406 446.1024686846911 7276.226 50.833 1184.6230052730698 2655
stats: tr_busyWait 204 761.8106372549016 446.10956781128385 7276.466 51.003 1184.8496184557441 2655
stats: 200 204 2859
stats: size_rcv 52136 729923
stats: size_sent 13764 178808
stats: connected 2 62
# stats: dump at 1517147989
stats: users 65 65
stats: {freemem,"tsung_controller@jarvis"} 1 5456.2421875 0.0 5463.05078125 5456.23828125 5457.766462053572 14
stats: {load,"tsung_controller@jarvis"} 1 0.21875 0.0 0.30859375 0.0 0.10993303571428571 14
stats: {cpu,"tsung_controller@jarvis"} 1 0.6378986866791745 0.0 1.8863614080086126 0.6247657128576783 0.8013320576070576 14
stats: users_count 0 65
stats: finish_users_count 0 0
stats: request 248 965.3168629032253 354.8076169019523 7276.226 50.833 1154.437614550542 2859
stats: connect 15 0.7668666666666666 0.14711304798993494 18.953 0.455 0.9386043165467627 278
stats: page 248 965.3168629032253 354.8076169019523 7276.226 50.833 1154.437614550542 2859
stats: tr_busyWait 248 965.5568669354845 354.7930916664821 7276.466 51.003 1154.6642556838058 2859
stats: 200 248 3107
stats: size_rcv 63366 793289
stats: size_sent 14508 193316
stats: connected 1 63
# stats: dump at 1517147999
stats: users 65 65
stats: {freemem,"tsung_controller@jarvis"} 1 5455.96875 0.0 5463.05078125 5455.96875 5457.66484375 15
stats: {load,"tsung_controller@jarvis"} 1 0.19140625 0.0 0.30859375 0.0 0.1171875 15
stats: {cpu,"tsung_controller@jarvis"} 1 0.799300611964531 0.0 1.8863614080086126 0.6247657128576783 0.7904364995451988 15
stats: users_count 0 65
stats: finish_users_count 0 0
stats: request 213 862.383403755868 430.45759246433755 7276.226 48.094 1139.3420411972963 3107
stats: connect 17 0.8041764705882353 0.08928687097619521 18.953 0.455 0.9298122866894198 293
stats: page 213 862.383403755868 430.45759246433755 7276.226 48.094 1139.3420411972963 3107
stats: tr_busyWait 213 862.6087887323946 430.4567334893449 7276.466 48.289 1139.5697489539752 3107
stats: 200 213 3320
stats: size_rcv 54435 847724
stats: size_sent 13640 206956
stats: connected -1 62
# stats: dump at 1517148009
stats: users 65 65
stats: {freemem,"tsung_controller@jarvis"} 1 5455.89453125 0.0 5463.05078125 5455.89453125 5457.558837890625 16
stats: {load,"tsung_controller@jarvis"} 1 0.16015625 0.0 0.30859375 0.0 0.121826171875 16
stats: {cpu,"tsung_controller@jarvis"} 1 0.6749156355455568 0.0 1.8863614080086126 0.6247657128576783 0.790990506571407 16
stats: users_count 0 65
stats: finish_users_count 0 0
stats: request 194 1299.977536082475 288.2310299676053 7276.226 48.094 1121.5733093373492 3320
stats: connect 19 0.754421052631579 0.1335397893747792 18.953 0.455 0.9229225806451613 310
stats: page 194 1299.977536082475 288.2310299676053 7276.226 48.094 1121.5733093373492 3320
stats: tr_busyWait 194 1300.2072525773192 288.2251911984889 7276.466 48.289 1121.8008680722894 3320
stats: 200 194 3514
stats: size_rcv 49465 897189
stats: size_sent 12648 219604
stats: connected 0 62
# stats: dump at 1517148019
stats: users 65 65
stats: {freemem,"tsung_controller@jarvis"} 1 5455.5546875 0.0 5463.05078125 5455.5546875 5457.4609375 17
stats: {load,"tsung_controller@jarvis"} 1 0.12890625 0.0 0.30859375 0.0 0.12408088235294118 17
stats: {cpu,"tsung_controller@jarvis"} 1 0.7374999999999999 0.0 1.8863614080086126 0.6247657128576783 0.784162572981651 17
stats: users_count 0 65
stats: finish_users_count 0 0
stats: request 198 1423.1920252525244 216.59393034635863 7276.226 48.094 1131.422603585657 3514
stats: connect 11 0.7460000000000001 0.11856567033428428 18.953 0.455 0.9131914893617021 329
stats: page 198 1423.1920252525244 216.59393034635863 7276.226 48.094 1131.422603585657 3514
stats: tr_busyWait 198 1423.4236010101008 216.590343058315 7276.466 48.289 1131.6502814456462 3514
stats: 200 198 3712
stats: size_rcv 50474 947663
stats: size_sent 12152 231756
stats: connected -1 61
# stats: dump at 1517148020
stats: users 65 65
stats: {freemem,"tsung_controller@jarvis"} 0 0 0 5463.05078125 5455.5546875 5457.355034722223 18
stats: {load,"tsung_controller@jarvis"} 0 0 0 0.30859375 0.0 0.12434895833333333 18
stats: {cpu,"tsung_controller@jarvis"} 0 0 0 1.8863614080086126 0.6247657128576783 0.7815702078160038 18
stats: users_count 0 65
stats: finish_users_count 0 0
stats: request 20 1363.9003000000002 72.7785807419325 7276.226 48.094 1146.985735452586 3712
stats: connect 2 0.5535 0.07550000000000001 18.953 0.455 0.9077823529411765 340
stats: page 20 1363.9003000000002 72.7785807419325 7276.226 48.094 1146.985735452586 3712
stats: tr_busyWait 20 1364.1063499999996 72.78768196286713 7276.466 48.289 1147.2136212284483 3712
stats: 200 20 3732
stats: size_rcv 5098 952761
stats: size_sent 1240 232996
stats: connected 1 62
stats: error_abort 1 1
EndMonitor:{1517,148020,116808}
