# stats: dump at 1517242072
stats: users 110 110
stats: {freemem,"tsung_controller@jarvis"} 1 3688.72265625 0 3688.72265625 3688.72265625 0 0
stats: {load,"tsung_controller@jarvis"} 1 0.0703125 0 0.0703125 0.0703125 0 0
stats: {cpu,"tsung_controller@jarvis"} 1 1.8675020027437785 0 1.8675020027437785 1.8675020027437785 0 0
stats: users_count 110 110
stats: finish_users_count 0 0
stats: request 106 4708.532669811322 753.7533232135974 7380.627 4009.926 0 0
stats: connect 110 1.0338090909090905 1.5973922014871296 14.292 0.518 0 0
stats: page 106 4708.532669811322 753.7533232135974 7380.627 4009.926 0 0
stats: tr_loopTransaction 106 4708.75186792453 753.7398204749591 7380.78 4010.128 0 0
stats: 200 106 106
stats: size_rcv 27022 27022
stats: size_sent 31044 31044
stats: connected 110 110
# stats: dump at 1517242082
stats: users 110 110
stats: {freemem,"tsung_controller@jarvis"} 1 3676.34765625 0.0 3688.72265625 3676.34765625 3688.72265625 1
stats: {load,"tsung_controller@jarvis"} 1 0.140625 0.0 0.140625 0.0703125 0.0703125 1
stats: {cpu,"tsung_controller@jarvis"} 1 2.307596357739803 0.0 2.307596357739803 1.8675020027437785 1.8675020027437785 1
stats: users_count 0 110
stats: finish_users_count 0 0
stats: request 271 2699.8288302583005 1032.1284175320438 8847.347 1360.088 4708.532669811322 106
stats: connect 25 0.82304 0.1543558175126548 14.292 0.511 1.0338090909090905 110
stats: page 271 2699.8288302583005 1032.1284175320438 8847.347 1360.088 4708.532669811322 106
stats: tr_loopTransaction 271 2700.0334501845023 1032.135982462834 8847.525 1360.24 4708.75186792453 106
stats: 200 271 377
stats: size_rcv 69073 96095
stats: size_sent 38064 69108
stats: connected -2 108
# stats: dump at 1517242092
stats: users 110 110
stats: {freemem,"tsung_controller@jarvis"} 1 3654.27734375 0.0 3688.72265625 3654.27734375 3682.53515625 2
stats: {load,"tsung_controller@jarvis"} 1 0.12109375 0.0 0.140625 0.0703125 0.10546875 2
stats: {cpu,"tsung_controller@jarvis"} 1 4.606406754407748 0.0 4.606406754407748 1.8675020027437785 2.0875491802417905 2
stats: users_count 0 110
stats: finish_users_count 0 0
stats: request 266 2170.696808270679 272.72165248851275 8847.347 1360.088 3264.610281167108 377
stats: connect 21 0.8024285714285714 0.18366547526065177 14.292 0.5 0.9947777777777774 135
stats: page 266 2170.696808270679 272.72165248851275 8847.347 1360.088 3264.610281167108 377
stats: tr_loopTransaction 266 2170.8721240601485 272.72270593014497 8847.525 1360.24 3264.819000000001 377
stats: 200 266 643
stats: size_rcv 67800 163895
stats: size_sent 39936 109044
stats: connected 1 109
# stats: dump at 1517242102
stats: users 110 110
stats: {freemem,"tsung_controller@jarvis"} 1 3632.7265625 0.0 3688.72265625 3632.7265625 3673.1158854166665 3
stats: {load,"tsung_controller@jarvis"} 1 0.25 0.0 0.25 0.0703125 0.11067708333333333 3
stats: {cpu,"tsung_controller@jarvis"} 1 5.514842876661284 0.0 5.514842876661284 1.8675020027437785 2.9271683716304424 3
stats: users_count 0 110
stats: finish_users_count 0 0
stats: request 251 2283.2987609561783 314.68793539399087 8847.347 1360.088 2812.0737589424575 643
stats: connect 18 0.7457222222222222 0.14641751775717565 14.292 0.495 0.9688846153846151 156
stats: page 251 2283.2987609561783 314.68793539399087 8847.347 1360.088 2812.0737589424575 643
stats: tr_loopTransaction 251 2283.475932270919 314.68248390865926 8847.525 1360.24 2812.2686594090196 643
stats: 200 251 894
stats: size_rcv 63981 227876
stats: size_sent 40248 149292
stats: connected -3 106
# stats: dump at 1517242112
stats: users 110 110
stats: {freemem,"tsung_controller@jarvis"} 1 3649.5703125 0.0 3688.72265625 3632.7265625 3663.0185546875 4
stats: {load,"tsung_controller@jarvis"} 1 0.2109375 0.0 0.25 0.0703125 0.1455078125 4
stats: {cpu,"tsung_controller@jarvis"} 1 2.505609573672401 0.0 5.514842876661284 1.8675020027437785 3.574086997888153 4
stats: users_count 0 110
stats: finish_users_count 0 0
stats: request 268 2267.8701305970144 205.71217010708375 8847.347 1360.088 2663.6145592841176 894
stats: connect 21 0.8350000000000003 0.12791812857858587 14.292 0.495 0.9457988505747125 174
stats: page 268 2267.8701305970144 205.71217010708375 8847.347 1360.088 2663.6145592841176 894
stats: tr_loopTransaction 268 2268.0448432835797 205.7142113523299 8847.525 1360.24 2663.804482102909 894
stats: 200 268 1162
stats: size_rcv 68308 296184
stats: size_sent 40092 189384
stats: connected 0 106
# stats: dump at 1517242122
stats: users 110 110
stats: {freemem,"tsung_controller@jarvis"} 1 3661.45703125 0.0 3688.72265625 3632.7265625 3660.32890625 5
stats: {load,"tsung_controller@jarvis"} 1 0.1796875 0.0 0.25 0.0703125 0.15859375 5
stats: {cpu,"tsung_controller@jarvis"} 1 1.9681116093672149 0.0 5.514842876661284 1.8675020027437785 3.360391513045003 5
stats: users_count 0 110
stats: finish_users_count 0 0
stats: request 252 2057.3306904761907 192.02641852336922 8847.347 1360.088 2572.341317555939 1162
stats: connect 25 0.8192400000000001 0.09903465252122612 14.292 0.495 0.9338666666666664 195
stats: page 252 2057.3306904761907 192.02641852336922 8847.347 1360.088 2572.341317555939 1162
stats: tr_loopTransaction 252 2057.506301587301 192.0276724753234 8847.525 1360.24 2572.527732358003 1162
stats: 200 252 1414
stats: size_rcv 64229 360413
stats: size_sent 40872 230256
stats: connected 1 107
# stats: dump at 1517242132
stats: users 110 110
stats: {freemem,"tsung_controller@jarvis"} 1 3660.6640625 0.0 3688.72265625 3632.7265625 3660.5169270833335 6
stats: {load,"tsung_controller@jarvis"} 1 0.1484375 0.0 0.25 0.0703125 0.162109375 6
stats: {cpu,"tsung_controller@jarvis"} 1 1.345123925769087 0.0 5.514842876661284 1.345123925769087 3.1283448624320385 6
stats: users_count 0 110
stats: finish_users_count 0 0
stats: request 270 2430.786688888889 282.78058662007226 8847.347 1360.088 2480.5572454031126 1414
stats: connect 18 0.7978333333333333 0.15767662054555415 14.292 0.495 0.9208409090909089 220
stats: page 270 2430.786688888889 282.78058662007226 8847.347 1360.088 2480.5572454031126 1414
stats: tr_loopTransaction 270 2430.9394222222218 282.77730554803526 8847.525 1360.24 2480.7417347949076 1414
stats: 200 270 1684
stats: size_rcv 68815 429228
stats: size_sent 39156 269412
stats: connected -3 104
# stats: dump at 1517242142
stats: users 110 110
stats: {freemem,"tsung_controller@jarvis"} 1 3660.43359375 0.0 3688.72265625 3632.7265625 3660.5379464285716 7
stats: {load,"tsung_controller@jarvis"} 1 0.12890625 0.0 0.25 0.0703125 0.16015625 7
stats: {cpu,"tsung_controller@jarvis"} 1 1.060379241516966 0.0 5.514842876661284 1.060379241516966 2.873599014337331 7
stats: users_count 0 110
stats: finish_users_count 0 0
stats: request 253 2293.6191343873525 182.33451869131324 8847.347 1360.088 2472.5774055819484 1684
stats: connect 21 0.8627142857142858 0.11803233731931781 14.292 0.495 0.9115378151260501 238
stats: page 253 2293.6191343873525 182.33451869131324 8847.347 1360.088 2472.5774055819484 1684
stats: tr_loopTransaction 253 2293.784944664032 182.33187578896957 8847.525 1360.24 2472.75680344418 1684
stats: 200 253 1937
stats: size_rcv 64492 493720
stats: size_sent 41184 310596
stats: connected 4 108
# stats: dump at 1517242152
stats: users 110 110
stats: {freemem,"tsung_controller@jarvis"} 1 3660.52734375 0.0 3688.72265625 3632.7265625 3660.52490234375 8
stats: {load,"tsung_controller@jarvis"} 1 0.19140625 0.0 0.25 0.0703125 0.15625 8
stats: {cpu,"tsung_controller@jarvis"} 1 1.406697373334993 0.0 5.514842876661284 1.060379241516966 2.6469465427347854 8
stats: users_count 0 110
stats: finish_users_count 0 0
stats: request 253 2016.8754861660072 169.19769552508924 8847.347 1360.088 2449.2028869385654 1937
stats: connect 26 0.8819230769230768 0.09705506885543146 14.292 0.495 0.9075791505791503 259
stats: page 253 2016.8754861660072 169.19769552508924 8847.347 1360.088 2449.2028869385654 1937
stats: tr_loopTransaction 253 2017.0482292490117 169.19940758234415 8847.525 1360.24 2449.380510067114 1937
stats: 200 253 2190
stats: size_rcv 64487 558207
stats: size_sent 41340 351936
stats: connected 2 110
# stats: dump at 1517242162
stats: users 110 110
stats: {freemem,"tsung_controller@jarvis"} 1 3635.32421875 0.0 3688.72265625 3632.7265625 3660.5251736111113 9
stats: {load,"tsung_controller@jarvis"} 1 0.16015625 0.0 0.25 0.0703125 0.16015625 9
stats: {cpu,"tsung_controller@jarvis"} 1 1.6056758775205378 0.0 5.514842876661284 1.060379241516966 2.509141079468142 9
stats: users_count 0 110
stats: finish_users_count 0 0
stats: request 261 2469.6049846743263 231.38765187216018 8847.347 1360.088 2399.2582146118725 2190
stats: connect 12 0.7513333333333333 0.11081842004929605 14.292 0.495 0.9052385964912278 285
stats: page 261 2469.6049846743263 231.38765187216018 8847.347 1360.088 2399.2582146118725 2190
stats: tr_loopTransaction 261 2469.7707777777796 231.38199702488197 8847.525 1360.24 2399.4352739726023 2190
stats: 200 261 2451
stats: size_rcv 66530 624737
stats: size_sent 39468 391404
stats: connected -4 106
# stats: dump at 1517242172
stats: users 110 110
stats: {freemem,"tsung_controller@jarvis"} 1 3634.30078125 0.0 3688.72265625 3632.7265625 3658.005078125 10
stats: {load,"tsung_controller@jarvis"} 1 0.2109375 0.0 0.25 0.0703125 0.16015625 10
stats: {cpu,"tsung_controller@jarvis"} 1 2.181228966720678 0.0 5.514842876661284 1.060379241516966 2.418794559273382 10
stats: users_count 0 110
stats: finish_users_count 0 0
stats: request 256 2211.2752148437517 212.4006746272211 8847.347 1360.088 2406.749241534068 2451
stats: connect 19 0.7885789473684209 0.12331616011804934 14.292 0.495 0.8990202020202018 297
stats: page 256 2211.2752148437517 212.4006746272211 8847.347 1360.088 2406.749241534068 2451
stats: tr_loopTransaction 256 2211.4202929687494 212.40571241098127 8847.525 1360.24 2406.9251011831902 2451
stats: 200 256 2707
stats: size_rcv 65255 689992
stats: size_sent 40560 431964
stats: connected -6 100
# stats: dump at 1517242182
stats: users 110 110
stats: {freemem,"tsung_controller@jarvis"} 1 3649.94921875 0.0 3688.72265625 3632.7265625 3655.8501420454545 11
stats: {load,"tsung_controller@jarvis"} 1 0.33984375 0.0 0.33984375 0.0703125 0.16477272727272727 11
stats: {cpu,"tsung_controller@jarvis"} 1 2.0929363398529963 0.0 5.514842876661284 1.060379241516966 2.397197687223136 11
stats: users_count 0 110
stats: finish_users_count 0 0
stats: request 261 2395.0932183908035 380.8808705378532 8847.347 1360.088 2388.263334318434 2707
stats: connect 20 0.8253 0.12464754309652477 14.292 0.495 0.892379746835443 316
stats: page 261 2395.0932183908035 380.8808705378532 8847.347 1360.088 2388.263334318434 2707
stats: tr_loopTransaction 261 2395.2645708812256 380.87395384129013 8847.525 1360.24 2388.436282970077 2707
stats: 200 261 2968
stats: size_rcv 66524 756516
stats: size_sent 40092 472056
stats: connected 6 106
# stats: dump at 1517242183
stats: users 110 110
stats: {freemem,"tsung_controller@jarvis"} 0 0 0 3688.72265625 3632.7265625 3655.3583984375 12
stats: {load,"tsung_controller@jarvis"} 0 0 0 0.33984375 0.0703125 0.17936197916666666 12
stats: {cpu,"tsung_controller@jarvis"} 0 0 0 5.514842876661284 1.060379241516966 2.371842574942291 12
stats: users_count 0 110
stats: finish_users_count 0 0
stats: request 28 2044.744071428571 155.20568339555297 8847.347 1360.088 2388.863940700809 2968
stats: connect 2 0.843 0.05300000000000002 14.292 0.495 0.8883869047619045 336
stats: page 28 2044.744071428571 155.20568339555297 8847.347 1360.088 2388.863940700809 2968
stats: tr_loopTransaction 28 2044.9357142857145 155.19276204262346 8847.525 1360.24 2389.036748989218 2968
stats: 200 28 2996
stats: size_rcv 7140 763656
stats: size_sent 3900 475956
stats: connected -1 105
stats: error_abort 1 1
EndMonitor:{1517,242183,626582}
