# stats: dump at 1517244515
stats: users 150 150
stats: {freemem,"tsung_controller@jarvis"} 1 3456.0625 0 3456.0625 3456.0625 0 0
stats: {load,"tsung_controller@jarvis"} 1 0.23046875 0 0.23046875 0.23046875 0 0
stats: {cpu,"tsung_controller@jarvis"} 1 1.8725589328930377 0 1.8725589328930377 1.8725589328930377 0 0
stats: users_count 150 150
stats: finish_users_count 0 0
stats: request 123 6091.131268292685 275.6327337073906 7641.637 5592.227 0 0
stats: connect 150 1.2185666666666664 2.101729819035316 14.148 0.464 0 0
stats: page 123 6091.131268292685 275.6327337073906 7641.637 5592.227 0 0
stats: tr_loopTransaction 123 6091.349715447155 275.6624029075353 7641.799 5592.485 0 0
stats: 200 123 123
stats: size_rcv 31343 31343
stats: size_sent 35100 35100
stats: connected 150 150
# stats: dump at 1517244525
stats: users 150 150
stats: {freemem,"tsung_controller@jarvis"} 1 3441.80078125 0.0 3456.0625 3441.80078125 3456.0625 1
stats: {load,"tsung_controller@jarvis"} 1 0.26953125 0.0 0.26953125 0.23046875 0.23046875 1
stats: {cpu,"tsung_controller@jarvis"} 1 1.6379094773693421 0.0 1.8725589328930377 1.6379094773693421 1.8725589328930377 1
stats: users_count 0 150
stats: finish_users_count 0 0
stats: request 257 4568.562828793782 1726.2102319761611 10224.367 3257.466 6091.131268292685 123
stats: connect 18 0.8257777777777778 0.12919604205992777 14.148 0.464 1.2185666666666664 150
stats: page 257 4568.562828793782 1726.2102319761611 10224.367 3257.466 6091.131268292685 123
stats: tr_loopTransaction 257 4568.747852140076 1726.2230413153557 10224.517 3257.639 6091.349715447155 123
stats: 200 257 380
stats: size_rcv 65504 96847
stats: size_sent 38532 73632
stats: connected -6 144
# stats: dump at 1517244535
stats: users 150 150
stats: {freemem,"tsung_controller@jarvis"} 1 3440.88671875 0.0 3456.0625 3440.88671875 3448.931640625 2
stats: {load,"tsung_controller@jarvis"} 1 0.23046875 0.0 0.26953125 0.23046875 0.25 2
stats: {cpu,"tsung_controller@jarvis"} 1 0.9504752376188095 0.0 1.8725589328930377 0.9504752376188095 1.75523420513119 2
stats: users_count 0 150
stats: finish_users_count 0 0
stats: request 244 3560.7472090163947 307.0153921265849 10224.367 2867.034 5061.394192105269 380
stats: connect 28 0.8425714285714285 0.12451374811396435 14.148 0.464 1.1764821428571426 168
stats: page 244 3560.7472090163947 307.0153921265849 10224.367 2867.034 5061.394192105269 380
stats: tr_loopTransaction 244 3560.916659836066 307.0119440396068 10224.517 2867.194 5061.590034210526 380
stats: 200 244 624
stats: size_rcv 62183 159030
stats: size_sent 41808 115440
stats: connected 2 146
# stats: dump at 1517244545
stats: users 150 150
stats: {freemem,"tsung_controller@jarvis"} 1 3439.67578125 0.0 3456.0625 3439.67578125 3446.25 3
stats: {load,"tsung_controller@jarvis"} 1 0.19140625 0.0 0.26953125 0.19140625 0.24348958333333334 3
stats: {cpu,"tsung_controller@jarvis"} 1 0.975975975975976 0.0 1.8725589328930377 0.9504752376188095 1.4869812159603963 3
stats: users_count 0 150
stats: finish_users_count 0 0
stats: request 273 3968.3125860805867 434.7014184785138 10224.367 2867.034 4474.602743589748 624
stats: connect 15 0.7944666666666665 0.10660385650726818 14.148 0.464 1.1287806122448976 196
stats: page 273 3968.3125860805867 434.7014184785138 10224.367 2867.034 4474.602743589748 624
stats: tr_loopTransaction 273 3968.4773626373585 434.69753209134166 10224.517 2867.194 4474.788266025641 624
stats: 200 273 897
stats: size_rcv 69586 228616
stats: size_sent 38688 154128
stats: connected -1 145
# stats: dump at 1517244555
stats: users 150 150
stats: {freemem,"tsung_controller@jarvis"} 1 3452.6328125 0.0 3456.0625 3439.67578125 3444.6064453125 4
stats: {load,"tsung_controller@jarvis"} 1 0.37890625 0.0 0.37890625 0.19140625 0.23046875 4
stats: {cpu,"tsung_controller@jarvis"} 1 1.6370907273181703 0.0 1.8725589328930377 0.9504752376188095 1.3592299059642912 4
stats: users_count 0 150
stats: finish_users_count 0 0
stats: request 247 3749.4999230769245 316.9761222070061 10224.367 2867.034 4320.514434782612 897
stats: connect 19 0.8006315789473684 0.1461596857536721 14.148 0.464 1.1050142180094784 211
stats: page 247 3749.4999230769245 316.9761222070061 10224.367 2867.034 4320.514434782612 897
stats: tr_loopTransaction 247 3749.6741902833996 316.9707880956988 10224.517 2867.194 4320.693643255294 897
stats: 200 247 1144
stats: size_rcv 62954 291570
stats: size_sent 40404 194532
stats: connected -2 143
# stats: dump at 1517244565
stats: users 150 150
stats: {freemem,"tsung_controller@jarvis"} 1 3431.67578125 0.0 3456.0625 3431.67578125 3446.21171875 5
stats: {load,"tsung_controller@jarvis"} 1 0.3203125 0.0 0.37890625 0.19140625 0.26015625 5
stats: {cpu,"tsung_controller@jarvis"} 1 1.6608391608391608 0.0 1.8725589328930377 0.9504752376188095 1.414802070235067 5
stats: users_count 0 150
stats: finish_users_count 0 0
stats: request 262 3590.8058320610703 333.69410413169487 10224.367 2867.034 4197.227210664339 1144
stats: connect 30 0.7993333333333335 0.1348214457058751 14.148 0.464 1.079869565217391 230
stats: page 262 3590.8058320610703 333.69410413169487 10224.367 2867.034 4197.227210664339 1144
stats: tr_loopTransaction 262 3590.9805992366405 333.6924650110574 10224.517 2867.194 4197.405352272725 1144
stats: 200 262 1406
stats: size_rcv 66773 358343
stats: size_sent 40404 234936
stats: connected 1 144
# stats: dump at 1517244575
stats: users 150 150
stats: {freemem,"tsung_controller@jarvis"} 1 3430.859375 0.0 3456.0625 3430.859375 3443.7890625 6
stats: {load,"tsung_controller@jarvis"} 1 0.26953125 0.0 0.37890625 0.19140625 0.2701822916666667 6
stats: {cpu,"tsung_controller@jarvis"} 1 1.1489946296990132 0.0 1.8725589328930377 0.9504752376188095 1.4558082520024158 6
stats: users_count 0 150
stats: finish_users_count 0 0
stats: request 261 3683.791475095786 347.50235183723635 10224.367 2867.034 4084.224080369846 1406
stats: connect 28 0.7002142857142858 0.14031606087250137 14.148 0.464 1.0474999999999999 260
stats: page 261 3683.791475095786 347.50235183723635 10224.367 2867.034 4084.224080369846 1406
stats: tr_loopTransaction 261 3683.9543333333363 347.4993359970604 10224.517 2867.194 4084.4015931721174 1406
stats: 200 261 1667
stats: size_rcv 66513 424856
stats: size_sent 39780 274716
stats: connected 0 144
# stats: dump at 1517244585
stats: users 150 150
stats: {freemem,"tsung_controller@jarvis"} 1 3413.76171875 0.0 3456.0625 3413.76171875 3441.941964285714 7
stats: {load,"tsung_controller@jarvis"} 1 0.23046875 0.0 0.37890625 0.19140625 0.2700892857142857 7
stats: {cpu,"tsung_controller@jarvis"} 1 2.4481638770921808 0.0 2.4481638770921808 0.9504752376188095 1.4119777345305011 7
stats: users_count 0 150
stats: finish_users_count 0 0
stats: request 253 3873.1341422924907 345.08688175515675 10224.367 2867.034 4021.528873425317 1667
stats: connect 21 0.8458095238095237 0.1194653243364821 14.148 0.464 1.013736111111111 288
stats: page 253 3873.1341422924907 345.08688175515675 10224.367 2867.034 4021.528873425317 1667
stats: tr_loopTransaction 253 3873.293252964429 345.09163880667376 10224.517 2867.194 4021.7040917816425 1667
stats: 200 253 1920
stats: size_rcv 64493 489349
stats: size_sent 40248 314964
stats: connected 3 147
# stats: dump at 1517244595
stats: users 150 150
stats: {freemem,"tsung_controller@jarvis"} 1 3416.640625 0.0 3456.0625 3413.76171875 3438.41943359375 8
stats: {load,"tsung_controller@jarvis"} 1 0.26953125 0.0 0.37890625 0.19140625 0.26513671875 8
stats: {cpu,"tsung_controller@jarvis"} 1 2.1624999999999996 0.0 2.4481638770921808 0.9504752376188095 1.5415010023507112 8
stats: users_count 0 150
stats: finish_users_count 0 0
stats: request 265 3864.529588679247 395.4972059515945 10224.367 2867.034 4001.974776041669 1920
stats: connect 21 0.8203809523809523 0.2270373319817221 14.148 0.464 1.0023236245954692 309
stats: page 265 3864.529588679247 395.4972059515945 10224.367 2867.034 4001.974776041669 1920
stats: tr_loopTransaction 265 3864.6901471698097 395.49821623202564 10224.517 2867.194 4002.1478718749995 1920
stats: 200 265 2185
stats: size_rcv 67548 556897
stats: size_sent 39936 354900
stats: connected -1 146
# stats: dump at 1517244605
stats: users 150 150
stats: {freemem,"tsung_controller@jarvis"} 1 3431.59765625 0.0 3456.0625 3413.76171875 3435.999565972222 9
stats: {load,"tsung_controller@jarvis"} 1 0.23046875 0.0 0.37890625 0.19140625 0.265625 9
stats: {cpu,"tsung_controller@jarvis"} 1 1.2492192379762648 0.0 2.4481638770921808 0.9504752376188095 1.61050089097841 9
stats: users_count 0 150
stats: finish_users_count 0 0
stats: request 255 3513.732415686272 327.44209307341293 10224.367 2867.034 3985.305222425631 2185
stats: connect 29 0.7422758620689657 0.12164331594424747 14.148 0.464 0.9907454545454545 330
stats: page 255 3513.732415686272 327.44209307341293 10224.367 2867.034 3985.305222425631 2185
stats: tr_loopTransaction 255 3513.899447058822 327.4427811248441 10224.517 2867.194 3985.4767977116703 2185
stats: 200 255 2440
stats: size_rcv 64986 621883
stats: size_sent 42276 397176
stats: connected -2 144
# stats: dump at 1517244615
stats: users 150 150
stats: {freemem,"tsung_controller@jarvis"} 1 3425.38671875 0.0 3456.0625 3413.76171875 3435.559375 10
stats: {load,"tsung_controller@jarvis"} 1 0.19140625 0.0 0.37890625 0.19140625 0.262109375 10
stats: {cpu,"tsung_controller@jarvis"} 1 2.6082615749407214 0.0 2.6082615749407214 0.9504752376188095 1.5743727256781954 10
stats: users_count 0 150
stats: finish_users_count 0 0
stats: request 256 3769.6389101562495 323.5471754125406 10224.367 2867.034 3936.021998770493 2440
stats: connect 20 0.913 0.13276558288954257 14.148 0.464 0.9706740947075209 359
stats: page 256 3769.6389101562495 323.5471754125406 10224.367 2867.034 3936.021998770493 2440
stats: tr_loopTransaction 256 3769.816570312498 323.55232348590505 10224.517 2867.194 3936.1930991803274 2440
stats: 200 256 2696
stats: size_rcv 65255 687138
stats: size_sent 39156 436332
stats: connected 2 146
# stats: dump at 1517244625
stats: users 150 150
stats: {freemem,"tsung_controller@jarvis"} 1 3425.9296875 0.0 3456.0625 3413.76171875 3434.634588068182 11
stats: {load,"tsung_controller@jarvis"} 1 0.16015625 0.0 0.37890625 0.16015625 0.2556818181818182 11
stats: {cpu,"tsung_controller@jarvis"} 1 1.8100112345524901 0.0 2.6082615749407214 0.9504752376188095 1.6683626210656977 11
stats: users_count 0 150
stats: finish_users_count 0 0
stats: request 261 3850.273218390803 374.0830333591387 10224.367 2867.034 3920.2230111275976 2696
stats: connect 20 0.8690999999999999 0.10843011574281379 14.148 0.464 0.9676306068601582 379
stats: page 261 3850.273218390803 374.0830333591387 10224.367 2867.034 3920.2230111275976 2696
stats: tr_loopTransaction 261 3850.4568735632192 374.0795542567009 10224.517 2867.194 3920.3947344213643 2696
stats: 200 261 2957
stats: size_rcv 66526 753664
stats: size_sent 39624 475956
stats: connected 2 148
# stats: dump at 1517244626
stats: users 150 150
stats: {freemem,"tsung_controller@jarvis"} 0 0 0 3456.0625 3413.76171875 3433.9091796875 12
stats: {load,"tsung_controller@jarvis"} 0 0 0 0.37890625 0.16015625 0.24772135416666666 12
stats: {cpu,"tsung_controller@jarvis"} 0 0 0 2.6082615749407214 0.9504752376188095 1.6801666721895971 12
stats: users_count 0 150
stats: finish_users_count 0 0
stats: request 28 3989.6478928571437 366.14077565781986 10224.367 2867.034 3914.0488833276986 2957
stats: connect 2 0.7805 0.0975 14.148 0.464 0.9626917293233083 399
stats: page 28 3989.6478928571437 366.14077565781986 10224.367 2867.034 3914.0488833276986 2957
stats: tr_loopTransaction 28 3989.8216428571436 366.1390448219886 10224.517 2867.194 3914.2216597903275 2957
stats: 200 28 2985
stats: size_rcv 7137 760801
stats: size_sent 4836 480792
stats: connected -2 146
stats: error_abort 1 1
EndMonitor:{1517,244626,81953}
