# stats: dump at 1516792415
stats: users 89 114
stats: {freemem,"tsung_controller@jarvis"} 1 4002.9296875 0 4002.9296875 4002.9296875 0 0
stats: {load,"tsung_controller@jarvis"} 1 0.03125 0 0.03125 0.03125 0 0
stats: {cpu,"tsung_controller@jarvis"} 1 45.42987639791385 0 45.42987639791385 45.42987639791385 0 0
stats: session 720 924.749166666666 899.5749210031724 7146.181 13.496 0 0
stats: users_count 809 809
stats: finish_users_count 720 720
stats: request 675 17.664247407407366 12.038418704309592 68.798 7.741 0 0
stats: connect 676 0.5393180473372778 0.1739229264612628 4.243 0.357 0 0
stats: page 675 17.664247407407366 12.038418704309592 68.798 7.741 0 0
stats: 200 675 675
stats: size_rcv 173794 173794
stats: size_sent 41912 41912
stats: connected 1 1
# stats: dump at 1516792425
stats: users 106 114
stats: {freemem,"tsung_controller@jarvis"} 1 4000.7734375 0.0 4002.9296875 4000.7734375 4002.9296875 1
stats: {load,"tsung_controller@jarvis"} 1 0.01953125 0.0 0.03125 0.01953125 0.03125 1
stats: {cpu,"tsung_controller@jarvis"} 1 0.22675736961451248 0.0 45.42987639791385 0.22675736961451248 45.42987639791385 1
stats: session 860 979.5137755813939 957.0866194688383 8570.14 13.133 924.749166666666 720
stats: users_count 877 1686
stats: finish_users_count 860 1580
stats: request 877 15.932128848346654 9.055807505481136 68.798 7.709 17.664247407407366 675
stats: connect 876 0.5153664383561644 0.0827880702841817 4.243 0.336 0.5393180473372778 676
stats: page 877 15.932128848346654 9.055807505481136 68.798 7.709 17.664247407407366 675
stats: 200 877 1552
stats: size_rcv 225818 399612
stats: size_sent 54312 96224
stats: connected -1 0
# stats: dump at 1516792435
stats: users 110 116
stats: {freemem,"tsung_controller@jarvis"} 1 3998.59765625 0.0 4002.9296875 3998.59765625 4001.8515625 2
stats: {load,"tsung_controller@jarvis"} 1 0.01953125 0.0 0.03125 0.01953125 0.025390625 2
stats: {cpu,"tsung_controller@jarvis"} 1 0.41546015359435984 0.0 45.42987639791385 0.22675736961451248 22.82831688376418 2
stats: session 900 1015.9408699999989 981.9286617666196 8570.14 13.133 954.5577512658217 1580
stats: users_count 904 2590
stats: finish_users_count 900 2480
stats: request 897 22.015589743589757 14.074356656103129 90.892 7.709 16.685466494845354 1552
stats: page 897 22.015589743589757 14.074356656103129 90.892 7.709 16.685466494845354 1552
stats: connect 901 0.49459489456159816 0.08208101582755978 4.243 0.33 0.5257989690721647 1552
stats: 200 897 2449
stats: size_rcv 230731 630343
stats: size_sent 55862 152086
stats: connected 4 4
# stats: dump at 1516792445
stats: users 87 116
stats: {freemem,"tsung_controller@jarvis"} 1 3997.96484375 0.0 4002.9296875 3997.96484375 4000.7669270833335 3
stats: {load,"tsung_controller@jarvis"} 1 0.01953125 0.0 0.03125 0.01953125 0.0234375 3
stats: {cpu,"tsung_controller@jarvis"} 1 0.2518257365902795 0.0 45.42987639791385 0.22675736961451248 15.357364640374241 3
stats: session 914 1076.5717964989078 1053.2819348531161 8765.975 13.133 976.8338830645151 2480
stats: users_count 891 3481
stats: finish_users_count 914 3394
stats: connect 911 0.4984105378704718 0.10729991441882925 4.243 0.33 0.5143375458622094 2453
stats: request 914 18.75714332603938 10.964199597020691 90.892 7.709 18.63774111882401 2449
stats: page 914 18.75714332603938 10.964199597020691 90.892 7.709 18.63774111882401 2449
stats: 200 914 3363
stats: size_rcv 235170 865513
stats: size_sent 56482 208568
stats: connected -3 1
# stats: dump at 1516792455
stats: users 78 116
stats: {freemem,"tsung_controller@jarvis"} 1 3995.53125 0.0 4002.9296875 3995.53125 4000.06640625 4
stats: {load,"tsung_controller@jarvis"} 1 0.01171875 0.0 0.03125 0.01171875 0.0224609375 4
stats: {cpu,"tsung_controller@jarvis"} 1 0.31498047121078493 0.0 45.42987639791385 0.22675736961451248 11.58097991442825 4
stats: session 879 1018.8962593856638 1000.4953513957544 8765.975 11.812 1003.6931797289332 3394
stats: users_count 870 4351
stats: finish_users_count 879 4273
stats: connect 878 0.4576753986332574 0.06661549896450406 4.243 0.321 0.5100243757431627 3364
stats: page 878 15.036905466970392 7.770834234535618 90.892 7.652 18.67019238774903 3363
stats: request 878 15.036905466970392 7.770834234535618 90.892 7.652 18.67019238774903 3363
stats: 200 878 4241
stats: size_rcv 226037 1091550
stats: size_sent 54436 263004
stats: connected 1 2
# stats: dump at 1516792465
stats: users 77 116
stats: {freemem,"tsung_controller@jarvis"} 1 3994.6015625 0.0 4002.9296875 3994.6015625 3999.159375 5
stats: {load,"tsung_controller@jarvis"} 1 0.01171875 0.0 0.03125 0.01171875 0.0203125 5
stats: {cpu,"tsung_controller@jarvis"} 1 0.26538607354985466 0.0 45.42987639791385 0.22675736961451248 9.327780025784758 5
stats: session 885 1014.049472316383 1000.7585799195896 8765.975 11.812 1006.8206094079096 4273
stats: users_count 884 5235
stats: finish_users_count 885 5158
stats: request 877 17.501191562143696 11.160566218262439 90.892 7.652 17.918005187455787 4241
stats: connect 877 0.4793762827822119 0.06856429476171177 4.243 0.321 0.49918929750117863 4242
stats: page 877 17.501191562143696 11.160566218262439 90.892 7.652 17.918005187455787 4241
stats: 200 877 5118
stats: size_rcv 225715 1317265
stats: size_sent 54374 317378
stats: connected -1 1
# stats: dump at 1516792475
stats: users 99 116
stats: {freemem,"tsung_controller@jarvis"} 1 3994.5234375 0.0 4002.9296875 3994.5234375 3998.3997395833335 6
stats: {load,"tsung_controller@jarvis"} 1 0.01171875 0.0 0.03125 0.01171875 0.018880208333333332 6
stats: {cpu,"tsung_controller@jarvis"} 1 0.30337504740235116 0.0 45.42987639791385 0.22675736961451248 7.817381033745608 6
stats: session 884 982.0817952488691 943.5347325261348 8765.975 11.812 1008.0609241954239 5158
stats: users_count 906 6141
stats: finish_users_count 884 6042
stats: page 898 22.041120267260602 14.968254186175889 90.892 7.652 17.846581672528334 5118
stats: request 898 22.041120267260602 14.968254186175889 90.892 7.652 17.846581672528334 5118
stats: connect 897 0.5154358974358982 0.06438066630669705 4.243 0.32 0.495794881812854 5119
stats: 200 898 6016
stats: size_rcv 231025 1548290
stats: size_sent 55614 372992
stats: connected -1 0
# stats: dump at 1516792485
stats: users 88 116
stats: {freemem,"tsung_controller@jarvis"} 1 3994.3828125 0.0 4002.9296875 3994.3828125 3997.8459821428573 7
stats: {load,"tsung_controller@jarvis"} 1 0.01171875 0.0 0.03125 0.01171875 0.017857142857142856 7
stats: {cpu,"tsung_controller@jarvis"} 1 0.2526209422761147 0.0 45.42987639791385 0.22675736961451248 6.743951607125142 7
stats: session 903 990.0540897009978 977.4636439254753 8765.975 11.812 1004.2599394240312 6042
stats: users_count 892 7033
stats: finish_users_count 903 6945
stats: request 898 15.892505567928755 9.440853925723612 90.892 7.652 18.47269464760639 6016
stats: connect 898 0.526898663697104 0.06705102084888784 4.243 0.32 0.49872340425531925 6016
stats: page 898 15.892505567928755 9.440853925723612 90.892 7.652 18.47269464760639 6016
stats: 200 898 6914
stats: size_rcv 231219 1779509
stats: size_sent 55676 428668
stats: connected 0 0
# stats: dump at 1516792495
stats: users 80 116
stats: {freemem,"tsung_controller@jarvis"} 1 3993.23828125 0.0 4002.9296875 3993.23828125 3997.4130859375 8
stats: {load,"tsung_controller@jarvis"} 1 0.01171875 0.0 0.03125 0.01171875 0.01708984375 8
stats: {cpu,"tsung_controller@jarvis"} 1 0.25192089683839275 0.0 45.42987639791385 0.22675736961451248 5.932535274019014 8
stats: session 884 954.6689524886878 954.6175834778444 8765.975 11.812 1002.4128721382286 6945
stats: users_count 876 7909
stats: finish_users_count 884 7829
stats: request 884 16.23861199095021 8.719326164725675 90.892 7.652 18.13757607752387 6914
stats: connect 887 0.5191724915445319 0.07641889400229518 4.243 0.32 0.5023828463986115 6914
stats: page 884 16.23861199095021 8.719326164725675 90.892 7.652 18.13757607752387 6914
stats: 200 884 7798
stats: size_rcv 227583 2007092
stats: size_sent 54994 483662
stats: connected 3 3
# stats: dump at 1516792505
stats: users 93 116
stats: {freemem,"tsung_controller@jarvis"} 1 3993.16015625 0.0 4002.9296875 3993.16015625 3996.94921875 9
stats: {load,"tsung_controller@jarvis"} 1 0.0 0.0 0.03125 0.0 0.016493055555555556 9
stats: {cpu,"tsung_controller@jarvis"} 1 0.4408060453400504 0.0 45.42987639791385 0.22675736961451248 5.301355898776723 9
stats: session 902 1006.3748192904657 946.7555728769705 8765.975 11.812 997.021937795376 7829
stats: users_count 915 8824
stats: finish_users_count 902 8731
stats: request 907 17.25638368246969 9.902928809166756 90.892 7.652 17.92230494998718 7798
stats: connect 904 0.5132157079646033 0.0871181360023075 4.243 0.32 0.5042918856556852 7801
stats: page 907 17.25638368246969 9.902928809166756 90.892 7.652 17.92230494998718 7798
stats: 200 907 8705
stats: size_rcv 233425 2240517
stats: size_sent 56048 539710
stats: connected -3 0
# stats: dump at 1516792515
stats: users 107 116
stats: {freemem,"tsung_controller@jarvis"} 1 3992.12890625 0.0 4002.9296875 3992.12890625 3996.5703125 10
stats: {load,"tsung_controller@jarvis"} 1 0.0 0.0 0.03125 0.0 0.01484375 10
stats: {cpu,"tsung_controller@jarvis"} 1 0.2518257365902795 0.0 45.42987639791385 0.22675736961451248 4.815300913433056 10
stats: session 920 1004.9940315217383 1005.4470391437497 8765.975 11.812 997.988184400412 8731
stats: users_count 934 9758
stats: finish_users_count 920 9651
stats: request 919 16.391231773666966 8.621412538721293 90.892 7.652 17.852920620333144 8705
stats: connect 919 0.4607072905331881 0.06459545375205243 4.243 0.314 0.5052186099942564 8705
stats: page 919 16.391231773666966 8.621412538721293 90.892 7.652 17.852920620333144 8705
stats: 200 919 9624
stats: size_rcv 236506 2477023
stats: size_sent 56978 596688
stats: connected 0 0
# stats: dump at 1516792525
stats: users 102 116
stats: {freemem,"tsung_controller@jarvis"} 1 3992.12890625 0.0 4002.9296875 3992.12890625 3996.1665482954545 11
stats: {load,"tsung_controller@jarvis"} 1 0.0 0.0 0.03125 0.0 0.013494318181818182 11
stats: {cpu,"tsung_controller@jarvis"} 1 0.32873941079782526 0.0 45.42987639791385 0.22675736961451248 4.400439533720076 11
stats: session 942 1039.5097919320576 1047.3418834011502 8765.975 11.812 998.6560301523156 9651
stats: users_count 937 10695
stats: finish_users_count 942 10593
stats: request 950 22.673915789473703 14.68479457732289 90.892 7.652 17.71334330839567 9624
stats: page 950 22.673915789473703 14.68479457732289 90.892 7.652 17.71334330839567 9624
stats: connect 952 0.4782846638655456 0.06710030945911402 4.243 0.314 0.5009682044887782 9624
stats: 200 950 10574
stats: size_rcv 244327 2721350
stats: size_sent 59024 655712
stats: connected 2 2
# stats: dump at 1516792535
stats: users 90 116
stats: {freemem,"tsung_controller@jarvis"} 1 3992.16796875 0.0 4002.9296875 3992.12890625 3995.830078125 12
stats: {load,"tsung_controller@jarvis"} 1 0.0 0.0 0.03125 0.0 0.012369791666666666 12
stats: {cpu,"tsung_controller@jarvis"} 1 0.25217500945656285 0.0 45.42987639791385 0.22675736961451248 4.061131190143221 12
stats: session 902 1033.9600964523313 989.2811204521432 8765.975 11.812 1002.2890183139805 10593
stats: users_count 890 11585
stats: finish_users_count 902 11495
stats: page 901 18.790299667036624 11.174769727909297 90.892 7.652 18.159016077170417 10574
stats: request 901 18.790299667036624 11.174769727909297 90.892 7.652 18.159016077170417 10574
stats: connect 900 0.48113 0.06720477653328585 4.243 0.314 0.4989263426626324 10576
stats: 200 901 11475
stats: size_rcv 231795 2953145
stats: size_sent 55800 711512
stats: connected -1 1
# stats: dump at 1516792545
stats: users 87 116
stats: {freemem,"tsung_controller@jarvis"} 1 3991.9609375 0.0 4002.9296875 3991.9609375 3995.548377403846 13
stats: {load,"tsung_controller@jarvis"} 1 0.0 0.0 0.03125 0.0 0.01141826923076923 13
stats: {cpu,"tsung_controller@jarvis"} 1 0.39136472667592476 0.0 45.42987639791385 0.22675736961451248 3.7681345608596315 13
stats: session 921 1045.546871878395 1048.2244262910692 8765.975 11.812 1004.7742129621573 11495
stats: users_count 918 12503
stats: finish_users_count 921 12416
stats: connect 916 0.4735283842794759 0.08043842923248463 4.243 0.314 0.49753067270826073 11476
stats: request 916 16.011397379912665 8.563841199925863 90.892 7.652 18.208583529411765 11475
stats: 200 916 12391
stats: page 916 16.011397379912665 8.563841199925863 90.892 7.652 18.208583529411765 11475
stats: size_rcv 235802 3188947
stats: size_sent 56792 768304
stats: connected 1 2
# stats: dump at 1516792555
stats: users 88 116
stats: {freemem,"tsung_controller@jarvis"} 1 3992.6171875 0.0 4002.9296875 3991.9609375 3995.2921316964284 14
stats: {load,"tsung_controller@jarvis"} 1 0.0 0.0 0.03125 0.0 0.010602678571428572 14
stats: {cpu,"tsung_controller@jarvis"} 1 0.3536693191865605 0.0 45.42987639791385 0.22675736961451248 3.526936715560795 14
stats: session 878 995.759927107061 1009.9162347661031 8765.975 11.812 1007.798666800902 12416
stats: users_count 879 13382
stats: finish_users_count 878 13294
stats: connect 890 0.4816393258426969 0.07316996700460941 4.243 0.314 0.49575645577792127 12392
stats: request 891 16.377648709315388 9.360946808799762 90.892 7.652 18.046157372286338 12391
stats: page 891 16.377648709315388 9.360946808799762 90.892 7.652 18.046157372286338 12391
stats: 200 891 13282
stats: size_rcv 229358 3418305
stats: size_sent 55180 823484
stats: connected -1 1
# stats: dump at 1516792565
stats: users 87 116
stats: {freemem,"tsung_controller@jarvis"} 1 3992.42578125 0.0 4002.9296875 3991.9609375 3995.113802083333 15
stats: {load,"tsung_controller@jarvis"} 1 0.0 0.0 0.03125 0.0 0.009895833333333333 15
stats: {cpu,"tsung_controller@jarvis"} 1 0.31573629704470824 0.0 45.42987639791385 0.22675736961451248 3.315385555802513 15
stats: session 827 969.1593579201934 977.2134687205771 8765.975 11.739 1007.0035702572588 13294
stats: users_count 826 14208
stats: finish_users_count 827 14121
stats: request 823 14.4396063183475 7.3138049670833825 90.892 7.652 17.934228354163533 13282
stats: connect 823 0.48261117861482317 0.07489791819298901 4.243 0.314 0.49481049540731825 13282
stats: 200 823 14105
stats: page 823 14.4396063183475 7.3138049670833825 90.892 7.652 17.934228354163533 13282
stats: size_rcv 211947 3630252
stats: size_sent 51026 874510
stats: connected -1 0
# stats: dump at 1516792575
stats: users 93 116
stats: {freemem,"tsung_controller@jarvis"} 1 3991.0859375 0.0 4002.9296875 3991.0859375 3994.94580078125 16
stats: {load,"tsung_controller@jarvis"} 1 0.0 0.0 0.03125 0.0 0.00927734375 16
stats: {cpu,"tsung_controller@jarvis"} 1 0.27784794139934327 0.0 45.42987639791385 0.22675736961451248 3.12790747713015 16
stats: session 864 1017.4235925925922 993.2878844647493 8765.975 10.986 1004.7872142199561 14121
stats: users_count 870 15078
stats: finish_users_count 864 14985
stats: request 868 16.11468894009215 8.633174110976256 90.892 7.652 17.73032378589153 14105
stats: connect 870 0.49467931034482704 0.0767642871316782 4.243 0.314 0.49409868840836585 14105
stats: page 868 16.11468894009215 8.633174110976256 90.892 7.652 17.73032378589153 14105
stats: 200 868 14973
stats: size_rcv 223430 3853682
stats: size_sent 53940 928450
stats: connected 2 2
# stats: dump at 1516792585
stats: users 85 116
stats: {freemem,"tsung_controller@jarvis"} 1 3991.5 0.0 4002.9296875 3991.0859375 3994.71875 17
stats: {load,"tsung_controller@jarvis"} 1 0.0 0.0 0.03125 0.0 0.008731617647058824 17
stats: {cpu,"tsung_controller@jarvis"} 1 0.2652854977261243 0.0 45.42987639791385 0.22675736961451248 2.9602569162048087 17
stats: session 862 998.0867343387473 1039.4981144533033 8765.975 10.986 1005.5157981981981 14985
stats: users_count 854 15932
stats: finish_users_count 862 15847
stats: request 861 16.031078977932598 9.222985000599785 90.892 7.652 17.6366637948307 14973
stats: connect 859 0.4895343422584395 0.06770460506520488 4.243 0.314 0.4941324207011686 14975
stats: page 861 16.031078977932598 9.222985000599785 90.892 7.652 17.6366637948307 14973
stats: 200 861 15834
stats: size_rcv 221634 4075316
stats: size_sent 53258 981708
stats: connected -2 0
# stats: dump at 1516792592
stats: users 0 116
stats: {freemem,"tsung_controller@jarvis"} 1 3991.75 0.0 4002.9296875 3991.0859375 3994.5399305555557 18
stats: {load,"tsung_controller@jarvis"} 1 0.0 0.0 0.03125 0.0 0.008246527777777778 18
stats: {cpu,"tsung_controller@jarvis"} 1 0.4791325179674694 0.0 45.42987639791385 0.22675736961451248 2.8105362818448816 18
stats: session 166 1481.6186867469885 1315.0029428720597 8765.975 10.986 1005.1116931280369 15847
stats: users_count 81 16013
stats: finish_users_count 166 16013
stats: request 179 13.010458100558656 5.810548384410378 90.892 7.652 17.54935745863332 15834
stats: connect 179 0.605782122905028 0.18709216356982009 4.243 0.314 0.4938829733484905 15834
stats: page 179 13.010458100558656 5.810548384410378 90.892 7.652 17.54935745863332 15834
stats: 200 179 16013
stats: size_rcv 46100 4121416
stats: size_sent 11098 992806
stats: connected 0 0
EndMonitor:{1516,792592,529279}
