
	title is " rate", offset at (character 0, 0, 0)


	title is " mean", offset at (character 0, 0, 0)


	title is " stddev", offset at (character 0, 0, 0)


	title is " max_sample", offset at (character 0, 0, 0)


	title is " min_sample", offset at (character 0, 0, 0)

Warning: empty y range [22.053:22.053], adjusting to [21.8325:22.2735]

	title is " rate", offset at (character 0, 0, 0)


	title is " mean", offset at (character 0, 0, 0)


	title is " stddev", offset at (character 0, 0, 0)


	title is " max_sample", offset at (character 0, 0, 0)


	title is " min_sample", offset at (character 0, 0, 0)

Warning: empty y range [22.053:22.053], adjusting to [21.8325:22.2735]

	title is " HTTP Code Response rate", offset at (character 0, 0, 0)


	title is " total", offset at (character 0, 0, 0)


	title is " HTTP Code Response rate", offset at (character 0, 0, 0)


	title is " total", offset at (character 0, 0, 0)


	title is " Request and tcp/udp connection rate", offset at (character 0, 0, 0)


	title is " Mean request (and connection) duration", offset at (character 0, 0, 0)


	title is " stddev", offset at (character 0, 0, 0)


	title is " max_sample", offset at (character 0, 0, 0)


	title is " min_sample", offset at (character 0, 0, 0)


	title is " Request and tcp/udp connection rate", offset at (character 0, 0, 0)


	title is " Mean request (and connection) duration", offset at (character 0, 0, 0)


	title is " stddev", offset at (character 0, 0, 0)


	title is " max_sample", offset at (character 0, 0, 0)


	title is " min_sample", offset at (character 0, 0, 0)


	title is " Transaction and page rate", offset at (character 0, 0, 0)


	title is " Mean transaction and page duration", offset at (character 0, 0, 0)


	title is " stddev", offset at (character 0, 0, 0)


	title is " max_sample", offset at (character 0, 0, 0)


	title is " min_sample", offset at (character 0, 0, 0)


	title is " Transaction and page rate", offset at (character 0, 0, 0)


	title is " Mean transaction and page duration", offset at (character 0, 0, 0)


	title is " stddev", offset at (character 0, 0, 0)


	title is " max_sample", offset at (character 0, 0, 0)


	title is " min_sample", offset at (character 0, 0, 0)


	title is " rate", offset at (character 0, 0, 0)


	title is " total", offset at (character 0, 0, 0)


	title is " rate", offset at (character 0, 0, 0)


	title is " total", offset at (character 0, 0, 0)


	title is " Simultaneous users and opened TCP/UDP connections", offset at (character 0, 0, 0)


	title is " maximum_simultaneous", offset at (character 0, 0, 0)


	title is " Simultaneous users and opened TCP/UDP connections", offset at (character 0, 0, 0)


	title is " maximum_simultaneous", offset at (character 0, 0, 0)


	title is " Users arrival/departure rate", offset at (character 0, 0, 0)


	title is " Total users", offset at (character 0, 0, 0)


	title is " Users arrival/departure rate", offset at (character 0, 0, 0)


	title is " Total users", offset at (character 0, 0, 0)


	title is " Network throughput", offset at (character 0, 0, 0)


	title is " Total send/receive bytes", offset at (character 0, 0, 0)


	title is " Network throughput", offset at (character 0, 0, 0)


	title is " Total send/receive bytes", offset at (character 0, 0, 0)


	title is " rate", offset at (character 0, 0, 0)

Warning: empty y range [0.1:0.1], adjusting to [0.099:0.101]

	title is " mean", offset at (character 0, 0, 0)


	title is " stddev", offset at (character 0, 0, 0)

Warning: empty y range [0:0], adjusting to [-1:1]

	title is " max_sample", offset at (character 0, 0, 0)

Warning: empty y range [44.9771:44.9771], adjusting to [44.5273:45.4268]

	title is " min_sample", offset at (character 0, 0, 0)


	title is " rate", offset at (character 0, 0, 0)

Warning: empty y range [0.1:0.1], adjusting to [0.099:0.101]

	title is " mean", offset at (character 0, 0, 0)


	title is " stddev", offset at (character 0, 0, 0)

Warning: empty y range [0:0], adjusting to [-1:1]

	title is " max_sample", offset at (character 0, 0, 0)

Warning: empty y range [44.9771:44.9771], adjusting to [44.5273:45.4268]

	title is " min_sample", offset at (character 0, 0, 0)


	title is " rate", offset at (character 0, 0, 0)

Warning: empty y range [0.1:0.1], adjusting to [0.099:0.101]

	title is " mean", offset at (character 0, 0, 0)


	title is " stddev", offset at (character 0, 0, 0)

Warning: empty y range [0:0], adjusting to [-1:1]

	title is " max_sample", offset at (character 0, 0, 0)

Warning: empty y range [4011.38:4011.38], adjusting to [3971.27:4051.49]

	title is " min_sample", offset at (character 0, 0, 0)


	title is " rate", offset at (character 0, 0, 0)

Warning: empty y range [0.1:0.1], adjusting to [0.099:0.101]

	title is " mean", offset at (character 0, 0, 0)


	title is " stddev", offset at (character 0, 0, 0)

Warning: empty y range [0:0], adjusting to [-1:1]

	title is " max_sample", offset at (character 0, 0, 0)

Warning: empty y range [4011.38:4011.38], adjusting to [3971.27:4051.49]

	title is " min_sample", offset at (character 0, 0, 0)


	title is " rate", offset at (character 0, 0, 0)

Warning: empty y range [0.1:0.1], adjusting to [0.099:0.101]

	title is " mean", offset at (character 0, 0, 0)


	title is " stddev", offset at (character 0, 0, 0)

Warning: empty y range [0:0], adjusting to [-1:1]

	title is " max_sample", offset at (character 0, 0, 0)


	title is " min_sample", offset at (character 0, 0, 0)

Warning: empty y range [0:0], adjusting to [-1:1]

	title is " rate", offset at (character 0, 0, 0)

Warning: empty y range [0.1:0.1], adjusting to [0.099:0.101]

	title is " mean", offset at (character 0, 0, 0)


	title is " stddev", offset at (character 0, 0, 0)

Warning: empty y range [0:0], adjusting to [-1:1]

	title is " max_sample", offset at (character 0, 0, 0)


	title is " min_sample", offset at (character 0, 0, 0)

Warning: empty y range [0:0], adjusting to [-1:1]

	title is " rate", offset at (character 0, 0, 0)


	title is " mean", offset at (character 0, 0, 0)


	title is " stddev", offset at (character 0, 0, 0)


	title is " max_sample", offset at (character 0, 0, 0)


	title is " min_sample", offset at (character 0, 0, 0)

Warning: empty y range [22.053:22.053], adjusting to [21.8325:22.2735]

	title is " rate", offset at (character 0, 0, 0)


	title is " mean", offset at (character 0, 0, 0)


	title is " stddev", offset at (character 0, 0, 0)


	title is " max_sample", offset at (character 0, 0, 0)


	title is " min_sample", offset at (character 0, 0, 0)

Warning: empty y range [22.053:22.053], adjusting to [21.8325:22.2735]

	title is " HTTP Code Response rate", offset at (character 0, 0, 0)


	title is " total", offset at (character 0, 0, 0)


	title is " HTTP Code Response rate", offset at (character 0, 0, 0)


	title is " total", offset at (character 0, 0, 0)


	title is " Request and tcp/udp connection rate", offset at (character 0, 0, 0)


	title is " Mean request (and connection) duration", offset at (character 0, 0, 0)


	title is " stddev", offset at (character 0, 0, 0)


	title is " max_sample", offset at (character 0, 0, 0)


	title is " min_sample", offset at (character 0, 0, 0)


	title is " Request and tcp/udp connection rate", offset at (character 0, 0, 0)


	title is " Mean request (and connection) duration", offset at (character 0, 0, 0)


	title is " stddev", offset at (character 0, 0, 0)


	title is " max_sample", offset at (character 0, 0, 0)


	title is " min_sample", offset at (character 0, 0, 0)


	title is " Transaction and page rate", offset at (character 0, 0, 0)


	title is " Mean transaction and page duration", offset at (character 0, 0, 0)


	title is " stddev", offset at (character 0, 0, 0)


	title is " max_sample", offset at (character 0, 0, 0)


	title is " min_sample", offset at (character 0, 0, 0)


	title is " Transaction and page rate", offset at (character 0, 0, 0)


	title is " Mean transaction and page duration", offset at (character 0, 0, 0)


	title is " stddev", offset at (character 0, 0, 0)


	title is " max_sample", offset at (character 0, 0, 0)


	title is " min_sample", offset at (character 0, 0, 0)


	title is " rate", offset at (character 0, 0, 0)


	title is " total", offset at (character 0, 0, 0)


	title is " rate", offset at (character 0, 0, 0)


	title is " total", offset at (character 0, 0, 0)


	title is " Simultaneous users and opened TCP/UDP connections", offset at (character 0, 0, 0)


	title is " maximum_simultaneous", offset at (character 0, 0, 0)


	title is " Simultaneous users and opened TCP/UDP connections", offset at (character 0, 0, 0)


	title is " maximum_simultaneous", offset at (character 0, 0, 0)


	title is " Users arrival/departure rate", offset at (character 0, 0, 0)


	title is " Total users", offset at (character 0, 0, 0)


	title is " Users arrival/departure rate", offset at (character 0, 0, 0)


	title is " Total users", offset at (character 0, 0, 0)


	title is " Network throughput", offset at (character 0, 0, 0)


	title is " Total send/receive bytes", offset at (character 0, 0, 0)


	title is " Network throughput", offset at (character 0, 0, 0)


	title is " Total send/receive bytes", offset at (character 0, 0, 0)


	title is " rate", offset at (character 0, 0, 0)

Warning: empty y range [0.1:0.1], adjusting to [0.099:0.101]

	title is " mean", offset at (character 0, 0, 0)


	title is " stddev", offset at (character 0, 0, 0)

Warning: empty y range [0:0], adjusting to [-1:1]

	title is " max_sample", offset at (character 0, 0, 0)

Warning: empty y range [44.9771:44.9771], adjusting to [44.5273:45.4268]

	title is " min_sample", offset at (character 0, 0, 0)


	title is " rate", offset at (character 0, 0, 0)

Warning: empty y range [0.1:0.1], adjusting to [0.099:0.101]

	title is " mean", offset at (character 0, 0, 0)


	title is " stddev", offset at (character 0, 0, 0)

Warning: empty y range [0:0], adjusting to [-1:1]

	title is " max_sample", offset at (character 0, 0, 0)

Warning: empty y range [44.9771:44.9771], adjusting to [44.5273:45.4268]

	title is " min_sample", offset at (character 0, 0, 0)


	title is " rate", offset at (character 0, 0, 0)

Warning: empty y range [0.1:0.1], adjusting to [0.099:0.101]

	title is " mean", offset at (character 0, 0, 0)


	title is " stddev", offset at (character 0, 0, 0)

Warning: empty y range [0:0], adjusting to [-1:1]

	title is " max_sample", offset at (character 0, 0, 0)

Warning: empty y range [4011.38:4011.38], adjusting to [3971.27:4051.49]

	title is " min_sample", offset at (character 0, 0, 0)


	title is " rate", offset at (character 0, 0, 0)

Warning: empty y range [0.1:0.1], adjusting to [0.099:0.101]

	title is " mean", offset at (character 0, 0, 0)


	title is " stddev", offset at (character 0, 0, 0)

Warning: empty y range [0:0], adjusting to [-1:1]

	title is " max_sample", offset at (character 0, 0, 0)

Warning: empty y range [4011.38:4011.38], adjusting to [3971.27:4051.49]

	title is " min_sample", offset at (character 0, 0, 0)


	title is " rate", offset at (character 0, 0, 0)

Warning: empty y range [0.1:0.1], adjusting to [0.099:0.101]

	title is " mean", offset at (character 0, 0, 0)


	title is " stddev", offset at (character 0, 0, 0)

Warning: empty y range [0:0], adjusting to [-1:1]

	title is " max_sample", offset at (character 0, 0, 0)


	title is " min_sample", offset at (character 0, 0, 0)

Warning: empty y range [0:0], adjusting to [-1:1]

	title is " rate", offset at (character 0, 0, 0)

Warning: empty y range [0.1:0.1], adjusting to [0.099:0.101]

	title is " mean", offset at (character 0, 0, 0)


	title is " stddev", offset at (character 0, 0, 0)

Warning: empty y range [0:0], adjusting to [-1:1]

	title is " max_sample", offset at (character 0, 0, 0)


	title is " min_sample", offset at (character 0, 0, 0)

Warning: empty y range [0:0], adjusting to [-1:1]
