# stats: dump at 1517251201
stats: users 45 45
stats: {freemem,"tsung_controller@jarvis"} 1 2850.51953125 0 2850.51953125 2850.51953125 0 0
stats: {load,"tsung_controller@jarvis"} 1 0.3203125 0 0.3203125 0.3203125 0 0
stats: {cpu,"tsung_controller@jarvis"} 1 1.8923310820969974 0 1.8923310820969974 1.8923310820969974 0 0
stats: users_count 45 45
stats: finish_users_count 0 0
stats: request 160 815.0102375000001 791.9875961176058 4286.783 50.934 0 0
stats: connect 49 1.258979591836735 2.6248224856580604 13.991 0.421 0 0
stats: page 160 815.0102375000001 791.9875961176058 4286.783 50.934 0 0
stats: tr_loopTransaction 160 815.2030062499999 791.9693818682205 4286.918 51.163 0 0
stats: 200 160 160
stats: size_rcv 40916 40916
stats: size_sent 26208 26208
stats: connected 43 43
# stats: dump at 1517251211
stats: users 45 45
stats: {freemem,"tsung_controller@jarvis"} 1 2939.859375 0.0 2939.859375 2850.51953125 2850.51953125 1
stats: {load,"tsung_controller@jarvis"} 1 0.3515625 0.0 0.3515625 0.3203125 0.3203125 1
stats: {cpu,"tsung_controller@jarvis"} 1 2.5910627112279387 0.0 2.5910627112279387 1.8923310820969974 1.8923310820969974 1
stats: users_count 0 45
stats: finish_users_count 0 0
stats: request 182 455.96191758241775 235.36857379250858 4286.783 50.934 815.0102375000001 160
stats: connect 15 0.8404 0.09645917962191743 13.991 0.421 1.258979591836735 49
stats: page 182 455.96191758241775 235.36857379250858 4286.783 50.934 815.0102375000001 160
stats: tr_loopTransaction 182 456.1281868131867 235.36502141956697 4286.918 51.163 815.2030062499999 160
stats: 200 182 342
stats: size_rcv 46588 87504
stats: size_sent 29328 55536
stats: connected -2 41
# stats: dump at 1517251221
stats: users 45 45
stats: {freemem,"tsung_controller@jarvis"} 1 2940.8359375 0.0 2940.8359375 2850.51953125 2895.189453125 2
stats: {load,"tsung_controller@jarvis"} 1 0.44921875 0.0 0.44921875 0.3203125 0.3359375 2
stats: {cpu,"tsung_controller@jarvis"} 1 0.8999999999999999 0.0 2.5910627112279387 0.8999999999999999 2.241696896662468 2
stats: users_count 0 45
stats: finish_users_count 0 0
stats: request 196 491.2731836734692 202.68891523393964 4286.783 50.934 623.937739766082 342
stats: connect 13 0.788 0.1749413088394549 13.991 0.421 1.1608750000000003 64
stats: page 196 491.2731836734692 202.68891523393964 4286.783 50.934 623.937739766082 342
stats: tr_loopTransaction 196 491.4458418367352 202.68639921445373 4286.918 51.16 624.1164064327484 342
stats: 200 196 538
stats: size_rcv 50154 137658
stats: size_sent 29640 85176
stats: connected 3 44
# stats: dump at 1517251231
stats: users 45 45
stats: {freemem,"tsung_controller@jarvis"} 1 2940.5234375 0.0 2940.8359375 2850.51953125 2910.4049479166665 3
stats: {load,"tsung_controller@jarvis"} 1 0.44921875 0.0 0.44921875 0.3203125 0.3736979166666667 3
stats: {cpu,"tsung_controller@jarvis"} 1 1.0237203495630463 0.0 2.5910627112279387 0.8999999999999999 1.7944645977749787 3
stats: users_count 0 45
stats: finish_users_count 0 0
stats: request 183 314.96299999999985 164.72497603681072 4286.783 50.934 575.6064144981414 538
stats: connect 18 0.7221666666666667 0.15070694520603 13.991 0.421 1.0979220779220782 77
stats: page 183 314.96299999999985 164.72497603681072 4286.783 50.934 575.6064144981414 538
stats: tr_loopTransaction 183 315.13667213114735 164.72001545262245 4286.918 51.16 575.7828921933085 538
stats: 200 183 721
stats: size_rcv 46844 184502
stats: size_sent 29328 114504
stats: connected 0 44
# stats: dump at 1517251241
stats: users 45 45
stats: {freemem,"tsung_controller@jarvis"} 1 2917.91015625 0.0 2940.8359375 2850.51953125 2917.9345703125 4
stats: {load,"tsung_controller@jarvis"} 1 0.37890625 0.0 0.44921875 0.3203125 0.392578125 4
stats: {cpu,"tsung_controller@jarvis"} 1 3.092269326683292 0.0 3.092269326683292 0.8999999999999999 1.6017785357219956 4
stats: users_count 0 45
stats: finish_users_count 0 0
stats: request 178 316.8987977528088 251.7849212761067 4286.783 50.934 509.4514285714286 721
stats: connect 16 0.8503750000000001 0.19159686681937155 13.991 0.421 1.026726315789474 95
stats: page 178 316.8987977528088 251.7849212761067 4286.783 50.934 509.4514285714286 721
stats: tr_loopTransaction 178 317.0778033707865 251.7787090743956 4286.918 51.084 509.6271941747572 721
stats: 200 178 899
stats: size_rcv 45592 230094
stats: size_sent 25896 140400
stats: connected -8 36
# stats: dump at 1517251251
stats: users 45 45
stats: {freemem,"tsung_controller@jarvis"} 1 2916.6953125 0.0 2940.8359375 2850.51953125 2917.9296875 5
stats: {load,"tsung_controller@jarvis"} 1 0.3203125 0.0 0.44921875 0.3203125 0.38984375 5
stats: {cpu,"tsung_controller@jarvis"} 1 2.460961898813242 0.0 3.092269326683292 0.8999999999999999 1.8998766939142548 5
stats: users_count 0 45
stats: finish_users_count 0 0
stats: request 188 371.41528723404275 227.5315770091919 4286.783 50.934 471.3264360400445 899
stats: connect 20 0.8558000000000001 0.14986947654542598 13.991 0.421 1.0013063063063066 111
stats: page 188 371.41528723404275 227.5315770091919 4286.783 50.934 471.3264360400445 899
stats: tr_loopTransaction 188 371.60548936170215 227.54192594142492 4286.918 51.084 471.50284315906555 899
stats: 200 188 1087
stats: size_rcv 48124 278218
stats: size_sent 29484 169884
stats: connected 4 40
# stats: dump at 1517251261
stats: users 45 45
stats: {freemem,"tsung_controller@jarvis"} 1 2928.46484375 0.0 2940.8359375 2850.51953125 2917.7239583333335 6
stats: {load,"tsung_controller@jarvis"} 1 0.3515625 0.0 0.44921875 0.3203125 0.3782552083333333 6
stats: {cpu,"tsung_controller@jarvis"} 1 2.11408556417313 0.0 3.092269326683292 0.8999999999999999 1.9933908947307526 6
stats: users_count 0 45
stats: finish_users_count 0 0
stats: request 184 423.26497282608653 179.7206094518786 4286.783 50.934 454.0464949402024 1087
stats: connect 18 0.9319999999999999 0.12182455508731486 13.991 0.421 0.9790916030534353 131
stats: page 184 423.26497282608653 179.7206094518786 4286.783 50.934 454.0464949402024 1087
stats: tr_loopTransaction 184 423.4468913043479 179.72654775304426 4286.918 51.084 454.225287948482 1087
stats: 200 184 1271
stats: size_rcv 47098 325316
stats: size_sent 30732 200616
stats: connected 1 41
# stats: dump at 1517251271
stats: users 45 45
stats: {freemem,"tsung_controller@jarvis"} 1 2927.96484375 0.0 2940.8359375 2850.51953125 2919.258370535714 7
stats: {load,"tsung_controller@jarvis"} 1 0.2890625 0.0 0.44921875 0.2890625 0.3744419642857143 7
stats: {cpu,"tsung_controller@jarvis"} 1 1.5632816408204104 0.0 3.092269326683292 0.8999999999999999 2.010632990365378 7
stats: users_count 0 45
stats: finish_users_count 0 0
stats: request 189 431.1252010582013 232.35758329226078 4286.783 50.898 449.5903186467348 1271
stats: connect 18 0.9037222222222222 0.11678175540323807 13.991 0.421 0.9734026845637587 149
stats: page 189 431.1252010582013 232.35758329226078 4286.783 50.898 449.5903186467348 1271
stats: tr_loopTransaction 189 431.3045661375661 232.37744687972824 4286.918 51.005 449.76956412273796 1271
stats: 200 189 1460
stats: size_rcv 48376 373692
stats: size_sent 29172 229788
stats: connected 2 43
# stats: dump at 1517251281
stats: users 45 45
stats: {freemem,"tsung_controller@jarvis"} 1 2928.70703125 0.0 2940.8359375 2850.51953125 2920.3466796875 8
stats: {load,"tsung_controller@jarvis"} 1 0.48828125 0.0 0.48828125 0.2890625 0.36376953125 8
stats: {cpu,"tsung_controller@jarvis"} 1 1.1747063234191453 0.0 3.092269326683292 0.8999999999999999 1.9547140716722569 8
stats: users_count 0 45
stats: finish_users_count 0 0
stats: request 193 491.2585492227979 235.4360181102397 4286.783 50.898 447.1999712328767 1460
stats: connect 17 0.847764705882353 0.10256506079314597 13.991 0.421 0.9658922155688625 167
stats: page 193 491.2585492227979 235.4360181102397 4286.783 50.898 447.1999712328767 1460
stats: tr_loopTransaction 193 491.4337357512954 235.444516208909 4286.918 51.005 447.3792321917808 1460
stats: 200 193 1653
stats: size_rcv 49398 423090
stats: size_sent 29484 259272
stats: connected 0 43
# stats: dump at 1517251291
stats: users 45 45
stats: {freemem,"tsung_controller@jarvis"} 1 2920.6953125 0.0 2940.8359375 2850.51953125 2921.2756076388887 9
stats: {load,"tsung_controller@jarvis"} 1 0.41015625 0.0 0.48828125 0.2890625 0.3776041666666667 9
stats: {cpu,"tsung_controller@jarvis"} 1 1.2115913065201098 0.0 3.092269326683292 0.8999999999999999 1.8680465440885778 9
stats: users_count 0 45
stats: finish_users_count 0 0
stats: request 188 391.37756382978716 148.61551464691428 4286.783 50.898 452.34413672111316 1653
stats: connect 11 0.8508181818181817 0.12795227674397566 13.991 0.421 0.9549782608695654 184
stats: page 188 391.37756382978716 148.61551464691428 4286.783 50.898 452.34413672111316 1653
stats: tr_loopTransaction 188 391.54902127659557 148.61082844262663 4286.918 51.005 452.52292196007255 1653
stats: 200 188 1841
stats: size_rcv 48121 471211
stats: size_sent 29484 288756
stats: connected -1 42
# stats: dump at 1517251301
stats: users 45 45
stats: {freemem,"tsung_controller@jarvis"} 1 2929.125 0.0 2940.8359375 2850.51953125 2921.217578125 10
stats: {load,"tsung_controller@jarvis"} 1 0.3515625 0.0 0.48828125 0.2890625 0.380859375 10
stats: {cpu,"tsung_controller@jarvis"} 1 1.310534198701947 0.0 3.092269326683292 0.8999999999999999 1.802401020331731 10
stats: users_count 0 45
stats: finish_users_count 0 0
stats: request 189 342.39524867724856 154.0291866457726 4286.783 50.898 446.1183269961977 1841
stats: connect 16 0.7525 0.1751602837403502 13.991 0.421 0.9491025641025643 195
stats: page 189 342.39524867724856 154.0291866457726 4286.783 50.898 446.1183269961977 1841
stats: tr_loopTransaction 189 342.5438412698412 154.02636736121949 4286.918 51.005 446.29636393264525 1841
stats: 200 189 2030
stats: size_rcv 48362 519573
stats: size_sent 28704 317460
stats: connected -1 41
# stats: dump at 1517251311
stats: users 45 45
stats: {freemem,"tsung_controller@jarvis"} 1 2902.1171875 0.0 2940.8359375 2850.51953125 2921.936434659091 11
stats: {load,"tsung_controller@jarvis"} 1 0.2890625 0.0 0.48828125 0.2890625 0.3781960227272727 11
stats: {cpu,"tsung_controller@jarvis"} 1 1.921876949956321 0.0 3.092269326683292 0.8999999999999999 1.7576858547290235 11
stats: users_count 0 45
stats: finish_users_count 0 0
stats: request 183 361.67337704918003 195.35443253554314 4286.783 50.898 436.4613507389162 2030
stats: connect 20 0.8309499999999999 0.07513220015412835 13.991 0.421 0.9341943127962087 211
stats: page 183 361.67337704918003 195.35443253554314 4286.783 50.898 436.4613507389162 2030
stats: tr_loopTransaction 183 361.8548907103824 195.35617197070624 4286.918 51.005 436.63664630541865 2030
stats: 200 183 2213
stats: size_rcv 46838 566411
stats: size_sent 29952 347412
stats: connected -1 40
# stats: dump at 1517251312
stats: users 45 45
stats: {freemem,"tsung_controller@jarvis"} 0 0 0 2940.8359375 2850.51953125 2920.2848307291665 12
stats: {load,"tsung_controller@jarvis"} 0 0 0 0.48828125 0.2890625 0.3707682291666667 12
stats: {cpu,"tsung_controller@jarvis"} 0 0 0 3.092269326683292 0.8999999999999999 1.7713684459979648 12
stats: users_count 0 45
stats: finish_users_count 0 0
stats: request 25 699.2093199999998 130.96655977575963 4286.783 50.898 430.27689561680967 2213
stats: connect 2 0.715 0.02200000000000002 13.991 0.421 0.9252554112554114 231
stats: page 25 699.2093199999998 130.96655977575963 4286.783 50.898 430.27689561680967 2213
stats: tr_loopTransaction 25 699.37516 130.96435676219082 4286.918 51.005 430.4527053773158 2213
stats: 200 25 2238
stats: size_rcv 6397 572808
stats: size_sent 1872 349284
stats: connected 2 42
stats: error_abort 1 1
EndMonitor:{1517,251312,722868}
