# stats: dump at 1517145050
stats: users 25 25
stats: {freemem,"tsung_controller@jarvis"} 1 5460.29296875 0 5460.29296875 5460.29296875 0 0
stats: {load,"tsung_controller@jarvis"} 1 0.19140625 0 0.19140625 0.19140625 0 0
stats: {cpu,"tsung_controller@jarvis"} 1 1.9212467952935088 0 1.9212467952935088 1.9212467952935088 0 0
stats: users_count 25 25
stats: finish_users_count 0 0
stats: request 112 274.50014285714275 472.11283013894155 2769.851 50.815 0 0
stats: connect 26 1.3338846153846158 2.871409802852452 15.681 0.554 0 0
stats: page 112 274.50014285714275 472.11283013894155 2769.851 50.815 0 0
stats: tr_busyWait 112 274.7550803571429 472.12013613945936 2770.025 50.911 0 0
stats: 200 112 112
stats: size_rcv 28713 28713
stats: size_sent 7006 7006
stats: connected 24 24
# stats: dump at 1517145060
stats: users 25 25
stats: {freemem,"tsung_controller@jarvis"} 1 5459.58203125 0.0 5460.29296875 5459.58203125 5460.29296875 1
stats: {load,"tsung_controller@jarvis"} 1 0.16015625 0.0 0.19140625 0.16015625 0.19140625 1
stats: {cpu,"tsung_controller@jarvis"} 1 0.7614530021220821 0.0 1.9212467952935088 0.7614530021220821 1.9212467952935088 1
stats: users_count 0 25
stats: finish_users_count 0 0
stats: request 111 104.5477747747748 73.05680942415677 2769.851 50.778 274.50014285714275 112
stats: connect 8 0.7995000000000001 0.12339165287814247 15.681 0.554 1.3338846153846158 26
stats: page 111 104.5477747747748 73.05680942415677 2769.851 50.778 274.50014285714275 112
stats: tr_busyWait 111 104.77994594594591 73.04911441099962 2770.025 50.911 274.7550803571429 112
stats: 200 111 223
stats: size_rcv 28471 57184
stats: size_sent 7130 14136
stats: connected -5 19
# stats: dump at 1517145070
stats: users 25 25
stats: {freemem,"tsung_controller@jarvis"} 1 5458.24609375 0.0 5460.29296875 5458.24609375 5459.9375 2
stats: {load,"tsung_controller@jarvis"} 1 0.12890625 0.0 0.19140625 0.12890625 0.17578125 2
stats: {cpu,"tsung_controller@jarvis"} 1 0.6868131868131868 0.0 1.9212467952935088 0.6868131868131868 1.3413498987077954 2
stats: users_count 0 25
stats: finish_users_count 0 0
stats: request 121 112.78545454545457 63.727816526923746 2769.851 50.778 189.90501793721967 223
stats: connect 9 0.7632222222222222 0.08510748469210734 15.681 0.554 1.2081470588235297 34
stats: page 121 112.78545454545457 63.727816526923746 2769.851 50.778 189.90501793721967 223
stats: tr_busyWait 121 113.02322314049587 63.72406413352816 2770.025 50.911 190.14862331838563 223
stats: 200 121 344
stats: size_rcv 31029 88213
stats: size_sent 7192 21328
stats: connected 4 23
# stats: dump at 1517145080
stats: users 25 25
stats: {freemem,"tsung_controller@jarvis"} 1 5456.9140625 0.0 5460.29296875 5456.9140625 5459.373697916667 3
stats: {load,"tsung_controller@jarvis"} 1 0.109375 0.0 0.19140625 0.109375 0.16015625 3
stats: {cpu,"tsung_controller@jarvis"} 1 0.6990388216202722 0.0 1.9212467952935088 0.6868131868131868 1.123170994742926 3
stats: users_count 0 25
stats: finish_users_count 0 0
stats: request 115 110.02658260869566 66.17957469281166 2769.851 50.778 162.7786598837209 344
stats: connect 13 0.816923076923077 0.14663059893616576 15.681 0.508 1.1150232558139537 43
stats: page 115 110.02658260869566 66.17957469281166 2769.851 50.778 162.7786598837209 344
stats: tr_busyWait 115 110.24727826086955 66.17066711500127 2770.025 50.911 163.02021220930231 344
stats: 200 115 459
stats: size_rcv 29490 117703
stats: size_sent 7130 28458
stats: connected 1 24
# stats: dump at 1517145090
stats: users 25 25
stats: {freemem,"tsung_controller@jarvis"} 1 5456.828125 0.0 5460.29296875 5456.828125 5458.7587890625 4
stats: {load,"tsung_controller@jarvis"} 1 0.1015625 0.0 0.19140625 0.1015625 0.1474609375 4
stats: {cpu,"tsung_controller@jarvis"} 1 0.6488644871474919 0.0 1.9212467952935088 0.6488644871474919 1.0171379514622625 4
stats: users_count 0 25
stats: finish_users_count 0 0
stats: request 109 102.52644954128442 53.00781422028823 2769.851 50.778 149.56190849673203 459
stats: connect 10 0.8317 0.10059925447039855 15.681 0.508 1.0458214285714287 56
stats: page 109 102.52644954128442 53.00781422028823 2769.851 50.778 149.56190849673203 459
stats: tr_busyWait 109 102.7546788990826 52.9942764340495 2770.025 50.911 149.7982352941176 459
stats: 200 109 568
stats: size_rcv 27955 145658
stats: size_sent 6758 35216
stats: connected -1 23
# stats: dump at 1517145100
stats: users 25 25
stats: {freemem,"tsung_controller@jarvis"} 1 5457.0625 0.0 5460.29296875 5456.828125 5458.37265625 5
stats: {load,"tsung_controller@jarvis"} 1 0.078125 0.0 0.19140625 0.078125 0.13828125 5
stats: {cpu,"tsung_controller@jarvis"} 1 0.7363954068896654 0.0 1.9212467952935088 0.6488644871474919 0.9434832585993084 5
stats: users_count 0 25
stats: finish_users_count 0 0
stats: request 123 131.21515447154462 78.22432286377723 2769.851 50.778 140.53573767605633 568
stats: connect 8 0.9043749999999999 0.20206059579987387 15.681 0.508 1.013378787878788 66
stats: page 123 131.21515447154462 78.22432286377723 2769.851 50.778 140.53573767605633 568
stats: tr_busyWait 123 131.45578048780496 78.23478452548177 2770.025 50.911 140.77051056338027 568
stats: 200 123 691
stats: size_rcv 31527 177185
stats: size_sent 7626 42842
stats: connected 1 24
# stats: dump at 1517145110
stats: users 25 25
stats: {freemem,"tsung_controller@jarvis"} 1 5456.9765625 0.0 5460.29296875 5456.828125 5458.154296875 6
stats: {load,"tsung_controller@jarvis"} 1 0.0703125 0.0 0.19140625 0.0703125 0.12825520833333334 6
stats: {cpu,"tsung_controller@jarvis"} 1 0.5869863869114524 0.0 1.9212467952935088 0.5869863869114524 0.9089686166477012 6
stats: users_count 0 25
stats: finish_users_count 0 0
stats: request 119 108.46316806722692 59.96187083210496 2769.851 50.778 138.87664688856728 691
stats: connect 10 0.7544000000000002 0.08910465756625749 15.681 0.508 1.0015945945945948 74
stats: page 119 108.46316806722692 59.96187083210496 2769.851 50.778 138.87664688856728 691
stats: tr_busyWait 119 108.67813445378148 59.971637132074775 2770.025 50.911 139.11246164978294 691
stats: 200 119 810
stats: size_rcv 30514 207699
stats: size_sent 7378 50220
stats: connected 0 24
# stats: dump at 1517145120
stats: users 25 25
stats: {freemem,"tsung_controller@jarvis"} 1 5457.0 0.0 5460.29296875 5456.828125 5457.986049107143 7
stats: {load,"tsung_controller@jarvis"} 1 0.05859375 0.0 0.19140625 0.05859375 0.11997767857142858 7
stats: {cpu,"tsung_controller@jarvis"} 1 0.5742821473158551 0.0 1.9212467952935088 0.5742821473158551 0.8629711552568086 7
stats: users_count 0 25
stats: finish_users_count 0 0
stats: request 124 124.37648387096775 78.95215411058365 2769.851 50.778 134.40849382716047 810
stats: connect 9 0.8403333333333334 0.07190271204899021 15.681 0.508 0.9721666666666667 84
stats: page 124 124.37648387096775 78.95215411058365 2769.851 50.778 134.40849382716047 810
stats: tr_busyWait 124 124.58762903225805 78.96139716970195 2770.025 50.911 134.64124567901237 810
stats: 200 124 934
stats: size_rcv 31795 239494
stats: size_sent 7688 57908
stats: connected 1 25
# stats: dump at 1517145130
stats: users 25 25
stats: {freemem,"tsung_controller@jarvis"} 1 5456.953125 0.0 5460.29296875 5456.828125 5457.86279296875 8
stats: {load,"tsung_controller@jarvis"} 1 0.05078125 0.0 0.19140625 0.05078125 0.1123046875 8
stats: {cpu,"tsung_controller@jarvis"} 1 0.561657513729406 0.0 1.9212467952935088 0.561657513729406 0.8268850292641894 8
stats: users_count 0 25
stats: finish_users_count 0 0
stats: request 116 106.16281034482758 75.48499467111668 2769.851 50.778 133.0766209850107 934
stats: connect 13 0.8075384615384615 0.13406864796388418 15.681 0.508 0.9594086021505377 93
stats: page 116 106.16281034482758 75.48499467111668 2769.851 50.778 133.0766209850107 934
stats: tr_busyWait 116 106.37693103448281 75.49708902708903 2770.025 50.866 133.30650428265525 934
stats: 200 116 1050
stats: size_rcv 29748 269242
stats: size_sent 7254 65162
stats: connected -1 24
# stats: dump at 1517145140
stats: users 25 25
stats: {freemem,"tsung_controller@jarvis"} 1 5456.171875 0.0 5460.29296875 5456.171875 5457.76171875 9
stats: {load,"tsung_controller@jarvis"} 1 0.0390625 0.0 0.19140625 0.0390625 0.10546875 9
stats: {cpu,"tsung_controller@jarvis"} 1 0.5498625343664084 0.0 1.9212467952935088 0.5498625343664084 0.7974153053158801 9
stats: users_count 0 25
stats: finish_users_count 0 0
stats: request 100 139.0476699999999 97.46966525079023 2769.851 50.769 130.1032857142857 1050
stats: connect 8 0.8751249999999999 0.12527214125654598 15.681 0.508 0.9407830188679247 106
stats: page 100 139.0476699999999 97.46966525079023 2769.851 50.769 130.1032857142857 1050
stats: tr_busyWait 100 139.26106999999993 97.4484401609646 2770.025 50.866 130.33142761904762 1050
stats: 200 100 1150
stats: size_rcv 25635 294877
stats: size_sent 6324 71486
stats: connected -2 22
# stats: dump at 1517145150
stats: users 25 25
stats: {freemem,"tsung_controller@jarvis"} 1 5456.13671875 0.0 5460.29296875 5456.13671875 5457.602734375 10
stats: {load,"tsung_controller@jarvis"} 1 0.03125 0.0 0.19140625 0.03125 0.098828125 10
stats: {cpu,"tsung_controller@jarvis"} 1 0.5495878091431426 0.0 1.9212467952935088 0.5495878091431426 0.7726600282209329 10
stats: users_count 0 25
stats: finish_users_count 0 0
stats: request 115 137.4140869565218 84.98423557850013 2769.851 50.769 130.88105826086954 1150
stats: connect 14 0.857 0.15885258215447073 15.681 0.508 0.9361754385964914 114
stats: page 115 137.4140869565218 84.98423557850013 2769.851 50.769 130.88105826086954 1150
stats: tr_busyWait 115 137.66841739130427 84.9738033443231 2770.025 50.866 131.10791826086955 1150
stats: 200 115 1265
stats: size_rcv 29489 324366
stats: size_sent 6944 78430
stats: connected 2 24
# stats: dump at 1517145160
stats: users 25 25
stats: {freemem,"tsung_controller@jarvis"} 1 5456.3203125 0.0 5460.29296875 5456.13671875 5457.469460227273 11
stats: {load,"tsung_controller@jarvis"} 1 0.03125 0.0 0.19140625 0.03125 0.09268465909090909 11
stats: {cpu,"tsung_controller@jarvis"} 1 0.6121939030484758 0.0 1.9212467952935088 0.5495878091431426 0.7523807355774974 11
stats: users_count 0 25
stats: finish_users_count 0 0
stats: request 116 116.17405172413795 65.40759887440119 2769.851 50.769 131.47496996047428 1265
stats: connect 8 0.799375 0.13727066101319688 15.681 0.508 0.9275156250000002 128
stats: page 116 116.17405172413795 65.40759887440119 2769.851 50.769 131.47496996047428 1265
stats: tr_busyWait 116 116.39903448275857 65.39542774852536 2770.025 50.866 131.70432727272726 1265
stats: 200 116 1381
stats: size_rcv 29742 354108
stats: size_sent 7254 85684
stats: connected 0 24
# stats: dump at 1517145170
stats: users 25 25
stats: {freemem,"tsung_controller@jarvis"} 1 5456.3984375 0.0 5460.29296875 5456.13671875 5457.373697916667 12
stats: {load,"tsung_controller@jarvis"} 1 0.01953125 0.0 0.19140625 0.01953125 0.08756510416666667 12
stats: {cpu,"tsung_controller@jarvis"} 1 0.5248687828042989 0.0 1.9212467952935088 0.5248687828042989 0.7406984995334124 12
stats: users_count 0 25
stats: finish_users_count 0 0
stats: request 106 94.75781132075468 42.07282858736454 2769.851 50.769 130.1897371469949 1381
stats: connect 11 0.7955454545454544 0.11368726132874231 15.681 0.508 0.9199779411764707 136
stats: page 106 94.75781132075468 42.07282858736454 2769.851 50.769 130.1897371469949 1381
stats: tr_busyWait 106 94.97470754716983 42.07055409732537 2770.025 50.866 130.41872700941346 1381
stats: 200 106 1487
stats: size_rcv 27179 381287
stats: size_sent 6510 92194
stats: connected -1 23
# stats: dump at 1517145180
stats: users 25 25
stats: {freemem,"tsung_controller@jarvis"} 1 5456.33203125 0.0 5460.29296875 5456.13671875 5457.298677884615 13
stats: {load,"tsung_controller@jarvis"} 1 0.01953125 0.0 0.19140625 0.01953125 0.08233173076923077 13
stats: {cpu,"tsung_controller@jarvis"} 1 0.6240639041437843 0.0 1.9212467952935088 0.5248687828042989 0.7240962136311728 13
stats: users_count 0 25
stats: finish_users_count 0 0
stats: request 111 106.87143243243244 57.73636955708959 2769.851 50.769 127.66399125756554 1487
stats: connect 12 0.7947500000000001 0.1558643240129056 15.681 0.508 0.9106666666666668 147
stats: page 111 106.87143243243244 57.73636955708959 2769.851 50.769 127.66399125756554 1487
stats: tr_busyWait 111 107.0775585585586 57.74693803429462 2770.025 50.866 127.89211903160725 1487
stats: 200 111 1598
stats: size_rcv 28472 409759
stats: size_sent 6882 99076
stats: connected 0 23
# stats: dump at 1517145190
stats: users 25 25
stats: {freemem,"tsung_controller@jarvis"} 1 5456.34375 0.0 5460.29296875 5456.13671875 5457.229631696428 14
stats: {load,"tsung_controller@jarvis"} 1 0.01953125 0.0 0.19140625 0.01953125 0.07784598214285714 14
stats: {cpu,"tsung_controller@jarvis"} 1 0.63654518222666 0.0 1.9212467952935088 0.5248687828042989 0.7169510486677879 14
stats: users_count 0 25
stats: finish_users_count 0 0
stats: request 119 118.24005882352942 70.05687701753712 2769.851 50.769 126.21970212765954 1598
stats: connect 10 0.7656000000000001 0.1331774755730112 15.681 0.508 0.9019182389937109 159
stats: page 119 118.24005882352942 70.05687701753712 2769.851 50.769 126.21970212765954 1598
stats: tr_busyWait 119 118.46899999999997 70.06628457804388 2770.025 50.866 126.44630162703378 1598
stats: 200 119 1717
stats: size_rcv 30516 440275
stats: size_sent 7378 106454
stats: connected -1 22
# stats: dump at 1517145200
stats: users 25 25
stats: {freemem,"tsung_controller@jarvis"} 1 5455.77734375 0.0 5460.29296875 5455.77734375 5457.170572916667 15
stats: {load,"tsung_controller@jarvis"} 1 0.01171875 0.0 0.19140625 0.01171875 0.07395833333333333 15
stats: {cpu,"tsung_controller@jarvis"} 1 0.6615077383924114 0.0 1.9212467952935088 0.5248687828042989 0.7115906575717127 15
stats: users_count 0 25
stats: finish_users_count 0 0
stats: request 106 115.84847169811322 84.4517595491492 2769.851 50.769 125.66665754222478 1717
stats: connect 9 0.7862222222222223 0.09962683460212671 15.681 0.508 0.8938520710059173 169
stats: page 106 115.84847169811322 84.4517595491492 2769.851 50.769 125.66665754222478 1717
stats: tr_busyWait 106 116.06845283018868 84.46928820651739 2770.025 50.866 125.89341933605122 1717
stats: 200 106 1823
stats: size_rcv 27183 467458
stats: size_sent 6758 113212
stats: connected 1 23
# stats: dump at 1517145210
stats: users 25 25
stats: {freemem,"tsung_controller@jarvis"} 1 5455.6328125 0.0 5460.29296875 5455.6328125 5457.08349609375 16
stats: {load,"tsung_controller@jarvis"} 1 0.01171875 0.0 0.19140625 0.01171875 0.070068359375 16
stats: {cpu,"tsung_controller@jarvis"} 1 0.5744255744255744 0.0 1.9212467952935088 0.5248687828042989 0.7084604751230064 16
stats: users_count 0 25
stats: finish_users_count 0 0
stats: request 123 131.28917073170737 121.85665134587859 2769.851 50.769 125.09577015907841 1823
stats: connect 8 0.8163750000000001 0.11644841937527536 15.681 0.508 0.8884101123595507 178
stats: page 123 131.28917073170737 121.85665134587859 2769.851 50.769 125.09577015907841 1823
stats: tr_busyWait 123 131.52314634146333 121.86095244495499 2770.025 50.866 125.32213768513436 1823
stats: 200 123 1946
stats: size_rcv 31542 499000
stats: size_sent 7502 120714
stats: connected 1 24
# stats: dump at 1517145220
stats: users 25 25
stats: {freemem,"tsung_controller@jarvis"} 1 5456.70703125 0.0 5460.29296875 5455.6328125 5456.998161764706 17
stats: {load,"tsung_controller@jarvis"} 1 0.01171875 0.0 0.19140625 0.01171875 0.0666360294117647 17
stats: {cpu,"tsung_controller@jarvis"} 1 0.5747844558290641 0.0 1.9212467952935088 0.5248687828042989 0.7005760691996281 17
stats: users_count 0 25
stats: finish_users_count 0 0
stats: request 106 113.1973679245283 66.64612844030486 2769.851 50.769 125.48723381294961 1946
stats: connect 10 0.8300000000000001 0.1342490223428089 15.681 0.508 0.8853118279569895 186
stats: page 106 113.1973679245283 66.64612844030486 2769.851 50.769 125.48723381294961 1946
stats: tr_busyWait 106 113.41161320754718 66.6431800997163 2770.025 50.866 125.7140822199383 1946
stats: 200 106 2052
stats: size_rcv 27176 526176
stats: size_sent 6510 127224
stats: connected 0 24
# stats: dump at 1517145221
stats: users 25 25
stats: {freemem,"tsung_controller@jarvis"} 0 0 0 5460.29296875 5455.6328125 5456.981987847223 18
stats: {load,"tsung_controller@jarvis"} 0 0 0 0.19140625 0.01171875 0.06358506944444445 18
stats: {cpu,"tsung_controller@jarvis"} 0 0 0 1.9212467952935088 0.5248687828042989 0.6935876462345968 18
stats: users_count 0 25
stats: finish_users_count 0 0
stats: request 11 87.24154545454545 34.916852327060525 2769.851 50.769 124.85237719298243 2052
stats: connect 0 0 0 15.681 0.508 0.8824897959183676 196
stats: page 11 87.24154545454545 34.916852327060525 2769.851 50.769 124.85237719298243 2052
stats: tr_busyWait 11 87.45918181818182 34.926448334173195 2770.025 50.866 125.07857456140347 2052
stats: 200 11 2063
stats: size_rcv 2819 528995
stats: size_sent 682 127906
stats: connected -1 23
stats: error_abort 1 1
EndMonitor:{1517,145221,187782}
