# stats: dump at 1517145598
stats: users 40 40
stats: {freemem,"tsung_controller@jarvis"} 1 5459.07421875 0 5459.07421875 5459.07421875 0 0
stats: {load,"tsung_controller@jarvis"} 1 0.12109375 0 0.12109375 0.12109375 0 0
stats: {cpu,"tsung_controller@jarvis"} 1 1.9134386126658514 0 1.9134386126658514 1.9134386126658514 0 0
stats: users_count 40 40
stats: finish_users_count 0 0
stats: request 141 561.5664184397161 633.8839588195458 3742.324 50.935 0 0
stats: connect 42 1.1014999999999997 2.569496488104421 17.526 0.483 0 0
stats: page 141 561.5664184397161 633.8839588195458 3742.324 50.935 0 0
stats: tr_busyWait 141 561.78429787234 633.8527148756823 3742.481 51.01 0 0
stats: 200 141 141
stats: size_rcv 36068 36068
stats: size_sent 9362 9362
stats: connected 38 38
# stats: dump at 1517145608
stats: users 40 40
stats: {freemem,"tsung_controller@jarvis"} 1 5457.859375 0.0 5459.07421875 5457.859375 5459.07421875 1
stats: {load,"tsung_controller@jarvis"} 1 0.26171875 0.0 0.26171875 0.12109375 0.12109375 1
stats: {cpu,"tsung_controller@jarvis"} 1 1.1974554072595733 0.0 1.9134386126658514 1.1974554072595733 1.9134386126658514 1
stats: users_count 0 40
stats: finish_users_count 0 0
stats: request 176 292.1322329545454 184.7091482036298 3742.324 50.88 561.5664184397161 141
stats: connect 16 0.7849375 0.178737401216841 17.526 0.453 1.1014999999999997 42
stats: tr_busyWait 176 292.31110227272734 184.70773248838526 3742.481 51.01 561.78429787234 141
stats: page 176 292.1322329545454 184.7091482036298 3742.324 50.88 561.5664184397161 141
stats: 200 176 317
stats: size_rcv 45071 81139
stats: size_sent 10354 19716
stats: connected -1 37
# stats: dump at 1517145618
stats: users 40 40
stats: {freemem,"tsung_controller@jarvis"} 1 5455.99609375 0.0 5459.07421875 5455.99609375 5458.466796875 2
stats: {load,"tsung_controller@jarvis"} 1 0.37109375 0.0 0.37109375 0.12109375 0.19140625 2
stats: {cpu,"tsung_controller@jarvis"} 1 1.1212158963498193 0.0 1.9134386126658514 1.1212158963498193 1.5554470099627125 2
stats: users_count 0 40
stats: finish_users_count 0 0
stats: request 169 300.35811834319503 182.2076423739606 3742.324 50.852 411.9751987381702 317
stats: page 169 300.35811834319503 182.2076423739606 3742.324 50.852 411.9751987381702 317
stats: connect 17 0.6692352941176472 0.1249129246888618 17.526 0.436 1.0141724137931032 58
stats: tr_busyWait 169 300.51750295857994 182.20424654629878 3742.481 50.985 412.17141955835945 317
stats: 200 169 486
stats: size_rcv 43274 124413
stats: size_sent 10974 30690
stats: connected 0 37
# stats: dump at 1517145628
stats: users 40 40
stats: {freemem,"tsung_controller@jarvis"} 1 5455.9453125 0.0 5459.07421875 5455.9453125 5457.643229166667 3
stats: {load,"tsung_controller@jarvis"} 1 0.30859375 0.0 0.37109375 0.12109375 0.2513020833333333 3
stats: {cpu,"tsung_controller@jarvis"} 1 0.8728179551122194 0.0 1.9134386126658514 0.8728179551122194 1.4107033054250815 3
stats: users_count 0 40
stats: finish_users_count 0 0
stats: request 179 341.9205027932962 193.1956430764257 3742.324 50.806 373.1618518518517 486
stats: connect 11 0.6867272727272726 0.1444331181545102 17.526 0.436 0.9359866666666664 75
stats: page 179 341.9205027932962 193.1956430764257 3742.324 50.806 373.1618518518517 486
stats: tr_busyWait 179 342.06364804469285 193.19811313843212 3742.481 50.886 373.3452633744855 486
stats: 200 179 665
stats: size_rcv 45820 170233
stats: size_sent 11098 41788
stats: connected -1 36
# stats: dump at 1517145638
stats: users 40 40
stats: {freemem,"tsung_controller@jarvis"} 1 5455.6484375 0.0 5459.07421875 5455.6484375 5457.21875 4
stats: {load,"tsung_controller@jarvis"} 1 0.26953125 0.0 0.37109375 0.12109375 0.265625 4
stats: {cpu,"tsung_controller@jarvis"} 1 0.7491571981520789 0.0 1.9134386126658514 0.7491571981520789 1.2762319678468659 4
stats: users_count 0 40
stats: finish_users_count 0 0
stats: request 175 287.80718857142875 192.17856917976476 3742.324 50.805 364.7525263157894 665
stats: connect 16 0.671 0.11830997422026597 17.526 0.429 0.9041046511627905 86
stats: page 175 287.80718857142875 192.17856917976476 3742.324 50.805 364.7525263157894 665
stats: 200 175 840
stats: tr_busyWait 175 287.95811428571454 192.17839042065214 3742.481 50.867 364.92509924812026 665
stats: size_rcv 44818 215051
stats: size_sent 10354 52142
stats: connected -1 35
# stats: dump at 1517145648
stats: users 40 40
stats: {freemem,"tsung_controller@jarvis"} 1 5455.35546875 0.0 5459.07421875 5455.35546875 5456.9046875 5
stats: {load,"tsung_controller@jarvis"} 1 0.21875 0.0 0.37109375 0.12109375 0.26640625 5
stats: {cpu,"tsung_controller@jarvis"} 1 0.8606710739678183 0.0 1.9134386126658514 0.7491571981520789 1.1708170139079086 5
stats: users_count 0 40
stats: finish_users_count 0 0
stats: request 172 310.1858488372093 147.83421465996395 3742.324 50.777 348.72224761904755 840
stats: 200 172 1012
stats: connect 13 0.6426923076923079 0.14528612862760726 17.526 0.391 0.8675392156862745 102
stats: page 172 310.1858488372093 147.83421465996395 3742.324 50.777 348.72224761904755 840
stats: tr_busyWait 172 310.32115697674425 147.8405463517171 3742.481 50.829 348.89031071428576 840
stats: size_rcv 44036 259087
stats: size_sent 11036 63178
stats: connected 4 39
# stats: dump at 1517145658
stats: users 40 40
stats: {freemem,"tsung_controller@jarvis"} 1 5455.81640625 0.0 5459.07421875 5455.35546875 5456.646484375 6
stats: {load,"tsung_controller@jarvis"} 1 0.19140625 0.0 0.37109375 0.12109375 0.2584635416666667 6
stats: {cpu,"tsung_controller@jarvis"} 1 0.7611679560768655 0.0 1.9134386126658514 0.7491571981520789 1.1191260239178937 6
stats: users_count 0 40
stats: finish_users_count 0 0
stats: request 170 282.28277647058815 141.79173661240557 3742.324 50.777 342.1725830039525 1012
stats: connect 8 0.644375 0.11263873390179771 17.526 0.391 0.8421217391304348 115
stats: page 170 282.28277647058815 141.79173661240557 3742.324 50.777 342.1725830039525 1012
stats: tr_busyWait 170 282.4114588235294 141.79869625058592 3742.481 50.829 342.33507905138345 1012
stats: 200 170 1182
stats: size_rcv 43523 302610
stats: size_sent 10540 73718
stats: connected -4 35
# stats: dump at 1517145668
stats: users 40 40
stats: {freemem,"tsung_controller@jarvis"} 1 5455.7734375 0.0 5459.07421875 5455.35546875 5456.527901785715 7
stats: {load,"tsung_controller@jarvis"} 1 0.16015625 0.0 0.37109375 0.12109375 0.24888392857142858 7
stats: {cpu,"tsung_controller@jarvis"} 1 0.711255303219366 0.0 1.9134386126658514 0.711255303219366 1.067989157083461 7
stats: users_count 0 40
stats: finish_users_count 0 0
stats: connect 17 0.6898823529411764 0.12693855964156606 17.526 0.391 0.8292601626016259 123
stats: page 166 258.8574939759037 198.07995889997616 3742.324 50.777 333.5589898477157 1182
stats: request 166 258.8574939759037 198.07995889997616 3742.324 50.777 333.5589898477157 1182
stats: tr_busyWait 166 259.00792168674724 198.0730511366405 3742.481 50.829 333.7166226734349 1182
stats: 200 166 1348
stats: size_rcv 42506 345116
stats: size_sent 10106 83824
stats: connected 4 39
# stats: dump at 1517145678
stats: users 40 40
stats: {freemem,"tsung_controller@jarvis"} 1 5454.94921875 0.0 5459.07421875 5454.94921875 5456.43359375 8
stats: {load,"tsung_controller@jarvis"} 1 0.12890625 0.0 0.37109375 0.12109375 0.23779296875 8
stats: {cpu,"tsung_controller@jarvis"} 1 0.6870705808869456 0.0 1.9134386126658514 0.6870705808869456 1.0233974253504492 8
stats: users_count 0 40
stats: finish_users_count 0 0
stats: page 179 315.9368379888268 173.164764746695 3742.324 50.777 324.3598442136498 1348
stats: 200 179 1527
stats: request 179 315.9368379888268 173.164764746695 3742.324 50.777 324.3598442136498 1348
stats: connect 11 0.7742727272727272 0.11974297543191943 17.526 0.391 0.8123357142857142 140
stats: tr_busyWait 179 316.1001787709497 173.16988817940785 3742.481 50.829 324.5165897626114 1348
stats: size_rcv 45828 390944
stats: size_sent 11222 95046
stats: connected 0 39
# stats: dump at 1517145688
stats: users 40 40
stats: {freemem,"tsung_controller@jarvis"} 1 5454.8046875 0.0 5459.07421875 5454.8046875 5456.268663194444 9
stats: {load,"tsung_controller@jarvis"} 1 0.109375 0.0 0.37109375 0.109375 0.22569444444444445 9
stats: {cpu,"tsung_controller@jarvis"} 1 1.1955168119551682 0.0 1.9134386126658514 0.6870705808869456 0.9860277759656155 9
stats: users_count 0 40
stats: finish_users_count 0 0
stats: connect 9 0.6452222222222224 0.1015039985832827 17.526 0.391 0.8095629139072846 151
stats: request 184 303.7452989130434 162.1622012636636 3742.324 50.777 323.3724715127701 1527
stats: tr_busyWait 184 303.9128206521739 162.16024197827142 3742.481 50.829 323.52999017681736 1527
stats: page 184 303.7452989130434 162.1622012636636 3742.324 50.777 323.3724715127701 1527
stats: 200 184 1711
stats: size_rcv 47108 438052
stats: size_sent 11284 106330
stats: connected -1 38
# stats: dump at 1517145698
stats: users 40 40
stats: {freemem,"tsung_controller@jarvis"} 1 5454.8671875 0.0 5459.07421875 5454.8046875 5456.122265625 10
stats: {load,"tsung_controller@jarvis"} 1 0.1015625 0.0 0.37109375 0.1015625 0.2140625 10
stats: {cpu,"tsung_controller@jarvis"} 1 1.159167393742989 0.0 1.9134386126658514 0.6870705808869456 1.0069766795645707 10
stats: users_count 0 40
stats: finish_users_count 0 0
stats: connect 16 0.67425 0.12370403186638666 17.526 0.391 0.80031875 160
stats: tr_busyWait 170 276.4617529411765 156.4026002927291 3742.481 50.829 321.4203705435418 1711
stats: 200 170 1881
stats: request 170 276.3145294117648 156.3994300978099 3742.324 50.777 321.2617761542957 1711
stats: page 170 276.3145294117648 156.3994300978099 3742.324 50.777 321.2617761542957 1711
stats: size_rcv 43524 481576
stats: size_sent 10664 116994
stats: connected 0 38
# stats: dump at 1517145708
stats: users 40 40
stats: {freemem,"tsung_controller@jarvis"} 1 5454.9609375 0.0 5459.07421875 5454.8046875 5456.008167613636 11
stats: {load,"tsung_controller@jarvis"} 1 0.078125 0.0 0.37109375 0.078125 0.20383522727272727 11
stats: {cpu,"tsung_controller@jarvis"} 1 1.0219341974077767 0.0 1.9134386126658514 0.6870705808869456 1.020812199035336 11
stats: users_count 0 40
stats: finish_users_count 0 0
stats: request 165 280.47693333333353 198.13780912566082 3742.324 50.777 317.1995582137161 1881
stats: connect 12 0.6881666666666667 0.06184231740662879 17.526 0.391 0.7888579545454545 176
stats: page 165 280.47693333333353 198.13780912566082 3742.324 50.777 317.1995582137161 1881
stats: tr_busyWait 165 280.6431878787879 198.1410979455951 3742.481 50.829 317.35712493354606 1881
stats: 200 165 2046
stats: size_rcv 42245 523821
stats: size_sent 10664 127658
stats: connected -2 36
# stats: dump at 1517145718
stats: users 40 40
stats: {freemem,"tsung_controller@jarvis"} 1 5454.85546875 0.0 5459.07421875 5454.8046875 5455.9208984375 12
stats: {load,"tsung_controller@jarvis"} 1 0.0703125 0.0 0.37109375 0.0703125 0.193359375 12
stats: {cpu,"tsung_controller@jarvis"} 1 0.9479855307471623 0.0 1.9134386126658514 0.6870705808869456 1.020905698899706 12
stats: users_count 0 40
stats: finish_users_count 0 0
stats: tr_busyWait 184 334.8391847826088 150.96542156515943 3742.481 50.829 314.39632355816235 2046
stats: 200 184 2230
stats: request 184 334.69592934782617 150.9739961728956 3742.324 50.777 314.2380562072336 2046
stats: connect 15 0.7152 0.1300718775651883 17.526 0.391 0.7824308510638298 188
stats: page 184 334.69592934782617 150.9739961728956 3742.324 50.777 314.2380562072336 2046
stats: size_rcv 47091 570912
stats: size_sent 11098 138756
stats: connected 3 39
# stats: dump at 1517145728
stats: users 40 40
stats: {freemem,"tsung_controller@jarvis"} 1 5454.81640625 0.0 5459.07421875 5454.8046875 5455.838942307692 13
stats: {load,"tsung_controller@jarvis"} 1 0.05859375 0.0 0.37109375 0.05859375 0.18389423076923078 13
stats: {cpu,"tsung_controller@jarvis"} 1 0.89809155544468 0.0 1.9134386126658514 0.6870705808869456 1.0152964551956642 13
stats: users_count 0 40
stats: finish_users_count 0 0
stats: page 175 286.29056571428583 192.87063436512486 3742.324 50.777 315.9260600896861 2230
stats: 200 175 2405
stats: request 175 286.29056571428583 192.87063436512486 3742.324 50.777 315.9260600896861 2230
stats: connect 12 0.72175 0.06338128667043608 17.526 0.391 0.7774630541871922 203
stats: tr_busyWait 175 286.46880000000016 192.87459510022123 3742.481 50.829 316.08308878923776 2230
stats: size_rcv 44814 615726
stats: size_sent 10850 149606
stats: connected -3 36
# stats: dump at 1517145738
stats: users 40 40
stats: {freemem,"tsung_controller@jarvis"} 1 5454.59765625 0.0 5459.07421875 5454.59765625 5455.765904017857 14
stats: {load,"tsung_controller@jarvis"} 1 0.05078125 0.0 0.37109375 0.05078125 0.17494419642857142 14
stats: {cpu,"tsung_controller@jarvis"} 1 1.0350417757825165 0.0 1.9134386126658514 0.6870705808869456 1.0069246766420226 14
stats: users_count 0 40
stats: finish_users_count 0 0
stats: page 170 256.2572999999998 142.78552633396993 3742.324 50.777 313.7696311850312 2405
stats: 200 170 2575
stats: request 170 256.2572999999998 142.78552633396993 3742.324 50.777 313.7696311850312 2405
stats: connect 16 0.7498750000000001 0.15538495543327224 17.526 0.391 0.7743534883720931 215
stats: tr_busyWait 170 256.43551176470595 142.78705125104142 3742.481 50.829 313.928202910603 2405
stats: size_rcv 43541 659267
stats: size_sent 10664 160270
stats: connected 3 39
# stats: dump at 1517145748
stats: users 40 40
stats: {freemem,"tsung_controller@jarvis"} 1 5454.39453125 0.0 5459.07421875 5454.39453125 5455.688020833333 15
stats: {load,"tsung_controller@jarvis"} 1 0.0390625 0.0 0.37109375 0.0390625 0.16666666666666666 15
stats: {cpu,"tsung_controller@jarvis"} 1 0.9225782321406308 0.0 1.9134386126658514 0.6870705808869456 1.0087991499180555 15
stats: users_count 0 40
stats: finish_users_count 0 0
stats: tr_busyWait 182 317.60640659340663 160.09928334187478 3742.481 50.829 310.1325689320389 2575
stats: request 182 317.40639560439564 160.0978447834138 3742.324 50.777 309.9727005825242 2575
stats: 200 182 2757
stats: connect 10 0.8027 0.1251958865138947 17.526 0.391 0.7726580086580087 231
stats: page 182 317.40639560439564 160.0978447834138 3742.324 50.777 309.9727005825242 2575
stats: size_rcv 46595 705862
stats: size_sent 10912 171182
stats: connected 0 39
# stats: dump at 1517145758
stats: users 40 40
stats: {freemem,"tsung_controller@jarvis"} 1 5454.3203125 0.0 5459.07421875 5454.3203125 5455.607177734375 16
stats: {load,"tsung_controller@jarvis"} 1 0.03125 0.0 0.37109375 0.03125 0.15869140625 16
stats: {cpu,"tsung_controller@jarvis"} 1 1.072452924304776 0.0 1.9134386126658514 0.6870705808869456 1.0034103425569665 16
stats: users_count 0 40
stats: finish_users_count 0 0
stats: tr_busyWait 188 346.1216808510636 177.9611177932041 3742.481 50.829 310.6259452303229 2757
stats: 200 188 2945
stats: request 188 345.93403191489335 177.9507672287091 3742.324 50.777 310.46342691331154 2757
stats: connect 11 0.7180909090909091 0.12953866010890308 17.526 0.391 0.7739045643153527 241
stats: page 188 345.93403191489335 177.9507672287091 3742.324 50.777 310.46342691331154 2757
stats: size_rcv 48122 753984
stats: size_sent 11532 182714
stats: connected 0 39
# stats: dump at 1517145768
stats: users 40 40
stats: {freemem,"tsung_controller@jarvis"} 1 5454.3984375 0.0 5459.07421875 5454.3203125 5455.531479779412 17
stats: {load,"tsung_controller@jarvis"} 1 0.03125 0.0 0.37109375 0.03125 0.15119485294117646 17
stats: {cpu,"tsung_controller@jarvis"} 1 0.9973818725844658 0.0 1.9134386126658514 0.6870705808869456 1.007471670895073 17
stats: users_count 0 40
stats: finish_users_count 0 0
stats: connect 8 0.7249999999999999 0.08145857843100378 17.526 0.391 0.7714682539682539 252
stats: request 185 361.2321243243241 170.3171764702573 3742.324 50.777 312.7277643463497 2945
stats: page 185 361.2321243243241 170.3171764702573 3742.324 50.777 312.7277643463497 2945
stats: tr_busyWait 185 361.4129837837838 170.30204277400705 3742.481 50.829 312.8918869269949 2945
stats: 200 185 3130
stats: size_rcv 47357 801341
stats: size_sent 11408 194122
stats: connected -2 37
# stats: dump at 1517145769
stats: users 40 40
stats: {freemem,"tsung_controller@jarvis"} 0 0 0 5459.07421875 5454.3203125 5455.468532986111 18
stats: {load,"tsung_controller@jarvis"} 0 0 0 0.37109375 0.03125 0.14453125 18
stats: {cpu,"tsung_controller@jarvis"} 0 0 0 1.9134386126658514 0.6870705808869456 1.0069111265444837 18
stats: users_count 0 40
stats: finish_users_count 0 0
stats: request 16 395.50793749999997 115.10149568232637 3742.324 50.777 315.5946354632588 3130
stats: page 16 395.50793749999997 115.10149568232637 3742.324 50.777 315.5946354632588 3130
stats: connect 1 0.878 0.0 17.526 0.391 0.7700384615384616 260
stats: 200 16 3146
stats: tr_busyWait 16 395.7269375 115.09123664590453 3742.481 50.829 315.75974728434505 3130
stats: size_rcv 4095 805436
stats: size_sent 1054 195176
stats: connected 0 37
stats: error_abort 1 1
EndMonitor:{1517,145769,446687}
