# stats: dump at 1516791842
stats: users 64 82
stats: {freemem,"tsung_controller@jarvis"} 1 4048.65234375 0 4048.65234375 4048.65234375 0 0
stats: {load,"tsung_controller@jarvis"} 1 0.109375 0 0.109375 0.109375 0 0
stats: {cpu,"tsung_controller@jarvis"} 1 45.44401170161102 0 45.44401170161102 45.44401170161102 0 0
stats: session 464 944.7663620689657 904.6357904648264 5485.64 16.228 0 0
stats: users_count 528 528
stats: finish_users_count 464 464
stats: request 431 11.121064965197203 4.607004871324819 36.064 7.765 0 0
stats: connect 434 0.5695875576036858 0.20579530551364392 4.208 0.376 0 0
stats: page 431 11.121064965197203 4.607004871324819 36.064 7.765 0 0
stats: 200 431 431
stats: size_rcv 111052 111052
stats: size_sent 26908 26908
stats: connected 3 3
# stats: dump at 1516791852
stats: users 56 82
stats: {freemem,"tsung_controller@jarvis"} 1 4038.46875 0.0 4048.65234375 4038.46875 4048.65234375 1
stats: {load,"tsung_controller@jarvis"} 1 0.08984375 0.0 0.109375 0.08984375 0.109375 1
stats: {cpu,"tsung_controller@jarvis"} 1 0.4884769539078156 0.0 45.44401170161102 0.4884769539078156 45.44401170161102 1
stats: session 576 1065.7763784722226 1022.8933243156506 7343.337 16.228 944.7663620689657 464
stats: users_count 568 1096
stats: finish_users_count 576 1040
stats: request 587 11.26546166950596 4.93329000696531 39.663 7.765 11.121064965197203 431
stats: connect 584 0.5467636986301373 0.10167827476370193 4.208 0.366 0.5695875576036858 434
stats: page 587 11.26546166950596 4.93329000696531 39.663 7.765 11.121064965197203 431
stats: 200 587 1018
stats: size_rcv 151275 262327
stats: size_sent 36208 63116
stats: connected -3 0
# stats: dump at 1516791862
stats: users 73 82
stats: {freemem,"tsung_controller@jarvis"} 1 4038.37109375 0.0 4048.65234375 4038.37109375 4043.560546875 2
stats: {load,"tsung_controller@jarvis"} 1 0.078125 0.0 0.109375 0.078125 0.099609375 2
stats: {cpu,"tsung_controller@jarvis"} 1 0.46360105249968675 0.0 45.44401170161102 0.46360105249968675 22.966244327759416 2
stats: session 608 1045.0229325657883 1028.0969537394324 7343.337 16.228 1011.7872942307695 1040
stats: users_count 625 1721
stats: finish_users_count 608 1648
stats: request 595 12.468835294117644 6.2307303587239335 47.635 7.666 11.204327111984277 1018
stats: connect 595 0.550860504201681 0.09089918158702617 4.208 0.324 0.5564941060903731 1018
stats: page 595 12.468835294117644 6.2307303587239335 47.635 7.666 11.204327111984277 1018
stats: 200 595 1613
stats: size_rcv 153283 415610
stats: size_sent 36890 100006
stats: connected 0 0
# stats: dump at 1516791872
stats: users 56 82
stats: {freemem,"tsung_controller@jarvis"} 1 4037.01171875 0.0 4048.65234375 4037.01171875 4041.8307291666665 3
stats: {load,"tsung_controller@jarvis"} 1 0.0703125 0.0 0.109375 0.0703125 0.09244791666666667 3
stats: {cpu,"tsung_controller@jarvis"} 1 0.45107129432401954 0.0 45.44401170161102 0.45107129432401954 15.465363236006171 3
stats: session 620 1045.7140838709672 1040.3723276101807 7343.337 12.838 1024.048986043689 1648
stats: users_count 603 2324
stats: finish_users_count 620 2268
stats: request 626 12.859140575079888 6.537726041593903 48.708 7.666 11.67077619342839 1613
stats: connect 626 0.5342060702875403 0.09480558901014531 4.208 0.307 0.5544159950402976 1613
stats: page 626 12.859140575079888 6.537726041593903 48.708 7.666 11.67077619342839 1613
stats: 200 626 2239
stats: size_rcv 161277 576887
stats: size_sent 38812 138818
stats: connected 0 0
# stats: dump at 1516791882
stats: users 61 82
stats: {freemem,"tsung_controller@jarvis"} 1 4036.58203125 0.0 4048.65234375 4036.58203125 4040.6259765625 4
stats: {load,"tsung_controller@jarvis"} 1 0.05859375 0.0 0.109375 0.05859375 0.0869140625 4
stats: {cpu,"tsung_controller@jarvis"} 1 0.4757731313384249 0.0 45.44401170161102 0.45107129432401954 11.711790250585633 4
stats: session 583 1017.7559468267576 986.6718797686034 7343.337 12.838 1029.9715436507934 2268
stats: users_count 588 2912
stats: finish_users_count 583 2851
stats: request 591 11.641790186125201 5.441512268959523 48.708 7.666 12.003029924073248 2239
stats: connect 592 0.5592939189189188 0.11066427847588411 4.208 0.307 0.5487655203215722 2239
stats: page 591 11.641790186125201 5.441512268959523 48.708 7.666 12.003029924073248 2239
stats: 200 591 2830
stats: size_rcv 152271 729158
stats: size_sent 36704 175522
stats: connected 1 1
# stats: dump at 1516791892
stats: users 67 82
stats: {freemem,"tsung_controller@jarvis"} 1 4036.0234375 0.0 4048.65234375 4036.0234375 4039.8171875 5
stats: {load,"tsung_controller@jarvis"} 1 0.05078125 0.0 0.109375 0.05078125 0.08125 5
stats: {cpu,"tsung_controller@jarvis"} 1 0.401304238776022 0.0 45.44401170161102 0.401304238776022 9.464586826736191 5
stats: session 621 1014.5712737520132 978.5094208087082 7343.337 12.838 1027.4735804980705 2851
stats: users_count 627 3539
stats: finish_users_count 621 3472
stats: request 607 12.359469522240527 5.753058973611228 48.708 7.666 11.927590812720846 2830
stats: connect 609 0.5294449917898193 0.13605240470610427 4.208 0.307 0.5509671494171671 2831
stats: page 607 12.359469522240527 5.753058973611228 48.708 7.666 11.927590812720846 2830
stats: 200 607 3437
stats: size_rcv 156365 885523
stats: size_sent 37758 213280
stats: connected 2 3
# stats: dump at 1516791902
stats: users 62 82
stats: {freemem,"tsung_controller@jarvis"} 1 4035.515625 0.0 4048.65234375 4035.515625 4039.1848958333335 6
stats: {load,"tsung_controller@jarvis"} 1 0.0390625 0.0 0.109375 0.0390625 0.076171875 6
stats: {cpu,"tsung_controller@jarvis"} 1 0.5009392611145899 0.0 45.44401170161102 0.401304238776022 7.95403972874283 6
stats: session 564 976.0140478723414 945.7938840619887 7343.337 12.003 1025.1658810483868 3472
stats: users_count 559 4098
stats: finish_users_count 564 4036
stats: 200 577 4014
stats: request 577 12.222592720970543 5.648818281856611 48.708 7.666 12.003863834739597 3437
stats: connect 575 0.4801026086956525 0.10562256796139699 4.208 0.307 0.5471569767441861 3440
stats: page 577 12.222592720970543 5.648818281856611 48.708 7.666 12.003863834739597 3437
stats: size_rcv 148650 1034173
stats: size_sent 35650 248930
stats: connected -2 1
# stats: dump at 1516791912
stats: users 58 82
stats: {freemem,"tsung_controller@jarvis"} 1 4034.27734375 0.0 4048.65234375 4034.27734375 4038.660714285714 7
stats: {load,"tsung_controller@jarvis"} 1 0.03125 0.0 0.109375 0.03125 0.07087053571428571 7
stats: {cpu,"tsung_controller@jarvis"} 1 0.3635451924282312 0.0 45.44401170161102 0.3635451924282312 6.889311090510224 7
stats: session 599 981.2014474123547 1014.4308661575394 9772.975 10.91 1018.2972898909811 4036
stats: users_count 595 4693
stats: finish_users_count 599 4635
stats: request 599 12.926203672787976 6.2814270946839414 48.708 7.666 12.03530543099153 4014
stats: connect 599 0.49952754590984955 0.07892598438308436 4.208 0.307 0.5375539227895394 4015
stats: page 599 12.926203672787976 6.2814270946839414 48.708 7.666 12.03530543099153 4014
stats: 200 599 4613
stats: size_rcv 154248 1188421
stats: size_sent 37138 286068
stats: connected 0 1
# stats: dump at 1516791922
stats: users 54 82
stats: {freemem,"tsung_controller@jarvis"} 1 4033.1015625 0.0 4048.65234375 4033.1015625 4038.11279296875 8
stats: {load,"tsung_controller@jarvis"} 1 0.03125 0.0 0.109375 0.03125 0.06591796875 8
stats: {cpu,"tsung_controller@jarvis"} 1 0.8016032064128256 0.0 45.44401170161102 0.3635451924282312 6.073590353249975 8
stats: session 594 1051.1569057239067 947.9841740912462 9772.975 10.91 1013.5032425026969 4635
stats: users_count 590 5283
stats: finish_users_count 594 5229
stats: request 593 11.944067453625633 5.358683847007445 48.708 7.666 12.150988944287882 4613
stats: connect 594 0.5480774410774415 0.11767194910246506 4.208 0.307 0.5326172518422193 4614
stats: page 593 11.944067453625633 5.358683847007445 48.708 7.666 12.150988944287882 4613
stats: 200 593 5206
stats: size_rcv 152765 1341186
stats: size_sent 36828 322896
stats: connected 1 2
# stats: dump at 1516791932
stats: users 65 85
stats: {freemem,"tsung_controller@jarvis"} 1 4033.08203125 0.0 4048.65234375 4033.08203125 4037.5559895833335 9
stats: {load,"tsung_controller@jarvis"} 1 0.01953125 0.0 0.109375 0.01953125 0.062065972222222224 9
stats: {cpu,"tsung_controller@jarvis"} 1 0.8382334542724884 0.0 45.44401170161102 0.3635451924282312 5.487814003601404 9
stats: session 575 1062.008669565216 996.0329746407513 9772.975 10.91 1017.7805949512336 5229
stats: users_count 586 5869
stats: finish_users_count 575 5804
stats: request 589 12.301757215619697 5.843029391426106 48.708 7.666 12.127419131771033 5206
stats: connect 588 0.5213231292517004 0.09721353001212678 4.208 0.307 0.5343805683563749 5208
stats: page 589 12.301757215619697 5.843029391426106 48.708 7.666 12.127419131771033 5206
stats: 200 589 5795
stats: size_rcv 151736 1492922
stats: size_sent 36456 359352
stats: connected -1 1
# stats: dump at 1516791942
stats: users 58 85
stats: {freemem,"tsung_controller@jarvis"} 1 4033.046875 0.0 4048.65234375 4033.046875 4037.10859375 10
stats: {load,"tsung_controller@jarvis"} 1 0.01953125 0.0 0.109375 0.01953125 0.0578125 10
stats: {cpu,"tsung_controller@jarvis"} 1 0.9259259259259258 0.0 45.44401170161102 0.3635451924282312 5.0228559486685125 10
stats: session 600 1001.9153866666671 953.9158276787847 9772.975 10.91 1022.1622529290145 5804
stats: users_count 593 6462
stats: finish_users_count 600 6404
stats: request 592 13.319229729729734 6.906692659869842 48.708 7.666 12.145138740293357 5795
stats: connect 592 0.5591621621621627 0.1351281575901317 4.208 0.307 0.5330559006211181 5796
stats: page 592 13.319229729729734 6.906692659869842 48.708 7.666 12.145138740293357 5795
stats: 200 592 6387
stats: size_rcv 152499 1645421
stats: size_sent 36704 396056
stats: connected 0 1
# stats: dump at 1516791952
stats: users 63 85
stats: {freemem,"tsung_controller@jarvis"} 1 4032.5859375 0.0 4048.65234375 4032.5859375 4036.739346590909 11
stats: {load,"tsung_controller@jarvis"} 1 0.01953125 0.0 0.109375 0.01953125 0.05433238636363636 11
stats: {cpu,"tsung_controller@jarvis"} 1 0.6629143214509068 0.0 45.44401170161102 0.3635451924282312 4.650407764782823 11
stats: session 570 1028.4089894736846 992.6795465205711 9772.975 10.91 1020.2652948157403 6404
stats: users_count 575 7037
stats: finish_users_count 570 6974
stats: request 572 12.081447552447548 5.411861650437216 48.708 7.666 12.253963206513228 6387
stats: connect 573 0.6122914485165801 0.169892976927375 4.208 0.307 0.5354752661239826 6388
stats: page 572 12.081447552447548 5.411861650437216 48.708 7.666 12.253963206513228 6387
stats: 200 572 6959
stats: size_rcv 147349 1792770
stats: size_sent 35526 431582
stats: connected 1 2
# stats: dump at 1516791962
stats: users 84 85
stats: {freemem,"tsung_controller@jarvis"} 1 4032.44921875 0.0 4048.65234375 4032.44921875 4036.3932291666665 12
stats: {load,"tsung_controller@jarvis"} 1 0.01171875 0.0 0.109375 0.01171875 0.051432291666666664 12
stats: {cpu,"tsung_controller@jarvis"} 1 0.8253094910591471 0.0 45.44401170161102 0.3635451924282312 4.318116644505163 12
stats: session 595 1085.0363882352958 1030.4542735744503 9772.975 10.91 1020.9308964726126 6974
stats: users_count 616 7653
stats: finish_users_count 595 7569
stats: request 595 11.917810084033631 5.126603305110075 48.708 7.666 12.239783158499785 6959
stats: connect 593 0.5838887015177069 0.1434500615511273 4.208 0.307 0.541798448498779 6961
stats: page 595 11.917810084033631 5.126603305110075 48.708 7.666 12.239783158499785 6959
stats: 200 595 7554
stats: size_rcv 153305 1946075
stats: size_sent 36766 468348
stats: connected -2 0
# stats: dump at 1516791972
stats: users 47 87
stats: {freemem,"tsung_controller@jarvis"} 1 4030.84375 0.0 4048.65234375 4030.84375 4036.08984375 13
stats: {load,"tsung_controller@jarvis"} 1 0.01171875 0.0 0.109375 0.01171875 0.04837740384615385 13
stats: {cpu,"tsung_controller@jarvis"} 1 0.6390977443609023 0.0 45.44401170161102 0.3635451924282312 4.049439171163161 13
stats: session 630 1035.0529920634906 1004.0821563357738 9772.975 10.91 1025.9702368873036 7569
stats: users_count 593 8246
stats: finish_users_count 630 8199
stats: request 634 11.492473186119879 4.832609073195179 48.708 7.666 12.214422557585387 7554
stats: connect 635 0.5671039370078742 0.13182365421756304 4.208 0.307 0.5451025946518402 7554
stats: page 634 11.492473186119879 4.832609073195179 48.708 7.666 12.214422557585387 7554
stats: 200 634 8188
stats: size_rcv 163371 2109446
stats: size_sent 39370 507718
stats: connected 1 1
# stats: dump at 1516791982
stats: users 58 87
stats: {freemem,"tsung_controller@jarvis"} 1 4031.109375 0.0 4048.65234375 4030.84375 4035.7151227678573 14
stats: {load,"tsung_controller@jarvis"} 1 0.01171875 0.0 0.109375 0.01171875 0.04575892857142857 14
stats: {cpu,"tsung_controller@jarvis"} 1 0.7623094226443389 0.0 45.44401170161102 0.3635451924282312 3.8058433549629997 14
stats: session 559 1034.189887298746 1005.8322584639448 9772.975 10.91 1026.668143432126 8199
stats: users_count 570 8816
stats: finish_users_count 559 8758
stats: request 561 12.292418894830664 6.777511123920478 50.69 7.666 12.158521739130435 8188
stats: connect 560 0.6184482142857141 0.1817278995121468 4.208 0.307 0.5468086457442912 8189
stats: page 561 12.292418894830664 6.777511123920478 50.69 7.666 12.158521739130435 8188
stats: 200 561 8749
stats: size_rcv 144543 2253989
stats: size_sent 34720 542438
stats: connected -1 0
# stats: dump at 1516791992
stats: users 49 87
stats: {freemem,"tsung_controller@jarvis"} 1 4031.61328125 0.0 4048.65234375 4030.84375 4035.4080729166667 15
stats: {load,"tsung_controller@jarvis"} 1 0.01171875 0.0 0.109375 0.01171875 0.04348958333333333 15
stats: {cpu,"tsung_controller@jarvis"} 1 0.8501062632829104 0.0 45.44401170161102 0.3635451924282312 3.6029410928084222 15
stats: session 532 987.8906146616538 969.1779585391395 9772.975 10.91 1027.1482364695137 8758
stats: users_count 523 9339
stats: finish_users_count 532 9290
stats: request 535 11.12630841121496 4.674269335097419 50.69 7.666 12.167107440850385 8749
stats: connect 535 0.6213757009345805 0.16021326606903896 4.208 0.307 0.5513941021831067 8749
stats: page 535 11.12630841121496 4.674269335097419 50.69 7.666 12.167107440850385 8749
stats: 200 535 9284
stats: size_rcv 137870 2391859
stats: size_sent 33170 575608
stats: connected 0 0
# stats: dump at 1516792002
stats: users 60 87
stats: {freemem,"tsung_controller@jarvis"} 1 4031.55078125 0.0 4048.65234375 4030.84375 4035.1708984375 16
stats: {load,"tsung_controller@jarvis"} 1 0.0 0.0 0.109375 0.0 0.04150390625 16
stats: {cpu,"tsung_controller@jarvis"} 1 0.7998000499875032 0.0 45.44401170161102 0.3635451924282312 3.4308889159630778 16
stats: session 611 1037.7866677577738 1006.4281519984238 9772.975 10.91 1024.9001143164694 9290
stats: users_count 622 9961
stats: finish_users_count 611 9901
stats: request 606 11.823407590759084 5.376784909305232 50.69 7.666 12.107130331753558 9284
stats: connect 606 0.5840825082508248 0.13857038741483022 4.208 0.307 0.5554268634209394 9284
stats: page 606 11.823407590759084 5.376784909305232 50.69 7.666 12.107130331753558 9284
stats: 200 606 9890
stats: size_rcv 156140 2547999
stats: size_sent 37572 613180
stats: connected 0 0
# stats: dump at 1516792012
stats: users 63 87
stats: {freemem,"tsung_controller@jarvis"} 1 4031.23046875 0.0 4048.65234375 4030.84375 4034.957950367647 17
stats: {load,"tsung_controller@jarvis"} 1 0.0 0.0 0.109375 0.0 0.0390625 17
stats: {cpu,"tsung_controller@jarvis"} 1 0.7633587786259541 0.0 45.44401170161102 0.3635451924282312 3.276118982670397 17
stats: session 608 984.5871085526303 967.3678415185856 9772.975 10.91 1025.6953556206445 9901
stats: users_count 611 10572
stats: finish_users_count 608 10509
stats: request 609 12.341080459770113 5.979803959785566 50.69 7.666 12.089745500505565 9890
stats: connect 610 0.5678655737704916 0.13477859790849203 4.208 0.307 0.5571827098078869 9890
stats: page 609 12.341080459770113 5.979803959785566 50.69 7.666 12.089745500505565 9890
stats: 200 609 10499
stats: size_rcv 156909 2704908
stats: size_sent 37820 651000
stats: connected 1 1
# stats: dump at 1516792022
stats: users 0 87
stats: {freemem,"tsung_controller@jarvis"} 1 4031.21875 0.0 4048.65234375 4030.84375 4034.7508680555557 18
stats: {load,"tsung_controller@jarvis"} 1 0.0 0.0 0.109375 0.0 0.03689236111111111 18
stats: {cpu,"tsung_controller@jarvis"} 1 0.5755035656199174 0.0 45.44401170161102 0.3635451924282312 3.136521193556817 18
stats: session 123 1652.08956097561 1401.6924798095702 9772.975 10.91 1023.3170309258732 10509
stats: users_count 60 10632
stats: finish_users_count 123 10632
stats: request 133 10.111105263157892 3.3006467542647555 50.69 7.666 12.104324316601584 10499
stats: connect 132 0.6598787878787882 0.19805076753131465 4.208 0.307 0.5578033333333334 10500
stats: page 133 10.111105263157892 3.3006467542647555 50.69 7.666 12.104324316601584 10499
stats: 200 133 10632
stats: size_rcv 34281 2739189
stats: size_sent 8184 659184
stats: connected -1 0
# stats: dump at 1516792023
stats: users 0 87
stats: {freemem,"tsung_controller@jarvis"} 1 4029.70703125 0.0 4048.65234375 4029.70703125 4034.5649671052633 19
stats: {load,"tsung_controller@jarvis"} 1 0.0 0.0 0.109375 0.0 0.03495065789473684 19
stats: {cpu,"tsung_controller@jarvis"} 1 0.23744063984004 0.0 45.44401170161102 0.23744063984004 3.001730792086454 19
stats: session 0 0 0 9772.975 10.91 1030.5912052294962 10632
stats: users_count 0 10632
stats: finish_users_count 0 10632
stats: request 0 0 0 50.69 7.666 12.079390331076 10632
stats: connect 0 0 0 4.208 0.307 0.5590706358164035 10632
stats: page 0 0 0 50.69 7.666 12.079390331076 10632
stats: 200 0 10632
stats: size_rcv 0 2739189
stats: size_sent 0 659184
stats: connected 0 0
EndMonitor:{1516,792023,724572}
