# stats: dump at 1517249625
stats: users 80 80
stats: {freemem,"tsung_controller@jarvis"} 1 3167.40625 0 3167.40625 3167.40625 0 0
stats: {load,"tsung_controller@jarvis"} 1 0.140625 0 0.140625 0.140625 0 0
stats: {cpu,"tsung_controller@jarvis"} 1 1.8907574626341543 0 1.8907574626341543 1.8907574626341543 0 0
stats: users_count 80 80
stats: finish_users_count 0 0
stats: request 140 2590.885878571428 916.8519195953656 3616.953 829.883 0 0
stats: connect 80 1.4236874999999996 2.988292625370506 18.868 0.457 0 0
stats: page 140 2590.885878571428 916.8519195953656 3616.953 829.883 0 0
stats: tr_loopTransaction 140 2591.0974214285716 916.8799765713538 3617.106 830.039 0 0
stats: 200 140 140
stats: size_rcv 35686 35686
stats: size_sent 29484 29484
stats: connected 80 80
# stats: dump at 1517249635
stats: users 80 80
stats: {freemem,"tsung_controller@jarvis"} 1 3163.90234375 0.0 3167.40625 3163.90234375 3167.40625 1
stats: {load,"tsung_controller@jarvis"} 1 0.109375 0.0 0.140625 0.109375 0.140625 1
stats: {cpu,"tsung_controller@jarvis"} 1 1.1950703348686669 0.0 1.8907574626341543 1.1950703348686669 1.8907574626341543 1
stats: users_count 0 80
stats: finish_users_count 0 0
stats: request 207 1915.8165072463771 285.32488538262396 3616.953 829.883 2590.885878571428 140
stats: connect 20 0.7961 0.1280601030766413 18.868 0.457 1.4236874999999996 80
stats: page 207 1915.8165072463771 285.32488538262396 3616.953 829.883 2590.885878571428 140
stats: tr_loopTransaction 207 1915.99268115942 285.31900423016634 3617.106 830.039 2591.0974214285716 140
stats: 200 207 347
stats: size_rcv 52748 88434
stats: size_sent 30420 59904
stats: connected -4 76
# stats: dump at 1517249645
stats: users 80 80
stats: {freemem,"tsung_controller@jarvis"} 1 3160.375 0.0 3167.40625 3160.375 3165.654296875 2
stats: {load,"tsung_controller@jarvis"} 1 0.1015625 0.0 0.140625 0.1015625 0.125 2
stats: {cpu,"tsung_controller@jarvis"} 1 0.9724473257698543 0.0 1.8907574626341543 0.9724473257698543 1.5429138987514106 2
stats: users_count 0 80
stats: finish_users_count 0 0
stats: request 199 1987.6840201005039 460.1259135763303 3616.953 829.883 2188.17878962536 347
stats: connect 16 0.8548124999999999 0.13292771473154127 18.868 0.457 1.2981699999999998 100
stats: page 199 1987.6840201005039 460.1259135763303 3616.953 829.883 2188.17878962536 347
stats: tr_loopTransaction 199 1987.8607386934702 460.1151060441756 3617.106 830.039 2188.3692334293946 347
stats: 200 199 546
stats: size_rcv 50732 139166
stats: size_sent 30888 90792
stats: connected -1 75
# stats: dump at 1517249655
stats: users 80 80
stats: {freemem,"tsung_controller@jarvis"} 1 3158.8671875 0.0 3167.40625 3158.8671875 3163.89453125 3
stats: {load,"tsung_controller@jarvis"} 1 0.078125 0.0 0.140625 0.078125 0.1171875 3
stats: {cpu,"tsung_controller@jarvis"} 1 1.1458463071366296 0.0 1.8907574626341543 0.9724473257698543 1.3527583744242253 3
stats: users_count 0 80
stats: finish_users_count 0 0
stats: request 194 2145.24763917526 251.75388302846704 3616.953 829.883 2115.104688644689 546
stats: connect 22 0.8174090909090908 0.14021692904240435 18.868 0.457 1.2370172413793101 116
stats: page 194 2145.24763917526 251.75388302846704 3616.953 829.883 2115.104688644689 546
stats: tr_loopTransaction 194 2145.4263041237127 251.75005666559272 3617.106 830.039 2115.290130036631 546
stats: 200 194 740
stats: size_rcv 49447 188613
stats: size_sent 30576 121368
stats: connected 2 77
# stats: dump at 1517249665
stats: users 80 80
stats: {freemem,"tsung_controller@jarvis"} 1 3157.79296875 0.0 3167.40625 3157.79296875 3162.6376953125 4
stats: {load,"tsung_controller@jarvis"} 1 0.0703125 0.0 0.140625 0.0703125 0.107421875 4
stats: {cpu,"tsung_controller@jarvis"} 1 0.9602194787379973 0.0 1.8907574626341543 0.9602194787379973 1.3010303576023263 4
stats: users_count 0 80
stats: finish_users_count 0 0
stats: request 196 2067.0846683673462 327.07048842755927 3616.953 829.883 2123.00702972973 740
stats: connect 15 0.8317999999999999 0.11854968016265024 18.868 0.457 1.170123188405797 138
stats: page 196 2067.0846683673462 327.07048842755927 3616.953 829.883 2123.00702972973 740
stats: tr_loopTransaction 196 2067.2478622448984 327.07801672735883 3617.106 830.039 2123.1906945945957 740
stats: 200 196 936
stats: size_rcv 49960 238573
stats: size_sent 31668 153036
stats: connected 1 78
# stats: dump at 1517249675
stats: users 80 80
stats: {freemem,"tsung_controller@jarvis"} 1 3156.07421875 0.0 3167.40625 3156.07421875 3161.66875 5
stats: {load,"tsung_controller@jarvis"} 1 0.05859375 0.0 0.140625 0.05859375 0.1 5
stats: {cpu,"tsung_controller@jarvis"} 1 1.24595066035385 0.0 1.8907574626341543 0.9602194787379973 1.2328681818294605 5
stats: users_count 0 80
stats: finish_users_count 0 0
stats: request 201 2040.2157114427864 190.55911764922215 3616.953 829.883 2111.296791666667 936
stats: connect 20 0.8795000000000002 0.12705490938960207 18.868 0.457 1.1369542483660129 153
stats: page 201 2040.2157114427864 190.55911764922215 3616.953 829.883 2111.296791666667 936
stats: tr_loopTransaction 201 2040.3895174129357 190.5618899700466 3617.106 830.039 2111.4761698717957 936
stats: 200 201 1137
stats: size_rcv 51237 289810
stats: size_sent 30420 183456
stats: connected -2 76
# stats: dump at 1517249685
stats: users 80 80
stats: {freemem,"tsung_controller@jarvis"} 1 3154.86328125 0.0 3167.40625 3154.86328125 3160.736328125 6
stats: {load,"tsung_controller@jarvis"} 1 0.05078125 0.0 0.140625 0.05078125 0.09309895833333333 6
stats: {cpu,"tsung_controller@jarvis"} 1 1.1462746075255419 0.0 1.8907574626341543 0.9602194787379973 1.2350485949168588 6
stats: users_count 0 80
stats: finish_users_count 0 0
stats: request 194 2051.6457164948456 296.3541134008525 3616.953 829.883 2098.7310070360604 1137
stats: connect 13 0.8446153846153847 0.12860047760501 18.868 0.457 1.1071907514450865 173
stats: page 194 2051.6457164948456 296.3541134008525 3616.953 829.883 2098.7310070360604 1137
stats: tr_loopTransaction 194 2051.812077319586 296.34961592246225 3617.106 830.039 2098.909400175902 1137
stats: 200 194 1331
stats: size_rcv 49457 339267
stats: size_sent 31356 214812
stats: connected 0 76
# stats: dump at 1517249695
stats: users 80 80
stats: {freemem,"tsung_controller@jarvis"} 1 3154.1484375 0.0 3167.40625 3154.1484375 3159.8973214285716 7
stats: {load,"tsung_controller@jarvis"} 1 0.19140625 0.0 0.19140625 0.05078125 0.08705357142857142 7
stats: {cpu,"tsung_controller@jarvis"} 1 0.9604590245727829 0.0 1.8907574626341543 0.9602194787379973 1.2223665967180994 7
stats: users_count 0 80
stats: finish_users_count 0 0
stats: request 199 2057.3958844221115 221.08341295856835 3616.953 829.883 2091.8680871525175 1331
stats: connect 17 0.7901176470588235 0.14495958152815083 18.868 0.457 1.088838709677419 186
stats: page 199 2057.3958844221115 221.08341295856835 3616.953 829.883 2091.8680871525175 1331
stats: tr_loopTransaction 199 2057.55405527638 221.07899890440672 3617.106 830.039 2092.044726521413 1331
stats: 200 199 1530
stats: size_rcv 50729 389996
stats: size_sent 30732 245544
stats: connected 3 79
# stats: dump at 1517249705
stats: users 80 80
stats: {freemem,"tsung_controller@jarvis"} 1 3154.4296875 0.0 3167.40625 3154.1484375 3159.1787109375 8
stats: {load,"tsung_controller@jarvis"} 1 0.23828125 0.0 0.23828125 0.05078125 0.10009765625 8
stats: {cpu,"tsung_controller@jarvis"} 1 0.9845463609172482 0.0 1.8907574626341543 0.9602194787379973 1.1896281501999348 8
stats: users_count 0 80
stats: finish_users_count 0 0
stats: request 197 1933.0048324873094 317.8138345548283 3616.953 829.883 2087.384447712419 1530
stats: connect 18 0.7144444444444443 0.12293007145989872 18.868 0.449 1.0638226600985219 203
stats: page 197 1933.0048324873094 317.8138345548283 3616.953 829.883 2087.384447712419 1530
stats: tr_loopTransaction 197 1933.1620000000003 317.8091904747935 3617.106 830.039 2087.5586849673205 1530
stats: 200 197 1727
stats: size_rcv 50215 440211
stats: size_sent 31668 277212
stats: connected 1 80
# stats: dump at 1517249715
stats: users 80 80
stats: {freemem,"tsung_controller@jarvis"} 1 3151.08203125 0.0 3167.40625 3151.08203125 3158.6510416666665 9
stats: {load,"tsung_controller@jarvis"} 1 0.19921875 0.0 0.23828125 0.05078125 0.1154513888888889 9
stats: {cpu,"tsung_controller@jarvis"} 1 1.0723192019950125 0.0 1.8907574626341543 0.9602194787379973 1.1668412847240808 9
stats: users_count 0 80
stats: finish_users_count 0 0
stats: request 195 2076.8434615384626 250.28078076055925 3616.953 829.883 2069.7742657788076 1727
stats: connect 11 0.7983636363636364 0.11944665810407336 18.868 0.449 1.0353665158371037 221
stats: page 195 2076.8434615384626 250.28078076055925 3616.953 829.883 2069.7742657788076 1727
stats: tr_loopTransaction 195 2077.004861538461 250.27479387695016 3617.106 830.039 2069.946555877244 1727
stats: 200 195 1922
stats: size_rcv 49702 489913
stats: size_sent 30264 307476
stats: connected -3 77
# stats: dump at 1517249725
stats: users 80 80
stats: {freemem,"tsung_controller@jarvis"} 1 3150.3828125 0.0 3167.40625 3150.3828125 3157.894140625 10
stats: {load,"tsung_controller@jarvis"} 1 0.171875 0.0 0.23828125 0.05078125 0.123828125 10
stats: {cpu,"tsung_controller@jarvis"} 1 1.1840957247912252 0.0 1.8907574626341543 0.9602194787379973 1.157389076451174 10
stats: users_count 0 80
stats: finish_users_count 0 0
stats: request 210 2191.8389095238076 220.61171853291103 3616.953 829.883 2070.4914838709683 1922
stats: connect 7 0.8118571428571428 0.10666560373620056 18.868 0.449 1.0241293103448272 232
stats: page 210 2191.8389095238076 220.61171853291103 3616.953 829.883 2070.4914838709683 1922
stats: tr_loopTransaction 210 2192.009809523809 220.6068936189049 3617.106 830.039 2070.6626690946932 1922
stats: 200 210 2132
stats: size_rcv 53529 543442
stats: size_sent 30576 338052
stats: connected -1 76
# stats: dump at 1517249735
stats: users 80 80
stats: {freemem,"tsung_controller@jarvis"} 1 3149.546875 0.0 3167.40625 3149.546875 3157.2112926136365 11
stats: {load,"tsung_controller@jarvis"} 1 0.140625 0.0 0.23828125 0.05078125 0.12819602272727273 11
stats: {cpu,"tsung_controller@jarvis"} 1 1.0597182396209948 0.0 1.8907574626341543 0.9602194787379973 1.159816953572997 11
stats: users_count 0 80
stats: finish_users_count 0 0
stats: request 196 2067.7293826530613 194.75857932773235 3616.953 829.883 2082.444091463415 2132
stats: connect 18 0.764 0.15704811718422831 18.868 0.449 1.0179121338912132 239
stats: page 196 2067.7293826530613 194.75857932773235 3616.953 829.883 2082.444091463415 2132
stats: tr_loopTransaction 196 2067.889219387755 194.76655755939865 3617.106 830.039 2082.6152485928706 2132
stats: 200 196 2328
stats: size_rcv 49958 593400
stats: size_sent 30888 368940
stats: connected 0 76
# stats: dump at 1517249736
stats: users 80 80
stats: {freemem,"tsung_controller@jarvis"} 0 0 0 3167.40625 3149.546875 3156.5725911458335 12
stats: {load,"tsung_controller@jarvis"} 0 0 0 0.23828125 0.05078125 0.12923177083333334 12
stats: {cpu,"tsung_controller@jarvis"} 0 0 0 1.8907574626341543 0.9602194787379973 1.1514753940769968 12
stats: users_count 0 80
stats: finish_users_count 0 0
stats: request 17 2087.617294117647 156.47209038478425 3616.953 829.883 2081.2052242268046 2328
stats: connect 1 0.778 0.0 18.868 0.449 1.0001284046692605 257
stats: page 17 2087.617294117647 156.47209038478425 3616.953 829.883 2081.2052242268046 2328
stats: tr_loopTransaction 17 2087.776529411765 156.47038881944388 3617.106 830.039 2081.3754282646046 2328
stats: 200 17 2345
stats: size_rcv 4334 597734
stats: size_sent 3900 372840
stats: connected 1 77
stats: error_abort 1 1
EndMonitor:{1517,249736,377166}
