# stats: dump at 1516793564
stats: users 196 213
stats: {freemem,"tsung_controller@jarvis"} 1 4010.5703125 0 4010.5703125 4010.5703125 0 0
stats: {load,"tsung_controller@jarvis"} 1 0.0 0 0.0 0.0 0 0
stats: {cpu,"tsung_controller@jarvis"} 1 45.401648557502824 0 45.401648557502824 45.401648557502824 0 0
stats: session 1069 1112.9640084190821 848.3118234886878 6780.827 18.012 0 0
stats: users_count 1265 1265
stats: finish_users_count 1069 1069
stats: connect 1056 0.46067803030303045 0.13166035609027224 4.315 0.329 0 0
stats: request 994 227.3935140845071 155.88736939831873 662.661 7.762 0 0
stats: page 994 227.3935140845071 155.88736939831873 662.661 7.762 0 0
stats: 200 994 994
stats: size_rcv 254741 254741
stats: size_sent 65472 65472
stats: connected 62 62
# stats: dump at 1516793574
stats: users 371 387
stats: {freemem,"tsung_controller@jarvis"} 1 4008.69140625 0.0 4010.5703125 4008.69140625 4010.5703125 1
stats: {load,"tsung_controller@jarvis"} 1 0.0 0.0 0.0 0.0 0.0 1
stats: {cpu,"tsung_controller@jarvis"} 1 0.5446485117162762 0.0 45.401648557502824 0.5446485117162762 45.401648557502824 1
stats: session 1346 1731.8580594353657 1119.3181275772456 8532.479 18.012 1112.9640084190821 1069
stats: users_count 1521 2786
stats: finish_users_count 1346 2415
stats: request 1350 672.7835755555567 307.66185682535445 1770.201 7.762 227.3935140845071 994
stats: connect 1469 0.44958407079645946 0.05493978922975918 4.315 0.256 0.46067803030303045 1056
stats: page 1350 672.7835755555567 307.66185682535445 1770.201 7.762 227.3935140845071 994
stats: 200 1350 2344
stats: size_rcv 345458 600199
stats: size_sent 91078 156550
stats: connected 119 181
# stats: dump at 1516793584
stats: users 175 442
stats: {freemem,"tsung_controller@jarvis"} 1 4003.5234375 0.0 4010.5703125 4003.5234375 4009.630859375 2
stats: {load,"tsung_controller@jarvis"} 1 0.0 0.0 0.0 0.0 0.0 2
stats: {cpu,"tsung_controller@jarvis"} 1 0.9986095310327393 0.0 45.401648557502824 0.5446485117162762 22.97314853460955 2
stats: session 1619 2391.602471278566 1169.9379439165598 10036.786 17.358 1457.9045436853007 2415
stats: users_count 1423 4209
stats: finish_users_count 1619 4034
stats: connect 1488 13.425809139784938 114.07898724849508 1034.679 0.256 0.45422376237623724 2525
stats: page 1638 1408.9506275946264 540.6727812368363 2872.547 6.102 483.9108276450519 2344
stats: request 1638 1408.9506275946264 540.6727812368363 2872.547 6.102 483.9108276450519 2344
stats: 200 1638 3982
stats: size_rcv 418626 1018825
stats: size_sent 92256 248806
stats: connected -150 31
# stats: dump at 1516793594
stats: users 240 442
stats: {freemem,"tsung_controller@jarvis"} 1 3999.078125 0.0 4010.5703125 3999.078125 4007.5950520833335 3
stats: {load,"tsung_controller@jarvis"} 1 0.078125 0.0 0.078125 0.0 0.0 3
stats: {cpu,"tsung_controller@jarvis"} 1 1.3162890773319833 0.0 45.401648557502824 0.5446485117162762 15.648302200083947 3
stats: session 1354 1501.9292503692775 1112.2789170366905 10036.786 15.359 1832.6335830441249 4034
stats: users_count 1419 5628
stats: finish_users_count 1354 5388
stats: request 1347 449.7456466221228 421.50225656397095 2872.547 6.102 864.4269482672024 3982
stats: page 1347 449.7456466221228 421.50225656397095 2872.547 6.102 864.4269482672024 3982
stats: connect 1413 0.46724840764331166 0.05187781530090035 1034.679 0.256 5.264021679541487 4013
stats: 200 1347 5329
stats: size_rcv 345003 1363828
stats: size_sent 87606 336412
stats: connected 66 97
# stats: dump at 1516793604
stats: users 255 442
stats: {freemem,"tsung_controller@jarvis"} 1 3988.19921875 0.0 4010.5703125 3988.19921875 4005.4658203125 4
stats: {load,"tsung_controller@jarvis"} 1 0.0703125 0.0 0.078125 0.0 0.01953125 4
stats: {cpu,"tsung_controller@jarvis"} 1 0.6327512022272842 0.0 45.401648557502824 0.5446485117162762 12.065298919395955 4
stats: session 1370 1390.6161153284672 1066.6322574870671 10036.786 15.359 1749.5278543058653 5388
stats: users_count 1385 7013
stats: finish_users_count 1370 6758
stats: request 1389 396.158087113031 380.9751661434013 2872.547 6.102 759.6088373053104 5329
stats: connect 1377 0.45574146695715234 0.05418240235478602 1034.679 0.256 4.014880390711387 5426
stats: page 1389 396.158087113031 380.9751661434013 2872.547 6.102 759.6088373053104 5329
stats: 200 1389 6718
stats: size_rcv 355854 1719682
stats: size_sent 85374 421786
stats: connected -12 85
# stats: dump at 1516793614
stats: users 155 442
stats: {freemem,"tsung_controller@jarvis"} 1 3992.5390625 0.0 4010.5703125 3988.19921875 4002.0125 5
stats: {load,"tsung_controller@jarvis"} 1 0.05859375 0.0 0.078125 0.0 0.0296875 5
stats: {cpu,"tsung_controller@jarvis"} 1 0.6468797564687976 0.0 45.401648557502824 0.5446485117162762 9.778789375962221 5
stats: session 1519 1624.6049914417404 1077.6399242799266 10036.786 15.359 1676.7682978691923 6758
stats: users_count 1419 8432
stats: finish_users_count 1519 8277
stats: connect 1423 0.45153267744202435 0.0951461952754987 1034.679 0.256 3.294472585623987 6803
stats: request 1468 637.2732002724788 492.2864039926824 2872.547 6.102 684.4625002977076 6718
stats: page 1468 637.2732002724788 492.2864039926824 2872.547 6.102 684.4625002977076 6718
stats: 200 1468 8186
stats: size_rcv 375653 2095335
stats: size_sent 88226 510012
stats: connected -45 40
# stats: dump at 1516793624
stats: users 207 442
stats: {freemem,"tsung_controller@jarvis"} 1 3991.609375 0.0 4010.5703125 3988.19921875 4000.43359375 6
stats: {load,"tsung_controller@jarvis"} 1 0.05078125 0.0 0.078125 0.0 0.034505208333333336 6
stats: {cpu,"tsung_controller@jarvis"} 1 0.7477820025348543 0.0 45.401648557502824 0.5446485117162762 8.256804439379984 6
stats: session 1372 1524.3758476676376 1100.821334234394 10036.786 14.819 1667.1952566147163 8277
stats: users_count 1424 9856
stats: finish_users_count 1372 9649
stats: request 1341 481.2850410141682 419.6885046167525 2872.547 6.102 676.0000164915708 8186
stats: page 1341 481.2850410141682 419.6885046167525 2872.547 6.102 676.0000164915708 8186
stats: connect 1427 0.466395234758234 0.07503741224134072 1034.679 0.256 2.802677850717236 8226
stats: 200 1341 9527
stats: size_rcv 343359 2438694
stats: size_sent 88474 598486
stats: connected 86 126
# stats: dump at 1516793634
stats: users 229 442
stats: {freemem,"tsung_controller@jarvis"} 1 3992.34375 0.0 4010.5703125 3988.19921875 3999.1729910714284 7
stats: {load,"tsung_controller@jarvis"} 1 0.0390625 0.0 0.078125 0.0 0.036830357142857144 7
stats: {cpu,"tsung_controller@jarvis"} 1 0.6577283076144701 0.0 45.401648557502824 0.5446485117162762 7.184086948402109 7
stats: session 1415 1776.0877215547682 1088.940638276091 10036.786 14.819 1646.8876362317344 9649
stats: users_count 1437 11293
stats: finish_users_count 1415 11064
stats: request 1428 793.187968487394 463.4331538222479 2872.547 6.102 648.5923559357614 9527
stats: page 1428 793.187968487394 463.4331538222479 2872.547 6.102 648.5923559357614 9527
stats: connect 1453 0.46200412938747437 0.05638742431552021 1034.679 0.256 2.4573059152595027 9653
stats: 200 1428 10955
stats: size_rcv 365153 2803847
stats: size_sent 90086 688572
stats: connected 25 151
# stats: dump at 1516793644
stats: users 271 442
stats: {freemem,"tsung_controller@jarvis"} 1 3992.109375 0.0 4010.5703125 3988.19921875 3998.3193359375 8
stats: {load,"tsung_controller@jarvis"} 1 0.03125 0.0 0.078125 0.0 0.037109375 8
stats: {cpu,"tsung_controller@jarvis"} 1 0.7606490872210954 0.0 45.401648557502824 0.5446485117162762 6.368292118303653 8
stats: session 1473 1672.5944372029933 1120.4346085532545 10036.786 14.819 1663.4113275488073 11064
stats: users_count 1515 12808
stats: finish_users_count 1473 12537
stats: request 1571 660.4879853596435 467.4009916677043 2872.547 6.102 667.4406019169327 10955
stats: connect 1488 0.4644079301075261 0.054462953439273265 1034.679 0.256 2.1962602197010606 11106
stats: page 1571 660.4879853596435 467.4009916677043 2872.547 6.102 667.4406019169327 10955
stats: 200 1571 12526
stats: size_rcv 402013 3205860
stats: size_sent 92256 780828
stats: connected -83 68
# stats: dump at 1516793654
stats: users 226 442
stats: {freemem,"tsung_controller@jarvis"} 1 3991.83203125 0.0 4010.5703125 3988.19921875 3997.629340277778 9
stats: {load,"tsung_controller@jarvis"} 1 0.03125 0.0 0.078125 0.0 0.036458333333333336 9
stats: {cpu,"tsung_controller@jarvis"} 1 1.188369152970923 0.0 45.401648557502824 0.5446485117162762 5.745220670405591 9
stats: session 1448 1932.9309896408804 1090.5606015126987 10036.786 12.046 1664.4902715163128 12537
stats: users_count 1403 14211
stats: finish_users_count 1448 13985
stats: request 1434 959.6141408647146 524.7259808671445 2872.547 6.056 666.568610809516 12526
stats: page 1434 959.6141408647146 524.7259808671445 2872.547 6.056 666.568610809516 12526
stats: connect 1435 0.4486236933797916 0.05466297624283561 1034.679 0.256 1.9916392726695236 12594
stats: 200 1434 13960
stats: size_rcv 366741 3572601
stats: size_sent 88970 869798
stats: connected 1 69
# stats: dump at 1516793664
stats: users 183 442
stats: {freemem,"tsung_controller@jarvis"} 1 3991.78125 0.0 4010.5703125 3988.19921875 3997.049609375 10
stats: {load,"tsung_controller@jarvis"} 1 0.01953125 0.0 0.078125 0.0 0.0359375 10
stats: {cpu,"tsung_controller@jarvis"} 1 0.9857197017566031 0.0 45.401648557502824 0.5446485117162762 5.289535518662125 10
stats: session 1514 1702.8165297225914 1043.6544617211482 10036.786 12.046 1692.2844910260999 13985
stats: users_count 1471 15682
stats: finish_users_count 1514 15499
stats: request 1520 716.2088124999997 486.15107720609984 2872.547 6.056 696.6708522206303 13960
stats: connect 1461 0.4509767282683104 0.05424767149159014 1034.679 0.256 1.833807113835625 14029
stats: page 1520 716.2088124999997 486.15107720609984 2872.547 6.056 696.6708522206303 13960
stats: 200 1520 15480
stats: size_rcv 388880 3961481
stats: size_sent 90582 960380
stats: connected -59 10
# stats: dump at 1516793674
stats: users 248 442
stats: {freemem,"tsung_controller@jarvis"} 1 3991.62890625 0.0 4010.5703125 3988.19921875 3996.5706676136365 11
stats: {load,"tsung_controller@jarvis"} 1 0.01953125 0.0 0.078125 0.0 0.03444602272727273 11
stats: {cpu,"tsung_controller@jarvis"} 1 1.1859702245773405 0.0 45.401648557502824 0.5446485117162762 4.8982795353070765 11
stats: session 1367 1611.977204096565 1135.807751239544 10036.786 12.046 1693.3132997612756 15499
stats: users_count 1432 17114
stats: finish_users_count 1367 16866
stats: request 1360 598.4533977941182 488.8668800261113 2872.547 6.056 698.5893082687338 15480
stats: connect 1443 0.48375051975051947 0.065919132859887 1034.679 0.256 1.7033800516462223 15490
stats: page 1360 598.4533977941182 488.8668800261113 2872.547 6.056 698.5893082687338 15480
stats: 200 1360 16840
stats: size_rcv 348105 4309586
stats: size_sent 89466 1049846
stats: connected 83 93
# stats: dump at 1516793684
stats: users 299 442
stats: {freemem,"tsung_controller@jarvis"} 1 3991.40625 0.0 4010.5703125 3988.19921875 3996.1588541666665 12
stats: {load,"tsung_controller@jarvis"} 1 0.01953125 0.0 0.078125 0.0 0.033203125 12
stats: {cpu,"tsung_controller@jarvis"} 1 0.6062136903258398 0.0 45.401648557502824 0.5446485117162762 4.588920426079598 12
stats: session 1380 2165.030173188407 1093.8883923234127 10036.786 12.046 1686.7209576070209 16866
stats: users_count 1431 18545
stats: finish_users_count 1380 18246
stats: request 1391 1143.378374550682 407.5903656859136 2872.547 6.056 690.5023226247031 16840
stats: page 1391 1143.378374550682 407.5903656859136 2872.547 6.056 690.5023226247031 16840
stats: connect 1439 0.463893676164003 0.053601641950343476 1034.679 0.256 1.5994454024685514 16933
stats: 200 1391 18231
stats: size_rcv 355196 4664782
stats: size_sent 89218 1139064
stats: connected 48 141
# stats: dump at 1516793694
stats: users 331 442
stats: {freemem,"tsung_controller@jarvis"} 1 3990.9921875 0.0 4010.5703125 3988.19921875 3995.793269230769 13
stats: {load,"tsung_controller@jarvis"} 1 0.01171875 0.0 0.078125 0.0 0.032151442307692304 13
stats: {cpu,"tsung_controller@jarvis"} 1 0.9490067063140579 0.0 45.401648557502824 0.5446485117162762 4.282558369483155 13
stats: session 1463 1751.9586062884491 1096.09392707442 10036.786 12.046 1722.8969259015685 18246
stats: users_count 1495 20040
stats: finish_users_count 1463 19709
stats: request 1474 749.3683392130284 494.3545760117846 2872.547 6.056 725.0561369096592 18231
stats: connect 1489 0.47984486232370743 0.050836687671697016 1034.679 0.256 1.510502503810145 18372
stats: page 1474 749.3683392130284 494.3545760117846 2872.547 6.056 725.0561369096592 18231
stats: 200 1474 19705
stats: size_rcv 377076 5041858
stats: size_sent 92318 1231382
stats: connected 15 156
# stats: dump at 1516793704
stats: users 272 442
stats: {freemem,"tsung_controller@jarvis"} 1 3990.83203125 0.0 4010.5703125 3988.19921875 3995.4503348214284 14
stats: {load,"tsung_controller@jarvis"} 1 0.01171875 0.0 0.078125 0.0 0.03069196428571428 14
stats: {cpu,"tsung_controller@jarvis"} 1 1.0244087517389655 0.0 45.401648557502824 0.5446485117162762 4.044447536399648 14
stats: session 1483 1710.7691523937963 1135.8578037684836 10271.219 12.046 1725.0541758080074 19709
stats: users_count 1424 21464
stats: finish_users_count 1483 21192
stats: request 1481 714.8232943956791 583.3962741439034 2872.547 6.056 726.8747710733318 19705
stats: connect 1412 0.4654490084985831 0.05475820742944945 1034.679 0.256 1.4332330194854228 19861
stats: page 1481 714.8232943956791 583.3962741439034 2872.547 6.056 726.8747710733318 19705
stats: 200 1481 21186
stats: size_rcv 378908 5420766
stats: size_sent 87544 1318926
stats: connected -69 87
# stats: dump at 1516793714
stats: users 200 442
stats: {freemem,"tsung_controller@jarvis"} 1 3990.82421875 0.0 4010.5703125 3988.19921875 3995.1424479166667 15
stats: {load,"tsung_controller@jarvis"} 1 0.01171875 0.0 0.078125 0.0 0.02942708333333333 15
stats: {cpu,"tsung_controller@jarvis"} 1 0.8861881250791239 0.0 45.401648557502824 0.5446485117162762 3.8431116174222693 15
stats: session 1495 1829.4676989966558 1107.196153156357 10271.219 12.046 1724.0545207625526 21192
stats: users_count 1423 22887
stats: finish_users_count 1495 22687
stats: connect 1450 0.4593055172413794 0.053920795398960865 1034.679 0.256 1.368996145348563 21273
stats: request 1485 827.0293582491576 511.7448611111493 2872.547 6.056 726.0323167657889 21186
stats: page 1485 827.0293582491576 511.7448611111493 2872.547 6.056 726.0323167657889 21186
stats: 200 1485 22671
stats: size_rcv 379714 5800480
stats: size_sent 89900 1408826
stats: connected -35 52
# stats: dump at 1516793724
stats: users 297 442
stats: {freemem,"tsung_controller@jarvis"} 1 3990.5 0.0 4010.5703125 3988.19921875 3994.87255859375 16
stats: {load,"tsung_controller@jarvis"} 1 0.01171875 0.0 0.078125 0.0 0.028320312499999997 16
stats: {cpu,"tsung_controller@jarvis"} 1 0.7858048162230671 0.0 45.401648557502824 0.5446485117162762 3.6583038991508228 16
stats: session 1367 1782.009008046817 1157.2815593741104 10271.219 12.046 1731.0009086260861 22687
stats: users_count 1464 24351
stats: finish_users_count 1367 24054
stats: request 1371 751.1677009482123 530.588656400173 2872.547 6.056 732.6478435005074 22671
stats: connect 1463 0.4434504442925501 0.04780811610265032 1034.679 0.256 1.3109469700303649 22723
stats: page 1371 751.1677009482123 530.588656400173 2872.547 6.056 732.6478435005074 22671
stats: 200 1371 24042
stats: size_rcv 350658 6151138
stats: size_sent 90706 1499532
stats: connected 92 144
# stats: dump at 1516793734
stats: users 236 442
stats: {freemem,"tsung_controller@jarvis"} 1 3989.9140625 0.0 4010.5703125 3988.19921875 3994.615349264706 17
stats: {load,"tsung_controller@jarvis"} 1 0.0 0.0 0.078125 0.0 0.027343749999999997 17
stats: {cpu,"tsung_controller@jarvis"} 1 0.7480664384430075 0.0 45.401648557502824 0.5446485117162762 3.489333364860955 17
stats: session 1479 1551.7406308316417 1133.6244728376084 10271.219 12.046 1733.8997226240963 24054
stats: users_count 1418 25769
stats: finish_users_count 1479 25533
stats: request 1491 583.7690462776671 508.65027093520484 2872.547 6.056 733.7039421845105 24042
stats: connect 1451 0.43241695382494866 0.05459694267546366 1034.679 0.256 1.258472504754816 24186
stats: page 1491 583.7690462776671 508.65027093520484 2872.547 6.056 733.7039421845105 24042
stats: 200 1491 25533
stats: size_rcv 381650 6532788
stats: size_sent 89962 1589494
stats: connected -40 104
# stats: dump at 1516793744
stats: users 0 442
stats: {freemem,"tsung_controller@jarvis"} 1 3989.8046875 0.0 4010.5703125 3988.19921875 3994.3541666666665 18
stats: {load,"tsung_controller@jarvis"} 1 0.0 0.0 0.078125 0.0 0.025824652777777776 18
stats: {cpu,"tsung_controller@jarvis"} 1 0.7336200354161396 0.0 45.401648557502824 0.5446485117162762 3.3370407578377357 18
stats: session 239 2273.9988702928836 1232.6417867433734 10271.219 12.046 1723.3481502761138 25533
stats: users_count 3 25772
stats: finish_users_count 239 25772
stats: request 239 728.6684937238495 564.1986092103512 2872.547 6.056 724.9484912074572 25533
stats: connect 135 0.49094074074074084 0.13637762187250319 1034.679 0.256 1.2117195069625923 25637
stats: page 239 728.6684937238495 564.1986092103512 2872.547 6.056 724.9484912074572 25533
stats: 200 239 25772
stats: size_rcv 61223 6594011
stats: size_sent 8370 1597864
stats: connected -104 0
# stats: dump at 1516793745
stats: users 0 442
stats: {freemem,"tsung_controller@jarvis"} 0 0 0 4010.5703125 3988.19921875 3994.1147203947367 19
stats: {load,"tsung_controller@jarvis"} 0 0 0 0.078125 0.0 0.02446546052631579 19
stats: {cpu,"tsung_controller@jarvis"} 0 0 0 45.401648557502824 0.5446485117162762 3.200018614552388 19
stats: session 0 0 0 10271.219 12.046 1728.4546814760208 25772
stats: users_count 0 25772
stats: finish_users_count 0 25772
stats: request 0 0 0 2872.547 6.056 724.982989135496 25772
stats: connect 0 0 0 1034.679 0.256 1.2079438925966157 25772
stats: page 0 0 0 2872.547 6.056 724.982989135496 25772
stats: 200 0 25772
stats: size_rcv 0 6594011
stats: size_sent 0 1597864
stats: connected 0 0
EndMonitor:{1516,793745,156137}
