# stats: dump at 1516792796
stats: users 108 126
stats: {freemem,"tsung_controller@jarvis"} 1 4051.29296875 0 4051.29296875 4051.29296875 0 0
stats: {load,"tsung_controller@jarvis"} 1 0.21875 0 0.21875 0.21875 0 0
stats: {cpu,"tsung_controller@jarvis"} 1 45.42052888500355 0 45.42052888500355 45.42052888500355 0 0
stats: session 837 893.7474062126635 825.9335583485798 5071.042 18.581 0 0
stats: users_count 945 945
stats: finish_users_count 837 837
stats: request 790 21.330435443037995 12.804043625642308 71.792 7.769 0 0
stats: connect 790 0.4793974683544307 0.1615039569015468 4.554 0.322 0 0
stats: page 790 21.330435443037995 12.804043625642308 71.792 7.769 0 0
stats: 200 790 790
stats: size_rcv 203235 203235
stats: size_sent 48980 48980
stats: connected 0 0
# stats: dump at 1516792806
stats: users 143 146
stats: {freemem,"tsung_controller@jarvis"} 1 4049.9140625 0.0 4051.29296875 4049.9140625 4051.29296875 1
stats: {load,"tsung_controller@jarvis"} 1 0.26171875 0.0 0.26171875 0.21875 0.21875 1
stats: {cpu,"tsung_controller@jarvis"} 1 0.5800756620428752 0.0 45.42052888500355 0.5800756620428752 45.42052888500355 1
stats: session 1025 1000.4034780487816 931.4442727720829 5929.869 16.865 893.7474062126635 837
stats: users_count 1060 2005
stats: finish_users_count 1025 1862
stats: request 1020 21.683789215686243 13.086019581519928 81.282 7.719 21.330435443037995 790
stats: page 1020 21.683789215686243 13.086019581519928 81.282 7.719 21.330435443037995 790
stats: connect 1020 0.5485019607843139 0.33769502280538255 4.554 0.322 0.4793974683544307 790
stats: 200 1020 1810
stats: size_rcv 262379 465614
stats: size_sent 63240 112220
stats: connected 0 0
# stats: dump at 1516792816
stats: users 103 146
stats: {freemem,"tsung_controller@jarvis"} 1 4047.671875 0.0 4051.29296875 4047.671875 4050.603515625 2
stats: {load,"tsung_controller@jarvis"} 1 0.51953125 0.0 0.51953125 0.21875 0.240234375 2
stats: {cpu,"tsung_controller@jarvis"} 1 0.8693461005417664 0.0 45.42052888500355 0.5800756620428752 23.00030227352321 2
stats: session 1107 1079.2652990063204 1069.7576319457153 7769.057 16.536 952.4597980665952 1862
stats: users_count 1067 3072
stats: finish_users_count 1107 2969
stats: connect 1113 0.8177322551662164 0.8925244068943441 4.879 0.305 0.518340331491713 1810
stats: page 1106 34.32122784810124 20.29178638019884 105.154 7.664 21.529562983425404 1810
stats: request 1106 34.32122784810124 20.29178638019884 105.154 7.664 21.529562983425404 1810
stats: 200 1106 2916
stats: size_rcv 284320 749934
stats: size_sent 69006 181226
stats: connected 7 7
# stats: dump at 1516792826
stats: users 112 146
stats: {freemem,"tsung_controller@jarvis"} 1 4047.9296875 0.0 4051.29296875 4047.671875 4049.6263020833335 3
stats: {load,"tsung_controller@jarvis"} 1 0.671875 0.0 0.671875 0.21875 0.3333333333333333 3
stats: {cpu,"tsung_controller@jarvis"} 1 0.7316765485051091 0.0 45.42052888500355 0.5800756620428752 15.623316882529396 3
stats: session 1048 983.7116364503815 942.2234262431266 7769.057 16.536 999.7395857190965 2969
stats: users_count 1057 4129
stats: finish_users_count 1048 4017
stats: request 1060 27.6936150943396 17.438709388992468 105.154 7.664 26.381271262002727 2916
stats: connect 1054 0.4715132827324468 0.062348056778862994 4.879 0.305 0.6323407458091 2923
stats: page 1060 27.6936150943396 17.438709388992468 105.154 7.664 26.381271262002727 2916
stats: 200 1060 3976
stats: size_rcv 272544 1022478
stats: size_sent 65348 246574
stats: connected -6 1
# stats: dump at 1516792836
stats: users 95 146
stats: {freemem,"tsung_controller@jarvis"} 1 4046.64453125 0.0 4051.29296875 4046.64453125 4049.2021484375 4
stats: {load,"tsung_controller@jarvis"} 1 0.640625 0.0 0.671875 0.21875 0.41796875 4
stats: {cpu,"tsung_controller@jarvis"} 1 0.5304369790351099 0.0 45.42052888500355 0.5304369790351099 11.900406799023324 4
stats: session 1098 1074.9111867030967 996.2956251540546 7769.057 16.536 995.5580346029368 4017
stats: users_count 1081 5210
stats: finish_users_count 1098 5115
stats: request 1090 27.64682844036697 17.41381934084837 105.154 7.664 26.731141599597567 3976
stats: connect 1099 0.45647770700636897 0.058885819743794754 4.879 0.305 0.5897176263515208 3977
stats: page 1090 27.64682844036697 17.41381934084837 105.154 7.664 26.731141599597567 3976
stats: 200 1090 5066
stats: size_rcv 280288 1302766
stats: size_sent 68138 314712
stats: connected 9 10
# stats: dump at 1516792846
stats: users 108 146
stats: {freemem,"tsung_controller@jarvis"} 1 4045.9765625 0.0 4051.29296875 4045.9765625 4048.690625 5
stats: {load,"tsung_controller@jarvis"} 1 0.62109375 0.0 0.671875 0.21875 0.4625 5
stats: {cpu,"tsung_controller@jarvis"} 1 0.5289672544080605 0.0 45.42052888500355 0.5289672544080605 9.62641283502568 5
stats: session 1037 1021.9993114754088 998.3498003261029 7769.057 16.536 1012.5922009775165 5115
stats: users_count 1050 6260
stats: finish_users_count 1037 6152
stats: request 1057 26.61319016083256 15.671156993605743 105.154 7.663 26.9281606790367 5066
stats: page 1057 26.61319016083256 15.671156993605743 105.154 7.663 26.9281606790367 5066
stats: connect 1051 0.4528268315889629 0.06215854382356169 4.879 0.299 0.5608699763593377 5076
stats: 200 1057 6123
stats: size_rcv 271760 1574526
stats: size_sent 65162 379874
stats: connected -6 4
# stats: dump at 1516792856
stats: users 112 146
stats: {freemem,"tsung_controller@jarvis"} 1 4056.26953125 0.0 4056.26953125 4045.9765625 4048.23828125 6
stats: {load,"tsung_controller@jarvis"} 1 0.6015625 0.0 0.671875 0.21875 0.4889322916666667 6
stats: {cpu,"tsung_controller@jarvis"} 1 0.5297679112008072 0.0 45.42052888500355 0.5289672544080605 8.110171904922744 6
stats: session 1058 1014.4430623818528 1004.6176295982916 7769.057 16.536 1014.1778923927171 6152
stats: users_count 1062 7322
stats: finish_users_count 1058 7210
stats: request 1062 27.9829679849341 19.785176403347858 105.154 7.663 26.873788012412206 6123
stats: connect 1062 0.47124482109227894 0.06348738583814283 4.879 0.299 0.5423367063815894 6127
stats: page 1062 27.9829679849341 19.785176403347858 105.154 7.663 26.873788012412206 6123
stats: 200 1062 7185
stats: size_rcv 273071 1847597
stats: size_sent 65844 445718
stats: connected 0 4
# stats: dump at 1516792866
stats: users 102 146
stats: {freemem,"tsung_controller@jarvis"} 1 4055.95703125 0.0 4056.26953125 4045.9765625 4049.3856026785716 7
stats: {load,"tsung_controller@jarvis"} 1 0.58984375 0.0 0.671875 0.21875 0.5050223214285714 7
stats: {cpu,"tsung_controller@jarvis"} 1 0.6557377049180327 0.0 45.42052888500355 0.5289672544080605 7.027257048676753 7
stats: session 1125 1007.959988444446 951.1609088724698 7769.057 15.844 1014.216803606102 7210
stats: users_count 1115 8437
stats: finish_users_count 1125 8335
stats: request 1120 35.85259464285709 22.84186161583066 124.966 7.663 27.037733611691017 7185
stats: connect 1116 0.4591738351254481 0.06532415913742973 4.879 0.299 0.5318346084295449 7189
stats: page 1120 35.85259464285709 22.84186161583066 124.966 7.663 27.037733611691017 7185
stats: 200 1120 8305
stats: size_rcv 287929 2135526
stats: size_sent 69192 514910
stats: connected -4 0
# stats: dump at 1516792876
stats: users 124 146
stats: {freemem,"tsung_controller@jarvis"} 1 4051.6328125 0.0 4056.26953125 4045.9765625 4050.20703125 8
stats: {load,"tsung_controller@jarvis"} 1 0.5 0.0 0.671875 0.21875 0.515625 8
stats: {cpu,"tsung_controller@jarvis"} 1 0.6686009839788066 0.0 45.42052888500355 0.5289672544080605 6.230817130706913 8
stats: session 1047 991.3586704871063 947.340716572573 7769.057 15.844 1013.3723024595078 8335
stats: users_count 1069 9506
stats: finish_users_count 1047 9382
stats: request 1042 29.081458733205405 20.455860227418725 124.966 7.663 28.226492715231775 8305
stats: connect 1044 0.48253160919540194 0.0720487672547403 4.879 0.299 0.5220706803130643 8305
stats: page 1042 29.081458733205405 20.455860227418725 124.966 7.663 28.226492715231775 8305
stats: 200 1042 9347
stats: size_rcv 267934 2403460
stats: size_sent 64728 579638
stats: connected 2 2
# stats: dump at 1516792886
stats: users 107 146
stats: {freemem,"tsung_controller@jarvis"} 1 4053.1328125 0.0 4056.26953125 4045.9765625 4050.3654513888887 9
stats: {load,"tsung_controller@jarvis"} 1 0.421875 0.0 0.671875 0.21875 0.5138888888888888 9
stats: {cpu,"tsung_controller@jarvis"} 1 0.6172839506172839 0.0 45.42052888500355 0.5289672544080605 5.6127931144037895 9
stats: session 1097 1030.1240610756604 997.3089383422157 7769.057 15.141 1010.915654338094 9382
stats: users_count 1080 10586
stats: finish_users_count 1097 10479
stats: request 1097 21.158874202370075 14.604810241935809 124.966 7.663 28.321804001283823 9347
stats: page 1097 21.158874202370075 14.604810241935809 124.966 7.663 28.321804001283823 9347
stats: connect 1102 0.4819582577132488 0.06719161644954204 4.879 0.299 0.5176553642100757 9349
stats: 200 1097 10444
stats: size_rcv 282325 2685785
stats: size_sent 68324 647962
stats: connected 6 8
# stats: dump at 1516792896
stats: users 111 146
stats: {freemem,"tsung_controller@jarvis"} 1 4051.9140625 0.0 4056.26953125 4045.9765625 4050.6421875 10
stats: {load,"tsung_controller@jarvis"} 1 0.359375 0.0 0.671875 0.21875 0.5046875 10
stats: {cpu,"tsung_controller@jarvis"} 1 0.7681652184863368 0.0 45.42052888500355 0.5289672544080605 5.113242198025139 10
stats: session 1058 1026.0142703213612 1025.9411995906833 7769.057 14.009 1012.9264971848455 10479
stats: users_count 1062 11648
stats: finish_users_count 1058 11537
stats: request 1072 25.502562499999996 14.44081024246146 124.966 7.663 27.569435752585203 10444
stats: connect 1065 0.47177652582159657 0.06542237498359005 4.879 0.299 0.5138913022677254 10451
stats: page 1072 25.502562499999996 14.44081024246146 124.966 7.663 27.569435752585203 10444
stats: 200 1072 11516
stats: size_rcv 275648 2961433
stats: size_sent 66030 713992
stats: connected -8 0
# stats: dump at 1516792906
stats: users 123 146
stats: {freemem,"tsung_controller@jarvis"} 1 4051.78125 0.0 4056.26953125 4045.9765625 4050.7578125 11
stats: {load,"tsung_controller@jarvis"} 1 0.30078125 0.0 0.671875 0.21875 0.4914772727272727 11
stats: {cpu,"tsung_controller@jarvis"} 1 0.5045408678102926 0.0 45.42052888500355 0.5045408678102926 4.718235199885249 11
stats: session 1021 1061.6665210577855 1108.8586642784926 8264.13 14.009 1014.1267107566955 11537
stats: users_count 1033 12681
stats: finish_users_count 1021 12558
stats: page 1015 30.139591133004927 19.069045935390413 124.966 7.663 27.377034907954137 11516
stats: request 1015 30.139591133004927 19.069045935390413 124.966 7.663 27.377034907954137 11516
stats: connect 1017 0.4570481809242865 0.06526592331718863 4.879 0.295 0.5099965265717261 11516
stats: 200 1015 12531
stats: size_rcv 260979 3222412
stats: size_sent 63054 777046
stats: connected 2 2
# stats: dump at 1516792916
stats: users 129 146
stats: {freemem,"tsung_controller@jarvis"} 1 4051.6015625 0.0 4056.26953125 4045.9765625 4050.8430989583335 12
stats: {load,"tsung_controller@jarvis"} 1 0.25 0.0 0.671875 0.21875 0.4755859375 12
stats: {cpu,"tsung_controller@jarvis"} 1 0.4668180671208681 0.0 45.42052888500355 0.4668180671208681 4.3670940055456695 12
stats: session 1053 1068.204905982904 1040.8313695586091 8264.13 12.949 1017.9918283166105 12558
stats: users_count 1059 13740
stats: finish_users_count 1053 13611
stats: connect 1065 0.4621089201877933 0.061502741381385215 4.879 0.295 0.5056999920210642 12533
stats: page 1067 23.187061855670038 14.436284316987436 124.966 7.663 27.60079953714786 12531
stats: request 1067 23.187061855670038 14.436284316987436 124.966 7.663 27.60079953714786 12531
stats: 200 1067 13598
stats: size_rcv 274407 3496819
stats: size_sent 66030 843076
stats: connected -2 0
# stats: dump at 1516792926
stats: users 101 146
stats: {freemem,"tsung_controller@jarvis"} 1 4051.34765625 0.0 4056.26953125 4045.9765625 4050.9014423076924 13
stats: {load,"tsung_controller@jarvis"} 1 0.2109375 0.0 0.671875 0.2109375 0.4582331730769231 13
stats: {cpu,"tsung_controller@jarvis"} 1 0.6433707581682856 0.0 45.42052888500355 0.4668180671208681 4.067072779512992 13
stats: session 1128 1054.8268980496462 1079.1537322088277 8264.13 12.949 1021.8765076776132 13611
stats: users_count 1100 14840
stats: finish_users_count 1128 14739
stats: request 1114 28.343280969479373 22.307923760847824 158.076 7.637 27.25446492131194 13598
stats: connect 1122 0.46448841354723663 0.06391229193238193 4.879 0.295 0.5022859244006469 13598
stats: page 1114 28.343280969479373 22.307923760847824 158.076 7.637 27.25446492131194 13598
stats: 200 1114 14712
stats: size_rcv 286440 3783259
stats: size_sent 69564 912640
stats: connected 8 8
# stats: dump at 1516792936
stats: users 121 146
stats: {freemem,"tsung_controller@jarvis"} 1 4050.6328125 0.0 4056.26953125 4045.9765625 4050.9333147321427 14
stats: {load,"tsung_controller@jarvis"} 1 0.1796875 0.0 0.671875 0.1796875 0.44056919642857145 14
stats: {cpu,"tsung_controller@jarvis"} 1 0.6433707581682856 0.0 45.42052888500355 0.4668180671208681 3.822522635131228 14
stats: session 1058 1033.6060595463118 973.4010669262163 9700.993 11.843 1024.398255444738 14739
stats: users_count 1078 15918
stats: finish_users_count 1058 15797
stats: request 1063 31.57923800564444 22.629194645868136 158.076 7.637 27.336910617183236 14712
stats: connect 1056 0.500718750000001 0.07067222856866574 4.879 0.295 0.49940489130434756 14720
stats: page 1063 31.57923800564444 22.629194645868136 158.076 7.637 27.336910617183236 14712
stats: 200 1063 15775
stats: size_rcv 273283 4056542
stats: size_sent 65472 978112
stats: connected -7 1
# stats: dump at 1516792946
stats: users 105 146
stats: {freemem,"tsung_controller@jarvis"} 1 4051.5 0.0 4056.26953125 4045.9765625 4050.91328125 15
stats: {load,"tsung_controller@jarvis"} 1 0.1484375 0.0 0.671875 0.1484375 0.4231770833333333 15
stats: {cpu,"tsung_controller@jarvis"} 1 0.5291671916341186 0.0 45.42052888500355 0.4668180671208681 3.6105791766670317 15
stats: session 1094 1029.3192568555737 950.8724435550163 9700.993 11.843 1025.0149457491923 15797
stats: users_count 1078 16996
stats: finish_users_count 1094 16891
stats: connect 1092 0.4897573260073261 0.06576477877746026 4.879 0.295 0.49949283722109517 15776
stats: page 1091 33.07982309807511 21.94544506353273 158.076 7.637 27.622780285261477 15775
stats: request 1091 33.07982309807511 21.94544506353273 158.076 7.637 27.622780285261477 15775
stats: 200 1091 16866
stats: size_rcv 280504 4337046
stats: size_sent 67704 1045816
stats: connected 1 2
# stats: dump at 1516792956
stats: users 105 146
stats: {freemem,"tsung_controller@jarvis"} 1 4051.2109375 0.0 4056.26953125 4045.9765625 4050.949951171875 16
stats: {load,"tsung_controller@jarvis"} 1 0.12890625 0.0 0.671875 0.12890625 0.406005859375 16
stats: {cpu,"tsung_controller@jarvis"} 1 0.6684323369907933 0.0 45.42052888500355 0.4668180671208681 3.4179909276024745 16
stats: session 1071 993.5586722689076 958.567890216385 9700.993 11.843 1025.2937283168544 16891
stats: users_count 1071 18067
stats: finish_users_count 1071 17962
stats: request 1080 22.492512962962977 13.348361298434192 158.076 7.637 27.97577647337838 16866
stats: page 1080 22.492512962962977 13.348361298434192 158.076 7.637 27.97577647337838 16866
stats: 200 1080 17946
stats: connect 1078 0.4833803339517631 0.09665073044151919 4.879 0.295 0.4988625800331988 16868
stats: size_rcv 277812 4614858
stats: size_sent 66836 1112652
stats: connected -2 0
# stats: dump at 1516792966
stats: users 103 146
stats: {freemem,"tsung_controller@jarvis"} 1 4051.33984375 0.0 4056.26953125 4045.9765625 4050.9653033088234 17
stats: {load,"tsung_controller@jarvis"} 1 0.19140625 0.0 0.671875 0.12890625 0.3897058823529412 17
stats: {cpu,"tsung_controller@jarvis"} 1 0.7434475806451614 0.0 45.42052888500355 0.4668180671208681 3.2562521869782577 17
stats: session 1060 1010.8490867924543 1011.7979926942769 9700.993 11.843 1023.4014977730758 17962
stats: users_count 1058 19125
stats: finish_users_count 1060 19022
stats: request 1058 24.23582892249529 15.356130332178775 158.076 7.637 27.64579070544967 17946
stats: connect 1060 0.5063830188679249 0.06539162497829158 4.879 0.295 0.4979325755042905 17946
stats: page 1058 24.23582892249529 15.356130332178775 158.076 7.637 27.64579070544967 17946
stats: 200 1058 19004
stats: size_rcv 272155 4887013
stats: size_sent 65720 1178372
stats: connected 2 2
# stats: dump at 1516792976
stats: users 0 146
stats: {freemem,"tsung_controller@jarvis"} 1 4039.09375 0.0 4056.26953125 4039.09375 4050.9861111111113 18
stats: {load,"tsung_controller@jarvis"} 1 0.16015625 0.0 0.671875 0.12890625 0.3786892361111111 18
stats: {cpu,"tsung_controller@jarvis"} 1 0.6533484106043472 0.0 45.42052888500355 0.4668180671208681 3.1166519310708636 18
stats: session 215 1329.2376325581397 1312.2077650932501 11262.95 11.843 1022.7020152980753 19022
stats: users_count 112 19237
stats: finish_users_count 215 19237
stats: request 233 27.23878969957079 21.934858092726483 158.076 7.637 27.45594964218058 19004
stats: connect 231 0.531848484848485 0.17451433780476575 4.879 0.295 0.49840387246132783 19006
stats: page 233 27.23878969957079 21.934858092726483 158.076 7.637 27.45594964218058 19004
stats: 200 233 19237
stats: size_rcv 59950 4946963
stats: size_sent 14322 1192694
stats: connected -2 0
# stats: dump at 1516792978
stats: users 0 146
stats: {freemem,"tsung_controller@jarvis"} 1 4043.23828125 0.0 4056.26953125 4039.09375 4050.3601973684213 19
stats: {load,"tsung_controller@jarvis"} 1 0.12890625 0.0 0.671875 0.12890625 0.3671875 19
stats: {cpu,"tsung_controller@jarvis"} 1 0.33703657470977405 0.0 45.42052888500355 0.33703657470977405 2.987004377362099 19
stats: session 0 0 0 11262.95 11.843 1026.127973488589 19237
stats: users_count 0 19237
stats: finish_users_count 0 19237
stats: request 0 0 0 158.076 7.637 27.453319384519403 19237
stats: connect 0 0 0 4.879 0.295 0.49880547902479583 19237
stats: page 0 0 0 158.076 7.637 27.453319384519403 19237
stats: 200 0 19237
stats: size_rcv 0 4946963
stats: size_sent 0 1192694
stats: connected 0 0
EndMonitor:{1516,792978,105945}
