# stats: dump at 1516790900
stats: users 9 14
stats: {freemem,"tsung_controller@jarvis"} 1 3897.15234375 0 3897.15234375 3897.15234375 0 0
stats: {load,"tsung_controller@jarvis"} 1 0.0 0 0.0 0.0 0 0
stats: {cpu,"tsung_controller@jarvis"} 1 45.46740406096559 0 45.46740406096559 45.46740406096559 0 0
stats: session 75 887.1838933333337 1007.2282458100092 5540.563 14.151 0 0
stats: users_count 84 84
stats: finish_users_count 75 75
stats: request 70 9.024571428571424 1.6804612595647535 15.752 8.059 0 0
stats: connect 72 0.851402777777778 0.4353700743723098 4.194 0.524 0 0
stats: page 70 9.024571428571424 1.6804612595647535 15.752 8.059 0 0
stats: 200 70 70
stats: size_rcv 18049 18049
stats: size_sent 4464 4464
stats: connected 2 2
# stats: dump at 1516790910
stats: users 11 15
stats: {freemem,"tsung_controller@jarvis"} 1 3896.46484375 0.0 3897.15234375 3896.46484375 3897.15234375 1
stats: {load,"tsung_controller@jarvis"} 1 0.078125 0.0 0.078125 0.0 0.0 1
stats: {cpu,"tsung_controller@jarvis"} 1 0.23741097088591775 0.0 45.46740406096559 0.23741097088591775 45.46740406096559 1
stats: session 104 791.3942692307696 767.0490526698009 5540.563 14.151 887.1838933333337 75
stats: users_count 106 190
stats: finish_users_count 104 179
stats: request 106 9.031490566037732 1.9860374421468274 20.573 8.05 9.024571428571424 70
stats: connect 104 0.7664230769230771 0.18311081619040742 4.194 0.397 0.851402777777778 72
stats: page 106 9.031490566037732 1.9860374421468274 20.573 8.05 9.024571428571424 70
stats: 200 106 176
stats: size_rcv 27330 45379
stats: size_sent 6448 10912
stats: connected -2 0
# stats: dump at 1516790920
stats: users 10 21
stats: {freemem,"tsung_controller@jarvis"} 1 3896.359375 0.0 3897.15234375 3896.359375 3896.80859375 2
stats: {load,"tsung_controller@jarvis"} 1 0.0703125 0.0 0.078125 0.0 0.0390625 2
stats: {cpu,"tsung_controller@jarvis"} 1 0.2002503128911139 0.0 45.46740406096559 0.2002503128911139 22.852407515925755 2
stats: session 107 1107.768177570093 1115.3787963508294 7086.697 14.151 831.5295865921793 179
stats: users_count 106 296
stats: finish_users_count 107 286
stats: request 103 8.61606796116506 0.8926168821470395 20.573 7.936 9.028738636363633 176
stats: connect 103 0.8516407766990294 0.19104637033666522 4.194 0.397 0.8011875 176
stats: page 103 8.61606796116506 0.8926168821470395 20.573 7.936 9.028738636363633 176
stats: 200 103 279
stats: size_rcv 26563 71942
stats: size_sent 6386 17298
stats: connected 0 0
# stats: dump at 1516790930
stats: users 8 21
stats: {freemem,"tsung_controller@jarvis"} 1 3896.24609375 0.0 3897.15234375 3896.24609375 3896.6588541666665 3
stats: {load,"tsung_controller@jarvis"} 1 0.05859375 0.0 0.078125 0.0 0.049479166666666664 3
stats: {cpu,"tsung_controller@jarvis"} 1 0.2752752752752753 0.0 45.46740406096559 0.2002503128911139 15.30168844824754 3
stats: session 88 876.1096136363637 958.2729315805767 7086.697 14.151 934.877590909091 286
stats: users_count 86 382
stats: finish_users_count 88 374
stats: request 92 8.931945652173916 1.6169905915413576 20.573 7.936 8.876390681003585 279
stats: connect 92 0.8736956521739133 0.20849808356592067 4.194 0.397 0.8198136200716847 279
stats: page 92 8.931945652173916 1.6169905915413576 20.573 7.936 8.876390681003585 279
stats: 200 92 371
stats: size_rcv 23729 95671
stats: size_sent 5704 23002
stats: connected 0 0
# stats: dump at 1516790940
stats: users 10 21
stats: {freemem,"tsung_controller@jarvis"} 1 3896.1875 0.0 3897.15234375 3896.1875 3896.5556640625 4
stats: {load,"tsung_controller@jarvis"} 1 0.05078125 0.0 0.078125 0.0 0.0517578125 4
stats: {cpu,"tsung_controller@jarvis"} 1 0.16247969003874516 0.0 45.46740406096559 0.16247969003874516 11.545085155004475 4
stats: session 107 927.1735794392525 903.0507636061059 7086.697 14.151 921.0498315508023 374
stats: users_count 109 491
stats: finish_users_count 107 481
stats: request 109 8.915311926605511 1.680547506335485 20.573 7.877 8.890167115902965 371
stats: connect 109 0.741614678899083 0.19916402848718825 4.194 0.397 0.8331752021563344 371
stats: page 109 8.915311926605511 1.680547506335485 20.573 7.877 8.890167115902965 371
stats: 200 109 480
stats: size_rcv 28113 123784
stats: size_sent 6758 29760
stats: connected 0 0
# stats: dump at 1516790950
stats: users 13 21
stats: {freemem,"tsung_controller@jarvis"} 1 4035.69140625 0.0 4035.69140625 3896.1875 3896.48203125 5
stats: {load,"tsung_controller@jarvis"} 1 0.0390625 0.0 0.078125 0.0 0.0515625 5
stats: {cpu,"tsung_controller@jarvis"} 1 0.5508952047076499 0.0 45.46740406096559 0.16247969003874516 9.268564062011329 5
stats: session 103 1000.1544951456312 999.0559333621683 7086.697 14.151 922.4120790020792 481
stats: users_count 106 597
stats: finish_users_count 103 584
stats: connect 102 0.6983529411764704 0.20006663826398305 4.194 0.397 0.8123833333333335 480
stats: request 102 8.969833333333332 2.0729761454665128 20.573 7.828 8.895877083333335 480
stats: 200 102 582
stats: page 102 8.969833333333332 2.0729761454665128 20.573 7.828 8.895877083333335 480
stats: size_rcv 26305 150089
stats: size_sent 6324 36084
stats: connected 0 0
# stats: dump at 1516790960
stats: users 12 21
stats: {freemem,"tsung_controller@jarvis"} 1 4037.0078125 0.0 4037.0078125 3896.1875 3919.68359375 6
stats: {load,"tsung_controller@jarvis"} 1 0.03125 0.0 0.078125 0.0 0.049479166666666664 6
stats: {cpu,"tsung_controller@jarvis"} 1 0.3004882934769 0.0 45.46740406096559 0.16247969003874516 7.815619252460716 6
stats: session 113 1082.7801504424783 1074.709084310506 7086.697 14.151 936.1234982876715 584
stats: users_count 112 709
stats: finish_users_count 113 697
stats: request 110 9.259636363636368 2.0514197466290285 20.573 7.828 8.90883848797251 582
stats: connect 110 0.9118454545454544 0.1746533806956789 4.194 0.397 0.7923986254295533 582
stats: page 110 9.259636363636368 2.0514197466290285 20.573 7.828 8.90883848797251 582
stats: 200 110 692
stats: size_rcv 28365 178454
stats: size_sent 6820 42904
stats: connected 0 0
# stats: dump at 1516790970
stats: users 10 21
stats: {freemem,"tsung_controller@jarvis"} 1 4036.87890625 0.0 4037.0078125 3896.1875 3936.4441964285716 7
stats: {load,"tsung_controller@jarvis"} 1 0.03125 0.0 0.078125 0.0 0.046875 7
stats: {cpu,"tsung_controller@jarvis"} 1 0.27524083573126484 0.0 45.46740406096559 0.16247969003874516 6.742029115463028 7
stats: session 96 1107.748875 1153.588535830667 7086.697 14.151 959.8999713055956 697
stats: users_count 94 803
stats: finish_users_count 96 793
stats: request 96 9.066906250000006 2.084618235823433 21.868 7.828 8.964601156069365 692
stats: connect 96 0.8483020833333338 0.19009893914045495 4.194 0.397 0.8113858381502891 692
stats: page 96 9.066906250000006 2.084618235823433 21.868 7.828 8.964601156069365 692
stats: 200 96 788
stats: size_rcv 24759 203213
stats: size_sent 5952 48856
stats: connected 0 0
# stats: dump at 1516790980
stats: users 9 21
stats: {freemem,"tsung_controller@jarvis"} 1 4036.7578125 0.0 4037.0078125 3896.1875 3948.99853515625 8
stats: {load,"tsung_controller@jarvis"} 1 0.01953125 0.0 0.078125 0.0 0.044921875 8
stats: {cpu,"tsung_controller@jarvis"} 1 0.175153259101714 0.0 45.46740406096559 0.16247969003874516 5.933680580496558 8
stats: session 107 979.1827570093456 900.1464847733347 7086.697 14.151 977.7984514501893 793
stats: users_count 106 909
stats: finish_users_count 107 900
stats: request 107 8.831392523364482 1.3579021805368443 21.868 7.828 8.977064720812185 788
stats: connect 107 0.8266822429906542 0.19541552173071297 4.194 0.397 0.8158832487309645 788
stats: page 107 8.831392523364482 1.3579021805368443 21.868 7.828 8.977064720812185 788
stats: 200 107 895
stats: size_rcv 27593 230806
stats: size_sent 6634 55490
stats: connected 0 0
# stats: dump at 1516790990
stats: users 9 21
stats: {freemem,"tsung_controller@jarvis"} 1 4036.91015625 0.0 4037.0078125 3896.1875 3958.749565972222 9
stats: {load,"tsung_controller@jarvis"} 1 0.01953125 0.0 0.078125 0.0 0.04210069444444445 9
stats: {cpu,"tsung_controller@jarvis"} 1 0.2627627627627628 0.0 45.46740406096559 0.16247969003874516 5.2938442114526865 9
stats: session 97 962.0298556701028 1036.8505382434796 7231.121 14.151 977.9630300000001 900
stats: users_count 97 1006
stats: finish_users_count 97 997
stats: request 99 8.580575757575762 0.8159916207099622 21.868 7.828 8.959649162011175 895
stats: connect 99 0.8283636363636362 0.18830436647954213 4.194 0.397 0.8171743016759777 895
stats: page 99 8.580575757575762 0.8159916207099622 21.868 7.828 8.959649162011175 895
stats: 200 99 994
stats: size_rcv 25536 256342
stats: size_sent 6138 61628
stats: connected 0 0
# stats: dump at 1516791000
stats: users 13 21
stats: {freemem,"tsung_controller@jarvis"} 1 4036.7265625 0.0 4037.0078125 3896.1875 3966.565625 10
stats: {load,"tsung_controller@jarvis"} 1 0.01953125 0.0 0.078125 0.0 0.03984375 10
stats: {cpu,"tsung_controller@jarvis"} 1 0.175065649618607 0.0 45.46740406096559 0.16247969003874516 4.790736066583694 10
stats: session 95 802.1642631578947 709.0961143686221 7231.121 14.151 976.4128615847543 997
stats: users_count 99 1105
stats: finish_users_count 95 1092
stats: request 95 8.799694736842103 1.661765402872146 21.868 7.828 8.921894366197185 994
stats: connect 96 0.7334270833333335 0.1779820183328259 4.194 0.397 0.8182887323943663 994
stats: page 95 8.799694736842103 1.661765402872146 21.868 7.828 8.921894366197185 994
stats: 200 95 1089
stats: size_rcv 24493 280835
stats: size_sent 5952 67580
stats: connected 1 1
# stats: dump at 1516791010
stats: users 7 21
stats: {freemem,"tsung_controller@jarvis"} 1 4039.25390625 0.0 4039.25390625 3896.1875 3972.9438920454545 11
stats: {load,"tsung_controller@jarvis"} 1 0.01171875 0.0 0.078125 0.0 0.03799715909090909 11
stats: {cpu,"tsung_controller@jarvis"} 1 0.6257039169065198 0.0 45.46740406096559 0.16247969003874516 4.371129665041414 11
stats: session 87 1152.5962988505748 1109.6610304200865 7231.121 14.151 961.2538717948719 1092
stats: users_count 81 1186
stats: finish_users_count 87 1179
stats: request 87 8.55854022988506 1.083860743107952 21.868 7.828 8.911234159779616 1089
stats: connect 86 0.7702906976744187 0.20914403995416758 4.194 0.397 0.8108146788990827 1090
stats: page 87 8.55854022988506 1.083860743107952 21.868 7.828 8.911234159779616 1089
stats: 200 87 1176
stats: size_rcv 22440 303275
stats: size_sent 5332 72912
stats: connected -1 0
# stats: dump at 1516791020
stats: users 10 21
stats: {freemem,"tsung_controller@jarvis"} 1 4040.296875 0.0 4040.296875 3896.1875 3978.4697265625 12
stats: {load,"tsung_controller@jarvis"} 1 0.01171875 0.0 0.078125 0.0 0.035807291666666664 12
stats: {cpu,"tsung_controller@jarvis"} 1 0.20020020020020018 0.0 45.46740406096559 0.16247969003874516 4.059010852696839 12
stats: session 95 832.3140842105266 823.2101867788423 7231.121 14.151 975.3732875318068 1179
stats: users_count 98 1284
stats: finish_users_count 95 1274
stats: request 94 8.558670212765954 0.8977196689425584 21.868 7.828 8.885142006802722 1176
stats: connect 94 0.8076914893617019 0.1965583139392299 4.194 0.397 0.8078511904761906 1176
stats: page 94 8.558670212765954 0.8977196689425584 21.868 7.828 8.885142006802722 1176
stats: 200 94 1270
stats: size_rcv 24246 327521
stats: size_sent 5828 78740
stats: connected 0 0
# stats: dump at 1516791030
stats: users 7 21
stats: {freemem,"tsung_controller@jarvis"} 1 4040.3046875 0.0 4040.3046875 3896.1875 3983.2256610576924 13
stats: {load,"tsung_controller@jarvis"} 1 0.01171875 0.0 0.078125 0.0 0.03395432692307692 13
stats: {cpu,"tsung_controller@jarvis"} 1 0.2877877877877878 0.0 45.46740406096559 0.16247969003874516 3.7621792640432514 13
stats: session 104 1144.824528846155 1280.9986933045486 7231.121 14.151 964.705607535322 1274
stats: users_count 101 1385
stats: finish_users_count 104 1378
stats: connect 106 0.7501226415094338 0.19407899105874626 4.194 0.397 0.8078393700787403 1270
stats: 200 106 1376
stats: request 106 8.473113207547172 1.0019155833904643 21.868 7.828 8.860977952755906 1270
stats: page 106 8.473113207547172 1.0019155833904643 21.868 7.828 8.860977952755906 1270
stats: size_rcv 27339 354860
stats: size_sent 6572 85312
stats: connected 0 0
# stats: dump at 1516791040
stats: users 6 21
stats: {freemem,"tsung_controller@jarvis"} 1 4040.1875 0.0 4040.3046875 3896.1875 3987.302734375 14
stats: {load,"tsung_controller@jarvis"} 1 0.01171875 0.0 0.078125 0.0 0.032366071428571425 14
stats: {cpu,"tsung_controller@jarvis"} 1 0.23779724655819773 0.0 45.46740406096559 0.16247969003874516 3.514008444310718 14
stats: session 87 922.8736551724141 836.726910724366 7231.121 14.151 978.2994883889697 1378
stats: users_count 86 1471
stats: finish_users_count 87 1465
stats: request 89 8.721674157303376 1.2950154116065362 21.868 7.828 8.831098837209304 1376
stats: connect 89 0.7686741573033707 0.18871599107444822 4.194 0.397 0.8033931686046512 1376
stats: page 89 8.721674157303376 1.2950154116065362 21.868 7.828 8.831098837209304 1376
stats: 200 89 1465
stats: size_rcv 22952 377812
stats: size_sent 5518 90830
stats: connected 0 0
# stats: dump at 1516791050
stats: users 12 21
stats: {freemem,"tsung_controller@jarvis"} 1 4040.11328125 0.0 4040.3046875 3896.1875 3990.8283854166666 15
stats: {load,"tsung_controller@jarvis"} 1 0.0 0.0 0.078125 0.0 0.03098958333333333 15
stats: {cpu,"tsung_controller@jarvis"} 1 0.18766420618040786 0.0 45.46740406096559 0.16247969003874516 3.2955943644605497 15
stats: session 76 918.5543289473686 774.2423900269318 7231.121 14.151 975.0079883959046 1465
stats: users_count 82 1553
stats: finish_users_count 76 1541
stats: request 76 9.152013157894734 2.1363723771939656 21.868 7.828 8.824451194539252 1465
stats: connect 76 0.7369736842105263 0.19737520865521527 4.194 0.373 0.8012839590443687 1465
stats: page 76 9.152013157894734 2.1363723771939656 21.868 7.828 8.824451194539252 1465
stats: 200 76 1541
stats: size_rcv 19595 397407
stats: size_sent 4712 95542
stats: connected 0 0
# stats: dump at 1516791060
stats: users 12 21
stats: {freemem,"tsung_controller@jarvis"} 1 4039.875 0.0 4040.3046875 3896.1875 3993.90869140625 16
stats: {load,"tsung_controller@jarvis"} 1 0.0 0.0 0.078125 0.0 0.029052734374999997 16
stats: {cpu,"tsung_controller@jarvis"} 1 0.12521913348359628 0.0 45.46740406096559 0.12521913348359628 3.101348729568041 16
stats: session 88 1038.1599204545455 873.9082707578409 7231.121 14.151 972.2237715768982 1541
stats: users_count 88 1641
stats: finish_users_count 88 1629
stats: request 88 8.856181818181817 1.5533027096645524 21.868 7.828 8.84060609993511 1541
stats: connect 88 0.8053977272727271 0.21166593210296397 4.194 0.373 0.7981122647631409 1541
stats: page 88 8.856181818181817 1.5533027096645524 21.868 7.828 8.84060609993511 1541
stats: 200 88 1629
stats: size_rcv 22693 420100
stats: size_sent 5456 100998
stats: connected 0 0
# stats: dump at 1516791070
stats: users 12 21
stats: {freemem,"tsung_controller@jarvis"} 1 4038.43359375 0.0 4040.3046875 3896.1875 3996.612591911765 17
stats: {load,"tsung_controller@jarvis"} 1 0.0 0.0 0.078125 0.0 0.027343749999999997 17
stats: {cpu,"tsung_controller@jarvis"} 1 0.1627441161742614 0.0 45.46740406096559 0.12521913348359628 2.9262822827395443 17
stats: session 109 963.3426146788996 987.5711892052229 7231.121 14.151 975.7856998158381 1629
stats: users_count 109 1750
stats: finish_users_count 109 1738
stats: request 106 8.63033962264151 1.2155097066336462 21.868 7.818 8.841447513812158 1629
stats: connect 106 0.7077735849056601 0.16743313410607352 4.194 0.373 0.7985058317986495 1629
stats: page 106 8.63033962264151 1.2155097066336462 21.868 7.818 8.841447513812158 1629
stats: 200 106 1735
stats: size_rcv 27341 447441
stats: size_sent 6572 107570
stats: connected 0 0
# stats: dump at 1516791077
stats: users 0 21
stats: {freemem,"tsung_controller@jarvis"} 1 4039.69921875 0.0 4040.3046875 3896.1875 3998.935980902778 18
stats: {load,"tsung_controller@jarvis"} 1 0.0 0.0 0.078125 0.0 0.025824652777777776 18
stats: {cpu,"tsung_controller@jarvis"} 1 0.23738130934532736 0.0 45.46740406096559 0.12521913348359628 2.7727523845970286 18
stats: session 28 1262.7446428571427 819.7256811217055 7231.121 14.151 975.0053222094363 1738
stats: users_count 16 1766
stats: finish_users_count 28 1766
stats: request 31 9.45493548387097 2.4761012921003243 21.868 7.818 8.828549855907784 1735
stats: connect 31 0.7829032258064514 0.21526837785825215 4.194 0.373 0.7929625360230548 1735
stats: page 31 9.45493548387097 2.4761012921003243 21.868 7.818 8.828549855907784 1735
stats: 200 31 1766
stats: size_rcv 7996 455437
stats: size_sent 1922 109492
stats: connected 0 0
EndMonitor:{1516,791077,482617}
