# stats: dump at 1517240205
stats: users 30 30
stats: {freemem,"tsung_controller@jarvis"} 1 3822.65234375 0 3822.65234375 3822.65234375 0 0
stats: {load,"tsung_controller@jarvis"} 1 0.12890625 0 0.12890625 0.12890625 0 0
stats: {cpu,"tsung_controller@jarvis"} 1 1.8574713539251675 0 1.8574713539251675 1.8574713539251675 0 0
stats: users_count 30 30
stats: finish_users_count 0 0
stats: request 127 304.7080629921258 338.1052357376684 1071.713 50.927 0 0
stats: 200 127 127
stats: connect 33 1.0940606060606062 2.7896424332551684 16.856 0.472 0 0
stats: page 127 304.7080629921258 338.1052357376684 1071.713 50.927 0 0
stats: tr_loopTransaction 127 304.8887952755905 338.0688819340858 1071.825 51.057 0 0
stats: size_rcv 32529 32529
stats: size_sent 19968 19968
stats: connected 28 28
# stats: dump at 1517240215
stats: users 30 30
stats: {freemem,"tsung_controller@jarvis"} 1 3810.79296875 0.0 3822.65234375 3810.79296875 3822.65234375 1
stats: {load,"tsung_controller@jarvis"} 1 0.1796875 0.0 0.1796875 0.12890625 0.12890625 1
stats: {cpu,"tsung_controller@jarvis"} 1 3.11522582259477 0.0 3.11522582259477 1.8574713539251675 1.8574713539251675 1
stats: users_count 0 30
stats: finish_users_count 0 0
stats: request 143 189.1422307692307 104.27119929753732 1071.713 50.927 304.7080629921258 127
stats: 200 143 270
stats: connect 11 0.8815454545454546 0.13800550953189164 16.856 0.472 1.0940606060606062 33
stats: page 143 189.1422307692307 104.27119929753732 1071.713 50.927 304.7080629921258 127
stats: tr_loopTransaction 143 189.32952447552447 104.27410480383422 1071.825 51.057 304.8887952755905 127
stats: size_rcv 36632 69161
stats: size_sent 22308 42276
stats: connected -2 26
# stats: dump at 1517240225
stats: users 30 30
stats: {freemem,"tsung_controller@jarvis"} 1 3818.796875 0.0 3822.65234375 3810.79296875 3816.72265625 2
stats: {load,"tsung_controller@jarvis"} 1 0.23046875 0.0 0.23046875 0.12890625 0.154296875 2
stats: {cpu,"tsung_controller@jarvis"} 1 1.2518778167250877 0.0 3.11522582259477 1.2518778167250877 2.4863485882599687 2
stats: users_count 0 30
stats: finish_users_count 0 0
stats: request 131 129.05575572519083 85.75076684081405 1071.713 50.927 243.50097407407398 270
stats: connect 13 0.897076923076923 0.15849312605257415 16.856 0.472 1.0409318181818183 44
stats: page 131 129.05575572519083 85.75076684081405 1071.713 50.927 243.50097407407398 270
stats: tr_loopTransaction 131 129.24610687022903 85.75062439754437 1071.825 51.057 243.68518148148146 270
stats: 200 131 401
stats: size_rcv 33600 102761
stats: size_sent 20280 62556
stats: connected -2 24
# stats: dump at 1517240235
stats: users 30 30
stats: {freemem,"tsung_controller@jarvis"} 1 3826.328125 0.0 3826.328125 3810.79296875 3817.4140625 3
stats: {load,"tsung_controller@jarvis"} 1 0.19140625 0.0 0.23046875 0.12890625 0.1796875 3
stats: {cpu,"tsung_controller@jarvis"} 1 1.1648296593186371 0.0 3.11522582259477 1.1648296593186371 2.0748583310816753 3
stats: users_count 0 30
stats: finish_users_count 0 0
stats: connect 19 0.8835789473684212 0.1409625989176874 16.856 0.472 1.008122807017544 57
stats: request 136 153.11366911764705 97.17689495360685 1071.713 50.91 206.1136334164588 401
stats: tr_loopTransaction 136 153.29518382352938 97.18595784070214 1071.825 51.014 206.29984788029927 401
stats: page 136 153.11366911764705 97.17689495360685 1071.713 50.91 206.1136334164588 401
stats: 200 136 537
stats: size_rcv 34852 137613
stats: size_sent 21216 83772
stats: connected 3 27
# stats: dump at 1517240245
stats: users 30 30
stats: {freemem,"tsung_controller@jarvis"} 1 3821.8359375 0.0 3826.328125 3810.79296875 3819.642578125 4
stats: {load,"tsung_controller@jarvis"} 1 0.23828125 0.0 0.23828125 0.12890625 0.1826171875 4
stats: {cpu,"tsung_controller@jarvis"} 1 0.8766437069505322 0.0 3.11522582259477 0.8766437069505322 1.8473511631409159 4
stats: users_count 0 30
stats: finish_users_count 0 0
stats: page 140 158.3840357142859 111.8415839057581 1071.713 50.839 192.69092364990686 537
stats: 200 140 677
stats: request 140 158.3840357142859 111.8415839057581 1071.713 50.839 192.69092364990686 537
stats: connect 12 0.9053333333333334 0.13493537547861773 16.856 0.472 0.9769868421052634 76
stats: tr_loopTransaction 140 158.5715357142857 111.83734236300572 1071.825 50.897 192.87594785847298 537
stats: size_rcv 35867 173480
stats: size_sent 22308 106080
stats: connected 2 29
# stats: dump at 1517240255
stats: users 30 30
stats: {freemem,"tsung_controller@jarvis"} 1 3821.7734375 0.0 3826.328125 3810.79296875 3820.08125 5
stats: {load,"tsung_controller@jarvis"} 1 0.2109375 0.0 0.23828125 0.12890625 0.19375 5
stats: {cpu,"tsung_controller@jarvis"} 1 1.0406218655967903 0.0 3.11522582259477 0.8766437069505322 1.653209671902839 5
stats: users_count 0 30
stats: finish_users_count 0 0
stats: page 156 179.5570064102566 118.77030704454326 1071.713 50.839 185.59644165435748 677
stats: request 156 179.5570064102566 118.77030704454326 1071.713 50.839 185.59644165435748 677
stats: 200 156 833
stats: connect 8 0.8315 0.08508818954473059 16.856 0.472 0.9672159090909094 88
stats: tr_loopTransaction 156 179.72864743589753 118.76346722732738 1071.825 50.897 185.78197784342686 677
stats: size_rcv 39971 213451
stats: size_sent 23868 129948
stats: connected -2 27
# stats: dump at 1517240265
stats: users 30 30
stats: {freemem,"tsung_controller@jarvis"} 1 3817.6640625 0.0 3826.328125 3810.79296875 3820.36328125 6
stats: {load,"tsung_controller@jarvis"} 1 0.171875 0.0 0.23828125 0.12890625 0.19661458333333334 6
stats: {cpu,"tsung_controller@jarvis"} 1 1.0648960160360812 0.0 3.11522582259477 0.8766437069505322 1.5511117041851643 6
stats: users_count 0 30
stats: finish_users_count 0 0
stats: request 128 155.43750781249994 107.88042946982405 1071.713 50.839 184.46540696278515 833
stats: connect 13 0.8394615384615384 0.19512426627649576 16.856 0.472 0.9559062500000003 96
stats: tr_loopTransaction 128 155.61946875000004 107.87561597629305 1071.825 50.897 184.64834093637455 833
stats: page 128 155.43750781249994 107.88042946982405 1071.713 50.839 184.46540696278515 833
stats: 200 128 961
stats: size_rcv 32801 246252
stats: size_sent 19968 149916
stats: connected 1 28
# stats: dump at 1517240275
stats: users 30 30
stats: {freemem,"tsung_controller@jarvis"} 1 3818.609375 0.0 3826.328125 3810.79296875 3819.9776785714284 7
stats: {load,"tsung_controller@jarvis"} 1 0.1484375 0.0 0.23828125 0.12890625 0.19308035714285715 7
stats: {cpu,"tsung_controller@jarvis"} 1 0.9514271407110666 0.0 3.11522582259477 0.8766437069505322 1.481652320163867 7
stats: users_count 0 30
stats: finish_users_count 0 0
stats: connect 18 0.8270555555555555 0.08296617263963149 16.856 0.472 0.9420183486238534 109
stats: request 135 132.30232592592589 75.83935698877957 1071.713 50.839 180.59904786680545 961
stats: page 135 132.30232592592589 75.83935698877957 1071.713 50.839 180.59904786680545 961
stats: tr_loopTransaction 135 132.4793185185186 75.83366614487672 1071.825 50.897 180.78185223725288 961
stats: 200 135 1096
stats: size_rcv 34604 280856
stats: size_sent 21996 171912
stats: connected 0 28
# stats: dump at 1517240285
stats: users 30 30
stats: {freemem,"tsung_controller@jarvis"} 1 3811.48046875 0.0 3826.328125 3810.79296875 3819.806640625 8
stats: {load,"tsung_controller@jarvis"} 1 0.12109375 0.0 0.23828125 0.12109375 0.1875 8
stats: {cpu,"tsung_controller@jarvis"} 1 1.0772892396342226 0.0 3.11522582259477 0.8766437069505322 1.4153741727322668 8
stats: users_count 0 30
stats: finish_users_count 0 0
stats: request 149 189.6048389261744 126.5567290910645 1071.713 50.839 174.65009032846717 1096
stats: connect 7 0.7861428571428571 0.14273194513936013 16.856 0.472 0.9257244094488191 127
stats: page 149 189.6048389261744 126.5567290910645 1071.713 50.839 174.65009032846717 1096
stats: tr_loopTransaction 149 189.780711409396 126.5560581570831 1071.825 50.897 174.83217883211682 1096
stats: 200 149 1245
stats: size_rcv 38181 319037
stats: size_sent 22776 194688
stats: connected 0 28
# stats: dump at 1517240295
stats: users 30 30
stats: {freemem,"tsung_controller@jarvis"} 1 3817.64453125 0.0 3826.328125 3810.79296875 3818.8815104166665 9
stats: {load,"tsung_controller@jarvis"} 1 0.1796875 0.0 0.23828125 0.12109375 0.1801215277777778 9
stats: {cpu,"tsung_controller@jarvis"} 1 1.0256410256410255 0.0 3.11522582259477 0.8766437069505322 1.3778091801658174 9
stats: users_count 0 30
stats: finish_users_count 0 0
stats: connect 7 0.9361428571428573 0.13420924874605178 16.856 0.472 0.9184328358208956 134
stats: request 140 129.27114285714282 75.29414878979372 1071.713 50.839 176.43985542168673 1245
stats: page 140 129.27114285714282 75.29414878979372 1071.713 50.839 176.43985542168673 1245
stats: tr_loopTransaction 140 129.45907142857152 75.28955588124357 1071.825 50.897 176.62120000000002 1245
stats: 200 140 1385
stats: size_rcv 35889 354926
stats: size_sent 21372 216060
stats: connected 2 30
# stats: dump at 1517240305
stats: users 30 30
stats: {freemem,"tsung_controller@jarvis"} 1 3817.52734375 0.0 3826.328125 3810.79296875 3818.7578125 10
stats: {load,"tsung_controller@jarvis"} 1 0.1484375 0.0 0.23828125 0.12109375 0.180078125 10
stats: {cpu,"tsung_controller@jarvis"} 1 0.8744534665833853 0.0 3.11522582259477 0.8744534665833853 1.3425923647133382 10
stats: users_count 0 30
stats: finish_users_count 0 0
stats: request 146 150.0558013698631 82.10034186475633 1071.713 50.839 171.67189891696748 1385
stats: connect 11 0.8636363636363638 0.09039436097383385 16.856 0.472 0.9193120567375888 141
stats: tr_loopTransaction 146 150.24518493150683 82.1030074167613 1071.825 50.897 171.85390902527078 1385
stats: page 146 150.0558013698631 82.10034186475633 1071.713 50.839 171.67189891696748 1385
stats: 200 146 1531
stats: size_rcv 37410 392336
stats: size_sent 23244 239304
stats: connected 0 30
# stats: dump at 1517240315
stats: users 30 30
stats: {freemem,"tsung_controller@jarvis"} 1 3817.65625 0.0 3826.328125 3810.79296875 3818.6459517045455 11
stats: {load,"tsung_controller@jarvis"} 1 0.4296875 0.0 0.4296875 0.12109375 0.17720170454545456 11
stats: {cpu,"tsung_controller@jarvis"} 1 1.05 0.0 3.11522582259477 0.8744534665833853 1.3000342830651608 11
stats: users_count 0 30
stats: finish_users_count 0 0
stats: page 128 115.32761718750001 57.33457671738118 1071.713 50.839 169.61053363814497 1531
stats: request 128 115.32761718750001 57.33457671738118 1071.713 50.839 169.61053363814497 1531
stats: connect 12 0.9017499999999999 0.1756777945558288 16.856 0.472 0.9152828947368422 152
stats: tr_loopTransaction 128 115.51738281249999 57.33975643343493 1071.825 50.897 169.79324689745266 1531
stats: 200 128 1659
stats: size_rcv 32825 425161
stats: size_sent 20592 259896
stats: connected -4 26
# stats: dump at 1517240316
stats: users 30 30
stats: {freemem,"tsung_controller@jarvis"} 0 0 0 3826.328125 3810.79296875 3818.5634765625 12
stats: {load,"tsung_controller@jarvis"} 0 0 0 0.4296875 0.12109375 0.1982421875 12
stats: {cpu,"tsung_controller@jarvis"} 0 0 0 3.11522582259477 0.8744534665833853 1.2791980928097308 12
stats: users_count 0 30
stats: finish_users_count 0 0
stats: request 18 340.31488888888885 113.76127725973117 1071.713 50.839 165.4223399638336 1659
stats: tr_loopTransaction 18 340.52344444444446 113.7466955560186 1071.825 50.897 165.60559734779986 1659
stats: connect 3 0.973 0.08660638929470894 16.856 0.472 0.9142926829268294 164
stats: page 18 340.31488888888885 113.76127725973117 1071.713 50.839 165.4223399638336 1659
stats: 200 18 1677
stats: size_rcv 4607 429768
stats: size_sent 2496 262392
stats: connected 3 29
stats: error_abort 1 1
EndMonitor:{1517,240316,759210}
