# stats: dump at 1516793756
stats: users 375 396
stats: {freemem,"tsung_controller@jarvis"} 1 4011.453125 0 4011.453125 4011.453125 0 0
stats: {load,"tsung_controller@jarvis"} 1 0.0 0 0.0 0.0 0 0
stats: {cpu,"tsung_controller@jarvis"} 1 45.39695123060791 0 45.39695123060791 45.39695123060791 0 0
stats: session 1056 1626.3647405303059 1017.942563492604 7743.025 17.645 0 0
stats: users_count 1431 1431
stats: finish_users_count 1056 1056
stats: request 961 750.752452653485 518.9392286871018 1961.855 7.794 0 0
stats: connect 1188 0.4505521885521883 0.12239925344006389 4.169 0.327 0 0
stats: page 961 750.752452653485 518.9392286871018 1961.855 7.794 0 0
stats: 200 961 961
stats: size_rcv 245865 245865
stats: size_sent 73656 73656
stats: connected 227 227
# stats: dump at 1516793766
stats: users 311 454
stats: {freemem,"tsung_controller@jarvis"} 1 4006.59375 0.0 4011.453125 4006.59375 4011.453125 1
stats: {load,"tsung_controller@jarvis"} 1 0.0 0.0 0.0 0.0 0.0 1
stats: {cpu,"tsung_controller@jarvis"} 1 1.2215086261176173 0.0 45.39695123060791 1.2215086261176173 45.39695123060791 1
stats: session 1661 2111.4760042143275 1148.2955040822123 11268.015 17.645 1626.3647405303059 1056
stats: users_count 1597 3028
stats: finish_users_count 1661 2717
stats: 200 1737 2698
stats: connect 1608 8.683899875621874 91.05044510742647 1032.479 0.287 0.4505521885521883 1188
stats: request 1737 1106.1249706390333 530.102580213885 2807.514 6.16 750.752452653485 961
stats: page 1737 1106.1249706390333 530.102580213885 2807.514 6.16 750.752452653485 961
stats: size_rcv 444126 689991
stats: size_sent 99696 173352
stats: connected -129 98
# stats: dump at 1516793776
stats: users 417 480
stats: {freemem,"tsung_controller@jarvis"} 1 4004.40234375 0.0 4011.453125 4004.40234375 4009.0234375 2
stats: {load,"tsung_controller@jarvis"} 1 0.0 0.0 0.0 0.0 0.0 2
stats: {cpu,"tsung_controller@jarvis"} 1 1.5784821315822706 0.0 45.39695123060791 1.2215086261176173 23.309229928362765 2
stats: session 1500 2346.505499999997 1066.6049641352329 11268.015 17.645 1922.9307357379464 2717
stats: users_count 1606 4634
stats: finish_users_count 1500 4217
stats: request 1488 1329.8692721774173 555.2920664141225 3201.492 6.16 979.5449151223128 2698
stats: connect 1596 33.64234085213031 180.96090600593223 1035.586 0.287 5.18561051502145 2796
stats: page 1488 1329.8692721774173 555.2920664141225 3201.492 6.16 979.5449151223128 2698
stats: 200 1488 4186
stats: size_rcv 380167 1070158
stats: size_sent 98952 272304
stats: connected 108 206
# stats: dump at 1516793786
stats: users 299 480
stats: {freemem,"tsung_controller@jarvis"} 1 3998.74609375 0.0 4011.453125 3998.74609375 4007.4830729166665 3
stats: {load,"tsung_controller@jarvis"} 1 0.0 0.0 0.0 0.0 0.0 3
stats: {cpu,"tsung_controller@jarvis"} 1 2.4289470389382743 0.0 45.39695123060791 1.2215086261176173 16.065647329435933 3
stats: session 1685 1850.409889020771 1117.9049917857078 11268.015 16.834 2073.597595209864 4217
stats: users_count 1567 6201
stats: finish_users_count 1685 5902
stats: request 1647 819.8685088038858 509.97504171213876 3201.492 6.113 1104.0749302436686 4186
stats: connect 1627 0.4364025814382294 0.13071584224235114 1035.586 0.287 15.526444216757731 4392
stats: page 1647 819.8685088038858 509.97504171213876 3201.492 6.113 1104.0749302436686 4186
stats: 200 1647 5833
stats: size_rcv 421260 1491418
stats: size_sent 100874 373178
stats: connected -20 186
# stats: dump at 1516793796
stats: users 269 480
stats: {freemem,"tsung_controller@jarvis"} 1 4001.59765625 0.0 4011.453125 3998.74609375 4005.298828125 4
stats: {load,"tsung_controller@jarvis"} 1 0.1484375 0.0 0.1484375 0.0 0.0 4
stats: {cpu,"tsung_controller@jarvis"} 1 1.5357502517623363 0.0 45.39695123060791 1.2215086261176173 12.656472256811519 4
stats: session 1536 2466.8542636718735 1078.9956829845792 11268.015 16.834 2009.878299220602 5902
stats: users_count 1506 7707
stats: finish_users_count 1536 7438
stats: request 1516 1505.7034129287606 372.87878552366226 3201.492 6.113 1023.8266915823755 5833
stats: connect 1498 0.4364552736982639 0.07337502432357003 1035.586 0.287 11.447444758265485 6019
stats: 200 1516 7349
stats: page 1516 1505.7034129287606 372.87878552366226 3201.492 6.113 1023.8266915823755 5833
stats: size_rcv 387000 1878418
stats: size_sent 92876 466054
stats: connected -18 168
# stats: dump at 1516793806
stats: users 205 480
stats: {freemem,"tsung_controller@jarvis"} 1 4000.51953125 0.0 4011.453125 3998.74609375 4004.55859375 5
stats: {load,"tsung_controller@jarvis"} 1 0.2890625 0.0 0.2890625 0.0 0.0296875 5
stats: {cpu,"tsung_controller@jarvis"} 1 1.6255040322580645 0.0 45.39695123060791 1.2215086261176173 10.432327855801683 5
stats: session 1549 1742.180892834088 1194.3624194474628 11268.015 13.832 2104.247092094648 7438
stats: users_count 1485 9192
stats: finish_users_count 1549 8987
stats: connect 1466 0.44626125511596143 0.05341134191937105 1035.586 0.287 9.253156844485826 7517
stats: page 1630 722.645734355828 543.2398222070017 3201.492 6.096 1123.2313873996459 7349
stats: request 1630 722.645734355828 543.2398222070017 3201.492 6.096 1123.2313873996459 7349
stats: 200 1630 8979
stats: size_rcv 417099 2295517
stats: size_sent 90892 556946
stats: connected -164 4
# stats: dump at 1516793816
stats: users 439 480
stats: {freemem,"tsung_controller@jarvis"} 1 4009.85546875 0.0 4011.453125 3998.74609375 4003.8854166666665 6
stats: {load,"tsung_controller@jarvis"} 1 0.3203125 0.0 0.3203125 0.0 0.07291666666666667 6
stats: {cpu,"tsung_controller@jarvis"} 1 1.3748738647830474 0.0 45.39695123060791 1.2215086261176173 8.96452388521108 6
stats: session 1339 2015.4550806572074 1192.8331058878405 11268.015 13.832 2041.8413345944134 8987
stats: users_count 1573 10765
stats: finish_users_count 1339 10326
stats: connect 1557 0.4422145150931269 0.05552943841316054 1035.586 0.285 7.81589658243348 8983
stats: request 1262 944.6110388272582 571.7894591247551 3201.492 6.096 1050.511194230983 8979
stats: page 1262 944.6110388272582 571.7894591247551 3201.492 6.096 1050.511194230983 8979
stats: 200 1262 10241
stats: size_rcv 322572 2618089
stats: size_sent 96534 653480
stats: connected 295 299
# stats: dump at 1516793826
stats: users 384 535
stats: {freemem,"tsung_controller@jarvis"} 1 4009.0078125 0.0 4011.453125 3998.74609375 4004.73828125 7
stats: {load,"tsung_controller@jarvis"} 1 0.26953125 0.0 0.3203125 0.0 0.10825892857142858 7
stats: {cpu,"tsung_controller@jarvis"} 1 1.0991787744788377 0.0 45.39695123060791 1.0991787744788377 7.880288168007075 7
stats: session 1685 2583.001947774478 1171.581500521329 11268.015 13.832 2038.4197585705979 10326
stats: users_count 1630 12395
stats: finish_users_count 1685 12011
stats: request 1755 1571.9562769230758 659.4831871123794 3380.413 6.096 1037.4611018455225 10241
stats: connect 1658 158.76128226779284 368.8369727816672 1035.631 0.285 6.726634440227699 10540
stats: page 1755 1571.9562769230758 659.4831871123794 3380.413 6.096 1037.4611018455225 10241
stats: 200 1755 11996
stats: size_rcv 448477 3066566
stats: size_sent 102796 756276
stats: connected -97 202
# stats: dump at 1516793836
stats: users 478 535
stats: {freemem,"tsung_controller@jarvis"} 1 4006.6796875 0.0 4011.453125 3998.74609375 4005.27197265625 8
stats: {load,"tsung_controller@jarvis"} 1 0.23046875 0.0 0.3203125 0.0 0.12841796875 8
stats: {cpu,"tsung_controller@jarvis"} 1 1.3366960907944516 0.0 45.39695123060791 1.0991787744788377 7.032649493816045 8
stats: session 1553 1996.819366387637 1080.0249367340134 11268.015 13.832 2114.818142452751 12011
stats: users_count 1647 14042
stats: finish_users_count 1553 13564
stats: connect 1613 0.4420551766893977 0.04878925980006222 1035.631 0.285 27.391780045909204 12198
stats: page 1539 1030.812653021444 557.3010923930074 3380.413 6.096 1115.6570865288422 11996
stats: request 1539 1030.812653021444 557.3010923930074 3380.413 6.096 1115.6570865288422 11996
stats: 200 1539 13535
stats: size_rcv 393395 3459961
stats: size_sent 100006 856282
stats: connected 74 276
# stats: dump at 1516793846
stats: users 267 535
stats: {freemem,"tsung_controller@jarvis"} 1 4007.90234375 0.0 4011.453125 3998.74609375 4005.4283854166665 9
stats: {load,"tsung_controller@jarvis"} 1 0.19140625 0.0 0.3203125 0.0 0.13975694444444445 9
stats: {cpu,"tsung_controller@jarvis"} 1 0.9864676868597445 0.0 45.39695123060791 0.9864676868597445 6.399765782369202 9
stats: session 1762 1994.1111152099866 1114.0362710611557 11268.015 13.832 2101.307961147154 13564
stats: users_count 1551 15593
stats: finish_users_count 1762 15326
stats: request 1757 1007.757643710871 532.0949778941964 3380.413 6.096 1106.0098325083113 13535
stats: connect 1580 8.850143037974702 92.23569946671935 1035.631 0.285 24.244295706321083 13811
stats: page 1757 1007.757643710871 532.0949778941964 3380.413 6.096 1106.0098325083113 13535
stats: 200 1757 15292
stats: size_rcv 449298 3909259
stats: size_sent 97960 954242
stats: connected -177 99
# stats: dump at 1516793856
stats: users 231 535
stats: {freemem,"tsung_controller@jarvis"} 1 4008.1953125 0.0 4011.453125 3998.74609375 4005.67578125 10
stats: {load,"tsung_controller@jarvis"} 1 0.16015625 0.0 0.3203125 0.0 0.144921875 10
stats: {cpu,"tsung_controller@jarvis"} 1 1.1627906976744187 0.0 45.39695123060791 0.9864676868597445 5.858435972818256 10
stats: session 1542 1966.1956984435776 1138.564487552796 11268.015 13.832 2088.98375114185 15326
stats: users_count 1506 17099
stats: finish_users_count 1542 16868
stats: request 1562 968.779732394368 535.6381269224636 3380.413 6.096 1094.7209824091024 15292
stats: connect 1524 0.4432637795275593 0.04681329112693444 1035.631 0.285 22.66397206159447 15391
stats: page 1562 968.779732394368 535.6381269224636 3380.413 6.096 1094.7209824091024 15292
stats: 200 1562 16854
stats: size_rcv 399289 4308548
stats: size_sent 94488 1048730
stats: connected -38 61
# stats: dump at 1516793866
stats: users 302 535
stats: {freemem,"tsung_controller@jarvis"} 1 4008.3984375 0.0 4011.453125 3998.74609375 4005.9048295454545 11
stats: {load,"tsung_controller@jarvis"} 1 0.140625 0.0 0.3203125 0.0 0.14630681818181818 11
stats: {cpu,"tsung_controller@jarvis"} 1 0.9610520991401114 0.0 45.39695123060791 0.9610520991401114 5.431559129623362 11
stats: session 1446 2179.968601659751 1091.1117360928797 11268.015 13.832 2077.7589955537105 16868
stats: users_count 1517 18616
stats: finish_users_count 1446 18314
stats: connect 1515 0.4426950495049515 0.04737395026395209 1035.631 0.277 20.66194076263674 16915
stats: 200 1346 18200
stats: request 1346 1170.5913967310546 556.7507398353765 3380.413 6.096 1083.0489619674852 16854
stats: page 1346 1170.5913967310546 556.7507398353765 3380.413 6.096 1083.0489619674852 16854
stats: size_rcv 343800 4652348
stats: size_sent 93930 1142660
stats: connected 169 230
# stats: dump at 1516793876
stats: users 295 535
stats: {freemem,"tsung_controller@jarvis"} 1 4008.046875 0.0 4011.453125 3998.74609375 4006.1126302083335 12
stats: {load,"tsung_controller@jarvis"} 1 0.12109375 0.0 0.3203125 0.0 0.14583333333333334 12
stats: {cpu,"tsung_controller@jarvis"} 1 1.183431952662722 0.0 45.39695123060791 0.9610520991401114 5.059016877083091 12
stats: session 1563 2166.4464318618066 1155.4147758717686 11268.015 13.832 2085.8290561865233 18314
stats: users_count 1556 20172
stats: finish_users_count 1563 19877
stats: request 1586 1195.962253467842 618.7117311718346 3380.413 6.096 1089.5232541208788 18200
stats: 200 1586 19786
stats: connect 1553 14.238589182227972 117.69412709933363 1035.631 0.277 18.99985952251766 18430
stats: page 1586 1195.962253467842 618.7117311718346 3380.413 6.096 1089.5232541208788 18200
stats: size_rcv 405396 5057744
stats: size_sent 96286 1238946
stats: connected -33 197
# stats: dump at 1516793886
stats: users 557 559
stats: {freemem,"tsung_controller@jarvis"} 1 3992.5 0.0 4011.453125 3992.5 4006.261418269231 13
stats: {load,"tsung_controller@jarvis"} 1 0.1015625 0.0 0.3203125 0.0 0.14393028846153846 13
stats: {cpu,"tsung_controller@jarvis"} 1 1.1996464200025254 0.0 45.39695123060791 0.9610520991401114 4.760894959819986 13
stats: session 1298 2707.2147742681004 1091.8072416879345 11268.015 13.832 2092.1682903858723 19877
stats: users_count 1560 21732
stats: finish_users_count 1298 21175
stats: connect 1514 89.06064663143995 286.76732357490295 1035.631 0.277 18.629832357503904 19983
stats: request 1370 1681.7607678832105 505.1943169584406 3723.161 6.096 1098.0551581421203 19786
stats: 200 1370 21156
stats: page 1370 1681.7607678832105 505.1943169584406 3723.161 6.096 1098.0551581421203 19786
stats: size_rcv 349636 5407380
stats: size_sent 93868 1332814
stats: connected 144 341
# stats: dump at 1516793896
stats: users 555 665
stats: {freemem,"tsung_controller@jarvis"} 1 3992.734375 0.0 4011.453125 3992.5 4005.2784598214284 14
stats: {load,"tsung_controller@jarvis"} 1 0.23828125 0.0 0.3203125 0.0 0.14090401785714285 14
stats: {cpu,"tsung_controller@jarvis"} 1 2.5526086415141327 0.0 45.39695123060791 0.9610520991401114 4.506520064118738 14
stats: session 1539 3543.6747082521097 1621.1461917901931 12841.975 13.832 2129.8698410861853 21175
stats: users_count 1537 23269
stats: finish_users_count 1539 22714
stats: request 1546 2519.4096869340215 1251.2537428729215 9875.893 6.096 1135.8542073643405 21156
stats: connect 1522 657.0094224704347 1364.529676377485 7292.7 0.277 23.590164162441297 21497
stats: page 1546 2519.4096869340215 1251.2537428729215 9875.893 6.096 1135.8542073643405 21156
stats: 200 1546 22702
stats: size_rcv 394750 5802130
stats: size_sent 94364 1427178
stats: connected -24 317
# stats: dump at 1516793906
stats: users 194 665
stats: {freemem,"tsung_controller@jarvis"} 1 3988.28125 0.0 4011.453125 3988.28125 4004.4421875 15
stats: {load,"tsung_controller@jarvis"} 1 0.19921875 0.0 0.3203125 0.0 0.14739583333333334 15
stats: {cpu,"tsung_controller@jarvis"} 1 1.3876624195786553 0.0 45.39695123060791 0.9610520991401114 4.376259302611763 15
stats: session 1945 2543.3040005141406 1819.683099743964 13282.09 13.832 2225.6629946728876 22714
stats: users_count 1584 24853
stats: finish_users_count 1945 24659
stats: connect 1641 230.3716934795861 1068.9932951097896 7303.559 0.277 65.47139754116175 23019
stats: request 1956 1573.7868169734154 1555.485533053412 10931.747 6.096 1230.0739576689273 22702
stats: page 1956 1573.7868169734154 1555.485533053412 10931.747 6.096 1230.0739576689273 22702
stats: 200 1956 24658
stats: size_rcv 500057 6302187
stats: size_sent 101742 1528920
stats: connected -315 2
# stats: dump at 1516793916
stats: users 405 665
stats: {freemem,"tsung_controller@jarvis"} 1 3990.0234375 0.0 4011.453125 3988.28125 4003.43212890625 16
stats: {load,"tsung_controller@jarvis"} 1 0.171875 0.0 0.3203125 0.0 0.150634765625 16
stats: {cpu,"tsung_controller@jarvis"} 1 0.9512937595129376 0.0 45.39695123060791 0.9512937595129376 4.189471997422195 16
stats: session 1317 2165.327201974179 1166.7229364283246 13282.09 13.832 2250.717204347296 24659
stats: users_count 1528 26381
stats: finish_users_count 1317 25976
stats: request 1280 1126.0446117187505 571.9850755085391 10931.747 6.096 1257.339038080947 24658
stats: connect 1568 4.9994872448979555 68.08840548381875 7303.559 0.277 76.44468974047052 24660
stats: 200 1280 25938
stats: page 1280 1126.0446117187505 571.9850755085391 10931.747 6.096 1257.339038080947 24658
stats: size_rcv 326992 6629179
stats: size_sent 97216 1626136
stats: connected 288 290
# stats: dump at 1516793926
stats: users 320 665
stats: {freemem,"tsung_controller@jarvis"} 1 3989.75390625 0.0 4011.453125 3988.28125 4002.643382352941 17
stats: {load,"tsung_controller@jarvis"} 1 0.140625 0.0 0.3203125 0.0 0.1518841911764706 17
stats: {cpu,"tsung_controller@jarvis"} 1 1.3614017395688893 0.0 45.39695123060791 0.9512937595129376 3.998990924604003 17
stats: session 1637 2054.4576701282804 1101.6652975797747 13282.09 13.832 2246.387876000923 25976
stats: users_count 1552 27933
stats: finish_users_count 1637 27613
stats: page 1628 1065.951803439805 525.8209996452508 10931.747 6.095 1250.8598621327778 25938
stats: request 1628 1065.951803439805 525.8209996452508 10931.747 6.095 1250.8598621327778 25938
stats: connect 1533 0.45995564253098525 0.056418313356488614 7303.559 0.277 72.17344993899661 26228
stats: 200 1628 27566
stats: size_rcv 416165 7045344
stats: size_sent 95046 1721182
stats: connected -95 195
# stats: dump at 1516793932
stats: users 0 665
stats: {freemem,"tsung_controller@jarvis"} 1 3988.91015625 0.0 4011.453125 3988.28125 4001.927300347222 18
stats: {load,"tsung_controller@jarvis"} 1 0.12109375 0.0 0.3203125 0.0 0.15125868055555555 18
stats: {cpu,"tsung_controller@jarvis"} 1 1.2618296529968454 0.0 45.39695123060791 0.9512937595129376 3.8524581921020524 18
stats: session 323 2670.2348049535603 1143.309010499736 13282.09 13.832 2235.0095488719066 27613
stats: users_count 3 27936
stats: finish_users_count 323 27936
stats: connect 175 0.45409714285714303 0.10176632472964516 7303.559 0.277 68.21333370555827 27761
stats: page 370 1211.8458432432421 558.3410377890551 10931.747 6.095 1239.9395138939271 27566
stats: 200 370 27936
stats: request 370 1211.8458432432421 558.3410377890551 10931.747 6.095 1239.9395138939271 27566
stats: size_rcv 94561 7139905
stats: size_sent 10850 1732032
stats: connected -195 0
EndMonitor:{1516,793932,402715}
