# stats: dump at 1516808868
stats: users 327 346
stats: {freemem,"tsung_controller@jarvis"} 1 3835.9921875 0 3835.9921875 3835.9921875 0 0
stats: {load,"tsung_controller@jarvis"} 1 0.01171875 0 0.01171875 0.01171875 0 0
stats: {cpu,"tsung_controller@jarvis"} 1 45.02653185887307 0 45.02653185887307 45.02653185887307 0 0
stats: session 1163 1315.2046018916612 911.5556897500578 5656.812 13.24 0 0
stats: users_count 1490 1490
stats: finish_users_count 1163 1163
stats: connect 1265 0.448868774703557 0.12014597911585784 4.163 0.318 0 0
stats: page 1083 424.3485198522621 281.7747688704651 1244.341 7.744 0 0
stats: request 1083 424.3485198522621 281.7747688704651 1244.341 7.744 0 0
stats: 200 1083 1083
stats: size_rcv 277311 277311
stats: size_sent 78430 78430
stats: connected 182 182
# stats: dump at 1516808878
stats: users 314 364
stats: {freemem,"tsung_controller@jarvis"} 1 3831.0234375 0.0 3835.9921875 3831.0234375 3835.9921875 1
stats: {load,"tsung_controller@jarvis"} 1 0.01171875 0.0 0.01171875 0.01171875 0.01171875 1
stats: {cpu,"tsung_controller@jarvis"} 1 1.6930022573363432 0.0 45.02653185887307 1.6930022573363432 45.02653185887307 1
stats: session 1659 1808.5150584689545 1057.1327874995523 8126.091 13.24 1315.2046018916612 1163
stats: users_count 1646 3136
stats: finish_users_count 1659 2822
stats: request 1673 822.6345570830845 365.55679984179886 2228.479 6.114 424.3485198522621 1083
stats: page 1673 822.6345570830845 365.55679984179886 2228.479 6.114 424.3485198522621 1083
stats: connect 1650 13.323833939393952 113.48962568591901 1031.503 0.3 0.448868774703557 1265
stats: 200 1673 2756
stats: size_rcv 428215 705526
stats: size_sent 102300 180730
stats: connected -23 159
# stats: dump at 1516808888
stats: users 653 654
stats: {freemem,"tsung_controller@jarvis"} 1 3976.03515625 0.0 3976.03515625 3831.0234375 3833.5078125 2
stats: {load,"tsung_controller@jarvis"} 1 0.01171875 0.0 0.01171875 0.01171875 0.01171875 2
stats: {cpu,"tsung_controller@jarvis"} 1 2.42864296444667 0.0 45.02653185887307 1.6930022573363432 23.35976705810471 2
stats: session 1388 2624.1566592219 1188.972131515682 10703.766 13.24 1605.212414599574 2822
stats: users_count 1727 4863
stats: finish_users_count 1388 4210
stats: request 1431 1623.7582299091532 686.339539793703 3968.558 6.114 666.1237521770682 2756
stats: connect 1551 116.49879239200504 323.2005937530406 1034.562 0.3 7.736584905660384 2915
stats: page 1431 1623.7582299091532 686.339539793703 3968.558 6.114 666.1237521770682 2756
stats: 200 1431 4187
stats: size_rcv 365311 1070837
stats: size_sent 96162 276892
stats: connected 120 279
# stats: dump at 1516808898
stats: users 526 687
stats: {freemem,"tsung_controller@jarvis"} 1 3968.45703125 0.0 3976.03515625 3831.0234375 3881.0169270833335 3
stats: {load,"tsung_controller@jarvis"} 1 0.01171875 0.0 0.01171875 0.01171875 0.01171875 3
stats: {cpu,"tsung_controller@jarvis"} 1 2.324709411323585 0.0 45.02653185887307 1.6930022573363432 16.38272569355203 3
stats: session 1797 3350.312968836953 1717.9293691749454 13172.499 13.24 1941.1493769596186 4210
stats: users_count 1670 6533
stats: finish_users_count 1797 6007
stats: request 1785 2323.8366487395006 1375.5426238654945 10784.769 6.114 993.4165483639835 4187
stats: connect 1784 504.87239798205934 1159.8885384782286 7262.538 0.3 45.50868159426777 4466
stats: page 1785 2323.8366487395006 1375.5426238654945 10784.769 6.114 993.4165483639835 4187
stats: 200 1785 5972
stats: size_rcv 456045 1526882
stats: size_sent 110608 387500
stats: connected -1 278
# stats: dump at 1516808908
stats: users 395 687
stats: {freemem,"tsung_controller@jarvis"} 1 3966.95703125 0.0 3976.03515625 3831.0234375 3902.876953125 4
stats: {load,"tsung_controller@jarvis"} 1 0.0 0.0 0.01171875 0.0 0.01171875 4
stats: {cpu,"tsung_controller@jarvis"} 1 1.8092725216735772 0.0 45.02653185887307 1.6930022573363432 12.868221622994916 4
stats: session 1821 2636.6209807797914 1637.167352562086 19241.758 13.24 2362.702061261861 6007
stats: users_count 1690 8223
stats: finish_users_count 1821 7828
stats: page 1813 1672.6819200220623 1383.9683022325169 17229.959 6.114 1391.0722548559957 5972
stats: request 1813 1672.6819200220623 1383.9683022325169 17229.959 6.114 1391.0722548559957 5972
stats: 200 1813 7785
stats: connect 1734 150.04530392156832 1236.9070181858328 15439.495 0.3 176.62946079999898 6250
stats: size_rcv 463188 1990070
stats: size_sent 107508 495008
stats: connected -79 199
# stats: dump at 1516808918
stats: users 453 687
stats: {freemem,"tsung_controller@jarvis"} 1 3967.3125 0.0 3976.03515625 3831.0234375 3915.69296875 5
stats: {load,"tsung_controller@jarvis"} 1 0.0 0.0 0.01171875 0.0 0.009375 5
stats: {cpu,"tsung_controller@jarvis"} 1 1.6610041525103814 0.0 45.02653185887307 1.6610041525103814 10.656431802730648 5
stats: session 1610 1747.9531826086939 1078.222163338272 19241.758 13.24 2426.422852324987 7828
stats: users_count 1668 9891
stats: finish_users_count 1610 9438
stats: request 1637 760.509164324985 473.9357510356739 17229.959 6.114 1456.6545699421972 7785
stats: connect 1671 0.44239018551765336 0.0577449021796158 15439.495 0.286 170.85579746993903 7984
stats: page 1637 760.509164324985 473.9357510356739 17229.959 6.114 1456.6545699421972 7785
stats: 200 1637 9422
stats: size_rcv 418686 2408756
stats: size_sent 103602 598610
stats: connected 34 233
# stats: dump at 1516808928
stats: users 360 687
stats: {freemem,"tsung_controller@jarvis"} 1 3967.0390625 0.0 3976.03515625 3831.0234375 3924.2962239583335 6
stats: {load,"tsung_controller@jarvis"} 1 0.0 0.0 0.01171875 0.0 0.0078125 6
stats: {cpu,"tsung_controller@jarvis"} 1 1.9421125172284175 0.0 45.02653185887307 1.6610041525103814 9.15719386102727 6
stats: session 1791 2342.5470837520884 1035.0363393189632 19241.758 13.24 2310.6847543971176 9438
stats: users_count 1698 11589
stats: finish_users_count 1791 11229
stats: request 1748 1402.6786927917613 446.0131047448776 17229.959 6.114 1335.704662385906 9422
stats: page 1748 1402.6786927917613 446.0131047448776 17229.959 6.114 1335.704662385906 9422
stats: connect 1670 28.482592215568882 166.62754571779558 15439.495 0.286 141.3621875712059 9655
stats: 200 1748 11170
stats: size_rcv 446527 2855283
stats: size_sent 103540 702150
stats: connected -78 155
# stats: dump at 1516808938
stats: users 299 687
stats: {freemem,"tsung_controller@jarvis"} 1 3966.796875 0.0 3976.03515625 3831.0234375 3930.40234375 7
stats: {load,"tsung_controller@jarvis"} 1 0.078125 0.0 0.078125 0.0 0.006696428571428571 7
stats: {cpu,"tsung_controller@jarvis"} 1 1.8950803212851406 0.0 45.02653185887307 1.6610041525103814 8.126467954770291 7
stats: session 1822 1839.6338743139395 1127.0332169396813 19241.758 13.24 2315.76672357289 11229
stats: users_count 1761 13350
stats: finish_users_count 1822 13051
stats: request 1841 810.7144225964137 382.9231616545349 17229.959 6.1 1346.1854685765447 11170
stats: connect 1797 0.4444718976071234 0.05431299996176334 15439.495 0.286 124.71680794701926 11325
stats: page 1841 810.7144225964137 382.9231616545349 17229.959 6.1 1346.1854685765447 11170
stats: 200 1841 13011
stats: size_rcv 470834 3326117
stats: size_sent 111414 813564
stats: connected -44 111
# stats: dump at 1516808948
stats: users 340 687
stats: {freemem,"tsung_controller@jarvis"} 1 3971.33984375 0.0 3976.03515625 3831.0234375 3934.95166015625 8
stats: {load,"tsung_controller@jarvis"} 1 0.0703125 0.0 0.078125 0.0 0.015625 8
stats: {cpu,"tsung_controller@jarvis"} 1 2.54577376473539 0.0 45.02653185887307 1.6610041525103814 7.347544500584648 8
stats: session 1704 1804.785046948357 1083.7484750254796 19241.758 13.24 2249.2956446249314 13051
stats: users_count 1745 15095
stats: finish_users_count 1704 14755
stats: request 1716 837.8087167832165 413.39719718853144 17229.959 6.1 1270.4186408423643 13011
stats: connect 1739 0.43786946520989056 0.05828913757050648 15439.495 0.286 107.6982598689219 13122
stats: page 1716 837.8087167832165 413.39719718853144 17229.959 6.1 1270.4186408423643 13011
stats: 200 1716 14727
stats: size_rcv 438882 3764999
stats: size_sent 107818 921382
stats: connected 23 134
# stats: dump at 1516808958
stats: users 672 687
stats: {freemem,"tsung_controller@jarvis"} 1 3970.453125 0.0 3976.03515625 3831.0234375 3938.9947916666665 9
stats: {load,"tsung_controller@jarvis"} 1 0.05859375 0.0 0.078125 0.0 0.021701388888888888 9
stats: {cpu,"tsung_controller@jarvis"} 1 1.7931034482758619 0.0 45.02653185887307 1.6610041525103814 6.81401441882362 9
stats: session 1476 2212.7168136856317 1277.574704787374 19241.758 13.24 2197.9607711284293 14755
stats: users_count 1808 16903
stats: finish_users_count 1476 16231
stats: connect 1651 75.50445911568755 265.71934474533197 15439.495 0.286 95.1468959693152 14861
stats: page 1503 1148.872608117096 670.4636792961865 17229.959 6.1 1220.010639913085 14727
stats: 200 1503 16230
stats: request 1503 1148.872608117096 670.4636792961865 17229.959 6.1 1220.010639913085 14727
stats: size_rcv 384106 4149105
stats: size_sent 102362 1023744
stats: connected 148 282
# stats: dump at 1516808968
stats: users 695 843
stats: {freemem,"tsung_controller@jarvis"} 1 3964.7109375 0.0 3976.03515625 3831.0234375 3942.140625 10
stats: {load,"tsung_controller@jarvis"} 1 0.05078125 0.0 0.078125 0.0 0.025390625 10
stats: {cpu,"tsung_controller@jarvis"} 1 2.6794616151545365 0.0 45.02653185887307 1.6610041525103814 6.311923321768844 10
stats: session 1789 3574.434984348794 1766.3980628370814 19241.758 13.24 2199.302642782328 16231
stats: users_count 1812 18715
stats: finish_users_count 1789 18020
stats: connect 1752 823.6569697488579 1517.1811768862233 15439.495 0.269 93.18289020106549 16512
stats: page 1704 2543.1970933098614 1418.4425069424778 17229.959 6.1 1213.4228110905728 16230
stats: request 1704 2543.1970933098614 1418.4425069424778 17229.959 6.1 1213.4228110905728 16230
stats: 200 1704 17934
stats: size_rcv 435420 4584525
stats: size_sent 108624 1132368
stats: connected 48 330
# stats: dump at 1516808978
stats: users 568 843
stats: {freemem,"tsung_controller@jarvis"} 1 3957.7421875 0.0 3976.03515625 3831.0234375 3944.192471590909 11
stats: {load,"tsung_controller@jarvis"} 1 0.0390625 0.0 0.078125 0.0 0.027698863636363636 11
stats: {cpu,"tsung_controller@jarvis"} 1 3.7677578752316245 0.0 45.02653185887307 1.6610041525103814 5.981699530258452 11
stats: session 1797 3772.9739076238193 2945.53095490065 20012.909 13.24 2335.8238280799087 18020
stats: users_count 1670 20385
stats: finish_users_count 1797 19817
stats: page 1872 2766.8999903846097 2738.349734566744 18282.748 6.1 1339.771387922382 17934
stats: request 1872 2766.8999903846097 2738.349734566744 18282.748 6.1 1339.771387922382 17934
stats: connect 1773 874.6850473773283 2191.2922240432235 15439.495 0.269 163.25464816031496 18264
stats: 200 1872 19806
stats: size_rcv 478533 5063058
stats: size_sent 109926 1242294
stats: connected -99 231
# stats: dump at 1516808988
stats: users 45 843
stats: {freemem,"tsung_controller@jarvis"} 1 3956.63671875 0.0 3976.03515625 3831.0234375 3945.3216145833335 12
stats: {load,"tsung_controller@jarvis"} 1 0.03125 0.0 0.078125 0.0 0.028645833333333332 12
stats: {cpu,"tsung_controller@jarvis"} 1 3.3258873169520973 0.0 45.02653185887307 1.6610041525103814 5.797204392339549 12
stats: session 719 4014.0687371349113 3793.568445053842 29297.178 13.24 2466.1441940757913 19817
stats: users_count 196 20581
stats: finish_users_count 719 20536
stats: request 730 2748.4493684931494 3793.3282647395613 27609.101 6.1 1474.6590352923351 19806
stats: connect 513 1217.022109161793 3215.078078412756 15491.469 0.269 226.2064921395416 20037
stats: page 730 2748.4493684931494 3793.3282647395613 27609.101 6.1 1474.6590352923351 19806
stats: 200 730 20536
stats: size_rcv 186736 5249794
stats: size_sent 31806 1274100
stats: connected -217 14
# stats: dump at 1516808995
stats: users 0 843
stats: {freemem,"tsung_controller@jarvis"} 1 3957.21484375 0.0 3976.03515625 3831.0234375 3946.1920072115386 13
stats: {load,"tsung_controller@jarvis"} 1 0.03125 0.0 0.078125 0.0 0.028846153846153848 13
stats: {cpu,"tsung_controller@jarvis"} 1 0.46261565391347836 0.0 45.02653185887307 0.46261565391347836 5.607103078848207 13
stats: session 45 31731.617244444446 1987.0082907198625 35213.487 13.24 2520.3396433580033 20536
stats: users_count 0 20581
stats: finish_users_count 45 20581
stats: request 45 30896.922066666666 1798.0431491452584 33933.615 6.1 1519.9388825477206 20536
stats: 200 45 20581
stats: connect 31 31471.083451612903 59.548371541256174 31614.673 0.269 250.940721411192 20550
stats: page 45 30896.922066666666 1798.0431491452584 33933.615 6.1 1519.9388825477206 20536
stats: size_rcv 11568 5261362
stats: size_sent 1922 1276022
stats: connected -14 0
EndMonitor:{1516,808995,536685}
