# stats: dump at 1517149913
stats: users 85 85
stats: {freemem,"tsung_controller@jarvis"} 1 5461.7734375 0 5461.7734375 5461.7734375 0 0
stats: {load,"tsung_controller@jarvis"} 1 0.05859375 0 0.05859375 0.05859375 0 0
stats: {cpu,"tsung_controller@jarvis"} 1 1.861738209479034 0 1.861738209479034 1.861738209479034 0 0
stats: users_count 85 85
stats: finish_users_count 0 0
stats: 200 145 145
stats: request 145 3099.877655172414 837.7793373064819 6405.288 1831.704 0 0
stats: connect 85 0.7654823529411766 2.1286709612932873 14.608 0.353 0 0
stats: page 145 3099.877655172414 837.7793373064819 6405.288 1831.704 0 0
stats: tr_busyWait 145 3100.0369241379312 837.7631375394515 6405.362 1831.836 0 0
stats: size_rcv 36964 36964
stats: size_sent 11780 11780
stats: connected 85 85
# stats: dump at 1517149923
stats: users 85 85
stats: {freemem,"tsung_controller@jarvis"} 1 5453.953125 0.0 5461.7734375 5453.953125 5461.7734375 1
stats: {load,"tsung_controller@jarvis"} 1 0.37109375 0.0 0.37109375 0.05859375 0.05859375 1
stats: {cpu,"tsung_controller@jarvis"} 1 1.3824884792626728 0.0 1.861738209479034 1.3824884792626728 1.861738209479034 1
stats: users_count 0 85
stats: finish_users_count 0 0
stats: connect 19 0.653578947368421 0.15638996999386323 14.608 0.353 0.7654823529411766 85
stats: tr_busyWait 262 1485.0254961832063 254.74622171498254 6405.362 956.888 3100.0369241379312 145
stats: request 262 1484.8977175572513 254.74479186980525 6405.288 956.665 3099.877655172414 145
stats: 200 262 407
stats: page 262 1484.8977175572513 254.74479186980525 6405.288 956.665 3099.877655172414 145
stats: size_rcv 66766 103730
stats: size_sent 16058 27838
stats: connected -2 83
# stats: dump at 1517149933
stats: users 85 85
stats: {freemem,"tsung_controller@jarvis"} 1 5449.13671875 0.0 5461.7734375 5449.13671875 5457.86328125 2
stats: {load,"tsung_controller@jarvis"} 1 0.30859375 0.0 0.37109375 0.05859375 0.21484375 2
stats: {cpu,"tsung_controller@jarvis"} 1 1.3195568280841528 0.0 1.861738209479034 1.3195568280841528 1.6221133443708533 2
stats: users_count 0 85
stats: finish_users_count 0 0
stats: request 272 1258.755665441178 193.76071332447523 6405.288 719.658 2060.25912039312 407
stats: connect 16 0.7175625 0.14928997318557605 14.608 0.353 0.7450384615384616 104
stats: tr_busyWait 272 1258.9049632352946 193.75451390587799 6405.362 719.847 2060.398117936118 407
stats: page 272 1258.755665441178 193.76071332447523 6405.288 719.658 2060.25912039312 407
stats: 200 272 679
stats: size_rcv 69368 173098
stats: size_sent 15562 43400
stats: connected -1 82
# stats: dump at 1517149943
stats: users 85 85
stats: {freemem,"tsung_controller@jarvis"} 1 5448.77734375 0.0 5461.7734375 5448.77734375 5454.954427083333 3
stats: {load,"tsung_controller@jarvis"} 1 0.421875 0.0 0.421875 0.05859375 0.24609375 3
stats: {cpu,"tsung_controller@jarvis"} 1 1.582160209293634 0.0 1.861738209479034 1.3195568280841528 1.5212611722752865 3
stats: users_count 0 85
stats: finish_users_count 0 0
stats: connect 19 0.7245789473684209 0.13766944231114028 14.608 0.353 0.741375 120
stats: tr_busyWait 247 1091.6305060728735 354.52334444090076 6405.362 313.907 1739.3286951399123 679
stats: request 247 1091.4573157894738 354.51542318227973 6405.288 313.8 1739.185571428572 679
stats: page 247 1091.4573157894738 354.51542318227973 6405.288 313.8 1739.185571428572 679
stats: 200 247 926
stats: size_rcv 63050 236148
stats: size_sent 16244 59644
stats: connected -4 78
# stats: dump at 1517149953
stats: users 85 85
stats: {freemem,"tsung_controller@jarvis"} 1 5445.421875 0.0 5461.7734375 5445.421875 5453.41015625 4
stats: {load,"tsung_controller@jarvis"} 1 0.359375 0.0 0.421875 0.05859375 0.2900390625 4
stats: {cpu,"tsung_controller@jarvis"} 1 1.309553504614617 0.0 1.861738209479034 1.309553504614617 1.5364859315298733 4
stats: users_count 0 85
stats: finish_users_count 0 0
stats: request 250 1310.4042520000007 257.1676025278229 6405.288 313.8 1566.4114038876894 926
stats: connect 23 0.7546521739130436 0.12025104490033313 14.608 0.353 0.7390791366906475 139
stats: tr_busyWait 250 1310.5806079999986 257.1796897682989 6405.362 313.907 1566.562547516199 926
stats: page 250 1310.4042520000007 257.1676025278229 6405.288 313.8 1566.4114038876894 926
stats: 200 250 1176
stats: size_rcv 63751 299899
stats: size_sent 16492 76136
stats: connected 5 83
# stats: dump at 1517149963
stats: users 85 85
stats: {freemem,"tsung_controller@jarvis"} 1 5445.390625 0.0 5461.7734375 5445.390625 5451.8125 5
stats: {load,"tsung_controller@jarvis"} 1 0.30078125 0.0 0.421875 0.05859375 0.30390625 5
stats: {cpu,"tsung_controller@jarvis"} 1 1.2833291801644655 0.0 1.861738209479034 1.2833291801644655 1.491099446146822 5
stats: users_count 0 85
stats: finish_users_count 0 0
stats: request 265 1494.78065283019 218.91743491902318 6405.288 313.8 1511.9881147959188 1176
stats: page 265 1494.78065283019 218.91743491902318 6405.288 313.8 1511.9881147959188 1176
stats: connect 9 0.8008888888888889 0.10210065234794807 14.608 0.353 0.7412901234567901 162
stats: tr_busyWait 265 1494.9613924528317 218.91449966471774 6405.362 313.907 1512.144618197279 1176
stats: 200 265 1441
stats: size_rcv 67548 367447
stats: size_sent 15996 92132
stats: connected 0 83
# stats: dump at 1517149973
stats: users 85 85
stats: {freemem,"tsung_controller@jarvis"} 1 5445.4765625 0.0 5461.7734375 5445.390625 5450.7421875 6
stats: {load,"tsung_controller@jarvis"} 1 0.26171875 0.0 0.421875 0.05859375 0.3033854166666667 6
stats: {cpu,"tsung_controller@jarvis"} 1 1.3454590756197833 0.0 1.861738209479034 1.2833291801644655 1.456471068483096 6
stats: users_count 0 85
stats: finish_users_count 0 0
stats: request 265 1071.7322188679243 300.60795177401883 6405.288 313.8 1508.8236613462877 1441
stats: connect 25 0.7978400000000001 0.12889334505706648 14.608 0.353 0.7444269005847953 171
stats: page 265 1071.7322188679243 300.60795177401883 6405.288 313.8 1508.8236613462877 1441
stats: tr_busyWait 265 1071.923445283018 300.60211732950074 6405.362 313.907 1508.9846217904235 1441
stats: 200 265 1706
stats: size_rcv 67631 435078
stats: size_sent 15872 108004
stats: connected -3 80
# stats: dump at 1517149983
stats: users 85 85
stats: {freemem,"tsung_controller@jarvis"} 1 5447.90625 0.0 5461.7734375 5445.390625 5449.989955357143 7
stats: {load,"tsung_controller@jarvis"} 1 0.21875 0.0 0.421875 0.05859375 0.2974330357142857 7
stats: {cpu,"tsung_controller@jarvis"} 1 1.4722395508421708 0.0 1.861738209479034 1.2833291801644655 1.4406122123597653 7
stats: users_count 0 85
stats: finish_users_count 0 0
stats: request 261 1115.1991264367812 240.30778796699306 6405.288 313.8 1440.9284490035172 1706
stats: connect 25 0.7140800000000002 0.11445100960673087 14.608 0.353 0.7512397959183673 196
stats: tr_busyWait 261 1115.3716704980864 240.30910199599487 6405.362 313.907 1441.0941107854633 1706
stats: page 261 1115.1991264367812 240.30778796699306 6405.288 313.8 1440.9284490035172 1706
stats: 200 261 1967
stats: size_rcv 66590 501668
stats: size_sent 15872 123876
stats: connected -3 77
# stats: dump at 1517149993
stats: users 85 85
stats: {freemem,"tsung_controller@jarvis"} 1 5446.87109375 0.0 5461.7734375 5445.390625 5449.7294921875 8
stats: {load,"tsung_controller@jarvis"} 1 0.1796875 0.0 0.421875 0.05859375 0.28759765625 8
stats: {cpu,"tsung_controller@jarvis"} 1 1.3714000748036403 0.0 1.861738209479034 1.2833291801644655 1.444565629670066 8
stats: users_count 0 85
stats: finish_users_count 0 0
stats: request 263 1328.5166539923953 282.9075968163208 6405.288 313.8 1397.7076288764617 1967
stats: connect 26 0.7245384615384614 0.11866054712408414 14.608 0.353 0.7470361990950226 221
stats: page 263 1328.5166539923953 282.9075968163208 6405.288 313.8 1397.7076288764617 1967
stats: tr_busyWait 263 1328.687840304183 282.9066131865589 6405.362 313.907 1397.8742038637524 1967
stats: 200 263 2230
stats: size_rcv 67048 568716
stats: size_sent 15686 139562
stats: connected 3 80
# stats: dump at 1517150003
stats: users 85 85
stats: {freemem,"tsung_controller@jarvis"} 1 5444.53515625 0.0 5461.7734375 5444.53515625 5449.411892361111 9
stats: {load,"tsung_controller@jarvis"} 1 0.1484375 0.0 0.421875 0.05859375 0.2756076388888889 9
stats: {cpu,"tsung_controller@jarvis"} 1 1.4070476902004732 0.0 1.861738209479034 1.2833291801644655 1.4364361235737964 9
stats: users_count 0 85
stats: finish_users_count 0 0
stats: request 256 1247.1796796875005 299.3653726308069 6405.288 313.8 1389.5474376681616 2230
stats: page 256 1247.1796796875005 299.3653726308069 6405.288 313.8 1389.5474376681616 2230
stats: 200 256 2486
stats: connect 22 0.7371818181818182 0.1634713309209228 14.608 0.353 0.744668016194332 247
stats: tr_busyWait 256 1247.361960937501 299.36171619374966 6405.362 313.907 1389.7145565022427 2230
stats: size_rcv 65293 634009
stats: size_sent 16244 155806
stats: connected 0 80
# stats: dump at 1517150013
stats: users 85 85
stats: {freemem,"tsung_controller@jarvis"} 1 5447.30859375 0.0 5461.7734375 5444.53515625 5448.92421875 10
stats: {load,"tsung_controller@jarvis"} 1 0.12890625 0.0 0.421875 0.05859375 0.262890625 10
stats: {cpu,"tsung_controller@jarvis"} 1 1.482311908320877 0.0 1.861738209479034 1.2833291801644655 1.433497280236464 10
stats: users_count 0 85
stats: finish_users_count 0 0
stats: page 250 1154.300876 121.35643322713712 6405.288 313.8 1374.886880128721 2486
stats: request 250 1154.300876 121.35643322713712 6405.288 313.8 1374.886880128721 2486
stats: 200 250 2736
stats: connect 25 0.6950800000000001 0.11467865363702173 14.608 0.353 0.7440557620817844 269
stats: tr_busyWait 250 1154.478743999999 121.35803425737633 6405.362 313.907 1375.0555603378928 2486
stats: size_rcv 63747 697756
stats: size_sent 16306 172112
stats: connected 2 82
# stats: dump at 1517150023
stats: users 85 85
stats: {freemem,"tsung_controller@jarvis"} 1 5447.41015625 0.0 5461.7734375 5444.53515625 5448.77734375 11
stats: {load,"tsung_controller@jarvis"} 1 0.109375 0.0 0.421875 0.05859375 0.2507102272727273 11
stats: {cpu,"tsung_controller@jarvis"} 1 1.830407172207695 0.0 1.861738209479034 1.2833291801644655 1.4379349736986835 11
stats: users_count 0 85
stats: finish_users_count 0 0
stats: connect 20 0.7647000000000002 0.09760537895013778 14.608 0.353 0.739891156462585 294
stats: page 258 1312.255337209303 178.44215203573953 6405.288 313.8 1354.7309952485382 2736
stats: 200 258 2994
stats: request 258 1312.255337209303 178.44215203573953 6405.288 313.8 1354.7309952485382 2736
stats: tr_busyWait 258 1312.4404186046504 178.43901458862524 6405.362 313.907 1354.9005149853806 2736
stats: size_rcv 65750 763506
stats: size_sent 16244 188356
stats: connected -1 81
# stats: dump at 1517150033
stats: users 85 85
stats: {freemem,"tsung_controller@jarvis"} 1 5447.58203125 0.0 5461.7734375 5444.53515625 5448.663411458333 12
stats: {load,"tsung_controller@jarvis"} 1 0.08984375 0.0 0.421875 0.05859375 0.23893229166666666 12
stats: {cpu,"tsung_controller@jarvis"} 1 1.40739818159173 0.0 1.861738209479034 1.2833291801644655 1.470640990241101 12
stats: users_count 0 85
stats: finish_users_count 0 0
stats: request 265 1268.029218867924 232.56076707510945 6405.288 313.8 1351.0707682030732 2994
stats: connect 23 0.7626521739130436 0.10410054032172027 14.608 0.353 0.7414713375796178 314
stats: page 265 1268.029218867924 232.56076707510945 6405.288 313.8 1351.0707682030732 2994
stats: tr_busyWait 265 1268.2072075471694 232.57680864559984 6405.362 313.907 1351.241628924516 2994
stats: 200 265 3259
stats: size_rcv 67582 831088
stats: size_sent 16120 204476
stats: connected 2 83
# stats: dump at 1517150043
stats: users 85 85
stats: {freemem,"tsung_controller@jarvis"} 1 5447.44140625 0.0 5461.7734375 5444.53515625 5448.580228365385 13
stats: {load,"tsung_controller@jarvis"} 1 0.078125 0.0 0.421875 0.05859375 0.22746394230769232 13
stats: {cpu,"tsung_controller@jarvis"} 1 1.2213359920239282 0.0 1.861738209479034 1.2213359920239282 1.4657761588065341 13
stats: users_count 0 85
stats: finish_users_count 0 0
stats: request 263 1403.3055095057036 153.18616730589497 6405.288 313.8 1344.3183869285058 3259
stats: connect 16 0.6719375000000002 0.08627968239249605 14.608 0.353 0.7429169139465875 337
stats: tr_busyWait 263 1403.4774258555146 153.18683007343637 6405.362 313.907 1344.4898272476223 3259
stats: page 263 1403.3055095057036 153.18616730589497 6405.288 313.8 1344.3183869285058 3259
stats: 200 263 3522
stats: size_rcv 67027 898115
stats: size_sent 15562 220038
stats: connected 0 83
# stats: dump at 1517150053
stats: users 85 85
stats: {freemem,"tsung_controller@jarvis"} 1 5446.5390625 0.0 5461.7734375 5444.53515625 5448.498883928572 14
stats: {load,"tsung_controller@jarvis"} 1 0.0703125 0.0 0.421875 0.05859375 0.216796875 14
stats: {cpu,"tsung_controller@jarvis"} 1 1.2957886867680042 0.0 1.861738209479034 1.2213359920239282 1.4483161468934909 14
stats: users_count 0 85
stats: finish_users_count 0 0
stats: request 255 1235.4138941176473 219.5924191271598 6405.288 313.8 1348.7231607041456 3522
stats: page 255 1235.4138941176473 219.5924191271598 6405.288 313.8 1348.7231607041456 3522
stats: 200 255 3777
stats: connect 21 0.5880952380952381 0.13232424273510693 14.608 0.353 0.7396997167138809 353
stats: tr_busyWait 255 1235.5433843137264 219.58635991061325 6405.362 313.907 1348.8946365701308 3522
stats: size_rcv 65046 963161
stats: size_sent 16554 236592
stats: connected -4 79
# stats: dump at 1517150063
stats: users 85 85
stats: {freemem,"tsung_controller@jarvis"} 1 5437.12890625 0.0 5461.7734375 5437.12890625 5448.368229166666 15
stats: {load,"tsung_controller@jarvis"} 1 0.05859375 0.0 0.421875 0.05859375 0.20703125 15
stats: {cpu,"tsung_controller@jarvis"} 1 4.274143302180685 0.0 4.274143302180685 1.2213359920239282 1.4381476495517915 15
stats: users_count 0 85
stats: finish_users_count 0 0
stats: request 267 1201.4472771535588 229.57850965730682 6405.288 313.8 1341.0732102197512 3777
stats: page 267 1201.4472771535588 229.57850965730682 6405.288 313.8 1341.0732102197512 3777
stats: connect 21 0.6214761904761905 0.13654045939630566 14.608 0.353 0.7311871657754011 374
stats: 200 267 4044
stats: tr_busyWait 267 1201.5704569288384 229.5854199745214 6405.362 313.907 1341.2418514694205 3777
stats: size_rcv 68102 1031263
stats: size_sent 15500 252092
stats: connected -1 78
# stats: dump at 1517150073
stats: users 85 85
stats: {freemem,"tsung_controller@jarvis"} 1 5446.30078125 0.0 5461.7734375 5437.12890625 5447.665771484375 16
stats: {load,"tsung_controller@jarvis"} 1 0.05078125 0.0 0.421875 0.05078125 0.19775390625 16
stats: {cpu,"tsung_controller@jarvis"} 1 4.60772104607721 0.0 4.60772104607721 1.2213359920239282 1.6153973778410975 16
stats: users_count 0 85
stats: finish_users_count 0 0
stats: request 255 1261.4493607843149 208.24180456306414 6405.288 313.8 1331.8545840751733 4044
stats: connect 23 0.6018260869565216 0.14270969382202134 14.608 0.353 0.7253544303797468 395
stats: tr_busyWait 255 1261.5643372549018 208.25776115414587 6405.362 313.907 1332.0202237883286 4044
stats: page 255 1261.4493607843149 208.24180456306414 6405.288 313.8 1331.8545840751733 4044
stats: 200 255 4299
stats: size_rcv 65024 1096287
stats: size_sent 15934 268026
stats: connected 3 81
# stats: dump at 1517150083
stats: users 85 85
stats: {freemem,"tsung_controller@jarvis"} 1 5447.14453125 0.0 5461.7734375 5437.12890625 5447.585477941177 17
stats: {load,"tsung_controller@jarvis"} 1 0.0390625 0.0 0.421875 0.0390625 0.18910845588235295 17
stats: {cpu,"tsung_controller@jarvis"} 1 1.1946241911398707 0.0 4.60772104607721 1.1946241911398707 1.791416417149104 17
stats: users_count 0 85
stats: finish_users_count 0 0
stats: connect 23 0.6775217391304349 0.1198857679355526 14.608 0.353 0.7185574162679426 418
stats: tr_busyWait 256 1218.4947187499993 262.92785787717855 6405.362 313.907 1327.841053966039 4299
stats: request 256 1218.336609374998 262.91448840235216 6405.288 313.8 1327.6784193998608 4299
stats: page 256 1218.336609374998 262.91448840235216 6405.288 313.8 1327.6784193998608 4299
stats: 200 256 4555
stats: size_rcv 65286 1161573
stats: size_sent 16492 284518
stats: connected 1 82
# stats: dump at 1517150084
stats: users 85 85
stats: {freemem,"tsung_controller@jarvis"} 0 0 0 5461.7734375 5437.12890625 5447.560980902777 18
stats: {load,"tsung_controller@jarvis"} 0 0 0 0.421875 0.0390625 0.18077256944444445 18
stats: {cpu,"tsung_controller@jarvis"} 0 0 0 4.60772104607721 1.1946241911398707 1.7582612934819244 18
stats: users_count 0 85
stats: finish_users_count 0 0
stats: connect 2 0.6485000000000001 0.004500000000000032 14.608 0.353 0.7164172335600907 441
stats: request 22 1219.0430454545458 63.95864674607213 6405.288 313.8 1321.53319363337 4555
stats: tr_busyWait 22 1219.1814545454542 63.966473235258356 6405.362 313.907 1321.6955738748632 4555
stats: page 22 1219.0430454545458 63.95864674607213 6405.288 313.8 1321.53319363337 4555
stats: 200 22 4577
stats: size_rcv 5609 1167182
stats: size_sent 1612 286130
stats: connected 1 83
stats: error_abort 1 1
EndMonitor:{1517,150084,927577}
