# stats: dump at 1517250361
stats: users 20 20
stats: {freemem,"tsung_controller@jarvis"} 1 3092.40234375 0 3092.40234375 3092.40234375 0 0
stats: {load,"tsung_controller@jarvis"} 1 0.078125 0 0.078125 0.078125 0 0
stats: {cpu,"tsung_controller@jarvis"} 1 1.886879181296857 0 1.886879181296857 1.886879181296857 0 0
stats: users_count 20 20
stats: finish_users_count 0 0
stats: request 103 168.59897087378633 147.4508992627292 562.395 50.938 0 0
stats: tr_loopTransaction 103 168.84018446601942 147.5099008534713 562.516 51.084 0 0
stats: connect 20 2.8647 4.654999517722854 13.572 0.505 0 0
stats: 200 103 103
stats: page 103 168.59897087378633 147.4508992627292 562.395 50.938 0 0
stats: size_rcv 26410 26410
stats: size_sent 16224 16224
stats: connected 20 20
# stats: dump at 1517250371
stats: users 20 20
stats: {freemem,"tsung_controller@jarvis"} 1 3094.0625 0.0 3094.0625 3092.40234375 3092.40234375 1
stats: {load,"tsung_controller@jarvis"} 1 0.0703125 0.0 0.078125 0.0703125 0.078125 1
stats: {cpu,"tsung_controller@jarvis"} 1 1.0106051154086089 0.0 1.886879181296857 1.0106051154086089 1.886879181296857 1
stats: users_count 0 20
stats: finish_users_count 0 0
stats: connect 5 0.7273999999999999 0.17189136103946587 13.572 0.505 2.8647 20
stats: tr_loopTransaction 101 118.54786138613863 60.2467086596224 562.516 50.921 168.84018446601942 103
stats: request 101 118.40391089108907 60.25048991791266 562.395 50.862 168.59897087378633 103
stats: page 101 118.40391089108907 60.25048991791266 562.395 50.862 168.59897087378633 103
stats: 200 101 204
stats: size_rcv 25895 52305
stats: size_sent 15912 32136
stats: connected -3 17
# stats: dump at 1517250381
stats: users 20 20
stats: {freemem,"tsung_controller@jarvis"} 1 3092.9609375 0.0 3094.0625 3092.40234375 3093.232421875 2
stats: {load,"tsung_controller@jarvis"} 1 0.05859375 0.0 0.078125 0.05859375 0.07421875 2
stats: {cpu,"tsung_controller@jarvis"} 1 0.8606710739678183 0.0 1.886879181296857 0.8606710739678183 1.448742148352733 2
stats: users_count 0 20
stats: finish_users_count 0 0
stats: request 104 93.31675000000001 43.764174059504164 562.395 50.862 143.74749509803914 204
stats: connect 6 0.9279999999999999 0.11166766168710918 13.572 0.505 2.43724 25
stats: page 104 93.31675000000001 43.764174059504164 562.395 50.862 143.74749509803914 204
stats: tr_loopTransaction 104 93.48158653846154 43.76530600997045 562.516 50.921 143.94055392156864 204
stats: 200 104 308
stats: size_rcv 26678 78983
stats: size_sent 16068 48204
stats: connected 1 18
# stats: dump at 1517250391
stats: users 20 20
stats: {freemem,"tsung_controller@jarvis"} 1 3085.109375 0.0 3094.0625 3085.109375 3093.1419270833335 3
stats: {load,"tsung_controller@jarvis"} 1 0.05078125 0.0 0.078125 0.05078125 0.06901041666666667 3
stats: {cpu,"tsung_controller@jarvis"} 1 0.848620990889804 0.0 1.886879181296857 0.848620990889804 1.2527184568910947 3
stats: users_count 0 20
stats: finish_users_count 0 0
stats: request 89 91.3656853932584 50.04742208889203 562.395 50.862 126.71893181818176 308
stats: connect 8 0.9578749999999999 0.1142020550384274 13.572 0.505 2.145129032258065 31
stats: page 89 91.3656853932584 50.04742208889203 562.395 50.862 126.71893181818176 308
stats: tr_loopTransaction 89 91.53710112359553 50.05153775254331 562.516 50.921 126.90246103896106 308
stats: 200 89 397
stats: size_rcv 22834 101817
stats: size_sent 14040 62244
stats: connected -1 17
# stats: dump at 1517250401
stats: users 20 20
stats: {freemem,"tsung_controller@jarvis"} 1 3084.9921875 0.0 3094.0625 3084.9921875 3091.1337890625 4
stats: {load,"tsung_controller@jarvis"} 1 0.0390625 0.0 0.078125 0.0390625 0.064453125 4
stats: {cpu,"tsung_controller@jarvis"} 1 0.9477490958972441 0.0 1.886879181296857 0.848620990889804 1.1516940903907722 4
stats: users_count 0 20
stats: finish_users_count 0 0
stats: request 94 106.45836170212765 68.2217962583824 562.395 50.862 118.79339294710321 397
stats: connect 9 0.8366666666666667 0.1763733413970364 13.572 0.505 1.9015897435897438 39
stats: page 94 106.45836170212765 68.2217962583824 562.395 50.862 118.79339294710321 397
stats: tr_loopTransaction 94 106.61688297872344 68.2172402513293 562.516 50.921 118.9742065491184 397
stats: 200 94 491
stats: size_rcv 24117 125934
stats: size_sent 14352 76596
stats: connected 3 20
# stats: dump at 1517250411
stats: users 20 20
stats: {freemem,"tsung_controller@jarvis"} 1 3083.69140625 0.0 3094.0625 3083.69140625 3089.90546875 5
stats: {load,"tsung_controller@jarvis"} 1 0.03125 0.0 0.078125 0.03125 0.059375 5
stats: {cpu,"tsung_controller@jarvis"} 1 0.7873031742064484 0.0 1.886879181296857 0.7873031742064484 1.1109050914920666 5
stats: users_count 0 20
stats: finish_users_count 0 0
stats: request 87 79.01819540229891 33.34350249198608 562.395 50.835 116.43190020366595 491
stats: connect 4 0.8487500000000001 0.1470227448390214 13.572 0.505 1.7019166666666667 48
stats: page 87 79.01819540229891 33.34350249198608 562.395 50.835 116.43190020366595 491
stats: tr_loopTransaction 87 79.18794252873565 33.349772680249 562.516 50.921 116.60844602851326 491
stats: 200 87 578
stats: size_rcv 22335 148269
stats: size_sent 13884 90480
stats: connected -4 16
# stats: dump at 1517250421
stats: users 20 20
stats: {freemem,"tsung_controller@jarvis"} 1 3083.09765625 0.0 3094.0625 3083.09765625 3088.8697916666665 6
stats: {load,"tsung_controller@jarvis"} 1 0.03125 0.0 0.078125 0.03125 0.0546875 6
stats: {cpu,"tsung_controller@jarvis"} 1 0.8366633366633366 0.0 1.886879181296857 0.7873031742064484 1.0569714386111302 6
stats: users_count 0 20
stats: finish_users_count 0 0
stats: request 88 92.88436363636362 48.63562778719046 562.395 50.835 110.8004256055363 578
stats: connect 10 0.8907 0.12285768189250522 13.572 0.505 1.6362884615384616 52
stats: page 88 92.88436363636362 48.63562778719046 562.395 50.835 110.8004256055363 578
stats: tr_loopTransaction 88 93.06007954545451 48.62744040808029 562.516 50.921 110.97594809688583 578
stats: 200 88 666
stats: size_rcv 22582 170851
stats: size_sent 13416 103896
stats: connected 2 18
# stats: dump at 1517250431
stats: users 20 20
stats: {freemem,"tsung_controller@jarvis"} 1 3082.09375 0.0 3094.0625 3082.09375 3088.0452008928573 7
stats: {load,"tsung_controller@jarvis"} 1 0.01953125 0.0 0.078125 0.01953125 0.05133928571428571 7
stats: {cpu,"tsung_controller@jarvis"} 1 0.7992007992007992 0.0 1.886879181296857 0.7873031742064484 1.0254988526185882 7
stats: users_count 0 20
stats: finish_users_count 0 0
stats: request 102 101.62856862745095 64.50843420984636 562.395 50.835 108.43313813813812 666
stats: connect 7 0.8737142857142857 0.14279727316895724 13.572 0.505 1.516032258064516 62
stats: page 102 101.62856862745095 64.50843420984636 562.395 50.835 108.43313813813812 666
stats: tr_loopTransaction 102 101.82100000000003 64.50172433019623 562.516 50.901 108.6086861861862 666
stats: 200 102 768
stats: size_rcv 26169 197020
stats: size_sent 16068 119964
stats: connected 2 20
# stats: dump at 1517250441
stats: users 20 20
stats: {freemem,"tsung_controller@jarvis"} 1 3081.9765625 0.0 3094.0625 3081.9765625 3087.30126953125 8
stats: {load,"tsung_controller@jarvis"} 1 0.01953125 0.0 0.078125 0.01953125 0.04736328125 8
stats: {cpu,"tsung_controller@jarvis"} 1 0.9987515605493134 0.0 1.886879181296857 0.7873031742064484 0.9972115959413645 8
stats: users_count 0 20
stats: finish_users_count 0 0
stats: request 97 110.25887628865978 56.76449542478165 562.395 50.835 107.52940624999998 768
stats: connect 8 0.9145 0.09427353817482398 13.572 0.505 1.4508695652173913 69
stats: page 97 110.25887628865978 56.76449542478165 562.395 50.835 107.52940624999998 768
stats: tr_loopTransaction 97 110.42060824742269 56.76352122995761 562.516 50.901 107.70719661458334 768
stats: 200 97 865
stats: size_rcv 24875 221895
stats: size_sent 14976 134940
stats: connected -1 19
# stats: dump at 1517250451
stats: users 20 20
stats: {freemem,"tsung_controller@jarvis"} 1 3075.0625 0.0 3094.0625 3075.0625 3086.7096354166665 9
stats: {load,"tsung_controller@jarvis"} 1 0.01953125 0.0 0.078125 0.01953125 0.044270833333333336 9
stats: {cpu,"tsung_controller@jarvis"} 1 0.8365588712698215 0.0 1.886879181296857 0.7873031742064484 0.9973827031200256 9
stats: users_count 0 20
stats: finish_users_count 0 0
stats: request 103 94.88021359223299 46.86937213514522 562.395 50.835 107.83548554913294 865
stats: connect 6 0.9573333333333333 0.09838134421163845 13.572 0.505 1.3951428571428572 77
stats: page 103 94.88021359223299 46.86937213514522 562.395 50.835 107.83548554913294 865
stats: tr_loopTransaction 103 95.05043689320385 46.86346211196741 562.516 50.901 108.01147514450868 865
stats: 200 103 968
stats: size_rcv 26423 248318
stats: size_sent 16380 151320
stats: connected 0 19
# stats: dump at 1517250461
stats: users 20 20
stats: {freemem,"tsung_controller@jarvis"} 1 3074.96484375 0.0 3094.0625 3074.96484375 3085.544921875 10
stats: {load,"tsung_controller@jarvis"} 1 0.01171875 0.0 0.078125 0.01171875 0.041796875 10
stats: {cpu,"tsung_controller@jarvis"} 1 0.9231536926147704 0.0 1.886879181296857 0.7873031742064484 0.9813003199350051 10
stats: users_count 0 20
stats: finish_users_count 0 0
stats: request 87 78.90604597701146 30.72659428218159 562.395 50.835 106.45698037190081 968
stats: connect 8 0.976625 0.1391042212695215 13.572 0.505 1.3634939759036144 83
stats: page 87 78.90604597701146 30.72659428218159 562.395 50.835 106.45698037190081 968
stats: tr_loopTransaction 87 79.08626436781606 30.728577198663917 562.516 50.901 106.63235640495867 968
stats: 200 87 1055
stats: size_rcv 22329 270647
stats: size_sent 13416 164736
stats: connected -2 17
# stats: dump at 1517250471
stats: users 20 20
stats: {freemem,"tsung_controller@jarvis"} 1 3074.12890625 0.0 3094.0625 3074.12890625 3084.583096590909 11
stats: {load,"tsung_controller@jarvis"} 1 0.01171875 0.0 0.078125 0.01171875 0.0390625 11
stats: {cpu,"tsung_controller@jarvis"} 1 0.9358622410781133 0.0 1.886879181296857 0.7873031742064484 0.9760142629058929 11
stats: users_count 0 20
stats: finish_users_count 0 0
stats: request 97 96.08082474226805 52.909042191567586 562.395 50.835 104.18500758293838 1055
stats: connect 7 0.8045714285714285 0.1006320839818525 13.572 0.505 1.3294835164835166 91
stats: page 97 96.08082474226805 52.909042191567586 562.395 50.835 104.18500758293838 1055
stats: tr_loopTransaction 97 96.23620618556707 52.900672144685934 562.516 50.901 104.36078293838861 1055
stats: 200 97 1152
stats: size_rcv 24891 295538
stats: size_sent 15444 180180
stats: connected 1 18
# stats: dump at 1517250472
stats: users 20 20
stats: {freemem,"tsung_controller@jarvis"} 0 0 0 3094.0625 3074.12890625 3083.7119140625 12
stats: {load,"tsung_controller@jarvis"} 0 0 0 0.078125 0.01171875 0.036783854166666664 12
stats: {cpu,"tsung_controller@jarvis"} 0 0 0 1.886879181296857 0.7873031742064484 0.9726682610869113 12
stats: users_count 0 20
stats: finish_users_count 0 0
stats: request 7 78.65285714285713 31.294304193887932 562.395 50.835 103.50262413194443 1152
stats: connect 2 1.0 0.02200000000000002 13.572 0.505 1.2919897959183675 98
stats: page 7 78.65285714285713 31.294304193887932 562.395 50.835 103.50262413194443 1152
stats: tr_loopTransaction 7 78.82399999999998 31.281695843690166 562.516 50.901 103.67668229166667 1152
stats: 200 7 1159
stats: size_rcv 1791 297329
stats: size_sent 936 181116
stats: connected -2 16
stats: error_abort 1 1
EndMonitor:{1517,250472,985181}
