# stats: dump at 1517243308
stats: users 140 140
stats: {freemem,"tsung_controller@jarvis"} 1 3469.1328125 0 3469.1328125 3469.1328125 0 0
stats: {load,"tsung_controller@jarvis"} 1 0.3984375 0 0.3984375 0.3984375 0 0
stats: {cpu,"tsung_controller@jarvis"} 1 1.869925666978135 0 1.869925666978135 1.869925666978135 0 0
stats: users_count 140 140
stats: finish_users_count 0 0
stats: page 139 5533.768143884892 480.6217508231502 7218.607 4751.512 0 0
stats: request 139 5533.768143884892 480.6217508231502 7218.607 4751.512 0 0
stats: tr_loopTransaction 139 5533.974625899279 480.62187023576536 7218.785 4751.653 0 0
stats: connect 140 0.999821428571428 1.6709387449995932 15.113 0.437 0 0
stats: 200 139 139
stats: size_rcv 35433 35433
stats: size_sent 37284 37284
stats: connected 140 140
# stats: dump at 1517243318
stats: users 140 140
stats: {freemem,"tsung_controller@jarvis"} 1 3449.63671875 0.0 3469.1328125 3449.63671875 3469.1328125 1
stats: {load,"tsung_controller@jarvis"} 1 0.41015625 0.0 0.41015625 0.3984375 0.3984375 1
stats: {cpu,"tsung_controller@jarvis"} 1 2.865723939431861 0.0 2.865723939431861 1.869925666978135 1.869925666978135 1
stats: users_count 0 140
stats: finish_users_count 0 0
stats: connect 18 0.7892777777777779 0.1516556060272952 15.113 0.437 0.999821428571428 140
stats: request 258 3416.638201550388 400.4459361077736 7732.593 2839.57 5533.768143884892 139
stats: page 258 3416.638201550388 400.4459361077736 7732.593 2839.57 5533.768143884892 139
stats: tr_loopTransaction 258 3416.817643410851 400.4391511317649 7732.755 2839.734 5533.974625899279 139
stats: 200 258 397
stats: size_rcv 65758 101191
stats: size_sent 40092 77376
stats: connected -4 136
# stats: dump at 1517243328
stats: users 140 140
stats: {freemem,"tsung_controller@jarvis"} 1 3446.71875 0.0 3469.1328125 3446.71875 3459.384765625 2
stats: {load,"tsung_controller@jarvis"} 1 0.421875 0.0 0.421875 0.3984375 0.404296875 2
stats: {cpu,"tsung_controller@jarvis"} 1 3.609927300075207 0.0 3.609927300075207 1.869925666978135 2.367824803204998 2
stats: users_count 0 140
stats: finish_users_count 0 0
stats: request 273 3377.9100842490834 309.1115567504356 7732.593 2778.41 4157.900322418137 397
stats: connect 22 0.6729545454545455 0.10236986296256924 15.113 0.437 0.9758354430379741 158
stats: tr_loopTransaction 273 3378.0677142857144 309.10748233435453 7732.755 2778.691 4158.089231738034 397
stats: page 273 3377.9100842490834 309.1115567504356 7732.593 2778.41 4157.900322418137 397
stats: 200 273 670
stats: size_rcv 69593 170784
stats: size_sent 39624 117000
stats: connected 1 137
# stats: dump at 1517243338
stats: users 140 140
stats: {freemem,"tsung_controller@jarvis"} 1 3433.54296875 0.0 3469.1328125 3433.54296875 3455.1627604166665 3
stats: {load,"tsung_controller@jarvis"} 1 0.359375 0.0 0.421875 0.359375 0.41015625 3
stats: {cpu,"tsung_controller@jarvis"} 1 2.975517890772128 0.0 3.609927300075207 1.869925666978135 2.781858968828401 3
stats: users_count 0 140
stats: finish_users_count 0 0
stats: request 251 3403.715988047806 319.79373885837015 7732.593 2750.379 3840.083404477612 670
stats: connect 24 0.7398333333333335 0.14919915847245552 15.113 0.414 0.9388166666666662 180
stats: page 251 3403.715988047806 319.79373885837015 7732.593 2750.379 3840.083404477612 670
stats: tr_loopTransaction 251 3403.891 319.78317110403833 7732.755 2750.552 3840.2595686567156 670
stats: 200 251 921
stats: size_rcv 63981 234765
stats: size_sent 39312 156312
stats: connected -4 133
# stats: dump at 1517243348
stats: users 140 140
stats: {freemem,"tsung_controller@jarvis"} 1 3418.4765625 0.0 3469.1328125 3418.4765625 3449.7578125 4
stats: {load,"tsung_controller@jarvis"} 1 0.4609375 0.0 0.4609375 0.359375 0.3974609375 4
stats: {cpu,"tsung_controller@jarvis"} 1 3.313594557137457 0.0 3.609927300075207 1.869925666978135 2.8302736993143327 4
stats: users_count 0 140
stats: finish_users_count 0 0
stats: request 267 3256.5739026217248 314.39594987589317 7732.593 2690.677 3721.160254071661 921
stats: page 267 3256.5739026217248 314.39594987589317 7732.593 2690.677 3721.160254071661 921
stats: connect 26 0.7721538461538463 0.12421312091837969 15.113 0.414 0.9154068627450976 204
stats: tr_loopTransaction 267 3256.765415730339 314.3961393309132 7732.755 2690.887 3721.336104234527 921
stats: 200 267 1188
stats: size_rcv 68060 302825
stats: size_sent 40872 197184
stats: connected 1 134
# stats: dump at 1517243358
stats: users 140 140
stats: {freemem,"tsung_controller@jarvis"} 1 3448.4453125 0.0 3469.1328125 3418.4765625 3443.5015625 5
stats: {load,"tsung_controller@jarvis"} 1 0.46875 0.0 0.46875 0.359375 0.41015625 5
stats: {cpu,"tsung_controller@jarvis"} 1 1.4657980456026058 0.0 3.609927300075207 1.4657980456026058 2.9269378708789575 5
stats: users_count 0 140
stats: finish_users_count 0 0
stats: request 254 3313.4367204724413 379.80162424317274 7732.593 2653.057 3616.745644781145 1188
stats: page 254 3313.4367204724413 379.80162424317274 7732.593 2653.057 3616.745644781145 1188
stats: connect 27 0.6665185185185183 0.10336500244830717 15.113 0.414 0.8992130434782605 230
stats: 200 254 1442
stats: tr_loopTransaction 254 3313.5989606299217 379.79699314661616 7732.755 2653.167 3616.925015151515 1188
stats: size_rcv 64746 367571
stats: size_sent 40716 237900
stats: connected 4 138
# stats: dump at 1517243368
stats: users 140 140
stats: {freemem,"tsung_controller@jarvis"} 1 3430.48828125 0.0 3469.1328125 3418.4765625 3444.3255208333335 6
stats: {load,"tsung_controller@jarvis"} 1 0.3984375 0.0 0.46875 0.359375 0.419921875 6
stats: {cpu,"tsung_controller@jarvis"} 1 1.7262947210407806 0.0 3.609927300075207 1.4657980456026058 2.6834145666662326 6
stats: users_count 0 140
stats: finish_users_count 0 0
stats: request 261 3535.3994865900386 319.3407336417203 7732.593 2653.057 3563.3195235783637 1442
stats: page 261 3535.3994865900386 319.3407336417203 7732.593 2653.057 3563.3195235783637 1442
stats: 200 261 1703
stats: connect 18 0.7899999999999999 0.09878427675158297 15.113 0.414 0.8747665369649801 257
stats: tr_loopTransaction 261 3535.5661954023 319.33985161202503 7732.755 2653.167 3563.4958765603324 1442
stats: size_rcv 66514 434085
stats: size_sent 40560 278460
stats: connected -1 137
# stats: dump at 1517243378
stats: users 140 140
stats: {freemem,"tsung_controller@jarvis"} 1 3427.58203125 0.0 3469.1328125 3418.4765625 3442.3487723214284 7
stats: {load,"tsung_controller@jarvis"} 1 0.33984375 0.0 0.46875 0.33984375 0.41685267857142855 7
stats: {cpu,"tsung_controller@jarvis"} 1 1.3515204605180828 0.0 3.609927300075207 1.3515204605180828 2.546683160148311 7
stats: users_count 0 140
stats: finish_users_count 0 0
stats: request 253 3484.3998102766814 325.7903587081204 7732.593 2653.057 3559.0405278919557 1703
stats: page 253 3484.3998102766814 325.7903587081204 7732.593 2653.057 3559.0405278919557 1703
stats: connect 21 0.7535714285714283 0.1142309988069586 15.113 0.414 0.8692181818181814 275
stats: 200 253 1956
stats: tr_loopTransaction 253 3484.573316205534 325.79181315734525 7732.755 2653.167 3559.2154028185555 1703
stats: size_rcv 64487 498572
stats: size_sent 41340 319800
stats: connected 0 137
# stats: dump at 1517243388
stats: users 140 140
stats: {freemem,"tsung_controller@jarvis"} 1 3425.55078125 0.0 3469.1328125 3418.4765625 3440.5029296875 8
stats: {load,"tsung_controller@jarvis"} 1 0.2890625 0.0 0.46875 0.2890625 0.4072265625 8
stats: {cpu,"tsung_controller@jarvis"} 1 1.2371907023244189 0.0 3.609927300075207 1.2371907023244189 2.397287822694532 8
stats: users_count 0 140
stats: finish_users_count 0 0
stats: request 252 3533.8292738095247 321.5388258516966 7732.593 2653.057 3549.3860792433543 1956
stats: page 252 3533.8292738095247 321.5388258516966 7732.593 2653.057 3549.3860792433543 1956
stats: connect 17 0.7495882352941177 0.10009528332516293 15.113 0.414 0.8610135135135132 296
stats: tr_loopTransaction 252 3533.9922539682534 321.53860816153843 7732.755 2653.167 3549.560777096115 1956
stats: 200 252 2208
stats: size_rcv 64224 562796
stats: size_sent 40560 360360
stats: connected -1 136
# stats: dump at 1517243398
stats: users 140 140
stats: {freemem,"tsung_controller@jarvis"} 1 3424.9453125 0.0 3469.1328125 3418.4765625 3438.8415798611113 9
stats: {load,"tsung_controller@jarvis"} 1 0.23828125 0.0 0.46875 0.23828125 0.3940972222222222 9
stats: {cpu,"tsung_controller@jarvis"} 1 1.5919140871762476 0.0 3.609927300075207 1.2371907023244189 2.2683881426534085 9
stats: users_count 0 140
stats: finish_users_count 0 0
stats: request 262 3540.331503816791 328.8012327227595 7732.593 2653.057 3547.610574275363 2208
stats: connect 21 0.7531428571428572 0.1650126360859289 15.113 0.414 0.8549616613418527 313
stats: page 262 3540.331503816791 328.8012327227595 7732.593 2653.057 3547.610574275363 2208
stats: tr_loopTransaction 262 3540.5025038167923 328.8040538181286 7732.755 2653.167 3547.783934782609 2208
stats: 200 262 2470
stats: size_rcv 66781 629577
stats: size_sent 39624 399984
stats: connected 4 140
# stats: dump at 1517243408
stats: users 140 140
stats: {freemem,"tsung_controller@jarvis"} 1 3422.62890625 0.0 3469.1328125 3418.4765625 3437.451953125 10
stats: {load,"tsung_controller@jarvis"} 1 0.19921875 0.0 0.46875 0.19921875 0.378515625 10
stats: {cpu,"tsung_controller@jarvis"} 1 1.5768891131575629 0.0 3.609927300075207 1.2371907023244189 2.200740737105692 10
stats: users_count 0 140
stats: finish_users_count 0 0
stats: page 272 3486.231470588236 349.2949956074531 7732.593 2653.057 3546.8384623481784 2470
stats: 200 272 2742
stats: request 272 3486.231470588236 349.2949956074531 7732.593 2653.057 3546.8384623481784 2470
stats: connect 11 0.7325454545454544 0.16382771640097113 15.113 0.414 0.8485598802395206 334
stats: tr_loopTransaction 272 3486.39522794118 349.2948301877294 7732.755 2653.167 3547.011572469636 2470
stats: size_rcv 69326 698903
stats: size_sent 40248 440232
stats: connected -6 134
# stats: dump at 1517243418
stats: users 140 140
stats: {freemem,"tsung_controller@jarvis"} 1 3430.40625 0.0 3469.1328125 3418.4765625 3436.104403409091 11
stats: {load,"tsung_controller@jarvis"} 1 0.171875 0.0 0.46875 0.171875 0.3622159090909091 11
stats: {cpu,"tsung_controller@jarvis"} 1 2.4525216953842284 0.0 3.609927300075207 1.2371907023244189 2.1440269531104077 11
stats: users_count 0 140
stats: finish_users_count 0 0
stats: connect 20 0.7501 0.16355607601064537 15.113 0.414 0.844860869565217 345
stats: request 246 3458.7438211382105 329.42423363540956 7732.593 2653.057 3540.826390226113 2742
stats: tr_loopTransaction 246 3458.892040650405 329.42335593190296 7732.755 2653.167 3540.9985725747633 2742
stats: page 246 3458.7438211382105 329.42423363540956 7732.593 2653.057 3540.826390226113 2742
stats: 200 246 2988
stats: size_rcv 62703 761606
stats: size_sent 41496 481728
stats: connected 1 135
# stats: dump at 1517243419
stats: users 140 140
stats: {freemem,"tsung_controller@jarvis"} 0 0 0 3469.1328125 3418.4765625 3435.6295572916665 12
stats: {load,"tsung_controller@jarvis"} 0 0 0 0.46875 0.171875 0.3463541666666667 12
stats: {cpu,"tsung_controller@jarvis"} 0 0 0 3.609927300075207 1.2371907023244189 2.1697348482998926 12
stats: users_count 0 140
stats: finish_users_count 0 0
stats: connect 1 0.779 0.0 15.113 0.414 0.8396684931506846 365
stats: tr_loopTransaction 33 3665.2484242424243 315.35723658205217 7732.755 2653.167 3534.238797858099 2988
stats: request 33 3665.0703939393934 315.3756402056885 7732.593 2653.057 3534.0685883534143 2988
stats: 200 33 3021
stats: page 33 3665.0703939393934 315.3756402056885 7732.593 2653.057 3534.0685883534143 2988
stats: size_rcv 8411 770017
stats: size_sent 2184 483912
stats: connected 0 135
stats: error_abort 1 1
EndMonitor:{1517,243419,454223}
