procs -----------memory---------- ---swap-- -----io---- -system-- ------cpu-----
 r  b   swpd   free   buff  cache   si   so    bi    bo   in   cs us sy id wa st
 2  0      0 12909984 322088 2405916    0    0     0     1    0    1 57  0 43  0  0
 1  0      0 12912840 322088 2405820    0    0     0     0  354  249 87  0 13  0  0
 1  0      0 12915880 322088 2405816    0    0     0     0  144  108 26  0 74  0  0
 0  0      0 12918928 322088 2405812    0    0     0     0  186  152 43  1 56  0  0
 3  0      0 12921932 322088 2405716    0    0     0    44  217  158 46  1 53  0  0
 1  0      0 12921932 322088 2405716    0    0     0     0  299  196 78  0 22  0  0
 2  0      0 12921932 322088 2405720    0    0     0     0  251  154 58  0 42  0  0
 0  0      0 12924972 322088 2405684    0    0     0     0  189  130 41  0 59  0  0
 1  0      0 12924972 322088 2405688    0    0     0     0  248  137 55  0 45  0  0
 0  0      0 12924972 322088 2405688    0    0     0    96  191  142 35  0 63  2  0
 0  0      0 12928020 322088 2405680    0    0     0     0  255  184 51  0 49  0  0
 1  0      0 12928020 322088 2405680    0    0     0     0  230  161 51  0 49  0  0
 4  0      0 12928020 322088 2405680    0    0     0     0  187  131 40  0 60  0  0
 0  0      0 12928020 322088 2405684    0    0     0     0  200  135 46  0 54  0  0
 0  0      0 12930944 322088 2405640    0    0     0    24  267  187 61  0 38  1  0
 0  0      0 12930696 322088 2405640    0    0     0     0  173  149 35  0 65  0  0
 1  0      0 12927532 322088 2405644    0    0     0     0  282  326 49  1 49  0  0
 0  0      0 12927532 322088 2405644    0    0     0     0  217  128 51  1 48  0  0
 1  0      0 12927952 322088 2405600    0    0     0     0  236  165 50  0 50  0  0
 1  0      0 12931008 322088 2405580    0    0     0    44  201  171 43  0 54  3  0
 5  0      0 12931008 322088 2405580    0    0     0     0  216  156 48  0 52  0  0
procs -----------memory---------- ---swap-- -----io---- -system-- ------cpu-----
 r  b   swpd   free   buff  cache   si   so    bi    bo   in   cs us sy id wa st
 1  0      0 12931008 322088 2405584    0    0     0     0  254  190 61  0 39  0  0
 2  0      0 12931008 322088 2405584    0    0     0     0  144  120 28  0 72  0  0
 2  0      0 12931008 322088 2405584    0    0     0     0  268  143 67  0 33  0  0
 0  0      0 12931008 322088 2405588    0    0     0   132  264  175 56  0 41  3  0
 0  0      0 12931008 322088 2405588    0    0     0     0  282  189 71  0 29  0  0
 1  0      0 12928588 322088 2405596    0    0     0     0  220  182 49  0 51  0  0
 0  0      0 12928588 322088 2405596    0    0     0     0  192  122 42  0 58  0  0
 0  0      0 12928092 322088 2405600    0    0     0     0  233  170 51  0 49  0  0
 2  1      0 12927968 322088 2405600    0    0     0    72  224  161 48  0 50  3  0
 0  0      0 12927472 322088 2405600    0    0     0     0  226  742 37  2 61  0  0
 0  0      0 12925424 322088 2405604    0    0     0     0  229  146 54  1 45  0  0
 0  0      0 12925424 322088 2405604    0    0     0     0  196  128 41  0 59  0  0
 4  0      0 12927984 322088 2405580    0    0     0     0  232  164 61  0 39  0  0
 0  0      0 12927984 322088 2405584    0    0     0     0  212  145 46  0 54  0  0
 3  0      0 12931056 322088 2405544    0    0     0   100  250  200 60  0 39  1  0
 0  0      0 12931056 322088 2405544    0    0     0     0  125  122 17  0 83  0  0
 0  0      0 12930684 322088 2405548    0    0     0     0  201  139 45  1 54  0  0
 0  0      0 12930684 322088 2405548    0    0     0     0  159   99 35  0 65  0  0
 1  0      0 12930684 322088 2405552    0    0     0     0  173  117 40  0 60  0  0
 0  0      0 12928636 322088 2405556    0    0     0    80  292  202 62  0 36  2  0
 0  0      0 12928636 322088 2405556    0    0     0     0  266  175 64  1 35  0  0
procs -----------memory---------- ---swap-- -----io---- -system-- ------cpu-----
 r  b   swpd   free   buff  cache   si   so    bi    bo   in   cs us sy id wa st
 0  0      0 12928512 322088 2405560    0    0     0     0  184  145 35  1 64  0  0
 0  0      0 12931064 322088 2405552    0    0     0     0  192  126 45  0 55  0  0
 2  0      0 12931064 322088 2405552    0    0     0     0  177  133 33  0 67  0  0
 2  0      0 12931064 322088 2405556    0    0     0    32  276  180 67  0 31  2  0
 2  0      0 12930692 322088 2405556    0    0     0     0  211  152 45  0 55  0  0
 0  0      0 12930692 322088 2405556    0    0     0     0  151  146 30  0 70  0  0
 3  0      0 12928644 322088 2405560    0    0     0     0  144  127 27  0 73  0  0
 1  0      0 12928644 322088 2405560    0    0     0     0  201  125 47  0 53  0  0
 1  0      0 12928644 322088 2405560    0    0     0    24  225  160 43  2 53  2  0
 1  0      0 12931104 322088 2405504    0    0     0     0  191  137 41  1 58  0  0
 2  0      0 12934168 322088 2405464    0    0     0     0  268  135 63  0 37  0  0
 0  0      0 12934168 322088 2405468    0    0     0     0  272  183 70  0 30  0  0
 0  0      0 12934168 322088 2405468    0    0     0     0  255  134 61  0 39  0  0
 0  0      0 12934168 322088 2405468    0    0     0   132  135  126 16  0 82  2  0
 0  0      0 12931748 322088 2405472    0    0     0     0  218  146 51  0 49  0  0
 0  0      0 12928336 322088 2405472    0    0     0     0  269  176 66  0 34  0  0
 0  0      0 12928212 322088 2405476    0    0     0     0  160  127 30  1 69  0  0
 0  0      0 12931252 322088 2405476    0    0     0     0  267  192 66  0 34  0  0
 0  0      0 12930880 322088 2405476    0    0     0    52  170  156 25  0 75  0  0
 6  0      0 12930880 322088 2405476    0    0     0     0  226  170 53  1 46  0  0
 0  0      0 12928832 322088 2405480    0    0     0     0  234  158 52  0 48  0  0
procs -----------memory---------- ---swap-- -----io---- -system-- ------cpu-----
 r  b   swpd   free   buff  cache   si   so    bi    bo   in   cs us sy id wa st
 0  0      0 12931260 322088 2405460    0    0     0     0  180  139 41  0 59  0  0
 0  0      0 12931260 322088 2405464    0    0     0     0  200  133 45  0 55  0  0
 0  0      0 12934184 322088 2405456    0    0     0    24  213  161 45  1 54  0  0
 0  0      0 12934184 322088 2405456    0    0     0     0  205  131 46  0 54  0  0
 0  0      0 12933936 322088 2405460    0    0     0     0  169  134 36  0 64  0  0
 1  0      0 12931888 322088 2405460    0    0     0     0  199  126 40  0 60  0  0
 0  0      0 12934316 322088 2405444    0    0     0     0  182  128 40  1 59  0  0
 0  0      0 12934316 322088 2405448    0    0     0    84  221  206 41  0 58  1  0
 1  0      0 12937280 322088 2405404    0    0     0     0  176  133 35  0 65  0  0
 0  0      0 12934860 322088 2405404    0    0     0     0  239  140 50  0 50  0  0
 1  0      0 12934860 322088 2405408    0    0     0     0  157  116 32  0 68  0  0
 0  0      0 12931944 322088 2405408    0    0     0     0  166  117 32  1 67  0  0
 2  0      0 12931944 322088 2405408    0    0     0    32  180  140 36  2 62  0  0
 2  0      0 12931944 322088 2405412    0    0     0     0  200  145 39  0 61  0  0
 1  0      0 12931324 322088 2405412    0    0     0     0  207  185 44  0 56  0  0
 0  0      0 12931200 322088 2405412    0    0     0     0  271  158 58  0 42  0  0
 0  0      0 12934280 322088 2405364    0    0     0     0  190  140 40  0 60  0  0
 1  0      0 12934280 322088 2405364    0    0     0    24  223  160 49  0 51  0  0
 0  0      0 12933908 322088 2405364    0    0     0     0  243  166 52  0 48  0  0
 0  0      0 12933908 322088 2405368    0    0     0     0  147  127 25  0 75  0  0
 0  0      0 12931860 322088 2405368    0    0     0     0  182  144 36  0 64  0  0
procs -----------memory---------- ---swap-- -----io---- -system-- ------cpu-----
 r  b   swpd   free   buff  cache   si   so    bi    bo   in   cs us sy id wa st
 3  0      0 12930688 322088 2405372    0    0     0     0  211  278 43  1 56  0  0
 1  0      0 12931240 322088 2405376    0    0     0    68  239  269 52  0 47  1  0
 0  0      0 12930868 322088 2405376    0    0     0     8  183  146 35  0 65  0  0
 0  0      0 12928820 322088 2405376    0    0     0     0  231  145 54  1 45  0  0
 1  0      0 12928820 322088 2405384    0    0     0     0  208  137 46  0 54  0  0
 0  0      0 12931240 322088 2405380    0    0     0     0  256  162 62  0 38  0  0
 0  1      0 12931240 322088 2405384    0    0     0    36  206  173 40  0 58  2  0
 5  0      0 12934288 322088 2405376    0    0     0    76  213  154 43  0 57  0  0
 0  0      0 12934288 322088 2405376    0    0     0     0  162  131 33  0 67  0  0
 2  0      0 12931868 322088 2405380    0    0     0     0  256  149 62  0 38  0  0
 0  0      0 12930752 322088 2405380    0    0     0     0  196  129 38  0 62  0  0
 2  0      0 12928704 322088 2405380    0    0     0     0  264  183 62  1 37  0  0
 2  0      0 12931372 322088 2405356    0    0     0    36  203  152 38  1 61  0  0
 2  0      0 12931372 322088 2405356    0    0     0     0  199  133 47  0 53  0  0
 2  0      0 12931372 322088 2405356    0    0     0     0  220  129 52  0 48  0  0
 0  0      0 12931372 322088 2405360    0    0     0     0  134  107 26  0 74  0  0
 3  0      0 12931372 322088 2405360    0    0     0     0  259  203 61  0 39  0  0
 0  0      0 12928828 322088 2405364    0    0     0    76  219  185 46  0 52  2  0
 1  0      0 12927836 322088 2405364    0    0     0     0  205  143 43  0 57  0  0
 3  0      0 12925292 322088 2405364    0    0     0     0  224  164 52  0 48  0  0
 0  0      0 12925292 322088 2405368    0    0     0     0  201  138 42  0 58  0  0
procs -----------memory---------- ---swap-- -----io---- -system-- ------cpu-----
 r  b   swpd   free   buff  cache   si   so    bi    bo   in   cs us sy id wa st
 0  0      0 12925292 322088 2405368    0    0     0     0  204  128 44  0 56  0  0
 1  0      0 12925292 322088 2405368    0    0     0    32  259  154 60  0 37  3  0
 2  0      0 12925292 322088 2405372    0    0     0     0  170  112 36  1 63  0  0
 6  0      0 12925292 322088 2405372    0    0     0     0  299  202 75  0 25  0  0
 0  0      0 12925292 322088 2405376    0    0     0     0  272  182 67  0 33  0  0
 2  0      0 12925292 322088 2405376    0    0     0     0  256  142 60  0 40  0  0
 3  0      0 12925292 322088 2405380    0    0     0    24  250  180 62  0 38  0  0
 1  0      0 12925292 322088 2405380    0    0     0     0  194  126 44  0 56  0  0
 0  0      0 12925292 322088 2405380    0    0     0     0  187  143 41  0 59  0  0
 1  0      0 12925292 322088 2405384    0    0     0     0  254  140 61  0 39  0  0
 0  0      0 12925292 322088 2405384    0    0     0     0  179  132 36  0 64  0  0
 1  0      0 12928208 322088 2405392    0    0     0    32  241  179 52  0 47  1  0
 0  0      0 12931288 322088 2405344    0    0     0     0  234  147 55  0 45  0  0
 0  0      0 12931288 322088 2405344    0    0     0     0  238  364 48  2 50  0  0
 1  0      0 12928868 322088 2405348    0    0     0     0  183  148 33  1 66  0  0
