procs -----------memory---------- ---swap-- -----io---- -system-- ------cpu-----
 r  b   swpd   free   buff  cache   si   so    bi    bo   in   cs us sy id wa st
65  0      0 12783796 322088 2417680    0    0     0     1    0    1 57  0 43  0  0
65  0      0 12781188 322088 2417684    0    0     0     0  440  340 100  0  0  0  0
65  0      0 12775232 322088 2417684    0    0     0     0  292  335 100  0  0  0  0
28  0      0 12763536 322088 2417692    0    0     0     0  469  363 100  0  0  0  0
49  0      0 12739848 322088 2417868    0    0     0    96  346  347 99  1  0  0  0
69  0      0 12691248 322088 2419304    0    0     0     0  315  345 100  0  0  0  0
66  0      0 12659984 322088 2422384    0    0     0     0  383  418 98  2  0  0  0
67  0      0 12659612 322088 2422388    0    0     0     0  363  331 99  1  0  0  0
73  0      0 12657936 322088 2422388    0    0     0     0  360  348 99  1  0  0  0
64  0      0 12655020 322088 2422392    0    0     0    24  384  369 99  1  0  0  0
59  0      0 12655436 322088 2422228    0    0     0     0  398  351 100  0  0  0  0
52  0      0 12656056 322088 2422160    0    0     0     0  357  349 100  0  0  0  0
56  0      0 12654008 322088 2422160    0    0     0     0  401  351 99  1  0  0  0
54  0      0 12654388 322088 2422156    0    0     0     0  396  356 99  1  0  0  0
59  0      0 12652688 322088 2421932    0    0     0    24  433  381 100  0  0  0  0
58  0      0 12648840 322088 2421848    0    0     0     0  401  363 100  0  0  0  0
44  0      0 12648840 322088 2421756    0    0     0     0  426  358 99  1  0  0  0
54  0      0 12647164 322088 2421760    0    0     0     0  394  334 100  0  0  0  0
51  0      0 12643028 322088 2421556    0    0     0     0  403  357 100  0  0  0  0
46  0      0 12638560 322088 2421560    0    0     0    24  440  380 100  0  0  0  0
40  0      0 12638560 322088 2421568    0    0     0     0  403  345 99  1  0  0  0
procs -----------memory---------- ---swap-- -----io---- -system-- ------cpu-----
 r  b   swpd   free   buff  cache   si   so    bi    bo   in   cs us sy id wa st
46  0      0 12636960 322088 2421280    0    0     0     0  410  348 100  0  0  0  0
55  0      0 12640000 322088 2421220    0    0     0     0  411  363 99  1  0  0  0
44  0      0 12642792 322088 2421224    0    0     0     0  418  383 100  0  0  0  0
48  0      0 12645708 322088 2421228    0    0     0   120  433  369 100  0  0  0  0
62  0      0 12648916 322088 2420992    0    0     0     0  416  352 100  0  0  0  0
52  0      0 12651956 322088 2420996    0    0     0     0  389  367 99  1  0  0  0
35  0      0 12654928 322088 2420928    0    0     0     0  453  375 100  0  0  0  0
48  0      0 12657976 322088 2420892    0    0     0     0  394  332 100  0  0  0  0
43  0      0 12661080 322088 2420832    0    0     0    64  419  374 100  0  0  0  0
45  0      0 12664004 322088 2420824    0    0     0     0  417  365 99  1  0  0  0
56  0      0 12666920 322088 2420820    0    0     0     0  418  362 100  0  0  0  0
53  0      0 12670084 322088 2420772    0    0     0     0  422  387 98  2  0  0  0
42  0      0 12673192 322088 2420584    0    0     0     0  425  366 100  0  0  0  0
52  0      0 12676108 322088 2420588    0    0     0    48  450  370 100  0  0  0  0
40  0      0 12679164 322088 2420560    0    0     0    32  399  377 99  1  0  0  0
30  0      0 12679164 322088 2420564    0    0     0     0  426  365 100  0  0  0  0
30  0      0 12682300 322088 2420424    0    0     0     0  402  355 100  0  0  0  0
43  0      0 12682300 322088 2420428    0    0     0     0  448  358 100  0  0  0  0
61  0      0 12682300 322088 2420432    0    0     0     0  389  349 100  0  0  0  0
54  0      0 12682300 322088 2420436    0    0     0    24  421  372 100  0  0  0  0
48  0      0 12682300 322088 2420440    0    0     0     0  447  382 100  0  0  0  0
procs -----------memory---------- ---swap-- -----io---- -system-- ------cpu-----
 r  b   swpd   free   buff  cache   si   so    bi    bo   in   cs us sy id wa st
56  0      0 12681928 322088 2420448    0    0     0     0  410  363 100  0  0  0  0
61  0      0 12679880 322088 2420456    0    0     0     0  417  351 99  1  0  0  0
57  0      0 12679384 322088 2420460    0    0     0     0  413  358 100  0  0  0  0
55  0      0 12673552 322088 2420464    0    0     0    24  393  360 100  0  0  0  0
48  0      0 12673444 322088 2420448    0    0     0     0  429  381 100  0  0  0  0
52  0      0 12676360 322088 2420448    0    0     0     0  399  350 100  0  0  0  0
45  0      0 12679332 322088 2420392    0    0     0     0  414  359 100  0  0  0  0
40  0      0 12682372 322088 2420376    0    0     0     0  416  360 99  1  0  0  0
46  0      0 12685428 322088 2420368    0    0     0    24  446  394 100  0  0  0  0
62  0      0 12685428 322088 2420368    0    0     0     0  399  347 98  2  0  0  0
61  0      0 12685428 322088 2420372    0    0     0     0  404  356 100  0  0  0  0
49  0      0 12682884 322088 2420376    0    0     0     0  426  358 100  0  0  0  0
41  0      0 12681892 322088 2420384    0    0     0     0  431  358 100  0  0  0  0
50  0      0 12681892 322088 2420388    0    0     0   164  408  361 100  0  0  0  0
52  0      0 12679844 322088 2420388    0    0     0     0  405  348 100  0  0  0  0
40  0      0 12679844 322088 2420396    0    0     0     0  414  344 100  0  0  0  0
46  0      0 12682404 322088 2420380    0    0     0     0  425  354 99  1  0  0  0
61  0      0 12685408 322088 2420292    0    0     0     0  417  361 100  0  0  0  0
54  0      0 12685036 322088 2420296    0    0     0    24  394  372 100  0  0  0  0
48  0      0 12682988 322088 2420304    0    0     0     0  456  373 100  0  0  0  0
54  0      0 12682492 322088 2420308    0    0     0     0  399  356 100  0  0  0  0
procs -----------memory---------- ---swap-- -----io---- -system-- ------cpu-----
 r  b   swpd   free   buff  cache   si   so    bi    bo   in   cs us sy id wa st
54  0      0 12682368 322088 2420308    0    0     0     0  416  359 99  1  0  0  0
52  0      0 12682368 322088 2420312    0    0     0     0  411  353 100  0  0  0  0
46  0      0 12682368 322088 2420316    0    0     0    64  423  365 99  1  0  0  0
54  0      0 12682368 322088 2420320    0    0     0     0  425  344 100  0  0  0  0
40  0      0 12682120 322088 2420324    0    0     0     0  391  348 100  0  0  0  0
50  0      0 12679948 322088 2420328    0    0     0     0  442  363 100  0  0  0  0
57  0      0 12679948 322088 2420328    0    0     0     0  380  341 100  0  0  0  0
57  0      0 12679948 322088 2420332    0    0     0    24  421  383 100  0  0  0  0
56  0      0 12679328 322088 2420340    0    0     0     0  433  367 100  0  0  0  0
54  0      0 12679204 322088 2420348    0    0     0     0  404  364 99  1  0  0  0
45  0      0 12679204 322088 2420352    0    0     0     0  433  363 100  0  0  0  0
45  0      0 12679204 322088 2420356    0    0     0     0  395  343 100  0  0  0  0
50  0      0 12679204 322088 2420360    0    0     0    24  402  356 100  0  0  0  0
35  0      0 12682120 322088 2420356    0    0     0     0  431  365 100  0  0  0  0
31  0      0 12682120 322088 2420360    0    0     0     0  395  346 99  1  0  0  0
39  0      0 12685108 322088 2420292    0    0     0     0  459  493 100  0  0  0  0
46  0      0 12684860 322088 2420296    0    0     0     0  396  355 100  0  0  0  0
39  0      0 12684860 322088 2420300    0    0     0    24  421  363 99  1  0  0  0
51  0      0 12685232 322088 2420300    0    0     0     0  447  381 100  0  0  0  0
61  0      0 12688272 322088 2420268    0    0     0     0  393  360 100  0  0  0  0
59  0      0 12685852 322088 2420268    0    0     0     0  416  360 100  0  0  0  0
procs -----------memory---------- ---swap-- -----io---- -system-- ------cpu-----
 r  b   swpd   free   buff  cache   si   so    bi    bo   in   cs us sy id wa st
46  0      0 12685728 322088 2420272    0    0     0     0  420  355 100  0  0  0  0
36  0      0 12682812 322088 2420276    0    0     0    24  429  364 99  1  0  0  0
49  0      0 12681696 322088 2420284    0    0     0   132  404  354 100  0  0  0  0
54  0      0 12674656 322088 2420508    0    0     0     0  401  357 100  0  0  0  0
45  0      0 12672484 322088 2420516    0    0     0     0  411  356 99  1  0  0  0
36  0      0 12672484 322088 2420520    0    0     0     0  413  358 100  0  0  0  0
45  0      0 12672980 322088 2420520    0    0     0     0  446  376 100  0  0  0  0
60  0      0 12676048 322088 2420368    0    0     0    32  416  372 100  0  0  0  0
59  0      0 12679088 322088 2420368    0    0     0     0  425  379 100  0  0  0  0
47  0      0 12678716 322088 2420372    0    0     0     0  414  344 99  1  0  0  0
45  0      0 12678716 322088 2420380    0    0     0     0  419  354 100  0  0  0  0
48  0      0 12679088 322088 2420380    0    0     0     0  413  361 100  0  0  0  0
56  0      0 12682144 322088 2420292    0    0     0    76  410  379 100  0  0  0  0
47  0      0 12682144 322088 2420300    0    0     0     0  437  361 100  0  0  0  0
48  0      0 12681772 322088 2420304    0    0     0     0  413  353 99  1  0  0  0
56  0      0 12679600 322088 2420308    0    0     0     0  399  341 100  0  0  0  0
51  0      0 12682020 322088 2420312    0    0     0     0  422  360 99  1  0  0  0
44  0      0 12682020 322088 2420316    0    0     0    48  405  363 100  0  0  0  0
57  0      0 12682020 322088 2420320    0    0     0     0  435  353 100  0  0  0  0
58  0      0 12679600 322088 2420320    0    0     0     0  383  347 99  1  0  0  0
50  0      0 12679600 322088 2420328    0    0     0     0  443  363 100  0  0  0  0
procs -----------memory---------- ---swap-- -----io---- -system-- ------cpu-----
 r  b   swpd   free   buff  cache   si   so    bi    bo   in   cs us sy id wa st
50  0      0 12682020 322088 2420328    0    0     0     0  416  363 100  0  0  0  0
37  0      0 12685120 322088 2420148    0    0     0    24  435  378 100  0  0  0  0
33  0      0 12685120 322088 2420152    0    0     0     0  434  353 100  0  0  0  0
32  0      0 12685120 322088 2420156    0    0     0     0  405  345 100  0  0  0  0
45  0      0 12682700 322088 2420160    0    0     0     0  419  347 100  0  0  0  0
45  0      0 12681604 322088 2420268    0    0     0     0  423  376 99  1  0  0  0
45  0      0 12679184 322088 2420272    0    0     0    24  450  385 100  0  0  0  0
51  0      0 12682100 322088 2420276    0    0     0     0  401  363 99  1  0  0  0
43  0      0 12685096 322088 2420180    0    0     0     0  428  371 100  0  0  0  0
52  0      0 12684848 322088 2420184    0    0     0     0  430  361 100  0  0  0  0
54  0      0 12682800 322088 2420188    0    0     0     0  384  339 100  0  0  0  0
45  0      0 12679744 322088 2420212    0    0     0   152  464  379 100  0  0  0  0
46  0      0 12679744 322088 2420216    0    0     0     0  393  340 100  0  0  0  0
30  0      0 12682040 322088 2420220    0    0     0     0  423  366 99  1  0  0  0
30  0      0 12685080 322088 2420228    0    0     0     0  400  341 100  0  0  0  0
