procs -----------memory---------- ---swap-- -----io---- -system-- ------cpu-----
 r  b   swpd   free   buff  cache   si   so    bi    bo   in   cs us sy id wa st
60  0      0 12786312 322088 2418260    0    0     0     1    0    1 57  0 43  0  0
64  0      0 12783736 322088 2418216    0    0     0     0  392  347 99  1  0  0  0
66  0      0 12777780 322088 2418216    0    0     0     0  289  333 100  0  0  0  0
25  0      0 12766116 322088 2418220    0    0     0     0  471  381 100  0  0  0  0
49  0      0 12742112 322088 2418572    0    0     0    44  349  352 99  1  0  0  0
43  0      0 12727524 322088 2420060    0    0     0   112  419  368 100  0  0  0  0
40  0      0 12727520 322088 2420108    0    0     0     0  401  345 99  1  0  0  0
31  0      0 12727508 322088 2420112    0    0     0     0  419  352 100  0  0  0  0
35  0      0 12728004 322088 2420116    0    0     0     0  403  349 100  0  0  0  0
35  0      0 12728652 322088 2419976    0    0     0    24  409  358 100  0  0  0  0
21  0      0 12724712 322088 2419888    0    0     0     4  430  363 99  1  0  0  0
15  0      0 12724832 322088 2419884    0    0     0     0  413  366 99  1  0  0  0
29  0      0 12717932 322088 2419860    0    0     0     0  425  359 100  0  0  0  0
31  0      0 12716160 322088 2419720    0    0     0     0  409  351 99  1  0  0  0
30  0      0 12719064 322088 2419680    0    0     0     0  436  384 100  0  0  0  0
31  0      0 12722020 322088 2419628    0    0     0    32  422  367 100  0  0  0  0
12  0      0 12725060 322088 2419596    0    0     0     0  428  370 99  1  0  0  0
23  0      0 12728184 322088 2419452    0    0     0     0  419  356 100  0  0  0  0
24  0      0 12731164 322088 2419456    0    0     0     0  424  370 100  0  0  0  0
30  0      0 12734144 322088 2419452    0    0     0     0  411  364 100  0  0  0  0
34  0      0 12737280 322088 2419312    0    0     0    24  441  373 100  0  0  0  0
procs -----------memory---------- ---swap-- -----io---- -system-- ------cpu-----
 r  b   swpd   free   buff  cache   si   so    bi    bo   in   cs us sy id wa st
41  0      0 12737288 322088 2419284    0    0     0     0  408  369 100  0  0  0  0
26  0      0 12740280 322088 2419288    0    0     0     0  432  363 99  1  0  0  0
28  0      0 12743320 322088 2419288    0    0     0     0  414  368 100  0  0  0  0
27  0      0 12746364 322088 2419164    0    0     0     0  427  374 100  0  0  0  0
35  0      0 12749376 322088 2419128    0    0     0    28  410  361 100  0  0  0  0
25  0      0 12747016 322088 2419128    0    0     0     0  428  350 100  0  0  0  0
35  0      0 12741060 322088 2419132    0    0     0     0  411  359 100  0  0  0  0
38  0      0 12741060 322088 2419136    0    0     0     0  398  341 99  1  0  0  0
17  0      0 12740440 322088 2419140    0    0     0     0  424  367 100  0  0  0  0
25  0      0 12738020 322088 2419148    0    0     0   152  438  356 100  0  0  0  0
34  0      0 12738020 322088 2419148    0    0     0     0  402  374 99  1  0  0  0
21  0      0 12740380 322088 2419152    0    0     0     0  438  373 100  0  0  0  0
25  0      0 12743364 322088 2419156    0    0     0     0  410  358 99  1  0  0  0
29  0      0 12743364 322088 2419152    0    0     0     0  451  374 100  0  0  0  0
32  0      0 12743364 322088 2419152    0    0     0    48  415  363 100  0  0  0  0
35  0      0 12743364 322088 2419156    0    0     0     0  406  353 100  0  0  0  0
32  0      0 12746428 322088 2419088    0    0     0     0  445  377 100  0  0  0  0
25  0      0 12746460 322088 2419080    0    0     0     0  435  375 100  0  0  0  0
38  0      0 12744040 322088 2419088    0    0     0     0  409  362 100  0  0  0  0
25  0      0 12740628 322088 2419092    0    0     0    64  433  394 100  0  0  0  0
27  0      0 12738084 322088 2419100    0    0     0     0  439  370 99  1  0  0  0
procs -----------memory---------- ---swap-- -----io---- -system-- ------cpu-----
 r  b   swpd   free   buff  cache   si   so    bi    bo   in   cs us sy id wa st
25  0      0 12740452 322088 2419104    0    0     0     0  433  376 100  0  0  0  0
23  0      0 12740512 322088 2419100    0    0     0     0  424  382 100  0  0  0  0
34  0      0 12743412 322088 2419104    0    0     0     0  446  571 99  1  0  0  0
31  0      0 12743428 322088 2419100    0    0     0    72  415  377 100  0  0  0  0
31  0      0 12746340 322088 2419108    0    0     0     8  423  357 99  1  0  0  0
30  0      0 12746352 322088 2419096    0    0     0     0  440  370 100  0  0  0  0
32  0      0 12743932 322088 2419100    0    0     0     0  412  343 100  0  0  0  0
26  0      0 12740520 322088 2419104    0    0     0     0  406  362 100  0  0  0  0
19  0      0 12737976 322088 2419108    0    0     0    36  425  360 99  1  0  0  0
33  0      0 12735060 322088 2419112    0    0     0     0  409  352 100  0  0  0  0
23  0      0 12733840 322088 2419184    0    0     0     0  424  377 100  0  0  0  0
23  0      0 12731280 322088 2419232    0    0     0     0  422  375 100  0  0  0  0
 2  0      0 12734152 322088 2419236    0    0     0     0  426  372 100  0  0  0  0
 7  0      0 12737260 322088 2419232    0    0     0    24  388  343 96  0  4  0  0
29  0      0 12740280 322088 2419188    0    0     0     8  395  355 98  2  0  0  0
39  0      0 12743236 322088 2419172    0    0     0     0  395  366 100  0  0  0  0
38  0      0 12746276 322088 2419124    0    0     0     0  380  355 99  1  0  0  0
30  0      0 12746336 322088 2419128    0    0     0     0  424  388 100  0  0  0  0
39  0      0 12745964 322088 2419132    0    0     0    36  407  353 100  0  0  0  0
29  0      0 12745964 322088 2419132    0    0     0   120  357  359 100  0  0  0  0
40  0      0 12746708 322088 2419136    0    0     0     0  433  372 100  0  0  0  0
procs -----------memory---------- ---swap-- -----io---- -system-- ------cpu-----
 r  b   swpd   free   buff  cache   si   so    bi    bo   in   cs us sy id wa st
45  0      0 12746708 322088 2419124    0    0     0     0  351  348 100  0  0  0  0
41  0      0 12743916 322088 2419124    0    0     0     0  446  381 100  0  0  0  0
28  0      0 12743792 322088 2419128    0    0     0    32  399  365 100  0  0  0  0
32  0      0 12740876 322088 2419136    0    0     0     8  436  365 99  1  0  0  0
30  0      0 12739884 322088 2419140    0    0     0     0  399  351 100  0  0  0  0
26  0      0 12740132 322088 2419148    0    0     0     0  420  362 99  1  0  0  0
30  0      0 12740240 322088 2419152    0    0     0     0  430  375 99  1  0  0  0
34  1      0 12743304 322088 2419088    0    0     0    32  408  367 100  0  0  0  0
42  0      0 12743352 322088 2419072    0    0     0     0  453  397 100  0  0  0  0
36  0      0 12743352 322088 2419076    0    0     0     0  398  363 100  0  0  0  0
18  0      0 12746208 322088 2419080    0    0     0     0  435  389 100  0  0  0  0
32  0      0 12745896 322088 2419076    0    0     0     0  412  353 100  0  0  0  0
35  0      0 12742856 322088 2419080    0    0     0     0  424  362 99  1  0  0  0
25  0      0 12740436 322088 2419084    0    0     0   116  428  369 99  1  0  0  0
21  0      0 12740160 322088 2419088    0    0     0     0  410  364 100  0  0  0  0
25  0      0 12743168 322088 2419096    0    0     0     0  439  377 100  0  0  0  0
21  0      0 12746212 322088 2419020    0    0     0     0  416  372 100  0  0  0  0
48  0      0 12746216 322088 2419012    0    0     0     0  453  365 100  0  0  0  0
40  0      0 12746216 322088 2419016    0    0     0    36  364  366 100  0  0  0  0
37  0      0 12743920 322088 2419020    0    0     0     0  465  377 100  0  0  0  0
29  0      0 12737932 322088 2419028    0    0     0     0  423  369 100  0  0  0  0
procs -----------memory---------- ---swap-- -----io---- -system-- ------cpu-----
 r  b   swpd   free   buff  cache   si   so    bi    bo   in   cs us sy id wa st
26  0      0 12733156 322088 2419340    0    0     0     0  417  346 99  1  0  0  0
31  0      0 12732880 322088 2419396    0    0     0     0  396  351 99  1  0  0  0
35  0      0 12730860 322088 2419400    0    0     0    24  415  366 100  0  0  0  0
23  0      0 12730924 322088 2419404    0    0     0     8  432  382 100  0  0  0  0
19  0      0 12733896 322088 2419416    0    0     0     0  439  379 100  0  0  0  0
21  0      0 12733956 322088 2419364    0    0     0     0  412  359 100  0  0  0  0
19  0      0 12733956 322088 2419368    0    0     0     0  430  358 100  0  0  0  0
26  0      0 12733956 322088 2419372    0    0     0    36  412  375 100  0  0  0  0
34  0      0 12736812 322088 2419376    0    0     0   128  420  372 100  0  0  0  0
33  0      0 12736872 322088 2419344    0    0     0     0  407  359 100  0  0  0  0
23  0      0 12736872 322088 2419352    0    0     0     0  436  358 100  0  0  0  0
25  0      0 12739920 322088 2419356    0    0     0     0  417  369 100  0  0  0  0
45  0      0 12739920 322088 2419348    0    0     0    32  426  366 100  0  0  0  0
38  0      0 12739920 322088 2419352    0    0     0     8  402  354 100  0  0  0  0
16  0      0 12739920 322088 2419360    0    0     0     0  431  360 100  0  0  0  0
19  0      0 12742992 322088 2419292    0    0     0     0  398  353 100  0  0  0  0
25  0      0 12743040 322088 2419264    0    0     0     0  423  369 100  0  0  0  0
31  0      0 12742668 322088 2419268    0    0     0    32  435  377 100  0  0  0  0
32  0      0 12742900 322088 2419272    0    0     0     0  417  361 100  0  0  0  0
18  0      0 12742916 322088 2419276    0    0     0     0  408  367 99  1  0  0  0
20  0      0 12742916 322088 2419280    0    0     0     0  426  351 100  0  0  0  0
procs -----------memory---------- ---swap-- -----io---- -system-- ------cpu-----
 r  b   swpd   free   buff  cache   si   so    bi    bo   in   cs us sy id wa st
29  0      0 12742668 322088 2419284    0    0     0     0  398  353 100  0  0  0  0
26  0      0 12740620 322088 2419288    0    0     0    24  425  369 100  0  0  0  0
35  0      0 12737580 322088 2419292    0    0     0     4  495  580 99  1  0  0  0
48  0      0 12739996 322088 2419296    0    0     0     0  433  369 100  0  0  0  0
27  0      0 12740008 322088 2419288    0    0     0     0  399  362 100  0  0  0  0
35  0      0 12740008 322088 2419292    0    0     0     0  407  344 99  1  0  0  0
20  0      0 12742864 322088 2419296    0    0     0    24  425  402 100  0  0  0  0
13  0      0 12742924 322088 2419304    0    0     0    24  426  367 99  1  0  0  0
11  0      0 12742924 322088 2419308    0    0     0     0  400  350 100  0  0  0  0
 8  0      0 12745780 322088 2419316    0    0     0     0  443  373 99  1  0  0  0
24  0      0 12748932 322088 2419220    0    0     0     0  435  376 100  0  0  0  0
37  0      0 12746572 322088 2419176    0    0     0    24  436  379 100  0  0  0  0
26  0      0 12746572 322088 2419180    0    0     0     0  410  376 100  0  0  0  0
14  0      0 12748932 322088 2419184    0    0     0     0  444  381 100  0  0  0  0
24  0      0 12751972 322088 2419188    0    0     0     0  382  352 100  0  0  0  0
