# stats: dump at 1516793944
stats: users 442 461
stats: {freemem,"tsung_controller@jarvis"} 1 4000.10546875 0 4000.10546875 4000.10546875 0 0
stats: {load,"tsung_controller@jarvis"} 1 0.109375 0 0.109375 0.109375 0 0
stats: {cpu,"tsung_controller@jarvis"} 1 45.392416775828906 0 45.392416775828906 45.392416775828906 0 0
stats: session 1031 1554.3692230843837 1079.4159380495796 6336.09 13.206 0 0
stats: users_count 1473 1473
stats: finish_users_count 1031 1031
stats: request 965 659.7956735751301 600.9133636644734 2091.623 7.815 0 0
stats: page 965 659.7956735751301 600.9133636644734 2091.623 7.815 0 0
stats: connect 1236 0.49329207119741086 0.6030140205923781 21.116 0.327 0 0
stats: 200 965 965
stats: size_rcv 247007 247007
stats: size_sent 76632 76632
stats: connected 271 271
# stats: dump at 1516793954
stats: users 397 587
stats: {freemem,"tsung_controller@jarvis"} 1 3982.15234375 0.0 4000.10546875 3982.15234375 4000.10546875 1
stats: {load,"tsung_controller@jarvis"} 1 0.08984375 0.0 0.109375 0.08984375 0.109375 1
stats: {cpu,"tsung_controller@jarvis"} 1 0.38167938931297707 0.0 45.392416775828906 0.38167938931297707 45.392416775828906 1
stats: session 1683 2875.361943553176 1191.8808922199398 9454.687 13.206 1554.3692230843837 1031
stats: users_count 1638 3111
stats: finish_users_count 1683 2714
stats: request 1557 1898.38960244059 732.2842261724971 4513.962 7.815 659.7956735751301 965
stats: page 1557 1898.38960244059 732.2842261724971 4513.962 7.815 659.7956735751301 965
stats: connect 1631 273.1447890864499 537.9840938925348 7111.163 0.314 0.49329207119741086 1236
stats: 200 1557 2522
stats: size_rcv 397718 644725
stats: size_sent 101122 177754
stats: connected 74 345
# stats: dump at 1516793964
stats: users 311 587
stats: {freemem,"tsung_controller@jarvis"} 1 3979.23046875 0.0 4000.10546875 3979.23046875 3991.12890625 2
stats: {load,"tsung_controller@jarvis"} 1 0.078125 0.0 0.109375 0.078125 0.099609375 2
stats: {cpu,"tsung_controller@jarvis"} 1 0.5604381607438542 0.0 45.392416775828906 0.38167938931297707 22.887048082570942 2
stats: session 1699 2105.62893231313 1540.907115216372 19221.07 13.206 2373.540464259394 2714
stats: users_count 1613 4724
stats: finish_users_count 1699 4413
stats: connect 1622 101.74046300863138 1073.6889841361315 15493.137 0.277 155.60127659574462 2867
stats: page 1857 1143.273083467961 1028.3575068397508 15690.789 6.132 1424.4629008723232 2522
stats: request 1857 1143.273083467961 1028.3575068397508 15690.789 6.132 1424.4629008723232 2522
stats: 200 1857 4379
stats: size_rcv 475077 1119802
stats: size_sent 100564 278318
stats: connected -235 110
# stats: dump at 1516793974
stats: users 229 587
stats: {freemem,"tsung_controller@jarvis"} 1 3980.1875 0.0 4000.10546875 3979.23046875 3987.1627604166665 3
stats: {load,"tsung_controller@jarvis"} 1 0.0703125 0.0 0.109375 0.0703125 0.09244791666666667 3
stats: {cpu,"tsung_controller@jarvis"} 1 0.5342152124141439 0.0 45.392416775828906 0.38167938931297707 15.444844775295246 3
stats: session 1692 2197.794631205673 1109.3610302833463 19221.07 13.206 2270.3948280081586 4413
stats: users_count 1610 6334
stats: finish_users_count 1692 6105
stats: request 1674 1261.7471033452816 858.5904713702643 16173.167 6.132 1305.2188974651754 4379
stats: connect 1630 2.9526490797545986 50.66241054209474 15493.137 0.277 136.13987324571173 4489
stats: page 1674 1261.7471033452816 858.5904713702643 16173.167 6.132 1305.2188974651754 4379
stats: 200 1674 6053
stats: size_rcv 427651 1547453
stats: size_sent 101060 379378
stats: connected -44 66
# stats: dump at 1516793984
stats: users 416 587
stats: {freemem,"tsung_controller@jarvis"} 1 3982.32421875 0.0 4000.10546875 3979.23046875 3985.4189453125 4
stats: {load,"tsung_controller@jarvis"} 1 0.05859375 0.0 0.109375 0.05859375 0.0869140625 4
stats: {cpu,"tsung_controller@jarvis"} 1 0.4970052249267236 0.0 45.392416775828906 0.38167938931297707 11.717187384574972 4
stats: session 1421 2030.663220971149 1219.5717385340392 19221.07 13.206 2250.2736923832927 6105
stats: users_count 1608 7942
stats: finish_users_count 1421 7526
stats: connect 1584 4.293570707070704 62.31910001478541 15493.137 0.277 100.6610081712698 6119
stats: request 1457 968.4912875772146 586.4297443615391 16173.167 6.057 1293.1964650586494 6053
stats: page 1457 968.4912875772146 586.4297443615391 16173.167 6.057 1293.1964650586494 6053
stats: 200 1457 7510
stats: size_rcv 372555 1920008
stats: size_sent 98208 477586
stats: connected 127 193
# stats: dump at 1516793994
stats: users 314 587
stats: {freemem,"tsung_controller@jarvis"} 1 3982.0625 0.0 4000.10546875 3979.23046875 3984.8 5
stats: {load,"tsung_controller@jarvis"} 1 0.05078125 0.0 0.109375 0.05078125 0.08125 5
stats: {cpu,"tsung_controller@jarvis"} 1 0.6863243518047788 0.0 45.392416775828906 0.38167938931297707 9.473150952645323 5
stats: session 1745 1807.1120034383935 1069.2675937344536 19221.07 13.206 2208.8085741429713 7526
stats: users_count 1643 9585
stats: finish_users_count 1745 9271
stats: request 1667 817.1347738452312 515.228776957328 16173.167 6.057 1230.2010664447414 7510
stats: connect 1651 0.460140520896426 0.050346548280638885 15493.137 0.277 80.84457029728675 7703
stats: page 1667 817.1347738452312 515.228776957328 16173.167 6.057 1230.2010664447414 7510
stats: 200 1667 9177
stats: size_rcv 426562 2346570
stats: size_sent 102362 579948
stats: connected -16 177
# stats: dump at 1516794004
stats: users 253 587
stats: {freemem,"tsung_controller@jarvis"} 1 3981.75390625 0.0 4000.10546875 3979.23046875 3984.34375 6
stats: {load,"tsung_controller@jarvis"} 1 0.0390625 0.0 0.109375 0.0390625 0.076171875 6
stats: {cpu,"tsung_controller@jarvis"} 1 0.8485309017223911 0.0 45.392416775828906 0.38167938931297707 8.008679852505233 6
stats: session 1635 2303.049652599383 1101.7656790027984 19221.07 13.206 2133.2007092007334 9271
stats: users_count 1574 11159
stats: finish_users_count 1635 10906
stats: request 1667 1349.3484439112165 517.5077598335031 16173.167 6.057 1155.1676666666674 9177
stats: page 1667 1349.3484439112165 517.5077598335031 16173.167 6.057 1155.1676666666674 9177
stats: connect 1596 31.66956954887219 175.33078949513418 15493.137 0.277 66.65655516356638 9354
stats: 200 1667 10844
stats: size_rcv 425900 2772470
stats: size_sent 98952 678900
stats: connected -71 106
# stats: dump at 1516794014
stats: users 498 587
stats: {freemem,"tsung_controller@jarvis"} 1 3981.25 0.0 4000.10546875 3979.23046875 3983.9737723214284 7
stats: {load,"tsung_controller@jarvis"} 1 0.03125 0.0 0.109375 0.03125 0.07087053571428571 7
stats: {cpu,"tsung_controller@jarvis"} 1 1.4269478469503725 0.0 45.392416775828906 0.38167938931297707 6.985801430964828 7
stats: session 1431 2187.196768693225 1196.1043533785207 19221.07 13.206 2158.664034201356 10906
stats: users_count 1676 12835
stats: finish_users_count 1431 12337
stats: connect 1550 45.031305806451634 208.08699266073876 15493.137 0.277 61.557082191780815 10950
stats: page 1485 1182.3447265993273 700.8073905601426 16173.167 6.057 1185.0182158797495 10844
stats: request 1485 1182.3447265993273 700.8073905601426 16173.167 6.057 1185.0182158797495 10844
stats: 200 1485 12329
stats: size_rcv 379491 3151961
stats: size_sent 96100 775000
stats: connected 65 171
# stats: dump at 1516794024
stats: users 406 587
stats: {freemem,"tsung_controller@jarvis"} 1 3980.14453125 0.0 4000.10546875 3979.23046875 3983.63330078125 8
stats: {load,"tsung_controller@jarvis"} 1 0.03125 0.0 0.109375 0.03125 0.06591796875 8
stats: {cpu,"tsung_controller@jarvis"} 1 0.8132147395171537 0.0 45.392416775828906 0.38167938931297707 6.290944732963021 8
stats: session 1789 2670.858817216319 1317.4318703721 19221.07 13.206 2161.973618626894 12337
stats: users_count 1697 14532
stats: finish_users_count 1789 14126
stats: connect 1783 227.2611940549634 681.4850839007056 15493.137 0.277 59.50788592 12500
stats: page 1786 1709.6189893617054 909.9218636698544 16173.167 6.057 1184.6962001784416 12329
stats: request 1786 1709.6189893617054 909.9218636698544 16173.167 6.057 1184.6962001784416 12329
stats: 200 1786 14115
stats: size_rcv 456538 3608499
stats: size_sent 110546 885546
stats: connected -3 168
# stats: dump at 1516794034
stats: users 309 587
stats: {freemem,"tsung_controller@jarvis"} 1 3979.03515625 0.0 4000.10546875 3979.03515625 3983.245659722222 9
stats: {load,"tsung_controller@jarvis"} 1 0.01953125 0.0 0.109375 0.01953125 0.062065972222222224 9
stats: {cpu,"tsung_controller@jarvis"} 1 0.6377551020408163 0.0 45.392416775828906 0.38167938931297707 5.682308067024591 9
stats: session 1638 1933.1202155067147 1158.134707866659 19221.07 13.206 2226.4218431969407 14126
stats: users_count 1541 16073
stats: finish_users_count 1638 15764
stats: page 1544 866.846634067357 507.1796724347005 16173.167 6.057 1251.1157610343614 14115
stats: request 1544 866.846634067357 507.1796724347005 16173.167 6.057 1251.1157610343614 14115
stats: connect 1588 0.46516183879093165 0.05607579325397174 15493.137 0.277 80.44915514947839 14283
stats: 200 1544 15659
stats: size_rcv 394918 4003417
stats: size_sent 98456 984002
stats: connected 44 212
# stats: dump at 1516794044
stats: users 339 587
stats: {freemem,"tsung_controller@jarvis"} 1 3978.45703125 0.0 4000.10546875 3978.45703125 3982.824609375 10
stats: {load,"tsung_controller@jarvis"} 1 0.01953125 0.0 0.109375 0.01953125 0.0578125 10
stats: {cpu,"tsung_controller@jarvis"} 1 0.4580735462527039 0.0 45.392416775828906 0.38167938931297707 5.177852770526213 10
stats: session 1631 2376.620348865722 1110.198357709806 19221.07 13.206 2195.9455639431603 15764
stats: users_count 1661 17734
stats: finish_users_count 1631 17395
stats: page 1674 1409.54248864994 487.8985843602541 16173.167 6.057 1213.2262705153591 15659
stats: request 1674 1409.54248864994 487.8985843602541 16173.167 6.057 1213.2262705153591 15659
stats: connect 1634 34.752508567931585 183.77798962578458 15493.137 0.277 72.44622014995903 15871
stats: 200 1674 17333
stats: size_rcv 427697 4431114
stats: size_sent 101308 1085310
stats: connected -40 172
# stats: dump at 1516794054
stats: users 550 587
stats: {freemem,"tsung_controller@jarvis"} 1 3978.25 0.0 4000.10546875 3978.25 3982.427556818182 11
stats: {load,"tsung_controller@jarvis"} 1 0.1015625 0.0 0.109375 0.01953125 0.05433238636363636 11
stats: {cpu,"tsung_controller@jarvis"} 1 0.9772813808858992 0.0 45.392416775828906 0.38167938931297707 4.748781931955895 11
stats: session 1470 2076.4012591836704 1196.3990709932941 19221.07 13.206 2212.8860970968653 17395
stats: users_count 1681 19415
stats: finish_users_count 1470 18865
stats: connect 1632 9.774473651960777 96.63037608764009 15493.137 0.277 68.92770974007426 17505
stats: page 1511 1032.8443831899403 552.7319096279342 16173.167 6.057 1232.1862514279126 17333
stats: request 1511 1032.8443831899403 552.7319096279342 16173.167 6.057 1232.1862514279126 17333
stats: 200 1511 18844
stats: size_rcv 386203 4817317
stats: size_sent 101184 1186494
stats: connected 121 293
# stats: dump at 1516794064
stats: users 455 650
stats: {freemem,"tsung_controller@jarvis"} 1 3977.44140625 0.0 4000.10546875 3977.44140625 3982.0794270833335 12
stats: {load,"tsung_controller@jarvis"} 1 0.1484375 0.0 0.1484375 0.01953125 0.058268229166666664 12
stats: {cpu,"tsung_controller@jarvis"} 1 0.4204892966360856 0.0 45.392416775828906 0.38167938931297707 4.434490219366729 12
stats: session 1758 3241.0219675767944 1481.904060858103 19221.07 13.206 2202.2509149218113 18865
stats: users_count 1663 21078
stats: finish_users_count 1758 20623
stats: request 1677 2215.486528324392 993.6540349713122 16173.167 6.057 1216.202088675441 18844
stats: page 1677 2215.486528324392 993.6540349713122 16173.167 6.057 1216.202088675441 18844
stats: connect 1702 469.23430141010476 930.6134558033307 15493.137 0.277 63.88313215237497 19137
stats: 200 1677 20521
stats: size_rcv 428347 5245664
stats: size_sent 105524 1292018
stats: connected 25 318
# stats: dump at 1516794074
stats: users 275 650
stats: {freemem,"tsung_controller@jarvis"} 1 3974.453125 0.0 4000.10546875 3974.453125 3981.72265625 13
stats: {load,"tsung_controller@jarvis"} 1 0.12890625 0.0 0.1484375 0.01953125 0.06520432692307693 13
stats: {cpu,"tsung_controller@jarvis"} 1 0.4980842911877395 0.0 45.392416775828906 0.38167938931297707 4.125720917618217 13
stats: session 1825 2655.562215890411 1801.7333506664622 19221.07 13.206 2290.8005687339364 20623
stats: users_count 1645 22723
stats: finish_users_count 1825 22448
stats: request 1890 1649.9376624338631 1452.0646284888192 17059.673 6.057 1297.864775936846 20521
stats: page 1890 1649.9376624338631 1452.0646284888192 17059.673 6.057 1297.864775936846 20521
stats: connect 1687 149.02801422643762 1046.8461740714208 15493.137 0.262 96.98969629060886 20839
stats: 200 1890 22411
stats: size_rcv 482883 5728547
stats: size_sent 104594 1396612
stats: connected -203 115
# stats: dump at 1516794084
stats: users 410 650
stats: {freemem,"tsung_controller@jarvis"} 1 3974.75390625 0.0 4000.10546875 3974.453125 3981.2034040178573 14
stats: {load,"tsung_controller@jarvis"} 1 0.109375 0.0 0.1484375 0.01953125 0.06975446428571429 14
stats: {cpu,"tsung_controller@jarvis"} 1 0.5995662712080623 0.0 45.392416775828906 0.38167938931297707 3.8666040157303256 14
stats: session 1498 1762.7767983978642 1080.7008533681449 19221.07 13.206 2320.4553266660714 22448
stats: users_count 1633 24356
stats: finish_users_count 1498 23946
stats: request 1496 762.681840240642 592.999823202341 17059.673 6.057 1327.556345053769 22411
stats: connect 1622 0.4646159062885332 0.050329124597476446 15493.137 0.262 100.88691028145247 22526
stats: page 1496 762.681840240642 592.999823202341 17059.673 6.057 1327.556345053769 22411
stats: 200 1496 23907
stats: size_rcv 382622 6111169
stats: size_sent 100564 1497176
stats: connected 126 241
# stats: dump at 1516794094
stats: users 380 650
stats: {freemem,"tsung_controller@jarvis"} 1 3973.80859375 0.0 4000.10546875 3973.80859375 3980.7734375 15
stats: {load,"tsung_controller@jarvis"} 1 0.08984375 0.0 0.1484375 0.01953125 0.07239583333333334 15
stats: {cpu,"tsung_controller@jarvis"} 1 0.5598676676421938 0.0 45.392416775828906 0.38167938931297707 3.6488014994288416 15
stats: session 1677 2127.1681454979234 1156.0098087024508 19221.07 13.206 2285.5683962665985 23946
stats: users_count 1647 26003
stats: finish_users_count 1677 25623
stats: connect 1643 0.4239129640900789 0.043860333815985884 15493.137 0.262 94.14163276461811 24148
stats: page 1684 1084.8732137767229 457.0969666464976 17059.673 6.057 1292.2088627598619 23907
stats: request 1684 1084.8732137767229 457.0969666464976 17059.673 6.057 1292.2088627598619 23907
stats: 200 1684 25591
stats: size_rcv 430236 6541405
stats: size_sent 101866 1599042
stats: connected -41 200
# stats: dump at 1516794104
stats: users 628 650
stats: {freemem,"tsung_controller@jarvis"} 1 3973.1875 0.0 4000.10546875 3973.1875 3980.338134765625 16
stats: {load,"tsung_controller@jarvis"} 1 0.078125 0.0 0.1484375 0.01953125 0.073486328125 16
stats: {cpu,"tsung_controller@jarvis"} 1 0.8504696623508504 0.0 45.392416775828906 0.38167938931297707 3.455743134942176 16
stats: session 1414 2989.015000000007 1158.343822987714 19221.07 13.206 2275.2012565663654 25623
stats: users_count 1662 27665
stats: finish_users_count 1414 27037
stats: request 1419 1947.7341190979591 579.8249598894582 17059.673 6.057 1278.5652680239155 25591
stats: connect 1534 159.09339634941355 489.67331208142605 15493.137 0.262 88.17140231088358 25791
stats: page 1419 1947.7341190979591 579.8249598894582 17059.673 6.057 1278.5652680239155 25591
stats: 200 1419 27010
stats: size_rcv 362111 6903516
stats: size_sent 95108 1694150
stats: connected 115 315
# stats: dump at 1516794114
stats: users 66 800
stats: {freemem,"tsung_controller@jarvis"} 1 3966.51171875 0.0 4000.10546875 3966.51171875 3979.9175091911766 17
stats: {load,"tsung_controller@jarvis"} 1 0.23046875 0.0 0.23046875 0.01953125 0.07375919117647059 17
stats: {cpu,"tsung_controller@jarvis"} 1 0.9293443666454487 0.0 45.392416775828906 0.38167938931297707 3.30249175420151 17
stats: session 1509 4578.080794565926 2358.397615964616 19559.574 13.206 2312.5327886599844 27037
stats: users_count 947 28612
stats: finish_users_count 1509 28546
stats: connect 1235 1339.9499384615387 2094.2171267630088 15493.137 0.262 92.15289687099721 27325
stats: request 1534 3469.92078292047 2148.0248508263603 17059.673 6.057 1313.7207881895602 27010
stats: page 1534 3469.92078292047 2148.0248508263603 17059.673 6.057 1313.7207881895602 27010
stats: 200 1534 28544
stats: size_rcv 391549 7295065
stats: size_sent 76570 1770720
stats: connected -299 16
# stats: dump at 1516794120
stats: users 0 800
stats: {freemem,"tsung_controller@jarvis"} 1 3962.71875 0.0 4000.10546875 3962.71875 3979.1727430555557 18
stats: {load,"tsung_controller@jarvis"} 1 0.19140625 0.0 0.23046875 0.01953125 0.08246527777777778 18
stats: {cpu,"tsung_controller@jarvis"} 1 1.5876984623077885 0.0 45.392416775828906 0.38167938931297707 3.170650232670618 18
stats: session 66 10701.25890909091 4019.4524312289705 19559.574 13.206 2432.294294331955 28546
stats: users_count 0 28612
stats: finish_users_count 66 28612
stats: request 68 9270.728044117646 4714.2657903691525 17059.673 6.057 1429.5984084220859 28544
stats: page 68 9270.728044117646 4714.2657903691525 17059.673 6.057 1429.5984084220859 28544
stats: 200 68 28612
stats: connect 52 7784.293692307693 4427.580950044946 15495.536 0.262 146.1105070378151 28560
stats: size_rcv 17474 7312539
stats: size_sent 3224 1773944
stats: connected -16 0
EndMonitor:{1516,794120,313411}
