# stats: dump at 1517149365
stats: users 70 70
stats: {freemem,"tsung_controller@jarvis"} 1 5464.0625 0 5464.0625 5464.0625 0 0
stats: {load,"tsung_controller@jarvis"} 1 0.3515625 0 0.3515625 0.3515625 0 0
stats: {cpu,"tsung_controller@jarvis"} 1 1.8678683931461677 0 1.8678683931461677 1.8678683931461677 0 0
stats: users_count 70 70
stats: finish_users_count 0 0
stats: request 91 4295.830252747253 2963.5882026839904 7774.719 50.879 0 0
stats: connect 71 1.5911830985915496 3.215233259055535 20.045 0.502 0 0
stats: page 91 4295.830252747253 2963.5882026839904 7774.719 50.879 0 0
stats: tr_busyWait 91 4296.12442857143 2963.535376214429 7774.977 51.035 0 0
stats: 200 91 91
stats: size_rcv 23261 23261
stats: size_sent 7502 7502
stats: connected 70 70
# stats: dump at 1517149375
stats: users 70 70
stats: {freemem,"tsung_controller@jarvis"} 1 5460.65625 0.0 5464.0625 5460.65625 5464.0625 1
stats: {load,"tsung_controller@jarvis"} 1 0.2890625 0.0 0.3515625 0.2890625 0.3515625 1
stats: {cpu,"tsung_controller@jarvis"} 1 0.5378361475922452 0.0 1.8678683931461677 0.5378361475922452 1.8678683931461677 1
stats: users_count 0 70
stats: finish_users_count 0 0
stats: request 195 1989.4974358974348 1032.4748517370758 8393.136 50.879 4295.830252747253 91
stats: connect 5 1.2144 0.5243840577286842 20.045 0.502 1.5911830985915496 71
stats: page 195 1989.4974358974348 1032.4748517370758 8393.136 50.879 4295.830252747253 91
stats: tr_busyWait 195 1989.7218769230763 1032.4751980022866 8393.438 51.035 4296.12442857143 91
stats: 200 195 286
stats: size_rcv 49706 72967
stats: size_sent 12400 19902
stats: connected -2 68
# stats: dump at 1517149385
stats: users 70 70
stats: {freemem,"tsung_controller@jarvis"} 1 5456.9921875 0.0 5464.0625 5456.9921875 5462.359375 2
stats: {load,"tsung_controller@jarvis"} 1 0.25 0.0 0.3515625 0.25 0.3203125 2
stats: {cpu,"tsung_controller@jarvis"} 1 2.424927754743058 0.0 2.424927754743058 0.5378361475922452 1.2028522703692064 2
stats: users_count 0 70
stats: finish_users_count 0 0
stats: request 233 1205.9364635193126 353.0900718266865 8393.136 50.879 2723.3306048951044 286
stats: connect 17 0.8094705882352939 0.16036836920300232 20.045 0.502 1.5663947368421056 76
stats: page 233 1205.9364635193126 353.0900718266865 8393.136 50.879 2723.3306048951044 286
stats: tr_busyWait 233 1206.182476394852 353.0746105567303 8393.438 51.035 2723.577234265734 286
stats: 200 233 519
stats: size_rcv 59465 132432
stats: size_sent 13578 33480
stats: connected 0 68
# stats: dump at 1517149395
stats: users 70 70
stats: {freemem,"tsung_controller@jarvis"} 1 5455.11328125 0.0 5464.0625 5455.11328125 5460.5703125 3
stats: {load,"tsung_controller@jarvis"} 1 0.2109375 0.0 0.3515625 0.2109375 0.296875 3
stats: {cpu,"tsung_controller@jarvis"} 1 0.7502813555083157 0.0 2.424927754743058 0.5378361475922452 1.6102107651604902 3
stats: users_count 0 70
stats: finish_users_count 0 0
stats: request 242 782.6380743801651 281.06531965868265 8393.136 50.879 2042.1112697495175 519
stats: connect 15 0.7179333333333333 0.16931724333005452 20.045 0.433 1.4280322580645164 93
stats: page 242 782.6380743801651 281.06531965868265 8393.136 50.879 2042.1112697495175 519
stats: tr_busyWait 242 782.8600454545447 281.06465373688206 8393.438 51.035 2042.3576223506755 519
stats: 200 242 761
stats: size_rcv 61865 194297
stats: size_sent 15128 48608
stats: connected -4 64
# stats: dump at 1517149405
stats: users 70 70
stats: {freemem,"tsung_controller@jarvis"} 1 5454.94140625 0.0 5464.0625 5454.94140625 5459.2060546875 4
stats: {load,"tsung_controller@jarvis"} 1 0.1796875 0.0 0.3515625 0.1796875 0.275390625 4
stats: {cpu,"tsung_controller@jarvis"} 1 0.6871564217891054 0.0 2.424927754743058 0.5378361475922452 1.3952284127474466 4
stats: users_count 0 70
stats: finish_users_count 0 0
stats: request 196 1444.3815612244896 286.2224755294123 8393.136 50.879 1641.5954835742436 761
stats: connect 26 0.8035769230769231 0.09874410326188637 20.045 0.433 1.3294074074074076 108
stats: page 196 1444.3815612244896 286.2224755294123 8393.136 50.879 1641.5954835742436 761
stats: tr_busyWait 196 1444.6187346938775 286.24167720960276 8393.438 51.035 1641.8340827858087 761
stats: 200 196 957
stats: size_rcv 49965 244262
stats: size_sent 12338 60946
stats: connected 6 70
# stats: dump at 1517149415
stats: users 70 70
stats: {freemem,"tsung_controller@jarvis"} 1 5454.8671875 0.0 5464.0625 5454.8671875 5458.353125 5
stats: {load,"tsung_controller@jarvis"} 1 0.1484375 0.0 0.3515625 0.1484375 0.25625 5
stats: {cpu,"tsung_controller@jarvis"} 1 0.6378986866791745 0.0 2.424927754743058 0.5378361475922452 1.2536140145557784 5
stats: users_count 0 70
stats: finish_users_count 0 0
stats: request 241 1043.667253112033 422.6678750979883 8393.136 50.879 1601.2047533960288 957
stats: connect 15 0.7006 0.1176309483086828 20.045 0.433 1.2273805970149256 134
stats: page 241 1043.667253112033 422.6678750979883 8393.136 50.879 1601.2047533960288 957
stats: tr_busyWait 241 1043.8833319502075 422.67427367445765 8393.438 51.035 1601.4430606060612 957
stats: 200 241 1198
stats: size_rcv 61539 305801
stats: size_sent 14136 75082
stats: connected -4 66
# stats: dump at 1517149425
stats: users 70 70
stats: {freemem,"tsung_controller@jarvis"} 1 5454.9765625 0.0 5464.0625 5454.8671875 5457.772135416667 6
stats: {load,"tsung_controller@jarvis"} 1 0.12890625 0.0 0.3515625 0.12890625 0.23828125 6
stats: {cpu,"tsung_controller@jarvis"} 1 0.4885381435550545 0.0 2.424927754743058 0.4885381435550545 1.1509947932430111 6
stats: users_count 0 70
stats: finish_users_count 0 0
stats: request 210 960.6318714285708 538.3462092267638 8393.136 50.879 1489.0457070116856 1198
stats: connect 20 0.79715 0.10047351641104237 20.045 0.433 1.1743489932885907 149
stats: page 210 960.6318714285708 538.3462092267638 8393.136 50.879 1489.0457070116856 1198
stats: tr_busyWait 210 960.8701142857151 538.342864542748 8393.438 51.035 1489.279542570952 1198
stats: 200 210 1408
stats: size_rcv 53652 359453
stats: size_sent 13578 88660
stats: connected 0 66
# stats: dump at 1517149435
stats: users 70 70
stats: {freemem,"tsung_controller@jarvis"} 1 5454.90234375 0.0 5464.0625 5454.8671875 5457.372767857143 7
stats: {load,"tsung_controller@jarvis"} 1 0.109375 0.0 0.3515625 0.109375 0.22265625 7
stats: {cpu,"tsung_controller@jarvis"} 1 0.65 0.0 2.424927754743058 0.4885381435550545 1.0563581290018744 7
stats: users_count 0 70
stats: finish_users_count 0 0
stats: request 212 1555.7630518867918 298.17311585267805 8393.136 50.879 1410.2339843749994 1408
stats: connect 16 0.7215000000000003 0.12026325290794361 20.045 0.433 1.1297100591715978 169
stats: page 212 1555.7630518867918 298.17311585267805 8393.136 50.879 1410.2339843749994 1408
stats: tr_busyWait 212 1555.9717783018878 298.1806505526518 8393.438 51.035 1410.4684772727278 1408
stats: 200 212 1620
stats: size_rcv 54047 413500
stats: size_sent 12896 101556
stats: connected 1 67
# stats: dump at 1517149445
stats: users 70 70
stats: {freemem,"tsung_controller@jarvis"} 1 5454.8359375 0.0 5464.0625 5454.8359375 5457.06396484375 8
stats: {load,"tsung_controller@jarvis"} 1 0.08984375 0.0 0.3515625 0.08984375 0.20849609375 8
stats: {cpu,"tsung_controller@jarvis"} 1 0.5502751375687844 0.0 2.424927754743058 0.4885381435550545 1.00556336287664 8
stats: users_count 0 70
stats: finish_users_count 0 0
stats: request 255 744.8341294117646 232.19008202666177 8393.136 50.879 1429.2785290123452 1620
stats: connect 23 0.721217391304348 0.1445018298430069 20.045 0.433 1.0944054054054055 185
stats: page 255 744.8341294117646 232.19008202666177 8393.136 50.879 1429.2785290123452 1620
stats: tr_busyWait 255 745.0433019607844 232.19394067598353 8393.438 51.035 1429.5096500000009 1620
stats: 200 255 1875
stats: size_rcv 65216 478716
stats: size_sent 16120 117676
stats: connected 0 67
# stats: dump at 1517149455
stats: users 70 70
stats: {freemem,"tsung_controller@jarvis"} 1 5454.8359375 0.0 5464.0625 5454.8359375 5456.81640625 9
stats: {load,"tsung_controller@jarvis"} 1 0.078125 0.0 0.3515625 0.078125 0.1953125 9
stats: {cpu,"tsung_controller@jarvis"} 1 0.6378986866791745 0.0 2.424927754743058 0.4885381435550545 0.9549757822868783 9
stats: users_count 0 70
stats: finish_users_count 0 0
stats: request 257 775.5215525291826 235.68636108586583 8393.136 50.879 1336.1940906666662 1875
stats: connect 16 0.74375 0.12362923400231839 20.045 0.433 1.053139423076923 208
stats: page 257 775.5215525291826 235.68636108586583 8393.136 50.879 1336.1940906666662 1875
stats: tr_busyWait 257 775.7403929961083 235.68988915807074 8393.438 51.035 1336.4222266666673 1875
stats: 200 257 2132
stats: size_rcv 65697 544413
stats: size_sent 16058 133734
stats: connected -2 65
# stats: dump at 1517149465
stats: users 70 70
stats: {freemem,"tsung_controller@jarvis"} 1 5454.73828125 0.0 5464.0625 5454.73828125 5456.618359375 10
stats: {load,"tsung_controller@jarvis"} 1 0.05859375 0.0 0.3515625 0.05859375 0.18359375 10
stats: {cpu,"tsung_controller@jarvis"} 1 0.6880160120090067 0.0 2.424927754743058 0.4885381435550545 0.9232680727261078 10
stats: users_count 0 70
stats: finish_users_count 0 0
stats: request 207 1187.922734299516 451.75609504195694 8393.136 39.068 1268.6083297373352 2132
stats: connect 21 0.6822380952380952 0.09211943839225907 20.045 0.433 1.0310401785714285 224
stats: page 207 1187.922734299516 451.75609504195694 8393.136 39.068 1268.6083297373352 2132
stats: tr_busyWait 207 1188.137772946859 451.757822961175 8393.438 39.205 1268.8353452157603 2132
stats: 200 207 2339
stats: size_rcv 52821 597234
stats: size_sent 12648 146382
stats: connected 1 66
# stats: dump at 1517149475
stats: users 70 70
stats: {freemem,"tsung_controller@jarvis"} 1 5454.54296875 0.0 5464.0625 5454.54296875 5456.447443181818 11
stats: {load,"tsung_controller@jarvis"} 1 0.05078125 0.0 0.3515625 0.05078125 0.17223011363636365 11
stats: {cpu,"tsung_controller@jarvis"} 1 0.5378361475922452 0.0 2.424927754743058 0.4885381435550545 0.9018815217518259 11
stats: users_count 0 70
stats: finish_users_count 0 0
stats: request 247 901.7192469635626 395.1338075049001 8393.136 39.068 1261.4677062847363 2339
stats: connect 21 0.7474761904761906 0.13425761273001885 20.045 0.433 1.0011428571428571 245
stats: page 247 901.7192469635626 395.1338075049001 8393.136 39.068 1261.4677062847363 2339
stats: tr_busyWait 247 901.9490121457487 395.1354381208235 8393.438 39.205 1261.6936618212917 2339
stats: 200 247 2586
stats: size_rcv 63118 660352
stats: size_sent 14880 161262
stats: connected 0 66
# stats: dump at 1517149485
stats: users 70 70
stats: {freemem,"tsung_controller@jarvis"} 1 5454.671875 0.0 5464.0625 5454.54296875 5456.288736979167 12
stats: {load,"tsung_controller@jarvis"} 1 0.0390625 0.0 0.3515625 0.0390625 0.162109375 12
stats: {cpu,"tsung_controller@jarvis"} 1 0.6504878658994245 0.0 2.424927754743058 0.4885381435550545 0.8715444072385274 12
stats: users_count 0 70
stats: finish_users_count 0 0
stats: request 252 737.8605952380957 277.250502056115 8393.136 39.068 1227.106581206496 2586
stats: connect 23 0.8239130434782609 0.16850929868381492 20.045 0.433 0.9811165413533833 266
stats: page 252 737.8605952380957 277.250502056115 8393.136 39.068 1227.106581206496 2586
stats: tr_busyWait 252 738.0978849206354 277.2754754990724 8393.438 39.205 1227.3329006187166 2586
stats: 200 252 2838
stats: size_rcv 64442 724794
stats: size_sent 16430 177692
stats: connected 1 67
# stats: dump at 1517149495
stats: users 70 70
stats: {freemem,"tsung_controller@jarvis"} 1 5454.6953125 0.0 5464.0625 5454.54296875 5456.1643629807695 13
stats: {load,"tsung_controller@jarvis"} 1 0.0390625 0.0 0.3515625 0.0390625 0.15264423076923078 13
stats: {cpu,"tsung_controller@jarvis"} 1 0.6750843855481936 0.0 2.424927754743058 0.4885381435550545 0.8545400579047503 13
stats: users_count 0 70
stats: finish_users_count 0 0
stats: request 270 708.2348481481482 169.67573635872924 8393.136 39.068 1183.6640200845661 2838
stats: connect 24 0.7541666666666665 0.14977362547821596 20.045 0.433 0.9686055363321798 289
stats: page 270 708.2348481481482 169.67573635872924 8393.136 39.068 1183.6640200845661 2838
stats: tr_busyWait 270 708.4720518518518 169.66305829646132 8393.438 39.205 1183.8913136011279 2838
stats: 200 270 3108
stats: size_rcv 69089 793883
stats: size_sent 15810 193502
stats: connected -2 65
# stats: dump at 1517149505
stats: users 70 70
stats: {freemem,"tsung_controller@jarvis"} 1 5454.5078125 0.0 5464.0625 5454.5078125 5456.059430803572 14
stats: {load,"tsung_controller@jarvis"} 1 0.03125 0.0 0.3515625 0.03125 0.14453125 14
stats: {cpu,"tsung_controller@jarvis"} 1 0.712856428214107 0.0 2.424927754743058 0.4885381435550545 0.8417217955935677 14
stats: users_count 0 70
stats: finish_users_count 0 0
stats: request 252 736.9631190476193 210.08378964411278 8393.136 39.068 1142.3622580437577 3108
stats: connect 22 0.8163636363636364 0.14652723775789497 20.045 0.433 0.9521629392971246 313
stats: page 252 736.9631190476193 210.08378964411278 8393.136 39.068 1142.3622580437577 3108
stats: tr_busyWait 252 737.1999444444443 210.07302251276278 8393.438 39.205 1142.5904124839128 3108
stats: 200 252 3360
stats: size_rcv 64461 858344
stats: size_sent 16368 209870
stats: connected 3 68
# stats: dump at 1517149515
stats: users 70 70
stats: {freemem,"tsung_controller@jarvis"} 1 5454.359375 0.0 5464.0625 5454.359375 5455.955989583334 15
stats: {load,"tsung_controller@jarvis"} 1 0.03125 0.0 0.3515625 0.03125 0.13697916666666668 15
stats: {cpu,"tsung_controller@jarvis"} 1 0.6011271133375079 0.0 2.424927754743058 0.4885381435550545 0.8331307711016037 15
stats: users_count 0 70
stats: finish_users_count 0 0
stats: request 265 837.8987396226422 251.1061757718258 8393.136 39.068 1111.9573226190473 3360
stats: connect 16 0.8108124999999999 0.11561045516626078 20.045 0.433 0.9432447761194029 335
stats: page 265 837.8987396226422 251.1061757718258 8393.136 39.068 1111.9573226190473 3360
stats: tr_busyWait 265 838.1549433962267 251.10649394297383 8393.438 39.205 1112.1861273809527 3360
stats: 200 265 3625
stats: size_rcv 67728 926072
stats: size_sent 15810 225680
stats: connected 0 68
# stats: dump at 1517149525
stats: users 70 70
stats: {freemem,"tsung_controller@jarvis"} 1 5451.625 0.0 5464.0625 5451.625 5455.856201171875 16
stats: {load,"tsung_controller@jarvis"} 1 0.01953125 0.0 0.3515625 0.01953125 0.13037109375 16
stats: {cpu,"tsung_controller@jarvis"} 1 0.7876969242310577 0.0 2.424927754743058 0.4885381435550545 0.8186305424913477 16
stats: users_count 0 70
stats: finish_users_count 0 0
stats: request 264 753.0923977272726 260.13273078279144 8393.136 39.068 1091.9226951724136 3625
stats: connect 18 0.8004444444444445 0.14758809882094232 20.045 0.433 0.9372079772079771 351
stats: page 264 753.0923977272726 260.13273078279144 8393.136 39.068 1091.9226951724136 3625
stats: tr_busyWait 264 753.3186666666663 260.123732328065 8393.438 39.205 1092.153502896552 3625
stats: 200 264 3889
stats: size_rcv 67511 993583
stats: size_sent 15810 241490
stats: connected 0 68
# stats: dump at 1517149535
stats: users 70 70
stats: {freemem,"tsung_controller@jarvis"} 1 5451.51953125 0.0 5464.0625 5451.51953125 5455.607306985294 17
stats: {load,"tsung_controller@jarvis"} 1 0.01953125 0.0 0.3515625 0.01953125 0.12385110294117647 17
stats: {cpu,"tsung_controller@jarvis"} 1 0.6505692480920805 0.0 2.424927754743058 0.4885381435550545 0.8168109178878012 17
stats: users_count 0 70
stats: finish_users_count 0 0
stats: request 251 797.8635776892432 321.76880954716427 8393.136 39.068 1068.9216155824117 3889
stats: connect 25 0.7436399999999999 0.08860378321493956 20.045 0.433 0.9305365853658536 369
stats: page 251 797.8635776892432 321.76880954716427 8393.136 39.068 1068.9216155824117 3889
stats: tr_busyWait 251 798.0860796812751 321.7856030602086 8393.438 39.205 1069.152115196709 3889
stats: 200 251 4140
stats: size_rcv 64143 1057726
stats: size_sent 16430 257920
stats: connected -3 65
# stats: dump at 1517149536
stats: users 70 70
stats: {freemem,"tsung_controller@jarvis"} 0 0 0 5464.0625 5451.51953125 5455.380208333333 18
stats: {load,"tsung_controller@jarvis"} 0 0 0 0.3515625 0.01953125 0.11805555555555555 18
stats: {cpu,"tsung_controller@jarvis"} 0 0 0 2.424927754743058 0.4885381435550545 0.8075752695658168 18
stats: users_count 0 70
stats: finish_users_count 0 0
stats: request 32 637.3514999999999 242.4708066539919 8393.136 39.068 1052.4879036231882 4140
stats: connect 1 0.792 0.0 20.045 0.433 0.9186776649746193 394
stats: page 32 637.3514999999999 242.4708066539919 8393.136 39.068 1052.4879036231882 4140
stats: tr_busyWait 32 637.6134687499999 242.43738881190845 8393.438 39.205 1052.717918357488 4140
stats: 200 32 4172
stats: size_rcv 8183 1065909
stats: size_sent 1240 259160
stats: connected 0 65
stats: error_abort 1 1
EndMonitor:{1517,149536,636568}
