# stats: dump at 1516791653
stats: users 52 67
stats: {freemem,"tsung_controller@jarvis"} 1 4054.8125 0 4054.8125 4054.8125 0 0
stats: {load,"tsung_controller@jarvis"} 1 0.12890625 0 0.12890625 0.12890625 0 0
stats: {cpu,"tsung_controller@jarvis"} 1 45.44862131757596 0 45.44862131757596 45.44862131757596 0 0
stats: session 371 863.864371967655 930.08338680702 6945.168 15.023 0 0
stats: users_count 423 423
stats: finish_users_count 371 371
stats: request 343 11.112451895043739 4.558495614894187 32.333 7.745 0 0
stats: connect 344 0.6712267441860461 0.32208871518191867 5.72 0.348 0 0
stats: page 343 11.112451895043739 4.558495614894187 32.333 7.745 0 0
stats: 200 343 343
stats: size_rcv 88392 88392
stats: size_sent 21328 21328
stats: connected 1 1
# stats: dump at 1516791663
stats: users 53 67
stats: {freemem,"tsung_controller@jarvis"} 1 4055.08984375 0.0 4055.08984375 4054.8125 4054.8125 1
stats: {load,"tsung_controller@jarvis"} 1 0.109375 0.0 0.12890625 0.109375 0.12890625 1
stats: {cpu,"tsung_controller@jarvis"} 1 1.330183988065639 0.0 45.44862131757596 1.330183988065639 45.44862131757596 1
stats: session 487 1060.9346714579042 1113.6966068931802 9133.231 15.023 863.864371967655 371
stats: users_count 488 911
stats: finish_users_count 487 858
stats: request 491 10.537293279022405 3.9224293533617245 32.333 7.745 11.112451895043739 343
stats: connect 490 0.6015673469387754 0.1407000157924003 5.72 0.348 0.6712267441860461 344
stats: page 491 10.537293279022405 3.9224293533617245 32.333 7.745 11.112451895043739 343
stats: 200 491 834
stats: size_rcv 126547 214939
stats: size_sent 30380 51708
stats: connected -1 0
# stats: dump at 1516791673
stats: users 45 67
stats: {freemem,"tsung_controller@jarvis"} 1 4052.390625 0.0 4055.08984375 4052.390625 4054.951171875 2
stats: {load,"tsung_controller@jarvis"} 1 0.171875 0.0 0.171875 0.109375 0.119140625 2
stats: {cpu,"tsung_controller@jarvis"} 1 1.5623062616243026 0.0 45.44862131757596 1.330183988065639 23.389402652820802 2
stats: session 486 957.4926872427982 900.5541141661719 9133.231 14.067 975.7212902097895 858
stats: users_count 478 1389
stats: finish_users_count 486 1344
stats: request 485 10.633723711340204 4.14295051118132 32.333 7.745 10.773839328537175 834
stats: connect 485 0.5797608247422675 0.15209656628474041 5.72 0.348 0.6302997601918463 834
stats: page 485 10.633723711340204 4.14295051118132 32.333 7.745 10.773839328537175 834
stats: 200 485 1319
stats: size_rcv 125006 339945
stats: size_sent 30070 81778
stats: connected 0 0
# stats: dump at 1516791683
stats: users 44 67
stats: {freemem,"tsung_controller@jarvis"} 1 4051.82421875 0.0 4055.08984375 4051.82421875 4054.09765625 3
stats: {load,"tsung_controller@jarvis"} 1 0.21875 0.0 0.21875 0.109375 0.13671875 3
stats: {cpu,"tsung_controller@jarvis"} 1 1.5256760109154057 0.0 45.44862131757596 1.330183988065639 16.1137038557553 3
stats: session 466 987.7167703862666 1014.5414429934846 9133.231 14.067 969.1296971726185 1344
stats: users_count 465 1854
stats: finish_users_count 466 1810
stats: request 471 10.39496390658175 4.051508813961807 34.716 7.692 10.722318423047764 1319
stats: connect 473 0.6480401691331921 0.1965715134719154 5.72 0.344 0.6117164518574675 1319
stats: page 471 10.39496390658175 4.051508813961807 34.716 7.692 10.722318423047764 1319
stats: 200 471 1790
stats: size_rcv 121413 461358
stats: size_sent 29326 111104
stats: connected 2 2
# stats: dump at 1516791693
stats: users 49 67
stats: {freemem,"tsung_controller@jarvis"} 1 4050.71484375 0.0 4055.08984375 4050.71484375 4053.529296875 4
stats: {load,"tsung_controller@jarvis"} 1 0.1796875 0.0 0.21875 0.109375 0.1572265625 4
stats: {cpu,"tsung_controller@jarvis"} 1 1.3432835820895521 0.0 45.44862131757596 1.330183988065639 12.466696894545326 4
stats: session 473 1065.2928181818186 974.5599618398695 9133.231 13.069 973.9150983425413 1810
stats: users_count 478 2332
stats: finish_users_count 473 2283
stats: request 475 11.690547368421061 5.406159527931122 41.785 7.692 10.63618212290503 1790
stats: connect 474 1.0155168776371306 1.2718994072000425 5.809 0.344 0.6213041294642855 1792
stats: page 475 11.690547368421061 5.406159527931122 41.785 7.692 10.63618212290503 1790
stats: 200 475 2265
stats: size_rcv 122419 583777
stats: size_sent 29388 140492
stats: connected -1 1
# stats: dump at 1516791703
stats: users 46 67
stats: {freemem,"tsung_controller@jarvis"} 1 4050.03125 0.0 4055.08984375 4050.03125 4052.96640625 5
stats: {load,"tsung_controller@jarvis"} 1 0.1484375 0.0 0.21875 0.109375 0.16171875 5
stats: {cpu,"tsung_controller@jarvis"} 1 1.305645361850286 0.0 45.44862131757596 1.305645361850286 10.24201423205417 5
stats: session 509 1011.7195776031433 1007.7562815344015 9133.231 11.992 992.8470569426192 2283
stats: users_count 506 2838
stats: finish_users_count 509 2792
stats: request 507 11.60906311637081 4.98869083552254 41.785 7.692 10.85729624724062 2265
stats: connect 507 0.6744536489151868 0.4913005034957791 5.809 0.344 0.7037652250661958 2266
stats: page 507 11.60906311637081 4.98869083552254 41.785 7.692 10.85729624724062 2265
stats: 200 507 2772
stats: size_rcv 130620 714397
stats: size_sent 31434 171926
stats: connected 0 1
# stats: dump at 1516791713
stats: users 50 67
stats: {freemem,"tsung_controller@jarvis"} 1 4049.67578125 0.0 4055.08984375 4049.67578125 4052.4772135416665 6
stats: {load,"tsung_controller@jarvis"} 1 0.12890625 0.0 0.21875 0.109375 0.15950520833333334 6
stats: {cpu,"tsung_controller@jarvis"} 1 1.775074478649454 0.0 45.44862131757596 1.305645361850286 8.752619420353524 6
stats: session 523 981.9435583173982 1019.1305658640091 9133.231 11.992 996.2876418338109 2792
stats: users_count 527 3365
stats: finish_users_count 523 3315
stats: request 527 11.554394686907024 5.194388901184235 41.801 7.692 10.994794733044735 2772
stats: connect 526 0.622167300380227 0.16313455966811946 5.809 0.344 0.698406058420483 2773
stats: page 527 11.554394686907024 5.194388901184235 41.801 7.692 10.994794733044735 2772
stats: 200 527 3299
stats: size_rcv 135788 850185
stats: size_sent 32612 204538
stats: connected -1 0
# stats: dump at 1516791723
stats: users 56 72
stats: {freemem,"tsung_controller@jarvis"} 1 4049.01171875 0.0 4055.08984375 4049.01171875 4052.0770089285716 7
stats: {load,"tsung_controller@jarvis"} 1 0.109375 0.0 0.21875 0.109375 0.15513392857142858 7
stats: {cpu,"tsung_controller@jarvis"} 1 1.6145057128663685 0.0 45.44862131757596 1.305645361850286 7.7558272858243695 7
stats: session 479 1064.9999791231755 1035.2450740639442 9133.231 11.992 994.0246084464552 3315
stats: users_count 485 3850
stats: finish_users_count 479 3794
stats: request 472 11.182788135593228 5.349684834058688 41.801 7.692 11.084188238860262 3299
stats: connect 472 0.5585402542372876 0.12833124871419865 5.809 0.344 0.6862503789026974 3299
stats: page 472 11.182788135593228 5.349684834058688 41.801 7.692 11.084188238860262 3299
stats: 200 472 3771
stats: size_rcv 121637 971822
stats: size_sent 29264 233802
stats: connected 0 0
# stats: dump at 1516791733
stats: users 57 72
stats: {freemem,"tsung_controller@jarvis"} 1 4048.0234375 0.0 4055.08984375 4048.0234375 4051.69384765625 8
stats: {load,"tsung_controller@jarvis"} 1 0.171875 0.0 0.21875 0.109375 0.1494140625 8
stats: {cpu,"tsung_controller@jarvis"} 1 1.893095768374165 0.0 45.44862131757596 1.305645361850286 6.98816208920462 8
stats: session 493 1052.9504381338736 1011.4456875935465 9133.231 11.992 1002.9853892988931 3794
stats: users_count 494 4344
stats: finish_users_count 493 4287
stats: request 500 11.10824999999999 4.530204185188566 41.801 7.692 11.096529567753915 3771
stats: connect 502 0.5272549800796826 0.0928425536380569 5.809 0.341 0.6702654468310789 3771
stats: page 500 11.10824999999999 4.530204185188566 41.801 7.692 11.096529567753915 3771
stats: 200 500 4271
stats: size_rcv 128830 1100652
stats: size_sent 31124 264926
stats: connected 2 2
# stats: dump at 1516791743
stats: users 55 73
stats: {freemem,"tsung_controller@jarvis"} 1 4048.04296875 0.0 4055.08984375 4048.0234375 4051.2860243055557 9
stats: {load,"tsung_controller@jarvis"} 1 0.140625 0.0 0.21875 0.109375 0.1519097222222222 9
stats: {cpu,"tsung_controller@jarvis"} 1 2.038295243977764 0.0 45.44862131757596 1.305645361850286 6.422043609112347 9
stats: session 532 1009.2644417293237 1002.354297158962 9133.231 11.058 1008.7313116398415 4287
stats: users_count 530 4874
stats: finish_users_count 532 4819
stats: request 531 11.145532956685502 4.550750270745654 41.801 7.692 11.097901662374152 4271
stats: connect 530 0.5488566037735854 0.11169040010340231 5.809 0.34 0.6534643107886728 4273
stats: page 531 11.145532956685502 4.550750270745654 41.801 7.692 11.097901662374152 4271
stats: 200 531 4802
stats: size_rcv 136840 1237492
stats: size_sent 32860 297786
stats: connected -1 1
# stats: dump at 1516791753
stats: users 55 73
stats: {freemem,"tsung_controller@jarvis"} 1 4047.8359375 0.0 4055.08984375 4047.8359375 4050.96171875 10
stats: {load,"tsung_controller@jarvis"} 1 0.12109375 0.0 0.21875 0.109375 0.15078125 10
stats: {cpu,"tsung_controller@jarvis"} 1 2.149209486166008 0.0 45.44862131757596 1.305645361850286 5.983668772598889 10
stats: session 495 996.8282767676768 935.2691161304324 9133.231 11.058 1008.7901672546172 4819
stats: users_count 495 5369
stats: finish_users_count 495 5314
stats: request 502 10.56135657370517 4.222294819193216 41.801 7.692 11.103168679716786 4802
stats: 200 502 5304
stats: connect 501 0.5760998003992007 0.12855259810288583 5.809 0.34 0.6419210909848011 4803
stats: page 502 10.56135657370517 4.222294819193216 41.801 7.692 11.103168679716786 4802
stats: size_rcv 129376 1366868
stats: size_sent 31062 328848
stats: connected -1 0
# stats: dump at 1516791763
stats: users 40 73
stats: {freemem,"tsung_controller@jarvis"} 1 4047.66796875 0.0 4055.08984375 4047.66796875 4050.677556818182 11
stats: {load,"tsung_controller@jarvis"} 1 0.26171875 0.0 0.26171875 0.109375 0.14808238636363635 11
stats: {cpu,"tsung_controller@jarvis"} 1 2.2079684223510547 0.0 45.44862131757596 1.305645361850286 5.635081564741355 11
stats: session 510 1058.4116529411772 1068.4268361402267 9133.231 11.058 1007.6759151298459 5314
stats: users_count 495 5864
stats: finish_users_count 510 5824
stats: connect 509 0.5651100196463659 0.19264500490623637 5.809 0.34 0.6357038084464554 5304
stats: page 509 10.893328094302545 4.2487509081361265 41.801 7.692 11.051888574660634 5304
stats: request 509 10.893328094302545 4.2487509081361265 41.801 7.692 11.051888574660634 5304
stats: 200 509 5813
stats: size_rcv 131167 1498035
stats: size_sent 31558 360406
stats: connected 0 0
# stats: dump at 1516791773
stats: users 52 73
stats: {freemem,"tsung_controller@jarvis"} 1 4047.35546875 0.0 4055.08984375 4047.35546875 4050.4267578125 12
stats: {load,"tsung_controller@jarvis"} 1 0.21875 0.0 0.26171875 0.109375 0.15755208333333334 12
stats: {cpu,"tsung_controller@jarvis"} 1 2.232638460589614 0.0 45.44862131757596 1.305645361850286 5.349488802875496 12
stats: session 516 972.5888934108535 1038.594662446468 9133.231 11.058 1012.1187767857144 5824
stats: users_count 528 6392
stats: finish_users_count 516 6340
stats: request 510 10.4407156862745 3.8649551700148526 41.801 7.692 11.038004644761742 5813
stats: connect 510 0.5446294117647063 0.10177927828339758 5.809 0.34 0.6295224496817476 5813
stats: page 510 10.4407156862745 3.8649551700148526 41.801 7.692 11.038004644761742 5813
stats: 200 510 6323
stats: size_rcv 131438 1629473
stats: size_sent 31620 392026
stats: connected 0 0
# stats: dump at 1516791783
stats: users 60 73
stats: {freemem,"tsung_controller@jarvis"} 1 4048.01171875 0.0 4055.08984375 4047.35546875 4050.1905048076924 13
stats: {load,"tsung_controller@jarvis"} 1 0.1796875 0.0 0.26171875 0.109375 0.1622596153846154 13
stats: {cpu,"tsung_controller@jarvis"} 1 2.2994189640252194 0.0 45.44862131757596 1.305645361850286 5.1097310842381205 13
stats: session 512 968.8715312499994 932.4076763812566 9133.231 11.058 1008.9015181388015 6340
stats: users_count 520 6912
stats: finish_users_count 512 6852
stats: request 522 10.783605363984675 4.388016016026615 41.801 7.692 10.98982856239127 6323
stats: connect 522 0.5501187739463602 0.13213677631606488 5.809 0.336 0.622675154198956 6323
stats: page 522 10.783605363984675 4.388016016026615 41.801 7.692 10.98982856239127 6323
stats: 200 522 6845
stats: size_rcv 134531 1764004
stats: size_sent 32364 424390
stats: connected 0 0
# stats: dump at 1516791793
stats: users 49 73
stats: {freemem,"tsung_controller@jarvis"} 1 4039.22265625 0.0 4055.08984375 4039.22265625 4050.0348772321427 14
stats: {load,"tsung_controller@jarvis"} 1 0.23828125 0.0 0.26171875 0.109375 0.16350446428571427 14
stats: {cpu,"tsung_controller@jarvis"} 1 1.5636634400595681 0.0 45.44862131757596 1.305645361850286 4.908994504222913 14
stats: session 482 1061.3196493775927 994.7071117509935 9133.231 11.058 1005.9103690893172 6852
stats: users_count 471 7383
stats: finish_users_count 482 7334
stats: request 476 10.36321848739497 3.7088552304357316 41.801 7.692 10.974101972242513 6845
stats: page 476 10.36321848739497 3.7088552304357316 41.801 7.692 10.974101972242513 6845
stats: connect 476 0.56797268907563 0.14908095655399667 5.809 0.336 0.6171420014609201 6845
stats: 200 476 7321
stats: size_rcv 122682 1886686
stats: size_sent 29512 453902
stats: connected 0 0
# stats: dump at 1516791803
stats: users 49 73
stats: {freemem,"tsung_controller@jarvis"} 1 4038.84375 0.0 4055.08984375 4038.84375 4049.3140625 15
stats: {load,"tsung_controller@jarvis"} 1 0.19921875 0.0 0.26171875 0.109375 0.16848958333333333 15
stats: {cpu,"tsung_controller@jarvis"} 1 1.647875108412836 0.0 45.44862131757596 1.305645361850286 4.685972433278691 15
stats: session 466 979.5447167381983 916.8664305417929 9133.231 11.058 1009.5519389146442 7334
stats: users_count 466 7849
stats: finish_users_count 466 7800
stats: request 470 10.573327659574474 3.786914345294419 41.801 7.692 10.934383280972547 7321
stats: connect 470 0.5576999999999993 0.10933176817336726 5.809 0.336 0.6139450894686516 7321
stats: page 470 10.573327659574474 3.786914345294419 41.801 7.692 10.934383280972547 7321
stats: 200 470 7791
stats: size_rcv 121139 2007825
stats: size_sent 29140 483042
stats: connected 0 0
# stats: dump at 1516791813
stats: users 45 73
stats: {freemem,"tsung_controller@jarvis"} 1 4038.66796875 0.0 4055.08984375 4038.66796875 4048.65966796875 16
stats: {load,"tsung_controller@jarvis"} 1 0.171875 0.0 0.26171875 0.109375 0.17041015625 16
stats: {cpu,"tsung_controller@jarvis"} 1 2.1570319240724762 0.0 45.44862131757596 1.305645361850286 4.4960913504745745 16
stats: session 498 956.516285140562 919.109530741067 9133.231 10.867 1007.7591997435899 7800
stats: users_count 494 8343
stats: finish_users_count 498 8298
stats: request 501 11.698243512974049 5.254765158486264 41.801 7.692 10.91260223334617 7791
stats: connect 501 0.5537864271457088 0.10937443376715336 5.809 0.336 0.6105520472339877 7791
stats: page 501 11.698243512974049 5.254765158486264 41.801 7.692 10.91260223334617 7791
stats: 200 501 8292
stats: size_rcv 129096 2136921
stats: size_sent 31062 514104
stats: connected 0 0
# stats: dump at 1516791823
stats: users 54 73
stats: {freemem,"tsung_controller@jarvis"} 1 4038.5 0.0 4055.08984375 4038.5 4048.0719209558824 17
stats: {load,"tsung_controller@jarvis"} 1 0.140625 0.0 0.26171875 0.109375 0.17049632352941177 17
stats: {cpu,"tsung_controller@jarvis"} 1 1.5603715170278638 0.0 45.44862131757596 1.305645361850286 4.358499619509745 17
stats: session 524 968.1292843511446 984.4378259891804 9133.231 10.867 1004.6838838274284 8298
stats: users_count 533 8876
stats: finish_users_count 524 8822
stats: request 523 10.931820267686412 4.185319632547474 41.801 7.692 10.960070429329475 8292
stats: connect 524 0.581345419847328 0.15110880564396095 5.809 0.336 0.6071222865412443 8292
stats: page 523 10.931820267686412 4.185319632547474 41.801 7.692 10.960070429329475 8292
stats: 200 523 8815
stats: size_rcv 134777 2271698
stats: size_sent 32488 546592
stats: connected 1 1
# stats: dump at 1516791830
stats: users 0 73
stats: {freemem,"tsung_controller@jarvis"} 1 4038.5 0.0 4055.08984375 4038.5 4047.5401475694443 18
stats: {load,"tsung_controller@jarvis"} 1 0.12109375 0.0 0.26171875 0.109375 0.16883680555555555 18
stats: {cpu,"tsung_controller@jarvis"} 1 1.4755114693118414 0.0 45.44862131757596 1.305645361850286 4.203048058260752 18
stats: session 102 1443.8896666666662 1281.4709783513824 9133.231 10.867 1002.5126516662888 8822
stats: users_count 48 8924
stats: finish_users_count 102 8924
stats: request 109 10.698100917431187 4.031851597187359 41.801 7.692 10.958394327850256 8815
stats: connect 108 0.7291574074074073 0.22606284614702457 5.809 0.336 0.6055901769509979 8816
stats: page 109 10.698100917431187 4.031851597187359 41.801 7.692 10.958394327850256 8815
stats: 200 109 8924
stats: size_rcv 28097 2299795
stats: size_sent 6696 553288
stats: connected -1 0
EndMonitor:{1516,791830,472425}
