# stats: dump at 1517249870
stats: users 60 60
stats: {freemem,"tsung_controller@jarvis"} 1 3128.28515625 0 3128.28515625 3128.28515625 0 0
stats: {load,"tsung_controller@jarvis"} 1 0.109375 0 0.109375 0.109375 0 0
stats: {cpu,"tsung_controller@jarvis"} 1 1.8895253338042939 0 1.8895253338042939 1.8895253338042939 0 0
stats: users_count 60 60
stats: finish_users_count 0 0
stats: request 158 1157.963803797469 919.8921947366224 2560.013 51.268 0 0
stats: connect 62 1.005354838709677 1.7528694640390245 13.19 0.487 0 0
stats: page 158 1157.963803797469 919.8921947366224 2560.013 51.268 0 0
stats: tr_loopTransaction 158 1158.1585632911379 919.9058136148825 2560.169 51.426 0 0
stats: 200 158 158
stats: size_rcv 40374 40374
stats: size_sent 26052 26052
stats: connected 53 53
# stats: dump at 1517249880
stats: users 60 60
stats: {freemem,"tsung_controller@jarvis"} 1 3125.9765625 0.0 3128.28515625 3125.9765625 3128.28515625 1
stats: {load,"tsung_controller@jarvis"} 1 0.08984375 0.0 0.109375 0.08984375 0.109375 1
stats: {cpu,"tsung_controller@jarvis"} 1 0.7377766662498437 0.0 1.8895253338042939 0.7377766662498437 1.8895253338042939 1
stats: users_count 0 60
stats: finish_users_count 0 0
stats: request 196 650.2842755102038 197.5746745315052 2560.013 51.022 1157.963803797469 158
stats: connect 27 0.8414814814814816 0.10506589479777471 13.19 0.487 1.005354838709677 62
stats: page 196 650.2842755102038 197.5746745315052 2560.013 51.022 1157.963803797469 158
stats: tr_loopTransaction 196 650.4580918367351 197.56325970730305 2560.169 51.249 1158.1585632911379 158
stats: 200 196 354
stats: size_rcv 50157 90531
stats: size_sent 30420 56472
stats: connected -3 50
# stats: dump at 1517249890
stats: users 60 60
stats: {freemem,"tsung_controller@jarvis"} 1 3123.70703125 0.0 3128.28515625 3123.70703125 3127.130859375 2
stats: {load,"tsung_controller@jarvis"} 1 0.078125 0.0 0.109375 0.078125 0.099609375 2
stats: {cpu,"tsung_controller@jarvis"} 1 0.9622594351412148 0.0 1.8895253338042939 0.7377766662498437 1.3136510000270687 2
stats: users_count 0 60
stats: finish_users_count 0 0
stats: request 189 1160.7626137566122 367.41719347693856 2560.013 51.022 876.8757033898307 354
stats: connect 22 0.784409090909091 0.14750890854173365 13.19 0.449 0.9556404494382018 89
stats: page 189 1160.7626137566122 367.41719347693856 2560.013 51.022 876.8757033898307 354
stats: tr_loopTransaction 189 1160.937312169312 367.41456054333463 2560.169 51.249 877.058867231638 354
stats: 200 189 543
stats: size_rcv 48224 138755
stats: size_sent 32136 88608
stats: connected 8 58
# stats: dump at 1517249900
stats: users 60 60
stats: {freemem,"tsung_controller@jarvis"} 1 3121.80078125 0.0 3128.28515625 3121.80078125 3125.9895833333335 3
stats: {load,"tsung_controller@jarvis"} 1 0.05859375 0.0 0.109375 0.05859375 0.09244791666666667 3
stats: {cpu,"tsung_controller@jarvis"} 1 0.8740167311774254 0.0 1.8895253338042939 0.7377766662498437 1.1965204783984509 3
stats: users_count 0 60
stats: finish_users_count 0 0
stats: request 195 854.1051692307699 339.8729730622628 2560.013 51.022 975.6871694290973 543
stats: connect 19 0.7938947368421054 0.09794568566670117 13.19 0.449 0.9217027027027024 111
stats: page 195 854.1051692307699 339.8729730622628 2560.013 51.022 975.6871694290973 543
stats: tr_loopTransaction 195 854.2742820512818 339.87643363307177 2560.169 51.249 975.8673867403311 543
stats: 200 195 738
stats: size_rcv 49819 188574
stats: size_sent 30420 119028
stats: connected -3 55
# stats: dump at 1517249910
stats: users 60 60
stats: {freemem,"tsung_controller@jarvis"} 1 3120.09375 0.0 3128.28515625 3120.09375 3124.9423828125 4
stats: {load,"tsung_controller@jarvis"} 1 0.05078125 0.0 0.109375 0.05078125 0.083984375 4
stats: {cpu,"tsung_controller@jarvis"} 1 0.7253626813406703 0.0 1.8895253338042939 0.7253626813406703 1.1158945415931945 4
stats: users_count 0 60
stats: finish_users_count 0 0
stats: request 207 1027.9086280193235 212.55123558435622 2560.013 51.022 943.5618441734416 738
stats: connect 15 0.6991999999999998 0.13749676359827526 13.19 0.449 0.9030230769230767 130
stats: page 207 1027.9086280193235 212.55123558435622 2560.013 51.022 943.5618441734416 738
stats: tr_loopTransaction 207 1028.066521739132 212.54530184557473 2560.169 51.249 943.7391273712734 738
stats: 200 207 945
stats: size_rcv 52865 241439
stats: size_sent 29796 148824
stats: connected 2 57
# stats: dump at 1517249920
stats: users 60 60
stats: {freemem,"tsung_controller@jarvis"} 1 3120.7421875 0.0 3128.28515625 3120.09375 3123.97265625 5
stats: {load,"tsung_controller@jarvis"} 1 0.05078125 0.0 0.109375 0.05078125 0.07734375 5
stats: {cpu,"tsung_controller@jarvis"} 1 0.7250000000000001 0.0 1.8895253338042939 0.7250000000000001 1.0377881695426896 5
stats: users_count 0 60
stats: finish_users_count 0 0
stats: request 193 1098.290378238342 191.80468712520783 2560.013 51.022 962.0378063492063 945
stats: connect 17 0.7486470588235294 0.09714933391220332 13.19 0.449 0.8819379310344826 145
stats: page 193 1098.290378238342 191.80468712520783 2560.013 51.022 962.0378063492063 945
stats: tr_loopTransaction 193 1098.445347150259 191.8034760777596 2560.169 51.249 962.2108423280424 945
stats: 200 193 1138
stats: size_rcv 49254 290693
stats: size_sent 31200 180024
stats: connected 1 58
# stats: dump at 1517249930
stats: users 60 60
stats: {freemem,"tsung_controller@jarvis"} 1 3120.2890625 0.0 3128.28515625 3120.09375 3123.4342447916665 6
stats: {load,"tsung_controller@jarvis"} 1 0.0390625 0.0 0.109375 0.0390625 0.07291666666666667 6
stats: {cpu,"tsung_controller@jarvis"} 1 0.6506506506506506 0.0 1.8895253338042939 0.6506506506506506 0.9856568079522413 6
stats: users_count 0 60
stats: finish_users_count 0 0
stats: request 202 999.7757524752465 213.13024608955914 2560.013 51.022 985.1456678383129 1138
stats: connect 16 0.7646875 0.10037661502436711 13.19 0.449 0.8679506172839505 162
stats: page 202 999.7757524752465 213.13024608955914 2560.013 51.022 985.1456678383129 1138
stats: tr_loopTransaction 202 999.9303118811875 213.12567163241735 2560.169 51.249 985.315639718805 1138
stats: 200 202 1340
stats: size_rcv 51599 342292
stats: size_sent 31356 211380
stats: connected -3 55
# stats: dump at 1517249940
stats: users 60 60
stats: {freemem,"tsung_controller@jarvis"} 1 3120.296875 0.0 3128.28515625 3120.09375 3122.984933035714 7
stats: {load,"tsung_controller@jarvis"} 1 0.26171875 0.0 0.26171875 0.0390625 0.06808035714285714 7
stats: {cpu,"tsung_controller@jarvis"} 1 0.8 0.0 1.8895253338042939 0.6506506506506506 0.9377987854805855 7
stats: users_count 0 60
stats: finish_users_count 0 0
stats: request 197 937.7852284263961 280.87334134739166 2560.013 51.022 987.3510985074626 1340
stats: connect 23 0.8498260869565218 0.12110636797026389 13.19 0.449 0.8586685393258425 178
stats: page 197 937.7852284263961 280.87334134739166 2560.013 51.022 987.3510985074626 1340
stats: tr_loopTransaction 197 937.9510761421326 280.8677951883206 2560.169 51.249 987.5187470149255 1340
stats: 200 197 1537
stats: size_rcv 50315 392607
stats: size_sent 31200 242580
stats: connected 2 57
# stats: dump at 1517249950
stats: users 60 60
stats: {freemem,"tsung_controller@jarvis"} 1 3120.42578125 0.0 3128.28515625 3120.09375 3122.64892578125 8
stats: {load,"tsung_controller@jarvis"} 1 0.21875 0.0 0.26171875 0.0390625 0.09228515625 8
stats: {cpu,"tsung_controller@jarvis"} 1 0.7502813555083157 0.0 1.8895253338042939 0.6506506506506506 0.9205739372955123 8
stats: users_count 0 60
stats: finish_users_count 0 0
stats: request 193 890.2039067357518 216.92263700423717 2560.013 50.972 980.9981535458684 1537
stats: connect 15 0.8205333333333332 0.12226466737732894 13.19 0.449 0.8576567164179102 201
stats: page 193 890.2039067357518 216.92263700423717 2560.013 50.972 980.9981535458684 1537
stats: tr_loopTransaction 193 890.3614352331604 216.92726905240843 2560.169 51.096 981.1655712426807 1537
stats: 200 193 1730
stats: size_rcv 49329 441936
stats: size_sent 29952 272532
stats: connected -4 53
# stats: dump at 1517249960
stats: users 60 60
stats: {freemem,"tsung_controller@jarvis"} 1 3119.57421875 0.0 3128.28515625 3119.57421875 3122.401909722222 9
stats: {load,"tsung_controller@jarvis"} 1 0.1796875 0.0 0.26171875 0.0390625 0.10633680555555555 9
stats: {cpu,"tsung_controller@jarvis"} 1 0.8741258741258742 0.0 1.8895253338042939 0.6506506506506506 0.9016525393191572 9
stats: users_count 0 60
stats: finish_users_count 0 0
stats: request 197 1094.740969543148 262.3380586971008 2864.115 50.972 970.8690843930635 1730
stats: connect 17 0.8661764705882353 0.15127039883603746 13.19 0.449 0.8550787037037034 216
stats: page 197 1094.740969543148 262.3380586971008 2864.115 50.972 970.8690843930635 1730
stats: tr_loopTransaction 197 1094.9135329949245 262.34401447277287 2864.367 51.096 971.0353988439308 1730
stats: 200 197 1927
stats: size_rcv 50283 492219
stats: size_sent 31668 304200
stats: connected 6 59
# stats: dump at 1517249970
stats: users 60 60
stats: {freemem,"tsung_controller@jarvis"} 1 3118.984375 0.0 3128.28515625 3118.984375 3122.119140625 10
stats: {load,"tsung_controller@jarvis"} 1 0.16015625 0.0 0.26171875 0.0390625 0.113671875 10
stats: {cpu,"tsung_controller@jarvis"} 1 0.7998000499875032 0.0 1.8895253338042939 0.6506506506506506 0.898899872799829 10
stats: users_count 0 60
stats: finish_users_count 0 0
stats: request 203 947.4268669950746 205.30235808587975 2864.115 50.972 983.5326865594187 1927
stats: connect 12 0.7585833333333335 0.1578134227145742 13.19 0.449 0.8558884120171671 233
stats: page 203 947.4268669950746 205.30235808587975 2864.115 50.972 983.5326865594187 1927
stats: tr_loopTransaction 203 947.5896995073889 205.29069965437952 2864.367 51.096 983.6996398546966 1927
stats: 200 203 2130
stats: size_rcv 51860 544079
stats: size_sent 30420 334620
stats: connected -4 55
# stats: dump at 1517249980
stats: users 60 60
stats: {freemem,"tsung_controller@jarvis"} 1 3118.6484375 0.0 3128.28515625 3118.6484375 3121.834161931818 11
stats: {load,"tsung_controller@jarvis"} 1 0.12890625 0.0 0.26171875 0.0390625 0.11789772727272728 11
stats: {cpu,"tsung_controller@jarvis"} 1 0.7003501750875438 0.0 1.8895253338042939 0.6506506506506506 0.8898907979987084 11
stats: users_count 0 60
stats: finish_users_count 0 0
stats: request 198 983.3938787878789 281.9434422305359 2864.115 50.972 980.0916154929578 2130
stats: connect 21 0.8341428571428571 0.14167309309153397 13.19 0.449 0.8511224489795917 245
stats: page 198 983.3938787878789 281.9434422305359 2864.115 50.972 980.0916154929578 2130
stats: tr_loopTransaction 198 983.561323232323 281.94140311237794 2864.367 51.096 980.2581760563381 2130
stats: 200 198 2328
stats: size_rcv 50581 594660
stats: size_sent 31044 365664
stats: connected 5 60
# stats: dump at 1517249981
stats: users 60 60
stats: {freemem,"tsung_controller@jarvis"} 0 0 0 3128.28515625 3118.6484375 3121.5686848958335 12
stats: {load,"tsung_controller@jarvis"} 0 0 0 0.26171875 0.0390625 0.11881510416666667 12
stats: {cpu,"tsung_controller@jarvis"} 0 0 0 1.8895253338042939 0.6506506506506506 0.8740957460894446 12
stats: users_count 0 60
stats: finish_users_count 0 0
stats: request 13 1012.7984615384614 102.3093077911784 2864.115 50.972 980.3724780927836 2328
stats: connect 0 0 0 13.19 0.449 0.8497819548872179 266
stats: page 13 1012.7984615384614 102.3093077911784 2864.115 50.972 980.3724780927836 2328
stats: tr_loopTransaction 13 1012.9683846153846 102.30515769653849 2864.367 51.096 980.5391138316152 2328
stats: 200 13 2341
stats: size_rcv 3319 597979
stats: size_sent 3432 369096
stats: connected 0 60
stats: error_abort 1 1
EndMonitor:{1517,249981,915160}
