# stats: dump at 1517144319
stats: users 5 5
stats: {freemem,"tsung_controller@jarvis"} 1 5460.47265625 0 5460.47265625 5460.47265625 0 0
stats: {load,"tsung_controller@jarvis"} 1 0.01171875 0 0.01171875 0.01171875 0 0
stats: {cpu,"tsung_controller@jarvis"} 1 1.9332060572498964 0 1.9332060572498964 1.9332060572498964 0 0
stats: users_count 5 5
stats: finish_users_count 0 0
stats: request 19 57.72578947368421 10.224072721196297 86.23 50.866 0 0
stats: connect 5 3.3756 5.130339817205095 13.634 0.729 0 0
stats: page 19 57.72578947368421 10.224072721196297 86.23 50.866 0 0
stats: tr_busyWait 19 58.06900000000001 10.309512612911899 86.499 51.12 0 0
stats: 200 19 19
stats: size_rcv 4880 4880
stats: size_sent 1178 1178
stats: connected 5 5
# stats: dump at 1517144329
stats: users 5 5
stats: {freemem,"tsung_controller@jarvis"} 1 5460.36328125 0.0 5460.47265625 5460.36328125 5460.47265625 1
stats: {load,"tsung_controller@jarvis"} 1 0.0 0.0 0.01171875 0.0 0.01171875 1
stats: {cpu,"tsung_controller@jarvis"} 1 0.5244755244755245 0.0 1.9332060572498964 0.5244755244755245 1.9332060572498964 1
stats: users_count 0 5
stats: finish_users_count 0 0
stats: request 25 57.72292 14.640548213560857 101.106 50.738 57.72578947368421 19
stats: connect 3 0.6663333333333333 0.07195060033723757 13.634 0.581 3.3756 5
stats: page 25 57.72292 14.640548213560857 101.106 50.738 57.72578947368421 19
stats: tr_busyWait 25 57.91999999999999 14.64491953955364 101.344 50.813 58.06900000000001 19
stats: 200 25 44
stats: size_rcv 6420 11300
stats: size_sent 1550 2728
stats: connected 0 5
# stats: dump at 1517144339
stats: users 5 5
stats: {freemem,"tsung_controller@jarvis"} 1 5460.23046875 0.0 5460.47265625 5460.23046875 5460.41796875 2
stats: {load,"tsung_controller@jarvis"} 1 0.0 0.0 0.01171875 0.0 0.005859375 2
stats: {cpu,"tsung_controller@jarvis"} 1 0.43679021589916384 0.0 1.9332060572498964 0.43679021589916384 1.2288407908627104 2
stats: users_count 0 5
stats: finish_users_count 0 0
stats: request 23 60.43482608695652 15.202043065359955 101.12 50.738 57.7241590909091 44
stats: connect 3 0.8786666666666667 0.08701085500607894 13.634 0.581 2.359625 8
stats: page 23 60.43482608695652 15.202043065359955 101.12 50.738 57.7241590909091 44
stats: tr_busyWait 23 60.6715652173913 15.198171920464892 101.365 50.813 57.9843409090909 44
stats: 200 23 67
stats: size_rcv 5907 17207
stats: size_sent 1426 4154
stats: connected 0 5
# stats: dump at 1517144349
stats: users 5 5
stats: {freemem,"tsung_controller@jarvis"} 1 5460.99609375 0.0 5460.99609375 5460.23046875 5460.35546875 3
stats: {load,"tsung_controller@jarvis"} 1 0.16015625 0.0 0.16015625 0.0 0.00390625 3
stats: {cpu,"tsung_controller@jarvis"} 1 0.49912652857499373 0.0 1.9332060572498964 0.43679021589916384 0.9648239325415281 3
stats: users_count 0 5
stats: finish_users_count 0 0
stats: request 21 55.4844761904762 13.44940688236951 101.814 50.738 58.654686567164184 67
stats: connect 3 0.819 0.22136997688635793 13.634 0.526 1.9557272727272725 11
stats: page 21 55.4844761904762 13.44940688236951 101.814 50.738 58.654686567164184 67
stats: tr_busyWait 21 55.76166666666667 13.457309383426905 102.131 50.813 58.90682089552238 67
stats: 200 21 88
stats: size_rcv 5395 22602
stats: size_sent 1302 5456
stats: connected 0 5
# stats: dump at 1517144359
stats: users 5 5
stats: {freemem,"tsung_controller@jarvis"} 1 5459.2421875 0.0 5460.99609375 5459.2421875 5460.515625 4
stats: {load,"tsung_controller@jarvis"} 1 0.2890625 0.0 0.2890625 0.0 0.04296875 4
stats: {cpu,"tsung_controller@jarvis"} 1 0.6739049045301385 0.0 1.9332060572498964 0.43679021589916384 0.8483995815498946 4
stats: users_count 0 5
stats: finish_users_count 0 0
stats: request 26 62.72088461538462 29.15132870349127 147.888 50.738 57.8981590909091 88
stats: connect 2 0.9005000000000001 0.10149999999999995 13.634 0.526 1.712142857142857 14
stats: page 26 62.72088461538462 29.15132870349127 147.888 50.738 57.8981590909091 88
stats: tr_busyWait 26 62.966 29.171524492744105 148.22 50.813 58.15627272727272 88
stats: 200 26 114
stats: size_rcv 6674 29276
stats: size_sent 1674 7130
stats: connected 0 5
# stats: dump at 1517144369
stats: users 5 5
stats: {freemem,"tsung_controller@jarvis"} 1 5459.09765625 0.0 5460.99609375 5459.09765625 5460.2609375 5
stats: {load,"tsung_controller@jarvis"} 1 0.3203125 0.0 0.3203125 0.0 0.0921875 5
stats: {cpu,"tsung_controller@jarvis"} 1 0.5737807159785456 0.0 1.9332060572498964 0.43679021589916384 0.8135006461459433 5
stats: users_count 0 5
stats: finish_users_count 0 0
stats: request 19 57.72431578947369 12.380046735107058 147.888 50.738 58.99807894736843 114
stats: connect 3 1.0276666666666667 0.07233870947762956 13.634 0.526 1.6106875 16
stats: page 19 57.72431578947369 12.380046735107058 147.888 50.738 58.99807894736843 114
stats: tr_busyWait 19 58.00699999999999 12.38789831374067 148.22 50.813 59.25322807017543 114
stats: 200 19 133
stats: size_rcv 4882 34158
stats: size_sent 1116 8246
stats: connected 0 5
# stats: dump at 1517144379
stats: users 5 5
stats: {freemem,"tsung_controller@jarvis"} 1 5459.02734375 0.0 5460.99609375 5459.02734375 5460.067057291667 6
stats: {load,"tsung_controller@jarvis"} 1 0.26953125 0.0 0.3203125 0.0 0.13020833333333334 6
stats: {cpu,"tsung_controller@jarvis"} 1 0.5366949575636546 0.0 1.9332060572498964 0.43679021589916384 0.7735473244513771 6
stats: users_count 0 5
stats: finish_users_count 0 0
stats: request 23 53.464260869565216 5.414779093148605 147.888 50.738 58.8161127819549 133
stats: connect 0 0 0 13.634 0.526 1.5186315789473683 19
stats: page 23 53.464260869565216 5.414779093148605 147.888 50.738 58.8161127819549 133
stats: tr_busyWait 23 53.71782608695653 5.395057671063593 148.22 50.813 59.075195488721796 133
stats: 200 23 156
stats: size_rcv 5907 40065
stats: size_sent 1426 9672
stats: connected -1 4
# stats: dump at 1517144389
stats: users 5 5
stats: {freemem,"tsung_controller@jarvis"} 1 5458.91796875 0.0 5460.99609375 5458.91796875 5459.918526785715 7
stats: {load,"tsung_controller@jarvis"} 1 0.23046875 0.0 0.3203125 0.0 0.15011160714285715 7
stats: {cpu,"tsung_controller@jarvis"} 1 0.4120364589836434 0.0 1.9332060572498964 0.4120364589836434 0.7397112720388453 7
stats: users_count 0 5
stats: finish_users_count 0 0
stats: request 28 53.34221428571429 4.6122204162818745 147.888 50.738 58.0270576923077 156
stats: connect 4 1.08875 0.08336478573114674 13.634 0.526 1.5186315789473683 19
stats: page 28 53.34221428571429 4.6122204162818745 147.888 50.738 58.0270576923077 156
stats: tr_busyWait 28 53.60753571428571 4.610733505963036 148.22 50.813 58.285326923076916 156
stats: 200 28 184
stats: size_rcv 7192 47257
stats: size_sent 1736 11408
stats: connected 1 5
# stats: dump at 1517144399
stats: users 5 5
stats: {freemem,"tsung_controller@jarvis"} 1 5458.9609375 0.0 5460.99609375 5458.91796875 5459.79345703125 8
stats: {load,"tsung_controller@jarvis"} 1 0.19140625 0.0 0.3203125 0.0 0.16015625 8
stats: {cpu,"tsung_controller@jarvis"} 1 0.6356724417300261 0.0 1.9332060572498964 0.4120364589836434 0.6987519204069451 8
stats: users_count 0 5
stats: finish_users_count 0 0
stats: request 20 54.05580000000001 6.51485923562436 147.888 50.738 57.31414673913044 184
stats: connect 4 0.7662500000000001 0.13871080527485954 13.634 0.526 1.4438695652173914 23
stats: page 20 54.05580000000001 6.51485923562436 147.888 50.738 57.31414673913044 184
stats: tr_busyWait 20 54.28985 6.513797842081071 148.22 50.813 57.57348913043478 184
stats: 200 20 204
stats: size_rcv 5138 52395
stats: size_sent 1240 12648
stats: connected -1 4
# stats: dump at 1517144409
stats: users 5 5
stats: {freemem,"tsung_controller@jarvis"} 1 5458.94921875 0.0 5460.99609375 5458.91796875 5459.700954861111 9
stats: {load,"tsung_controller@jarvis"} 1 0.16015625 0.0 0.3203125 0.0 0.1636284722222222 9
stats: {cpu,"tsung_controller@jarvis"} 1 0.5738522954091816 0.0 1.9332060572498964 0.4120364589836434 0.691743089442843 9
stats: users_count 0 5
stats: finish_users_count 0 0
stats: request 29 63.01682758620693 26.71485488362295 149.038 50.738 56.99470098039217 204
stats: connect 1 0.934 0.0 13.634 0.526 1.3434814814814815 27
stats: page 29 63.01682758620693 26.71485488362295 149.038 50.738 56.99470098039217 204
stats: tr_busyWait 29 63.25844827586209 26.69769948449802 149.177 50.813 57.25156372549019 204
stats: 200 29 233
stats: size_rcv 7445 59840
stats: size_sent 1798 14446
stats: connected 1 5
# stats: dump at 1517144419
stats: users 5 5
stats: {freemem,"tsung_controller@jarvis"} 1 5458.21484375 0.0 5460.99609375 5458.21484375 5459.62578125 10
stats: {load,"tsung_controller@jarvis"} 1 0.140625 0.0 0.3203125 0.0 0.16328125 10
stats: {cpu,"tsung_controller@jarvis"} 1 0.48676984523215183 0.0 1.9332060572498964 0.4120364589836434 0.6799540100394769 10
stats: users_count 0 5
stats: finish_users_count 0 0
stats: request 19 54.256473684210526 9.564565912335631 149.038 50.738 57.744236051502156 233
stats: connect 2 0.7545 0.021500000000000047 13.634 0.526 1.3288571428571427 28
stats: page 19 54.256473684210526 9.564565912335631 149.038 50.738 57.744236051502156 233
stats: tr_busyWait 19 54.50531578947369 9.532864715800319 149.177 50.813 57.9992017167382 233
stats: 200 19 252
stats: size_rcv 4881 64721
stats: size_sent 1178 15624
stats: connected 0 5
# stats: dump at 1517144429
stats: users 5 5
stats: {freemem,"tsung_controller@jarvis"} 1 5458.1953125 0.0 5460.99609375 5458.1953125 5459.497514204545 11
stats: {load,"tsung_controller@jarvis"} 1 0.109375 0.0 0.3203125 0.0 0.1612215909090909 11
stats: {cpu,"tsung_controller@jarvis"} 1 0.46163443543356203 0.0 1.9332060572498964 0.4120364589836434 0.6623918132388109 11
stats: users_count 0 5
stats: finish_users_count 0 0
stats: request 22 56.80090909090909 12.251417891630826 149.038 50.738 57.48126984126985 252
stats: connect 1 0.909 0.0 13.634 0.526 1.2905666666666666 30
stats: page 22 56.80090909090909 12.251417891630826 149.038 50.738 57.48126984126985 252
stats: tr_busyWait 22 57.03486363636363 12.26277834192656 149.177 50.813 57.73577380952381 252
stats: 200 22 274
stats: size_rcv 5651 70372
stats: size_sent 1364 16988
stats: connected -1 4
# stats: dump at 1517144439
stats: users 5 5
stats: {freemem,"tsung_controller@jarvis"} 1 5458.25390625 0.0 5460.99609375 5458.1953125 5459.388997395833 12
stats: {load,"tsung_controller@jarvis"} 1 0.1015625 0.0 0.3203125 0.0 0.15690104166666666 12
stats: {cpu,"tsung_controller@jarvis"} 1 0.48676984523215183 0.0 1.9332060572498964 0.4120364589836434 0.6456620317550402 12
stats: users_count 0 5
stats: finish_users_count 0 0
stats: request 24 53.387708333333336 4.59651684683782 149.038 50.738 57.42664233576643 274
stats: connect 1 0.787 0.0 13.634 0.526 1.278258064516129 31
stats: page 24 53.387708333333336 4.59651684683782 149.038 50.738 57.42664233576643 274
stats: tr_busyWait 24 53.636208333333336 4.600744839870737 149.177 50.813 57.679496350364964 274
stats: 200 24 298
stats: size_rcv 6165 76537
stats: size_sent 1488 18476
stats: connected 1 5
# stats: dump at 1517144449
stats: users 5 5
stats: {freemem,"tsung_controller@jarvis"} 1 5458.109375 0.0 5460.99609375 5458.109375 5459.301682692308 13
stats: {load,"tsung_controller@jarvis"} 1 0.078125 0.0 0.3203125 0.0 0.15264423076923078 13
stats: {cpu,"tsung_controller@jarvis"} 1 0.49912652857499373 0.0 1.9332060572498964 0.4120364589836434 0.6334395558686642 13
stats: users_count 0 5
stats: finish_users_count 0 0
stats: request 24 54.01391666666667 10.133266234358446 149.038 50.738 57.10135906040269 298
stats: connect 0 0 0 13.634 0.526 1.26290625 32
stats: page 24 54.01391666666667 10.133266234358446 149.038 50.738 57.10135906040269 298
stats: tr_busyWait 24 54.228583333333326 10.163496584659674 149.177 50.813 57.35386241610738 298
stats: 200 24 322
stats: size_rcv 6166 82703
stats: size_sent 1488 19964
stats: connected -1 4
# stats: dump at 1517144459
stats: users 5 5
stats: {freemem,"tsung_controller@jarvis"} 1 5458.13671875 0.0 5460.99609375 5458.109375 5459.216517857143 14
stats: {load,"tsung_controller@jarvis"} 1 0.0703125 0.0 0.3203125 0.0 0.14732142857142858 14
stats: {cpu,"tsung_controller@jarvis"} 1 0.48676984523215183 0.0 1.9332060572498964 0.4120364589836434 0.6238457682048306 14
stats: users_count 0 5
stats: finish_users_count 0 0
stats: request 23 54.8621304347826 7.026445525450062 149.038 50.738 56.87123913043479 322
stats: connect 2 0.78 0.22099999999999995 13.634 0.526 1.26290625 32
stats: page 23 54.8621304347826 7.026445525450062 149.038 50.738 56.87123913043479 322
stats: tr_busyWait 23 55.101826086956514 7.051685013879426 149.177 50.813 57.12092236024845 322
stats: 200 23 345
stats: size_rcv 5910 88613
stats: size_sent 1426 21390
stats: connected 1 5
# stats: dump at 1517144469
stats: users 5 5
stats: {freemem,"tsung_controller@jarvis"} 1 5458.03515625 0.0 5460.99609375 5458.03515625 5459.14453125 15
stats: {load,"tsung_controller@jarvis"} 1 0.05859375 0.0 0.3203125 0.0 0.1421875 15
stats: {cpu,"tsung_controller@jarvis"} 1 0.462037962037962 0.0 1.9332060572498964 0.4120364589836434 0.6147073733399854 15
stats: users_count 0 5
stats: finish_users_count 0 0
stats: request 24 54.775666666666666 12.180879557961143 149.038 50.738 56.737298550724645 345
stats: connect 2 0.9345 0.044499999999999984 13.634 0.526 1.2345 34
stats: page 24 54.775666666666666 12.180879557961143 149.038 50.738 56.737298550724645 345
stats: tr_busyWait 24 55.00087500000001 12.178883734810908 149.177 50.813 56.986315942028995 345
stats: 200 24 369
stats: size_rcv 6167 94780
stats: size_sent 1488 22878
stats: connected 0 5
# stats: dump at 1517144479
stats: users 5 5
stats: {freemem,"tsung_controller@jarvis"} 1 5457.5703125 0.0 5460.99609375 5457.5703125 5459.0751953125 16
stats: {load,"tsung_controller@jarvis"} 1 0.05078125 0.0 0.3203125 0.0 0.136962890625 16
stats: {cpu,"tsung_controller@jarvis"} 1 0.48689138576779023 0.0 1.9332060572498964 0.4120364589836434 0.6051655351336089 16
stats: users_count 0 5
stats: finish_users_count 0 0
stats: request 24 52.76300000000001 4.2915247581716205 149.038 50.738 56.60971273712738 369
stats: connect 1 0.653 0.0 13.634 0.526 1.2178333333333333 36
stats: page 24 52.76300000000001 4.2915247581716205 149.038 50.738 56.60971273712738 369
stats: tr_busyWait 24 52.973666666666674 4.29902083489821 149.177 50.813 56.85718157181572 369
stats: 200 24 393
stats: size_rcv 6165 100945
stats: size_sent 1488 24366
stats: connected 0 5
# stats: dump at 1517144489
stats: users 5 5
stats: {freemem,"tsung_controller@jarvis"} 1 5457.5625 0.0 5460.99609375 5457.5625 5458.986672794118 17
stats: {load,"tsung_controller@jarvis"} 1 0.0390625 0.0 0.3203125 0.0 0.13189338235294118 17
stats: {cpu,"tsung_controller@jarvis"} 1 0.48646625919920167 0.0 1.9332060572498964 0.4120364589836434 0.5982082322297373 17
stats: users_count 0 5
stats: finish_users_count 0 0
stats: request 21 51.16761904761905 0.5667780682814101 149.038 50.738 56.37479898218831 393
stats: connect 2 0.975 0.010000000000000009 13.634 0.526 1.2025675675675676 37
stats: page 21 51.16761904761905 0.5667780682814101 149.038 50.738 56.37479898218831 393
stats: tr_busyWait 21 51.40133333333335 0.584971332902273 149.177 50.813 56.6200203562341 393
stats: 200 21 414
stats: size_rcv 5393 106338
stats: size_sent 1302 25668
stats: connected -1 4
# stats: dump at 1517144490
stats: users 5 5
stats: {freemem,"tsung_controller@jarvis"} 0 0 0 5460.99609375 5457.5625 5458.907552083333 18
stats: {load,"tsung_controller@jarvis"} 0 0 0 0.3203125 0.0 0.1267361111111111 18
stats: {cpu,"tsung_controller@jarvis"} 0 0 0 1.9332060572498964 0.4120364589836434 0.592000344839152 18
stats: users_count 0 5
stats: finish_users_count 0 0
stats: request 3 51.425999999999995 0.6796077299933164 149.038 50.738 56.11066666666668 414
stats: connect 1 0.734 0.0 13.634 0.526 1.1908974358974358 39
stats: page 3 51.425999999999995 0.6796077299933164 149.038 50.738 56.11066666666668 414
stats: tr_busyWait 3 51.62766666666667 0.6706222649317756 149.177 50.813 56.35530434782609 414
stats: 200 3 417
stats: size_rcv 769 107107
stats: size_sent 186 25854
stats: connected -1 3
stats: error_abort 1 1
EndMonitor:{1517,144490,162435}
