# stats: dump at 1517144501
stats: users 10 10
stats: {freemem,"tsung_controller@jarvis"} 1 5459.83203125 0 5459.83203125 5459.83203125 0 0
stats: {load,"tsung_controller@jarvis"} 1 0.109375 0 0.109375 0.109375 0 0
stats: {cpu,"tsung_controller@jarvis"} 1 1.9300861736459038 0 1.9300861736459038 1.9300861736459038 0 0
stats: users_count 10 10
stats: finish_users_count 0 0
stats: request 35 295.41202857142855 507.74855790684916 1648.855 50.843 0 0
stats: tr_busyWait 35 295.73674285714293 507.71490655098626 1649.131 50.935 0 0
stats: 200 35 35
stats: connect 11 2.5892727272727276 5.704814316011108 20.624 0.519 0 0
stats: page 35 295.41202857142855 507.74855790684916 1648.855 50.843 0 0
stats: size_rcv 8977 8977
stats: size_sent 2418 2418
stats: connected 9 9
# stats: dump at 1517144511
stats: users 10 10
stats: {freemem,"tsung_controller@jarvis"} 1 5459.8515625 0.0 5459.8515625 5459.83203125 5459.83203125 1
stats: {load,"tsung_controller@jarvis"} 1 0.08984375 0.0 0.109375 0.08984375 0.109375 1
stats: {cpu,"tsung_controller@jarvis"} 1 0.66167290886392 0.0 1.9300861736459038 0.66167290886392 1.9300861736459038 1
stats: users_count 0 10
stats: finish_users_count 0 0
stats: request 42 77.58428571428571 36.847050655562725 1648.855 50.843 295.41202857142855 35
stats: connect 5 0.8576 0.12023244154553293 20.624 0.519 2.5892727272727276 11
stats: page 42 77.58428571428571 36.847050655562725 1648.855 50.843 295.41202857142855 35
stats: 200 42 77
stats: tr_busyWait 42 77.79357142857145 36.84726983563554 1649.131 50.935 295.73674285714293 35
stats: size_rcv 10769 19746
stats: size_sent 2356 4774
stats: connected -1 8
# stats: dump at 1517144521
stats: users 10 10
stats: {freemem,"tsung_controller@jarvis"} 1 5459.6015625 0.0 5459.8515625 5459.6015625 5459.841796875 2
stats: {load,"tsung_controller@jarvis"} 1 0.078125 0.0 0.109375 0.078125 0.099609375 2
stats: {cpu,"tsung_controller@jarvis"} 1 0.5120519545397777 0.0 1.9300861736459038 0.5120519545397777 1.295879541254912 2
stats: users_count 0 10
stats: finish_users_count 0 0
stats: connect 5 0.7535999999999999 0.08078267140915804 20.624 0.519 2.048125 16
stats: request 42 68.5987142857143 25.63631496742158 1648.855 50.843 176.59689610389609 77
stats: page 42 68.5987142857143 25.63631496742158 1648.855 50.843 176.59689610389609 77
stats: tr_busyWait 42 68.78333333333337 25.64840785708101 1649.131 50.935 176.8586493506494 77
stats: 200 42 119
stats: size_rcv 10780 30526
stats: size_sent 2604 7378
stats: connected 1 9
# stats: dump at 1517144531
stats: users 10 10
stats: {freemem,"tsung_controller@jarvis"} 1 5457.78515625 0.0 5459.8515625 5457.78515625 5459.76171875 3
stats: {load,"tsung_controller@jarvis"} 1 0.0703125 0.0 0.109375 0.0703125 0.09244791666666667 3
stats: {cpu,"tsung_controller@jarvis"} 1 0.5119240854039206 0.0 1.9300861736459038 0.5119240854039206 1.034603679016534 3
stats: users_count 0 10
stats: finish_users_count 0 0
stats: tr_busyWait 45 64.75959999999996 23.66281934775407 1649.131 50.935 138.71442016806728 119
stats: request 45 64.56380000000003 23.6490039072356 1648.855 50.843 138.47989075630252 119
stats: connect 5 0.8657999999999999 0.1075832700748588 20.624 0.519 1.739904761904762 21
stats: page 45 64.56380000000003 23.6490039072356 1648.855 50.843 138.47989075630252 119
stats: 200 45 164
stats: size_rcv 11555 42081
stats: size_sent 2790 10168
stats: connected 1 10
# stats: dump at 1517144541
stats: users 10 10
stats: {freemem,"tsung_controller@jarvis"} 1 5457.83984375 0.0 5459.8515625 5457.78515625 5459.267578125 4
stats: {load,"tsung_controller@jarvis"} 1 0.05859375 0.0 0.109375 0.05859375 0.0869140625 4
stats: {cpu,"tsung_controller@jarvis"} 1 0.5869130869130869 0.0 1.9300861736459038 0.5119240854039206 0.9039337806133807 4
stats: users_count 0 10
stats: finish_users_count 0 0
stats: connect 7 0.7944285714285714 0.1676525805202593 20.624 0.506 1.5718076923076925 26
stats: request 41 68.40280487804881 22.917074116463656 1648.855 50.843 118.19803658536587 164
stats: page 41 68.40280487804881 22.917074116463656 1648.855 50.843 118.19803658536587 164
stats: 200 41 205
stats: tr_busyWait 41 68.58207317073172 22.91989564994576 1649.131 50.935 118.42193902439027 164
stats: size_rcv 10529 52610
stats: size_sent 2542 12710
stats: connected -1 9
# stats: dump at 1517144551
stats: users 10 10
stats: {freemem,"tsung_controller@jarvis"} 1 5457.8671875 0.0 5459.8515625 5457.78515625 5458.98203125 5
stats: {load,"tsung_controller@jarvis"} 1 0.05078125 0.0 0.109375 0.05078125 0.08125 5
stats: {cpu,"tsung_controller@jarvis"} 1 0.6857855361596009 0.0 1.9300861736459038 0.5119240854039206 0.8405296418733219 5
stats: users_count 0 10
stats: finish_users_count 0 0
stats: request 47 66.35053191489364 23.9851437395407 1648.855 50.84 108.23899024390245 205
stats: tr_busyWait 47 66.5133829787234 23.981143823582933 1649.131 50.935 108.45396585365856 205
stats: 200 47 252
stats: connect 6 0.8406666666666666 0.09441162828569136 20.624 0.506 1.406909090909091 33
stats: page 47 66.35053191489364 23.9851437395407 1648.855 50.84 108.23899024390245 205
stats: size_rcv 12069 64679
stats: size_sent 2914 15624
stats: connected 1 10
# stats: dump at 1517144561
stats: users 10 10
stats: {freemem,"tsung_controller@jarvis"} 1 5457.62109375 0.0 5459.8515625 5457.62109375 5458.796223958333 6
stats: {load,"tsung_controller@jarvis"} 1 0.0390625 0.0 0.109375 0.0390625 0.076171875 6
stats: {cpu,"tsung_controller@jarvis"} 1 0.45011252813203295 0.0 1.9300861736459038 0.45011252813203295 0.8147389575877018 6
stats: users_count 0 10
stats: finish_users_count 0 0
stats: connect 5 0.8288 0.14220182839893447 20.624 0.506 1.3197948717948718 39
stats: request 39 66.86323076923078 27.691617514832377 1648.855 50.84 100.42646031746034 252
stats: tr_busyWait 39 67.06325641025641 27.6648494355785 1649.131 50.935 100.63171428571431 252
stats: page 39 66.86323076923078 27.691617514832377 1648.855 50.84 100.42646031746034 252
stats: 200 39 291
stats: size_rcv 10014 74693
stats: size_sent 2418 18042
stats: connected -1 9
# stats: dump at 1517144571
stats: users 10 10
stats: {freemem,"tsung_controller@jarvis"} 1 5457.77734375 0.0 5459.8515625 5457.62109375 5458.628348214285 7
stats: {load,"tsung_controller@jarvis"} 1 0.03125 0.0 0.109375 0.03125 0.07087053571428571 7
stats: {cpu,"tsung_controller@jarvis"} 1 0.525 0.0 1.9300861736459038 0.45011252813203295 0.7626494676654634 7
stats: users_count 0 10
stats: finish_users_count 0 0
stats: request 38 55.117736842105266 12.092951754690592 1648.855 50.83 95.92829553264606 291
stats: connect 4 0.97525 0.02221907963890498 20.624 0.506 1.264 44
stats: page 38 55.117736842105266 12.092951754690592 1648.855 50.83 95.92829553264606 291
stats: tr_busyWait 38 55.28965789473684 12.106823137728048 1649.131 50.888 96.13284879725089 291
stats: 200 38 329
stats: size_rcv 9761 84454
stats: size_sent 2356 20398
stats: connected 0 9
# stats: dump at 1517144581
stats: users 10 10
stats: {freemem,"tsung_controller@jarvis"} 1 5457.80078125 0.0 5459.8515625 5457.62109375 5458.52197265625 8
stats: {load,"tsung_controller@jarvis"} 1 0.03125 0.0 0.109375 0.03125 0.06591796875 8
stats: {cpu,"tsung_controller@jarvis"} 1 0.5118601747815231 0.0 1.9300861736459038 0.45011252813203295 0.7329432842072805 8
stats: users_count 0 10
stats: finish_users_count 0 0
stats: request 45 64.63695555555556 20.848705669343445 1648.855 50.83 91.21461398176294 329
stats: tr_busyWait 45 64.80657777777776 20.839188567577715 1649.131 50.888 91.41539817629182 329
stats: 200 45 374
stats: connect 4 0.86425 0.13617337294787107 20.624 0.506 1.2399375 48
stats: page 45 64.63695555555556 20.848705669343445 1648.855 50.83 91.21461398176294 329
stats: size_rcv 11557 96011
stats: size_sent 2852 23250
stats: connected 1 10
# stats: dump at 1517144591
stats: users 10 10
stats: {freemem,"tsung_controller@jarvis"} 1 5456.93359375 0.0 5459.8515625 5456.93359375 5458.441840277777 9
stats: {load,"tsung_controller@jarvis"} 1 0.01953125 0.0 0.109375 0.01953125 0.062065972222222224 9
stats: {cpu,"tsung_controller@jarvis"} 1 0.5744973148495066 0.0 1.9300861736459038 0.45011252813203295 0.7083784942710852 9
stats: users_count 0 10
stats: finish_users_count 0 0
stats: connect 5 0.7536000000000002 0.10317286464957728 20.624 0.506 1.2110384615384615 52
stats: tr_busyWait 50 67.02343999999998 24.352641269611794 1649.131 50.888 88.21380213903745 374
stats: request 50 66.82076000000002 24.367242881836262 1648.855 50.83 88.01676737967917 374
stats: 200 50 424
stats: page 50 66.82076000000002 24.367242881836262 1648.855 50.83 88.01676737967917 374
stats: size_rcv 12841 108852
stats: size_sent 3038 26288
stats: connected 0 10
# stats: dump at 1517144601
stats: users 10 10
stats: {freemem,"tsung_controller@jarvis"} 1 5457.6953125 0.0 5459.8515625 5456.93359375 5458.291015625 10
stats: {load,"tsung_controller@jarvis"} 1 0.01953125 0.0 0.109375 0.01953125 0.0578125 10
stats: {cpu,"tsung_controller@jarvis"} 1 0.5123719070232442 0.0 1.9300861736459038 0.45011252813203295 0.6949903763289274 10
stats: users_count 0 10
stats: finish_users_count 0 0
stats: request 51 58.02425490196079 13.205786532979886 1648.855 50.798 85.5172382075472 424
stats: connect 3 0.7676666666666666 0.07208482657412875 20.624 0.506 1.1709122807017542 57
stats: page 51 58.02425490196079 13.205786532979886 1648.855 50.798 85.5172382075472 424
stats: tr_busyWait 51 58.181490196078435 13.188846390516836 1649.131 50.846 85.7149386792453 424
stats: 200 51 475
stats: size_rcv 13101 121953
stats: size_sent 3162 29450
stats: connected 0 10
# stats: dump at 1517144611
stats: users 10 10
stats: {freemem,"tsung_controller@jarvis"} 1 5457.44921875 0.0 5459.8515625 5456.93359375 5458.236860795455 11
stats: {load,"tsung_controller@jarvis"} 1 0.01953125 0.0 0.109375 0.01953125 0.05433238636363636 11
stats: {cpu,"tsung_controller@jarvis"} 1 0.561307222152925 0.0 1.9300861736459038 0.45011252813203295 0.6783886973011379 11
stats: users_count 0 10
stats: finish_users_count 0 0
stats: request 33 58.1522121212121 10.201944219809059 1648.855 50.768 82.56536000000003 475
stats: page 33 58.1522121212121 10.201944219809059 1648.855 50.768 82.56536000000003 475
stats: 200 33 508
stats: connect 4 0.6972499999999999 0.09122054319066518 20.624 0.506 1.1507499999999997 60
stats: tr_busyWait 33 58.32672727272727 10.184186161599007 1649.131 50.833 82.7587157894737 475
stats: size_rcv 8470 130423
stats: size_sent 2046 31496
stats: connected -4 6
# stats: dump at 1517144621
stats: users 10 10
stats: {freemem,"tsung_controller@jarvis"} 1 5457.87109375 0.0 5459.8515625 5456.93359375 5458.171223958334 12
stats: {load,"tsung_controller@jarvis"} 1 0.01171875 0.0 0.109375 0.01171875 0.051432291666666664 12
stats: {cpu,"tsung_controller@jarvis"} 1 0.4747626186906547 0.0 1.9300861736459038 0.45011252813203295 0.6686319077054536 12
stats: users_count 0 10
stats: finish_users_count 0 0
stats: 200 57 565
stats: request 57 78.0674561403509 72.22960745928054 1648.855 50.752 80.97946653543309 508
stats: connect 6 0.8038333333333334 0.15812380873508233 20.624 0.506 1.1224062499999998 64
stats: page 57 78.0674561403509 72.22960745928054 1648.855 50.752 80.97946653543309 508
stats: tr_busyWait 57 78.26121052631579 72.22587379387677 1649.131 50.833 81.17159842519686 508
stats: size_rcv 14633 145056
stats: size_sent 3534 35030
stats: connected 4 10
# stats: dump at 1517144631
stats: users 10 10
stats: {freemem,"tsung_controller@jarvis"} 1 5458.7421875 0.0 5459.8515625 5456.93359375 5458.1481370192305 13
stats: {load,"tsung_controller@jarvis"} 1 0.01171875 0.0 0.109375 0.01171875 0.04837740384615385 13
stats: {cpu,"tsung_controller@jarvis"} 1 0.44949431889124736 0.0 1.9300861736459038 0.44949431889124736 0.653718885473546 13
stats: users_count 0 10
stats: finish_users_count 0 0
stats: request 48 63.36127083333335 20.048104633750693 1648.855 50.752 80.68568849557523 565
stats: connect 3 0.7799999999999999 0.18227634697531842 20.624 0.506 1.0950999999999997 70
stats: page 48 63.36127083333335 20.048104633750693 1648.855 50.752 80.68568849557523 565
stats: tr_busyWait 48 63.573124999999976 20.032537402337265 1649.131 50.833 80.87798407079647 565
stats: 200 48 613
stats: size_rcv 12323 157379
stats: size_sent 2976 38006
stats: connected -1 9
# stats: dump at 1517144641
stats: users 10 10
stats: {freemem,"tsung_controller@jarvis"} 1 5458.62109375 0.0 5459.8515625 5456.93359375 5458.190569196428 14
stats: {load,"tsung_controller@jarvis"} 1 0.01171875 0.0 0.109375 0.01171875 0.04575892857142857 14
stats: {cpu,"tsung_controller@jarvis"} 1 0.4745254745254745 0.0 1.9300861736459038 0.44949431889124736 0.6391314164319531 14
stats: users_count 0 10
stats: finish_users_count 0 0
stats: connect 7 0.7888571428571429 0.09226890603235827 20.624 0.506 1.0821506849315066 73
stats: request 47 63.34308510638296 20.299211372198243 1648.855 50.747 79.32912724306689 613
stats: page 47 63.34308510638296 20.299211372198243 1648.855 50.747 79.32912724306689 613
stats: tr_busyWait 47 63.57908510638298 20.303446725345115 1649.131 50.833 79.52295432300166 613
stats: 200 47 660
stats: size_rcv 12070 169449
stats: size_sent 2914 40920
stats: connected 1 10
# stats: dump at 1517144651
stats: users 10 10
stats: {freemem,"tsung_controller@jarvis"} 1 5457.8046875 0.0 5459.8515625 5456.93359375 5458.219270833333 15
stats: {load,"tsung_controller@jarvis"} 1 0.08984375 0.0 0.109375 0.01171875 0.04348958333333333 15
stats: {cpu,"tsung_controller@jarvis"} 1 0.4745847383539403 0.0 1.9300861736459038 0.44949431889124736 0.6281576869715213 15
stats: users_count 0 10
stats: finish_users_count 0 0
stats: connect 2 0.522 0.07399999999999997 20.624 0.448 1.0564874999999998 80
stats: request 47 67.03819148936171 24.234652340599293 1648.855 50.747 78.19072727272729 660
stats: page 47 67.03819148936171 24.234652340599293 1648.855 50.747 78.19072727272729 660
stats: tr_busyWait 47 67.22597872340422 24.220635959366184 1649.131 50.833 78.3875575757576 660
stats: 200 47 707
stats: size_rcv 12069 181518
stats: size_sent 2914 43834
stats: connected -1 9
# stats: dump at 1517144661
stats: users 10 10
stats: {freemem,"tsung_controller@jarvis"} 1 5457.8515625 0.0 5459.8515625 5456.93359375 5458.193359375 16
stats: {load,"tsung_controller@jarvis"} 1 0.0703125 0.0 0.109375 0.01171875 0.04638671875 16
stats: {cpu,"tsung_controller@jarvis"} 1 0.4618649357133941 0.0 1.9300861736459038 0.44949431889124736 0.6185593776829225 16
stats: users_count 0 10
stats: finish_users_count 0 0
stats: connect 8 0.805375 0.13560691123611657 20.624 0.448 1.0434512195121948 82
stats: request 47 68.06436170212763 26.47291224920821 1648.855 50.747 77.44932814710045 707
stats: page 47 68.06436170212763 26.47291224920821 1648.855 50.747 77.44932814710045 707
stats: tr_busyWait 47 68.29278723404256 26.478249184370632 1649.131 50.833 77.64555728429988 707
stats: 200 47 754
stats: size_rcv 12070 193588
stats: size_sent 2914 46748
stats: connected 1 10
# stats: dump at 1517144671
stats: users 10 10
stats: {freemem,"tsung_controller@jarvis"} 1 5457.859375 0.0 5459.8515625 5456.93359375 5458.17325367647 17
stats: {load,"tsung_controller@jarvis"} 1 0.05859375 0.0 0.109375 0.01171875 0.04779411764705882 17
stats: {cpu,"tsung_controller@jarvis"} 1 0.42462845010615713 0.0 1.9300861736459038 0.42462845010615713 0.6093420575670678 17
stats: users_count 0 10
stats: finish_users_count 0 0
stats: connect 3 0.8150000000000001 0.032072833779799775 20.624 0.448 1.0222888888888886 90
stats: page 44 66.78979545454547 18.955596227619026 1648.855 50.747 76.86432360742708 754
stats: request 44 66.78979545454547 18.955596227619026 1648.855 50.747 76.86432360742708 754
stats: tr_busyWait 44 67.01650000000005 18.970608305409524 1649.131 50.831 77.06255968169764 754
stats: 200 44 798
stats: size_rcv 11300 204888
stats: size_sent 2790 49538
stats: connected 0 10
# stats: dump at 1517144672
stats: users 10 10
stats: {freemem,"tsung_controller@jarvis"} 0 0 0 5459.8515625 5456.93359375 5458.155815972223 18
stats: {load,"tsung_controller@jarvis"} 0 0 0 0.109375 0.01171875 0.048394097222222224 18
stats: {cpu,"tsung_controller@jarvis"} 0 0 0 1.9300861736459038 0.42462845010615713 0.5990801904859061 18
stats: users_count 0 10
stats: finish_users_count 0 0
stats: connect 0 0 0 20.624 0.448 1.015602150537634 93
stats: tr_busyWait 6 67.51566666666666 22.853746685293324 1649.131 50.831 76.50864160401005 798
stats: 200 6 804
stats: request 6 67.27850000000001 22.83024512753495 1648.855 50.747 76.30883583959903 798
stats: page 6 67.27850000000001 22.83024512753495 1648.855 50.747 76.30883583959903 798
stats: size_rcv 1540 206428
stats: size_sent 310 49848
stats: connected 0 10
stats: error_abort 1 1
EndMonitor:{1517,144672,919527}
