# stats: dump at 1517250239
stats: users 30 30
stats: {freemem,"tsung_controller@jarvis"} 1 3095.07421875 0 3095.07421875 3095.07421875 0 0
stats: {load,"tsung_controller@jarvis"} 1 0.1796875 0 0.1796875 0.1796875 0 0
stats: {cpu,"tsung_controller@jarvis"} 1 1.8874185905307939 0 1.8874185905307939 1.8874185905307939 0 0
stats: users_count 30 30
stats: finish_users_count 0 0
stats: request 121 267.6039338842977 263.46452947368283 853.559 50.9 0 0
stats: page 121 267.6039338842977 263.46452947368283 853.559 50.9 0 0
stats: connect 34 1.559676470588235 2.931574117618968 13.928 0.572 0 0
stats: tr_loopTransaction 121 267.82125619834676 263.4530419057267 853.687 51.067 0 0
stats: 200 121 121
stats: size_rcv 30989 30989
stats: size_sent 18876 18876
stats: connected 29 29
# stats: dump at 1517250249
stats: users 30 30
stats: {freemem,"tsung_controller@jarvis"} 1 3102.08984375 0.0 3102.08984375 3095.07421875 3095.07421875 1
stats: {load,"tsung_controller@jarvis"} 1 0.21875 0.0 0.21875 0.1796875 0.1796875 1
stats: {cpu,"tsung_controller@jarvis"} 1 1.2828496699464442 0.0 1.8874185905307939 1.2828496699464442 1.8874185905307939 1
stats: users_count 0 30
stats: finish_users_count 0 0
stats: request 145 164.56448275862073 91.22592796470812 853.559 50.898 267.6039338842977 121
stats: connect 12 0.77775 0.14237282336644635 13.928 0.572 1.559676470588235 34
stats: tr_loopTransaction 145 164.73116551724132 91.21036580761428 853.687 51.067 267.82125619834676 121
stats: page 145 164.56448275862073 91.22592796470812 853.559 50.898 267.6039338842977 121
stats: 200 145 266
stats: size_rcv 37154 68143
stats: size_sent 22620 41496
stats: connected -2 27
# stats: dump at 1517250259
stats: users 30 30
stats: {freemem,"tsung_controller@jarvis"} 1 3102.3984375 0.0 3102.3984375 3095.07421875 3098.58203125 2
stats: {load,"tsung_controller@jarvis"} 1 0.19140625 0.0 0.21875 0.1796875 0.19921875 2
stats: {cpu,"tsung_controller@jarvis"} 1 0.9982530571499875 0.0 1.8874185905307939 0.9982530571499875 1.585134130238619 2
stats: users_count 0 30
stats: finish_users_count 0 0
stats: connect 10 0.8375 0.1336602035012666 13.928 0.572 1.355695652173913 46
stats: tr_loopTransaction 133 133.19774436090216 71.13652244609743 853.687 51.067 211.62553007518778 266
stats: request 133 133.02006015037588 71.14565862319859 853.559 50.898 211.43581203007528 266
stats: 200 133 399
stats: page 133 133.02006015037588 71.14565862319859 853.559 50.898 211.43581203007528 266
stats: size_rcv 34089 102232
stats: size_sent 20748 62244
stats: connected 0 27
# stats: dump at 1517250269
stats: users 30 30
stats: {freemem,"tsung_controller@jarvis"} 1 3101.359375 0.0 3102.3984375 3095.07421875 3099.8541666666665 3
stats: {load,"tsung_controller@jarvis"} 1 0.16015625 0.0 0.21875 0.16015625 0.19661458333333334 3
stats: {cpu,"tsung_controller@jarvis"} 1 1.1965598903153434 0.0 1.8874185905307939 0.9982530571499875 1.389507105875742 3
stats: users_count 0 30
stats: finish_users_count 0 0
stats: request 135 145.27791111111117 84.08809464739429 853.559 50.883 185.2972280701755 399
stats: page 135 145.27791111111117 84.08809464739429 853.559 50.883 185.2972280701755 399
stats: tr_loopTransaction 135 145.45938518518514 84.08971430693533 853.687 51.045 185.48293483709256 399
stats: connect 14 0.8859999999999999 0.16416759729008648 13.928 0.477 1.2631607142857142 56
stats: 200 135 534
stats: size_rcv 34592 136824
stats: size_sent 21060 83304
stats: connected 1 28
# stats: dump at 1517250279
stats: users 30 30
stats: {freemem,"tsung_controller@jarvis"} 1 3100.73046875 0.0 3102.3984375 3095.07421875 3100.23046875 4
stats: {load,"tsung_controller@jarvis"} 1 0.12890625 0.0 0.21875 0.12890625 0.1875 4
stats: {cpu,"tsung_controller@jarvis"} 1 0.911247035326426 0.0 1.8874185905307939 0.911247035326426 1.3412703019856425 4
stats: users_count 0 30
stats: finish_users_count 0 0
stats: connect 11 0.799090909090909 0.16191493532405138 13.928 0.477 1.1877285714285712 70
stats: tr_loopTransaction 137 132.7684452554744 68.05927225458441 853.687 50.94 175.3646217228463 534
stats: request 137 132.59337226277367 68.06166396924837 853.559 50.863 175.17998501872665 534
stats: page 137 132.59337226277367 68.06166396924837 853.559 50.863 175.17998501872665 534
stats: 200 137 671
stats: size_rcv 35108 171932
stats: size_sent 22464 105768
stats: connected 1 29
# stats: dump at 1517250289
stats: users 30 30
stats: {freemem,"tsung_controller@jarvis"} 1 3100.76171875 0.0 3102.3984375 3095.07421875 3100.33046875 5
stats: {load,"tsung_controller@jarvis"} 1 0.109375 0.0 0.21875 0.109375 0.17578125 5
stats: {cpu,"tsung_controller@jarvis"} 1 1.0587942202291978 0.0 1.8874185905307939 0.911247035326426 1.2552656486537992 5
stats: users_count 0 30
stats: finish_users_count 0 0
stats: request 124 130.181064516129 84.89944644788403 853.559 50.863 166.48495380029811 671
stats: connect 11 0.7609090909090909 0.10461136262415596 13.928 0.477 1.1349506172839503 81
stats: tr_loopTransaction 124 130.35190322580647 84.89137998437725 853.687 50.94 166.66763785394923 671
stats: page 124 130.181064516129 84.89944644788403 853.559 50.863 166.48495380029811 671
stats: 200 124 795
stats: size_rcv 31803 203735
stats: size_sent 18408 124176
stats: connected -4 25
# stats: dump at 1517250299
stats: users 30 30
stats: {freemem,"tsung_controller@jarvis"} 1 3100.53515625 0.0 3102.3984375 3095.07421875 3100.40234375 6
stats: {load,"tsung_controller@jarvis"} 1 0.1015625 0.0 0.21875 0.1015625 0.16471354166666666 6
stats: {cpu,"tsung_controller@jarvis"} 1 1.0101010101010102 0.0 1.8874185905307939 0.911247035326426 1.222520410583032 6
stats: users_count 0 30
stats: finish_users_count 0 0
stats: connect 12 0.8483333333333335 0.10355943006581082 13.928 0.477 1.090228260869565 92
stats: tr_loopTransaction 122 134.96716393442622 79.12255771968115 853.687 50.94 161.0032968553458 795
stats: request 122 134.79309016393447 79.12185332204258 853.559 50.863 160.82246037735854 795
stats: 200 122 917
stats: page 122 134.79309016393447 79.12185332204258 853.559 50.863 160.82246037735854 795
stats: size_rcv 31274 235009
stats: size_sent 19032 143208
stats: connected 1 26
# stats: dump at 1517250309
stats: users 30 30
stats: {freemem,"tsung_controller@jarvis"} 1 3096.3125 0.0 3102.3984375 3095.07421875 3100.421316964286 7
stats: {load,"tsung_controller@jarvis"} 1 0.078125 0.0 0.21875 0.078125 0.15569196428571427 7
stats: {cpu,"tsung_controller@jarvis"} 1 1.0482965181579933 0.0 1.8874185905307939 0.911247035326426 1.1921747819427433 7
stats: users_count 0 30
stats: finish_users_count 0 0
stats: connect 12 0.73175 0.09221634435753058 13.928 0.477 1.0623173076923076 104
stats: tr_loopTransaction 131 138.63416793893123 126.56553728249008 1132.298 50.94 157.5393838604143 917
stats: 200 131 1048
stats: request 131 138.471320610687 126.565401081376 1132.155 50.863 157.35944711014182 917
stats: page 131 138.471320610687 126.565401081376 1132.155 50.863 157.35944711014182 917
stats: size_rcv 33567 268576
stats: size_sent 20436 163644
stats: connected 2 28
# stats: dump at 1517250319
stats: users 30 30
stats: {freemem,"tsung_controller@jarvis"} 1 3095.91796875 0.0 3102.3984375 3095.07421875 3099.90771484375 8
stats: {load,"tsung_controller@jarvis"} 1 0.0703125 0.0 0.21875 0.0703125 0.14599609375 8
stats: {cpu,"tsung_controller@jarvis"} 1 0.9355120369215417 0.0 1.8874185905307939 0.911247035326426 1.1741899989696496 8
stats: users_count 0 30
stats: finish_users_count 0 0
stats: tr_loopTransaction 131 157.98286259541982 104.85162929920868 1132.298 50.94 155.17623187022892 1048
stats: 200 131 1179
stats: request 131 157.79616030534348 104.84703366295525 1132.155 50.863 154.99843129770994 1048
stats: connect 13 0.9109999999999998 0.11359712889112861 13.928 0.477 1.0281206896551724 116
stats: page 131 157.79616030534348 104.84703366295525 1132.155 50.863 154.99843129770994 1048
stats: size_rcv 33572 302148
stats: size_sent 20280 183924
stats: connected 1 29
# stats: dump at 1517250329
stats: users 30 30
stats: {freemem,"tsung_controller@jarvis"} 1 3094.6796875 0.0 3102.3984375 3094.6796875 3099.464409722222 9
stats: {load,"tsung_controller@jarvis"} 1 0.05859375 0.0 0.21875 0.05859375 0.13758680555555555 9
stats: {cpu,"tsung_controller@jarvis"} 1 0.9605788423153693 0.0 1.8874185905307939 0.911247035326426 1.1476702254087487 9
stats: users_count 0 30
stats: finish_users_count 0 0
stats: request 134 154.5386417910447 93.29120592103011 1132.155 50.863 155.30929007633588 1179
stats: connect 11 0.8682727272727271 0.14245962165348075 13.928 0.477 1.0163178294573643 129
stats: page 134 154.5386417910447 93.29120592103011 1132.155 50.863 155.30929007633588 1179
stats: tr_loopTransaction 134 154.69864925373125 93.29084091461542 1132.298 50.94 155.48807972858347 1179
stats: 200 134 1313
stats: size_rcv 34337 336485
stats: size_sent 21216 205140
stats: connected -1 28
# stats: dump at 1517250339
stats: users 30 30
stats: {freemem,"tsung_controller@jarvis"} 1 3094.23828125 0.0 3102.3984375 3094.23828125 3098.9859375 10
stats: {load,"tsung_controller@jarvis"} 1 0.12890625 0.0 0.21875 0.05859375 0.1296875 10
stats: {cpu,"tsung_controller@jarvis"} 1 0.9608185675068629 0.0 1.8874185905307939 0.911247035326426 1.128961087099411 10
stats: users_count 0 30
stats: finish_users_count 0 0
stats: connect 13 0.8505384615384616 0.11922029730687987 13.928 0.477 1.0046857142857142 140
stats: tr_loopTransaction 145 152.6874620689655 88.52977097474985 1132.298 50.889 155.40751332825582 1313
stats: request 145 152.53691034482762 88.53169732356858 1132.155 50.822 155.23064051789794 1313
stats: 200 145 1458
stats: page 145 152.53691034482762 88.53169732356858 1132.155 50.822 155.23064051789794 1313
stats: size_rcv 37153 373638
stats: size_sent 22464 227604
stats: connected 1 29
# stats: dump at 1517250349
stats: users 30 30
stats: {freemem,"tsung_controller@jarvis"} 1 3093.28125 0.0 3102.3984375 3093.28125 3098.5543323863635 11
stats: {load,"tsung_controller@jarvis"} 1 0.109375 0.0 0.21875 0.05859375 0.12961647727272727 11
stats: {cpu,"tsung_controller@jarvis"} 1 0.8975317875841435 0.0 1.8874185905307939 0.8975317875841435 1.1136754035000882 11
stats: users_count 0 30
stats: finish_users_count 0 0
stats: connect 10 0.9059000000000001 0.15595669270666138 13.928 0.477 0.9915882352941174 153
stats: tr_loopTransaction 146 188.6317671232877 124.53761833096262 1132.298 50.889 155.137000685871 1458
stats: request 146 188.45788356164394 124.52087521169472 1132.155 50.822 154.96274554183816 1458
stats: page 146 188.45788356164394 124.52087521169472 1132.155 50.822 154.96274554183816 1458
stats: 200 146 1604
stats: size_rcv 37402 411040
stats: size_sent 23088 250692
stats: connected 0 29
# stats: dump at 1517250350
stats: users 30 30
stats: {freemem,"tsung_controller@jarvis"} 0 0 0 3102.3984375 3093.28125 3098.1149088541665 12
stats: {load,"tsung_controller@jarvis"} 0 0 0 0.21875 0.05859375 0.1279296875 12
stats: {cpu,"tsung_controller@jarvis"} 0 0 0 1.8874185905307939 0.8975317875841435 1.0956634355070927 12
stats: users_count 0 30
stats: finish_users_count 0 0
stats: connect 1 0.906 0.0 13.928 0.477 0.9863312883435581 163
stats: tr_loopTransaction 15 148.18353333333334 68.7434710740995 1132.298 50.889 158.18577618453858 1604
stats: 200 15 1619
stats: request 15 148.0186666666667 68.74336597972362 1132.155 50.822 158.01155486284293 1604
stats: page 15 148.0186666666667 68.74336597972362 1132.155 50.822 158.01155486284293 1604
stats: size_rcv 3842 414882
stats: size_sent 2964 253656
stats: connected -2 27
stats: error_abort 1 1
EndMonitor:{1517,250350,221441}
