# stats: dump at 1517240451
stats: users 10 10
stats: {freemem,"tsung_controller@jarvis"} 1 3956.00390625 0 3956.00390625 3956.00390625 0 0
stats: {load,"tsung_controller@jarvis"} 1 0.08984375 0 0.08984375 0.08984375 0 0
stats: {cpu,"tsung_controller@jarvis"} 1 1.8566906794210776 0 1.8566906794210776 1.8566906794210776 0 0
stats: users_count 10 10
stats: finish_users_count 0 0
stats: request 54 80.34037037037044 39.403684104077584 193.779 50.882 0 0
stats: connect 10 1.9631999999999998 3.858634546053824 13.519 0.373 0 0
stats: page 54 80.34037037037044 39.403684104077584 193.779 50.882 0 0
stats: tr_loopTransaction 54 80.54414814814812 39.39613561675317 193.936 50.984 0 0
stats: 200 54 54
stats: size_rcv 13860 13860
stats: size_sent 8580 8580
stats: connected 10 10
# stats: dump at 1517240461
stats: users 10 10
stats: {freemem,"tsung_controller@jarvis"} 1 3986.7578125 0.0 3986.7578125 3956.00390625 3956.00390625 1
stats: {load,"tsung_controller@jarvis"} 1 0.0703125 0.0 0.08984375 0.0703125 0.08984375 1
stats: {cpu,"tsung_controller@jarvis"} 1 2.111180512179888 0.0 2.111180512179888 1.8566906794210776 1.8566906794210776 1
stats: users_count 0 10
stats: finish_users_count 0 0
stats: request 53 65.28130188679248 22.4103743795902 193.779 50.88 80.34037037037044 54
stats: connect 3 0.9523333333333333 0.026948510575210315 13.519 0.373 1.9631999999999998 10
stats: page 53 65.28130188679248 22.4103743795902 193.779 50.88 80.34037037037044 54
stats: tr_loopTransaction 53 65.46371698113207 22.400370202784305 193.936 50.984 80.54414814814812 54
stats: 200 53 107
stats: size_rcv 13606 27466
stats: size_sent 8112 16692
stats: connected 0 10
# stats: dump at 1517240471
stats: users 10 10
stats: {freemem,"tsung_controller@jarvis"} 1 3987.0 0.0 3987.0 3956.00390625 3971.380859375 2
stats: {load,"tsung_controller@jarvis"} 1 0.05859375 0.0 0.08984375 0.05859375 0.080078125 2
stats: {cpu,"tsung_controller@jarvis"} 1 0.960339236717386 0.0 2.111180512179888 0.960339236717386 1.9839355958004827 2
stats: users_count 0 10
stats: finish_users_count 0 0
stats: request 49 75.29663265306122 31.811837845203883 193.779 50.88 72.88120560747669 107
stats: connect 2 1.0354999999999999 0.07350000000000007 13.519 0.373 1.7299230769230767 13
stats: page 49 75.29663265306122 31.811837845203883 193.779 50.88 72.88120560747669 107
stats: tr_loopTransaction 49 75.48279591836736 31.80145673661186 193.936 50.984 73.07440186915886 107
stats: 200 49 156
stats: size_rcv 12581 40047
stats: size_sent 7800 24492
stats: connected 0 10
# stats: dump at 1517240481
stats: users 10 10
stats: {freemem,"tsung_controller@jarvis"} 1 3986.29296875 0.0 3987.0 3956.00390625 3976.5872395833335 3
stats: {load,"tsung_controller@jarvis"} 1 0.05078125 0.0 0.08984375 0.05078125 0.07291666666666667 3
stats: {cpu,"tsung_controller@jarvis"} 1 1.0360753963300462 0.0 2.111180512179888 0.960339236717386 1.6427368094394506 3
stats: users_count 0 10
stats: finish_users_count 0 0
stats: request 61 70.24909836065574 28.608191077235848 193.779 50.803 73.63989743589747 156
stats: connect 6 0.8938333333333334 0.11730077673324339 13.519 0.373 1.637333333333333 15
stats: page 61 70.24909836065574 28.608191077235848 193.779 50.803 73.63989743589747 156
stats: tr_loopTransaction 61 70.43883606557378 28.60888956949142 193.936 50.928 73.8308846153846 156
stats: 200 61 217
stats: size_rcv 15658 55705
stats: size_sent 9360 33852
stats: connected 0 10
# stats: dump at 1517240491
stats: users 10 10
stats: {freemem,"tsung_controller@jarvis"} 1 3982.03125 0.0 3987.0 3956.00390625 3979.013671875 4
stats: {load,"tsung_controller@jarvis"} 1 0.0390625 0.0 0.08984375 0.0390625 0.0673828125 4
stats: {cpu,"tsung_controller@jarvis"} 1 0.9867599300524607 0.0 2.111180512179888 0.960339236717386 1.4910714561620995 4
stats: users_count 0 10
stats: finish_users_count 0 0
stats: request 45 61.800111111111114 17.787924967013403 193.779 50.803 72.68672350230416 217
stats: connect 6 0.8621666666666666 0.1638377415480192 13.519 0.373 1.4249047619047617 21
stats: page 45 61.800111111111114 17.787924967013403 193.779 50.803 72.68672350230416 217
stats: tr_loopTransaction 45 61.992599999999996 17.77647419409522 193.936 50.928 72.87735944700461 217
stats: 200 45 262
stats: size_rcv 11562 67267
stats: size_sent 7020 40872
stats: connected 0 10
# stats: dump at 1517240501
stats: users 10 10
stats: {freemem,"tsung_controller@jarvis"} 1 3979.2578125 0.0 3987.0 3956.00390625 3979.6171875 5
stats: {load,"tsung_controller@jarvis"} 1 0.0390625 0.0 0.08984375 0.0390625 0.06171875 5
stats: {cpu,"tsung_controller@jarvis"} 1 1.2866958151155528 0.0 2.111180512179888 0.960339236717386 1.3902091509401717 5
stats: users_count 0 10
stats: finish_users_count 0 0
stats: request 40 60.563625 15.573658444128503 193.779 50.803 70.81688549618322 262
stats: connect 2 0.8434999999999999 0.028500000000000053 13.519 0.373 1.2998518518518518 27
stats: page 40 60.563625 15.573658444128503 193.779 50.803 70.81688549618322 262
stats: tr_loopTransaction 40 60.75527499999998 15.551771908672498 193.936 50.928 71.00783969465648 262
stats: 200 40 302
stats: size_rcv 10271 77538
stats: size_sent 6240 47112
stats: connected -2 8
# stats: dump at 1517240511
stats: users 10 10
stats: {freemem,"tsung_controller@jarvis"} 1 3972.19921875 0.0 3987.0 3956.00390625 3979.5572916666665 6
stats: {load,"tsung_controller@jarvis"} 1 0.03125 0.0 0.08984375 0.03125 0.057942708333333336 6
stats: {cpu,"tsung_controller@jarvis"} 1 1.2990257307019737 0.0 2.111180512179888 0.960339236717386 1.3729569283027352 6
stats: users_count 0 10
stats: finish_users_count 0 0
stats: request 38 55.79742105263157 11.697700355719002 193.779 50.803 69.45883774834438 302
stats: connect 4 1.0287499999999998 0.1519594929578274 13.519 0.373 1.2683793103448273 29
stats: page 38 55.79742105263157 11.697700355719002 193.779 50.803 69.45883774834438 302
stats: tr_loopTransaction 38 55.98571052631578 11.693622607189049 193.936 50.928 69.64988410596027 302
stats: 200 38 340
stats: size_rcv 9764 87302
stats: size_sent 5928 53040
stats: connected 1 9
# stats: dump at 1517240521
stats: users 10 10
stats: {freemem,"tsung_controller@jarvis"} 1 3972.16796875 0.0 3987.0 3956.00390625 3978.5061383928573 7
stats: {load,"tsung_controller@jarvis"} 1 0.01953125 0.0 0.08984375 0.01953125 0.05412946428571429 7
stats: {cpu,"tsung_controller@jarvis"} 1 0.8729267988527248 0.0 2.111180512179888 0.8729267988527248 1.3623953286454835 7
stats: users_count 0 10
stats: finish_users_count 0 0
stats: request 45 67.96317777777779 29.90354988238679 193.779 50.803 67.93197352941178 340
stats: connect 5 0.9358000000000001 0.04336542401499148 13.519 0.373 1.2393333333333332 33
stats: page 45 67.96317777777779 29.90354988238679 193.779 50.803 67.93197352941178 340
stats: tr_loopTransaction 45 68.15924444444444 29.899895058274073 193.936 50.928 68.12271176470588 340
stats: 200 45 385
stats: size_rcv 11550 98852
stats: size_sent 7020 60060
stats: connected 0 9
# stats: dump at 1517240531
stats: users 10 10
stats: {freemem,"tsung_controller@jarvis"} 1 3972.52734375 0.0 3987.0 3956.00390625 3977.7138671875 8
stats: {load,"tsung_controller@jarvis"} 1 0.01953125 0.0 0.08984375 0.01953125 0.0498046875 8
stats: {cpu,"tsung_controller@jarvis"} 1 0.8742350443362058 0.0 2.111180512179888 0.8729267988527248 1.3012117624213886 8
stats: users_count 0 10
stats: finish_users_count 0 0
stats: request 49 63.29555102040816 24.036502298321043 193.779 50.803 67.93562077922078 385
stats: connect 5 1.0366000000000002 0.08311341648614859 13.519 0.373 1.1993947368421052 38
stats: page 49 63.29555102040816 24.036502298321043 193.779 50.803 67.93562077922078 385
stats: tr_loopTransaction 49 63.476734693877575 24.02942364530475 193.936 50.928 68.12698181818182 385
stats: 200 49 434
stats: size_rcv 12585 111437
stats: size_sent 7644 67704
stats: connected 1 10
# stats: dump at 1517240541
stats: users 10 10
stats: {freemem,"tsung_controller@jarvis"} 1 3964.1640625 0.0 3987.0 3956.00390625 3977.1375868055557 9
stats: {load,"tsung_controller@jarvis"} 1 0.01953125 0.0 0.08984375 0.01953125 0.046440972222222224 9
stats: {cpu,"tsung_controller@jarvis"} 1 0.8118910816887334 0.0 2.111180512179888 0.8118910816887334 1.2537699048563684 9
stats: users_count 0 10
stats: finish_users_count 0 0
stats: request 58 73.90522413793101 33.22531355086376 193.779 50.803 67.41174193548387 434
stats: connect 3 0.9286666666666666 0.10977046759286192 13.519 0.373 1.1804651162790698 43
stats: page 58 73.90522413793101 33.22531355086376 193.779 50.803 67.41174193548387 434
stats: tr_loopTransaction 58 74.07841379310351 33.21902772873657 193.936 50.928 67.6019539170507 434
stats: 200 58 492
stats: size_rcv 14886 126323
stats: size_sent 9048 76752
stats: connected 0 10
# stats: dump at 1517240551
stats: users 10 10
stats: {freemem,"tsung_controller@jarvis"} 1 3963.59765625 0.0 3987.0 3956.00390625 3975.840234375 10
stats: {load,"tsung_controller@jarvis"} 1 0.01171875 0.0 0.08984375 0.01171875 0.04375 10
stats: {cpu,"tsung_controller@jarvis"} 1 0.88650268447996 0.0 2.111180512179888 0.8118910816887334 1.2095820225396048 10
stats: users_count 0 10
stats: finish_users_count 0 0
stats: request 39 65.62712820512822 22.993617723385864 193.779 50.803 68.1772337398374 492
stats: connect 5 0.8666 0.13479258139823566 13.519 0.373 1.1640434782608697 46
stats: page 39 65.62712820512822 22.993617723385864 193.779 50.803 68.1772337398374 492
stats: tr_loopTransaction 39 65.79246153846157 22.99333072742677 193.936 50.928 68.36543902439024 492
stats: 200 39 531
stats: size_rcv 10017 136340
stats: size_sent 6240 82992
stats: connected -1 9
# stats: dump at 1517240561
stats: users 10 10
stats: {freemem,"tsung_controller@jarvis"} 1 3964.69140625 0.0 3987.0 3956.00390625 3974.7272727272725 11
stats: {load,"tsung_controller@jarvis"} 1 0.01171875 0.0 0.08984375 0.01171875 0.040838068181818184 11
stats: {cpu,"tsung_controller@jarvis"} 1 0.8250000000000001 0.0 2.111180512179888 0.8118910816887334 1.1802111736250915 11
stats: users_count 0 10
stats: finish_users_count 0 0
stats: request 47 69.35229787234046 33.73445957229308 193.779 50.803 67.98993785310735 531
stats: connect 5 0.9833999999999999 0.060360914505994706 13.519 0.373 1.1348823529411767 51
stats: page 47 69.35229787234046 33.73445957229308 193.779 50.803 67.98993785310735 531
stats: tr_loopTransaction 47 69.54514893617022 33.726856613393 193.936 50.928 68.17646327683617 531
stats: 200 47 578
stats: size_rcv 12061 148401
stats: size_sent 7176 90168
stats: connected 0 9
# stats: dump at 1517240562
stats: users 10 10
stats: {freemem,"tsung_controller@jarvis"} 0 0 0 3987.0 3956.00390625 3973.8909505208335 12
stats: {load,"tsung_controller@jarvis"} 0 0 0 0.08984375 0.01171875 0.038411458333333336 12
stats: {cpu,"tsung_controller@jarvis"} 0 0 0 2.111180512179888 0.8118910816887334 1.1506102424896671 12
stats: users_count 0 10
stats: finish_users_count 0 0
stats: request 3 51.108666666666664 0.16596452097428196 193.779 50.803 68.10071799307958 578
stats: connect 0 0 0 13.519 0.373 1.1213571428571432 56
stats: page 3 51.108666666666664 0.16596452097428196 193.779 50.803 68.10071799307958 578
stats: tr_loopTransaction 3 51.32566666666667 0.1683930587115274 193.936 50.928 68.28775778546714 578
stats: 200 3 581
stats: size_rcv 771 149172
stats: size_sent 468 90636
stats: connected 0 9
stats: error_abort 1 1
EndMonitor:{1517,240562,281241}
