# stats: dump at 1517242195
stats: users 120 120
stats: {freemem,"tsung_controller@jarvis"} 1 3656.56640625 0 3656.56640625 3656.56640625 0 0
stats: {load,"tsung_controller@jarvis"} 1 0.3984375 0 0.3984375 0.3984375 0 0
stats: {cpu,"tsung_controller@jarvis"} 1 1.867857320653465 0 1.867857320653465 1.867857320653465 0 0
stats: users_count 120 120
stats: finish_users_count 0 0
stats: request 119 5172.270016806721 718.1832221246618 7430.124 3225.832 0 0
stats: connect 120 1.3203416666666665 2.5262367053776305 14.519 0.403 0 0
stats: page 119 5172.270016806721 718.1832221246618 7430.124 3225.832 0 0
stats: tr_loopTransaction 119 5172.514915966386 718.1963399196346 7430.333 3226.034 0 0
stats: 200 119 119
stats: size_rcv 30338 30338
stats: size_sent 32448 32448
stats: connected 120 120
# stats: dump at 1517242205
stats: users 120 120
stats: {freemem,"tsung_controller@jarvis"} 1 3647.8125 0.0 3656.56640625 3647.8125 3656.56640625 1
stats: {load,"tsung_controller@jarvis"} 1 0.33984375 0.0 0.3984375 0.33984375 0.3984375 1
stats: {cpu,"tsung_controller@jarvis"} 1 3.914457228614307 0.0 3.914457228614307 1.867857320653465 1.867857320653465 1
stats: users_count 0 120
stats: finish_users_count 0 0
stats: request 276 2819.161851449277 495.5142035616796 8108.666 2301.18 5172.270016806721 119
stats: connect 13 0.7354615384615385 0.09943348405582138 14.519 0.403 1.3203416666666665 120
stats: page 276 2819.161851449277 495.5142035616796 8108.666 2301.18 5172.270016806721 119
stats: tr_loopTransaction 276 2819.3290289855067 495.5209380001294 8108.888 2301.329 5172.514915966386 119
stats: 200 276 395
stats: size_rcv 70346 100684
stats: size_sent 41184 73632
stats: connected -4 116
# stats: dump at 1517242215
stats: users 120 120
stats: {freemem,"tsung_controller@jarvis"} 1 3629.23046875 0.0 3656.56640625 3629.23046875 3652.189453125 2
stats: {load,"tsung_controller@jarvis"} 1 0.2890625 0.0 0.3984375 0.2890625 0.369140625 2
stats: {cpu,"tsung_controller@jarvis"} 1 3.597659653927549 0.0 3.914457228614307 1.867857320653465 2.891157274633886 2
stats: users_count 0 120
stats: finish_users_count 0 0
stats: request 277 2790.378310469314 261.37097375078633 8108.666 2066.702 3528.0729189873427 395
stats: connect 16 0.7436250000000001 0.14011507547369767 14.519 0.403 1.263172932330827 133
stats: page 277 2790.378310469314 261.37097375078633 8108.666 2066.702 3528.0729189873427 395
stats: tr_loopTransaction 277 2790.558992779783 261.3733894876997 8108.888 2066.872 3528.263511392405 395
stats: 200 277 672
stats: size_rcv 70607 171291
stats: size_sent 39936 113568
stats: connected 0 116
# stats: dump at 1517242225
stats: users 120 120
stats: {freemem,"tsung_controller@jarvis"} 1 3649.2890625 0.0 3656.56640625 3629.23046875 3644.5364583333335 3
stats: {load,"tsung_controller@jarvis"} 1 0.23828125 0.0 0.3984375 0.23828125 0.3424479166666667 3
stats: {cpu,"tsung_controller@jarvis"} 1 3.1651090342679127 0.0 3.914457228614307 1.867857320653465 3.1266580677317735 3
stats: users_count 0 120
stats: finish_users_count 0 0
stats: request 246 2672.866662601625 245.26081491627303 8108.666 2063.922 3223.9934449404764 672
stats: connect 24 0.8279166666666665 0.18064143043302358 14.519 0.403 1.2073825503355704 149
stats: page 246 2672.866662601625 245.26081491627303 8108.666 2063.922 3223.9934449404764 672
stats: tr_loopTransaction 246 2673.048772357723 245.25849911183613 8108.888 2064.111 3224.1799523809514 672
stats: 200 246 918
stats: size_rcv 62704 233995
stats: size_sent 40560 154128
stats: connected 2 118
# stats: dump at 1517242235
stats: users 120 120
stats: {freemem,"tsung_controller@jarvis"} 1 3629.6875 0.0 3656.56640625 3629.23046875 3645.724609375 4
stats: {load,"tsung_controller@jarvis"} 1 0.2109375 0.0 0.3984375 0.2109375 0.31640625 4
stats: {cpu,"tsung_controller@jarvis"} 1 3.350772296960638 0.0 3.914457228614307 1.867857320653465 3.1362708093658083 4
stats: users_count 0 120
stats: finish_users_count 0 0
stats: request 258 2863.2609767441863 244.0212189731594 8108.666 2063.922 3076.305875816993 918
stats: connect 17 0.8059411764705882 0.11219860048840669 14.519 0.403 1.1547398843930634 173
stats: page 258 2863.2609767441863 244.0212189731594 8108.666 2063.922 3076.305875816993 918
stats: tr_loopTransaction 258 2863.441003875969 244.0210937910661 8108.888 2064.111 3076.4912047930275 918
stats: 200 258 1176
stats: size_rcv 65765 299760
stats: size_sent 40404 194532
stats: connected -3 115
# stats: dump at 1517242245
stats: users 120 120
stats: {freemem,"tsung_controller@jarvis"} 1 3627.53125 0.0 3656.56640625 3627.53125 3642.5171875 5
stats: {load,"tsung_controller@jarvis"} 1 0.171875 0.0 0.3984375 0.171875 0.2953125 5
stats: {cpu,"tsung_controller@jarvis"} 1 3.753716551040634 0.0 3.914457228614307 1.867857320653465 3.179171106884774 5
stats: users_count 0 120
stats: finish_users_count 0 0
stats: request 256 2740.2616289062503 274.6180082782877 8108.666 2063.922 3029.566433673469 1176
stats: connect 21 0.8457142857142856 0.17674548363789824 14.519 0.403 1.1235315789473683 190
stats: page 256 2740.2616289062503 274.6180082782877 8108.666 2063.922 3029.566433673469 1176
stats: tr_loopTransaction 256 2740.449964843748 274.6090763246363 8108.888 2064.111 3029.750599489795 1176
stats: 200 256 1432
stats: size_rcv 65250 365010
stats: size_sent 41028 235560
stats: connected 0 115
# stats: dump at 1517242255
stats: users 120 120
stats: {freemem,"tsung_controller@jarvis"} 1 3634.17578125 0.0 3656.56640625 3627.53125 3640.01953125 6
stats: {load,"tsung_controller@jarvis"} 1 0.1484375 0.0 0.3984375 0.1484375 0.2747395833333333 6
stats: {cpu,"tsung_controller@jarvis"} 1 2.1494626343414147 0.0 3.914457228614307 1.867857320653465 3.2749286809107505 6
stats: users_count 0 120
stats: finish_users_count 0 0
stats: request 265 2696.907241509434 235.85484169465255 8108.666 2063.922 2977.8471389664805 1432
stats: connect 22 0.8555454545454547 0.12203789548285524 14.519 0.403 1.0958815165876776 211
stats: page 265 2696.907241509434 235.85484169465255 8108.666 2063.922 2977.8471389664805 1432
stats: tr_loopTransaction 265 2697.0785056603763 235.85698309182692 8108.888 2064.111 2978.032050279329 1432
stats: 200 265 1697
stats: size_rcv 67547 432557
stats: size_sent 39624 275184
stats: connected 1 116
# stats: dump at 1517242265
stats: users 120 120
stats: {freemem,"tsung_controller@jarvis"} 1 3624.16015625 0.0 3656.56640625 3624.16015625 3639.1847098214284 7
stats: {load,"tsung_controller@jarvis"} 1 0.26953125 0.0 0.3984375 0.1484375 0.25669642857142855 7
stats: {cpu,"tsung_controller@jarvis"} 1 2.8251400124455506 0.0 3.914457228614307 1.867857320653465 3.114147817115131 7
stats: users_count 0 120
stats: finish_users_count 0 0
stats: request 262 2655.8050496183196 228.70383545971845 8108.666 2063.922 2933.9761473187978 1697
stats: connect 23 0.7853478260869566 0.13463496822589271 14.519 0.403 1.0731888412017165 233
stats: page 262 2655.8050496183196 228.70383545971845 8108.666 2063.922 2933.9761473187978 1697
stats: tr_loopTransaction 262 2655.98338167939 228.70157694065935 8108.888 2064.111 2934.1589275191504 1697
stats: 200 262 1959
stats: size_rcv 66784 499341
stats: size_sent 40560 315744
stats: connected 0 116
# stats: dump at 1517242275
stats: users 120 120
stats: {freemem,"tsung_controller@jarvis"} 1 3625.26171875 0.0 3656.56640625 3624.16015625 3637.306640625 8
stats: {load,"tsung_controller@jarvis"} 1 0.23046875 0.0 0.3984375 0.1484375 0.25830078125 8
stats: {cpu,"tsung_controller@jarvis"} 1 3.8975501113585747 0.0 3.914457228614307 1.867857320653465 3.0780218415314335 8
stats: users_count 0 120
stats: finish_users_count 0 0
stats: request 251 2657.9922828685258 272.69622750014076 8108.666 2063.922 2896.7730704441037 1959
stats: connect 14 0.7574285714285713 0.15045583798468395 14.519 0.403 1.0473281249999997 256
stats: page 251 2657.9922828685258 272.69622750014076 8108.666 2063.922 2896.7730704441037 1959
stats: tr_loopTransaction 251 2658.1580916334665 272.69374512108465 8108.888 2064.111 2896.9552557427255 1959
stats: 200 251 2210
stats: size_rcv 63979 563320
stats: size_sent 41028 356772
stats: connected -3 113
# stats: dump at 1517242285
stats: users 120 120
stats: {freemem,"tsung_controller@jarvis"} 1 3628.8984375 0.0 3656.56640625 3624.16015625 3635.968315972222 9
stats: {load,"tsung_controller@jarvis"} 1 0.26953125 0.0 0.3984375 0.1484375 0.2552083333333333 9
stats: {cpu,"tsung_controller@jarvis"} 1 4.858349900596422 0.0 4.858349900596422 1.867857320653465 3.169080538178894 9
stats: users_count 0 120
stats: finish_users_count 0 0
stats: request 267 2518.0567977528103 301.034694863839 8108.666 1973.529 2869.6536235294116 2210
stats: connect 25 0.6749199999999999 0.14482925671286168 14.519 0.403 1.032296296296296 270
stats: page 267 2518.0567977528103 301.034694863839 8108.666 1973.529 2869.6536235294116 2210
stats: tr_loopTransaction 267 2518.2176853932583 301.0336208527319 8108.888 1973.649 2869.833948868778 2210
stats: 200 267 2477
stats: size_rcv 68062 631382
stats: size_sent 39936 396708
stats: connected 4 117
# stats: dump at 1517242295
stats: users 120 120
stats: {freemem,"tsung_controller@jarvis"} 1 3617.9296875 0.0 3656.56640625 3617.9296875 3635.261328125 10
stats: {load,"tsung_controller@jarvis"} 1 0.23046875 0.0 0.3984375 0.1484375 0.256640625 10
stats: {cpu,"tsung_controller@jarvis"} 1 4.357541899441341 0.0 4.858349900596422 1.867857320653465 3.338007474420647 10
stats: users_count 0 120
stats: finish_users_count 0 0
stats: request 249 2510.6947148594395 364.6540872400242 8108.666 1835.256 2831.754409769883 2477
stats: connect 28 0.8681071428571429 0.272361149327993 14.519 0.403 1.002010169491525 295
stats: page 249 2510.6947148594395 364.6540872400242 8108.666 1835.256 2831.754409769883 2477
stats: tr_loopTransaction 249 2510.8700160642593 364.65812623779726 8108.888 1835.441 2831.9326398869594 2477
stats: 200 249 2726
stats: size_rcv 63466 694848
stats: size_sent 40560 437268
stats: connected -5 112
# stats: dump at 1517242305
stats: users 120 120
stats: {freemem,"tsung_controller@jarvis"} 1 3617.83984375 0.0 3656.56640625 3617.83984375 3633.685724431818 11
stats: {load,"tsung_controller@jarvis"} 1 0.26953125 0.0 0.3984375 0.1484375 0.25426136363636365 11
stats: {cpu,"tsung_controller@jarvis"} 1 2.0007502813555083 0.0 4.858349900596422 1.867857320653465 3.430692422149801 11
stats: users_count 0 120
stats: finish_users_count 0 0
stats: request 264 2675.724049242426 256.6689905297228 8108.666 1835.256 2802.427973954512 2726
stats: connect 21 0.8236190476190476 0.12356662987287703 14.519 0.403 0.9904024767801856 323
stats: page 264 2675.724049242426 256.6689905297228 8108.666 1835.256 2802.427973954512 2726
stats: tr_loopTransaction 264 2675.8850530303034 256.6689114193061 8108.888 1835.441 2802.60593653705 2726
stats: 200 264 2990
stats: size_rcv 67293 762141
stats: size_sent 39312 476580
stats: connected 3 115
# stats: dump at 1517242306
stats: users 120 120
stats: {freemem,"tsung_controller@jarvis"} 0 0 0 3656.56640625 3617.83984375 3632.365234375 12
stats: {load,"tsung_controller@jarvis"} 0 0 0 0.3984375 0.1484375 0.2555338541666667 12
stats: {cpu,"tsung_controller@jarvis"} 0 0 0 4.858349900596422 1.867857320653465 3.31153057708361 12
stats: users_count 0 120
stats: finish_users_count 0 0
stats: request 29 2503.335689655173 168.89116051348972 8108.666 1835.256 2791.240737792642 2990
stats: connect 3 0.7303333333333333 0.1733173069514089 14.519 0.403 0.9802209302325579 344
stats: page 29 2503.335689655173 168.89116051348972 8108.666 1835.256 2791.240737792642 2990
stats: tr_loopTransaction 29 2503.5069999999996 168.88314746674945 8108.888 1835.441 2791.417203010033 2990
stats: 200 29 3019
stats: size_rcv 7391 769532
stats: size_sent 3744 480324
stats: connected -4 111
stats: error_abort 1 1
EndMonitor:{1517,242306,381580}
