procs -----------memory---------- ---swap-- -----io---- -system-- ------cpu-----
 r  b   swpd   free   buff  cache   si   so    bi    bo   in   cs us sy id wa st
12  0      0 15429244  27300 601312    0    0   108    34  201  176 41  2 55  2  0
 0  0      0 15426568  27300 601280    0    0     0     0  366  200 72  0 28  0  0
 1  0      0 15420596  27300 601276    0    0     0     0  212  117 51  0 49  0  0
 4  0      0 15408584  27300 601552    0    0     0    56  208  131 56  0 44  0  0
10  0      0 15384084  27300 602336    0    0     0     0  264  173 66  0 34  0  0
 4  0      0 15371320  27308 604024    0    0     0    36  309  268 87  2 11  0  0
 2  0      0 15368652  27308 604036    0    0     0     0  364  246 94  0  6  0  0
 2  0      0 15366724  27308 604040    0    0     0     0  361  250 98  0  2  0  0
 3  0      0 15367216  27308 604044    0    0     0     4  279  153 71  0 29  0  0
 0  0      0 15365376  27308 603872    0    0     0     0  340  223 91  1  8  0  0
 6  0      0 15361028  27316 603796    0    0     0    16  322  262 82  0 18  0  0
 4  0      0 15359100  27316 603792    0    0     0     0  351  253 96  0  4  0  0
 6  0      0 15355036  27316 603792    0    0     0     0  305  150 73  1 26  0  0
 4  0      0 15357904  27316 603652    0    0     0     0  351  298 100  0  0  0  0
 4  0      0 15360952  27316 603472    0    0     0     0  351  239 93  0  7  0  0
 0  0      0 15363876  27324 603452    0    0     0    16  321  212 82  0 18  0  0
 5  0      0 15367184  27324 603312    0    0     0     0  281  174 71  0 29  0  0
 4  0      0 15370096  27324 603284    0    0     0     0  293  165 77  0 23  0  0
 2  0      0 15373088  27324 603280    0    0     0     0  350  248 93  1  6  0  0
 0  0      0 15376144  27324 603208    0    0     0     0  287  192 73  0 27  0  0
 2  0      0 15379184  27332 603148    0    0     0    16  320  244 78  1 20  1  0
procs -----------memory---------- ---swap-- -----io---- -system-- ------cpu-----
 r  b   swpd   free   buff  cache   si   so    bi    bo   in   cs us sy id wa st
 8  0      0 15379192  27332 603104    0    0     0     0  343  280 94  0  6  0  0
 1  0      0 15382248  27332 603092    0    0     0     0  309  209 70  0 30  0  0
 8  0      0 15382248  27332 603096    0    0     0    52  375  297 100  0  0  0  0
 4  0      0 15382248  27332 603100    0    0     0     0  332  186 84  0 16  0  0
 0  1      0 15382248  27340 603100    0    0     0    16  301  175 78  0 20  2  0
 1  0      0 15381868  27340 603104    0    0     0     0  356  251 90  1  8  1  0
 6  0      0 15379696  27340 603104    0    0     0     0  264  154 66  0 34  0  0
 1  0      0 15382120  27340 603108    0    0     0     0  304  164 75  0 25  0  0
 0  0      0 15385340  27340 602928    0    0     0     8  312  206 82  1 17  0  0
 7  0      0 15385396  27340 602876    0    0     0     0  362  268 97  0  3  0  0
10  0      0 15385396  27348 602880    0    0     0    28  332  273 90  0 10  0  0
 4  0      0 15385396  27348 602884    0    0     0     0  302  162 72  0 28  0  0
 7  0      0 15385140  27348 602884    0    0     0     0  366  309 100  0  0  0  0
 2  0      0 15382968  27348 602888    0    0     0    92  189  123 38  0 62  0  0
 2  0      0 15382844  27348 602892    0    0     0     0  312  149 84  0 16  0  0
 4  0      0 15382844  27356 602892    0    0     0    32  328  255 81  0 18  1  0
 3  0      0 15382844  27356 602896    0    0     0     0  315  226 84  0 16  0  0
 7  0      0 15382844  27356 602896    0    0     0     0  298  200 75  0 25  0  0
 4  0      0 15382844  27356 602900    0    0     0     0  349  241 91  0  9  0  0
 1  0      0 15382844  27356 602904    0    0     0     0  302  144 75  1 24  0  0
 0  0      0 15382844  27364 602904    0    0     0    16  296  164 77  0 22  1  0
procs -----------memory---------- ---swap-- -----io---- -system-- ------cpu-----
 r  b   swpd   free   buff  cache   si   so    bi    bo   in   cs us sy id wa st
 7  0      0 15382844  27364 602908    0    0     0     0  356  279 95  0  5  0  0
 9  0      0 15382844  27364 602908    0    0     0     0  348  258 93  1  6  0  0
 7  0      0 15382720  27364 602916    0    0     0     0  373  308 100  0  0  0  0
 0  0      0 15385272  27364 602920    0    0     0     0  236  152 54  0 46  0  0
 2  0      0 15388184  27372 602920    0    0     0    16  246  156 59  0 39  2  0
 0  0      0 15385908  27372 602900    0    0     0     0  331  204 88  0 12  0  0
 0  0      0 15388220  27372 602892    0    0     0     0  291  162 70  1 29  0  0
 2  0      0 15385916  27372 602892    0    0     0     0  295  139 72  0 28  0  0
 9  0      0 15382364  27372 602892    0    0     0     0  331  208 89  0 11  0  0
13  0      0 15379944  27380 602892    0    0     0    16  383  337 100  0  0  0  0
 1  0      0 15382224  27380 602896    0    0     0     0  327  240 82  0 18  0  0
 3  0      0 15385284  27380 602900    0    0     0     0  274  146 69  0 31  0  0
 1  0      0 15385296  27380 602900    0    0     0     0  286  174 72  0 28  0  0
 6  0      0 15382868  27380 602896    0    0     0     0  346  267 92  0  8  0  0
 5  0      0 15382868  27388 602900    0    0     0    16  366  313 95  0  5  0  0
10  0      0 15382744  27388 602900    0    0     0     0  365  308 100  0  0  0  0
 0  0      0 15382620  27388 602912    0    0     0     0  377  287 99  0  1  0  0
 3  0      0 15382620  27388 602912    0    0     0     0  217  160 55  1 44  0  0
 0  0      0 15385172  27388 602912    0    0     0     0  240  139 56  0 44  0  0
 1  0      0 15388228  27396 602876    0    0     0    16  208  129 43  0 55  2  0
 7  0      0 15391400  27396 602736    0    0     0     0  298  171 70  1 29  0  0
procs -----------memory---------- ---swap-- -----io---- -system-- ------cpu-----
 r  b   swpd   free   buff  cache   si   so    bi    bo   in   cs us sy id wa st
14  0      0 15391156  27396 602692    0    0     0     0  359  320 100  0  0  0  0
 3  0      0 15385556  27396 602696    0    0     0   108  352  281 86  0 14  0  0
 1  0      0 15380764  27396 602976    0    0     0     0  357  287 96  0  4  0  0
 4  0      0 15375660  27404 603008    0    0     0    24  236  148 50  0 47  3  0
 5  0      0 15376164  27404 603008    0    0     0     0  311  261 87  0 13  0  0
10  0      0 15376188  27404 603012    0    0     0     0  335  246 80  1 19  0  0
 4  0      0 15379304  27404 602948    0    0     0     0  366  293 99  1  0  0  0
 3  0      0 15382244  27404 602904    0    0     0     8  319  199 83  0 17  0  0
 1  0      0 15382256  27412 602904    0    0     0    24  307  185 78  1 21  0  0
 1  0      0 15382256  27412 602908    0    0     0     0  189  102 43  0 57  0  0
 2  0      0 15385304  27412 602908    0    0     0     0  203  117 47  0 53  0  0
 1  0      0 15385304  27412 602908    0    0     0     0  352  206 89  0 11  0  0
 5  0      0 15388352  27412 602908    0    0     0     0  291  214 69  0 31  0  0
 0  0      0 15391560  27420 602640    0    0     0    16  326  212 77  1 22  0  0
 4  0      0 15391560  27420 602640    0    0     0     0  294  187 80  0 20  0  0
 7  0      0 15391180  27420 602644    0    0     0     0  336  260 89  1 10  0  0
 2  0      0 15389008  27420 602648    0    0     0     0  332  200 87  0 13  0  0
 5  0      0 15389008  27420 602648    0    0     0     0  369  236 98  0  2  0  0
 5  1      0 15388504  27428 602644    0    0     0    16  358  259 97  0  3  0  0
 4  0      0 15384880  27428 602728    0    0     0     0  359  279 94  0  6  0  0
 0  0      0 15382460  27428 602756    0    0     0     0  324  237 91  0  9  0  0
procs -----------memory---------- ---swap-- -----io---- -system-- ------cpu-----
 r  b   swpd   free   buff  cache   si   so    bi    bo   in   cs us sy id wa st
 2  0      0 15379916  27428 602756    0    0     0     0  300  171 76  0 24  0  0
 2  0      0 15379356  27428 602832    0    0     0     0  313  188 85  0 15  0  0
 2  0      0 15379356  27428 602856    0    0     0     0  294  159 79  0 21  0  0
 6  0      0 15379216  27436 602856    0    0     0    16  332  218 86  0 14  0  0
11  0      0 15382152  27436 602860    0    0     0     0  382  304 100  0  0  0  0
 2  0      0 15381908  27436 602868    0    0     0     0  362  267 100  0  0  0  0
 4  0      0 15381908  27436 602872    0    0     0     0  312  214 79  1 20  0  0
 5  0      0 15379860  27436 602872    0    0     0     0  350  292 96  0  4  0  0
 1  0      0 15379860  27444 602876    0    0     0    16  212  135 50  1 49  0  0
 0  0      0 15379860  27444 602876    0    0     0     0  336  245 92  0  8  0  0
 4  0      0 15382152  27444 602880    0    0     0     0  371  292 99  0  1  0  0
 7  0      0 15385076  27444 602884    0    0     0    84  355  269 97  0  3  0  0
 8  0      0 15384708  27444 602892    0    0     0     0  339  241 89  1 10  0  0
 1  0      0 15382660  27452 602892    0    0     0    24  287  217 71  0 29  0  0
 4  0      0 15379612  27452 602896    0    0     0     0  262  130 63  0 37  0  0
 1  0      0 15382164  27452 602900    0    0     0     0  339  257 95  0  5  0  0
 5  0      0 15381784  27452 602900    0    0     0    16  340  237 89  0 11  0  0
 7  0      0 15378540  27452 602976    0    0     0     0  288  191 74  0 26  0  0
 3  0      0 15378400  27460 603004    0    0     0    16  289  179 71  1 28  0  0
 7  0      0 15378904  27460 603008    0    0     0     0  343  231 96  0  4  0  0
 2  0      0 15381976  27460 603012    0    0     0     0  305  187 78  0 22  0  0
procs -----------memory---------- ---swap-- -----io---- -system-- ------cpu-----
 r  b   swpd   free   buff  cache   si   so    bi    bo   in   cs us sy id wa st
 5  0      0 15385032  27460 602872    0    0     0     8  324  174 87  0 13  0  0
 1  0      0 15385060  27460 602860    0    0     0     0  346  243 91  0  9  0  0
 1  0      0 15388108  27468 602792    0    0     0    24  348  251 91  1  8  0  0
 1  0      0 15388108  27468 602788    0    0     0     0  256  118 62  0 38  0  0
11  0      0 15387852  27468 602788    0    0     0     0  301  196 82  0 18  0  0
 4  0      0 15385680  27468 602792    0    0     0     0  350  262 93  0  7  0  0
14  0      0 15385424  27468 602792    0    0     0     0  348  259 96  0  4  0  0
 2  0      0 15385176  27476 602796    0    0     0    16  371  332 100  0  0  0  0
 7  0      0 15382756  27476 602800    0    0     0     0  372  283 100  0  0  0  0
 6  0      0 15382756  27476 602804    0    0     0     0  360  296 100  0  0  0  0
 6  0      0 15382212  27476 602808    0    0     0     0  363  300 100  0  0  0  0
 3  0      0 15378416  27476 603012    0    0     0     0  334  232 89  0 11  0  0
 7  0      0 15378276  27484 603048    0    0     0    16  270  190 71  0 29  0  0
 8  0      0 15378300  27484 603052    0    0     0     0  372  280 100  0  0  0  0
 5  0      0 15378300  27484 603052    0    0     0     0  357  303 98  2  0  0  0
