procs -----------memory---------- ---swap-- -----io---- -system-- ------cpu-----
 r  b   swpd   free   buff  cache   si   so    bi    bo   in   cs us sy id wa st
 2  0      0 15439912  26492 600436    0    0   128    40  213  190 44  2 52  2  0
 0  0      0 15442728  26492 600412    0    0     0     0  111   91 21  0 79  0  0
 0  0      0 15445824  26492 600328    0    0     0     0  164   94 36  0 64  0  0
 0  0      0 15448904  26492 600268    0    0     0     0  119   90 25  0 75  0  0
 0  0      0 15451968  26500 600212    0    0     0    32  113   93 21  0 78  1  0
 0  0      0 15451968  26500 600212    0    0     0     0   81   76 10  0 90  0  0
 1  0      0 15455196  26500 600096    0    0     0     0  129   78 26  0 74  0  0
 0  0      0 15458300  26500 600012    0    0     0     0  166  100 35  0 65  0  0
 0  0      0 15458300  26500 600012    0    0     0     0  109   81 20  0 80  0  0
 0  0      0 15458300  26508 600012    0    0     0    20  134   93 25  0 74  1  0
 0  0      0 15458300  26508 600012    0    0     0     0  151  107 30  0 70  0  0
 0  0      0 15458300  26508 600016    0    0     0     0  117   76 25  0 75  0  0
 0  0      0 15457920  26508 600016    0    0     0     0  161   79 35  0 65  0  0
 0  0      0 15457920  26508 600016    0    0     0     0  144   78 35  1 64  0  0
 0  0      0 15457920  26516 600008    0    0     0    16  115   81 21  0 77  2  0
 0  0      0 15457920  26516 600016    0    0     0     0   67   64 10  0 90  0  0
 0  0      0 15457920  26516 600016    0    0     0     0  105   80 15  0 85  0  0
 0  0      0 15455748  26516 600020    0    0     0     0  102   69 21  0 79  0  0
 1  0      0 15458380  26516 599892    0    0     0     0  138   92 21  0 79  0  0
 1  0      0 15458380  26516 599892    0    0     0     0  105   78 19  0 81  0  0
 1  0      0 15458256  26524 599896    0    0     0    48  125   80 23  0 77  0  0
procs -----------memory---------- ---swap-- -----io---- -system-- ------cpu-----
 r  b   swpd   free   buff  cache   si   so    bi    bo   in   cs us sy id wa st
 0  0      0 15458256  26524 599896    0    0     0     0   94   67 18  0 82  0  0
 0  0      0 15461444  26524 599856    0    0     0     0  207  132 46  0 54  0  0
 0  0      0 15459016  26524 599856    0    0     0     0   90   71 15  0 85  0  0
 0  0      0 15458016  26524 599856    0    0     0     0  118   88 20  0 80  0  0
 0  0      0 15458016  26532 599856    0    0     0    24  107   82 20  0 80  0  0
 0  0      0 15458016  26532 599856    0    0     0     0   60   61  6  0 94  0  0
 1  0      0 15458016  26532 599856    0    0     0     0  180   96 40  0 60  0  0
 1  0      0 15457900  26532 599860    0    0     0     0  112   82 18  0 82  0  0
 0  0      0 15458404  26532 599860    0    0     0     0   82   70 13  1 86  0  0
 2  0      0 15458404  26540 599860    0    0     0    72  135   98 22  0 75  3  0
 0  0      0 15458404  26540 599860    0    0     0     0  137   79 30  0 70  0  0
 2  0      0 15458404  26540 599860    0    0     0     0  127   90 22  0 78  0  0
 0  0      0 15458404  26540 599860    0    0     0     0   75   59 13  0 87  0  0
 0  0      0 15458404  26540 599864    0    0     0     0  106   67 20  1 79  0  0
 0  0      0 15458404  26548 599864    0    0     0    28  135   93 30  0 67  3  0
 0  0      0 15458404  26548 599864    0    0     0     0  232  111 56  0 44  0  0
 2  0      0 15461532  26548 599776    0    0     0     0  117   93 23  0 77  0  0
 2  0      0 15461532  26548 599776    0    0     0     0  142   81 28  0 72  0  0
 0  0      0 15461152  26548 599776    0    0     0     0  160  102 35  0 65  0  0
 1  0      0 15459104  26556 599776    0    0     0    16  129   89 23  0 75  2  0
 0  0      0 15458600  26556 599776    0    0     0     0   81   73 12  0 88  0  0
procs -----------memory---------- ---swap-- -----io---- -system-- ------cpu-----
 r  b   swpd   free   buff  cache   si   so    bi    bo   in   cs us sy id wa st
 0  0      0 15458600  26556 599776    0    0     0     0  132   91 25  0 75  0  0
 0  0      0 15458600  26556 599780    0    0     0     0  102   72 21  0 79  0  0
 1  0      0 15458484  26556 599784    0    0     0     0  172   87 39  0 61  0  0
 0  0      0 15461564  26564 599732    0    0     0    16  114  102 17  0 81  2  0
 2  0      0 15459136  26564 599732    0    0     0     0  163   89 33  0 67  0  0
 0  0      0 15458128  26564 599736    0    0     0     0  178  113 43  0 57  0  0
 0  0      0 15458128  26564 599736    0    0     0     0  169   77 41  0 59  0  0
 0  0      0 15458128  26564 599736    0    0     0     0  138   83 31  0 69  0  0
 0  0      0 15458128  26572 599728    0    0     0    44  131   95 25  0 75  0  0
 0  0      0 15458128  26572 599740    0    0     0     0   88   67 15  0 85  0  0
 2  0      0 15458128  26572 599740    0    0     0     0   98   59 17  0 83  0  0
 0  0      0 15455592  26576 599740    0    0     4     0  150  126 28  1 70  1  0
 0  0      0 15455592  26576 599740    0    0     0     0  109   85 15  0 85  0  0
 0  0      0 15455592  26576 599740    0    0     0     0  121   85 25  0 75  0  0
 0  0      0 15455592  26584 599740    0    0     0    56  125   90 20  1 77  2  0
 0  0      0 15458664  26584 599696    0    0     0     0  126   90 26  0 74  0  0
 0  0      0 15458664  26584 599696    0    0     0     0   88   88 10  0 90  0  0
 1  0      0 15461676  26584 599600    0    0     0     0  160   89 34  0 66  0  0
 0  0      0 15461676  26584 599600    0    0     0     0  107   77 18  0 82  0  0
 1  0      0 15461420  26592 599600    0    0     0    68  178  112 38  0 59  3  0
 0  0      0 15461420  26592 599604    0    0     0     0  137  100 24  0 76  0  0
procs -----------memory---------- ---swap-- -----io---- -system-- ------cpu-----
 r  b   swpd   free   buff  cache   si   so    bi    bo   in   cs us sy id wa st
 0  0      0 15461420  26592 599604    0    0     0     0  101   79 21  0 79  0  0
 2  0      0 15458744  26592 599604    0    0     0     0  157   91 30  0 70  0  0
 0  0      0 15458744  26592 599604    0    0     0     0  128  106 26  0 74  0  0
 0  0      0 15458744  26600 599604    0    0     0    32  180  121 41  0 57  2  0
 3  0      0 15456324  26600 599608    0    0     0     0  108   61 22  1 77  0  0
 0  0      0 15456324  26600 599608    0    0     0     0  171   96 39  0 61  0  0
 0  0      0 15456324  26600 599608    0    0     0     0  174   96 40  0 60  0  0
 2  0      0 15456324  26600 599608    0    0     0     0  127   80 25  1 74  0  0
 0  0      0 15456324  26608 599612    0    0     0    16  112   86 20  0 78  2  0
 0  0      0 15456200  26608 599612    0    0     0     0  103   60 20  0 80  0  0
 1  0      0 15456076  26608 599612    0    0     0     0  179  117 44  0 56  0  0
 1  0      0 15456076  26608 599612    0    0     0     0   69   62  8  0 92  0  0
 0  0      0 15456076  26608 599612    0    0     0     0   68   67  9  0 91  0  0
 2  0      0 15456076  26616 599612    0    0     0    20  130  106 23  0 74  3  0
 1  0      0 15456076  26616 599616    0    0     0     0  150   94 35  0 65  0  0
 0  0      0 15456076  26616 599616    0    0     0     0  143   79 27  0 73  0  0
 0  0      0 15456076  26616 599616    0    0     0     0  129   77 25  0 75  0  0
 0  0      0 15456076  26616 599616    0    0     0     0  160   93 35  0 65  0  0
 0  0      0 15456076  26616 599616    0    0     0    28   73   71 10  0 90  0  0
 0  0      0 15456076  26624 599624    0    0     0    24   96   78 15  0 83  2  0
 1  0      0 15458628  26624 599596    0    0     0     0  139  113 26  0 74  0  0
procs -----------memory---------- ---swap-- -----io---- -system-- ------cpu-----
 r  b   swpd   free   buff  cache   si   so    bi    bo   in   cs us sy id wa st
 0  0      0 15458628  26624 599596    0    0     0     0  123   76 20  0 80  0  0
 0  0      0 15458628  26624 599596    0    0     0     0   93   73 15  0 85  0  0
 0  0      0 15458628  26624 599596    0    0     0     8   95   75 15  0 85  0  0
 1  0      0 15458628  26632 599596    0    0     0    20  135   90 27  0 70  3  0
 2  0      0 15458628  26632 599600    0    0     0     0  131   83 25  0 75  0  0
 0  0      0 15458628  26632 599604    0    0     0     0  205  107 49  1 50  0  0
 1  0      0 15458628  26632 599604    0    0     0     0  116   65 22  0 78  0  0
 1  0      0 15458628  26632 599604    0    0     0    20   71   68  8  0 92  0  0
 1  0      0 15458628  26640 599604    0    0     0    16  109   80 17  0 80  3  0
 0  0      0 15458628  26640 599604    0    0     0     0   48   77  4  0 96  0  0
 0  0      0 15458628  26640 599608    0    0     0     0  162   98 25  0 75  0  0
 0  0      0 15461676  26640 599592    0    0     0     0   78   70 10  0 90  0  0
 0  0      0 15464748  26640 599528    0    0     0     0  154   91 31  0 69  0  0
 0  0      0 15464748  26648 599520    0    0     0    20  158  104 30  0 69  1  0
 0  0      0 15464748  26648 599528    0    0     0     0   76   62 10  0 90  0  0
 3  0      0 15464368  26648 599528    0    0     0     0  123   92 24  0 76  0  0
 0  0      0 15461304  26648 599568    0    0     0     0  133  108 21  1 78  0  0
 0  0      0 15461304  26648 599568    0    0     0     0  150   82 35  0 65  0  0
 0  0      0 15456216  26656 599568    0    0     0    32  162  104 31  0 67  2  0
 0  0      0 15456092  26656 599568    0    0     0     0  148  119 35  0 65  0  0
 0  0      0 15456092  26656 599572    0    0     0     0  144   87 31  0 69  0  0
procs -----------memory---------- ---swap-- -----io---- -system-- ------cpu-----
 r  b   swpd   free   buff  cache   si   so    bi    bo   in   cs us sy id wa st
 0  0      0 15456092  26656 599572    0    0     0     0  110   70 20  1 79  0  0
 0  0      0 15456092  26656 599572    0    0     0     0  168   83 36  0 64  0  0
 0  0      0 15456092  26664 599564    0    0     0    20  122   89 25  0 73  2  0
 0  0      0 15456092  26664 599572    0    0     0     0  101   81 15  0 85  0  0
 0  0      0 15456092  26664 599576    0    0     0     0  158   84 35  1 64  0  0
 0  0      0 15456092  26664 599576    0    0     0     0  118   76 20  0 80  0  0
 0  0      0 15456092  26664 599576    0    0     0     0  128   86 24  0 76  0  0
 1  0      0 15456092  26664 599576    0    0     0    28  104   65 20  0 80  0  0
 0  0      0 15456092  26672 599576    0    0     0    24   63   79  6  0 93  1  0
 2  0      0 15456092  26672 599576    0    0     0     0  124  101 19  0 81  0  0
 1  0      0 15458644  26672 599580    0    0     0     0  139   73 30  0 70  0  0
 0  0      0 15458264  26672 599580    0    0     0     0  142   87 24  0 76  0  0
 1  0      0 15458264  26672 599580    0    0     0     0   77   66 15  0 85  0  0
 1  0      0 15458264  26680 599580    0    0     0    16  173  100 37  0 62  1  0
 0  0      0 15456092  26680 599580    0    0     0     0  114   76 24  0 76  0  0
