# stats: dump at 1517250956
stats: users 25 25
stats: {freemem,"tsung_controller@jarvis"} 1 3071.42578125 0 3071.42578125 3071.42578125 0 0
stats: {load,"tsung_controller@jarvis"} 1 0.5 0 0.5 0.5 0 0
stats: {cpu,"tsung_controller@jarvis"} 1 1.8896485798768003 0 1.8896485798768003 1.8896485798768003 0 0
stats: users_count 25 25
stats: finish_users_count 0 0
stats: request 95 577.2827263157892 1119.1105188238082 4135.747 50.793 0 0
stats: connect 27 1.8112592592592593 3.879266870338152 15.658 0.447 0 0
stats: page 95 577.2827263157892 1119.1105188238082 4135.747 50.793 0 0
stats: tr_loopTransaction 95 577.4972842105261 1119.0994202866752 4135.877 50.856 0 0
stats: 200 95 95
stats: size_rcv 24351 24351
stats: size_sent 14820 14820
stats: connected 23 23
# stats: dump at 1517250966
stats: users 25 25
stats: {freemem,"tsung_controller@jarvis"} 1 2920.93359375 0.0 3071.42578125 2920.93359375 3071.42578125 1
stats: {load,"tsung_controller@jarvis"} 1 0.578125 0.0 0.578125 0.5 0.5 1
stats: {cpu,"tsung_controller@jarvis"} 1 4.258241758241758 0.0 4.258241758241758 1.8896485798768003 1.8896485798768003 1
stats: users_count 0 25
stats: finish_users_count 0 0
stats: request 133 146.62995488721805 102.39913282614673 4135.747 50.772 577.2827263157892 95
stats: connect 13 0.6357692307692309 0.16060996896263172 15.658 0.443 1.8112592592592593 27
stats: page 133 146.62995488721805 102.39913282614673 4135.747 50.772 577.2827263157892 95
stats: tr_loopTransaction 133 146.78633834586464 102.38894969319928 4135.877 50.856 577.4972842105261 95
stats: 200 133 228
stats: size_rcv 34099 58450
stats: size_sent 20748 35568
stats: connected 0 23
# stats: dump at 1517250976
stats: users 25 25
stats: {freemem,"tsung_controller@jarvis"} 1 2894.51953125 0.0 3071.42578125 2894.51953125 2996.1796875 2
stats: {load,"tsung_controller@jarvis"} 1 0.73046875 0.0 0.73046875 0.5 0.5390625 2
stats: {cpu,"tsung_controller@jarvis"} 1 5.324334458192726 0.0 5.324334458192726 1.8896485798768003 3.073945169059279 2
stats: users_count 0 25
stats: finish_users_count 0 0
stats: request 122 127.63862295081961 72.90943973382635 4135.747 50.772 326.0686096491227 228
stats: connect 8 0.713125 0.13360897939509905 15.658 0.443 1.4292250000000002 40
stats: page 122 127.63862295081961 72.90943973382635 4135.747 50.772 326.0686096491227 228
stats: tr_loopTransaction 122 127.81084426229509 72.90209210787614 4135.877 50.856 326.24923245614025 228
stats: 200 122 350
stats: size_rcv 31274 89724
stats: size_sent 19188 54756
stats: connected 2 25
# stats: dump at 1517250986
stats: users 25 25
stats: {freemem,"tsung_controller@jarvis"} 1 2899.8125 0.0 3071.42578125 2894.51953125 2962.29296875 3
stats: {load,"tsung_controller@jarvis"} 1 0.76953125 0.0 0.76953125 0.5 0.6028645833333334 3
stats: {cpu,"tsung_controller@jarvis"} 1 4.855577689243027 0.0 5.324334458192726 1.8896485798768003 3.8240749321037613 3
stats: users_count 0 25
stats: finish_users_count 0 0
stats: request 120 123.02962499999995 88.22133236591763 4135.747 50.772 256.90158571428566 350
stats: connect 8 0.746625 0.1197225307742866 15.658 0.443 1.3098750000000001 48
stats: page 120 123.02962499999995 88.22133236591763 4135.747 50.772 256.90158571428566 350
stats: tr_loopTransaction 120 123.19774166666663 88.21762307106366 4135.877 50.856 257.0792799999999 350
stats: 200 120 470
stats: size_rcv 30775 120499
stats: size_sent 18720 73476
stats: connected -3 22
# stats: dump at 1517250996
stats: users 25 25
stats: {freemem,"tsung_controller@jarvis"} 1 2900.92578125 0.0 3071.42578125 2894.51953125 2946.6728515625 4
stats: {load,"tsung_controller@jarvis"} 1 0.6484375 0.0 0.76953125 0.5 0.64453125 4
stats: {cpu,"tsung_controller@jarvis"} 1 5.496541501976285 0.0 5.496541501976285 1.8896485798768003 4.081950621388578 4
stats: users_count 0 25
stats: finish_users_count 0 0
stats: request 111 106.87341441441437 64.33844262628686 4135.747 50.772 222.72151063829781 470
stats: connect 11 0.7858181818181819 0.15979294453750748 15.658 0.443 1.2294107142857145 56
stats: page 111 106.87341441441437 64.33844262628686 4135.747 50.772 222.72151063829781 470
stats: tr_loopTransaction 111 107.03763963963965 64.33932458987235 4135.877 50.856 222.896759574468 470
stats: 200 111 581
stats: size_rcv 28465 148964
stats: size_sent 17160 90636
stats: connected 1 23
# stats: dump at 1517251006
stats: users 25 25
stats: {freemem,"tsung_controller@jarvis"} 1 2845.03125 0.0 3071.42578125 2845.03125 2937.5234375 5
stats: {load,"tsung_controller@jarvis"} 1 0.55078125 0.0 0.76953125 0.5 0.6453125 5
stats: {cpu,"tsung_controller@jarvis"} 1 5.278810408921933 0.0 5.496541501976285 1.8896485798768003 4.364868797506119 5
stats: users_count 0 25
stats: finish_users_count 0 0
stats: request 108 102.74152777777778 58.57672341617576 4135.747 50.772 200.58874182444055 581
stats: connect 6 0.8495 0.08657703698633569 15.658 0.443 1.156582089552239 67
stats: page 108 102.74152777777778 58.57672341617576 4135.747 50.772 200.58874182444055 581
stats: tr_loopTransaction 108 102.9095000000001 58.583742700403135 4135.877 50.856 200.76188468158344 581
stats: 200 108 689
stats: size_rcv 27702 176666
stats: size_sent 17160 107796
stats: connected -2 21
# stats: dump at 1517251016
stats: users 25 25
stats: {freemem,"tsung_controller@jarvis"} 1 2835.375 0.0 3071.42578125 2835.375 2922.1080729166665 6
stats: {load,"tsung_controller@jarvis"} 1 0.46875 0.0 0.76953125 0.46875 0.6295572916666666 6
stats: {cpu,"tsung_controller@jarvis"} 1 1.7241379310344827 0.0 5.496541501976285 1.7241379310344827 4.5171923994087555 6
stats: users_count 0 25
stats: finish_users_count 0 0
stats: request 104 93.9587115384615 48.853855891178355 4135.747 50.772 185.25129753265597 689
stats: connect 16 0.8067500000000001 0.1352712552614191 15.658 0.443 1.1313424657534248 73
stats: page 104 93.9587115384615 48.853855891178355 4135.747 50.772 185.25129753265597 689
stats: tr_loopTransaction 104 94.14104807692306 48.85130943000949 4135.877 50.856 185.42362989840348 689
stats: 200 104 793
stats: size_rcv 26684 203350
stats: size_sent 15912 123708
stats: connected 2 23
# stats: dump at 1517251026
stats: users 25 25
stats: {freemem,"tsung_controller@jarvis"} 1 2842.96484375 0.0 3071.42578125 2835.375 2909.7176339285716 7
stats: {load,"tsung_controller@jarvis"} 1 0.46875 0.0 0.76953125 0.46875 0.6065848214285714 7
stats: {cpu,"tsung_controller@jarvis"} 1 4.396147196838726 0.0 5.496541501976285 1.7241379310344827 4.118184618212431 7
stats: users_count 0 25
stats: finish_users_count 0 0
stats: request 130 137.89020769230765 79.70557916575959 4135.747 50.772 173.27849936948292 793
stats: connect 10 0.8158 0.1388342897125923 15.658 0.443 1.072988764044944 89
stats: page 130 137.89020769230765 79.70557916575959 4135.747 50.772 173.27849936948292 793
stats: tr_loopTransaction 130 138.06269230769232 79.7007096540017 4135.877 50.856 173.45214375788146 793
stats: 200 130 923
stats: size_rcv 33328 236678
stats: size_sent 20436 144144
stats: connected 0 23
# stats: dump at 1517251036
stats: users 25 25
stats: {freemem,"tsung_controller@jarvis"} 1 2821.97265625 0.0 3071.42578125 2821.97265625 2901.37353515625 8
stats: {load,"tsung_controller@jarvis"} 1 0.48046875 0.0 0.76953125 0.46875 0.58935546875 8
stats: {cpu,"tsung_controller@jarvis"} 1 5.276195194451326 0.0 5.496541501976285 1.7241379310344827 4.152929940540718 8
stats: users_count 0 25
stats: finish_users_count 0 0
stats: request 111 108.98640540540538 81.48700451482809 4135.747 50.772 168.29423293607795 923
stats: connect 12 0.8831666666666665 0.1607803021379036 15.658 0.443 1.0470101010101012 99
stats: page 111 108.98640540540538 81.48700451482809 4135.747 50.772 168.29423293607795 923
stats: tr_loopTransaction 111 109.17621621621622 81.48317676545932 4135.877 50.856 168.46771397616467 923
stats: 200 111 1034
stats: size_rcv 28464 265142
stats: size_sent 17316 161460
stats: connected 1 24
# stats: dump at 1517251046
stats: users 25 25
stats: {freemem,"tsung_controller@jarvis"} 1 2831.99609375 0.0 3071.42578125 2821.97265625 2892.551215277778 9
stats: {load,"tsung_controller@jarvis"} 1 0.3984375 0.0 0.76953125 0.3984375 0.5772569444444444 9
stats: {cpu,"tsung_controller@jarvis"} 1 1.77250701351696 0.0 5.496541501976285 1.7241379310344827 4.2777371909752295 9
stats: users_count 0 25
stats: finish_users_count 0 0
stats: request 102 101.5123333333333 60.344429466146835 4135.747 50.772 161.92753191489356 1034
stats: connect 9 0.8203333333333335 0.11083922290116138 15.658 0.443 1.0292972972972974 111
stats: page 102 101.5123333333333 60.344429466146835 4135.747 50.772 161.92753191489356 1034
stats: tr_loopTransaction 102 101.70369607843138 60.34185794659331 4135.877 50.856 162.1027659574468 1034
stats: 200 102 1136
stats: size_rcv 26168 291310
stats: size_sent 16068 177528
stats: connected -1 23
# stats: dump at 1517251056
stats: users 25 25
stats: {freemem,"tsung_controller@jarvis"} 1 2824.37109375 0.0 3071.42578125 2821.97265625 2886.495703125 10
stats: {load,"tsung_controller@jarvis"} 1 0.41015625 0.0 0.76953125 0.3984375 0.559375 10
stats: {cpu,"tsung_controller@jarvis"} 1 1.4450867052023122 0.0 5.496541501976285 1.4450867052023122 4.027214173229402 10
stats: users_count 0 25
stats: finish_users_count 0 0
stats: request 135 160.81180740740743 99.21854792187733 4135.747 50.772 156.50292781690135 1136
stats: connect 12 0.8224166666666668 0.18700956229265095 15.658 0.443 1.013625 120
stats: page 135 160.81180740740743 99.21854792187733 4135.747 50.772 156.50292781690135 1136
stats: tr_loopTransaction 135 160.98022222222224 99.21204059810235 4135.877 50.856 156.67961003521125 1136
stats: 200 135 1271
stats: size_rcv 34599 325909
stats: size_sent 20748 198276
stats: connected 2 25
# stats: dump at 1517251066
stats: users 25 25
stats: {freemem,"tsung_controller@jarvis"} 1 2820.57421875 0.0 3071.42578125 2820.57421875 2880.8480113636365 11
stats: {load,"tsung_controller@jarvis"} 1 0.4296875 0.0 0.76953125 0.3984375 0.5458096590909091 11
stats: {cpu,"tsung_controller@jarvis"} 1 2.4255372627874827 0.0 5.496541501976285 1.4450867052023122 3.792475312499667 11
stats: users_count 0 25
stats: finish_users_count 0 0
stats: request 116 107.39206034482758 57.85836850765021 4135.747 50.772 156.9605979543666 1271
stats: connect 7 0.8664285714285713 0.1516620841050987 15.658 0.443 0.9962424242424244 132
stats: page 116 107.39206034482758 57.85836850765021 4135.747 50.772 156.9605979543666 1271
stats: tr_loopTransaction 116 107.5493103448276 57.84841966792264 4135.877 50.856 157.13640204563333 1271
stats: 200 116 1387
stats: size_rcv 29743 355652
stats: size_sent 18564 216840
stats: connected -3 22
# stats: dump at 1517251067
stats: users 25 25
stats: {freemem,"tsung_controller@jarvis"} 0 0 0 3071.42578125 2820.57421875 2875.8251953125 12
stats: {load,"tsung_controller@jarvis"} 0 0 0 0.76953125 0.3984375 0.5361328125 12
stats: {cpu,"tsung_controller@jarvis"} 0 0 0 5.496541501976285 1.4450867052023122 3.678563808356985 12
stats: users_count 0 25
stats: finish_users_count 0 0
stats: request 13 130.5257692307692 64.77265958976335 4135.747 50.772 152.81499567411674 1387
stats: connect 1 1.043 0.0 15.658 0.443 0.9897050359712232 139
stats: page 13 130.5257692307692 64.77265958976335 4135.747 50.772 152.81499567411674 1387
stats: tr_loopTransaction 13 130.71838461538462 64.77041045052125 4135.877 50.856 152.9892480173035 1387
stats: 200 13 1400
stats: size_rcv 3332 358984
stats: size_sent 2652 219492
stats: connected 0 22
stats: error_abort 1 1
EndMonitor:{1517,251067,173882}
