# stats: dump at 1517249379
stats: users 100 100
stats: {freemem,"tsung_controller@jarvis"} 1 3182.59765625 0 3182.59765625 3182.59765625 0 0
stats: {load,"tsung_controller@jarvis"} 1 0.3203125 0 0.3203125 0.3203125 0 0
stats: {cpu,"tsung_controller@jarvis"} 1 1.8916045482282526 0 1.8916045482282526 1.8916045482282526 0 0
stats: users_count 100 100
stats: finish_users_count 0 0
stats: request 134 3944.454656716417 978.1331905155612 4901.432 1848.423 0 0
stats: connect 100 1.0462700000000005 1.5156327184050888 15.202 0.408 0 0
stats: page 134 3944.454656716417 978.1331905155612 4901.432 1848.423 0 0
stats: tr_loopTransaction 134 3944.6625746268687 978.1329480145043 4901.576 1848.595 0 0
stats: 200 134 134
stats: size_rcv 34153 34153
stats: size_sent 29952 29952
stats: connected 100 100
# stats: dump at 1517249389
stats: users 100 100
stats: {freemem,"tsung_controller@jarvis"} 1 3246.9765625 0.0 3246.9765625 3182.59765625 3182.59765625 1
stats: {load,"tsung_controller@jarvis"} 1 0.26953125 0.0 0.3203125 0.26953125 0.3203125 1
stats: {cpu,"tsung_controller@jarvis"} 1 2.2701758762629414 0.0 2.2701758762629414 1.8916045482282526 1.8916045482282526 1
stats: users_count 0 100
stats: finish_users_count 0 0
stats: request 189 3071.13394179894 304.8958482464417 4901.432 1848.423 3944.454656716417 134
stats: connect 14 0.779142857142857 0.1497487692021241 15.202 0.408 1.0462700000000005 100
stats: page 189 3071.13394179894 304.8958482464417 4901.432 1848.423 3944.454656716417 134
stats: tr_loopTransaction 189 3071.2823650793657 304.9002607901717 4901.576 1848.595 3944.6625746268687 134
stats: 200 189 323
stats: size_rcv 48170 82323
stats: size_sent 32916 62868
stats: connected -1 99
# stats: dump at 1517249399
stats: users 100 100
stats: {freemem,"tsung_controller@jarvis"} 1 3244.61328125 0.0 3246.9765625 3182.59765625 3214.787109375 2
stats: {load,"tsung_controller@jarvis"} 1 0.23046875 0.0 0.3203125 0.23046875 0.294921875 2
stats: {cpu,"tsung_controller@jarvis"} 1 1.198501872659176 0.0 2.2701758762629414 1.198501872659176 2.0808902122455972 2
stats: users_count 0 100
stats: finish_users_count 0 0
stats: request 204 3287.4942156862744 394.8606904462492 4901.432 1848.423 3433.4403684210515 323
stats: connect 8 0.8316250000000001 0.11024737808673733 15.202 0.408 1.0134649122807022 114
stats: page 204 3287.4942156862744 394.8606904462492 4901.432 1848.423 3433.4403684210515 323
stats: tr_loopTransaction 204 3287.6666470588257 394.8764967758082 4901.576 1848.595 3433.613473684212 323
stats: 200 204 527
stats: size_rcv 52001 134324
stats: size_sent 29796 92664
stats: connected -4 95
# stats: dump at 1517249409
stats: users 100 100
stats: {freemem,"tsung_controller@jarvis"} 1 3240.33984375 0.0 3246.9765625 3182.59765625 3224.7291666666665 3
stats: {load,"tsung_controller@jarvis"} 1 0.19140625 0.0 0.3203125 0.19140625 0.2734375 3
stats: {cpu,"tsung_controller@jarvis"} 1 1.160758861707439 0.0 2.2701758762629414 1.160758861707439 1.7867607657167903 3
stats: users_count 0 100
stats: finish_users_count 0 0
stats: request 195 3114.829876923077 248.68884483228362 4901.432 1848.423 3376.94508349146 527
stats: connect 19 0.946157894736842 0.0987560861058005 15.202 0.408 1.0015409836065579 122
stats: page 195 3114.829876923077 248.68884483228362 4901.432 1848.423 3376.94508349146 527
stats: tr_loopTransaction 195 3115.019543589743 248.68056454030346 4901.576 1848.595 3377.11792789374 527
stats: 200 195 722
stats: size_rcv 49699 184023
stats: size_sent 30264 122928
stats: connected 2 97
# stats: dump at 1517249419
stats: users 100 100
stats: {freemem,"tsung_controller@jarvis"} 1 3239.58203125 0.0 3246.9765625 3182.59765625 3228.6318359375 4
stats: {load,"tsung_controller@jarvis"} 1 0.390625 0.0 0.390625 0.19140625 0.2529296875 4
stats: {cpu,"tsung_controller@jarvis"} 1 1.185129740518962 0.0 2.2701758762629414 1.160758861707439 1.6302602897144525 4
stats: users_count 0 100
stats: finish_users_count 0 0
stats: request 202 3038.154871287128 191.60766935800132 4901.432 1848.423 3306.152195290858 722
stats: connect 14 0.9122142857142856 0.10413259306660672 15.202 0.408 0.9940780141843976 141
stats: page 202 3038.154871287128 191.60766935800132 4901.432 1848.423 3306.152195290858 722
stats: tr_loopTransaction 202 3038.327940594062 191.61225839337726 4901.576 1848.595 3306.329583102495 722
stats: 200 202 924
stats: size_rcv 51489 235512
stats: size_sent 31512 154440
stats: connected -4 93
# stats: dump at 1517249429
stats: users 100 100
stats: {freemem,"tsung_controller@jarvis"} 1 3239.60546875 0.0 3246.9765625 3182.59765625 3230.821875 5
stats: {load,"tsung_controller@jarvis"} 1 0.30859375 0.0 0.390625 0.19140625 0.28046875 5
stats: {cpu,"tsung_controller@jarvis"} 1 1.0482965181579933 0.0 2.2701758762629414 1.0482965181579933 1.5412341798753544 5
stats: users_count 0 100
stats: finish_users_count 0 0
stats: request 212 3114.902599056605 245.8850213363361 4901.432 1848.423 3247.5640357142847 924
stats: connect 13 0.8709230769230769 0.1291983933803784 15.202 0.408 0.9866838709677421 155
stats: page 212 3114.902599056605 245.8850213363361 4901.432 1848.423 3247.5640357142847 924
stats: tr_loopTransaction 212 3115.064075471695 245.8738598898925 4901.576 1848.595 3247.740479437231 924
stats: 200 212 1136
stats: size_rcv 54047 289559
stats: size_sent 30108 184548
stats: connected 0 93
# stats: dump at 1517249439
stats: users 100 100
stats: {freemem,"tsung_controller@jarvis"} 1 3210.29296875 0.0 3246.9765625 3182.59765625 3232.2858072916665 6
stats: {load,"tsung_controller@jarvis"} 1 0.33984375 0.0 0.390625 0.19140625 0.28515625 6
stats: {cpu,"tsung_controller@jarvis"} 1 1.9278606965174128 0.0 2.2701758762629414 1.0482965181579933 1.459077902922461 6
stats: users_count 0 100
stats: finish_users_count 0 0
stats: request 199 2928.240648241209 280.1264552809286 4901.432 1848.423 3222.8067957746475 1136
stats: connect 21 0.7929047619047621 0.17953535392968595 15.202 0.408 0.9777261904761907 168
stats: page 199 2928.240648241209 280.1264552809286 4901.432 1848.423 3222.8067957746475 1136
stats: tr_loopTransaction 199 2928.4137035175886 280.1137812992711 4901.576 1848.595 3222.9804463028177 1136
stats: 200 199 1335
stats: size_rcv 50717 340276
stats: size_sent 30888 215436
stats: connected 4 97
# stats: dump at 1517249449
stats: users 100 100
stats: {freemem,"tsung_controller@jarvis"} 1 3169.4375 0.0 3246.9765625 3169.4375 3229.143973214286 7
stats: {load,"tsung_controller@jarvis"} 1 0.44140625 0.0 0.44140625 0.19140625 0.29296875 7
stats: {cpu,"tsung_controller@jarvis"} 1 3.2993027888446216 0.0 3.2993027888446216 1.0482965181579933 1.5260468734360255 7
stats: users_count 0 100
stats: finish_users_count 0 0
stats: request 186 3054.0757096774205 276.4551406952872 4901.432 1848.423 3178.8976846441947 1335
stats: connect 18 0.8497222222222223 0.1435869096306622 15.202 0.408 0.9571904761904765 189
stats: page 186 3054.0757096774205 276.4551406952872 4901.432 1848.423 3178.8976846441947 1335
stats: tr_loopTransaction 186 3054.242392473118 276.45838977405685 4901.576 1848.595 3179.0712464419485 1335
stats: 200 186 1521
stats: size_rcv 47416 387692
stats: size_sent 32136 247572
stats: connected 1 98
# stats: dump at 1517249459
stats: users 100 100
stats: {freemem,"tsung_controller@jarvis"} 1 3187.515625 0.0 3246.9765625 3169.4375 3221.6806640625 8
stats: {load,"tsung_controller@jarvis"} 1 0.37109375 0.0 0.44140625 0.19140625 0.3115234375 8
stats: {cpu,"tsung_controller@jarvis"} 1 0.9729325183984033 0.0 3.2993027888446216 0.9729325183984033 1.7477038628621 8
stats: users_count 0 100
stats: finish_users_count 0 0
stats: request 199 2985.8274422110553 184.17561169299196 4901.432 1848.423 3163.633458908613 1521
stats: connect 14 0.8871428571428571 0.1256337404310398 15.202 0.408 0.9478454106280196 207
stats: page 199 2985.8274422110553 184.17561169299196 4901.432 1848.423 3163.633458908613 1521
stats: tr_loopTransaction 199 2985.9944824120603 184.18270175422504 4901.576 1848.595 3163.80617948718 1521
stats: 200 199 1720
stats: size_rcv 50727 438419
stats: size_sent 30420 277992
stats: connected -3 95
# stats: dump at 1517249469
stats: users 100 100
stats: {freemem,"tsung_controller@jarvis"} 1 3187.51171875 0.0 3246.9765625 3169.4375 3217.8845486111113 9
stats: {load,"tsung_controller@jarvis"} 1 0.30859375 0.0 0.44140625 0.19140625 0.3181423611111111 9
stats: {cpu,"tsung_controller@jarvis"} 1 0.762690672668167 0.0 3.2993027888446216 0.762690672668167 1.6616181579216893 9
stats: users_count 0 100
stats: finish_users_count 0 0
stats: request 203 2790.6042463054177 149.06008040879496 4901.432 1848.423 3143.06171627907 1720
stats: connect 15 0.7684 0.10455225168944633 15.202 0.408 0.9440000000000003 221
stats: page 203 2790.6042463054177 149.06008040879496 4901.432 1848.423 3143.06171627907 1720
stats: tr_loopTransaction 203 2790.7718916256163 149.05550591145675 4901.576 1848.595 3143.2337796511633 1720
stats: 200 203 1923
stats: size_rcv 51743 490162
stats: size_sent 31200 309192
stats: connected 3 98
# stats: dump at 1517249479
stats: users 100 100
stats: {freemem,"tsung_controller@jarvis"} 1 3185.23046875 0.0 3246.9765625 3169.4375 3214.847265625 10
stats: {load,"tsung_controller@jarvis"} 1 0.26953125 0.0 0.44140625 0.19140625 0.3171875 10
stats: {cpu,"tsung_controller@jarvis"} 1 0.7870081199250468 0.0 3.2993027888446216 0.762690672668167 1.571725409396337 10
stats: users_count 0 100
stats: finish_users_count 0 0
stats: request 198 3157.6097575757567 201.5485492241144 4901.432 1848.423 3105.854817472699 1923
stats: connect 16 0.8395625 0.09255131600225898 15.202 0.408 0.9328389830508477 236
stats: page 198 3157.6097575757567 201.5485492241144 4901.432 1848.423 3105.854817472699 1923
stats: tr_loopTransaction 198 3157.7746767676795 201.5450831441249 4901.576 1848.595 3106.0264144565786 1923
stats: 200 198 2121
stats: size_rcv 50480 540642
stats: size_sent 29640 338832
stats: connected 2 100
# stats: dump at 1517249489
stats: users 100 100
stats: {freemem,"tsung_controller@jarvis"} 1 3183.90234375 0.0 3246.9765625 3169.4375 3212.1548295454545 11
stats: {load,"tsung_controller@jarvis"} 1 0.21875 0.0 0.44140625 0.19140625 0.31285511363636365 11
stats: {cpu,"tsung_controller@jarvis"} 1 0.8870564717641181 0.0 3.2993027888446216 0.762690672668167 1.5003874739898562 11
stats: users_count 0 100
stats: finish_users_count 0 0
stats: request 198 2776.8869898989924 197.36491786679227 4901.432 1848.423 3110.6862545968884 2121
stats: connect 25 0.73012 0.11806212601846537 15.202 0.408 0.9269166666666668 252
stats: page 198 2776.8869898989924 197.36491786679227 4901.432 1848.423 3110.6862545968884 2121
stats: tr_loopTransaction 198 2777.051378787878 197.36307016095114 4901.576 1848.595 3110.857228194249 2121
stats: 200 198 2319
stats: size_rcv 50468 591110
stats: size_sent 31668 370500
stats: connected -5 95
# stats: dump at 1517249490
stats: users 100 100
stats: {freemem,"tsung_controller@jarvis"} 0 0 0 3246.9765625 3169.4375 3209.8004557291665 12
stats: {load,"tsung_controller@jarvis"} 0 0 0 0.44140625 0.19140625 0.3050130208333333 12
stats: {cpu,"tsung_controller@jarvis"} 0 0 0 3.2993027888446216 0.762690672668167 1.4492765571377113 12
stats: users_count 0 100
stats: finish_users_count 0 0
stats: request 15 2865.5030666666667 214.90751069532732 4901.432 1848.423 3082.185929279862 2319
stats: connect 3 0.759 0.07190734779330038 15.202 0.408 0.90915523465704 277
stats: page 15 2865.5030666666667 214.90751069532732 4901.432 1848.423 3082.185929279862 2319
stats: tr_loopTransaction 15 2865.626866666667 214.9029987049557 4901.576 1848.595 3082.3563406640797 2319
stats: 200 15 2334
stats: size_rcv 3824 594934
stats: size_sent 3744 374244
stats: connected 2 97
stats: error_abort 1 1
EndMonitor:{1517,249490,830672}
