# stats: dump at 1517144867
stats: users 20 20
stats: {freemem,"tsung_controller@jarvis"} 1 5458.98046875 0 5458.98046875 5458.98046875 0 0
stats: {load,"tsung_controller@jarvis"} 1 0.1796875 0 0.1796875 0.1796875 0 0
stats: {cpu,"tsung_controller@jarvis"} 1 1.9242541490369662 0 1.9242541490369662 1.9242541490369662 0 0
stats: users_count 20 20
stats: finish_users_count 0 0
stats: connect 24 1.2175416666666667 2.957182343875764 15.366 0.374 0 0
stats: page 89 327.30115730337076 671.6522151933153 3431.647 50.846 0 0
stats: request 89 327.30115730337076 671.6522151933153 3431.647 50.846 0 0
stats: tr_busyWait 89 327.546988764045 671.6235357598243 3431.83 51.068 0 0
stats: 200 89 89
stats: size_rcv 22825 22825
stats: size_sent 5518 5518
stats: connected 20 20
# stats: dump at 1517144877
stats: users 20 20
stats: {freemem,"tsung_controller@jarvis"} 1 5457.9296875 0.0 5458.98046875 5457.9296875 5458.98046875 1
stats: {load,"tsung_controller@jarvis"} 1 0.1484375 0.0 0.1796875 0.1484375 0.1796875 1
stats: {cpu,"tsung_controller@jarvis"} 1 0.525 0.0 1.9242541490369662 0.525 1.9242541490369662 1
stats: users_count 0 20
stats: finish_users_count 0 0
stats: connect 7 0.7987142857142856 0.12974779302908526 15.366 0.374 1.2175416666666667 24
stats: tr_busyWait 92 85.66665217391305 36.86330747163882 3431.83 50.876 327.546988764045 89
stats: 200 92 181
stats: request 92 85.43654347826086 36.82269685362815 3431.647 50.785 327.30115730337076 89
stats: page 92 85.43654347826086 36.82269685362815 3431.647 50.785 327.30115730337076 89
stats: size_rcv 23605 46430
stats: size_sent 5704 11222
stats: connected -1 19
# stats: dump at 1517144887
stats: users 20 20
stats: {freemem,"tsung_controller@jarvis"} 1 5457.33203125 0.0 5458.98046875 5457.33203125 5458.455078125 2
stats: {load,"tsung_controller@jarvis"} 1 0.12890625 0.0 0.1796875 0.12890625 0.1640625 2
stats: {cpu,"tsung_controller@jarvis"} 1 0.462326627514682 0.0 1.9242541490369662 0.462326627514682 1.224627074518483 2
stats: users_count 0 20
stats: finish_users_count 0 0
stats: request 102 87.74353921568628 41.33881719014023 3431.647 50.785 204.36444751381214 181
stats: connect 7 0.8708571428571429 0.18016296477786722 15.366 0.374 1.122967741935484 31
stats: page 102 87.74353921568628 41.33881719014023 3431.647 50.785 204.36444751381214 181
stats: tr_busyWait 102 87.96198039215689 41.327759356289576 3431.83 50.876 204.6022872928177 181
stats: 200 102 283
stats: size_rcv 26171 72601
stats: size_sent 6324 17546
stats: connected 1 20
# stats: dump at 1517144897
stats: users 20 20
stats: {freemem,"tsung_controller@jarvis"} 1 5455.953125 0.0 5458.98046875 5455.953125 5458.080729166667 3
stats: {load,"tsung_controller@jarvis"} 1 0.109375 0.0 0.1796875 0.109375 0.15234375 3
stats: {cpu,"tsung_controller@jarvis"} 1 0.6488644871474919 0.0 1.9242541490369662 0.462326627514682 0.9705269255172161 3
stats: users_count 0 20
stats: finish_users_count 0 0
stats: request 88 101.55471590909097 61.43354740525968 3431.647 50.785 162.3314699646643 283
stats: connect 10 0.8362999999999999 0.124466903231341 15.366 0.374 1.0765263157894738 38
stats: tr_busyWait 88 101.76152272727273 61.438679465415206 3431.83 50.876 162.56231802120143 283
stats: page 88 101.55471590909097 61.43354740525968 3431.647 50.785 162.3314699646643 283
stats: 200 88 371
stats: size_rcv 22583 95184
stats: size_sent 5642 23188
stats: connected -1 19
# stats: dump at 1517144907
stats: users 20 20
stats: {freemem,"tsung_controller@jarvis"} 1 5456.84765625 0.0 5458.98046875 5455.953125 5457.548828125 4
stats: {load,"tsung_controller@jarvis"} 1 0.08984375 0.0 0.1796875 0.08984375 0.1416015625 4
stats: {cpu,"tsung_controller@jarvis"} 1 0.5246720799500312 0.0 1.9242541490369662 0.462326627514682 0.890111315924785 4
stats: users_count 0 20
stats: finish_users_count 0 0
stats: request 93 99.479311827957 64.25162987581298 3431.647 50.78 147.9154204851752 371
stats: connect 9 0.8225555555555556 0.08724437086089609 15.366 0.374 1.0264791666666666 48
stats: tr_busyWait 93 99.69448387096777 64.25738304806089 3431.83 50.876 148.14056603773588 371
stats: page 93 99.479311827957 64.25162987581298 3431.647 50.78 147.9154204851752 371
stats: 200 93 464
stats: size_rcv 23855 119039
stats: size_sent 5580 28768
stats: connected 0 19
# stats: dump at 1517144917
stats: users 20 20
stats: {freemem,"tsung_controller@jarvis"} 1 5456.875 0.0 5458.98046875 5455.953125 5457.40859375 5
stats: {load,"tsung_controller@jarvis"} 1 0.078125 0.0 0.1796875 0.078125 0.13125 5
stats: {cpu,"tsung_controller@jarvis"} 1 0.4747626186906547 0.0 1.9242541490369662 0.462326627514682 0.8170234687298341 5
stats: users_count 0 20
stats: finish_users_count 0 0
stats: request 99 125.18178787878793 77.5621507056523 3431.647 50.78 138.20732112068964 464
stats: connect 6 0.8561666666666667 0.09877316887135341 15.366 0.374 0.994280701754386 57
stats: page 99 125.18178787878793 77.5621507056523 3431.647 50.78 138.20732112068964 464
stats: tr_busyWait 99 125.40070707070714 77.55537788870383 3431.83 50.876 138.4304676724138 464
stats: 200 99 563
stats: size_rcv 25382 144421
stats: size_sent 6138 34906
stats: connected -2 17
# stats: dump at 1517144927
stats: users 20 20
stats: {freemem,"tsung_controller@jarvis"} 1 5456.6796875 0.0 5458.98046875 5455.953125 5457.319661458333 6
stats: {load,"tsung_controller@jarvis"} 1 0.30859375 0.0 0.30859375 0.078125 0.12239583333333333 6
stats: {cpu,"tsung_controller@jarvis"} 1 0.5246720799500312 0.0 1.9242541490369662 0.462326627514682 0.7599799937233042 6
stats: users_count 0 20
stats: finish_users_count 0 0
stats: page 84 91.88289285714293 70.34065239620851 3431.647 50.78 135.91686323268206 563
stats: request 84 91.88289285714293 70.34065239620851 3431.647 50.78 135.91686323268206 563
stats: connect 12 0.877166666666667 0.11188597866677584 15.366 0.374 0.9811269841269842 63
stats: tr_busyWait 84 92.10703571428571 70.33993980128731 3431.83 50.876 136.13926642984018 563
stats: 200 84 647
stats: size_rcv 21559 165980
stats: size_sent 5270 40176
stats: connected 2 19
# stats: dump at 1517144937
stats: users 20 20
stats: {freemem,"tsung_controller@jarvis"} 1 5456.828125 0.0 5458.98046875 5455.953125 5457.228236607143 7
stats: {load,"tsung_controller@jarvis"} 1 0.26171875 0.0 0.30859375 0.078125 0.14899553571428573 7
stats: {cpu,"tsung_controller@jarvis"} 1 0.5744255744255744 0.0 1.9242541490369662 0.462326627514682 0.7263645774699795 7
stats: users_count 0 20
stats: finish_users_count 0 0
stats: page 87 108.66103448275858 75.97115717701621 3431.647 50.78 130.19993353941268 647
stats: tr_busyWait 87 108.89181609195404 75.97417820360616 3431.83 50.876 130.4225625965997 647
stats: 200 87 734
stats: request 87 108.66103448275858 75.97115717701621 3431.647 50.78 130.19993353941268 647
stats: connect 8 0.8310000000000001 0.09533624704172067 15.366 0.374 0.9644933333333334 75
stats: size_rcv 22317 188297
stats: size_sent 5394 45570
stats: connected -1 18
# stats: dump at 1517144947
stats: users 20 20
stats: {freemem,"tsung_controller@jarvis"} 1 5456.82421875 0.0 5458.98046875 5455.953125 5457.17822265625 8
stats: {load,"tsung_controller@jarvis"} 1 0.21875 0.0 0.30859375 0.078125 0.1630859375 8
stats: {cpu,"tsung_controller@jarvis"} 1 0.5869863869114524 0.0 1.9242541490369662 0.462326627514682 0.7073722020894289 8
stats: users_count 0 20
stats: finish_users_count 0 0
stats: tr_busyWait 109 101.1550733944954 62.30406572530295 3431.83 50.876 127.87055313351502 734
stats: request 109 100.93719266055047 62.29979683290787 3431.647 50.78 127.64695776566758 734
stats: 200 109 843
stats: connect 10 0.8574999999999999 0.11506454710291958 15.366 0.374 0.9516265060240964 83
stats: page 109 100.93719266055047 62.29979683290787 3431.647 50.78 127.64695776566758 734
stats: size_rcv 27959 216256
stats: size_sent 6696 52266
stats: connected 1 19
# stats: dump at 1517144957
stats: users 20 20
stats: {freemem,"tsung_controller@jarvis"} 1 5455.78515625 0.0 5458.98046875 5455.78515625 5457.138888888889 9
stats: {load,"tsung_controller@jarvis"} 1 0.1796875 0.0 0.30859375 0.078125 0.16927083333333334 9
stats: {cpu,"tsung_controller@jarvis"} 1 0.6622516556291391 0.0 1.9242541490369662 0.462326627514682 0.693996000402987 9
stats: users_count 0 20
stats: finish_users_count 0 0
stats: request 97 148.73779381443302 93.39198925887962 3431.647 50.78 124.19338196915776 843
stats: page 97 148.73779381443302 93.39198925887962 3431.647 50.78 124.19338196915776 843
stats: connect 6 0.9018333333333334 0.08785104185811089 15.366 0.374 0.941505376344086 93
stats: tr_busyWait 97 148.95630927835052 93.36969305863177 3431.83 50.876 124.41623843416373 843
stats: 200 97 940
stats: size_rcv 24858 241114
stats: size_sent 6014 58280
stats: connected 0 19
# stats: dump at 1517144967
stats: users 20 20
stats: {freemem,"tsung_controller@jarvis"} 1 5456.19921875 0.0 5458.98046875 5455.78515625 5457.003515625 10
stats: {load,"tsung_controller@jarvis"} 1 0.16015625 0.0 0.30859375 0.078125 0.1703125 10
stats: {cpu,"tsung_controller@jarvis"} 1 0.6118117118241978 0.0 1.9242541490369662 0.462326627514682 0.6908215659256023 10
stats: users_count 0 20
stats: finish_users_count 0 0
stats: request 97 94.4243298969072 46.32968394148585 3431.647 50.78 126.72615638297873 940
stats: connect 10 0.8657999999999999 0.12497423734514242 15.366 0.374 0.9391010101010101 99
stats: page 97 94.4243298969072 46.32968394148585 3431.647 50.78 126.72615638297873 940
stats: 200 97 1037
stats: tr_busyWait 97 94.64229896907219 46.33038097336802 3431.83 50.876 126.94856489361705 940
stats: size_rcv 24879 265993
stats: size_sent 6014 64294
stats: connected -1 18
# stats: dump at 1517144977
stats: users 20 20
stats: {freemem,"tsung_controller@jarvis"} 1 5456.21484375 0.0 5458.98046875 5455.78515625 5456.930397727273 11
stats: {load,"tsung_controller@jarvis"} 1 0.2109375 0.0 0.30859375 0.078125 0.16938920454545456 11
stats: {cpu,"tsung_controller@jarvis"} 1 0.48768288108040514 0.0 1.9242541490369662 0.462326627514682 0.6836388519163837 11
stats: users_count 0 20
stats: finish_users_count 0 0
stats: request 93 118.85759139784946 72.52471704944365 3431.647 50.78 123.70467405978785 1037
stats: connect 8 0.778125 0.11156661406980138 15.366 0.374 0.9323761467889908 109
stats: page 93 118.85759139784946 72.52471704944365 3431.647 50.78 123.70467405978785 1037
stats: 200 93 1130
stats: tr_busyWait 93 119.08167741935488 72.53385856261865 3431.83 50.876 123.9266673095468 1037
stats: size_rcv 23853 289846
stats: size_sent 5766 70060
stats: connected 1 19
# stats: dump at 1517144987
stats: users 20 20
stats: {freemem,"tsung_controller@jarvis"} 1 5456.3828125 0.0 5458.98046875 5455.78515625 5456.870768229167 12
stats: {load,"tsung_controller@jarvis"} 1 0.1796875 0.0 0.30859375 0.078125 0.1728515625 12
stats: {cpu,"tsung_controller@jarvis"} 1 0.5246720799500312 0.0 1.9242541490369662 0.462326627514682 0.6673091876800522 12
stats: users_count 0 20
stats: finish_users_count 0 0
stats: request 95 86.81396842105265 44.07378656285928 3431.647 50.726 123.30575486725664 1130
stats: connect 9 0.9209999999999999 0.1090341434801248 15.366 0.374 0.9218290598290598 117
stats: page 95 86.81396842105265 44.07378656285928 3431.647 50.726 123.30575486725664 1130
stats: tr_busyWait 95 87.06012631578949 44.073625551663596 3431.83 50.876 123.52792035398231 1130
stats: 200 95 1225
stats: size_rcv 24378 314224
stats: size_sent 5952 76012
stats: connected 0 19
# stats: dump at 1517144997
stats: users 20 20
stats: {freemem,"tsung_controller@jarvis"} 1 5456.15234375 0.0 5458.98046875 5455.78515625 5456.833233173077 13
stats: {load,"tsung_controller@jarvis"} 1 0.1484375 0.0 0.30859375 0.078125 0.17337740384615385 13
stats: {cpu,"tsung_controller@jarvis"} 1 0.5622188905547226 0.0 1.9242541490369662 0.462326627514682 0.6563371024700506 13
stats: users_count 0 20
stats: finish_users_count 0 0
stats: request 92 86.45209782608697 44.01311346313381 3431.647 50.726 120.47577959183673 1225
stats: connect 9 0.9076666666666667 0.11915163075304973 15.366 0.374 0.9217698412698413 126
stats: tr_busyWait 92 86.68607608695653 44.01904224711058 3431.83 50.876 120.69980571428573 1225
stats: page 92 86.45209782608697 44.01311346313381 3431.647 50.726 120.47577959183673 1225
stats: 200 92 1317
stats: size_rcv 23596 337820
stats: size_sent 5642 81654
stats: connected -1 18
# stats: dump at 1517145007
stats: users 20 20
stats: {freemem,"tsung_controller@jarvis"} 1 5456.3359375 0.0 5458.98046875 5455.78515625 5456.784598214285 14
stats: {load,"tsung_controller@jarvis"} 1 0.12890625 0.0 0.30859375 0.078125 0.17159598214285715 14
stats: {cpu,"tsung_controller@jarvis"} 1 0.5746408494690819 0.0 1.9242541490369662 0.462326627514682 0.6496143730475271 14
stats: users_count 0 20
stats: finish_users_count 0 0
stats: request 89 85.5657415730337 33.787619832816326 3431.647 50.726 118.0990303720577 1317
stats: tr_busyWait 89 85.8131797752809 33.79844664323749 3431.83 50.876 118.32375170842826 1317
stats: 200 89 1406
stats: connect 13 0.8916153846153847 0.15349694983766768 15.366 0.374 0.9208296296296297 135
stats: page 89 85.5657415730337 33.787619832816326 3431.647 50.726 118.0990303720577 1317
stats: size_rcv 22834 360654
stats: size_sent 5704 87358
stats: connected 0 18
# stats: dump at 1517145017
stats: users 20 20
stats: {freemem,"tsung_controller@jarvis"} 1 5456.25 0.0 5458.98046875 5455.78515625 5456.7546875 15
stats: {load,"tsung_controller@jarvis"} 1 0.109375 0.0 0.30859375 0.078125 0.16875 15
stats: {cpu,"tsung_controller@jarvis"} 1 0.5497251374312844 0.0 1.9242541490369662 0.462326627514682 0.6446161381422975 15
stats: users_count 0 20
stats: finish_users_count 0 0
stats: request 85 82.30697647058822 41.05040636296007 3431.647 50.726 116.03966856330013 1406
stats: tr_busyWait 85 82.50988235294116 41.03888474416651 3431.83 50.868 116.2658278805121 1406
stats: connect 9 0.8393333333333333 0.07732471216313133 15.366 0.374 0.9182635135135137 148
stats: 200 85 1491
stats: page 85 82.30697647058822 41.05040636296007 3431.647 50.726 116.03966856330013 1406
stats: size_rcv 21813 382467
stats: size_sent 5146 92504
stats: connected 0 18
# stats: dump at 1517145027
stats: users 20 20
stats: {freemem,"tsung_controller@jarvis"} 1 5456.15234375 0.0 5458.98046875 5455.78515625 5456.72314453125 16
stats: {load,"tsung_controller@jarvis"} 1 0.171875 0.0 0.30859375 0.078125 0.1650390625 16
stats: {cpu,"tsung_controller@jarvis"} 1 0.4747626186906547 0.0 1.9242541490369662 0.462326627514682 0.6386854505978592 16
stats: users_count 0 20
stats: finish_users_count 0 0
stats: connect 10 0.8888 0.14409913254423154 15.366 0.374 0.9137388535031848 157
stats: page 98 80.02371428571428 27.59636248397494 3431.647 50.726 114.11661099932928 1491
stats: request 98 80.02371428571428 27.59636248397494 3431.647 50.726 114.11661099932928 1491
stats: tr_busyWait 98 80.26464285714287 27.60634460211667 3431.83 50.868 114.34144466800805 1491
stats: 200 98 1589
stats: size_rcv 25157 407624
stats: size_sent 6014 98518
stats: connected 2 20
# stats: dump at 1517145037
stats: users 20 20
stats: {freemem,"tsung_controller@jarvis"} 1 5456.40234375 0.0 5458.98046875 5455.78515625 5456.689568014706 17
stats: {load,"tsung_controller@jarvis"} 1 0.21875 0.0 0.30859375 0.078125 0.16544117647058823 17
stats: {cpu,"tsung_controller@jarvis"} 1 0.5251969488558209 0.0 1.9242541490369662 0.462326627514682 0.629042931073906 17
stats: users_count 0 20
stats: finish_users_count 0 0
stats: request 83 79.63734939759038 40.62805402746535 3431.647 50.726 112.01396538703585 1589
stats: tr_busyWait 83 79.88398795180721 40.61586002746881 3431.83 50.868 112.23979169288862 1589
stats: 200 83 1672
stats: connect 10 0.8841000000000001 0.13246542945236695 15.366 0.374 0.912245508982036 167
stats: page 83 79.63734939759038 40.62805402746535 3431.647 50.726 112.01396538703585 1589
stats: size_rcv 21301 428925
stats: size_sent 5146 103664
stats: connected -2 18
# stats: dump at 1517145038
stats: users 20 20
stats: {freemem,"tsung_controller@jarvis"} 0 0 0 5458.98046875 5455.78515625 5456.673611111111 18
stats: {load,"tsung_controller@jarvis"} 0 0 0 0.30859375 0.078125 0.1684027777777778 18
stats: {cpu,"tsung_controller@jarvis"} 0 0 0 1.9242541490369662 0.462326627514682 0.623273709839568 18
stats: users_count 0 20
stats: finish_users_count 0 0
stats: connect 0 0 0 15.366 0.374 0.9106553672316386 177
stats: page 5 56.96659999999999 7.325207699444431 3431.647 50.726 110.40675299043059 1672
stats: 200 5 1677
stats: request 5 56.96659999999999 7.325207699444431 3431.647 50.726 110.40675299043059 1672
stats: tr_busyWait 5 57.271800000000006 7.358007241094563 3431.83 50.868 110.6336124401914 1672
stats: size_rcv 1285 430210
stats: size_sent 372 104036
stats: connected 0 18
stats: error_abort 1 1
EndMonitor:{1517,145038,421126}
