# stats: dump at 1517249257
stats: users 110 110
stats: {freemem,"tsung_controller@jarvis"} 1 3175.26953125 0 3175.26953125 3175.26953125 0 0
stats: {load,"tsung_controller@jarvis"} 1 0.08984375 0 0.08984375 0.08984375 0 0
stats: {cpu,"tsung_controller@jarvis"} 1 1.8920128122775424 0 1.8920128122775424 1.8920128122775424 0 0
stats: users_count 110 110
stats: finish_users_count 0 0
stats: request 122 4639.162057377047 1247.2263792433314 5489.703 199.739 0 0
stats: connect 110 0.8716818181818183 1.3361156722639778 13.748 0.397 0 0
stats: page 122 4639.162057377047 1247.2263792433314 5489.703 199.739 0 0
stats: tr_loopTransaction 122 4639.3726639344295 1247.218618187993 5489.783 199.935 0 0
stats: 200 122 122
stats: size_rcv 31104 31104
stats: size_sent 30576 30576
stats: connected 110 110
# stats: dump at 1517249267
stats: users 110 110
stats: {freemem,"tsung_controller@jarvis"} 1 3171.3984375 0.0 3175.26953125 3171.3984375 3175.26953125 1
stats: {load,"tsung_controller@jarvis"} 1 0.1484375 0.0 0.1484375 0.08984375 0.08984375 1
stats: {cpu,"tsung_controller@jarvis"} 1 1.2737262737262738 0.0 1.8920128122775424 1.2737262737262738 1.8920128122775424 1
stats: users_count 0 110
stats: finish_users_count 0 0
stats: tr_loopTransaction 210 3365.9499190476195 299.1605874496142 5489.783 199.935 4639.3726639344295 122
stats: 200 210 332
stats: request 210 3365.7703333333316 299.1565491484087 5489.703 199.739 4639.162057377047 122
stats: connect 18 0.8120555555555554 0.09981397821404363 13.748 0.397 0.8716818181818183 110
stats: page 210 3365.7703333333316 299.1565491484087 5489.703 199.739 4639.162057377047 122
stats: size_rcv 53529 84633
stats: size_sent 31356 61932
stats: connected -7 103
# stats: dump at 1517249277
stats: users 110 110
stats: {freemem,"tsung_controller@jarvis"} 1 3161.39453125 0.0 3175.26953125 3161.39453125 3173.333984375 2
stats: {load,"tsung_controller@jarvis"} 1 0.12109375 0.0 0.1484375 0.08984375 0.119140625 2
stats: {cpu,"tsung_controller@jarvis"} 1 1.25 0.0 1.8920128122775424 1.25 1.582869543001908 2
stats: users_count 0 110
stats: finish_users_count 0 0
stats: request 189 3501.767640211639 208.22169689071893 5489.703 199.739 3833.703436746986 332
stats: tr_loopTransaction 189 3501.943264550264 208.22072691893501 5489.783 199.935 3833.8944216867485 332
stats: connect 14 0.7349285714285713 0.12036400997789655 13.748 0.397 0.8632968750000001 128
stats: page 189 3501.767640211639 208.22169689071893 5489.703 199.739 3833.703436746986 332
stats: 200 189 521
stats: size_rcv 48169 132802
stats: size_sent 31200 93132
stats: connected 2 105
# stats: dump at 1517249287
stats: users 110 110
stats: {freemem,"tsung_controller@jarvis"} 1 3160.30078125 0.0 3175.26953125 3160.30078125 3169.3541666666665 3
stats: {load,"tsung_controller@jarvis"} 1 0.1015625 0.0 0.1484375 0.08984375 0.11979166666666667 3
stats: {cpu,"tsung_controller@jarvis"} 1 1.1125 0.0 1.8920128122775424 1.1125 1.4719130286679387 3
stats: users_count 0 110
stats: finish_users_count 0 0
stats: connect 16 0.7221875000000001 0.12083729698958845 13.748 0.397 0.8506408450704226 142
stats: page 204 3524.845083333334 239.8894623488237 5489.703 199.739 3713.289107485603 521
stats: 200 204 725
stats: request 204 3524.845083333334 239.8894623488237 5489.703 199.739 3713.289107485603 521
stats: tr_loopTransaction 204 3525.0157745098045 239.88686818924708 5489.783 199.935 3713.474520153552 521
stats: size_rcv 52002 184804
stats: size_sent 30732 123864
stats: connected 2 107
# stats: dump at 1517249297
stats: users 110 110
stats: {freemem,"tsung_controller@jarvis"} 1 3162.40625 0.0 3175.26953125 3160.30078125 3167.0908203125 4
stats: {load,"tsung_controller@jarvis"} 1 0.25 0.0 0.25 0.08984375 0.115234375 4
stats: {cpu,"tsung_controller@jarvis"} 1 1.3263263263263263 0.0 1.8920128122775424 1.1125 1.382059771500954 4
stats: users_count 0 110
stats: finish_users_count 0 0
stats: request 195 3557.7419333333332 282.2839550444179 5489.703 199.739 3660.264857931033 725
stats: connect 15 0.7606666666666667 0.12844229140832947 13.748 0.397 0.837632911392405 158
stats: tr_loopTransaction 195 3557.9142615384594 282.28054917654794 5489.783 199.935 3660.4461282758634 725
stats: page 195 3557.7419333333332 282.2839550444179 5489.703 199.739 3660.264857931033 725
stats: 200 195 920
stats: size_rcv 49705 234509
stats: size_sent 30108 153972
stats: connected -1 106
# stats: dump at 1517249307
stats: users 110 110
stats: {freemem,"tsung_controller@jarvis"} 1 3160.6953125 0.0 3175.26953125 3160.30078125 3166.15390625 5
stats: {load,"tsung_controller@jarvis"} 1 0.2109375 0.0 0.25 0.08984375 0.1421875 5
stats: {cpu,"tsung_controller@jarvis"} 1 1.2245407972010496 0.0 1.8920128122775424 1.1125 1.3709130824660285 5
stats: users_count 0 110
stats: finish_users_count 0 0
stats: request 201 3600.897880597017 249.0166818113477 5489.703 199.739 3638.5344554347816 920
stats: connect 19 0.747578947368421 0.10271386714633579 13.748 0.397 0.8309595375722544 173
stats: page 201 3600.897880597017 249.0166818113477 5489.703 199.739 3638.5344554347816 920
stats: tr_loopTransaction 201 3601.072203980098 249.0178691810404 5489.783 199.935 3638.713830434783 920
stats: 200 201 1121
stats: size_rcv 51227 285736
stats: size_sent 31512 185484
stats: connected 2 108
# stats: dump at 1517249317
stats: users 110 110
stats: {freemem,"tsung_controller@jarvis"} 1 3159.90234375 0.0 3175.26953125 3159.90234375 3165.244140625 6
stats: {load,"tsung_controller@jarvis"} 1 0.1796875 0.0 0.25 0.08984375 0.15364583333333334 6
stats: {cpu,"tsung_controller@jarvis"} 1 1.1873515810523685 0.0 1.8920128122775424 1.1125 1.346517701588532 6
stats: users_count 0 110
stats: finish_users_count 0 0
stats: connect 16 0.6888750000000001 0.13574096424808538 13.748 0.397 0.8227083333333334 192
stats: page 203 3535.719261083743 271.51218889135924 5489.703 199.739 3631.7860597680638 1121
stats: tr_loopTransaction 203 3535.889817733991 271.5092362646183 5489.783 199.935 3631.9645289919717 1121
stats: request 203 3535.719261083743 271.51218889135924 5489.703 199.739 3631.7860597680638 1121
stats: 200 203 1324
stats: size_rcv 51739 337475
stats: size_sent 31044 216528
stats: connected -2 106
# stats: dump at 1517249327
stats: users 110 110
stats: {freemem,"tsung_controller@jarvis"} 1 3156.04296875 0.0 3175.26953125 3156.04296875 3164.481026785714 7
stats: {load,"tsung_controller@jarvis"} 1 0.23046875 0.0 0.25 0.08984375 0.15736607142857142 7
stats: {cpu,"tsung_controller@jarvis"} 1 1.2991880074953155 0.0 1.8920128122775424 1.1125 1.3237796843690801 7
stats: users_count 0 110
stats: finish_users_count 0 0
stats: connect 21 0.7475714285714284 0.10360114516216301 13.748 0.397 0.8124134615384615 208
stats: page 192 3551.8118750000012 276.8878924791523 5489.703 199.739 3617.0567847432017 1324
stats: 200 192 1516
stats: request 192 3551.8118750000012 276.8878924791523 5489.703 199.739 3617.0567847432017 1324
stats: tr_loopTransaction 192 3551.985796875002 276.8863563095715 5489.783 199.935 3617.2340407854986 1324
stats: size_rcv 48938 386413
stats: size_sent 31356 247884
stats: connected 2 108
# stats: dump at 1517249337
stats: users 110 110
stats: {freemem,"tsung_controller@jarvis"} 1 3155.17578125 0.0 3175.26953125 3155.17578125 3163.42626953125 8
stats: {load,"tsung_controller@jarvis"} 1 0.19140625 0.0 0.25 0.08984375 0.16650390625 8
stats: {cpu,"tsung_controller@jarvis"} 1 1.2490632025980515 0.0 1.8920128122775424 1.1125 1.3207057247598595 8
stats: users_count 0 110
stats: finish_users_count 0 0
stats: page 199 3634.577718592966 238.66981938727193 5489.703 199.739 3608.79357717678 1516
stats: request 199 3634.577718592966 238.66981938727193 5489.703 199.739 3608.79357717678 1516
stats: 200 199 1715
stats: connect 14 0.7317142857142857 0.16079153698919274 13.748 0.397 0.8064672489082969 229
stats: tr_loopTransaction 199 3634.7399748743705 238.66643334398748 5489.783 199.935 3608.970410949868 1516
stats: size_rcv 50723 437136
stats: size_sent 30264 278148
stats: connected 1 109
# stats: dump at 1517249347
stats: users 110 110
stats: {freemem,"tsung_controller@jarvis"} 1 3154.72265625 0.0 3175.26953125 3154.72265625 3162.5095486111113 9
stats: {load,"tsung_controller@jarvis"} 1 0.23828125 0.0 0.25 0.08984375 0.16927083333333334 9
stats: {cpu,"tsung_controller@jarvis"} 1 1.2248468941382327 0.0 1.8920128122775424 1.1125 1.3127454445196587 9
stats: users_count 0 110
stats: finish_users_count 0 0
stats: connect 18 0.866888888888889 0.10039360807944837 13.748 0.397 0.8021604938271604 243
stats: page 195 3394.8803333333335 210.0721235419453 5489.703 199.739 3611.7854396501452 1715
stats: 200 195 1910
stats: request 195 3394.8803333333335 210.0721235419453 5489.703 199.739 3611.7854396501452 1715
stats: tr_loopTransaction 195 3395.048092307692 210.0728735679088 5489.783 199.935 3611.9605819241983 1715
stats: size_rcv 49699 486835
stats: size_sent 31824 309972
stats: connected -2 107
# stats: dump at 1517249357
stats: users 110 110
stats: {freemem,"tsung_controller@jarvis"} 1 3169.39453125 0.0 3175.26953125 3154.72265625 3161.730859375 10
stats: {load,"tsung_controller@jarvis"} 1 0.3515625 0.0 0.3515625 0.08984375 0.176171875 10
stats: {cpu,"tsung_controller@jarvis"} 1 1.3760320240180135 0.0 1.8920128122775424 1.1125 1.303955589481516 10
stats: users_count 0 110
stats: finish_users_count 0 0
stats: connect 15 0.7683333333333332 0.10454196392942992 13.748 0.397 0.8066245210727969 261
stats: page 205 3513.4002195121952 286.8117325872207 5489.703 199.739 3589.6406774869106 1910
stats: request 205 3513.4002195121952 286.8117325872207 5489.703 199.739 3589.6406774869106 1910
stats: tr_loopTransaction 205 3513.553707317072 286.8098377747062 5489.783 199.935 3589.815065968586 1910
stats: 200 205 2115
stats: size_rcv 52258 539093
stats: size_sent 29640 339612
stats: connected -1 106
# stats: dump at 1517249367
stats: users 110 110
stats: {freemem,"tsung_controller@jarvis"} 1 3169.42578125 0.0 3175.26953125 3154.72265625 3162.427556818182 11
stats: {load,"tsung_controller@jarvis"} 1 0.2890625 0.0 0.3515625 0.08984375 0.19211647727272727 11
stats: {cpu,"tsung_controller@jarvis"} 1 1.2855716425361958 0.0 1.8920128122775424 1.1125 1.3105079926211975 11
stats: users_count 0 110
stats: finish_users_count 0 0
stats: tr_loopTransaction 196 3584.0145357142856 333.4149075832224 5489.783 199.935 3582.4233030732858 2115
stats: request 196 3583.8577397959175 333.4136076976279 5489.703 199.739 3582.2509404255316 2115
stats: 200 196 2311
stats: connect 21 0.7051904761904761 0.1377065959784198 13.748 0.397 0.8045434782608696 276
stats: page 196 3583.8577397959175 333.4136076976279 5489.703 199.739 3582.2509404255316 2115
stats: size_rcv 49968 589061
stats: size_sent 31668 371280
stats: connected 2 108
# stats: dump at 1517249368
stats: users 110 110
stats: {freemem,"tsung_controller@jarvis"} 0 0 0 3175.26953125 3154.72265625 3163.0107421875 12
stats: {load,"tsung_controller@jarvis"} 0 0 0 0.3515625 0.08984375 0.2001953125 12
stats: {cpu,"tsung_controller@jarvis"} 0 0 0 1.8920128122775424 1.1125 1.3084299634474474 12
stats: users_count 0 110
stats: finish_users_count 0 0
stats: request 21 3684.7768571428564 189.97280962091745 5489.703 199.739 3582.387215923842 2311
stats: connect 2 0.948 0.011999999999999927 13.748 0.397 0.7975185185185185 297
stats: tr_loopTransaction 21 3684.9421428571436 189.96869240464846 5489.783 199.935 3582.5582583297273 2311
stats: page 21 3684.7768571428564 189.97280962091745 5489.703 199.739 3582.387215923842 2311
stats: 200 21 2332
stats: size_rcv 5353 594414
stats: size_sent 3744 375024
stats: connected 0 108
stats: error_abort 1 1
EndMonitor:{1517,249368,58762}
