# stats: dump at 1516793371
stats: users 116 166
stats: {freemem,"tsung_controller@jarvis"} 1 4013.3046875 0 4013.3046875 4013.3046875 0 0
stats: {load,"tsung_controller@jarvis"} 1 0.03125 0 0.03125 0.03125 0 0
stats: {cpu,"tsung_controller@jarvis"} 1 45.40636993714088 0 45.40636993714088 45.40636993714088 0 0
stats: session 1026 971.6781228070187 943.2764396812345 6647.909 12.117 0 0
stats: users_count 1142 1142
stats: finish_users_count 1026 1026
stats: request 964 70.58079564315351 49.84512127525371 215.387 7.81 0 0
stats: connect 970 0.5135979381443297 0.14076721734937023 4.142 0.334 0 0
stats: page 964 70.58079564315351 49.84512127525371 215.387 7.81 0 0
stats: 200 964 964
stats: size_rcv 247737 247737
stats: size_sent 60140 60140
stats: connected 6 6
# stats: dump at 1516793381
stats: users 140 172
stats: {freemem,"tsung_controller@jarvis"} 1 4012.515625 0.0 4013.3046875 4012.515625 4013.3046875 1
stats: {load,"tsung_controller@jarvis"} 1 0.01953125 0.0 0.03125 0.01953125 0.03125 1
stats: {cpu,"tsung_controller@jarvis"} 1 0.616274682429883 0.0 45.40636993714088 0.616274682429883 45.40636993714088 1
stats: session 1321 1042.0123996972025 959.2737065031978 11668.788 12.117 971.6781228070187 1026
stats: users_count 1345 2487
stats: finish_users_count 1321 2347
stats: request 1328 101.5174246987952 58.770508657453085 272.795 7.738 70.58079564315351 964
stats: connect 1330 0.4611172932330825 0.06132120352452295 4.142 0.308 0.5135979381443297 970
stats: page 1328 101.5174246987952 58.770508657453085 272.795 7.738 70.58079564315351 964
stats: 200 1328 2292
stats: size_rcv 340864 588601
stats: size_sent 82460 142600
stats: connected 2 8
# stats: dump at 1516793391
stats: users 162 180
stats: {freemem,"tsung_controller@jarvis"} 1 4009.7421875 0.0 4013.3046875 4009.7421875 4012.91015625 2
stats: {load,"tsung_controller@jarvis"} 1 0.01953125 0.0 0.03125 0.01953125 0.025390625 2
stats: {cpu,"tsung_controller@jarvis"} 1 1.1084519460889282 0.0 45.40636993714088 0.616274682429883 23.01132230978538 2
stats: session 1359 1102.779119205298 942.6085952070126 11668.788 12.117 1011.2655023434196 2347
stats: users_count 1381 3868
stats: finish_users_count 1359 3706
stats: request 1351 130.47286084381923 81.36116401623605 430.971 7.738 88.50568368237347 2292
stats: connect 1369 0.4454156318480639 0.0534384028262835 4.142 0.297 0.48325043478260854 2300
stats: page 1351 130.47286084381923 81.36116401623605 430.971 7.738 88.50568368237347 2292
stats: 200 1351 3643
stats: size_rcv 346403 935004
stats: size_sent 84878 227478
stats: connected 18 26
# stats: dump at 1516793401
stats: users 142 180
stats: {freemem,"tsung_controller@jarvis"} 1 4009.453125 0.0 4013.3046875 4009.453125 4011.8541666666665 3
stats: {load,"tsung_controller@jarvis"} 1 0.01953125 0.0 0.03125 0.01953125 0.0234375 3
stats: {cpu,"tsung_controller@jarvis"} 1 0.9681881051175657 0.0 45.40636993714088 0.616274682429883 15.710365521886564 3
stats: session 1327 1110.8436088922376 974.6448817903411 11668.788 12.117 1044.8237876416638 3706
stats: users_count 1307 5175
stats: finish_users_count 1327 5033
stats: request 1339 101.51338834951446 56.142912903239036 430.971 7.737 104.06913587702438 3643
stats: connect 1325 0.46771245283018803 0.06412287405444715 4.142 0.297 0.4691332788225672 3669
stats: page 1339 101.51338834951446 56.142912903239036 430.971 7.737 104.06913587702438 3643
stats: 200 1339 4982
stats: size_rcv 343461 1278465
stats: size_sent 82150 309628
stats: connected -14 12
# stats: dump at 1516793411
stats: users 176 188
stats: {freemem,"tsung_controller@jarvis"} 1 4009.26171875 0.0 4013.3046875 4009.26171875 4011.25390625 4
stats: {load,"tsung_controller@jarvis"} 1 0.01171875 0.0 0.03125 0.01171875 0.0224609375 4
stats: {cpu,"tsung_controller@jarvis"} 1 0.5414253336691011 0.0 45.40636993714088 0.5414253336691011 12.024821167694313 4
stats: session 1334 1122.688443778116 1002.5404776421007 11668.788 12.117 1062.2305634810264 5033
stats: users_count 1368 6543
stats: finish_users_count 1334 6367
stats: request 1328 135.5676152108435 88.74793283155265 430.971 7.725 103.38223384183051 4982
stats: connect 1358 0.43203313696612666 0.051736570111666484 4.142 0.297 0.46875630756908254 4994
stats: 200 1328 6310
stats: page 1328 135.5676152108435 88.74793283155265 430.971 7.725 103.38223384183051 4982
stats: size_rcv 340439 1618904
stats: size_sent 84196 393824
stats: connected 30 42
# stats: dump at 1516793421
stats: users 172 224
stats: {freemem,"tsung_controller@jarvis"} 1 4008.53515625 0.0 4013.3046875 4008.53515625 4010.85546875 5
stats: {load,"tsung_controller@jarvis"} 1 0.01171875 0.0 0.03125 0.01171875 0.0203125 5
stats: {cpu,"tsung_controller@jarvis"} 1 1.2465373961218837 0.0 45.40636993714088 0.5414253336691011 9.728142000889271 5
stats: session 1389 1400.3864391648667 1044.8805339487574 11668.788 12.117 1074.8975671430833 6367
stats: users_count 1385 7928
stats: finish_users_count 1389 7756
stats: connect 1373 0.4288193736343774 0.082454327354814 4.142 0.286 0.46090522670025164 6352
stats: page 1396 401.3549906876786 167.80488004339702 899.264 7.725 110.15595594294767 6310
stats: request 1396 401.3549906876786 167.80488004339702 899.264 7.725 110.15595594294767 6310
stats: 200 1396 7706
stats: size_rcv 357242 1976146
stats: size_sent 85126 478950
stats: connected -23 19
# stats: dump at 1516793431
stats: users 188 224
stats: {freemem,"tsung_controller@jarvis"} 1 4007.95703125 0.0 4013.3046875 4007.95703125 4010.46875 6
stats: {load,"tsung_controller@jarvis"} 1 0.01171875 0.0 0.03125 0.01171875 0.018880208333333332 6
stats: {cpu,"tsung_controller@jarvis"} 1 1.9394394394394394 0.0 45.40636993714088 0.5414253336691011 8.31454123342804 6
stats: session 1272 1299.7823286163507 1088.3233680707297 11668.788 12.117 1133.1884443011877 7756
stats: users_count 1288 9216
stats: finish_users_count 1272 9028
stats: request 1294 247.2643369397218 252.39738975980296 1067.599 7.725 162.90885660524256 7706
stats: connect 1317 0.45955808656036423 0.05466166250021925 4.142 0.286 0.4552024595469254 7725
stats: page 1294 247.2643369397218 252.39738975980296 1067.599 7.725 162.90885660524256 7706
stats: 200 1294 9000
stats: size_rcv 331792 2307938
stats: size_sent 81654 560604
stats: connected 23 42
# stats: dump at 1516793441
stats: users 189 224
stats: {freemem,"tsung_controller@jarvis"} 1 4006.6484375 0.0 4013.3046875 4006.6484375 4010.109933035714 7
stats: {load,"tsung_controller@jarvis"} 1 0.01171875 0.0 0.03125 0.01171875 0.017857142857142856 7
stats: {cpu,"tsung_controller@jarvis"} 1 1.0703941569071906 0.0 45.40636993714088 0.5414253336691011 7.403812405715383 7
stats: session 1401 1264.7165403283354 981.3614764279939 11668.788 12.117 1156.6606885245913 9028
stats: users_count 1402 10618
stats: finish_users_count 1401 10429
stats: page 1418 300.52230677009806 204.4858869904866 1067.599 6.141 175.03730011111105 9000
stats: request 1418 300.52230677009806 204.4858869904866 1067.599 6.141 175.03730011111105 9000
stats: 200 1418 10418
stats: connect 1384 0.4747579479768792 0.05493718110228722 4.142 0.286 0.4558368723733685 9042
stats: size_rcv 363237 2671175
stats: size_sent 85808 646412
stats: connected -34 8
# stats: dump at 1516793451
stats: users 167 224
stats: {freemem,"tsung_controller@jarvis"} 1 4006.48828125 0.0 4013.3046875 4006.48828125 4009.67724609375 8
stats: {load,"tsung_controller@jarvis"} 1 0.0 0.0 0.03125 0.0 0.01708984375 8
stats: {cpu,"tsung_controller@jarvis"} 1 1.2610340479192939 0.0 45.40636993714088 0.5414253336691011 6.612135124614359 8
stats: session 1386 1287.0648665223662 1058.202991557356 11668.788 12.117 1171.1765815514439 10429
stats: users_count 1364 11982
stats: finish_users_count 1386 11815
stats: request 1370 271.07779270073064 236.46195655557653 1067.599 6.141 192.1171368784794 10418
stats: connect 1362 0.4581497797356837 0.06281540354768878 4.142 0.286 0.45834855169767874 10426
stats: 200 1370 11788
stats: page 1370 271.07779270073064 236.46195655557653 1067.599 6.141 192.1171368784794 10418
stats: size_rcv 351126 3022301
stats: size_sent 84444 730856
stats: connected -8 0
# stats: dump at 1516793461
stats: users 121 224
stats: {freemem,"tsung_controller@jarvis"} 1 4006.62109375 0.0 4013.3046875 4006.48828125 4009.3229166666665 9
stats: {load,"tsung_controller@jarvis"} 1 0.0 0.0 0.03125 0.0 0.015190972222222222 9
stats: {cpu,"tsung_controller@jarvis"} 1 1.4303638644918444 0.0 45.40636993714088 0.5414253336691011 6.0175683383149075 9
stats: session 1331 1190.1551938392186 1023.4594343703499 11668.788 12.117 1184.7712631400768 11815
stats: users_count 1285 13267
stats: finish_users_count 1331 13146
stats: request 1314 187.10561491628607 190.7878596179233 1067.599 6.141 201.29393518832705 11788
stats: connect 1336 0.43848428143712503 0.05557196923722277 4.142 0.286 0.4583255853410247 11788
stats: page 1314 187.10561491628607 190.7878596179233 1067.599 6.141 201.29393518832705 11788
stats: 200 1314 13102
stats: size_rcv 336953 3359254
stats: size_sent 82832 813688
stats: connected 22 22
# stats: dump at 1516793471
stats: users 135 224
stats: {freemem,"tsung_controller@jarvis"} 1 4006.109375 0.0 4013.3046875 4006.109375 4009.052734375 10
stats: {load,"tsung_controller@jarvis"} 1 0.0 0.0 0.03125 0.0 0.013671875 10
stats: {cpu,"tsung_controller@jarvis"} 1 1.1951188828783494 0.0 45.40636993714088 0.5414253336691011 5.558847890932602 10
stats: session 1239 1117.8354665052486 1008.0779319051695 11668.788 12.117 1185.3163728130235 13146
stats: users_count 1253 14520
stats: finish_users_count 1239 14385
stats: connect 1227 0.4614327628361853 0.060641068622635436 4.142 0.274 0.45630577567814673 13124
stats: request 1244 102.57629180064313 122.50479692340072 1067.599 6.141 199.8709880934208 13102
stats: 200 1244 14346
stats: page 1244 102.57629180064313 122.50479692340072 1067.599 6.141 199.8709880934208 13102
stats: size_rcv 319327 3678581
stats: size_sent 76074 889762
stats: connected -17 5
# stats: dump at 1516793481
stats: users 142 224
stats: {freemem,"tsung_controller@jarvis"} 1 4005.9296875 0.0 4013.3046875 4005.9296875 4008.78515625 11
stats: {load,"tsung_controller@jarvis"} 1 0.0 0.0 0.03125 0.0 0.012428977272727272 11
stats: {cpu,"tsung_controller@jarvis"} 1 1.1443661971830987 0.0 45.40636993714088 0.5414253336691011 5.16214525383676 11
stats: session 1310 1116.2569206106866 951.6862376879942 11668.788 12.117 1179.5041487660762 14385
stats: users_count 1317 15837
stats: finish_users_count 1310 15695
stats: request 1300 128.3281015384616 136.25516943598765 1067.599 6.141 191.4341693154886 14346
stats: connect 1316 0.4494164133738606 0.05147933015035086 4.142 0.274 0.4567441293289664 14351
stats: page 1300 128.3281015384616 136.25516943598765 1067.599 6.141 191.4341693154886 14346
stats: 200 1300 15646
stats: size_rcv 333539 4012120
stats: size_sent 81592 971354
stats: connected 16 21
# stats: dump at 1516793491
stats: users 208 224
stats: {freemem,"tsung_controller@jarvis"} 1 4005.984375 0.0 4013.3046875 4005.9296875 4008.5472005208335 12
stats: {load,"tsung_controller@jarvis"} 1 0.0 0.0 0.03125 0.0 0.011393229166666666 12
stats: {cpu,"tsung_controller@jarvis"} 1 1.0714735913273665 0.0 45.40636993714088 0.5414253336691011 4.8273303324489545 12
stats: session 1344 1281.78838764881 940.3054958646605 11668.788 12.117 1174.2251510672193 15695
stats: users_count 1410 17247
stats: finish_users_count 1344 17039
stats: connect 1407 0.44776972281449867 0.04796724621496399 4.142 0.274 0.4561286142848023 15667
stats: request 1383 282.0529566160526 187.9061858473151 1067.599 6.141 186.19079157612165 15646
stats: page 1383 282.0529566160526 187.9061858473151 1067.599 6.141 186.19079157612165 15646
stats: 200 1383 17029
stats: size_rcv 354255 4366375
stats: size_sent 87234 1058588
stats: connected 24 45
# stats: dump at 1516793501
stats: users 173 224
stats: {freemem,"tsung_controller@jarvis"} 1 4005.5234375 0.0 4013.3046875 4005.5234375 4008.350060096154 13
stats: {load,"tsung_controller@jarvis"} 1 0.0 0.0 0.03125 0.0 0.010516826923076924 13
stats: {cpu,"tsung_controller@jarvis"} 1 1.2471655328798186 0.0 45.40636993714088 0.5414253336691011 4.538418275439602 13
stats: session 1395 1336.2282888888851 1018.9816484429812 11668.788 12.117 1182.7095098890786 17039
stats: users_count 1360 18607
stats: finish_users_count 1395 18434
stats: request 1360 355.28645073529407 199.4744975720633 1067.599 6.141 193.9761796934641 17029
stats: 200 1360 18389
stats: connect 1365 0.4462329670329672 0.04519210858924938 4.142 0.274 0.45543979149584146 17074
stats: page 1360 355.28645073529407 199.4744975720633 1067.599 6.141 193.9761796934641 17029
stats: size_rcv 348229 4714604
stats: size_sent 84630 1143218
stats: connected 5 50
# stats: dump at 1516793511
stats: users 146 226
stats: {freemem,"tsung_controller@jarvis"} 1 4004.90234375 0.0 4013.3046875 4004.90234375 4008.1481584821427 14
stats: {load,"tsung_controller@jarvis"} 1 0.0 0.0 0.03125 0.0 0.009765625 14
stats: {cpu,"tsung_controller@jarvis"} 1 1.0962701612903227 0.0 45.40636993714088 0.5414253336691011 4.303328793828189 14
stats: session 1410 1247.272059574467 971.5401994158026 11668.788 12.117 1194.3271022024524 18434
stats: users_count 1383 19990
stats: finish_users_count 1410 19844
stats: connect 1396 0.4524376790830952 0.051601234257024384 4.142 0.274 0.4547582298389283 18439
stats: request 1434 240.18672175732215 171.30576892779433 1067.599 6.141 205.9062448746533 18389
stats: page 1434 240.18672175732215 171.30576892779433 1067.599 6.141 205.9062448746533 18389
stats: 200 1434 19823
stats: size_rcv 367418 5082022
stats: size_sent 86552 1229770
stats: connected -38 12
# stats: dump at 1516793521
stats: users 151 226
stats: {freemem,"tsung_controller@jarvis"} 1 4004.71875 0.0 4013.3046875 4004.71875 4007.9317708333333 15
stats: {load,"tsung_controller@jarvis"} 1 0.0 0.0 0.03125 0.0 0.009114583333333334 15
stats: {cpu,"tsung_controller@jarvis"} 1 1.0473186119873816 0.0 45.40636993714088 0.5414253336691011 4.089524884992331 15
stats: session 1322 1143.0884667170953 977.9650850934399 11668.788 12.117 1198.0890650070553 19844
stats: users_count 1327 21317
stats: finish_users_count 1322 21166
stats: request 1326 152.36302187028667 131.61278253227772 1067.599 6.141 208.3861018009383 19823
stats: connect 1321 0.47290537471612343 0.05900858411385168 4.142 0.274 0.4545949079909251 19835
stats: page 1326 152.36302187028667 131.61278253227772 1067.599 6.141 208.3861018009383 19823
stats: 200 1326 21149
stats: size_rcv 340045 5422067
stats: size_sent 81902 1311672
stats: connected -5 7
# stats: dump at 1516793531
stats: users 167 226
stats: {freemem,"tsung_controller@jarvis"} 1 4004.02734375 0.0 4013.3046875 4004.02734375 4007.73095703125 16
stats: {load,"tsung_controller@jarvis"} 1 0.0 0.0 0.03125 0.0 0.008544921875 16
stats: {cpu,"tsung_controller@jarvis"} 1 0.9728363866077068 0.0 45.40636993714088 0.5414253336691011 3.8993869929295215 16
stats: session 1317 1178.8790706150355 1026.702775039229 11668.788 12.117 1194.6538013323259 21166
stats: users_count 1333 22650
stats: finish_users_count 1317 22483
stats: request 1320 145.57380984848513 126.09204442968851 1067.599 6.141 204.87356674074425 21149
stats: connect 1346 0.46588484398217006 0.06564734881359278 4.142 0.274 0.45573823028927957 21156
stats: page 1320 145.57380984848513 126.09204442968851 1067.599 6.141 204.87356674074425 21149
stats: 200 1320 22469
stats: size_rcv 338471 5760538
stats: size_sent 83452 1395124
stats: connected 26 33
# stats: dump at 1516793541
stats: users 124 226
stats: {freemem,"tsung_controller@jarvis"} 1 4003.73046875 0.0 4013.3046875 4003.73046875 4007.5130974264707 17
stats: {load,"tsung_controller@jarvis"} 1 0.0 0.0 0.03125 0.0 0.008042279411764705 17
stats: {cpu,"tsung_controller@jarvis"} 1 1.2964128382630586 0.0 45.40636993714088 0.5414253336691011 3.7272369572635324 17
stats: session 1310 1112.482604580155 984.5599422033938 11668.788 12.117 1193.7297555931152 22483
stats: users_count 1267 23917
stats: finish_users_count 1310 23793
stats: request 1293 117.25334184068076 108.1415148042101 1067.599 6.141 201.3898478793004 22469
stats: connect 1281 0.4620257611241218 0.06073201747698706 4.142 0.274 0.45634516931828273 22502
stats: page 1293 117.25334184068076 108.1415148042101 1067.599 6.141 201.3898478793004 22469
stats: 200 1293 23762
stats: size_rcv 331746 6092284
stats: size_sent 79422 1474546
stats: connected -12 21
# stats: dump at 1516793551
stats: users 0 226
stats: {freemem,"tsung_controller@jarvis"} 1 4003.140625 0.0 4013.3046875 4003.140625 4007.3029513888887 18
stats: {load,"tsung_controller@jarvis"} 1 0.0 0.0 0.03125 0.0 0.007595486111111111 18
stats: {cpu,"tsung_controller@jarvis"} 1 0.8576113002900744 0.0 45.40636993714088 0.5414253336691011 3.592191172874617 18
stats: session 280 1377.3179071428565 1162.8978590825955 11668.788 12.117 1189.2564328584042 23793
stats: users_count 156 24073
stats: finish_users_count 280 24073
stats: request 311 86.39922829581991 91.62077434798687 1067.599 6.141 196.8115925847993 23762
stats: connect 290 0.523744827586207 0.15050924037667374 4.142 0.274 0.4566511373670268 23783
stats: page 311 86.39922829581991 91.62077434798687 1067.599 6.141 196.8115925847993 23762
stats: 200 311 24073
stats: size_rcv 79869 6172153
stats: size_sent 17980 1492526
stats: connected -21 0
# stats: dump at 1516793552
stats: users 0 226
stats: {freemem,"tsung_controller@jarvis"} 1 4003.0859375 0.0 4013.3046875 4003.0859375 4007.0838815789475 19
stats: {load,"tsung_controller@jarvis"} 1 0.0 0.0 0.03125 0.0 0.007195723684210526 19
stats: {cpu,"tsung_controller@jarvis"} 1 0.21226120614308902 0.0 45.40636993714088 0.21226120614308902 3.448265916422799 19
stats: session 0 0 0 11668.788 12.117 1191.4438300585723 24073
stats: users_count 0 24073
stats: finish_users_count 0 24073
stats: connect 0 0 0 4.142 0.274 0.45745939434220906 24073
stats: 200 0 24073
stats: request 0 0 0 1067.599 6.141 195.3851710630167 24073
stats: page 0 0 0 1067.599 6.141 195.3851710630167 24073
stats: size_rcv 0 6172153
stats: size_sent 0 1492526
stats: connected 0 0
EndMonitor:{1516,793552,896121}
