# stats: dump at 1516813324
stats: users 600 622
stats: {freemem,"tsung_controller@jarvis"} 1 4017.71484375 0 4017.71484375 4017.71484375 0 0
stats: {load,"tsung_controller@jarvis"} 1 0.03125 0 0.03125 0.03125 0 0
stats: {cpu,"tsung_controller@jarvis"} 1 44.9208079668564 0 44.9208079668564 44.9208079668564 0 0
stats: session 1104 1905.1354474637699 1167.8225022871982 7840.944 25.059 0 0
stats: users_count 1704 1704
stats: finish_users_count 1104 1104
stats: connect 1265 114.9672956521739 321.8457886844281 1034.927 0.304 0 0
stats: request 1018 939.0456365422391 643.874961234114 3079.326 7.75 0 0
stats: page 1018 939.0456365422391 643.874961234114 3079.326 7.75 0 0
stats: 200 1018 1018
stats: size_rcv 260690 260690
stats: size_sent 78430 78430
stats: connected 247 247
# stats: dump at 1516813334
stats: users 1009 1072
stats: {freemem,"tsung_controller@jarvis"} 1 4007.1953125 0.0 4017.71484375 4007.1953125 4017.71484375 1
stats: {load,"tsung_controller@jarvis"} 1 0.03125 0.0 0.03125 0.03125 0.03125 1
stats: {cpu,"tsung_controller@jarvis"} 1 0.6220642376539292 0.0 44.9208079668564 0.6220642376539292 44.9208079668564 1
stats: session 1543 3506.6971121192455 1857.3851125421156 14657.311 25.059 1905.1354474637699 1104
stats: users_count 1952 3656
stats: finish_users_count 1543 2647
stats: request 1500 2479.468686666668 1533.0483996520513 11371.05 7.75 939.0456365422391 1018
stats: connect 1726 926.2619495944393 1634.209190484734 7299.88 0.301 114.9672956521739 1265
stats: page 1500 2479.468686666668 1533.0483996520513 11371.05 7.75 939.0456365422391 1018
stats: 200 1500 2518
stats: size_rcv 383481 644171
stats: size_sent 107012 185442
stats: connected 226 473
# stats: dump at 1516813344
stats: users 1035 1080
stats: {freemem,"tsung_controller@jarvis"} 1 3999.1015625 0.0 4017.71484375 3999.1015625 4012.455078125 2
stats: {load,"tsung_controller@jarvis"} 1 0.01953125 0.0 0.03125 0.01953125 0.03125 2
stats: {cpu,"tsung_controller@jarvis"} 1 0.8129048647275499 0.0 44.9208079668564 0.6220642376539292 22.771436102255166 2
stats: session 1828 3980.3417341356635 2978.087945528896 22745.345 25.059 2838.724283339629 2647
stats: users_count 1854 5510
stats: finish_users_count 1828 4475
stats: connect 1832 1149.1149994541488 2365.028705125144 15492.967 0.301 583.136661317286 2991
stats: request 1871 2975.2530673436704 2721.3632638182594 20780.496 7.75 1856.6924098490872 2518
stats: page 1871 2975.2530673436704 2721.3632638182594 20780.496 7.75 1856.6924098490872 2518
stats: 200 1871 4389
stats: size_rcv 478114 1122285
stats: size_sent 113584 299026
stats: connected -39 434
# stats: dump at 1516813354
stats: users 1144 1181
stats: {freemem,"tsung_controller@jarvis"} 1 3996.32421875 0.0 4017.71484375 3996.32421875 4008.00390625 3
stats: {load,"tsung_controller@jarvis"} 1 0.01953125 0.0 0.03125 0.01953125 0.02734375 3
stats: {cpu,"tsung_controller@jarvis"} 1 0.775292323335028 0.0 44.9208079668564 0.6220642376539292 15.451925689745961 3
stats: session 1812 4127.586983995581 3716.117390272969 31791.119 25.059 3305.065445363126 4475
stats: users_count 1921 7431
stats: finish_users_count 1812 6287
stats: connect 1874 1183.6783399146236 2624.8720390511858 15492.967 0.281 798.1215909185161 4823
stats: page 1896 3152.945232594938 3537.1372699164635 30492.041 7.75 2333.5269940761013 4389
stats: request 1896 3152.945232594938 3537.1372699164635 30492.041 7.75 2333.5269940761013 4389
stats: 200 1896 6285
stats: size_rcv 484492 1606777
stats: size_sent 116188 415214
stats: connected -22 412
# stats: dump at 1516813364
stats: users 1206 1260
stats: {freemem,"tsung_controller@jarvis"} 1 3994.33203125 0.0 4017.71484375 3994.33203125 4005.083984375 4
stats: {load,"tsung_controller@jarvis"} 1 0.01953125 0.0 0.03125 0.01953125 0.025390625 4
stats: {cpu,"tsung_controller@jarvis"} 1 0.7891052564592084 0.0 44.9208079668564 0.6220642376539292 11.782767348143228 4
stats: session 1879 4144.2369137839205 4449.094216168771 38738.894 25.059 3542.1274825831047 6287
stats: users_count 1941 9372
stats: finish_users_count 1879 8166
stats: request 1776 3131.8847798423362 4275.31656502759 35054.378 7.75 2580.721422116151 6285
stats: connect 1879 1511.9767205960586 4510.902092635493 31559.92 0.271 906.0106976258037 6697
stats: page 1776 3131.8847798423362 4275.31656502759 35054.378 7.75 2580.721422116151 6285
stats: 200 1776 8061
stats: size_rcv 453957 2060734
stats: size_sent 116498 531712
stats: connected 103 515
# stats: dump at 1516813374
stats: users 1285 1352
stats: {freemem,"tsung_controller@jarvis"} 1 4000.62109375 0.0 4017.71484375 3994.33203125 4002.93359375 5
stats: {load,"tsung_controller@jarvis"} 1 0.01171875 0.0 0.03125 0.01171875 0.02421875 5
stats: {cpu,"tsung_controller@jarvis"} 1 1.0814249363867683 0.0 44.9208079668564 0.6220642376539292 9.584034929806425 5
stats: session 1823 4328.226442676906 5991.859910949004 52782.184 25.059 3680.673113397008 8166
stats: users_count 1902 11274
stats: finish_users_count 1823 9989
stats: connect 1894 1341.103964097145 4416.4755081487165 31623.105 0.271 1038.777740205224 8576
stats: request 1807 2975.6019330381882 4402.416729552487 39739.159 7.75 2702.1537659099367 8061
stats: page 1807 2975.6019330381882 4402.416729552487 39739.159 7.75 2702.1537659099367 8061
stats: 200 1807 9868
stats: size_rcv 462046 2522780
stats: size_sent 117428 649140
stats: connected 87 602
stats: error_connect_timeout 31 31
# stats: dump at 1516813384
stats: users 1331 1400
stats: {freemem,"tsung_controller@jarvis"} 1 3999.51171875 0.0 4017.71484375 3994.33203125 4002.5481770833335 6
stats: {load,"tsung_controller@jarvis"} 1 0.01171875 0.0 0.03125 0.01171875 0.022135416666666668 6
stats: {cpu,"tsung_controller@jarvis"} 1 1.2605042016806722 0.0 44.9208079668564 0.6220642376539292 8.166933264236482 6
stats: session 1862 6197.383092373793 11009.592336794378 62878.701 25.059 3798.8520821904067 9989
stats: users_count 1908 13182
stats: finish_users_count 1862 11851
stats: request 1869 3801.3852766185087 7289.904885083743 57583.847 7.75 2752.226813944062 9868
stats: connect 1887 1629.7119947005792 4456.3828398978285 31623.105 0.271 1093.4678899713463 10470
stats: page 1869 3801.3852766185087 7289.904885083743 57583.847 7.75 2752.226813944062 9868
stats: 200 1869 11737
stats: size_rcv 477818 3000598
stats: size_sent 116994 766134
stats: connected 18 620
stats: error_connect_timeout 68 99
# stats: dump at 1516813394
stats: users 1422 1459
stats: {freemem,"tsung_controller@jarvis"} 1 3996.4453125 0.0 4017.71484375 3994.33203125 4002.1143973214284 7
stats: {load,"tsung_controller@jarvis"} 1 0.01171875 0.0 0.03125 0.01171875 0.020647321428571428 7
stats: {cpu,"tsung_controller@jarvis"} 1 1.167957344166561 0.0 44.9208079668564 0.6220642376539292 7.1803005410142235 7
stats: session 1784 5727.021965246622 10127.610125876383 70651.001 25.059 4175.703380896125 11851
stats: users_count 1875 15057
stats: finish_users_count 1784 13635
stats: connect 1868 1245.635852783726 3470.412039465171 31623.105 0.271 1175.3561011572378 12357
stats: request 1819 3722.0152985156697 7255.774186110098 69752.996 7.75 2919.294818267019 11737
stats: page 1819 3722.0152985156697 7255.774186110098 69752.996 7.75 2919.294818267019 11737
stats: 200 1819 13556
stats: size_rcv 465155 3465753
stats: size_sent 115816 881950
stats: connected 49 669
stats: error_connect_timeout 39 138
# stats: dump at 1516813404
stats: users 1533 1535
stats: {freemem,"tsung_controller@jarvis"} 1 3992.0859375 0.0 4017.71484375 3992.0859375 4001.40576171875 8
stats: {load,"tsung_controller@jarvis"} 1 0.01171875 0.0 0.03125 0.01171875 0.01953125 8
stats: {cpu,"tsung_controller@jarvis"} 1 0.9028484231943033 0.0 44.9208079668564 0.6220642376539292 6.428757641408265 8
stats: session 1804 5814.135348669626 10028.581252203485 74372.64 25.059 4378.677517638427 13635
stats: users_count 1915 16972
stats: finish_users_count 1804 15439
stats: connect 1897 1576.2824090669483 4099.227106653721 31623.105 0.271 1184.585104745166 14225
stats: request 1841 3417.2346675719705 5727.365781087704 71958.619 7.75 3027.0071636175862 13556
stats: page 1841 3417.2346675719705 5727.365781087704 71958.619 7.75 3027.0071636175862 13556
stats: 200 1841 15397
stats: size_rcv 470613 3936366
stats: size_sent 117614 999564
stats: connected 56 725
stats: error_connect_timeout 53 191
# stats: dump at 1516813414
stats: users 1584 1612
stats: {freemem,"tsung_controller@jarvis"} 1 3966.5390625 0.0 4017.71484375 3966.5390625 4000.3702256944443 9
stats: {load,"tsung_controller@jarvis"} 1 0.078125 0.0 0.078125 0.01171875 0.018663194444444444 9
stats: {cpu,"tsung_controller@jarvis"} 1 1.101011394187684 0.0 44.9208079668564 0.6220642376539292 5.814767728273381 9
stats: session 1848 6216.939997294362 10929.038226800105 87575.3 25.059 4546.4063813718485 15439
stats: users_count 1899 18871
stats: finish_users_count 1848 17287
stats: request 1864 3947.252613733906 7443.15009540133 84690.284 7.75 3073.666177372215 15397
stats: connect 1882 1767.2896307120097 4906.760175109504 31623.105 0.271 1230.6742863788604 16122
stats: page 1864 3947.252613733906 7443.15009540133 84690.284 7.75 3073.666177372215 15397
stats: 200 1864 17261
stats: size_rcv 476400 4412766
stats: size_sent 116684 1116248
stats: connected 18 743
stats: error_connect_timeout 45 236
# stats: dump at 1516813424
stats: users 1687 1730
stats: {freemem,"tsung_controller@jarvis"} 1 3964.44140625 0.0 4017.71484375 3964.44140625 3996.987109375 10
stats: {load,"tsung_controller@jarvis"} 1 0.0703125 0.0 0.078125 0.01171875 0.024609375 10
stats: {cpu,"tsung_controller@jarvis"} 1 1.8306636155606408 0.0 44.9208079668564 0.6220642376539292 5.343392094864812 10
stats: session 1846 5482.359985915499 10338.852938837212 93205.102 25.059 4724.988328628446 17287
stats: users_count 1949 20820
stats: finish_users_count 1846 19133
stats: request 1787 3531.2142193620657 7322.958139460297 87206.497 7.75 3168.003997740571 17261
stats: connect 1885 990.0193267904467 2901.0583598633652 31623.105 0.271 1286.7679365696506 18004
stats: page 1787 3531.2142193620657 7322.958139460297 87206.497 7.75 3168.003997740571 17261
stats: 200 1787 19048
stats: size_rcv 456673 4869439
stats: size_sent 116870 1233118
stats: connected 98 841
stats: error_connect_timeout 61 297
# stats: dump at 1516813434
stats: users 1793 1832
stats: {freemem,"tsung_controller@jarvis"} 1 3977.06640625 0.0 4017.71484375 3964.44140625 3994.028409090909 11
stats: {load,"tsung_controller@jarvis"} 1 0.05859375 0.0 0.078125 0.01171875 0.028764204545454544 11
stats: {cpu,"tsung_controller@jarvis"} 1 1.468335035750766 0.0 44.9208079668564 0.6220642376539292 5.0240531422007955 11
stats: session 1827 7200.0290580186065 15403.850273703103 111330.235 25.059 4798.061452516592 19133
stats: users_count 1933 22753
stats: finish_users_count 1827 20960
stats: request 1884 3754.82717622081 10063.133008736653 109702.259 7.75 3202.078791211676 19048
stats: page 1884 3754.82717622081 10063.133008736653 109702.259 7.75 3202.078791211676 19048
stats: connect 1899 1237.2292317008937 3530.2037666236247 31623.105 0.271 1258.6432883000643 19889
stats: 200 1872 20920
stats: size_rcv 478491 5347930
stats: size_sent 117738 1350856
stats: connected 15 856
stats: error_connect_timeout 80 377
# stats: dump at 1516813444
stats: users 1981 2003
stats: {freemem,"tsung_controller@jarvis"} 1 3974.48046875 0.0 4017.71484375 3964.44140625 3992.6149088541665 12
stats: {load,"tsung_controller@jarvis"} 1 0.05078125 0.0 0.078125 0.01171875 0.03125 12
stats: {cpu,"tsung_controller@jarvis"} 1 1.5630956919557757 0.0 44.9208079668564 0.6220642376539292 4.727743299996626 12
stats: session 1876 7210.523254797441 16101.28859300732 115934.205 25.059 5007.431434160303 20960
stats: users_count 2064 24817
stats: finish_users_count 1876 22836
stats: request 1845 4954.270207588073 13903.780045540594 114812.114 7.75 3251.829314685649 20932
stats: connect 1927 1323.4043663726027 3911.0624945699883 31623.964 0.271 1256.7768804846694 21788
stats: page 1845 4954.270207588073 13903.780045540594 114812.114 7.75 3251.829314685649 20932
stats: 200 1821 22741
stats: size_rcv 465448 5813378
stats: size_sent 119474 1470330
stats: connected 82 938
stats: error_connect_timeout 46 423
# stats: dump at 1516813454
stats: users 2098 2133
stats: {freemem,"tsung_controller@jarvis"} 1 3974.8359375 0.0 4017.71484375 3964.44140625 3991.219951923077 13
stats: {load,"tsung_controller@jarvis"} 1 0.0390625 0.0 0.078125 0.01171875 0.03275240384615385 13
stats: {cpu,"tsung_controller@jarvis"} 1 1.5143802494273353 0.0 44.9208079668564 0.6220642376539292 4.484308868608869 13
stats: session 1838 6642.126137105545 12297.690402779148 117874.003 25.059 5188.4176075494815 22836
stats: users_count 1955 26772
stats: finish_users_count 1838 24674
stats: request 1833 3610.0155493726133 7743.915902979374 116821.059 7.75 3389.731735873908 22777
stats: connect 1895 1290.4859102902365 3329.687186618739 31623.964 0.271 1262.190802698713 23715
stats: page 1833 3610.0155493726133 7743.915902979374 116821.059 7.75 3389.731735873908 22777
stats: 200 1832 24573
stats: size_rcv 468391 6281769
stats: size_sent 117490 1587820
stats: connected 62 1000
stats: error_connect_timeout 96 519
# stats: dump at 1516813464
stats: users 2203 2247
stats: {freemem,"tsung_controller@jarvis"} 1 3969.12890625 0.0 4017.71484375 3964.44140625 3990.0496651785716 14
stats: {load,"tsung_controller@jarvis"} 1 0.03125 0.0 0.078125 0.01171875 0.033203125 14
stats: {cpu,"tsung_controller@jarvis"} 1 1.419800460475825 0.0 44.9208079668564 0.6220642376539292 4.272171110095902 14
stats: session 1847 8793.936076340024 18638.52900864681 124724.969 25.059 5296.706343762663 24674
stats: users_count 1952 28724
stats: finish_users_count 1847 26521
stats: request 1862 5591.190564446826 15702.74400394518 123361.97 7.75 3406.138896789923 24610
stats: connect 1901 1325.3495812730162 4024.2682362185474 31623.964 0.271 1264.2844859820373 25610
stats: page 1862 5591.190564446826 15702.74400394518 123361.97 7.75 3406.138896789923 24610
stats: 200 1831 26404
stats: size_rcv 468123 6749892
stats: size_sent 117862 1705682
stats: connected 39 1039
stats: error_connect_timeout 104 623
# stats: dump at 1516813474
stats: users 2295 2315
stats: {freemem,"tsung_controller@jarvis"} 1 3969.62109375 0.0 4017.71484375 3964.44140625 3988.6549479166665 15
stats: {load,"tsung_controller@jarvis"} 1 0.1015625 0.0 0.1015625 0.01171875 0.03307291666666667 15
stats: {cpu,"tsung_controller@jarvis"} 1 1.615798922800718 0.0 44.9208079668564 0.6220642376539292 4.082013066787897 15
stats: session 1881 9512.548404572026 20605.209023341937 143569.212 25.059 5540.263649900078 26521
stats: users_count 1973 30697
stats: finish_users_count 1881 28402
stats: page 1891 5640.454488101543 17210.30794052381 139417.961 7.75 3559.8320897929884 26472
stats: request 1891 5640.454488101543 17210.30794052381 139417.961 7.75 3559.8320897929884 26472
stats: connect 1869 1183.3906350989864 3450.8806969523544 31623.964 0.271 1268.5040616480674 27511
stats: 200 1855 28259
stats: size_rcv 474257 7224149
stats: size_sent 115878 1821560
stats: connected -22 1017
stats: error_connect_timeout 134 757
# stats: dump at 1516813484
stats: users 2391 2427
stats: {freemem,"tsung_controller@jarvis"} 1 3971.80859375 0.0 4017.71484375 3964.44140625 3987.46533203125 16
stats: {load,"tsung_controller@jarvis"} 1 0.078125 0.0 0.1015625 0.01171875 0.037353515625 16
stats: {cpu,"tsung_controller@jarvis"} 1 1.7928031758227685 0.0 44.9208079668564 0.6220642376539292 3.9278746827886986 16
stats: session 1838 9873.36131392816 20063.550000093182 160248.19 25.059 5803.339053869445 28402
stats: users_count 1934 32631
stats: finish_users_count 1838 30240
stats: connect 1941 1780.6575739309637 4656.636227804786 31623.964 0.271 1263.089596221919 29380
stats: request 1850 5299.7746227027055 14848.93440461227 139417.961 7.75 3698.550030603251 28363
stats: page 1850 5299.7746227027055 14848.93440461227 139417.961 7.75 3698.550030603251 28363
stats: 200 1824 30083
stats: size_rcv 466302 7690451
stats: size_sent 120342 1941902
stats: connected 91 1108
stats: error_connect_timeout 129 886
# stats: dump at 1516813494
stats: users 2443 2483
stats: {freemem,"tsung_controller@jarvis"} 1 3967.55078125 0.0 4017.71484375 3964.44140625 3986.5443474264707 17
stats: {load,"tsung_controller@jarvis"} 1 0.1484375 0.0 0.1484375 0.01171875 0.039751838235294115 17
stats: {cpu,"tsung_controller@jarvis"} 1 2.1195097037793666 0.0 44.9208079668564 0.6220642376539292 3.8022822412024673 17
stats: session 1888 11895.64966048729 25245.96008799581 163565.28 25.059 6050.716729596559 30240
stats: users_count 1940 34571
stats: finish_users_count 1888 32128
stats: page 1885 7573.303116180371 21672.26281212895 139417.961 7.75 3796.596086783835 30213
stats: request 1885 7573.303116180371 21672.26281212895 139417.961 7.75 3796.596086783835 30213
stats: connect 1919 1427.801135487233 4273.3061872120015 31623.964 0.271 1295.1639056224253 31321
stats: 200 1818 31901
stats: size_rcv 464658 8155109
stats: size_sent 118978 2060880
stats: connected 34 1142
stats: error_connect_timeout 155 1041
# stats: dump at 1516813504
stats: users 883 2483
stats: {freemem,"tsung_controller@jarvis"} 1 3959.00390625 0.0 4017.71484375 3959.00390625 3985.4891493055557 18
stats: {load,"tsung_controller@jarvis"} 1 0.12109375 0.0 0.1484375 0.01171875 0.04578993055555555 18
stats: {cpu,"tsung_controller@jarvis"} 1 2.08040842373963 0.0 44.9208079668564 0.6220642376539292 3.7087948780122955 18
stats: session 1565 24155.443619808317 27044.382676577312 163565.28 25.059 6394.193863981573 32128
stats: users_count 5 34576
stats: finish_users_count 1565 33693
stats: connect 914 9608.601822757113 11447.986597734463 31623.964 0.271 1302.8212715703967 33240
stats: page 1594 15905.145489335038 23033.844627433275 139417.961 7.75 4018.388495981058 32098
stats: 200 1566 33467
stats: request 1594 15905.145489335038 23033.844627433275 139417.961 7.75 4018.388495981058 32098
stats: size_rcv 400581 8555690
stats: size_sent 56668 2117548
stats: connected -680 462
stats: error_connect_timeout 119 1160
# stats: dump at 1516813514
stats: users 310 2483
stats: {freemem,"tsung_controller@jarvis"} 1 3966.69140625 0.0 4017.71484375 3959.00390625 3984.0951891447367 19
stats: {load,"tsung_controller@jarvis"} 1 0.1015625 0.0 0.1484375 0.01171875 0.04975328947368421 19
stats: {cpu,"tsung_controller@jarvis"} 1 0.7293762575452717 0.0 44.9208079668564 0.6220642376539292 3.623090327787418 19
stats: session 573 50415.740734729465 25144.882772112105 163565.28 25.059 7219.182908230196 33693
stats: users_count 0 34576
stats: finish_users_count 573 34266
stats: request 574 32862.16827526131 29892.699214038043 139641.359 7.711 4580.762075685625 33692
stats: connect 398 18216.793685929642 15043.558733114993 31623.964 0.271 1525.0934336534517 34154
stats: page 574 32862.16827526131 29892.699214038043 139641.359 7.711 4580.762075685625 33692
stats: 200 568 34035
stats: size_rcv 145745 8701435
stats: size_sent 24676 2142224
stats: connected -176 286
stats: error_connect_timeout 154 1314
# stats: dump at 1516813524
stats: users 179 2483
stats: {freemem,"tsung_controller@jarvis"} 1 3970.98046875 0.0 4017.71484375 3959.00390625 3983.225 20
stats: {load,"tsung_controller@jarvis"} 1 0.08984375 0.0 0.1484375 0.01171875 0.05234375 20
stats: {cpu,"tsung_controller@jarvis"} 1 0.5131414267834793 0.0 44.9208079668564 0.5131414267834793 3.478404624275311 20
stats: session 131 87101.04286259544 31970.58779724808 163565.28 25.059 7941.520725150294 34266
stats: users_count 0 34576
stats: finish_users_count 131 34397
stats: page 131 73953.10918320608 44617.42925482237 139641.359 7.711 5054.512357555596 34266
stats: request 131 73953.10918320608 44617.42925482237 139641.359 7.711 5054.512357555596 34266
stats: connect 24 0.5687916666666665 0.12975360597643865 31623.964 0.271 1717.362960754804 34552
stats: 200 74 34109
stats: size_rcv 19017 8720452
stats: size_sent 1488 2143712
stats: connected -107 179
stats: error_connect_timeout 24 1338
# stats: dump at 1516813534
stats: users 119 2483
stats: {freemem,"tsung_controller@jarvis"} 1 3973.26953125 0.0 4017.71484375 3959.00390625 3982.6419270833335 21
stats: {load,"tsung_controller@jarvis"} 1 0.0703125 0.0 0.1484375 0.01171875 0.05412946428571429 21
stats: {cpu,"tsung_controller@jarvis"} 1 0.1374312843578211 0.0 44.9208079668564 0.1374312843578211 3.3372016148709376 21
stats: session 60 114652.94866666666 26806.386488817687 212422.744 25.059 8242.997522545571 34397
stats: users_count 0 34576
stats: finish_users_count 60 34457
stats: request 60 108652.60131666668 17435.82970771852 139641.359 7.711 5316.910711602758 34397
stats: connect 0 0 0 31623.964 0.271 1716.1712942792683 34576
stats: page 60 108652.60131666668 17435.82970771852 139641.359 7.711 5316.910711602758 34397
stats: 200 5 34114
stats: size_rcv 1286 8721738
stats: size_sent 0 2143712
stats: connected -60 119
stats: error_connect_timeout 0 1338
# stats: dump at 1516813544
stats: users 65 2483
stats: {freemem,"tsung_controller@jarvis"} 1 3974.6484375 0.0 4017.71484375 3959.00390625 3982.215909090909 22
stats: {load,"tsung_controller@jarvis"} 1 0.05859375 0.0 0.1484375 0.01171875 0.054865056818181816 22
stats: {cpu,"tsung_controller@jarvis"} 1 0.08742350443362058 0.0 44.9208079668564 0.08742350443362058 3.191757508938523 22
stats: session 54 118633.6034814815 13349.131074953233 212422.744 25.059 8428.289250457092 34457
stats: users_count 0 34576
stats: finish_users_count 54 34511
stats: connect 0 0 0 31623.964 0.271 1716.1712942792683 34576
stats: request 54 114849.38068518516 8388.491303627012 139641.359 7.711 5496.849227326815 34457
stats: page 54 114849.38068518516 8388.491303627012 139641.359 7.711 5496.849227326815 34457
stats: 200 0 34114
stats: size_rcv 0 8721738
stats: size_sent 0 2143712
stats: connected -54 65
stats: error_connect_timeout 0 1338
# stats: dump at 1516813554
stats: users 0 2483
stats: {freemem,"tsung_controller@jarvis"} 1 3977.625 0.0 4017.71484375 3959.00390625 3981.8868885869565 23
stats: {load,"tsung_controller@jarvis"} 1 0.05078125 0.0 0.1484375 0.01171875 0.05502717391304348 23
stats: {cpu,"tsung_controller@jarvis"} 1 0.08742350443362058 0.0 44.9208079668564 0.08742350443362058 3.0567864652643966 23
stats: session 65 134229.11204615387 43583.56253275451 224657.271 25.059 8600.72954394251 34511
stats: users_count 0 34576
stats: finish_users_count 65 34576
stats: request 65 133321.96556923076 43380.0477585187 221787.885 7.711 5667.955155834374 34511
stats: page 65 133321.96556923076 43380.0477585187 221787.885 7.711 5667.955155834374 34511
stats: connect 0 0 0 31623.964 0.271 1716.1712942792683 34576
stats: 200 0 34114
stats: size_rcv 0 8721738
stats: size_sent 0 2143712
stats: connected -65 0
stats: error_connect_timeout 0 1338
# stats: dump at 1516813554
stats: users 0 2483
stats: {freemem,"tsung_controller@jarvis"} 0 0 0 4017.71484375 3959.00390625 3981.7093098958335 24
stats: {load,"tsung_controller@jarvis"} 0 0 0 0.1484375 0.01171875 0.054850260416666664 24
stats: {cpu,"tsung_controller@jarvis"} 0 0 0 44.9208079668564 0.08742350443362058 2.933063008563114 24
stats: session 0 0 0 224657.271 25.059 8836.900438859324 34576
stats: users_count 0 34576
stats: finish_users_count 0 34576
stats: page 0 0 0 221787.885 7.711 5907.934062500002 34576
stats: request 0 0 0 221787.885 7.711 5907.934062500002 34576
stats: connect 0 0 0 31623.964 0.271 1716.1712942792683 34576
stats: 200 0 34114
stats: size_rcv 0 8721738
stats: size_sent 0 2143712
stats: connected 0 0
stats: error_connect_timeout 0 1338
EndMonitor:{1516,813554,547801}
