procs -----------memory---------- ---swap-- -----io---- -system-- ------cpu-----
 r  b   swpd   free   buff  cache   si   so    bi    bo   in   cs us sy id wa st
 2  0      0 15064216 147848 888296    0    0    65    53  209  175 37  1 61  1  0
 1  0      0 15064268 147856 888300    0    0     0    96  360  192 62  0 37  1  0
 1  0      0 15064268 147856 888300    0    0     0     0  345  163 61  0 39  0  0
 1  0      0 15064268 147856 888300    0    0     0     0  354  163 61  0 39  0  0
 1  0      0 15064268 147856 888304    0    0     0     0  341  159 61  0 39  0  0
 1  0      0 15064268 147856 888304    0    0     0     0  355  159 61  0 39  0  0
 1  0      0 15064268 147864 888296    0    0     0    28  351  180 61  0 37  2  0
 1  0      0 15064268 147864 888308    0    0     0     0  360  169 61  0 39  0  0
 1  0      0 15064268 147864 888308    0    0     0     0  341  153 61  0 39  0  0
 1  0      0 15064268 147864 888308    0    0     0     0  359  158 61  0 39  0  0
 1  0      0 15064268 147864 888312    0    0     0     0  341  163 61  0 39  0  0
 1  0      0 15064268 147872 888304    0    0     0    16  365  179 60  0 37  3  0
 1  0      0 15064268 147872 888312    0    0     0     0  343  161 61  0 39  0  0
 1  0      0 15064268 147872 888312    0    0     0     0  358  167 61  0 39  0  0
 1  0      0 15064268 147872 888316    0    0     0     0  347  161 61  0 39  0  0
 1  0      0 15064268 147872 888316    0    0     0     0  361  170 60  1 39  0  0
 1  0      0 15064268 147880 888308    0    0     0    16  340  177 62  0 37  1  0
 1  0      0 15064268 147880 888320    0    0     0    96  377  165 61  0 39  0  0
 1  0      0 15064268 147880 888320    0    0     0     0  345  161 61  0 39  0  0
 1  0      0 15064268 147880 888320    0    0     0     0  361  172 61  0 39  0  0
 1  0      0 15064268 147880 888320    0    0     0     0  343  163 61  0 39  0  0
procs -----------memory---------- ---swap-- -----io---- -system-- ------cpu-----
 r  b   swpd   free   buff  cache   si   so    bi    bo   in   cs us sy id wa st
 1  0      0 15064268 147888 888324    0    0     0    16  357  187 61  0 36  3  0
 1  0      0 15064268 147888 888324    0    0     0     4  352  177 60  1 39  0  0
 1  0      0 15064268 147888 888324    0    0     0     0  352  168 61  0 39  0  0
 1  0      0 15064268 147888 888328    0    0     0     0  344  164 61  0 39  0  0
 1  0      0 15064268 147888 888328    0    0     0     0  362  166 61  0 39  0  0
 1  0      0 15064268 147896 888320    0    0     0    16  347  182 61  0 37  2  0
 1  0      0 15064268 147896 888332    0    0     0     0  354  163 61  0 39  0  0
 1  0      0 15064268 147896 888332    0    0     0     0  347  159 61  0 39  0  0
 1  0      0 15064268 147896 888332    0    0     0     0  356  163 61  0 39  0  0
 1  0      0 15064268 147896 888336    0    0     0     0  357  170 61  0 39  0  0
 1  0      0 15064268 147904 888328    0    0     0    16  354  177 61  1 37  1  0
 1  0      0 15064268 147904 888336    0    0     0    52  351  165 61  0 39  0  0
 1  0      0 15064268 147904 888336    0    0     0     0  359  173 60  1 39  0  0
 1  0      0 15064268 147904 888340    0    0     0     0  349  170 61  0 39  0  0
 1  0      0 15064268 147904 888340    0    0     0     0  357  170 61  0 39  0  0
 1  0      0 15064268 147912 888340    0    0     0    44  345  176 61  0 36  3  0
 1  0      0 15064268 147912 888340    0    0     0     0  360  171 61  0 39  0  0
 1  0      0 15064268 147912 888344    0    0     0     0  344  162 61  0 39  0  0
 1  0      0 15064268 147912 888344    0    0     0     0  365  160 61  0 39  0  0
 1  0      0 15064268 147912 888344    0    0     0     0  335  159 62  0 38  0  0
 1  0      0 15064268 147920 888348    0    0     0    16  363  182 60  0 38  2  0
procs -----------memory---------- ---swap-- -----io---- -system-- ------cpu-----
 r  b   swpd   free   buff  cache   si   so    bi    bo   in   cs us sy id wa st
 1  0      0 15064268 147920 888348    0    0     0     0  341  160 61  0 39  0  0
 1  0      0 15064268 147920 888348    0    0     0     0  347  165 61  0 39  0  0
 1  0      0 15064268 147920 888356    0    0     0     0  343  162 60  1 39  0  0
 1  0      0 15064268 147920 888356    0    0     0     0  349  169 61  0 39  0  0
 1  0      0 15064268 147928 888348    0    0     0    16  351  178 61  0 37  2  0
 1  0      0 15064268 147928 888360    0    0     0     0  358  173 61  0 39  0  0
 1  0      0 15064268 147928 888360    0    0     0     0  341  162 61  0 39  0  0
 2  0      0 15063376 147928 888360    0    0     0     0  394  485 66  1 33  0  0
 1  0      0 15063772 147928 888360    0    0     0     0  382  649 71  3 26  0  0
 1  0      0 15063772 147936 888356    0    0     0    68  353  178 60  1 37  2  0
 1  0      0 15063772 147936 888364    0    0     0    80  380  180 61  0 39  0  0
 1  0      0 15063772 147936 888364    0    0     0     0  384  232 62  0 38  0  0
 1  0      0 15063772 147936 888364    0    0     0     0  349  168 61  0 39  0  0
 1  0      0 15063772 147936 888368    0    0     0     0  360  179 61  0 39  0  0
 1  0      0 15063772 147944 888360    0    0     0    16  367  206 61  1 36  2  0
 1  0      0 15063772 147944 888372    0    0     4     0  369  203 62  0 38  0  0
 1  0      0 15063772 147944 888376    0    0     0     0  345  161 61  0 39  0  0
 1  0      0 15063772 147944 888376    0    0     0     0  366  179 62  0 38  0  0
 1  0      0 15063772 147944 888376    0    0     0     0  353  174 61  0 39  0  0
 1  0      0 15063772 147952 888372    0    0     0    16  406  291 60  1 36  3  0
 1  0      0 15063772 147952 888380    0    0     0     0  388  242 61  0 39  0  0
procs -----------memory---------- ---swap-- -----io---- -system-- ------cpu-----
 r  b   swpd   free   buff  cache   si   so    bi    bo   in   cs us sy id wa st
 1  0      0 15063772 147952 888380    0    0     0    48  365  194 60  1 39  0  0
 1  0      0 15063640 147952 888396    0    0     0     0  374  437 66  2 32  0  0
 2  0      0 15063640 147952 888396    0    0     0     0  368  208 61  0 39  0  0
 1  0      0 15060780 147964 888440    0    0    44    92  394  273 65  0 32  3  0
 1  0      0 15060780 147964 888440    0    0     0     0  383  218 60  1 39  0  0
 1  0      0 15060780 147964 888444    0    0     0     0  364  191 61  1 38  0  0
 1  0      0 15060780 147964 888444    0    0     0     0  375  191 61  0 39  0  0
 1  0      0 15060780 147964 888444    0    0     0     0  355  159 61  0 39  0  0
 1  0      0 15060780 147972 888436    0    0     0    16  359  172 60  0 38  2  0
 1  0      0 15060780 147972 888448    0    0     0     0  345  163 62  0 38  0  0
 1  0      0 15060780 147972 888448    0    0     0     0  361  170 60  1 39  0  0
 1  0      0 15060780 147972 888448    0    0     0     0  366  196 61  0 39  0  0
 1  0      0 15060780 147972 888452    0    0     0     0  353  169 62  0 38  0  0
 1  0      0 15060780 147980 888444    0    0     0    16  355  179 61  0 38  1  0
 1  0      0 15060780 147980 888452    0    0     0     0  367  186 60  1 39  0  0
 1  0      0 15060780 147980 888452    0    0     0     0  372  212 62  0 38  0  0
 1  0      0 15060656 147980 888456    0    0     0     0  371  199 61  0 39  0  0
 1  0      0 15060656 147980 888456    0    0     0     0  373  199 60  1 39  0  0
 1  0      0 15060656 147988 888460    0    0     0    16  371  199 61  0 37  2  0
 1  0      0 15060656 147988 888460    0    0     0     0  370  196 62  0 38  0  0
 1  0      0 15060656 147988 888460    0    0     0     4  369  186 60  1 39  0  0
procs -----------memory---------- ---swap-- -----io---- -system-- ------cpu-----
 r  b   swpd   free   buff  cache   si   so    bi    bo   in   cs us sy id wa st
 1  0      0 15060656 147988 888460    0    0     0     0  361  174 60  1 39  0  0
 1  0      0 15060656 147988 888464    0    0     0     0  395  220 61  1 38  0  0
 1  0      0 15060656 147996 888456    0    0     0    16  370  201 62  0 36  2  0
 1  0      0 15060656 147996 888464    0    0     0     0  375  190 61  0 39  0  0
 1  0      0 15060656 148004 888472    0    0     0   116  387  199 61  0 38  1  0
 1  0      0 15060656 148004 888480    0    0     0     0  369  179 61  0 39  0  0
 1  0      0 15060656 148004 888480    0    0     0     0  353  176 61  0 39  0  0
 1  0      0 15060656 148004 888480    0    0     0     0  362  177 62  0 38  0  0
 1  0      0 15060656 148004 888484    0    0     0     0  360  182 61  0 39  0  0
 1  0      0 15060656 148012 888484    0    0     0    56  376  231 62  0 36  2  0
 1  0      0 15060656 148012 888484    0    0     0     0  375  199 62  0 38  0  0
 1  0      0 15060656 148012 888484    0    0     0     0  377  191 61  0 39  0  0
 1  0      0 15060656 148012 888488    0    0     0     0  359  181 61  1 38  0  0
 1  0      0 15060656 148012 888488    0    0     0     0  362  176 61  0 39  0  0
 1  0      0 15060656 148020 888488    0    0     0    24  367  203 61  0 37  2  0
 1  0      0 15060656 148020 888492    0    0     0    12  369  180 61  0 39  0  0
 1  0      0 15060656 148020 888492    0    0     0     0  371  201 60  1 39  0  0
 1  0      0 15060656 148020 888492    0    0     0     0  353  173 62  0 38  0  0
 1  0      0 15060656 148020 888496    0    0     0     0  358  185 61  0 39  0  0
 1  0      0 15063516 148028 888484    0    0     0    52  391  452 65  3 30  2  0
 1  0      0 15063516 148028 888484    0    0     0     0  360  175 61  0 39  0  0
procs -----------memory---------- ---swap-- -----io---- -system-- ------cpu-----
 r  b   swpd   free   buff  cache   si   so    bi    bo   in   cs us sy id wa st
 1  0      0 15063516 148028 888484    0    0     0     0  357  180 61  0 39  0  0
 1  0      0 15063516 148028 888488    0    0     0     0  359  181 62  0 38  0  0
 1  0      0 15063516 148028 888488    0    0     0     0  363  178 61  0 39  0  0
 1  0      0 15063516 148036 888488    0    0     0    72  372  218 60  0 37  3  0
 1  0      0 15063516 148036 888492    0    0     0     0  362  173 62  0 38  0  0
 1  0      0 15063464 148036 888492    0    0     0     0  429  767 67  4 29  0  0
 1  0      0 15063516 148036 888492    0    0     0     0  349  164 60  1 39  0  0
 1  0      0 15063516 148036 888492    0    0     0     0  344  173 61  0 39  0  0
 1  0      0 15063516 148044 888496    0    0     0    68  363  187 62  0 37  1  0
 1  0      0 15063516 148044 888496    0    0     0     0  381  237 61  0 39  0  0
 1  0      0 15063516 148044 888496    0    0     0     0  472  726 69  2 29  0  0
 1  0      0 15063516 148044 888500    0    0     0     0  344  168 61  0 39  0  0
 1  0      0 15063516 148044 888500    0    0     0     0  363  173 61  0 39  0  0
