procs -----------memory---------- ---swap-- -----io---- -system-- ------cpu-----
 r  b   swpd   free   buff  cache   si   so    bi    bo   in   cs us sy id wa st
31  0      0 14519156 149532 909416    0    0    58    48  229  183 41  1 57  1  0
43  0      0 14521956 149532 909420    0    0     0     0  503  372 100  0  0  0  0
57  0      0 14525004 149532 909424    0    0     0     0  491  361 100  0  0  0  0
70  0      0 14528096 149532 909256    0    0     0     0  509  366 99  1  0  0  0
84  0      0 14531268 149540 909116    0    0     0    32  502  386 100  0  0  0  0
98  0      0 14534316 149540 909120    0    0     0     0  503  372 100  0  0  0  0
112  0      0 14537408 149540 908952    0    0     0    16  503  364 100  0  0  0  0
126  0      0 14540456 149540 908952    0    0     0     0  508  364 99  1  0  0  0
139  0      0 14543472 149540 908908    0    0     0     0  496  361 99  1  0  0  0
153  0      0 14546364 149548 908940    0    0     0    24  520  385 100  0  0  0  0
165  0      0 14549580 149548 908760    0    0     0     0  499  390 99  1  0  0  0
167  0      0 14547120 149548 908792    0    0     0     0  534  346 99  1  0  0  0
169  0      0 14541148 149548 908792    0    0     0     0  537  347 100  0  0  0  0
173  0      0 14529296 149548 908824    0    0     0     0  558  350 100  0  0  0  0
181  0      0 14505356 149556 909292    0    0     0    16  543  371 100  0  0  0  0
197  0      0 14456596 149556 910732    0    0     0     0  556  371 100  0  0  0  0
212  0      0 14397432 149556 912800    0    0     0     0  549  407 97  3  0  0  0
216  0      0 14371812 149556 913784    0    0     0     0  567  459 99  1  0  0  0
229  0      0 14361680 149556 913860    0    0     0     0  482  383 99  1  0  0  0
248  0      0 14309376 149564 916196    0    0     0    16  500  375 98  2  0  0  0
251  0      0 14287092 149564 916604    0    0     0     0  485  346 100  0  0  0  0
procs -----------memory---------- ---swap-- -----io---- -system-- ------cpu-----
 r  b   swpd   free   buff  cache   si   so    bi    bo   in   cs us sy id wa st
256  0      0 14276760 149564 916656    0    0     0     0  515  337 100  0  0  0  0
256  0      0 14276480 149564 916692    0    0     0     0  503  345 100  0  0  0  0
256  0      0 14276448 149564 916724    0    0     0     0  516  354 99  1  0  0  0
256  0      0 14273184 149564 916772    0    0    12     0  549  391 100  0  0  0  0
256  0      0 14273028 149572 916808    0    0     0    60  555  366 98  2  0  0  0
256  0      0 14272748 149572 916808    0    0     0     0  579  371 100  0  0  0  0
256  0      0 14272252 149572 916844    0    0     0     0  622  361 100  0  0  0  0
256  0      0 14271632 149572 916848    0    0     0     0  677  426 99  1  0  0  0
257  0      0 14271136 149572 916848    0    0     0     0  654  394 100  0  0  0  0
244  0      0 14270764 149588 916844    0    0     0    76  597  407 99  1  0  0  0
257  0      0 14273376 149588 916856    0    0     0    68  560  587 100  0  0  0  0
257  0      0 14272032 149588 916860    0    0     0     0  660  826 98  2  0  0  0
256  0      0 14272724 149588 916896    0    0     0     0  537  465 100  0  0  0  0
256  0      0 14272724 149588 916900    0    0     0     0  514  335 100  0  0  0  0
256  0      0 14272692 149596 916924    0    0     0   100  526  344 100  0  0  0  0
249  0      0 14272660 149596 916964    0    0     0    52  467  321 100  0  0  0  0
256  0      0 14272660 149596 916968    0    0     0     0  515  338 98  2  0  0  0
256  0      0 14272660 149596 916968    0    0     0     0  515  341 100  0  0  0  0
256  0      0 14272660 149596 916972    0    0     0     0  570  352 100  0  0  0  0
256  0      0 14272660 149596 916972    0    0     0     0  577  349 100  0  0  0  0
256  0      0 14272660 149604 916976    0    0     0    24  693  380 100  0  0  0  0
procs -----------memory---------- ---swap-- -----io---- -system-- ------cpu-----
 r  b   swpd   free   buff  cache   si   so    bi    bo   in   cs us sy id wa st
256  0      0 14272536 149604 916980    0    0     0     0  708  392 99  1  0  0  0
256  0      0 14272412 149604 916984    0    0     0     0  635  367 100  0  0  0  0
256  0      0 14272412 149604 916988    0    0     0     0  501  330 100  0  0  0  0
256  0      0 14272412 149604 916988    0    0     0     0  602  357 100  0  0  0  0
255  0      0 14272288 149612 916992    0    0     0    16  537  355 100  0  0  0  0
256  0      0 14272288 149612 916992    0    0     0     0  491  335 100  0  0  0  0
256  0      0 14272288 149612 916992    0    0     0     0  476  325 100  0  0  0  0
256  0      0 14272288 149612 916996    0    0     0     0  500  331 100  0  0  0  0
256  0      0 14272288 149612 916996    0    0     0     0  506  332 99  1  0  0  0
256  0      0 14272288 149620 916996    0    0     0    16  562  348 100  0  0  0  0
256  0      0 14272288 149620 917000    0    0     0     0  619  343 100  0  0  0  0
256  0      0 14272288 149620 917000    0    0     0     0  610  343 100  0  0  0  0
256  0      0 14272288 149620 917004    0    0     0     0  684  371 100  0  0  0  0
256  0      0 14272288 149620 917008    0    0     0     0  750  378 99  1  0  0  0
248  0      0 14272164 149628 917000    0    0     0    16  639  370 100  0  0  0  0
254  0      0 14272164 149628 917012    0    0     0     4  513  328 100  0  0  0  0
256  0      0 14272164 149628 917012    0    0     0     0  632  361 100  0  0  0  0
256  0      0 14272164 149628 917016    0    0     0     0  539  347 100  0  0  0  0
256  0      0 14272164 149628 917016    0    0     0     0  524  340 100  0  0  0  0
256  0      0 14272164 149628 917020    0    0     0     0  499  326 100  0  0  0  0
256  0      0 14272164 149636 917020    0    0     0    24  500  337 100  0  0  0  0
procs -----------memory---------- ---swap-- -----io---- -system-- ------cpu-----
 r  b   swpd   free   buff  cache   si   so    bi    bo   in   cs us sy id wa st
256  0      0 14272164 149636 917020    0    0     0     0  536  332 100  0  0  0  0
256  0      0 14272164 149636 917024    0    0     0     0  622  348 100  0  0  0  0
256  0      0 14272164 149636 917024    0    0     0     0  645  352 100  0  0  0  0
256  0      0 14272164 149636 917028    0    0     0     0  655  360 100  0  0  0  0
253  0      0 14272164 149644 917028    0    0     0   180  713  378 100  0  0  0  0
256  0      0 14272164 149644 917032    0    0     0     0  745  382 100  0  0  0  0
256  0      0 14272164 149644 917036    0    0     0     0  712  372 100  0  0  0  0
256  0      0 14272164 149644 917036    0    0     0     0  512  328 99  1  0  0  0
250  0      0 14272164 149644 917040    0    0     0     0  653  352 100  0  0  0  0
244  0      0 14272164 149652 917032    0    0     0    24  491  328 100  0  0  0  0
256  0      0 14272164 149652 917040    0    0     0     0  581  327 100  0  0  0  0
256  0      0 14272164 149652 917044    0    0     0     0  537  332 100  0  0  0  0
256  0      0 14272164 149652 917044    0    0     0     0  505  326 100  0  0  0  0
256  0      0 14272040 149652 917048    0    0     0     0  554  333 98  2  0  0  0
250  0      0 14272040 149660 917040    0    0     0    16  614  349 100  0  0  0  0
250  0      0 14272040 149660 917048    0    0     0     0  576  337 100  0  0  0  0
256  0      0 14272040 149660 917052    0    0     0     0  808  368 100  0  0  0  0
256  0      0 14272040 149660 917056    0    0     0     0  656  348 100  0  0  0  0
256  0      0 14272040 149660 917060    0    0     0     0  751  372 100  0  0  0  0
256  0      0 14272040 149660 917060    0    0     0     0  706  370 100  0  0  0  0
256  0      0 14272040 149668 917060    0    0     0    16  507  331 100  0  0  0  0
procs -----------memory---------- ---swap-- -----io---- -system-- ------cpu-----
 r  b   swpd   free   buff  cache   si   so    bi    bo   in   cs us sy id wa st
256  0      0 14272040 149668 917064    0    0     0     0  635  354 100  0  0  0  0
256  0      0 14272040 149668 917068    0    0     0     0  566  347 100  0  0  0  0
256  0      0 14272040 149668 917068    0    0     0     0  552  347 100  0  0  0  0
256  0      0 14272040 149668 917068    0    0     0     0  506  333 100  0  0  0  0
250  0      0 14271792 149676 917076    0    0     0    16  554  349 100  0  0  0  0
256  0      0 14271792 149676 917080    0    0     0     0  587  339 99  1  0  0  0
256  0      0 14271792 149676 917080    0    0     0     0  586  364 100  0  0  0  0
256  0      0 14271244 149676 917084    0    0     0     0  672  626 99  1  0  0  0
256  0      0 14271296 149676 917084    0    0     0     0  713  368 100  0  0  0  0
246  0      0 14271296 149684 917080    0    0     0    80  709  353 100  0  0  0  0
256  0      0 14271296 149684 917088    0    0     0     0  798  391 100  0  0  0  0
255  0      0 14271296 149684 917092    0    0     0     0  719  399 99  1  0  0  0
255  0      0 14271244 149684 917096    0    0     0     0  540  599 98  2  0  0  0
255  0      0 14271296 149684 917096    0    0     0     0  670  363 100  0  0  0  0
255  0      0 14271296 149684 917100    0    0     0    68  582  349 100  0  0  0  0
255  0      0 14271296 149692 917100    0    0     0    72  571  339 100  0  0  0  0
255  0      0 14271296 149692 917100    0    0     0     0  535  330 100  0  0  0  0
255  0      0 14271296 149692 917104    0    0     0     0  554  328 100  0  0  0  0
255  0      0 14271296 149692 917104    0    0     0     0  564  338 100  0  0  0  0
254  0      0 14271296 149692 917104    0    0     0    64  606  338 100  0  0  0  0
252  0      0 14271296 149700 917108    0    0     0    16  665  358 100  0  0  0  0
procs -----------memory---------- ---swap-- -----io---- -system-- ------cpu-----
 r  b   swpd   free   buff  cache   si   so    bi    bo   in   cs us sy id wa st
254  0      0 14271296 149700 917108    0    0     0     0  719  375 100  0  0  0  0
254  0      0 14271296 149700 917112    0    0     0     0  664  349 100  0  0  0  0
254  0      0 14271296 149700 917116    0    0     0     0  795  380 100  0  0  0  0
254  0      0 14271296 149700 917120    0    0     0     0  710  368 100  0  0  0  0
254  0      0 14271296 149708 917112    0    0     0    16  536  345 100  0  0  0  0
254  0      0 14271296 149708 917124    0    0     0     0  684  364 99  1  0  0  0
252  0      0 14271296 149708 917124    0    0     0     0  553  338 100  0  0  0  0
253  0      0 14271296 149708 917124    0    0     0     0  543  331 100  0  0  0  0
253  0      0 14271296 149708 917128    0    0     0     0  528  328 100  0  0  0  0
252  0      0 14271296 149716 917120    0    0     0    16  539  342 99  1  0  0  0
253  0      0 14271296 149716 917128    0    0     0     0  605  342 100  0  0  0  0
253  0      0 14271296 149716 917132    0    0     0     0  587  329 100  0  0  0  0
253  0      0 14271296 149716 917132    0    0     0     0  713  359 100  0  0  0  0
254  0      0 14271296 149716 917136    0    0     0     0  704  371 100  0  0  0  0
254  0      0 14271296 149716 917136    0    0     0     0  645  360 100  0  0  0  0
254  0      0 14271296 149724 917140    0    0     0    16  665  388 100  0  0  0  0
254  0      0 14271296 149724 917144    0    0     0     0  550  357 100  0  0  0  0
254  0      0 14271296 149724 917144    0    0     0     0  512  323 100  0  0  0  0
254  0      0 14271296 149724 917148    0    0     0     4  559  364 100  0  0  0  0
254  0      0 14271296 149724 917148    0    0     0     0  487  339 100  0  0  0  0
254  0      0 14271296 149732 917148    0    0     0    16  456  343 98  2  0  0  0
procs -----------memory---------- ---swap-- -----io---- -system-- ------cpu-----
 r  b   swpd   free   buff  cache   si   so    bi    bo   in   cs us sy id wa st
254  0      0 14271296 149732 917152    0    0     0     0  413  326 98  2  0  0  0
254  0      0 14271296 149732 917152    0    0     0     0  444  324 100  0  0  0  0
256  0      0 14271296 149732 917152    0    0     0    64  478  346 100  0  0  0  0
256  0      0 14271296 149732 917156    0    0     0     0  500  353 100  0  0  0  0
254  0      0 14271296 149740 917148    0    0     0    24  506  366 100  0  0  0  0
256  0      0 14271296 149740 917160    0    0     0     0  486  374 100  0  0  0  0
255  0      0 14271296 149740 917168    0    0     0     0  593  372 100  0  0  0  0
255  0      0 14271204 149740 917144    0    0     0     0  528  358 100  0  0  0  0
253  0      0 14271204 149740 917144    0    0     0     0  502  357 100  0  0  0  0
234  0      0 14271204 149740 917144    0    0     0     0  432  328 98  2  0  0  0
253  0      0 14270892 149748 917152    0    0     0    16  519  613 99  1  0  0  0
252  0      0 14270956 149748 917152    0    0     0     0  398  338 100  0  0  0  0
248  0      0 14270956 149748 917156    0    0     0     0  404  329 100  0  0  0  0
248  0      0 14270956 149748 917156    0    0     0     8  382  337 100  0  0  0  0
248  0      0 14270956 149748 917156    0    0     0     0  449  341 99  1  0  0  0
243  0      0 14270956 149756 917160    0    0     0    64  418  337 100  0  0  0  0
248  0      0 14270956 149756 917160    0    0     0     0  495  359 100  0  0  0  0
248  0      0 14270956 149756 917164    0    0     0     0  481  345 100  0  0  0  0
221  0      0 14273868 149756 917168    0    0     0     0  515  407 99  1  0  0  0
199  0      0 14276960 149756 917168    0    0     0     0  582  427 99  1  0  0  0
167  0      0 14280104 149764 917036    0    0     0    16  459  419 99  1  0  0  0
procs -----------memory---------- ---swap-- -----io---- -system-- ------cpu-----
 r  b   swpd   free   buff  cache   si   so    bi    bo   in   cs us sy id wa st
154  0      0 14283164 149764 916880    0    0     0     0  531  395 100  0  0  0  0
130  0      0 14286340 149764 916752    0    0     0     0  443  382 100  0  0  0  0
135  0      0 14289388 149764 916724    0    0     0     0  492  379 100  0  0  0  0
100  0      0 14292660 149764 916488    0    0     0     0  551  429 99  1  0  0  0
54  0      0 14295648 149764 916440    0    0     0     0  690  469 100  0  0  0  0
