# stats: dump at 1517145232
stats: users 30 30
stats: {freemem,"tsung_controller@jarvis"} 1 5459.71484375 0 5459.71484375 5459.71484375 0 0
stats: {load,"tsung_controller@jarvis"} 1 0.01171875 0 0.01171875 0.01171875 0 0
stats: {cpu,"tsung_controller@jarvis"} 1 1.9184133737895115 0 1.9184133737895115 1.9184133737895115 0 0
stats: users_count 30 30
stats: finish_users_count 0 0
stats: request 121 395.6133057851239 632.6558376789891 3570.089 50.905 0 0
stats: connect 31 1.6985161290322577 3.1443034088903072 14.255 0.541 0 0
stats: page 121 395.6133057851239 632.6558376789891 3570.089 50.905 0 0
stats: 200 121 121
stats: tr_busyWait 121 395.8376528925621 632.6325578796776 3570.282 51.104 0 0
stats: size_rcv 31005 31005
stats: size_sent 7936 7936
stats: connected 28 28
# stats: dump at 1517145242
stats: users 30 30
stats: {freemem,"tsung_controller@jarvis"} 1 5457.34765625 0.0 5459.71484375 5457.34765625 5459.71484375 1
stats: {load,"tsung_controller@jarvis"} 1 0.0 0.0 0.01171875 0.0 0.01171875 1
stats: {cpu,"tsung_controller@jarvis"} 1 0.7617382617382618 0.0 1.9184133737895115 0.7617382617382618 1.9184133737895115 1
stats: users_count 0 30
stats: finish_users_count 0 0
stats: 200 147 268
stats: request 147 186.54174829931966 103.18981595322504 3570.089 50.874 395.6133057851239 121
stats: connect 10 0.8744 0.14295118047781205 14.255 0.541 1.6985161290322577 31
stats: page 147 186.54174829931966 103.18981595322504 3570.089 50.874 395.6133057851239 121
stats: tr_busyWait 147 186.7506666666666 103.18664991231658 3570.282 51.061 395.8376528925621 121
stats: size_rcv 37658 68663
stats: size_sent 8680 16616
stats: connected -2 26
# stats: dump at 1517145252
stats: users 30 30
stats: {freemem,"tsung_controller@jarvis"} 1 5455.4609375 0.0 5459.71484375 5455.4609375 5458.53125 2
stats: {load,"tsung_controller@jarvis"} 1 0.0 0.0 0.01171875 0.0 0.005859375 2
stats: {cpu,"tsung_controller@jarvis"} 1 0.8613156909249782 0.0 1.9184133737895115 0.7617382617382618 1.3400758177638865 2
stats: users_count 0 30
stats: finish_users_count 0 0
stats: tr_busyWait 135 160.41652592592592 136.1130525771285 3570.282 50.895 281.1518805970149 268
stats: 200 135 403
stats: request 135 160.23674074074071 136.11777650190174 3570.089 50.781 280.93599626865665 268
stats: connect 17 0.8155882352941177 0.19031801831903836 14.255 0.522 1.497512195121951 41
stats: page 135 160.23674074074071 136.11777650190174 3570.089 50.781 280.93599626865665 268
stats: size_rcv 34600 103263
stats: size_sent 8556 25172
stats: connected 3 29
# stats: dump at 1517145262
stats: users 30 30
stats: {freemem,"tsung_controller@jarvis"} 1 5456.34765625 0.0 5459.71484375 5455.4609375 5457.5078125 3
stats: {load,"tsung_controller@jarvis"} 1 0.0 0.0 0.01171875 0.0 0.00390625 3
stats: {cpu,"tsung_controller@jarvis"} 1 0.9724473257698543 0.0 1.9184133737895115 0.7617382617382618 1.1804891088175837 3
stats: users_count 0 30
stats: finish_users_count 0 0
stats: request 147 196.95342176870759 121.17092957459626 3570.089 50.781 240.5032431761786 403
stats: connect 6 0.8038333333333334 0.09325309050583196 14.255 0.522 1.2976379310344826 58
stats: page 147 196.95342176870759 121.17092957459626 3570.089 50.781 240.5032431761786 403
stats: tr_busyWait 147 197.10810204081625 121.1672333339022 3570.282 50.895 240.7070347394541 403
stats: 200 147 550
stats: size_rcv 37654 140917
stats: size_sent 9114 34286
stats: connected -1 28
# stats: dump at 1517145272
stats: users 30 30
stats: {freemem,"tsung_controller@jarvis"} 1 5456.4296875 0.0 5459.71484375 5455.4609375 5457.2177734375 4
stats: {load,"tsung_controller@jarvis"} 1 0.0 0.0 0.01171875 0.0 0.0029296875 4
stats: {cpu,"tsung_controller@jarvis"} 1 0.7241852915470096 0.0 1.9184133737895115 0.7241852915470096 1.1284786630556514 4
stats: users_count 0 30
stats: finish_users_count 0 0
stats: request 143 138.94981818181805 81.7094426914415 3570.089 50.781 228.8635636363636 550
stats: connect 11 0.7496363636363635 0.11123870543465014 14.255 0.522 1.2513437499999998 64
stats: tr_busyWait 143 139.1033846153846 81.69556663536306 3570.282 50.895 229.05422909090908 550
stats: page 143 138.94981818181805 81.7094426914415 3570.089 50.781 228.8635636363636 550
stats: 200 143 693
stats: size_rcv 36657 177574
stats: size_sent 8866 43152
stats: connected 2 30
# stats: dump at 1517145282
stats: users 30 30
stats: {freemem,"tsung_controller@jarvis"} 1 5456.08203125 0.0 5459.71484375 5455.4609375 5457.06015625 5
stats: {load,"tsung_controller@jarvis"} 1 0.0 0.0 0.01171875 0.0 0.00234375 5
stats: {cpu,"tsung_controller@jarvis"} 1 0.7612629477099713 0.0 1.9184133737895115 0.7241852915470096 1.047619988753923 5
stats: users_count 0 30
stats: finish_users_count 0 0
stats: connect 10 0.7405000000000002 0.1117642608350272 14.255 0.522 1.1777599999999997 75
stats: tr_busyWait 150 190.10731333333328 122.71816134645739 3570.282 50.865 210.4929437229437 693
stats: 200 150 843
stats: request 150 189.95629999999989 122.715612701658 3570.089 50.781 210.30993362193357 693
stats: page 150 189.95629999999989 122.715612701658 3570.089 50.781 210.30993362193357 693
stats: size_rcv 38428 216002
stats: size_sent 9300 52452
stats: connected 0 30
# stats: dump at 1517145292
stats: users 30 30
stats: {freemem,"tsung_controller@jarvis"} 1 5456.1171875 0.0 5459.71484375 5455.4609375 5456.897135416667 6
stats: {load,"tsung_controller@jarvis"} 1 0.0 0.0 0.01171875 0.0 0.001953125 6
stats: {cpu,"tsung_controller@jarvis"} 1 0.8851764119187134 0.0 1.9184133737895115 0.7241852915470096 0.9998938152465978 6
stats: users_count 0 30
stats: finish_users_count 0 0
stats: tr_busyWait 152 165.60996052631577 110.80473176742534 3570.282 50.86 206.8656073546856 843
stats: 200 152 995
stats: request 152 165.4493223684212 110.78782901158422 3570.089 50.781 206.6882906287069 843
stats: connect 11 0.7408181818181819 0.15594743763776664 14.255 0.509 1.1263176470588232 85
stats: page 152 165.4493223684212 110.78782901158422 3570.089 50.781 206.6882906287069 843
stats: size_rcv 38958 254960
stats: size_sent 9238 61690
stats: connected -1 29
# stats: dump at 1517145302
stats: users 30 30
stats: {freemem,"tsung_controller@jarvis"} 1 5456.296875 0.0 5459.71484375 5455.4609375 5456.785714285715 7
stats: {load,"tsung_controller@jarvis"} 1 0.0 0.0 0.01171875 0.0 0.0016741071428571428 7
stats: {cpu,"tsung_controller@jarvis"} 1 0.6746626686656672 0.0 1.9184133737895115 0.6746626686656672 0.9835056147711858 7
stats: users_count 0 30
stats: finish_users_count 0 0
stats: connect 5 0.798 0.14405276810946735 14.255 0.509 1.082145833333333 96
stats: request 127 123.32540157480317 61.81936263198258 3570.089 50.781 200.3884683417085 995
stats: page 127 123.32540157480317 61.81936263198258 3570.089 50.781 200.3884683417085 995
stats: tr_busyWait 127 123.47656692913392 61.81323064290717 3570.282 50.856 200.5632371859296 995
stats: 200 127 1122
stats: size_rcv 32565 287525
stats: size_sent 7874 69564
stats: connected -4 25
# stats: dump at 1517145312
stats: users 30 30
stats: {freemem,"tsung_controller@jarvis"} 1 5455.80859375 0.0 5459.71484375 5455.4609375 5456.724609375 8
stats: {load,"tsung_controller@jarvis"} 1 0.0 0.0 0.01171875 0.0 0.00146484375 8
stats: {cpu,"tsung_controller@jarvis"} 1 0.9225782321406308 0.0 1.9184133737895115 0.6746626686656672 0.944900246507996 8
stats: users_count 0 30
stats: finish_users_count 0 0
stats: request 147 168.01912244897954 91.41166316771097 3570.089 50.781 191.6656434937611 1122
stats: connect 12 0.7711666666666668 0.1366179791324049 14.255 0.509 1.0680792079207917 101
stats: page 147 168.01912244897954 91.41166316771097 3570.089 50.781 191.6656434937611 1122
stats: tr_busyWait 147 168.19475510204074 91.41379545255775 3570.282 50.836 191.8377406417112 1122
stats: 200 147 1269
stats: size_rcv 37659 325184
stats: size_sent 9114 78678
stats: connected 3 28
# stats: dump at 1517145322
stats: users 30 30
stats: {freemem,"tsung_controller@jarvis"} 1 5456.16015625 0.0 5459.71484375 5455.4609375 5456.622829861111 9
stats: {load,"tsung_controller@jarvis"} 1 0.0 0.0 0.01171875 0.0 0.0013020833333333333 9
stats: {cpu,"tsung_controller@jarvis"} 1 0.8234560199625701 0.0 1.9184133737895115 0.6746626686656672 0.9424200226893998 9
stats: users_count 0 30
stats: finish_users_count 0 0
stats: tr_busyWait 153 165.8179215686274 94.7623589525677 3570.282 50.836 189.0989550827423 1269
stats: 200 153 1422
stats: request 153 165.63592810457507 94.75177640738089 3570.089 50.781 188.92644838455473 1269
stats: connect 12 0.8034166666666667 0.13681219386037521 14.255 0.509 1.0365486725663713 113
stats: page 153 165.63592810457507 94.75177640738089 3570.089 50.781 188.92644838455473 1269
stats: size_rcv 39201 364385
stats: size_sent 9486 88164
stats: connected 2 30
# stats: dump at 1517145332
stats: users 30 30
stats: {freemem,"tsung_controller@jarvis"} 1 5455.9609375 0.0 5459.71484375 5455.4609375 5456.5765625 10
stats: {load,"tsung_controller@jarvis"} 1 0.0 0.0 0.01171875 0.0 0.001171875 10
stats: {cpu,"tsung_controller@jarvis"} 1 0.8736894658012981 0.0 1.9184133737895115 0.6746626686656672 0.9305236224167169 10
stats: users_count 0 30
stats: finish_users_count 0 0
stats: connect 13 0.8063076923076924 0.11630092572909204 14.255 0.509 1.0141679999999997 125
stats: request 140 165.6806071428571 129.46078903550548 3570.089 50.781 186.42050632911386 1422
stats: tr_busyWait 140 165.85384285714284 129.46167869684018 3570.282 50.836 186.59403375527424 1422
stats: page 140 165.6806071428571 129.46078903550548 3570.089 50.781 186.42050632911386 1422
stats: 200 140 1562
stats: size_rcv 35864 400249
stats: size_sent 9052 97216
stats: connected -3 27
# stats: dump at 1517145342
stats: users 30 30
stats: {freemem,"tsung_controller@jarvis"} 1 5456.1328125 0.0 5459.71484375 5455.4609375 5456.520596590909 11
stats: {load,"tsung_controller@jarvis"} 1 0.0 0.0 0.01171875 0.0 0.001065340909090909 11
stats: {cpu,"tsung_controller@jarvis"} 1 0.9606986899563319 0.0 1.9184133737895115 0.6746626686656672 0.9253568809062244 11
stats: users_count 0 30
stats: finish_users_count 0 0
stats: request 143 203.70669930069937 160.1006366170644 3570.089 50.781 184.56161651728544 1562
stats: page 143 203.70669930069937 160.1006366170644 3570.089 50.781 184.56161651728544 1562
stats: tr_busyWait 143 203.87679020979016 160.09487213943052 3570.282 50.836 184.73511779769524 1562
stats: connect 7 0.7501428571428571 0.05848914080268863 14.255 0.509 0.994586956521739 138
stats: 200 143 1705
stats: size_rcv 36639 436888
stats: size_sent 8556 105772
stats: connected -1 26
# stats: dump at 1517145352
stats: users 30 30
stats: {freemem,"tsung_controller@jarvis"} 1 5456.140625 0.0 5459.71484375 5455.4609375 5456.48828125 12
stats: {load,"tsung_controller@jarvis"} 1 0.0 0.0 0.01171875 0.0 9.765625e-4 12
stats: {cpu,"tsung_controller@jarvis"} 1 0.7365792759051186 0.0 1.9184133737895115 0.6746626686656672 0.9283020316604 12
stats: users_count 0 30
stats: finish_users_count 0 0
stats: connect 12 0.7796666666666668 0.10335403018535638 14.255 0.509 0.9827862068965516 145
stats: tr_busyWait 139 134.9533021582734 97.23234224843775 3570.282 50.836 186.34054838709673 1705
stats: request 139 134.7902949640288 97.21902246866053 3570.089 50.781 186.16733313782984 1705
stats: page 139 134.7902949640288 97.21902246866053 3570.089 50.781 186.16733313782984 1705
stats: 200 139 1844
stats: size_rcv 35636 472524
stats: size_sent 8556 114328
stats: connected 1 27
# stats: dump at 1517145362
stats: users 30 30
stats: {freemem,"tsung_controller@jarvis"} 1 5456.33984375 0.0 5459.71484375 5455.4609375 5456.461538461538 13
stats: {load,"tsung_controller@jarvis"} 1 0.0 0.0 0.01171875 0.0 9.014423076923077e-4 13
stats: {cpu,"tsung_controller@jarvis"} 1 0.8114856429463172 0.0 1.9184133737895115 0.6746626686656672 0.9135541273715322 13
stats: users_count 0 30
stats: finish_users_count 0 0
stats: page 123 117.53361788617886 64.06453034544501 3570.089 50.781 182.2945520607375 1844
stats: 200 123 1967
stats: request 123 117.53361788617886 64.06453034544501 3570.089 50.781 182.2945520607375 1844
stats: connect 12 0.7835833333333332 0.14008774532017026 14.255 0.509 0.9672611464968152 157
stats: tr_busyWait 123 117.70394308943088 64.06228846612557 3570.282 50.836 182.4669978308026 1844
stats: size_rcv 31527 504051
stats: size_sent 7688 122016
stats: connected 1 28
# stats: dump at 1517145372
stats: users 30 30
stats: {freemem,"tsung_controller@jarvis"} 1 5454.89453125 0.0 5459.71484375 5454.89453125 5456.452845982143 14
stats: {load,"tsung_controller@jarvis"} 1 0.0 0.0 0.01171875 0.0 8.370535714285714e-4 14
stats: {cpu,"tsung_controller@jarvis"} 1 0.8607784431137725 0.0 1.9184133737895115 0.6746626686656672 0.9062635213411597 14
stats: users_count 0 30
stats: finish_users_count 0 0
stats: request 130 183.09449230769235 122.17567533799884 3570.089 50.781 178.24493594306045 1967
stats: 200 130 2097
stats: connect 14 0.7814285714285715 0.12230448787800896 14.255 0.509 0.9542189349112424 169
stats: page 130 183.09449230769235 122.17567533799884 3570.089 50.781 178.24493594306045 1967
stats: tr_busyWait 130 183.26593076923083 122.17688199304057 3570.282 50.836 178.41724911032028 1967
stats: size_rcv 33314 537365
stats: size_sent 8122 130138
stats: connected 1 29
# stats: dump at 1517145382
stats: users 30 30
stats: {freemem,"tsung_controller@jarvis"} 1 5455.6953125 0.0 5459.71484375 5454.89453125 5456.348958333333 15
stats: {load,"tsung_controller@jarvis"} 1 0.0 0.0 0.01171875 0.0 7.8125e-4 15
stats: {cpu,"tsung_controller@jarvis"} 1 0.798901510423168 0.0 1.9184133737895115 0.6746626686656672 0.9032311827926673 15
stats: users_count 0 30
stats: finish_users_count 0 0
stats: page 134 120.23443283582083 65.02098391179132 3570.089 50.781 178.54557606103955 2097
stats: request 134 120.23443283582083 65.02098391179132 3570.089 50.781 178.54557606103955 2097
stats: tr_busyWait 134 120.40954477611947 65.02972690166177 3570.282 50.836 178.71783500238436 2097
stats: connect 4 0.8235 0.1469736370918268 14.255 0.509 0.9409999999999998 183
stats: 200 134 2231
stats: size_rcv 34355 571720
stats: size_sent 8370 138508
stats: connected -4 25
# stats: dump at 1517145392
stats: users 30 30
stats: {freemem,"tsung_controller@jarvis"} 1 5455.7421875 0.0 5459.71484375 5454.89453125 5456.30810546875 16
stats: {load,"tsung_controller@jarvis"} 1 0.0 0.0 0.01171875 0.0 7.32421875e-4 16
stats: {cpu,"tsung_controller@jarvis"} 1 0.9715994020926756 0.0 1.9184133737895115 0.6746626686656672 0.8967105782695736 16
stats: users_count 0 30
stats: finish_users_count 0 0
stats: request 152 204.5839605263158 115.93225155048198 3570.089 50.781 175.04324831913937 2231
stats: connect 12 0.6963333333333335 0.11681062546798651 14.255 0.497 0.9384866310160427 187
stats: tr_busyWait 152 204.75369078947372 115.93044180610343 3570.282 50.836 175.21567861945317 2231
stats: page 152 204.5839605263158 115.93225155048198 3570.089 50.781 175.04324831913937 2231
stats: 200 152 2383
stats: size_rcv 38944 610664
stats: size_sent 9486 147994
stats: connected 4 29
# stats: dump at 1517145402
stats: users 30 30
stats: {freemem,"tsung_controller@jarvis"} 1 5455.77734375 0.0 5459.71484375 5454.89453125 5456.27481617647 17
stats: {load,"tsung_controller@jarvis"} 1 0.1484375 0.0 0.1484375 0.0 6.893382352941177e-4 17
stats: {cpu,"tsung_controller@jarvis"} 1 0.8492569002123143 0.0 1.9184133737895115 0.6746626686656672 0.9011158032003442 17
stats: users_count 0 30
stats: finish_users_count 0 0
stats: request 135 133.55028888888904 84.84414448316109 3570.089 50.781 176.92750692404528 2383
stats: connect 12 0.7120000000000001 0.11099774772489754 14.255 0.49 0.9238844221105527 199
stats: page 135 133.55028888888904 84.84414448316109 3570.089 50.781 176.92750692404528 2383
stats: tr_busyWait 135 133.7540592592595 84.83633062513513 3570.282 50.836 177.0997650020982 2383
stats: 200 135 2518
stats: size_rcv 34610 645274
stats: size_sent 8308 156302
stats: connected -3 26
# stats: dump at 1517145403
stats: users 30 30
stats: {freemem,"tsung_controller@jarvis"} 0 0 0 5459.71484375 5454.89453125 5456.247178819444 18
stats: {load,"tsung_controller@jarvis"} 0 0 0 0.1484375 0.0 0.008897569444444444 18
stats: {cpu,"tsung_controller@jarvis"} 0 0 0 1.9184133737895115 0.6746626686656672 0.8982347530343426 18
stats: users_count 0 30
stats: finish_users_count 0 0
stats: page 16 113.98012500000003 55.55643783788135 3570.089 50.781 174.60188165210482 2518
stats: request 16 113.98012500000003 55.55643783788135 3570.089 50.781 174.60188165210482 2518
stats: connect 2 0.8454999999999999 0.001500000000000029 14.255 0.49 0.9118341232227488 211
stats: tr_busyWait 16 114.1641875 55.53867847525132 3570.282 50.836 174.77582922954727 2518
stats: 200 16 2534
stats: size_rcv 4102 649376
stats: size_sent 930 157232
stats: connected 0 26
stats: error_abort 1 1
EndMonitor:{1517,145403,937134}
