# stats: dump at 1517242494
stats: users 90 90
stats: {freemem,"tsung_controller@jarvis"} 1 3776.046875 0 3776.046875 3776.046875 0 0
stats: {load,"tsung_controller@jarvis"} 1 0.0390625 0 0.0390625 0.0390625 0 0
stats: {cpu,"tsung_controller@jarvis"} 1 1.868618264599823 0 1.868618264599823 1.868618264599823 0 0
stats: users_count 90 90
stats: finish_users_count 0 0
stats: request 167 2897.3743952095792 1169.2014846660027 4432.02 967.367 0 0
stats: connect 90 1.152811111111111 1.8509567669748195 14.546 0.444 0 0
stats: page 167 2897.3743952095792 1169.2014846660027 4432.02 967.367 0 0
stats: tr_loopTransaction 167 2897.5997664670645 1169.2109430733215 4432.204 967.631 0 0
stats: 200 167 167
stats: size_rcv 42569 42569
stats: size_sent 31512 31512
stats: connected 90 90
# stats: dump at 1517242504
stats: users 90 90
stats: {freemem,"tsung_controller@jarvis"} 1 3749.7578125 0.0 3776.046875 3749.7578125 3776.046875 1
stats: {load,"tsung_controller@jarvis"} 1 0.3515625 0.0 0.3515625 0.0390625 0.0390625 1
stats: {cpu,"tsung_controller@jarvis"} 1 2.5883524141363865 0.0 2.5883524141363865 1.868618264599823 1.868618264599823 1
stats: users_count 0 90
stats: finish_users_count 0 0
stats: request 247 1328.7791214574897 276.8761381174251 4432.02 834.488 2897.3743952095792 167
stats: connect 24 0.7292083333333333 0.1885784494506788 14.546 0.444 1.152811111111111 90
stats: page 247 1328.7791214574897 276.8761381174251 4432.02 834.488 2897.3743952095792 167
stats: tr_loopTransaction 247 1328.9670242914976 276.8914814605759 4432.204 834.56 2897.5997664670645 167
stats: 200 247 414
stats: size_rcv 62976 105545
stats: size_sent 41652 73164
stats: connected -5 85
# stats: dump at 1517242514
stats: users 90 90
stats: {freemem,"tsung_controller@jarvis"} 1 3757.1015625 0.0 3776.046875 3749.7578125 3762.90234375 2
stats: {load,"tsung_controller@jarvis"} 1 0.30078125 0.0 0.3515625 0.0390625 0.1953125 2
stats: {cpu,"tsung_controller@jarvis"} 1 5.902045877247366 0.0 5.902045877247366 1.868618264599823 2.228485339368105 2
stats: users_count 0 90
stats: finish_users_count 0 0
stats: request 262 1612.190778625954 273.35901137715587 4432.02 834.488 1961.521659420289 414
stats: connect 23 0.8473913043478262 0.13145001997136632 14.546 0.444 1.0636315789473683 114
stats: page 262 1612.190778625954 273.35901137715587 4432.02 834.488 1961.521659420289 414
stats: tr_loopTransaction 262 1612.3696641221368 273.36587092810976 4432.204 834.56 1961.7246763285018 414
stats: 200 262 676
stats: size_rcv 66774 172319
stats: size_sent 39156 112320
stats: connected 1 86
# stats: dump at 1517242524
stats: users 90 90
stats: {freemem,"tsung_controller@jarvis"} 1 3745.7265625 0.0 3776.046875 3745.7265625 3760.96875 3
stats: {load,"tsung_controller@jarvis"} 1 0.25 0.0 0.3515625 0.0390625 0.23046875 3
stats: {cpu,"tsung_controller@jarvis"} 1 3.2474804031354982 0.0 5.902045877247366 1.868618264599823 3.453005518661192 3
stats: users_count 0 90
stats: finish_users_count 0 0
stats: request 267 1539.6699850187267 190.6202937812324 4432.02 834.488 1826.1301050295854 676
stats: connect 19 0.764105263157895 0.14534673415730365 14.546 0.444 1.0273284671532845 137
stats: page 267 1539.6699850187267 190.6202937812324 4432.02 834.488 1826.1301050295854 676
stats: tr_loopTransaction 267 1539.8416928838944 190.6092566785215 4432.204 834.56 1826.3237692307687 676
stats: 200 267 943
stats: size_rcv 68063 240382
stats: size_sent 39936 152256
stats: connected -1 85
# stats: dump at 1517242534
stats: users 90 90
stats: {freemem,"tsung_controller@jarvis"} 1 3747.03125 0.0 3776.046875 3745.7265625 3757.158203125 4
stats: {load,"tsung_controller@jarvis"} 1 0.2109375 0.0 0.3515625 0.0390625 0.2353515625 4
stats: {cpu,"tsung_controller@jarvis"} 1 4.337081428394909 0.0 5.902045877247366 1.868618264599823 3.4016242397797685 4
stats: users_count 0 90
stats: finish_users_count 0 0
stats: request 253 1414.0536679841882 235.74933241635992 4432.02 834.488 1745.02209650053 943
stats: connect 24 0.8455833333333334 0.13700970667154289 14.546 0.444 0.9952692307692306 156
stats: page 253 1414.0536679841882 235.74933241635992 4432.02 834.488 1745.02209650053 943
stats: tr_loopTransaction 253 1414.2429249011864 235.7461259871537 4432.204 834.56 1745.209544008483 943
stats: 200 253 1196
stats: size_rcv 64495 304877
stats: size_sent 40404 192660
stats: connected 2 87
# stats: dump at 1517242544
stats: users 90 90
stats: {freemem,"tsung_controller@jarvis"} 1 3746.09765625 0.0 3776.046875 3745.7265625 3755.1328125 5
stats: {load,"tsung_controller@jarvis"} 1 0.328125 0.0 0.3515625 0.0390625 0.23046875 5
stats: {cpu,"tsung_controller@jarvis"} 1 3.093551994036526 0.0 5.902045877247366 1.868618264599823 3.5887156775027966 5
stats: users_count 0 90
stats: finish_users_count 0 0
stats: request 260 1521.4619999999995 244.41571405259228 4432.02 834.488 1675.009544314381 1196
stats: connect 19 0.8053157894736843 0.1588190140517713 14.546 0.444 0.975311111111111 180
stats: page 260 1521.4619999999995 244.41571405259228 4432.02 834.488 1675.009544314381 1196
stats: tr_loopTransaction 260 1521.6287115384612 244.41592594688797 4432.204 834.56 1675.1973745819394 1196
stats: 200 260 1456
stats: size_rcv 66269 371146
stats: size_sent 41496 234156
stats: connected 1 88
# stats: dump at 1517242554
stats: users 90 90
stats: {freemem,"tsung_controller@jarvis"} 1 3718.70703125 0.0 3776.046875 3718.70703125 3753.626953125 6
stats: {load,"tsung_controller@jarvis"} 1 0.28125 0.0 0.3515625 0.0390625 0.24674479166666666 6
stats: {cpu,"tsung_controller@jarvis"} 1 2.6522226372805378 0.0 5.902045877247366 1.868618264599823 3.506188396925085 6
stats: users_count 0 90
stats: finish_users_count 0 0
stats: request 262 1449.7267709923658 286.8764203035191 4432.02 834.488 1647.5903399725269 1456
stats: connect 18 0.8103333333333333 0.1010467438586936 14.546 0.444 0.9590804020100501 199
stats: page 262 1449.7267709923658 286.8764203035191 4432.02 834.488 1647.5903399725269 1456
stats: tr_loopTransaction 262 1449.9038396946578 286.881613723448 4432.204 834.56 1647.774399038461 1456
stats: 200 262 1718
stats: size_rcv 66799 437945
stats: size_sent 39312 273468
stats: connected -4 84
# stats: dump at 1517242564
stats: users 90 90
stats: {freemem,"tsung_controller@jarvis"} 1 3714.27734375 0.0 3776.046875 3714.27734375 3748.6383928571427 7
stats: {load,"tsung_controller@jarvis"} 1 0.30859375 0.0 0.3515625 0.0390625 0.25167410714285715 7
stats: {cpu,"tsung_controller@jarvis"} 1 4.018412540432943 0.0 5.902045877247366 1.868618264599823 3.3841932884044357 7
stats: users_count 0 90
stats: finish_users_count 0 0
stats: request 251 1577.210677290837 241.21895922643012 4432.02 834.488 1617.4155698486607 1718
stats: connect 15 0.7581333333333331 0.17235152708603682 14.546 0.444 0.9467419354838709 217
stats: page 251 1577.210677290837 241.21895922643012 4432.02 834.488 1617.4155698486607 1718
stats: tr_loopTransaction 251 1577.3724302788858 241.22642623646936 4432.204 834.56 1617.598562863795 1718
stats: 200 251 1969
stats: size_rcv 63972 501917
stats: size_sent 41496 314964
stats: connected 3 87
# stats: dump at 1517242574
stats: users 90 90
stats: {freemem,"tsung_controller@jarvis"} 1 3709.41015625 0.0 3776.046875 3709.41015625 3744.34326171875 8
stats: {load,"tsung_controller@jarvis"} 1 0.26171875 0.0 0.3515625 0.0390625 0.2587890625 8
stats: {cpu,"tsung_controller@jarvis"} 1 2.741774675972084 0.0 5.902045877247366 1.868618264599823 3.463470694907999 8
stats: users_count 0 90
stats: finish_users_count 0 0
stats: request 268 1538.2096753731346 200.03579713975864 4432.02 834.488 1612.2904159471807 1969
stats: connect 15 0.8599333333333334 0.10902994491830621 14.546 0.444 0.9345474137931034 232
stats: page 268 1538.2096753731346 200.03579713975864 4432.02 834.488 1612.2904159471807 1969
stats: tr_loopTransaction 268 1538.3847126865667 200.0379631218625 4432.204 834.56 1612.4707013712546 1969
stats: 200 268 2237
stats: size_rcv 68307 570224
stats: size_sent 39312 354276
stats: connected -4 83
# stats: dump at 1517242584
stats: users 90 90
stats: {freemem,"tsung_controller@jarvis"} 1 3697.48046875 0.0 3776.046875 3697.48046875 3740.4618055555557 9
stats: {load,"tsung_controller@jarvis"} 1 0.21875 0.0 0.3515625 0.0390625 0.2591145833333333 9
stats: {cpu,"tsung_controller@jarvis"} 1 1.719840478564307 0.0 5.902045877247366 1.719840478564307 3.3832822483595644 9
stats: users_count 0 90
stats: finish_users_count 0 0
stats: request 257 1354.8492412451365 156.82630853901074 4432.02 834.488 1603.4152981671878 2237
stats: connect 21 0.8558095238095237 0.13217975460842965 14.546 0.444 0.9300161943319837 247
stats: page 257 1354.8492412451365 156.82630853901074 4432.02 834.488 1603.4152981671878 2237
stats: tr_loopTransaction 257 1355.010719844358 156.8264166061963 4432.204 834.56 1603.5949548502458 2237
stats: 200 257 2494
stats: size_rcv 65503 635727
stats: size_sent 40404 394680
stats: connected 2 85
# stats: dump at 1517242594
stats: users 90 90
stats: {freemem,"tsung_controller@jarvis"} 1 3689.1640625 0.0 3776.046875 3689.1640625 3736.163671875 10
stats: {load,"tsung_controller@jarvis"} 1 0.19140625 0.0 0.3515625 0.0390625 0.255078125 10
stats: {cpu,"tsung_controller@jarvis"} 1 1.5215764529807931 0.0 5.902045877247366 1.5215764529807931 3.2169380713800386 10
stats: users_count 0 90
stats: finish_users_count 0 0
stats: request 256 1624.6933398437493 228.96338266866138 4432.02 834.488 1577.801233761026 2494
stats: connect 16 0.7660000000000001 0.13969744092144287 14.546 0.444 0.9242014925373133 268
stats: page 256 1624.6933398437493 228.96338266866138 4432.02 834.488 1577.801233761026 2494
stats: tr_loopTransaction 256 1624.8418320312508 228.96135731638915 4432.204 834.56 1577.9790172413793 2494
stats: 200 256 2750
stats: size_rcv 65253 700980
stats: size_sent 40872 435552
stats: connected 0 85
# stats: dump at 1517242604
stats: users 90 90
stats: {freemem,"tsung_controller@jarvis"} 1 3646.46484375 0.0 3776.046875 3646.46484375 3731.8909801136365 11
stats: {load,"tsung_controller@jarvis"} 1 0.16015625 0.0 0.3515625 0.0390625 0.24928977272727273 11
stats: {cpu,"tsung_controller@jarvis"} 1 2.0239880059970012 0.0 5.902045877247366 1.5215764529807931 3.062814287889198 11
stats: users_count 0 90
stats: finish_users_count 0 0
stats: request 259 1357.606216216216 194.28074432324718 4432.02 834.488 1582.1664625454541 2750
stats: connect 24 0.8194166666666666 0.13843527870051364 14.546 0.444 0.9152887323943663 284
stats: page 259 1357.606216216216 194.28074432324718 4432.02 834.488 1582.1664625454541 2750
stats: tr_loopTransaction 259 1357.7742432432433 194.28383681460528 4432.204 834.56 1582.3415192727273 2750
stats: 200 259 3009
stats: size_rcv 66021 767001
stats: size_sent 40092 475644
stats: connected 0 85
# stats: dump at 1517242605
stats: users 90 90
stats: {freemem,"tsung_controller@jarvis"} 0 0 0 3776.046875 3646.46484375 3724.7721354166665 12
stats: {load,"tsung_controller@jarvis"} 0 0 0 0.3515625 0.0390625 0.24186197916666666 12
stats: {cpu,"tsung_controller@jarvis"} 0 0 0 5.902045877247366 1.5215764529807931 2.9762454310648487 12
stats: users_count 0 90
stats: finish_users_count 0 0
stats: request 29 1572.0603793103444 113.70602861080998 4432.02 834.488 1562.8374150880686 3009
stats: connect 0 0 0 14.546 0.444 0.9078181818181819 308
stats: page 29 1572.0603793103444 113.70602861080998 4432.02 834.488 1562.8374150880686 3009
stats: tr_loopTransaction 29 1572.2147241379312 113.69072946281048 4432.204 834.56 1563.011866733134 3009
stats: 200 29 3038
stats: size_rcv 7392 774393
stats: size_sent 4368 480012
stats: connected -1 84
stats: error_abort 1 1
EndMonitor:{1517,242605,803020}
