# stats: dump at 1517148376
stats: users 60 60
stats: {freemem,"tsung_controller@jarvis"} 1 5456.63671875 0 5456.63671875 5456.63671875 0 0
stats: {load,"tsung_controller@jarvis"} 1 0.171875 0 0.171875 0.171875 0 0
stats: {cpu,"tsung_controller@jarvis"} 1 1.879923474659943 0 1.879923474659943 1.879923474659943 0 0
stats: users_count 60 60
stats: finish_users_count 0 0
stats: request 97 3631.5063092783494 2426.122625657671 6970.315 52.108 0 0
stats: connect 60 1.9964999999999988 1.652171908932804 14.082 0.741 0 0
stats: page 97 3631.5063092783494 2426.122625657671 6970.315 52.108 0 0
stats: tr_busyWait 97 3631.776845360823 2426.0837543335356 6970.704 52.268 0 0
stats: 200 97 97
stats: size_rcv 24757 24757
stats: size_sent 7192 7192
stats: connected 60 60
# stats: dump at 1517148386
stats: users 60 60
stats: {freemem,"tsung_controller@jarvis"} 1 5455.5546875 0.0 5456.63671875 5455.5546875 5456.63671875 1
stats: {load,"tsung_controller@jarvis"} 1 0.1484375 0.0 0.171875 0.1484375 0.171875 1
stats: {cpu,"tsung_controller@jarvis"} 1 1.774031202818319 0.0 1.879923474659943 1.774031202818319 1.879923474659943 1
stats: users_count 0 60
stats: finish_users_count 0 0
stats: request 244 606.8764508196718 179.07620400902056 6970.315 52.108 3631.5063092783494 97
stats: connect 10 0.836 0.30554770494965267 14.082 0.499 1.9964999999999988 60
stats: page 244 606.8764508196718 179.07620400902056 6970.315 52.108 3631.5063092783494 97
stats: tr_busyWait 244 607.1257459016396 179.0765110895369 6970.704 52.268 3631.776845360823 97
stats: 200 244 341
stats: size_rcv 62441 87198
stats: size_sent 15004 22196
stats: connected -2 58
# stats: dump at 1517148396
stats: users 60 60
stats: {freemem,"tsung_controller@jarvis"} 1 5457.4765625 0.0 5457.4765625 5455.5546875 5456.095703125 2
stats: {load,"tsung_controller@jarvis"} 1 0.12109375 0.0 0.171875 0.12109375 0.16015625 2
stats: {cpu,"tsung_controller@jarvis"} 1 1.316614420062696 0.0 1.879923474659943 1.316614420062696 1.8269773387391308 2
stats: users_count 0 60
stats: finish_users_count 0 0
stats: request 205 779.5255414634144 426.9523631051682 6970.315 50.965 1467.2550322580641 341
stats: connect 18 0.7646666666666668 0.11350966674448675 14.082 0.499 1.8307142857142846 70
stats: page 205 779.5255414634144 426.9523631051682 6970.315 50.965 1467.2550322580641 341
stats: tr_busyWait 205 779.7521170731703 426.9539459677017 6970.704 51.212 1467.510369501466 341
stats: 200 205 546
stats: size_rcv 52383 139581
stats: size_sent 12958 35154
stats: connected 0 58
# stats: dump at 1517148406
stats: users 60 60
stats: {freemem,"tsung_controller@jarvis"} 1 5457.03515625 0.0 5457.4765625 5455.5546875 5456.555989583333 3
stats: {load,"tsung_controller@jarvis"} 1 0.1015625 0.0 0.171875 0.1015625 0.14713541666666666 3
stats: {cpu,"tsung_controller@jarvis"} 1 0.575287643821911 0.0 1.879923474659943 0.575287643821911 1.656856365846986 3
stats: users_count 0 60
stats: finish_users_count 0 0
stats: request 202 1109.5507376237622 339.59347264688677 6970.315 50.965 1209.0415787545785 546
stats: connect 11 0.7214545454545455 0.11894258633044434 14.082 0.481 1.61265909090909 88
stats: page 202 1109.5507376237622 339.59347264688677 6970.315 50.965 1209.0415787545785 546
stats: tr_busyWait 202 1109.7538613861382 339.58639222547356 6970.704 51.212 1209.2861172161167 546
stats: 200 202 748
stats: size_rcv 51550 191131
stats: size_sent 12462 47616
stats: connected -2 56
# stats: dump at 1517148416
stats: users 60 60
stats: {freemem,"tsung_controller@jarvis"} 1 5457.92578125 0.0 5457.92578125 5455.5546875 5456.67578125 4
stats: {load,"tsung_controller@jarvis"} 1 0.08984375 0.0 0.171875 0.08984375 0.1357421875 4
stats: {cpu,"tsung_controller@jarvis"} 1 0.6618381618381618 0.0 1.879923474659943 0.575287643821911 1.3864641853407171 4
stats: users_count 0 60
stats: finish_users_count 0 0
stats: request 215 766.4540046511628 384.10555221581814 6970.315 50.888 1182.173731283422 748
stats: connect 21 0.7310476190476192 0.11090256392350563 14.082 0.481 1.513636363636363 99
stats: page 215 766.4540046511628 384.10555221581814 6970.315 50.888 1182.173731283422 748
stats: tr_busyWait 215 766.6900697674421 384.10565229358275 6970.704 51.157 1182.4070855614968 748
stats: 200 215 963
stats: size_rcv 54975 246106
stats: size_sent 13516 61132
stats: connected 0 56
# stats: dump at 1517148426
stats: users 60 60
stats: {freemem,"tsung_controller@jarvis"} 1 5454.71875 0.0 5457.92578125 5454.71875 5456.92578125 5
stats: {load,"tsung_controller@jarvis"} 1 0.0703125 0.0 0.171875 0.0703125 0.1265625 5
stats: {cpu,"tsung_controller@jarvis"} 1 0.9007881896659578 0.0 1.879923474659943 0.575287643821911 1.2415389806402062 5
stats: users_count 0 60
stats: finish_users_count 0 0
stats: request 207 767.2286763285028 286.28260430160054 6970.315 50.886 1089.359877466251 963
stats: connect 20 1.4503 0.5681863338729646 14.082 0.481 1.3766833333333328 120
stats: page 207 767.2286763285028 286.28260430160054 6970.315 50.886 1089.359877466251 963
stats: tr_busyWait 207 767.4697004830919 286.2905633273931 6970.704 51.109 1089.5938369678088 963
stats: 200 207 1170
stats: size_rcv 52927 299033
stats: size_sent 11842 72974
stats: connected -4 52
# stats: dump at 1517148436
stats: users 60 60
stats: {freemem,"tsung_controller@jarvis"} 1 5452.2265625 0.0 5457.92578125 5452.2265625 5456.557942708333 6
stats: {load,"tsung_controller@jarvis"} 1 0.05859375 0.0 0.171875 0.05859375 0.1171875 6
stats: {cpu,"tsung_controller@jarvis"} 1 2.2933467741935485 0.0 2.2933467741935485 0.575287643821911 1.1847471821444981 6
stats: users_count 0 60
stats: finish_users_count 0 0
stats: request 207 914.8446908212559 367.9045663322708 6970.315 50.886 1032.367434188034 1170
stats: connect 24 1.6400833333333331 0.4881389758278089 14.082 0.443 1.3871999999999995 140
stats: page 207 914.8446908212559 367.9045663322708 6970.315 50.886 1032.367434188034 1170
stats: tr_busyWait 207 915.0664637681157 367.9173231730973 6970.704 51.109 1032.6026435897436 1170
stats: 200 207 1377
stats: size_rcv 52888 351921
stats: size_sent 13640 86614
stats: connected 5 57
# stats: dump at 1517148446
stats: users 60 60
stats: {freemem,"tsung_controller@jarvis"} 1 5452.53515625 0.0 5457.92578125 5452.2265625 5455.939174107143 7
stats: {load,"tsung_controller@jarvis"} 1 0.05078125 0.0 0.171875 0.05078125 0.10881696428571429 7
stats: {cpu,"tsung_controller@jarvis"} 1 2.1407883138143813 0.0 2.2933467741935485 0.575287643821911 1.3431185524372196 7
stats: users_count 0 60
stats: finish_users_count 0 0
stats: request 231 722.4996796536786 525.7966809860615 6970.315 50.886 1014.7006165577341 1377
stats: connect 19 0.7901578947368422 0.13595597706916393 14.082 0.443 1.4242073170731704 164
stats: page 231 722.4996796536786 525.7966809860615 6970.315 50.886 1014.7006165577341 1377
stats: tr_busyWait 231 722.7220259740263 525.8089432387097 6970.704 51.109 1014.9338061002179 1377
stats: 200 231 1608
stats: size_rcv 59029 410950
stats: size_sent 13516 100130
stats: connected 0 57
# stats: dump at 1517148456
stats: users 60 60
stats: {freemem,"tsung_controller@jarvis"} 1 5457.81640625 0.0 5457.92578125 5452.2265625 5455.513671875 8
stats: {load,"tsung_controller@jarvis"} 1 0.0390625 0.0 0.171875 0.0390625 0.1015625 8
stats: {cpu,"tsung_controller@jarvis"} 1 0.675253219957484 0.0 2.2933467741935485 0.575287643821911 1.4428272726093647 8
stats: users_count 0 60
stats: finish_users_count 0 0
stats: request 197 684.9233045685279 283.78054784422795 6970.315 50.886 972.7239894278605 1608
stats: connect 23 0.7340000000000002 0.1418256737658258 14.082 0.443 1.3583770491803275 183
stats: page 197 684.9233045685279 283.78054784422795 6970.315 50.886 972.7239894278605 1608
stats: tr_busyWait 197 685.1363604060922 283.806463975633 6970.704 51.109 972.9556212686568 1608
stats: 200 197 1805
stats: size_rcv 50381 461331
stats: size_sent 13144 113274
stats: connected -1 56
# stats: dump at 1517148466
stats: users 60 60
stats: {freemem,"tsung_controller@jarvis"} 1 5458.140625 0.0 5458.140625 5452.2265625 5455.76953125 9
stats: {load,"tsung_controller@jarvis"} 1 0.0390625 0.0 0.171875 0.0390625 0.09461805555555555 9
stats: {cpu,"tsung_controller@jarvis"} 1 0.6376594148537135 0.0 2.2933467741935485 0.575287643821911 1.3575412667591558 9
stats: users_count 0 60
stats: finish_users_count 0 0
stats: request 208 946.274187499998 342.2811617174567 6970.315 50.886 941.3130559556785 1805
stats: connect 13 0.7862307692307691 0.09683622482247961 14.082 0.443 1.288665048543689 206
stats: page 208 946.274187499998 342.2811617174567 6970.315 50.886 941.3130559556785 1805
stats: tr_busyWait 208 946.4922355769233 342.27660514152734 6970.704 51.109 941.5426603878118 1805
stats: 200 208 2013
stats: size_rcv 53111 514442
stats: size_sent 12462 125736
stats: connected -1 55
# stats: dump at 1517148476
stats: users 60 60
stats: {freemem,"tsung_controller@jarvis"} 1 5458.09765625 0.0 5458.140625 5452.2265625 5456.006640625 10
stats: {load,"tsung_controller@jarvis"} 1 0.03125 0.0 0.171875 0.03125 0.0890625 10
stats: {cpu,"tsung_controller@jarvis"} 1 0.5377688844422212 0.0 2.2933467741935485 0.5377688844422212 1.2855530815686116 10
stats: users_count 0 60
stats: finish_users_count 0 0
stats: request 194 1033.6104278350515 194.1207857342694 6970.315 50.886 941.8256815697958 2013
stats: connect 25 0.7573199999999997 0.12306119453345149 14.082 0.443 1.2588401826484015 219
stats: page 194 1033.6104278350515 194.1207857342694 6970.315 50.886 941.8256815697958 2013
stats: tr_busyWait 194 1033.8409690721649 194.142147266657 6970.704 51.109 942.0540919026331 2013
stats: 200 194 2207
stats: size_rcv 49535 563977
stats: size_sent 12648 138384
stats: connected 5 60
# stats: dump at 1517148486
stats: users 60 60
stats: {freemem,"tsung_controller@jarvis"} 1 5458.01953125 0.0 5458.140625 5452.2265625 5456.196732954545 11
stats: {load,"tsung_controller@jarvis"} 1 0.01953125 0.0 0.171875 0.01953125 0.08380681818181818 11
stats: {cpu,"tsung_controller@jarvis"} 1 0.6874140732408449 0.0 2.2933467741935485 0.5377688844422212 1.217572700011667 11
stats: users_count 0 60
stats: finish_users_count 0 0
stats: request 209 914.5568803827757 361.265147387231 6970.315 50.886 949.8937562301763 2207
stats: connect 9 0.7493333333333333 0.15504622966500453 14.082 0.443 1.2074549180327865 244
stats: page 209 914.5568803827757 361.265147387231 6970.315 50.886 949.8937562301763 2207
stats: tr_busyWait 209 914.7719760765551 361.2669697372741 6970.704 51.109 950.1223538740373 2207
stats: 200 209 2416
stats: size_rcv 53386 617363
stats: size_sent 12710 151094
stats: connected -2 58
# stats: dump at 1517148496
stats: users 60 60
stats: {freemem,"tsung_controller@jarvis"} 1 5458.08203125 0.0 5458.140625 5452.2265625 5456.348632812499 12
stats: {load,"tsung_controller@jarvis"} 1 0.01953125 0.0 0.171875 0.01953125 0.07845052083333333 12
stats: {cpu,"tsung_controller@jarvis"} 1 0.5500687585948244 0.0 2.2933467741935485 0.5377688844422212 1.1733928144474317 12
stats: users_count 0 60
stats: finish_users_count 0 0
stats: request 208 778.1786009615387 340.0918830891787 6970.315 46.615 946.8368824503309 2416
stats: connect 21 0.6765238095238097 0.13547258343177046 14.082 0.443 1.1911581027667981 253
stats: page 208 778.1786009615387 340.0918830891787 6970.315 46.615 946.8368824503309 2416
stats: tr_busyWait 208 778.3832115384618 340.0756291730638 6970.704 46.865 947.064312086093 2416
stats: 200 208 2624
stats: size_rcv 53154 670517
stats: size_sent 13392 164486
stats: connected -2 56
# stats: dump at 1517148506
stats: users 60 60
stats: {freemem,"tsung_controller@jarvis"} 1 5458.07421875 0.0 5458.140625 5452.2265625 5456.481971153845 13
stats: {load,"tsung_controller@jarvis"} 1 0.01953125 0.0 0.171875 0.01953125 0.07391826923076923 13
stats: {cpu,"tsung_controller@jarvis"} 1 0.6248437890527367 0.0 2.2933467741935485 0.5377688844422212 1.1254448101510772 13
stats: users_count 0 60
stats: finish_users_count 0 0
stats: request 200 948.0745049999996 266.3082498347355 6970.315 46.615 933.4676284298779 2624
stats: connect 13 0.6956153846153845 0.11000177513360584 14.082 0.443 1.151715328467153 274
stats: page 200 948.0745049999996 266.3082498347355 6970.315 46.615 933.4676284298779 2624
stats: tr_busyWait 200 948.2942449999999 266.28060609557156 6970.704 46.865 933.693249237805 2624
stats: 200 200 2824
stats: size_rcv 51078 721595
stats: size_sent 11904 176390
stats: connected -4 52
# stats: dump at 1517148516
stats: users 60 60
stats: {freemem,"tsung_controller@jarvis"} 1 5457.7734375 0.0 5458.140625 5452.2265625 5456.595703124999 14
stats: {load,"tsung_controller@jarvis"} 1 0.01171875 0.0 0.171875 0.01171875 0.07003348214285714 14
stats: {cpu,"tsung_controller@jarvis"} 1 0.675 0.0 2.2933467741935485 0.5377688844422212 1.0896875943583386 14
stats: users_count 0 60
stats: finish_users_count 0 0
stats: request 233 706.6243819742494 267.6113146367818 6970.315 46.615 934.502109773371 2824
stats: connect 17 0.7145294117647059 0.13151654677691535 14.082 0.443 1.1310557491289197 287
stats: page 233 706.6243819742494 267.6113146367818 6970.315 46.615 934.502109773371 2824
stats: tr_busyWait 233 706.8342618025755 267.5917603222905 6970.704 46.865 934.7273140934846 2824
stats: 200 233 3057
stats: size_rcv 59579 781174
stats: size_sent 13888 190278
stats: connected 3 55
# stats: dump at 1517148526
stats: users 60 60
stats: {freemem,"tsung_controller@jarvis"} 1 5457.69140625 0.0 5458.140625 5452.2265625 5456.674218749999 15
stats: {load,"tsung_controller@jarvis"} 1 0.01171875 0.0 0.171875 0.01171875 0.06614583333333332 15
stats: {cpu,"tsung_controller@jarvis"} 1 0.6744941294029477 0.0 2.2933467741935485 0.5377688844422212 1.0620417547344494 15
stats: users_count 0 60
stats: finish_users_count 0 0
stats: request 219 756.6777214611869 353.01143513641085 6970.315 46.615 917.1336077854105 3057
stats: connect 21 0.6980952380952379 0.1382530133183721 14.082 0.443 1.1077631578947367 304
stats: page 219 756.6777214611869 353.01143513641085 6970.315 46.615 917.1336077854105 3057
stats: tr_busyWait 219 756.905666666667 353.0023672928543 6970.704 46.865 917.3576440955186 3057
stats: 200 219 3276
stats: size_rcv 55968 837142
stats: size_sent 14136 204414
stats: connected 3 58
# stats: dump at 1517148536
stats: users 60 60
stats: {freemem,"tsung_controller@jarvis"} 1 5457.92578125 0.0 5458.140625 5452.2265625 5456.737792968749 16
stats: {load,"tsung_controller@jarvis"} 1 0.01171875 0.0 0.171875 0.01171875 0.06274414062499999 16
stats: {cpu,"tsung_controller@jarvis"} 1 0.600375234521576 0.0 2.2933467741935485 0.5377688844422212 1.0378200281512304 16
stats: users_count 0 60
stats: finish_users_count 0 0
stats: connect 11 0.7571818181818183 0.09827125556042055 14.082 0.443 1.0812923076923073 325
stats: request 196 1153.1703520408155 255.71837062677727 6970.315 46.615 906.4071611721612 3276
stats: page 196 1153.1703520408155 255.71837062677727 6970.315 46.615 906.4071611721612 3276
stats: tr_busyWait 196 1153.380928571427 255.7376098112165 6970.704 46.865 906.631458791209 3276
stats: 200 196 3472
stats: size_rcv 49992 887134
stats: size_sent 12090 216504
stats: connected -3 55
# stats: dump at 1517148546
stats: users 60 60
stats: {freemem,"tsung_controller@jarvis"} 1 5457.19921875 0.0 5458.140625 5452.2265625 5456.807674632352 17
stats: {load,"tsung_controller@jarvis"} 1 0.01171875 0.0 0.171875 0.01171875 0.05974264705882352 17
stats: {cpu,"tsung_controller@jarvis"} 1 0.6003001500750376 0.0 2.2933467741935485 0.5377688844422212 1.012087981467133 17
stats: users_count 0 60
stats: finish_users_count 0 0
stats: request 216 933.1653796296291 309.8385489310047 6970.315 39.058 920.3373413018433 3472
stats: connect 17 0.7392941176470588 0.10736182074477509 14.082 0.443 1.0706815476190474 336
stats: page 216 933.1653796296291 309.8385489310047 6970.315 39.058 920.3373413018433 3472
stats: tr_busyWait 216 933.3743842592594 309.80342066231276 6970.704 39.255 920.5608643433179 3472
stats: 200 216 3688
stats: size_rcv 55177 942311
stats: size_sent 12772 229276
stats: connected 4 59
# stats: dump at 1517148547
stats: users 60 60
stats: {freemem,"tsung_controller@jarvis"} 0 0 0 5458.140625 5452.2265625 5456.829427083332 18
stats: {load,"tsung_controller@jarvis"} 0 0 0 0.171875 0.01171875 0.05707465277777776 18
stats: {cpu,"tsung_controller@jarvis"} 0 0 0 2.2933467741935485 0.5377688844422212 0.9892108797231276 18
stats: users_count 0 60
stats: finish_users_count 0 0
stats: request 16 540.81775 108.43394745045252 6970.315 39.058 921.0886580802603 3688
stats: connect 1 0.66 0.0 14.082 0.443 1.054722379603399 353
stats: page 16 540.81775 108.43394745045252 6970.315 39.058 921.0886580802603 3688
stats: tr_busyWait 16 541.0650624999998 108.42523495447728 6970.704 39.255 921.311330802603 3688
stats: 200 16 3704
stats: size_rcv 4095 946406
stats: size_sent 1488 230764
stats: connected -1 58
stats: error_abort 1 1
EndMonitor:{1517,148547,147578}
