# stats: dump at 1517250484
stats: users 10 10
stats: {freemem,"tsung_controller@jarvis"} 1 3068.1640625 0 3068.1640625 3068.1640625 0 0
stats: {load,"tsung_controller@jarvis"} 1 0.01171875 0 0.01171875 0.01171875 0 0
stats: {cpu,"tsung_controller@jarvis"} 1 1.8862667084319928 0 1.8862667084319928 1.8862667084319928 0 0
stats: users_count 10 10
stats: finish_users_count 0 0
stats: request 50 97.18737999999998 78.86848527793337 300.046 50.895 0 0
stats: connect 12 1.8761666666666663 3.9355205888872637 14.914 0.43 0 0
stats: page 50 97.18737999999998 78.86848527793337 300.046 50.895 0 0
stats: tr_loopTransaction 50 97.39381999999998 78.82868852180403 300.157 51.044 0 0
stats: 200 50 50
stats: size_rcv 12829 12829
stats: size_sent 7800 7800
stats: connected 8 8
# stats: dump at 1517250494
stats: users 10 10
stats: {freemem,"tsung_controller@jarvis"} 1 3075.30859375 0.0 3075.30859375 3068.1640625 3068.1640625 1
stats: {load,"tsung_controller@jarvis"} 1 0.01171875 0.0 0.01171875 0.01171875 0.01171875 1
stats: {cpu,"tsung_controller@jarvis"} 1 0.9736612158282362 0.0 1.8862667084319928 0.9736612158282362 1.8862667084319928 1
stats: users_count 0 10
stats: finish_users_count 0 0
stats: request 47 68.08544680851062 32.37058770380488 300.046 50.895 97.18737999999998 50
stats: connect 5 0.9061999999999999 0.18106286201206473 14.914 0.43 1.8761666666666663 12
stats: page 47 68.08544680851062 32.37058770380488 300.046 50.895 97.18737999999998 50
stats: tr_loopTransaction 47 68.26119148936169 32.356338461968456 300.157 51.044 97.39381999999998 50
stats: 200 47 97
stats: size_rcv 12068 24897
stats: size_sent 7332 15132
stats: connected 1 9
# stats: dump at 1517250504
stats: users 10 10
stats: {freemem,"tsung_controller@jarvis"} 1 3076.02734375 0.0 3076.02734375 3068.1640625 3071.736328125 2
stats: {load,"tsung_controller@jarvis"} 1 0.01171875 0.0 0.01171875 0.01171875 0.01171875 2
stats: {cpu,"tsung_controller@jarvis"} 1 0.7365792759051186 0.0 1.8862667084319928 0.7365792759051186 1.4299639621301146 2
stats: users_count 0 10
stats: finish_users_count 0 0
stats: request 44 71.5770681818182 42.98197472799592 301.502 50.861 83.08644329896906 97
stats: connect 4 0.8007500000000001 0.10943805325388425 14.914 0.43 1.5908823529411762 17
stats: page 44 71.5770681818182 42.98197472799592 301.502 50.861 83.08644329896906 97
stats: tr_loopTransaction 44 71.74272727272727 42.97640232328542 301.663 50.973 83.27801030927834 97
stats: 200 44 141
stats: size_rcv 11296 36193
stats: size_sent 6864 21996
stats: connected -2 7
# stats: dump at 1517250514
stats: users 10 10
stats: {freemem,"tsung_controller@jarvis"} 1 3075.921875 0.0 3076.02734375 3068.1640625 3073.1666666666665 3
stats: {load,"tsung_controller@jarvis"} 1 0.0 0.0 0.01171875 0.0 0.01171875 3
stats: {cpu,"tsung_controller@jarvis"} 1 0.5374328208973879 0.0 1.8862667084319928 0.5374328208973879 1.1988357333884492 3
stats: users_count 0 10
stats: finish_users_count 0 0
stats: request 49 68.21448979591834 20.550689064491397 301.502 50.859 79.49486524822694 141
stats: connect 4 0.78825 0.0752873661380181 14.914 0.43 1.440380952380952 21
stats: page 49 68.21448979591834 20.550689064491397 301.502 50.859 79.49486524822694 141
stats: tr_loopTransaction 49 68.37559183673467 20.548384854268154 301.663 50.944 79.67834751773049 141
stats: 200 49 190
stats: size_rcv 12587 48780
stats: size_sent 7800 29796
stats: connected 1 8
# stats: dump at 1517250524
stats: users 10 10
stats: {freemem,"tsung_controller@jarvis"} 1 3075.66796875 0.0 3076.02734375 3068.1640625 3073.85546875 4
stats: {load,"tsung_controller@jarvis"} 1 0.078125 0.0 0.078125 0.0 0.0087890625 4
stats: {cpu,"tsung_controller@jarvis"} 1 0.6374203224596925 0.0 1.8862667084319928 0.5374328208973879 1.0334850052656839 4
stats: users_count 0 10
stats: finish_users_count 0 0
stats: request 58 71.82679310344828 26.889483202327046 301.502 50.859 76.58571578947368 190
stats: connect 5 0.8122 0.1466511506944286 14.914 0.43 1.33604 25
stats: page 58 71.82679310344828 26.889483202327046 301.502 50.859 76.58571578947368 190
stats: tr_loopTransaction 58 71.99293103448278 26.88207687344351 301.663 50.944 76.76342631578946 190
stats: 200 58 248
stats: size_rcv 14899 63679
stats: size_sent 8892 38688
stats: connected 2 10
# stats: dump at 1517250534
stats: users 10 10
stats: {freemem,"tsung_controller@jarvis"} 1 3076.94140625 0.0 3076.94140625 3068.1640625 3074.21796875 5
stats: {load,"tsung_controller@jarvis"} 1 0.0703125 0.0 0.078125 0.0 0.02265625 5
stats: {cpu,"tsung_controller@jarvis"} 1 0.7498125468632842 0.0 1.8862667084319928 0.5374328208973879 0.9542720687044856 5
stats: users_count 0 10
stats: finish_users_count 0 0
stats: request 44 61.13863636363637 15.88476891566674 301.502 50.838 75.47274193548388 248
stats: connect 2 0.9784999999999999 0.0315 14.914 0.43 1.2487333333333333 30
stats: page 44 61.13863636363637 15.88476891566674 301.502 50.838 75.47274193548388 248
stats: tr_loopTransaction 44 61.301318181818154 15.883215988143991 301.663 50.898 75.64774596774194 248
stats: 200 44 292
stats: size_rcv 11302 74981
stats: size_sent 6864 45552
stats: connected -3 7
# stats: dump at 1517250544
stats: users 10 10
stats: {freemem,"tsung_controller@jarvis"} 1 3076.734375 0.0 3076.94140625 3068.1640625 3074.671875 6
stats: {load,"tsung_controller@jarvis"} 1 0.05859375 0.0 0.078125 0.0 0.030598958333333332 6
stats: {cpu,"tsung_controller@jarvis"} 1 0.5997001499250375 0.0 1.8862667084319928 0.5374328208973879 0.920195481730952 6
stats: users_count 0 10
stats: finish_users_count 0 0
stats: request 57 79.7844912280702 33.35850611222566 301.502 50.838 73.3128082191781 292
stats: connect 6 0.872 0.13350905087920692 14.914 0.43 1.23184375 32
stats: page 57 79.7844912280702 33.35850611222566 301.502 50.838 73.3128082191781 292
stats: tr_loopTransaction 57 79.94924561403508 33.35504355312555 301.663 50.898 73.48595547945204 292
stats: 200 57 349
stats: size_rcv 14631 89612
stats: size_sent 8892 54444
stats: connected 3 10
# stats: dump at 1517250554
stats: users 10 10
stats: {freemem,"tsung_controller@jarvis"} 1 3076.4609375 0.0 3076.94140625 3068.1640625 3074.9665178571427 7
stats: {load,"tsung_controller@jarvis"} 1 0.12109375 0.0 0.12109375 0.0 0.03459821428571429 7
stats: {cpu,"tsung_controller@jarvis"} 1 0.712143928035982 0.0 1.8862667084319928 0.5374328208973879 0.874410434330107 7
stats: users_count 0 10
stats: finish_users_count 0 0
stats: request 49 72.64479591836738 28.698933079777277 301.502 50.838 74.36978796561606 349
stats: connect 2 0.8614999999999999 0.15749999999999997 14.914 0.43 1.1750263157894736 38
stats: page 49 72.64479591836738 28.698933079777277 301.502 50.838 74.36978796561606 349
stats: tr_loopTransaction 49 72.79257142857143 28.697250701708946 301.663 50.898 74.54156446991404 349
stats: 200 49 398
stats: size_rcv 12576 102188
stats: size_sent 7644 62088
stats: connected -1 9
# stats: dump at 1517250564
stats: users 10 10
stats: {freemem,"tsung_controller@jarvis"} 1 3075.96875 0.0 3076.94140625 3068.1640625 3075.1533203125 8
stats: {load,"tsung_controller@jarvis"} 1 0.1015625 0.0 0.12109375 0.0 0.04541015625 8
stats: {cpu,"tsung_controller@jarvis"} 1 0.6624171978502686 0.0 1.8862667084319928 0.5374328208973879 0.8541271210433414 8
stats: users_count 0 10
stats: finish_users_count 0 0
stats: request 42 64.1811428571428 22.913617020880647 301.502 50.838 74.15741457286434 398
stats: connect 5 0.7388 0.17485125106787197 14.914 0.43 1.1593499999999999 40
stats: page 42 64.1811428571428 22.913617020880647 301.502 50.838 74.15741457286434 398
stats: tr_loopTransaction 42 64.33488095238093 22.903149553845804 301.663 50.898 74.32623618090452 398
stats: 200 42 440
stats: size_rcv 10784 112972
stats: size_sent 6552 68640
stats: connected 0 9
# stats: dump at 1517250574
stats: users 10 10
stats: {freemem,"tsung_controller@jarvis"} 1 3117.71484375 0.0 3117.71484375 3068.1640625 3075.2439236111113 9
stats: {load,"tsung_controller@jarvis"} 1 0.16015625 0.0 0.16015625 0.0 0.05164930555555555 9
stats: {cpu,"tsung_controller@jarvis"} 1 4.310452223744861 0.0 4.310452223744861 0.5374328208973879 0.8328260184663334 9
stats: users_count 0 10
stats: finish_users_count 0 0
stats: request 42 58.903523809523804 14.579649893304639 301.502 50.838 73.2051340909091 440
stats: connect 6 0.9346666666666666 0.06627887211539503 14.914 0.43 1.1126222222222222 45
stats: page 42 58.903523809523804 14.579649893304639 301.502 50.838 73.2051340909091 440
stats: tr_loopTransaction 42 59.08852380952381 14.564883945458368 301.663 50.898 73.3725159090909 440
stats: 200 42 482
stats: size_rcv 10791 123763
stats: size_sent 6552 75192
stats: connected -2 7
# stats: dump at 1517250584
stats: users 10 10
stats: {freemem,"tsung_controller@jarvis"} 1 3118.12109375 0.0 3118.12109375 3068.1640625 3079.491015625 10
stats: {load,"tsung_controller@jarvis"} 1 0.21875 0.0 0.21875 0.0 0.0625 10
stats: {cpu,"tsung_controller@jarvis"} 1 0.9743910056214866 0.0 4.310452223744861 0.5374328208973879 1.1805886389941862 10
stats: users_count 0 10
stats: finish_users_count 0 0
stats: request 53 74.88447169811322 34.03220497161962 301.502 50.838 71.9589356846473 482
stats: connect 5 0.8088000000000001 0.11150497746737584 14.914 0.43 1.0916862745098037 51
stats: page 53 74.88447169811322 34.03220497161962 301.502 50.838 71.9589356846473 482
stats: tr_loopTransaction 53 75.07443396226412 34.04055867028714 301.663 50.898 72.12785269709542 482
stats: 200 53 535
stats: size_rcv 13606 137369
stats: size_sent 8268 83460
stats: connected 2 9
# stats: dump at 1517250594
stats: users 10 10
stats: {freemem,"tsung_controller@jarvis"} 1 3117.90234375 0.0 3118.12109375 3068.1640625 3083.002840909091 11
stats: {load,"tsung_controller@jarvis"} 1 0.1796875 0.0 0.21875 0.0 0.07670454545454546 11
stats: {cpu,"tsung_controller@jarvis"} 1 1.0005002501250626 0.0 4.310452223744861 0.5374328208973879 1.161843399596668 11
stats: users_count 0 10
stats: finish_users_count 0 0
stats: request 45 62.32095555555558 22.116192513335417 301.502 50.838 72.24875514018692 535
stats: connect 5 0.9863999999999999 0.11062838695380128 14.914 0.43 1.066428571428571 56
stats: page 45 62.32095555555558 22.116192513335417 301.502 50.838 72.24875514018692 535
stats: tr_loopTransaction 45 62.53148888888888 22.11038380251055 301.663 50.898 72.41975700934579 535
stats: 200 45 580
stats: size_rcv 11559 148928
stats: size_sent 7176 90636
stats: connected 0 9
# stats: dump at 1517250595
stats: users 10 10
stats: {freemem,"tsung_controller@jarvis"} 0 0 0 3118.12109375 3068.1640625 3085.9111328125 12
stats: {load,"tsung_controller@jarvis"} 0 0 0 0.21875 0.0 0.08528645833333333 12
stats: {cpu,"tsung_controller@jarvis"} 0 0 0 4.310452223744861 0.5374328208973879 1.1483981371407008 12
stats: users_count 0 10
stats: finish_users_count 0 0
stats: request 6 66.802 16.877428230233026 301.502 50.838 71.4784948275862 580
stats: connect 1 0.879 0.0 14.914 0.43 1.0598688524590159 61
stats: page 6 66.802 16.877428230233026 301.502 50.838 71.4784948275862 580
stats: tr_loopTransaction 6 67.001 16.878615099191837 301.663 50.898 71.65256379310344 580
stats: 200 6 586
stats: size_rcv 1542 150470
stats: size_sent 780 91416
stats: connected 1 10
stats: error_abort 1 1
EndMonitor:{1517,250595,749412}
