# stats: dump at 1517249134
stats: users 120 120
stats: {freemem,"tsung_controller@jarvis"} 1 3156.48046875 0 3156.48046875 3156.48046875 0 0
stats: {load,"tsung_controller@jarvis"} 1 0.140625 0 0.140625 0.140625 0 0
stats: {cpu,"tsung_controller@jarvis"} 1 1.892509433405577 0 1.892509433405577 1.892509433405577 0 0
stats: users_count 120 120
stats: finish_users_count 0 0
stats: request 111 2208.8016216216215 1084.3806324165132 5247.445 743.558 0 0
stats: connect 121 0.9036942148760327 1.659548294825762 13.696 0.411 0 0
stats: page 111 2208.8016216216215 1084.3806324165132 5247.445 743.558 0 0
stats: tr_loopTransaction 111 2209.0157117117124 1084.3799255197273 5247.581 743.68 0 0
stats: 200 111 111
stats: size_rcv 28310 28310
stats: size_sent 33540 33540
stats: connected 117 117
# stats: dump at 1517249144
stats: users 120 120
stats: {freemem,"tsung_controller@jarvis"} 1 3134.18359375 0.0 3156.48046875 3134.18359375 3156.48046875 1
stats: {load,"tsung_controller@jarvis"} 1 0.109375 0.0 0.140625 0.109375 0.140625 1
stats: {cpu,"tsung_controller@jarvis"} 1 1.4523600851383498 0.0 1.892509433405577 1.4523600851383498 1.892509433405577 1
stats: users_count 0 120
stats: finish_users_count 0 0
stats: request 215 5681.824488372092 2614.2079415092844 11565.928 743.558 2208.8016216216215 111
stats: connect 13 0.8869230769230769 0.1173538118672049 13.696 0.411 0.9036942148760327 121
stats: page 215 5681.824488372092 2614.2079415092844 11565.928 743.558 2208.8016216216215 111
stats: tr_loopTransaction 215 5681.991213953487 2614.1936943728174 11566.119 743.68 2209.0157117117124 111
stats: 200 215 326
stats: size_rcv 54799 83109
stats: size_sent 28704 62244
stats: connected -3 114
# stats: dump at 1517249154
stats: users 120 120
stats: {freemem,"tsung_controller@jarvis"} 1 3132.57421875 0.0 3156.48046875 3132.57421875 3145.33203125 2
stats: {load,"tsung_controller@jarvis"} 1 0.1015625 0.0 0.140625 0.1015625 0.125 2
stats: {cpu,"tsung_controller@jarvis"} 1 0.95 0.0 1.892509433405577 0.95 1.6724347592719635 2
stats: users_count 0 120
stats: finish_users_count 0 0
stats: request 193 4141.068010362699 284.51466869858035 11565.928 743.558 4499.292162576686 326
stats: connect 18 0.8147222222222221 0.15560698554569227 13.696 0.389 0.9020671641791043 134
stats: page 193 4141.068010362699 284.51466869858035 11565.928 743.558 4499.292162576686 326
stats: tr_loopTransaction 193 4141.234357512952 284.5105693266816 11566.119 743.68 4499.475015337423 326
stats: 200 193 519
stats: size_rcv 49197 132306
stats: size_sent 29172 91416
stats: connected 2 116
# stats: dump at 1517249164
stats: users 120 120
stats: {freemem,"tsung_controller@jarvis"} 1 3138.6484375 0.0 3156.48046875 3132.57421875 3141.0794270833335 3
stats: {load,"tsung_controller@jarvis"} 1 0.078125 0.0 0.140625 0.078125 0.1171875 3
stats: {cpu,"tsung_controller@jarvis"} 1 1.3121719570107473 0.0 1.892509433405577 0.95 1.4316231728479758 3
stats: users_count 0 120
stats: finish_users_count 0 0
stats: request 202 3756.5587574257424 279.0041540260605 11565.928 743.558 4366.079712909443 519
stats: connect 22 0.8423636363636363 0.13511932284080866 13.696 0.389 0.8917236842105262 152
stats: page 202 3756.5587574257424 279.0041540260605 11565.928 743.558 4366.079712909443 519
stats: tr_loopTransaction 202 3756.747079207922 278.99788895257564 11566.119 743.68 4366.256427745664 519
stats: 200 202 721
stats: size_rcv 51492 183798
stats: size_sent 32760 124176
stats: connected -3 113
# stats: dump at 1517249174
stats: users 120 120
stats: {freemem,"tsung_controller@jarvis"} 1 3150.09765625 0.0 3156.48046875 3132.57421875 3140.4716796875 4
stats: {load,"tsung_controller@jarvis"} 1 0.0703125 0.0 0.140625 0.0703125 0.107421875 4
stats: {cpu,"tsung_controller@jarvis"} 1 1.1632270168855536 0.0 1.892509433405577 0.95 1.4017603688886686 4
stats: users_count 0 120
stats: finish_users_count 0 0
stats: request 196 4062.331647959185 277.4083159830735 11565.928 743.558 4195.312399445216 721
stats: connect 25 0.7165600000000001 0.09509661613327783 13.696 0.389 0.8854827586206896 174
stats: page 196 4062.331647959185 277.4083159830735 11565.928 743.558 4195.312399445216 721
stats: tr_loopTransaction 196 4062.5004948979613 277.4081735338246 11566.119 743.68 4195.492366158113 721
stats: 200 196 917
stats: size_rcv 49962 233760
stats: size_sent 31356 155532
stats: connected 4 117
# stats: dump at 1517249184
stats: users 120 120
stats: {freemem,"tsung_controller@jarvis"} 1 3150.046875 0.0 3156.48046875 3132.57421875 3142.396875 5
stats: {load,"tsung_controller@jarvis"} 1 0.05859375 0.0 0.140625 0.05859375 0.1 5
stats: {cpu,"tsung_controller@jarvis"} 1 0.9128423158684507 0.0 1.892509433405577 0.9128423158684507 1.3540536984880456 5
stats: users_count 0 120
stats: finish_users_count 0 0
stats: request 196 4037.845051020409 271.34663949504255 11565.928 743.558 4166.889032715377 917
stats: connect 21 0.8482857142857141 0.07193127861742356 13.696 0.389 0.8642613065326633 199
stats: page 196 4037.845051020409 271.34663949504255 11565.928 743.558 4166.889032715377 917
stats: tr_loopTransaction 196 4038.013132653059 271.34610406741416 11566.119 743.68 4167.066622682662 917
stats: 200 196 1113
stats: size_rcv 49961 283721
stats: size_sent 30420 185952
stats: connected -1 116
# stats: dump at 1517249194
stats: users 120 120
stats: {freemem,"tsung_controller@jarvis"} 1 3146.7734375 0.0 3156.48046875 3132.57421875 3143.671875 6
stats: {load,"tsung_controller@jarvis"} 1 0.05078125 0.0 0.140625 0.05078125 0.09309895833333333 6
stats: {cpu,"tsung_controller@jarvis"} 1 0.9621391978008247 0.0 1.892509433405577 0.9128423158684507 1.2805184680514465 6
stats: users_count 0 120
stats: finish_users_count 0 0
stats: request 185 4064.8719675675675 315.92762377996144 11565.928 743.558 4144.164306379156 1113
stats: connect 16 0.82425 0.1403359807747108 13.696 0.389 0.8627363636363636 220
stats: page 185 4064.8719675675675 315.92762377996144 11565.928 743.558 4144.164306379156 1113
stats: tr_loopTransaction 185 4065.0411999999997 315.93336256948714 11566.119 743.68 4144.340221922732 1113
stats: 200 185 1298
stats: size_rcv 47159 330880
stats: size_sent 30576 216528
stats: connected 4 120
# stats: dump at 1517249204
stats: users 120 120
stats: {freemem,"tsung_controller@jarvis"} 1 3145.4296875 0.0 3156.48046875 3132.57421875 3144.1149553571427 7
stats: {load,"tsung_controller@jarvis"} 1 0.0390625 0.0 0.140625 0.0390625 0.08705357142857142 7
stats: {cpu,"tsung_controller@jarvis"} 1 1.0122469382654335 0.0 1.892509433405577 0.9128423158684507 1.2350357151585007 7
stats: users_count 0 120
stats: finish_users_count 0 0
stats: request 211 4132.106440758296 284.5512757700116 11565.928 743.558 4132.863010015409 1298
stats: connect 12 0.7568333333333334 0.13165348035235866 13.696 0.389 0.8601271186440678 236
stats: page 211 4132.106440758296 284.5512757700116 11565.928 743.558 4132.863010015409 1298
stats: tr_loopTransaction 211 4132.271763033173 284.5485400778342 11566.119 743.68 4133.03797303544 1298
stats: 200 211 1509
stats: size_rcv 53773 384653
stats: size_sent 30576 247104
stats: connected -2 118
# stats: dump at 1517249214
stats: users 120 120
stats: {freemem,"tsung_controller@jarvis"} 1 3136.36328125 0.0 3156.48046875 3132.57421875 3144.279296875 8
stats: {load,"tsung_controller@jarvis"} 1 0.03125 0.0 0.140625 0.03125 0.0810546875 8
stats: {cpu,"tsung_controller@jarvis"} 1 1.2243878060969515 0.0 1.892509433405577 0.9128423158684507 1.2071871180468672 8
stats: users_count 0 120
stats: finish_users_count 0 0
stats: request 194 3897.3422731958744 324.7179628312248 11565.928 743.558 4132.757220675945 1509
stats: connect 24 0.8115833333333332 0.15149722678063193 13.696 0.389 0.8551290322580644 248
stats: page 194 3897.3422731958744 324.7179628312248 11565.928 743.558 4132.757220675945 1509
stats: tr_loopTransaction 194 3897.506902061859 324.7150062660268 11566.119 743.68 4132.93083565275 1509
stats: 200 194 1703
stats: size_rcv 49452 434105
stats: size_sent 31980 279084
stats: connected 2 120
# stats: dump at 1517249224
stats: users 120 120
stats: {freemem,"tsung_controller@jarvis"} 1 3144.0703125 0.0 3156.48046875 3132.57421875 3143.3997395833335 9
stats: {load,"tsung_controller@jarvis"} 1 0.03125 0.0 0.140625 0.03125 0.07552083333333333 9
stats: {cpu,"tsung_controller@jarvis"} 1 0.9996251405722854 0.0 1.892509433405577 0.9128423158684507 1.2090983056079876 9
stats: users_count 0 120
stats: finish_users_count 0 0
stats: request 204 4295.122950980396 343.5975087978606 11565.928 743.558 4105.939546095126 1703
stats: connect 6 0.8621666666666665 0.16179968754261828 13.696 0.389 0.8512867647058823 272
stats: page 204 4295.122950980396 343.5975087978606 11565.928 743.558 4105.939546095126 1703
stats: tr_loopTransaction 204 4295.278068627447 343.5931050777014 11566.119 743.68 4106.112137404581 1703
stats: 200 204 1907
stats: size_rcv 51994 486099
stats: size_sent 29796 308880
stats: connected -3 117
# stats: dump at 1517249234
stats: users 120 120
stats: {freemem,"tsung_controller@jarvis"} 1 3158.53125 0.0 3158.53125 3132.57421875 3143.466796875 10
stats: {load,"tsung_controller@jarvis"} 1 0.01953125 0.0 0.140625 0.01953125 0.07109375 10
stats: {cpu,"tsung_controller@jarvis"} 1 1.25 0.0 1.892509433405577 0.9128423158684507 1.1881509891044175 10
stats: users_count 0 120
stats: finish_users_count 0 0
stats: request 200 4020.155570000003 355.11530865871526 11565.928 743.558 4126.177309386471 1907
stats: connect 17 0.8161764705882353 0.15253359718401774 13.696 0.389 0.8515215827338128 278
stats: page 200 4020.155570000003 355.11530865871526 11565.928 743.558 4126.177309386471 1907
stats: tr_loopTransaction 200 4020.3143849999965 355.1155223935693 11566.119 743.68 4126.348031463031 1907
stats: 200 200 2107
stats: size_rcv 50974 537073
stats: size_sent 32136 341016
stats: connected 1 118
# stats: dump at 1517249244
stats: users 120 120
stats: {freemem,"tsung_controller@jarvis"} 1 3157.5390625 0.0 3158.53125 3132.57421875 3144.8362926136365 11
stats: {load,"tsung_controller@jarvis"} 1 0.01953125 0.0 0.140625 0.01953125 0.06640625 11
stats: {cpu,"tsung_controller@jarvis"} 1 1.0250000000000001 0.0 1.892509433405577 0.9128423158684507 1.1937736264585614 11
stats: users_count 0 120
stats: finish_users_count 0 0
stats: request 199 4242.278618090452 368.38225617463786 11565.928 743.558 4116.113546748932 2107
stats: connect 13 0.8681538461538459 0.09522188351734971 13.696 0.389 0.8494847457627117 295
stats: page 199 4242.278618090452 368.38225617463786 11565.928 743.558 4116.113546748932 2107
stats: tr_loopTransaction 199 4242.436095477387 368.37622859704544 11566.119 743.68 4116.283138585666 2107
stats: 200 199 2306
stats: size_rcv 50725 587798
stats: size_sent 29640 370656
stats: connected 1 119
# stats: dump at 1517249245
stats: users 120 120
stats: {freemem,"tsung_controller@jarvis"} 0 0 0 3158.53125 3132.57421875 3145.8948567708335 12
stats: {load,"tsung_controller@jarvis"} 0 0 0 0.140625 0.01953125 0.0625 12
stats: {cpu,"tsung_controller@jarvis"} 0 0 0 1.892509433405577 0.9128423158684507 1.1797091575870147 12
stats: users_count 0 120
stats: finish_users_count 0 0
stats: request 19 4200.6877894736845 266.8524483385369 11565.928 743.558 4127.001165654814 2306
stats: connect 0 0 0 13.696 0.389 0.8502727272727272 308
stats: page 19 4200.6877894736845 266.8524483385369 11565.928 743.558 4127.001165654814 2306
stats: tr_loopTransaction 19 4200.866368421052 266.8572398696806 11566.119 743.68 4127.169712055507 2306
stats: 200 19 2325
stats: size_rcv 4841 592639
stats: size_sent 3120 373776
stats: connected -2 117
stats: error_abort 1 1
EndMonitor:{1517,249245,283810}
