# stats: dump at 1516792223
stats: users 66 93
stats: {freemem,"tsung_controller@jarvis"} 1 4005.74609375 0 4005.74609375 4005.74609375 0 0
stats: {load,"tsung_controller@jarvis"} 1 0.12890625 0 0.12890625 0.12890625 0 0
stats: {cpu,"tsung_controller@jarvis"} 1 45.434647448886174 0 45.434647448886174 45.434647448886174 0 0
stats: session 612 896.9283235294118 851.0372091744089 6434.085 11.212 0 0
stats: users_count 678 678
stats: finish_users_count 612 612
stats: request 573 13.844724258289707 9.014111253479708 72.069 7.764 0 0
stats: connect 573 0.611226876090751 0.39421356643549754 4.244 0.345 0 0
stats: page 573 13.844724258289707 9.014111253479708 72.069 7.764 0 0
stats: 200 573 573
stats: size_rcv 147591 147591
stats: size_sent 35526 35526
stats: connected 0 0
# stats: dump at 1516792233
stats: users 86 97
stats: {freemem,"tsung_controller@jarvis"} 1 4005.6640625 0.0 4005.74609375 4005.6640625 4005.74609375 1
stats: {load,"tsung_controller@jarvis"} 1 0.109375 0.0 0.12890625 0.109375 0.12890625 1
stats: {cpu,"tsung_controller@jarvis"} 1 0.48976516388295865 0.0 45.434647448886174 0.48976516388295865 45.434647448886174 1
stats: session 729 910.9802633744863 887.3249419918859 6434.085 10.889 896.9283235294118 612
stats: users_count 749 1427
stats: finish_users_count 729 1341
stats: request 724 13.458853591160223 7.423547316873335 72.069 7.707 13.844724258289707 573
stats: 200 724 1297
stats: connect 726 0.5552162534435253 0.3528028251016952 4.244 0.336 0.611226876090751 573
stats: page 724 13.458853591160223 7.423547316873335 72.069 7.707 13.844724258289707 573
stats: size_rcv 186505 334096
stats: size_sent 45012 80538
stats: connected 2 2
# stats: dump at 1516792243
stats: users 89 110
stats: {freemem,"tsung_controller@jarvis"} 1 4004.72265625 0.0 4005.74609375 4004.72265625 4005.705078125 2
stats: {load,"tsung_controller@jarvis"} 1 0.1015625 0.0 0.12890625 0.1015625 0.119140625 2
stats: {cpu,"tsung_controller@jarvis"} 1 0.5783253708825749 0.0 45.434647448886174 0.48976516388295865 22.962206306384566 2
stats: session 802 1031.1712344139664 967.1582351086491 6491.088 10.889 904.5672975391504 1341
stats: users_count 805 2232
stats: finish_users_count 802 2143
stats: request 794 16.964574307304797 10.181762405040203 72.069 7.702 13.629326908249809 1297
stats: page 794 16.964574307304797 10.181762405040203 72.069 7.702 13.629326908249809 1297
stats: connect 792 0.537527777777778 0.20782190981244508 4.244 0.333 0.5799230177059274 1299
stats: 200 794 2091
stats: size_rcv 204361 538457
stats: size_sent 49104 129642
stats: connected -2 0
# stats: dump at 1516792253
stats: users 70 110
stats: {freemem,"tsung_controller@jarvis"} 1 4003.69140625 0.0 4005.74609375 4003.69140625 4005.3776041666665 3
stats: {load,"tsung_controller@jarvis"} 1 0.078125 0.0 0.12890625 0.078125 0.11328125 3
stats: {cpu,"tsung_controller@jarvis"} 1 0.4394224733207784 0.0 45.434647448886174 0.4394224733207784 15.500912661217235 3
stats: session 770 1028.2659688311674 1075.133794693672 8072.003 10.889 951.9477722818486 2143
stats: users_count 751 2983
stats: finish_users_count 770 2913
stats: request 785 16.816197452229297 9.896805486684444 72.069 7.702 14.895795791487332 2091
stats: connect 785 0.5168369426751603 0.1659260104029275 4.244 0.331 0.5638651362984217 2091
stats: page 785 16.816197452229297 9.896805486684444 72.069 7.702 14.895795791487332 2091
stats: 200 785 2876
stats: size_rcv 202037 740494
stats: size_sent 48670 178312
stats: connected 0 0
# stats: dump at 1516792263
stats: users 87 110
stats: {freemem,"tsung_controller@jarvis"} 1 4002.13671875 0.0 4005.74609375 4002.13671875 4004.9560546875 4
stats: {load,"tsung_controller@jarvis"} 1 0.1484375 0.0 0.1484375 0.078125 0.1044921875 4
stats: {cpu,"tsung_controller@jarvis"} 1 0.5657530802112145 0.0 45.434647448886174 0.4394224733207784 11.73554011424312 4
stats: session 779 1024.3359602053918 1070.2345164953997 8072.003 10.889 972.1211369721938 2913
stats: users_count 796 3779
stats: finish_users_count 779 3692
stats: request 789 15.810444866920163 9.123829935980794 72.069 7.685 15.419966620305983 2876
stats: page 789 15.810444866920163 9.123829935980794 72.069 7.685 15.419966620305983 2876
stats: connect 790 0.5339278481012669 0.2116362741016353 4.244 0.306 0.5510288595271212 2876
stats: 200 789 3665
stats: size_rcv 203090 943584
stats: size_sent 48980 227292
stats: connected 1 1
# stats: dump at 1516792273
stats: users 85 110
stats: {freemem,"tsung_controller@jarvis"} 1 3999.3359375 0.0 4005.74609375 3999.3359375 4004.3921875 5
stats: {load,"tsung_controller@jarvis"} 1 0.12109375 0.0 0.1484375 0.078125 0.11328125 5
stats: {cpu,"tsung_controller@jarvis"} 1 0.3893005148813261 0.0 45.434647448886174 0.3893005148813261 9.50158270743674 5
stats: session 751 964.8037017310262 895.1925777398903 8072.003 10.889 983.1382949620804 3692
stats: users_count 749 4528
stats: finish_users_count 751 4443
stats: request 756 14.111457671957682 7.245577499672742 72.069 7.685 15.504028649386088 3665
stats: connect 755 0.5453218543046344 0.22523286195662218 4.244 0.306 0.5473436988543375 3666
stats: page 756 14.111457671957682 7.245577499672742 72.069 7.685 15.504028649386088 3665
stats: 200 756 4421
stats: size_rcv 194683 1138267
stats: size_sent 46810 274102
stats: connected -1 0
# stats: dump at 1516792283
stats: users 76 110
stats: {freemem,"tsung_controller@jarvis"} 1 4000.109375 0.0 4005.74609375 3999.3359375 4003.5494791666665 6
stats: {load,"tsung_controller@jarvis"} 1 0.1015625 0.0 0.1484375 0.078125 0.11458333333333333 6
stats: {cpu,"tsung_controller@jarvis"} 1 0.4772670183371013 0.0 45.434647448886174 0.3893005148813261 7.982869008677504 6
stats: session 796 1015.426311557789 1020.2903726277738 8072.003 10.889 980.0391998649566 4443
stats: users_count 787 5315
stats: finish_users_count 796 5239
stats: request 784 15.613320153061226 8.037050699398122 72.069 7.685 15.265896177335447 4421
stats: connect 785 0.55656050955414 0.19372251931941234 4.244 0.306 0.5469984166478173 4421
stats: page 784 15.613320153061226 8.037050699398122 72.069 7.685 15.265896177335447 4421
stats: 200 784 5205
stats: size_rcv 201815 1340082
stats: size_sent 48670 322772
stats: connected 1 1
# stats: dump at 1516792293
stats: users 80 110
stats: {freemem,"tsung_controller@jarvis"} 1 3999.10546875 0.0 4005.74609375 3999.10546875 4003.058035714286 7
stats: {load,"tsung_controller@jarvis"} 1 0.08984375 0.0 0.1484375 0.078125 0.11272321428571429 7
stats: {cpu,"tsung_controller@jarvis"} 1 0.5018190942165349 0.0 45.434647448886174 0.3893005148813261 6.910640152914589 7
stats: session 736 1020.0002228260871 1056.3534755475125 8072.003 10.889 985.4158253483492 5239
stats: users_count 740 6055
stats: finish_users_count 736 5975
stats: request 744 15.686733870967739 9.008179082709482 72.069 7.685 15.318226705091263 5205
stats: connect 743 0.5311211305518158 0.20368785363980527 4.244 0.306 0.5484402612370344 5206
stats: page 744 15.686733870967739 9.008179082709482 72.069 7.685 15.318226705091263 5205
stats: 200 744 5949
stats: size_rcv 191521 1531603
stats: size_sent 46066 368838
stats: connected -1 0
# stats: dump at 1516792303
stats: users 82 110
stats: {freemem,"tsung_controller@jarvis"} 1 3999.1015625 0.0 4005.74609375 3999.1015625 4002.56396484375 8
stats: {load,"tsung_controller@jarvis"} 1 0.0703125 0.0 0.1484375 0.0703125 0.10986328125 8
stats: {cpu,"tsung_controller@jarvis"} 1 0.4653502704062383 0.0 45.434647448886174 0.3893005148813261 6.109537520577333 8
stats: session 842 955.4863159144885 882.9265993301208 8072.003 10.889 989.675928535565 5975
stats: users_count 844 6899
stats: finish_users_count 842 6817
stats: connect 837 0.5114695340501781 0.2032122751242963 4.244 0.306 0.5462771894436039 5949
stats: request 836 16.185321770334955 8.910761408863909 72.069 7.685 15.364313329971427 5949
stats: page 836 16.185321770334955 8.910761408863909 72.069 7.685 15.364313329971427 5949
stats: 200 836 6785
stats: size_rcv 215211 1746814
stats: size_sent 51894 420732
stats: connected 1 1
# stats: dump at 1516792313
stats: users 69 110
stats: {freemem,"tsung_controller@jarvis"} 1 3998.6484375 0.0 4005.74609375 3998.6484375 4002.179253472222 9
stats: {load,"tsung_controller@jarvis"} 1 0.05859375 0.0 0.1484375 0.05859375 0.10546875 9
stats: {cpu,"tsung_controller@jarvis"} 1 0.6419131529263689 0.0 45.434647448886174 0.3893005148813261 5.482405603891656 9
stats: session 799 1044.7522265331656 954.8593729155266 8072.003 10.889 985.4530073346048 6817
stats: users_count 786 7685
stats: finish_users_count 799 7616
stats: request 810 14.781438271604925 7.760059210144924 72.069 7.685 15.465472218128228 6785
stats: page 810 14.781438271604925 7.760059210144924 72.069 7.685 15.465472218128228 6785
stats: connect 809 0.5287540173053155 0.13440263867342014 4.244 0.306 0.5419839375184201 6786
stats: 200 810 7595
stats: size_rcv 208561 1955375
stats: size_sent 50158 470890
stats: connected -1 0
# stats: dump at 1516792323
stats: users 76 117
stats: {freemem,"tsung_controller@jarvis"} 1 3998.33203125 0.0 4005.74609375 3998.33203125 4001.826171875 10
stats: {load,"tsung_controller@jarvis"} 1 0.05078125 0.0 0.1484375 0.05078125 0.10078125 10
stats: {cpu,"tsung_controller@jarvis"} 1 0.5159179564615578 0.0 45.434647448886174 0.3893005148813261 4.998356358795127 10
stats: session 771 990.2802970168611 890.197527805134 8072.003 10.889 991.6741307773109 7616
stats: users_count 778 8463
stats: finish_users_count 771 8387
stats: request 771 14.128189364461742 8.016383301092185 72.069 7.685 15.392520605661622 7595
stats: connect 777 0.4984015444015438 0.07586799073526879 4.244 0.306 0.5405747202106648 7595
stats: 200 771 8366
stats: page 771 14.128189364461742 8.016383301092185 72.069 7.685 15.392520605661622 7595
stats: size_rcv 198552 2153927
stats: size_sent 48174 519064
stats: connected 6 6
# stats: dump at 1516792333
stats: users 84 117
stats: {freemem,"tsung_controller@jarvis"} 1 3996.98046875 0.0 4005.74609375 3996.98046875 4001.5085227272725 11
stats: {load,"tsung_controller@jarvis"} 1 0.12109375 0.0 0.1484375 0.05078125 0.09623579545454546 11
stats: {cpu,"tsung_controller@jarvis"} 1 0.6035458317615994 0.0 45.434647448886174 0.3893005148813261 4.590861958582985 11
stats: session 776 1046.8558608247433 1066.0143055169426 8072.003 10.889 991.5459984499821 8387
stats: users_count 784 9247
stats: finish_users_count 776 9163
stats: request 779 13.860214377406953 7.372453300307199 72.069 7.685 15.276001434377244 8366
stats: connect 773 0.5063156532988362 0.07353225287538959 4.244 0.306 0.5366606545628283 8372
stats: page 779 13.860214377406953 7.372453300307199 72.069 7.685 15.276001434377244 8366
stats: 200 779 9145
stats: size_rcv 200600 2354527
stats: size_sent 47926 566990
stats: connected -6 0
# stats: dump at 1516792343
stats: users 63 117
stats: {freemem,"tsung_controller@jarvis"} 1 3997.56640625 0.0 4005.74609375 3996.98046875 4001.1311848958335 12
stats: {load,"tsung_controller@jarvis"} 1 0.1015625 0.0 0.1484375 0.05078125 0.09830729166666667 12
stats: {cpu,"tsung_controller@jarvis"} 1 0.5283018867924528 0.0 45.434647448886174 0.3893005148813261 4.258585614681203 12
stats: session 793 968.7960668348044 908.8748744625627 8072.003 10.889 996.2301033504311 9163
stats: users_count 772 10019
stats: finish_users_count 793 9956
stats: request 796 14.385837939698462 8.172964251629256 72.069 7.65 15.155400218698746 9145
stats: connect 798 0.46053759398496213 0.1005170864923862 4.244 0.306 0.5340956806998359 9145
stats: page 796 14.385837939698462 8.172964251629256 72.069 7.65 15.155400218698746 9145
stats: 200 796 9941
stats: size_rcv 204978 2559505
stats: size_sent 49476 616466
stats: connected 2 2
# stats: dump at 1516792353
stats: users 73 117
stats: {freemem,"tsung_controller@jarvis"} 1 3998.3359375 0.0 4005.74609375 3996.98046875 4000.856971153846 13
stats: {load,"tsung_controller@jarvis"} 1 0.078125 0.0 0.1484375 0.05078125 0.0985576923076923 13
stats: {cpu,"tsung_controller@jarvis"} 1 0.3263871453678132 0.0 45.434647448886174 0.3263871453678132 3.971640712535915 13
stats: session 781 975.1254916773375 995.7670398582843 8072.003 10.889 994.0449696665328 9956
stats: users_count 791 10810
stats: finish_users_count 781 10737
stats: request 783 15.066326947637275 8.012044590580965 72.069 7.65 15.093779499044363 9941
stats: connect 781 0.46020486555697776 0.08121365903729798 4.244 0.306 0.5281920949411646 9943
stats: page 783 15.066326947637275 8.012044590580965 72.069 7.65 15.093779499044363 9941
stats: 200 783 10724
stats: size_rcv 201575 2761080
stats: size_sent 48422 664888
stats: connected -2 0
# stats: dump at 1516792363
stats: users 75 117
stats: {freemem,"tsung_controller@jarvis"} 1 3998.2578125 0.0 4005.74609375 3996.98046875 4000.6768973214284 14
stats: {load,"tsung_controller@jarvis"} 1 0.0703125 0.0 0.1484375 0.05078125 0.09709821428571429 14
stats: {cpu,"tsung_controller@jarvis"} 1 0.3889097980178146 0.0 45.434647448886174 0.3263871453678132 3.711265457738193 14
stats: session 814 1013.4031941031944 993.0655431882892 8072.003 10.889 992.6687833659311 10737
stats: users_count 816 11626
stats: finish_users_count 814 11551
stats: 200 807 11531
stats: request 807 14.12633457249072 7.515805099225775 72.069 7.65 15.091775083923908 10724
stats: connect 810 0.49319382716049365 0.08128162115266095 4.244 0.306 0.5232407683700111 10724
stats: page 807 14.12633457249072 7.515805099225775 72.069 7.65 15.091775083923908 10724
stats: size_rcv 207821 2968901
stats: size_sent 50220 715108
stats: connected 3 3
# stats: dump at 1516792373
stats: users 92 117
stats: {freemem,"tsung_controller@jarvis"} 1 3997.62109375 0.0 4005.74609375 3996.98046875 4000.515625 15
stats: {load,"tsung_controller@jarvis"} 1 0.05859375 0.0 0.1484375 0.05078125 0.0953125 15
stats: {cpu,"tsung_controller@jarvis"} 1 0.5023232450081627 0.0 45.434647448886174 0.3263871453678132 3.489775080423501 15
stats: session 707 1061.8499179632254 1089.771383764596 8072.003 10.889 994.1299391394687 11551
stats: users_count 724 12350
stats: finish_users_count 707 12258
stats: page 713 13.878869565217396 7.834758036691735 72.069 7.65 15.024208481484695 11531
stats: request 713 13.878869565217396 7.834758036691735 72.069 7.65 15.024208481484695 11531
stats: connect 714 0.5027114845938377 0.07624169666712001 4.244 0.306 0.5211306571874458 11534
stats: 200 713 12244
stats: size_rcv 183646 3152547
stats: size_sent 44268 759376
stats: connected 1 4
# stats: dump at 1516792383
stats: users 66 117
stats: {freemem,"tsung_controller@jarvis"} 1 3997.45703125 0.0 4005.74609375 3996.98046875 4000.334716796875 16
stats: {load,"tsung_controller@jarvis"} 1 0.05078125 0.0 0.1484375 0.05078125 0.093017578125 16
stats: {cpu,"tsung_controller@jarvis"} 1 0.5651846269781462 0.0 45.434647448886174 0.3263871453678132 3.3030593407100426 16
stats: session 788 1011.9706484771567 975.1206287465417 8072.003 10.889 998.0357985805192 12258
stats: users_count 762 13112
stats: finish_users_count 788 13046
stats: request 786 14.251393129770994 7.556789992735267 72.069 7.65 14.957512414243713 12244
stats: connect 783 0.5019310344827604 0.09983919558749559 4.244 0.306 0.5200569072501632 12248
stats: page 786 14.251393129770994 7.556789992735267 72.069 7.65 14.957512414243713 12244
stats: 200 786 13030
stats: size_rcv 202433 3354980
stats: size_sent 48546 807922
stats: connected -3 1
# stats: dump at 1516792393
stats: users 97 117
stats: {freemem,"tsung_controller@jarvis"} 1 3995.28125 0.0 4005.74609375 3995.28125 4000.1654411764707 17
stats: {load,"tsung_controller@jarvis"} 1 0.0390625 0.0 0.1484375 0.0390625 0.09053308823529412 17
stats: {cpu,"tsung_controller@jarvis"} 1 0.5408805031446541 0.0 45.434647448886174 0.3263871453678132 3.142007886961107 17
stats: session 748 1044.607372994653 1034.0710137263109 8072.003 10.889 998.8774865859269 13046
stats: users_count 779 13891
stats: finish_users_count 748 13794
stats: request 755 14.275474172185453 8.235210666774359 72.069 7.65 14.914917651573292 13030
stats: connect 754 0.5023633952254644 0.08211314273100316 4.244 0.306 0.5189677691658353 13031
stats: page 755 14.275474172185453 8.235210666774359 72.069 7.65 14.914917651573292 13030
stats: 200 755 13785
stats: size_rcv 194419 3549399
stats: size_sent 46748 854670
stats: connected -1 0
# stats: dump at 1516792403
stats: users 0 117
stats: {freemem,"tsung_controller@jarvis"} 1 3988.81640625 0.0 4005.74609375 3988.81640625 3999.894097222222 18
stats: {load,"tsung_controller@jarvis"} 1 0.03125 0.0 0.1484375 0.03125 0.0876736111111111 18
stats: {cpu,"tsung_controller@jarvis"} 1 0.5913437342727731 0.0 45.434647448886174 0.3263871453678132 2.997500810082416 18
stats: session 100 2031.0223199999998 1612.6312091288378 10099.979 10.889 1001.357257140786 13794
stats: users_count 3 13894
stats: finish_users_count 100 13894
stats: page 109 10.435091743119266 4.1590989795697855 72.069 7.65 14.879895538628945 13785
stats: request 109 10.435091743119266 4.1590989795697855 72.069 7.65 14.879895538628945 13785
stats: connect 109 0.5758623853211009 0.15857197988711433 4.244 0.306 0.5180595574900254 13785
stats: 200 109 13894
stats: size_rcv 28102 3577501
stats: size_sent 6758 861428
stats: connected 0 0
# stats: dump at 1516792404
stats: users 0 117
stats: {freemem,"tsung_controller@jarvis"} 0 0 0 4005.74609375 3988.81640625 3999.3110608552633 19
stats: {load,"tsung_controller@jarvis"} 0 0 0 0.1484375 0.03125 0.08470394736842106 19
stats: {cpu,"tsung_controller@jarvis"} 0 0 0 45.434647448886174 0.3263871453678132 2.8708609639871714 19
stats: session 0 0 0 10099.979 10.889 1008.7681183964304 13894
stats: users_count 0 13894
stats: finish_users_count 0 13894
stats: connect 0 0 0 4.244 0.306 0.5185130272059882 13894
stats: page 0 0 0 72.069 7.65 14.84502555059738 13894
stats: 200 0 13894
stats: request 0 0 0 72.069 7.65 14.84502555059738 13894
stats: size_rcv 0 3577501
stats: size_sent 0 861428
stats: connected 0 0
EndMonitor:{1516,792404,261659}
