# stats: dump at 1517145415
stats: users 35 35
stats: {freemem,"tsung_controller@jarvis"} 1 5458.85546875 0 5458.85546875 5458.85546875 0 0
stats: {load,"tsung_controller@jarvis"} 1 0.12109375 0 0.12109375 0.12109375 0 0
stats: {cpu,"tsung_controller@jarvis"} 1 1.9160585338912597 0 1.9160585338912597 1.9160585338912597 0 0
stats: users_count 35 35
stats: finish_users_count 0 0
stats: request 125 502.8616560000003 709.848970774264 3519.201 50.811 0 0
stats: connect 38 1.3871315789473686 3.1390081669471113 20.428 0.514 0 0
stats: page 125 502.8616560000003 709.848970774264 3519.201 50.811 0 0
stats: tr_busyWait 125 503.13213600000006 709.8236718440246 3519.328 50.998 0 0
stats: 200 125 125
stats: size_rcv 32023 32023
stats: size_sent 7874 7874
stats: connected 33 33
# stats: dump at 1517145425
stats: users 35 35
stats: {freemem,"tsung_controller@jarvis"} 1 5458.13671875 0.0 5458.85546875 5458.13671875 5458.85546875 1
stats: {load,"tsung_controller@jarvis"} 1 0.1015625 0.0 0.12109375 0.1015625 0.12109375 1
stats: {cpu,"tsung_controller@jarvis"} 1 0.6620861961274204 0.0 1.9160585338912597 0.6620861961274204 1.9160585338912597 1
stats: users_count 0 35
stats: finish_users_count 0 0
stats: request 165 246.24812121212128 142.43833791703386 3519.201 50.811 502.8616560000003 125
stats: connect 13 0.8468461538461537 0.08439180251280896 20.428 0.514 1.3871315789473686 38
stats: page 165 246.24812121212128 142.43833791703386 3519.201 50.811 502.8616560000003 125
stats: tr_busyWait 165 246.49630303030293 142.44019758095718 3519.328 50.975 503.13213600000006 125
stats: 200 165 290
stats: size_rcv 42244 74267
stats: size_sent 10230 18104
stats: connected 0 33
# stats: dump at 1517145435
stats: users 35 35
stats: {freemem,"tsung_controller@jarvis"} 1 5455.375 0.0 5458.85546875 5455.375 5458.49609375 2
stats: {load,"tsung_controller@jarvis"} 1 0.08984375 0.0 0.12109375 0.08984375 0.111328125 2
stats: {cpu,"tsung_controller@jarvis"} 1 0.7491571981520789 0.0 1.9160585338912597 0.6620861961274204 1.28907236500934 2
stats: users_count 0 35
stats: finish_users_count 0 0
stats: request 146 216.91294520547953 147.83944779405726 3519.201 50.811 356.85740344827605 290
stats: connect 18 0.7873333333333332 0.17878136865394498 20.428 0.408 1.2494117647058824 51
stats: page 146 216.91294520547953 147.83944779405726 3519.201 50.811 356.85740344827605 290
stats: tr_busyWait 146 217.15502054794513 147.84443135655607 3519.328 50.975 357.1151965517241 290
stats: 200 146 436
stats: size_rcv 37392 111659
stats: size_sent 9052 27156
stats: connected 0 33
# stats: dump at 1517145445
stats: users 35 35
stats: {freemem,"tsung_controller@jarvis"} 1 5455.66796875 0.0 5458.85546875 5455.375 5457.455729166667 3
stats: {load,"tsung_controller@jarvis"} 1 0.0703125 0.0 0.12109375 0.0703125 0.10416666666666667 3
stats: {cpu,"tsung_controller@jarvis"} 1 0.5003752814610958 0.0 1.9160585338912597 0.5003752814610958 1.1091006427235863 3
stats: users_count 0 35
stats: finish_users_count 0 0
stats: request 160 235.92251249999995 144.20123964008545 3519.201 50.784 309.995268348624 436
stats: connect 14 0.7294285714285714 0.12352542496281849 20.428 0.408 1.1288695652173912 69
stats: page 160 235.92251249999995 144.20123964008545 3519.201 50.784 309.995268348624 436
stats: tr_busyWait 160 236.12102499999986 144.197872623565 3519.328 50.928 310.24779816513757 436
stats: 200 160 596
stats: size_rcv 40966 152625
stats: size_sent 10478 37634
stats: connected 2 35
# stats: dump at 1517145455
stats: users 35 35
stats: {freemem,"tsung_controller@jarvis"} 1 5455.8515625 0.0 5458.85546875 5455.375 5457.0087890625 4
stats: {load,"tsung_controller@jarvis"} 1 0.05859375 0.0 0.12109375 0.05859375 0.095703125 4
stats: {cpu,"tsung_controller@jarvis"} 1 0.4875 0.0 1.9160585338912597 0.4875 0.9569193024079637 4
stats: users_count 0 35
stats: finish_users_count 0 0
stats: request 162 228.4427469135801 149.503540757786 3519.201 50.784 290.10996476510076 596
stats: tr_busyWait 162 228.61990123456766 149.5280063665026 3519.328 50.888 290.34799328859054 596
stats: connect 10 0.7094 0.09563597649420433 20.428 0.408 1.0614939759036144 83
stats: page 162 228.4427469135801 149.503540757786 3519.201 50.784 290.10996476510076 596
stats: 200 162 758
stats: size_rcv 41495 194120
stats: size_sent 9362 46996
stats: connected -3 32
# stats: dump at 1517145465
stats: users 35 35
stats: {freemem,"tsung_controller@jarvis"} 1 5455.4609375 0.0 5458.85546875 5455.375 5456.77734375 5
stats: {load,"tsung_controller@jarvis"} 1 0.12890625 0.0 0.12890625 0.05859375 0.08828125 5
stats: {cpu,"tsung_controller@jarvis"} 1 0.7618333957786936 0.0 1.9160585338912597 0.4875 0.863035441926371 5
stats: users_count 0 35
stats: finish_users_count 0 0
stats: page 166 254.4941445783132 164.9003322756801 3519.201 50.784 276.93042744063325 758
stats: request 166 254.4941445783132 164.9003322756801 3519.201 50.784 276.93042744063325 758
stats: 200 166 924
stats: connect 14 0.7914285714285716 0.12803220258184728 20.428 0.408 1.0236344086021505 93
stats: tr_busyWait 166 254.65763855421645 164.90156028670503 3519.328 50.888 277.15544591029015 758
stats: size_rcv 42510 236630
stats: size_sent 10354 57350
stats: connected 1 33
# stats: dump at 1517145475
stats: users 35 35
stats: {freemem,"tsung_controller@jarvis"} 1 5455.4609375 0.0 5458.85546875 5455.375 5456.557942708333 6
stats: {load,"tsung_controller@jarvis"} 1 0.109375 0.0 0.12890625 0.05859375 0.09505208333333333 6
stats: {cpu,"tsung_controller@jarvis"} 1 0.7126781695423856 0.0 1.9160585338912597 0.4875 0.8461684342350915 6
stats: users_count 0 35
stats: finish_users_count 0 0
stats: tr_busyWait 164 222.63279878048783 131.74359805018804 3519.328 50.888 273.1136320346319 924
stats: request 164 222.44331707317068 131.73437592079344 3519.201 50.784 272.89966666666663 924
stats: connect 13 0.8490000000000001 0.13029670283330566 20.428 0.408 0.993252336448598 107
stats: page 164 222.44331707317068 131.73437592079344 3519.201 50.784 272.89966666666663 924
stats: 200 164 1088
stats: size_rcv 42014 278644
stats: size_sent 10478 67828
stats: connected 2 35
# stats: dump at 1517145485
stats: users 35 35
stats: {freemem,"tsung_controller@jarvis"} 1 5455.3046875 0.0 5458.85546875 5455.3046875 5456.401227678572 7
stats: {load,"tsung_controller@jarvis"} 1 0.08984375 0.0 0.12890625 0.05859375 0.09709821428571429 7
stats: {cpu,"tsung_controller@jarvis"} 1 0.9868831980012492 0.0 1.9160585338912597 0.4875 0.8270983964218478 7
stats: users_count 0 35
stats: finish_users_count 0 0
stats: tr_busyWait 160 209.28230624999992 124.87763330066336 3519.328 50.888 265.5043887867646 1088
stats: request 160 209.1041562499999 124.88239222337081 3519.201 50.784 265.29411397058817 1088
stats: connect 8 0.829875 0.12240346961994172 20.428 0.408 0.977625 120
stats: page 160 209.1041562499999 124.88239222337081 3519.201 50.784 265.29411397058817 1088
stats: 200 160 1248
stats: size_rcv 40990 319634
stats: size_sent 9610 77438
stats: connected -3 32
# stats: dump at 1517145495
stats: users 35 35
stats: {freemem,"tsung_controller@jarvis"} 1 5453.73828125 0.0 5458.85546875 5453.73828125 5456.26416015625 8
stats: {load,"tsung_controller@jarvis"} 1 0.078125 0.0 0.12890625 0.05859375 0.09619140625 8
stats: {cpu,"tsung_controller@jarvis"} 1 0.8743442418186359 0.0 1.9160585338912597 0.4875 0.847071496619273 8
stats: users_count 0 35
stats: finish_users_count 0 0
stats: connect 11 0.6885454545454546 0.13195272131016103 20.428 0.408 0.968390625 128
stats: page 153 229.62680392156852 130.78962956750817 3519.201 50.772 258.0902732371794 1248
stats: 200 153 1401
stats: request 153 229.62680392156852 130.78962956750817 3519.201 50.772 258.0902732371794 1248
stats: tr_busyWait 153 229.7876078431373 130.76645047830843 3519.328 50.87 258.2964294871794 1248
stats: size_rcv 39181 358815
stats: size_sent 9672 87110
stats: connected 0 32
# stats: dump at 1517145505
stats: users 35 35
stats: {freemem,"tsung_controller@jarvis"} 1 5454.203125 0.0 5458.85546875 5453.73828125 5455.983506944444 9
stats: {load,"tsung_controller@jarvis"} 1 0.0703125 0.0 0.12890625 0.05859375 0.09418402777777778 9
stats: {cpu,"tsung_controller@jarvis"} 1 0.6627485306990122 0.0 1.9160585338912597 0.4875 0.8501018016414243 9
stats: users_count 0 35
stats: finish_users_count 0 0
stats: request 157 255.1744267515926 158.4761840660694 3519.201 50.772 254.9818429693076 1401
stats: 200 157 1558
stats: connect 13 0.772 0.09534875256333779 20.428 0.408 0.9462446043165467 139
stats: page 157 255.1744267515926 158.4761840660694 3519.201 50.772 254.9818429693076 1401
stats: tr_busyWait 157 255.32661146496818 158.46651262381832 3519.328 50.87 255.18304639543177 1401
stats: size_rcv 40205 399020
stats: size_sent 9610 96720
stats: connected 0 32
# stats: dump at 1517145515
stats: users 35 35
stats: {freemem,"tsung_controller@jarvis"} 1 5455.203125 0.0 5458.85546875 5453.73828125 5455.80546875 10
stats: {load,"tsung_controller@jarvis"} 1 0.05859375 0.0 0.12890625 0.05859375 0.091796875 10
stats: {cpu,"tsung_controller@jarvis"} 1 0.6624171978502686 0.0 1.9160585338912597 0.4875 0.8313664745471832 10
stats: users_count 0 35
stats: finish_users_count 0 0
stats: request 149 163.27005369127514 85.86273239201405 3519.201 50.751 255.0012496790757 1558
stats: connect 15 0.6738000000000001 0.1481887085217134 20.428 0.408 0.9313421052631579 152
stats: page 149 163.27005369127514 85.86273239201405 3519.201 50.751 255.0012496790757 1558
stats: tr_busyWait 149 163.38346979865776 85.85018381499182 3519.328 50.809 255.19751347881893 1558
stats: 200 149 1707
stats: size_rcv 38169 437189
stats: size_sent 9362 106082
stats: connected 0 32
# stats: dump at 1517145525
stats: users 35 35
stats: {freemem,"tsung_controller@jarvis"} 1 5455.265625 0.0 5458.85546875 5453.73828125 5455.750710227273 11
stats: {load,"tsung_controller@jarvis"} 1 0.05078125 0.0 0.12890625 0.05078125 0.08877840909090909 11
stats: {cpu,"tsung_controller@jarvis"} 1 0.5372985130576033 0.0 1.9160585338912597 0.4875 0.8160074493929182 11
stats: users_count 0 35
stats: finish_users_count 0 0
stats: 200 173 1880
stats: request 173 251.16583236994222 147.16474905317918 3519.201 50.751 246.99425014645573 1707
stats: connect 16 0.6831875 0.16529905427361039 20.428 0.408 0.9082095808383233 167
stats: page 173 251.16583236994222 147.16474905317918 3519.201 50.751 246.99425014645573 1707
stats: tr_busyWait 173 251.29182080924846 147.15495845696395 3519.328 50.809 247.1832823667252 1707
stats: size_rcv 44295 481484
stats: size_sent 10602 116684
stats: connected 0 32
# stats: dump at 1517145535
stats: users 35 35
stats: {freemem,"tsung_controller@jarvis"} 1 5454.8671875 0.0 5458.85546875 5453.73828125 5455.710286458333 12
stats: {load,"tsung_controller@jarvis"} 1 0.0390625 0.0 0.12890625 0.0390625 0.08561197916666667 12
stats: {cpu,"tsung_controller@jarvis"} 1 0.47547547547547553 0.0 1.9160585338912597 0.47547547547547553 0.7927817046983087 12
stats: users_count 0 35
stats: finish_users_count 0 0
stats: connect 11 0.6647272727272728 0.1440858903628419 20.428 0.408 0.8885355191256831 183
stats: request 147 155.37070748299314 85.6848318961863 3519.201 50.751 247.37812446808508 1880
stats: page 147 155.37070748299314 85.6848318961863 3519.201 50.751 247.37812446808508 1880
stats: tr_busyWait 147 155.50073469387752 85.68862425030062 3519.328 50.796 247.56135531914887 1880
stats: 200 147 2027
stats: size_rcv 37662 519146
stats: size_sent 9610 126294
stats: connected -1 31
# stats: dump at 1517145545
stats: users 35 35
stats: {freemem,"tsung_controller@jarvis"} 1 5454.66015625 0.0 5458.85546875 5453.73828125 5455.645432692308 13
stats: {load,"tsung_controller@jarvis"} 1 0.109375 0.0 0.12890625 0.0390625 0.08203125 13
stats: {cpu,"tsung_controller@jarvis"} 1 0.5121798875702686 0.0 1.9160585338912597 0.47547547547547553 0.7683735332196291 13
stats: users_count 0 35
stats: finish_users_count 0 0
stats: request 155 178.099741935484 127.20492262400293 3519.201 50.751 240.7056576221016 2027
stats: tr_busyWait 155 178.2582451612904 127.19011226680763 3519.328 50.796 240.88503009373454 2027
stats: connect 15 0.7016666666666667 0.1629522083993409 20.428 0.408 0.8758453608247424 194
stats: page 155 178.099741935484 127.20492262400293 3519.201 50.751 240.7056576221016 2027
stats: 200 155 2182
stats: size_rcv 39710 558856
stats: size_sent 9238 135532
stats: connected 1 32
# stats: dump at 1517145555
stats: users 35 35
stats: {freemem,"tsung_controller@jarvis"} 1 5453.125 0.0 5458.85546875 5453.125 5455.575055803572 14
stats: {load,"tsung_controller@jarvis"} 1 0.1015625 0.0 0.12890625 0.0390625 0.083984375 14
stats: {cpu,"tsung_controller@jarvis"} 1 0.8609932617918642 0.0 1.9160585338912597 0.47547547547547553 0.7500739871018176 14
stats: users_count 0 35
stats: finish_users_count 0 0
stats: request 155 216.49687741935492 136.0091113958006 3519.201 50.751 236.25839963336387 2182
stats: tr_busyWait 155 216.69027096774184 136.01621569073967 3519.328 50.796 236.43628964252974 2182
stats: 200 155 2337
stats: connect 11 0.8262727272727273 0.115509221126667 20.428 0.408 0.8633444976076556 209
stats: page 155 216.49687741935492 136.0091113958006 3519.201 50.751 236.25839963336387 2182
stats: size_rcv 39700 598556
stats: size_sent 9796 145328
stats: connected 0 32
# stats: dump at 1517145565
stats: users 35 35
stats: {freemem,"tsung_controller@jarvis"} 1 5453.7890625 0.0 5458.85546875 5453.125 5455.41171875 15
stats: {load,"tsung_controller@jarvis"} 1 0.078125 0.0 0.12890625 0.0390625 0.08515625 15
stats: {cpu,"tsung_controller@jarvis"} 1 0.9359790340696369 0.0 1.9160585338912597 0.47547547547547553 0.7574686054144874 15
stats: users_count 0 35
stats: finish_users_count 0 0
stats: request 173 229.6794566473989 137.42778260432974 3519.201 50.751 234.94772956782202 2337
stats: page 173 229.6794566473989 137.42778260432974 3519.201 50.751 234.94772956782202 2337
stats: connect 15 0.7620000000000001 0.13472539973343306 20.428 0.408 0.8614909090909092 220
stats: tr_busyWait 173 229.86982658959528 137.44117557029023 3519.328 50.796 235.12664783910992 2337
stats: 200 173 2510
stats: size_rcv 44303 642859
stats: size_sent 10664 155992
stats: connected 3 35
# stats: dump at 1517145575
stats: users 35 35
stats: {freemem,"tsung_controller@jarvis"} 1 5453.86328125 0.0 5458.85546875 5453.125 5455.310302734375 16
stats: {load,"tsung_controller@jarvis"} 1 0.0703125 0.0 0.12890625 0.0390625 0.084716796875 16
stats: {cpu,"tsung_controller@jarvis"} 1 0.8735804317983277 0.0 1.9160585338912597 0.47547547547547553 0.7686255072054342 16
stats: users_count 0 35
stats: finish_users_count 0 0
stats: 200 160 2670
stats: request 160 178.57419999999988 139.28789793027607 3519.201 50.751 234.5846175298805 2510
stats: connect 11 0.6946363636363636 0.1170728388089093 20.428 0.408 0.855140425531915 235
stats: page 160 178.57419999999988 139.28789793027607 3519.201 50.751 234.5846175298805 2510
stats: tr_busyWait 160 178.73823750000003 139.28452941817906 3519.328 50.796 234.76432509960154 2510
stats: size_rcv 40999 683858
stats: size_sent 9548 165540
stats: connected -2 33
# stats: dump at 1517145585
stats: users 35 35
stats: {freemem,"tsung_controller@jarvis"} 1 5454.01953125 0.0 5458.85546875 5453.125 5455.22518382353 17
stats: {load,"tsung_controller@jarvis"} 1 0.05859375 0.0 0.12890625 0.0390625 0.08386948529411764 17
stats: {cpu,"tsung_controller@jarvis"} 1 0.7866150580596828 0.0 1.9160585338912597 0.47547547547547553 0.7747993262991338 17
stats: users_count 0 35
stats: finish_users_count 0 0
stats: tr_busyWait 153 204.74802614379075 178.2032583554777 3519.328 50.796 231.40695655430707 2670
stats: request 153 204.5806209150328 178.20778450555733 3519.201 50.751 231.22818801498127 2670
stats: connect 11 0.6807272727272725 0.1456596848879362 20.428 0.408 0.8479634146341464 246
stats: page 153 204.5806209150328 178.20778450555733 3519.201 50.751 231.22818801498127 2670
stats: 200 153 2823
stats: size_rcv 39210 723068
stats: size_sent 9486 175026
stats: connected 0 33
# stats: dump at 1517145586
stats: users 35 35
stats: {freemem,"tsung_controller@jarvis"} 0 0 0 5458.85546875 5453.125 5455.158203125 18
stats: {load,"tsung_controller@jarvis"} 0 0 0 0.12890625 0.0390625 0.08246527777777778 18
stats: {cpu,"tsung_controller@jarvis"} 0 0 0 1.9160585338912597 0.47547547547547553 0.7754557558413865 18
stats: users_count 0 35
stats: finish_users_count 0 0
stats: request 16 200.82399999999996 104.98742855397022 3519.201 50.751 229.78395217853347 2823
stats: connect 0 0 0 20.428 0.408 0.8408054474708172 257
stats: page 16 200.82399999999996 104.98742855397022 3519.201 50.751 229.78395217853347 2823
stats: 200 16 2839
stats: tr_busyWait 16 200.96068749999998 104.94948196556213 3519.328 50.796 229.96210485299324 2823
stats: size_rcv 4100 727168
stats: size_sent 1116 176142
stats: connected 0 33
stats: error_abort 1 1
EndMonitor:{1517,145586,679386}
