# stats: dump at 1517249502
stats: users 90 90
stats: {freemem,"tsung_controller@jarvis"} 1 3194.2109375 0 3194.2109375 3194.2109375 0 0
stats: {load,"tsung_controller@jarvis"} 1 0.19140625 0 0.19140625 0.19140625 0 0
stats: {cpu,"tsung_controller@jarvis"} 1 1.8912772759755268 0 1.8912772759755268 1.8912772759755268 0 0
stats: users_count 90 90
stats: finish_users_count 0 0
stats: request 138 3389.4772898550727 711.2749883945918 4175.252 1923.349 0 0
stats: connect 90 1.3620333333333332 2.279994363784456 13.746 0.391 0 0
stats: page 138 3389.4772898550727 711.2749883945918 4175.252 1923.349 0 0
stats: tr_loopTransaction 138 3389.677362318842 711.2923006581101 4175.493 1923.471 0 0
stats: 200 138 138
stats: size_rcv 35180 35180
stats: size_sent 29016 29016
stats: connected 90 90
# stats: dump at 1517249512
stats: users 90 90
stats: {freemem,"tsung_controller@jarvis"} 1 3180.5 0.0 3194.2109375 3180.5 3194.2109375 1
stats: {load,"tsung_controller@jarvis"} 1 0.16015625 0.0 0.19140625 0.16015625 0.19140625 1
stats: {cpu,"tsung_controller@jarvis"} 1 1.221031647146773 0.0 1.8912772759755268 1.221031647146773 1.8912772759755268 1
stats: users_count 0 90
stats: finish_users_count 0 0
stats: request 194 2605.5147319587613 214.8315417451262 4175.252 1923.349 3389.4772898550727 138
stats: connect 19 0.8194736842105261 0.11156323126656523 13.746 0.391 1.3620333333333332 90
stats: page 194 2605.5147319587613 214.8315417451262 4175.252 1923.349 3389.4772898550727 138
stats: tr_loopTransaction 194 2605.681417525775 214.82855226768345 4175.493 1923.471 3389.677362318842 138
stats: 200 194 332
stats: size_rcv 49452 84632
stats: size_sent 32604 61620
stats: connected -3 87
# stats: dump at 1517249522
stats: users 90 90
stats: {freemem,"tsung_controller@jarvis"} 1 3179.0625 0.0 3194.2109375 3179.0625 3187.35546875 2
stats: {load,"tsung_controller@jarvis"} 1 0.12890625 0.0 0.19140625 0.12890625 0.17578125 2
stats: {cpu,"tsung_controller@jarvis"} 1 1.1207970112079702 0.0 1.8912772759755268 1.1207970112079702 1.55615446156115 2
stats: users_count 0 90
stats: finish_users_count 0 0
stats: request 212 2533.7787405660365 292.9360524256604 4175.252 1923.349 2931.378686746987 332
stats: connect 17 0.8761764705882353 0.08207043982717284 13.746 0.391 1.2674587155963302 109
stats: page 212 2533.7787405660365 292.9360524256604 4175.252 1923.349 2931.378686746987 332
stats: tr_loopTransaction 212 2533.963231132075 292.93537278625695 4175.493 1923.471 2931.5592500000016 332
stats: 200 212 544
stats: size_rcv 54031 138663
stats: size_sent 29328 90948
stats: connected -2 85
# stats: dump at 1517249532
stats: users 90 90
stats: {freemem,"tsung_controller@jarvis"} 1 3178.11328125 0.0 3194.2109375 3178.11328125 3184.5911458333335 3
stats: {load,"tsung_controller@jarvis"} 1 0.109375 0.0 0.19140625 0.109375 0.16015625 3
stats: {cpu,"tsung_controller@jarvis"} 1 1.0340102155226112 0.0 1.8912772759755268 1.0340102155226112 1.4110353114434233 3
stats: users_count 0 90
stats: finish_users_count 0 0
stats: request 189 2476.804862433862 222.5125355793926 4175.252 1872.019 2776.4316488970576 544
stats: connect 23 0.7987826086956522 0.143983681600061 13.746 0.391 1.2146666666666668 126
stats: page 189 2476.804862433862 222.5125355793926 4175.252 1872.019 2776.4316488970576 544
stats: tr_loopTransaction 189 2476.992825396825 222.51223688030652 4175.493 1872.247 2776.61374264706 544
stats: 200 189 733
stats: size_rcv 48179 186842
stats: size_sent 31668 122616
stats: connected 4 89
# stats: dump at 1517249542
stats: users 90 90
stats: {freemem,"tsung_controller@jarvis"} 1 3177.22265625 0.0 3194.2109375 3177.22265625 3182.9716796875 4
stats: {load,"tsung_controller@jarvis"} 1 0.1015625 0.0 0.19140625 0.1015625 0.1474609375 4
stats: {cpu,"tsung_controller@jarvis"} 1 0.9597407453570983 0.0 1.8912772759755268 0.9597407453570983 1.3167790374632204 4
stats: users_count 0 90
stats: finish_users_count 0 0
stats: request 203 2683.7055221674877 166.49883607804304 4175.252 1872.019 2699.174537517052 733
stats: connect 14 0.8362142857142857 0.08063956718583232 13.746 0.391 1.1504697986577181 149
stats: page 203 2683.7055221674877 166.49883607804304 4175.252 1872.019 2699.174537517052 733
stats: tr_loopTransaction 203 2683.886674876846 166.49557146270377 4175.493 1872.247 2699.3581446111875 733
stats: 200 203 936
stats: size_rcv 51732 238574
stats: size_sent 31200 153816
stats: connected 1 90
# stats: dump at 1517249552
stats: users 90 90
stats: {freemem,"tsung_controller@jarvis"} 1 3177.1015625 0.0 3194.2109375 3177.1015625 3181.821875 5
stats: {load,"tsung_controller@jarvis"} 1 0.078125 0.0 0.19140625 0.078125 0.13828125 5
stats: {cpu,"tsung_controller@jarvis"} 1 1.0338814150473343 0.0 1.8912772759755268 0.9597407453570983 1.245371379041996 5
stats: users_count 0 90
stats: finish_users_count 0 0
stats: request 194 2910.402283505154 219.59756261765645 4175.252 1872.019 2695.8196121794863 936
stats: connect 7 0.784 0.07283641161632597 13.746 0.391 1.123478527607362 163
stats: page 194 2910.402283505154 219.59756261765645 4175.252 1872.019 2695.8196121794863 936
stats: tr_loopTransaction 194 2910.56868556701 219.59818198390965 4175.493 1872.247 2696.0026869658122 936
stats: 200 194 1130
stats: size_rcv 49452 288026
stats: size_sent 30888 184704
stats: connected 0 90
# stats: dump at 1517249562
stats: users 90 90
stats: {freemem,"tsung_controller@jarvis"} 1 3176.98046875 0.0 3194.2109375 3176.98046875 3181.03515625 6
stats: {load,"tsung_controller@jarvis"} 1 0.0703125 0.0 0.19140625 0.0703125 0.12825520833333334 6
stats: {cpu,"tsung_controller@jarvis"} 1 1.0475121586232696 0.0 1.8912772759755268 0.9597407453570983 1.2101230517095525 6
stats: users_count 0 90
stats: finish_users_count 0 0
stats: request 203 2622.733177339904 190.31902781304544 4175.252 1872.019 2732.659469026548 1130
stats: connect 11 0.8244545454545453 0.16415423104583063 13.746 0.391 1.1095000000000002 170
stats: page 203 2622.733177339904 190.31902781304544 4175.252 1872.019 2732.659469026548 1130
stats: tr_loopTransaction 203 2622.908655172413 190.3113509642599 4175.493 1872.247 2732.839681415929 1130
stats: 200 203 1333
stats: size_rcv 51744 339770
stats: size_sent 30576 215280
stats: connected -3 87
# stats: dump at 1517249572
stats: users 90 90
stats: {freemem,"tsung_controller@jarvis"} 1 3167.0703125 0.0 3194.2109375 3167.0703125 3180.4559151785716 7
stats: {load,"tsung_controller@jarvis"} 1 0.05859375 0.0 0.19140625 0.05859375 0.11997767857142858 7
stats: {cpu,"tsung_controller@jarvis"} 1 0.9846690764053346 0.0 1.8912772759755268 0.9597407453570983 1.186892924125798 7
stats: users_count 0 90
stats: finish_users_count 0 0
stats: request 192 2438.496869791665 320.81997447583524 4175.252 1841.612 2715.9190060015003 1333
stats: connect 14 0.8437142857142856 0.06669699990193233 13.746 0.391 1.0921767955801107 181
stats: page 192 2438.496869791665 320.81997447583524 4175.252 1841.612 2715.9190060015003 1333
stats: tr_loopTransaction 192 2438.6652500000014 320.81960658298675 4175.493 1841.731 2716.0984973743434 1333
stats: 200 192 1525
stats: size_rcv 48931 388701
stats: size_sent 30888 246168
stats: connected -2 85
# stats: dump at 1517249582
stats: users 90 90
stats: {freemem,"tsung_controller@jarvis"} 1 3166.265625 0.0 3194.2109375 3166.265625 3178.78271484375 8
stats: {load,"tsung_controller@jarvis"} 1 0.05078125 0.0 0.19140625 0.05078125 0.1123046875 8
stats: {cpu,"tsung_controller@jarvis"} 1 0.9608185675068629 0.0 1.8912772759755268 0.9597407453570983 1.1616149431607399 8
stats: users_count 0 90
stats: finish_users_count 0 0
stats: request 201 2607.4300547263692 303.9094101390522 4175.252 1841.612 2680.991104262295 1525
stats: connect 19 0.774421052631579 0.1263130262855668 13.746 0.391 1.0743384615384617 195
stats: page 201 2607.4300547263692 303.9094101390522 4175.252 1841.612 2680.991104262295 1525
stats: tr_loopTransaction 201 2607.590308457711 303.90486381156 4175.493 1841.731 2681.1691967213114 1525
stats: 200 201 1726
stats: size_rcv 51235 439936
stats: size_sent 31044 277212
stats: connected 5 90
# stats: dump at 1517249592
stats: users 90 90
stats: {freemem,"tsung_controller@jarvis"} 1 3158.05859375 0.0 3194.2109375 3158.05859375 3177.3919270833335 9
stats: {load,"tsung_controller@jarvis"} 1 0.109375 0.0 0.19140625 0.05078125 0.10546875 9
stats: {cpu,"tsung_controller@jarvis"} 1 1.4689406199427362 0.0 1.8912772759755268 0.9597407453570983 1.1393042347547535 9
stats: users_count 0 90
stats: finish_users_count 0 0
stats: request 197 2610.2701522842617 197.44821534527162 4175.252 1841.612 2672.424608922364 1726
stats: connect 14 0.8309999999999998 0.12640298368992045 13.746 0.391 1.0477102803738318 214
stats: page 197 2610.2701522842617 197.44821534527162 4175.252 1841.612 2672.424608922364 1726
stats: tr_loopTransaction 197 2610.4363807106583 197.44309190883368 4175.493 1841.731 2672.600623986095 1726
stats: 200 197 1923
stats: size_rcv 50218 490154
stats: size_sent 31044 308256
stats: connected -3 87
# stats: dump at 1517249602
stats: users 90 90
stats: {freemem,"tsung_controller@jarvis"} 1 3157.296875 0.0 3194.2109375 3157.296875 3175.45859375 10
stats: {load,"tsung_controller@jarvis"} 1 0.1015625 0.0 0.19140625 0.05078125 0.105859375 10
stats: {cpu,"tsung_controller@jarvis"} 1 1.0476428036916938 0.0 1.8912772759755268 0.9597407453570983 1.1722678732735516 10
stats: users_count 0 90
stats: finish_users_count 0 0
stats: request 204 2456.084058823527 165.27333569701446 4175.252 1841.612 2666.0572516900675 1923
stats: connect 18 0.7720555555555554 0.1457457726553795 13.746 0.391 1.0344035087719299 228
stats: page 204 2456.084058823527 165.27333569701446 4175.252 1841.612 2666.0572516900675 1923
stats: tr_loopTransaction 204 2456.251715686275 165.2756834100064 4175.493 1841.731 2666.2322641705664 1923
stats: 200 204 2127
stats: size_rcv 51998 542152
stats: size_sent 31512 339768
stats: connected 1 88
# stats: dump at 1517249612
stats: users 90 90
stats: {freemem,"tsung_controller@jarvis"} 1 3156.96875 0.0 3194.2109375 3156.96875 3173.807528409091 11
stats: {load,"tsung_controller@jarvis"} 1 0.078125 0.0 0.19140625 0.05078125 0.10546875 11
stats: {cpu,"tsung_controller@jarvis"} 1 0.9968847352024922 0.0 1.8912772759755268 0.9597407453570983 1.1609383214933828 11
stats: users_count 0 90
stats: finish_users_count 0 0
stats: request 193 2346.0526373057 208.96331615863505 4175.252 1841.612 2645.918779031499 2127
stats: connect 17 0.7624117647058822 0.13939282571779543 13.746 0.391 1.0152073170731708 246
stats: page 193 2346.0526373057 208.96331615863505 4175.252 1841.612 2645.918779031499 2127
stats: tr_loopTransaction 193 2346.2151813471496 208.95857453007477 4175.493 1841.731 2646.0930860366707 2127
stats: 200 193 2320
stats: size_rcv 49195 591347
stats: size_sent 29172 368940
stats: connected -4 84
# stats: dump at 1517249613
stats: users 90 90
stats: {freemem,"tsung_controller@jarvis"} 0 0 0 3194.2109375 3156.96875 3172.404296875 12
stats: {load,"tsung_controller@jarvis"} 0 0 0 0.19140625 0.05078125 0.10319010416666667 12
stats: {cpu,"tsung_controller@jarvis"} 0 0 0 1.8912772759755268 0.9597407453570983 1.1472671893024753 12
stats: users_count 0 90
stats: finish_users_count 0 0
stats: request 28 2389.318857142857 171.5035018338265 4175.252 1841.612 2620.973018103448 2320
stats: connect 3 0.777 0.050206241311879424 13.746 0.391 0.9988669201520912 263
stats: page 28 2389.318857142857 171.5035018338265 4175.252 1841.612 2620.973018103448 2320
stats: tr_loopTransaction 28 2389.4655357142847 171.50188379858395 4175.493 1841.731 2621.1463465517236 2320
stats: 200 28 2348
stats: size_rcv 7140 598487
stats: size_sent 4056 372996
stats: connected 1 85
stats: error_abort 1 1
EndMonitor:{1517,249613,600775}
