# stats: dump at 1517243717
stats: users 130 130
stats: {freemem,"tsung_controller@jarvis"} 1 3748.08203125 0 3748.08203125 3748.08203125 0 0
stats: {load,"tsung_controller@jarvis"} 1 0.2109375 0 0.2109375 0.2109375 0 0
stats: {cpu,"tsung_controller@jarvis"} 1 1.870794600967169 0 1.870794600967169 1.870794600967169 0 0
stats: users_count 130 130
stats: finish_users_count 0 0
stats: request 114 2790.1182807017553 1160.47235310272 6379.509 898.026 0 0
stats: connect 132 1.1988333333333334 2.303238132817501 15.237 0.411 0 0
stats: page 114 2790.1182807017553 1160.47235310272 6379.509 898.026 0 0
stats: tr_loopTransaction 114 2790.3506842105257 1160.5042540977786 6379.745 898.2 0 0
stats: 200 114 114
stats: size_rcv 29067 29067
stats: size_sent 33852 33852
stats: connected 126 126
# stats: dump at 1517243727
stats: users 130 130
stats: {freemem,"tsung_controller@jarvis"} 1 3639.11328125 0.0 3748.08203125 3639.11328125 3748.08203125 1
stats: {load,"tsung_controller@jarvis"} 1 0.1796875 0.0 0.2109375 0.1796875 0.2109375 1
stats: {cpu,"tsung_controller@jarvis"} 1 4.788029925187033 0.0 4.788029925187033 1.870794600967169 1.870794600967169 1
stats: users_count 0 130
stats: finish_users_count 0 0
stats: request 257 4820.5583073929965 2958.3367261179005 11483.488 898.026 2790.1182807017553 114
stats: connect 18 0.6996111111111111 0.15926746856533466 15.237 0.411 1.1988333333333334 132
stats: page 257 4820.5583073929965 2958.3367261179005 11483.488 898.026 2790.1182807017553 114
stats: tr_loopTransaction 257 4820.7417392996085 2958.363518723594 11483.669 898.2 2790.3506842105257 114
stats: 200 257 371
stats: size_rcv 65511 94578
stats: size_sent 36660 70512
stats: connected 2 128
# stats: dump at 1517243737
stats: users 130 130
stats: {freemem,"tsung_controller@jarvis"} 1 3691.39453125 0.0 3748.08203125 3639.11328125 3693.59765625 2
stats: {load,"tsung_controller@jarvis"} 1 0.37890625 0.0 0.37890625 0.1796875 0.1953125 2
stats: {cpu,"tsung_controller@jarvis"} 1 4.952594810379241 0.0 4.952594810379241 1.870794600967169 3.329412263077101 2
stats: users_count 0 130
stats: finish_users_count 0 0
stats: request 261 3069.3431302682015 261.68057056246766 11483.488 898.026 4196.649512129381 371
stats: connect 18 0.7615555555555554 0.39814266318358 15.237 0.411 1.1389266666666666 150
stats: page 261 3069.3431302682015 261.68057056246766 11483.488 898.026 4196.649512129381 371
stats: tr_loopTransaction 261 3069.5229425287357 261.67929920213396 11483.669 898.2 4196.847991913744 371
stats: 200 261 632
stats: size_rcv 66534 161112
stats: size_sent 39000 109512
stats: connected -3 125
# stats: dump at 1517243747
stats: users 130 130
stats: {freemem,"tsung_controller@jarvis"} 1 3642.2578125 0.0 3748.08203125 3639.11328125 3692.86328125 3
stats: {load,"tsung_controller@jarvis"} 1 0.3203125 0.0 0.37890625 0.1796875 0.2565104166666667 3
stats: {cpu,"tsung_controller@jarvis"} 1 5.021806853582555 0.0 5.021806853582555 1.870794600967169 3.8704731121778146 3
stats: users_count 0 130
stats: finish_users_count 0 0
stats: request 260 3158.218976923077 326.2664600973349 11483.488 898.026 3731.1005158227863 632
stats: connect 21 0.8150476190476192 0.14528444225379997 15.237 0.411 1.0984940476190477 168
stats: page 260 3158.218976923077 326.2664600973349 11483.488 898.026 3731.1005158227863 632
stats: tr_loopTransaction 260 3158.3938500000004 326.2640349196738 11483.669 898.2 3731.2912863924043 632
stats: 200 260 892
stats: size_rcv 66277 227389
stats: size_sent 40560 150072
stats: connected 1 126
# stats: dump at 1517243757
stats: users 130 130
stats: {freemem,"tsung_controller@jarvis"} 1 3668.17578125 0.0 3748.08203125 3639.11328125 3680.2119140625 4
stats: {load,"tsung_controller@jarvis"} 1 0.26953125 0.0 0.37890625 0.1796875 0.2724609375 4
stats: {cpu,"tsung_controller@jarvis"} 1 2.73768043802887 0.0 5.021806853582555 1.870794600967169 4.1583065475289995 4
stats: users_count 0 130
stats: finish_users_count 0 0
stats: request 256 2852.360624999999 287.30597567064706 11483.488 898.026 3564.1171076233195 892
stats: connect 27 0.7569629629629628 0.1745543492740301 15.237 0.411 1.067 189
stats: page 256 2852.360624999999 287.30597567064706 11483.488 898.026 3564.1171076233195 892
stats: tr_loopTransaction 256 2852.5479687499983 287.30729815694065 11483.669 898.2 3564.303244394618 892
stats: 200 256 1148
stats: size_rcv 65248 292637
stats: size_sent 40716 190788
stats: connected -1 125
# stats: dump at 1517243767
stats: users 130 130
stats: {freemem,"tsung_controller@jarvis"} 1 3545.71875 0.0 3748.08203125 3545.71875 3677.8046875 5
stats: {load,"tsung_controller@jarvis"} 1 0.609375 0.0 0.609375 0.1796875 0.271875 5
stats: {cpu,"tsung_controller@jarvis"} 1 4.6184488982945355 0.0 5.021806853582555 1.870794600967169 3.8741813256289737 5
stats: users_count 0 130
stats: finish_users_count 0 0
stats: request 263 2937.0480076045624 290.47612857663023 11483.488 898.026 3405.3978919860633 1148
stats: connect 22 0.7960454545454543 0.1895517385049473 15.237 0.411 1.0282453703703702 216
stats: page 263 2937.0480076045624 290.47612857663023 11483.488 898.026 3405.3978919860633 1148
stats: tr_loopTransaction 263 2937.226764258554 290.4719734097338 11483.669 898.2 3405.584297909407 1148
stats: 200 263 1411
stats: size_rcv 67030 359667
stats: size_sent 39780 230568
stats: connected 1 126
# stats: dump at 1517243777
stats: users 130 130
stats: {freemem,"tsung_controller@jarvis"} 1 3526.74609375 0.0 3748.08203125 3526.74609375 3655.7903645833335 6
stats: {load,"tsung_controller@jarvis"} 1 0.828125 0.0 0.828125 0.1796875 0.328125 6
stats: {cpu,"tsung_controller@jarvis"} 1 5.14321295143213 0.0 5.14321295143213 1.870794600967169 3.998225921073234 6
stats: users_count 0 130
stats: finish_users_count 0 0
stats: request 258 3046.6791317829493 310.15369018359553 11483.488 898.026 3318.100925584692 1411
stats: connect 24 0.8075416666666667 0.13713344448828746 15.237 0.411 1.006781512605042 238
stats: page 258 3046.6791317829493 310.15369018359553 11483.488 898.026 3318.100925584692 1411
stats: tr_loopTransaction 258 3046.854186046514 310.15314888511557 11483.669 898.2 3318.2859057406085 1411
stats: 200 258 1669
stats: size_rcv 65766 425433
stats: size_sent 40872 271440
stats: connected 2 128
# stats: dump at 1517243787
stats: users 130 130
stats: {freemem,"tsung_controller@jarvis"} 1 3543.1328125 0.0 3748.08203125 3526.74609375 3637.35546875 7
stats: {load,"tsung_controller@jarvis"} 1 0.7109375 0.0 0.828125 0.1796875 0.39955357142857145 7
stats: {cpu,"tsung_controller@jarvis"} 1 1.7088686541100164 0.0 5.14321295143213 1.7088686541100164 4.16179549683879 7
stats: users_count 0 130
stats: finish_users_count 0 0
stats: request 260 3083.7936499999987 276.25160120397203 11483.488 898.026 3276.1435721989224 1669
stats: connect 21 0.8108095238095239 0.1390425145834108 15.237 0.411 0.988530534351145 262
stats: page 260 3083.7936499999987 276.25160120397203 11483.488 898.026 3276.1435721989224 1669
stats: tr_loopTransaction 260 3083.95616923077 276.24684961623456 11483.669 898.2 3276.327017974835 1669
stats: 200 260 1929
stats: size_rcv 66265 491698
stats: size_sent 40716 312156
stats: connected 0 128
# stats: dump at 1517243797
stats: users 130 130
stats: {freemem,"tsung_controller@jarvis"} 1 3545.4375 0.0 3748.08203125 3526.74609375 3625.57763671875 8
stats: {load,"tsung_controller@jarvis"} 1 0.671875 0.0 0.828125 0.1796875 0.4384765625 8
stats: {cpu,"tsung_controller@jarvis"} 1 1.8213572854291415 0.0 5.14321295143213 1.7088686541100164 3.8551796414976933 8
stats: users_count 0 130
stats: finish_users_count 0 0
stats: request 264 3080.318878787876 295.09748222047597 11483.488 898.026 3250.2177143597723 1929
stats: connect 20 0.7736500000000002 0.18105283068762007 15.237 0.411 0.9753427561837456 283
stats: page 264 3080.318878787876 295.09748222047597 11483.488 898.026 3250.2177143597723 1929
stats: tr_loopTransaction 264 3080.481079545454 295.1010246932354 11483.669 898.2 3250.398339554173 1929
stats: 200 264 2193
stats: size_rcv 67290 558988
stats: size_sent 40092 352248
stats: connected 0 128
# stats: dump at 1517243807
stats: users 130 130
stats: {freemem,"tsung_controller@jarvis"} 1 3612.80859375 0.0 3748.08203125 3526.74609375 3616.6731770833335 9
stats: {load,"tsung_controller@jarvis"} 1 0.5703125 0.0 0.828125 0.1796875 0.4644097222222222 9
stats: {cpu,"tsung_controller@jarvis"} 1 2.8796794791536247 0.0 5.14321295143213 1.7088686541100164 3.629199379712299 9
stats: users_count 0 130
stats: finish_users_count 0 0
stats: request 247 2947.367927125505 271.6760165658498 11483.488 898.026 3229.7647765617876 2193
stats: connect 18 0.7698333333333333 0.16234505433386834 15.237 0.411 0.962029702970297 303
stats: page 247 2947.367927125505 271.6760165658498 11483.488 898.026 3229.7647765617876 2193
stats: tr_loopTransaction 247 2947.5285384615377 271.6789799207569 11483.669 898.2 3229.9431837665297 2193
stats: 200 247 2440
stats: size_rcv 62957 621945
stats: size_sent 41652 393900
stats: connected -2 126
# stats: dump at 1517243817
stats: users 130 130
stats: {freemem,"tsung_controller@jarvis"} 1 3633.73828125 0.0 3748.08203125 3526.74609375 3616.28671875 10
stats: {load,"tsung_controller@jarvis"} 1 0.55078125 0.0 0.828125 0.1796875 0.475 10
stats: {cpu,"tsung_controller@jarvis"} 1 2.4265165728580365 0.0 5.14321295143213 1.7088686541100164 3.554247389656431 10
stats: users_count 0 130
stats: finish_users_count 0 0
stats: request 248 3049.2243145161297 291.2229978693129 11483.488 898.026 3201.177882377049 2440
stats: connect 20 0.8732999999999999 0.1162450429050633 15.237 0.411 0.9512523364485981 321
stats: page 248 3049.2243145161297 291.2229978693129 11483.488 898.026 3201.177882377049 2440
stats: tr_loopTransaction 248 3049.3892258064548 291.2191841357344 11483.669 898.2 3201.354488114754 2440
stats: 200 248 2688
stats: size_rcv 63214 685159
stats: size_sent 39624 433524
stats: connected 2 128
# stats: dump at 1517243827
stats: users 130 130
stats: {freemem,"tsung_controller@jarvis"} 1 3625.51171875 0.0 3748.08203125 3526.74609375 3617.873224431818 11
stats: {load,"tsung_controller@jarvis"} 1 0.5390625 0.0 0.828125 0.1796875 0.48188920454545453 11
stats: {cpu,"tsung_controller@jarvis"} 1 1.5323283916780865 0.0 5.14321295143213 1.5323283916780865 3.4517264063111224 11
stats: users_count 0 130
stats: finish_users_count 0 0
stats: request 264 3031.0749280303016 318.43260835555077 11483.488 898.026 3187.1583567708335 2688
stats: connect 23 0.719608695652174 0.15159893860200735 15.237 0.411 0.9466803519061583 341
stats: page 264 3031.0749280303016 318.43260835555077 11483.488 898.026 3187.1583567708335 2688
stats: tr_loopTransaction 264 3031.2266856060605 318.4395292348164 11483.669 898.2 3187.333883556548 2688
stats: 200 264 2952
stats: size_rcv 67287 752446
stats: size_sent 41652 475176
stats: connected -1 127
# stats: dump at 1517243828
stats: users 130 130
stats: {freemem,"tsung_controller@jarvis"} 0 0 0 3748.08203125 3526.74609375 3618.509765625 12
stats: {load,"tsung_controller@jarvis"} 0 0 0 0.828125 0.1796875 0.4866536458333333 12
stats: {cpu,"tsung_controller@jarvis"} 0 0 0 5.14321295143213 1.5323283916780865 3.291776571758369 12
stats: users_count 0 130
stats: finish_users_count 0 0
stats: request 27 3335.084777777778 261.99187748581676 11483.488 898.026 3173.1996761517617 2952
stats: connect 2 0.78 0.006000000000000005 15.237 0.411 0.9323324175824175 364
stats: page 27 3335.084777777778 261.99187748581676 11483.488 898.026 3173.1996761517617 2952
stats: tr_loopTransaction 27 3335.219444444444 261.98880085017674 11483.669 898.2 3173.3730772357726 2952
stats: 200 27 2979
stats: size_rcv 6881 759327
stats: size_sent 2496 477672
stats: connected 0 127
stats: error_abort 1 1
EndMonitor:{1517,243828,847335}
