# stats: dump at 1517148729
stats: users 45 45
stats: {freemem,"tsung_controller@jarvis"} 1 5464.30859375 0 5464.30859375 5464.30859375 0 0
stats: {load,"tsung_controller@jarvis"} 1 0.1484375 0 0.1484375 0.1484375 0 0
stats: {cpu,"tsung_controller@jarvis"} 1 1.8753800264532157 0 1.8753800264532157 1.8753800264532157 0 0
stats: users_count 45 45
stats: finish_users_count 0 0
stats: request 113 1950.272079646017 2190.4935898338786 5935.688 50.905 0 0
stats: connect 47 1.128553191489362 1.992836957903904 14.617 0.549 0 0
stats: page 113 1950.272079646017 2190.4935898338786 5935.688 50.905 0 0
stats: tr_busyWait 113 1950.52050442478 2190.4765687909116 5935.9 51.009 0 0
stats: 200 113 113
stats: size_rcv 28899 28899
stats: size_sent 7254 7254
stats: connected 45 45
# stats: dump at 1517148739
stats: users 45 45
stats: {freemem,"tsung_controller@jarvis"} 1 5463.33984375 0.0 5464.30859375 5463.33984375 5464.30859375 1
stats: {load,"tsung_controller@jarvis"} 1 0.12109375 0.0 0.1484375 0.12109375 0.1484375 1
stats: {cpu,"tsung_controller@jarvis"} 1 0.9095439820583106 0.0 1.8753800264532157 0.9095439820583106 1.8753800264532157 1
stats: users_count 0 45
stats: finish_users_count 0 0
stats: request 176 285.12152840909073 214.64589756498145 5935.688 50.896 1950.272079646017 113
stats: connect 17 0.8030588235294116 0.17767467646639865 14.617 0.513 1.128553191489362 47
stats: page 176 285.12152840909073 214.64589756498145 5935.688 50.896 1950.272079646017 113
stats: tr_busyWait 176 285.35377840909086 214.63717912604014 5935.9 51.009 1950.52050442478 113
stats: 200 176 289
stats: size_rcv 45073 73972
stats: size_sent 11346 18600
stats: connected -4 41
# stats: dump at 1517148749
stats: users 45 45
stats: {freemem,"tsung_controller@jarvis"} 1 5462.16015625 0.0 5464.30859375 5462.16015625 5463.82421875 2
stats: {load,"tsung_controller@jarvis"} 1 0.1015625 0.0 0.1484375 0.1015625 0.134765625 2
stats: {cpu,"tsung_controller@jarvis"} 1 0.8231479171863308 0.0 1.8753800264532157 0.8231479171863308 1.3924620042557632 2
stats: users_count 0 45
stats: finish_users_count 0 0
stats: request 192 407.6765677083335 192.12967747723366 5935.688 50.896 936.2011557093421 289
stats: connect 15 0.7093999999999999 0.13181947251196743 14.617 0.484 1.0420937500000003 64
stats: page 192 407.6765677083335 192.12967747723366 5935.688 50.896 936.2011557093421 289
stats: 200 192 481
stats: tr_busyWait 192 407.83954166666666 192.14274121773357 5935.9 51.009 936.4397301038068 289
stats: size_rcv 49140 123112
stats: size_sent 11594 30194
stats: connected 2 43
# stats: dump at 1517148759
stats: users 45 45
stats: {freemem,"tsung_controller@jarvis"} 1 5461.29296875 0.0 5464.30859375 5461.29296875 5463.26953125 3
stats: {load,"tsung_controller@jarvis"} 1 0.08984375 0.0 0.1484375 0.08984375 0.12369791666666667 3
stats: {cpu,"tsung_controller@jarvis"} 1 0.7619285535848114 0.0 1.8753800264532157 0.7619285535848114 1.2026906418992858 3
stats: users_count 0 45
stats: finish_users_count 0 0
stats: request 169 293.304325443787 179.1083615890641 5935.688 50.896 725.2308419958417 481
stats: connect 20 0.7131000000000001 0.10437427844061965 14.617 0.436 0.9789240506329115 79
stats: tr_busyWait 169 293.45188757396437 179.10439694071232 5935.9 50.978 725.4392390852394 481
stats: page 169 293.304325443787 179.1083615890641 5935.688 50.896 725.2308419958417 481
stats: 200 169 650
stats: size_rcv 43281 166393
stats: size_sent 11098 41292
stats: connected 0 43
# stats: dump at 1517148769
stats: users 45 45
stats: {freemem,"tsung_controller@jarvis"} 1 5460.80078125 0.0 5464.30859375 5460.80078125 5462.775390625 4
stats: {load,"tsung_controller@jarvis"} 1 0.0703125 0.0 0.1484375 0.0703125 0.115234375 4
stats: {cpu,"tsung_controller@jarvis"} 1 0.8494690818238602 0.0 1.8753800264532157 0.7619285535848114 1.0925001198206672 4
stats: users_count 0 45
stats: finish_users_count 0 0
stats: request 189 467.46552380952403 295.0537778600317 5935.688 50.894 612.9299476923075 650
stats: connect 14 0.7897857142857143 0.14698550879565772 14.617 0.436 0.9252222222222223 99
stats: tr_busyWait 189 467.64562962962964 295.0395840798682 5935.9 50.978 613.1225276923079 650
stats: page 189 467.46552380952403 295.0537778600317 5935.688 50.894 612.9299476923075 650
stats: 200 189 839
stats: size_rcv 48381 214774
stats: size_sent 10974 52266
stats: connected -1 42
# stats: dump at 1517148779
stats: users 45 45
stats: {freemem,"tsung_controller@jarvis"} 1 5460.83984375 0.0 5464.30859375 5460.80078125 5462.38046875 5
stats: {load,"tsung_controller@jarvis"} 1 0.05859375 0.0 0.1484375 0.05859375 0.10625 5
stats: {cpu,"tsung_controller@jarvis"} 1 1.0362047440699125 0.0 1.8753800264532157 0.7619285535848114 1.0438939122213058 5
stats: users_count 0 45
stats: finish_users_count 0 0
stats: request 176 310.81813636363654 180.88355834217452 5935.688 50.894 580.1614421930868 839
stats: tr_busyWait 176 311.01426136363636 180.88593512468483 5935.9 50.978 580.3512121573303 839
stats: 200 176 1015
stats: connect 19 0.7784210526315791 0.11617877140513992 14.617 0.436 0.9084424778761063 113
stats: page 176 310.81813636363654 180.88355834217452 5935.688 50.894 580.1614421930868 839
stats: size_rcv 45065 259839
stats: size_sent 11346 63612
stats: connected 0 42
# stats: dump at 1517148789
stats: users 45 45
stats: {freemem,"tsung_controller@jarvis"} 1 5460.40234375 0.0 5464.30859375 5460.40234375 5462.123697916667 6
stats: {load,"tsung_controller@jarvis"} 1 0.05078125 0.0 0.1484375 0.05078125 0.09830729166666667 6
stats: {cpu,"tsung_controller@jarvis"} 1 0.7878939469734867 0.0 1.8753800264532157 0.7619285535848114 1.0426123841960735 6
stats: users_count 0 45
stats: finish_users_count 0 0
stats: page 202 544.9593168316832 187.02481498649132 5935.688 50.894 533.457578325123 1015
stats: request 202 544.9593168316832 187.02481498649132 5935.688 50.894 533.457578325123 1015
stats: 200 202 1217
stats: connect 9 0.7681111111111111 0.09694952231209397 14.617 0.436 0.8897272727272728 132
stats: tr_busyWait 202 545.1222227722768 187.0191532606001 5935.9 50.978 533.6484502463055 1015
stats: size_rcv 51693 311532
stats: size_sent 12586 76198
stats: connected -3 39
# stats: dump at 1517148799
stats: users 45 45
stats: {freemem,"tsung_controller@jarvis"} 1 5460.359375 0.0 5464.30859375 5460.359375 5461.877790178572 7
stats: {load,"tsung_controller@jarvis"} 1 0.0390625 0.0 0.1484375 0.0390625 0.09151785714285714 7
stats: {cpu,"tsung_controller@jarvis"} 1 0.9730538922155689 0.0 1.8753800264532157 0.7619285535848114 1.0062240360214183 7
stats: users_count 0 45
stats: finish_users_count 0 0
stats: request 185 320.873902702703 169.35950079555707 5935.688 50.828 535.3666589975347 1217
stats: connect 14 0.7602857142857141 0.09945453273548 14.617 0.436 0.8819645390070923 141
stats: page 185 320.873902702703 169.35950079555707 5935.688 50.828 535.3666589975347 1217
stats: tr_busyWait 185 321.0588486486489 169.3566788093356 5935.9 50.936 535.5528890714872 1217
stats: 200 185 1402
stats: size_rcv 47360 358892
stats: size_sent 11594 87792
stats: connected 2 41
# stats: dump at 1517148809
stats: users 45 45
stats: {freemem,"tsung_controller@jarvis"} 1 5459.8984375 0.0 5464.30859375 5459.8984375 5461.68798828125 8
stats: {load,"tsung_controller@jarvis"} 1 0.0390625 0.0 0.1484375 0.0390625 0.0849609375 8
stats: {cpu,"tsung_controller@jarvis"} 1 0.7632632632632632 0.0 1.8753800264532157 0.7619285535848114 1.0020777680456872 8
stats: users_count 0 45
stats: finish_users_count 0 0
stats: request 205 593.9810195121953 257.7245237321727 5935.688 50.828 507.06340656205407 1402
stats: tr_busyWait 205 594.1537804878051 257.71716367435965 5935.9 50.936 507.249467189729 1402
stats: connect 13 0.7568461538461538 0.15038711388835357 14.617 0.436 0.8709741935483871 155
stats: 200 205 1607
stats: page 205 593.9810195121953 257.7245237321727 5935.688 50.828 507.06340656205407 1402
stats: size_rcv 52448 411340
stats: size_sent 11842 99634
stats: connected 3 44
# stats: dump at 1517148819
stats: users 45 45
stats: {freemem,"tsung_controller@jarvis"} 1 5459.89453125 0.0 5464.30859375 5459.89453125 5461.489149305556 9
stats: {load,"tsung_controller@jarvis"} 1 0.03125 0.0 0.1484375 0.03125 0.0798611111111111 9
stats: {cpu,"tsung_controller@jarvis"} 1 0.8123984501937258 0.0 1.8753800264532157 0.7619285535848114 0.9755428230698624 9
stats: users_count 0 45
stats: finish_users_count 0 0
stats: connect 12 0.7199999999999999 0.12389040856068455 14.617 0.436 0.8621428571428572 168
stats: tr_busyWait 191 432.48684293193713 140.1896831048683 5935.9 50.936 518.3355805849409 1607
stats: request 191 432.3230628272252 140.18485017423603 5935.688 50.828 518.1512165525824 1607
stats: page 191 432.3230628272252 140.18485017423603 5935.688 50.828 518.1512165525824 1607
stats: 200 191 1798
stats: size_rcv 48880 460220
stats: size_sent 12462 112096
stats: connected 0 44
# stats: dump at 1517148829
stats: users 45 45
stats: {freemem,"tsung_controller@jarvis"} 1 5459.71484375 0.0 5464.30859375 5459.71484375 5461.3296875 10
stats: {load,"tsung_controller@jarvis"} 1 0.03125 0.0 0.1484375 0.03125 0.075 10
stats: {cpu,"tsung_controller@jarvis"} 1 0.9977550511349464 0.0 1.8753800264532157 0.7619285535848114 0.9592283857822487 10
stats: users_count 0 45
stats: finish_users_count 0 0
stats: connect 8 0.735375 0.10839734487061937 14.617 0.436 0.8526666666666666 180
stats: request 189 521.2990687830691 244.45304497118263 5935.688 50.828 509.03376529477197 1798
stats: 200 189 1987
stats: page 189 521.2990687830691 244.45304497118263 5935.688 50.828 509.03376529477197 1798
stats: tr_busyWait 189 521.4500264550262 244.4519912256484 5935.9 50.936 509.2159427141268 1798
stats: size_rcv 48372 508592
stats: size_sent 12276 124372
stats: connected -1 43
# stats: dump at 1517148839
stats: users 45 45
stats: {freemem,"tsung_controller@jarvis"} 1 5459.37890625 0.0 5464.30859375 5459.37890625 5461.182883522727 11
stats: {load,"tsung_controller@jarvis"} 1 0.01953125 0.0 0.1484375 0.01953125 0.07102272727272728 11
stats: {cpu,"tsung_controller@jarvis"} 1 0.8241758241758242 0.0 1.8753800264532157 0.7619285535848114 0.9627308099052212 11
stats: users_count 0 45
stats: finish_users_count 0 0
stats: request 204 524.5623823529406 282.649291510683 5935.688 50.814 510.20041972823356 1987
stats: page 204 524.5623823529406 282.649291510683 5935.688 50.814 510.20041972823356 1987
stats: 200 204 2191
stats: connect 14 0.8524999999999999 0.14848893657681803 14.617 0.436 0.8476755319148936 188
stats: tr_busyWait 204 524.74568627451 282.6510934345292 5935.9 50.878 510.3796275792652 1987
stats: size_rcv 52201 560793
stats: size_sent 11532 135904
stats: connected 0 43
# stats: dump at 1517148849
stats: users 45 45
stats: {freemem,"tsung_controller@jarvis"} 1 5459.16015625 0.0 5464.30859375 5459.16015625 5461.032552083333 12
stats: {load,"tsung_controller@jarvis"} 1 0.01953125 0.0 0.1484375 0.01953125 0.06673177083333334 12
stats: {cpu,"tsung_controller@jarvis"} 1 0.9612983770287141 0.0 1.8753800264532157 0.7619285535848114 0.9511845610944382 12
stats: users_count 0 45
stats: finish_users_count 0 0
stats: connect 17 0.7992941176470589 0.10070852800263115 14.617 0.436 0.848009900990099 202
stats: page 173 317.20381502890217 171.22016431733724 5935.688 50.814 511.5376357827476 2191
stats: request 173 317.20381502890217 171.22016431733724 5935.688 50.814 511.5376357827476 2191
stats: tr_busyWait 173 317.3928612716762 171.22153527539018 5935.9 50.878 511.7172250114103 2191
stats: 200 173 2364
stats: size_rcv 44301 605094
stats: size_sent 11470 147374
stats: connected -3 40
# stats: dump at 1517148859
stats: users 45 45
stats: {freemem,"tsung_controller@jarvis"} 1 5459.140625 0.0 5464.30859375 5459.140625 5460.888521634615 13
stats: {load,"tsung_controller@jarvis"} 1 0.01171875 0.0 0.1484375 0.01171875 0.06310096153846155 13
stats: {cpu,"tsung_controller@jarvis"} 1 0.8876109513689211 0.0 1.8753800264532157 0.7619285535848114 0.9519625469355363 13
stats: users_count 0 45
stats: finish_users_count 0 0
stats: connect 17 0.7630588235294118 0.10964084178284667 14.617 0.436 0.8442283105022831 219
stats: request 177 362.2082711864404 249.26852474445454 5935.688 50.814 497.3160829103215 2364
stats: page 177 362.2082711864404 249.26852474445454 5935.688 50.814 497.3160829103215 2364
stats: tr_busyWait 177 362.4031694915255 249.26569396983822 5935.9 50.878 497.496364213198 2364
stats: 200 177 2541
stats: size_rcv 45326 650420
stats: size_sent 10540 157914
stats: connected -5 35
# stats: dump at 1517148869
stats: users 45 45
stats: {freemem,"tsung_controller@jarvis"} 1 5459.25 0.0 5464.30859375 5459.140625 5460.763671875 14
stats: {load,"tsung_controller@jarvis"} 1 0.01171875 0.0 0.1484375 0.01171875 0.05943080357142858 14
stats: {cpu,"tsung_controller@jarvis"} 1 0.8615307778748909 0.0 1.8753800264532157 0.7619285535848114 0.9473660043950638 14
stats: users_count 0 45
stats: finish_users_count 0 0
stats: page 195 422.69158461538444 218.27948004394074 5935.688 50.814 487.90479496261315 2541
stats: 200 195 2736
stats: request 195 422.69158461538444 218.27948004394074 5935.688 50.814 487.90479496261315 2541
stats: connect 17 0.7184705882352942 0.10136081018238981 14.617 0.436 0.8383813559322034 236
stats: tr_busyWait 195 422.8641999999999 218.2760773870629 5935.9 50.878 488.0860944510036 2541
stats: size_rcv 49907 700327
stats: size_sent 11966 169880
stats: connected 7 42
# stats: dump at 1517148879
stats: users 45 45
stats: {freemem,"tsung_controller@jarvis"} 1 5458.75390625 0.0 5464.30859375 5458.75390625 5460.662760416667 15
stats: {load,"tsung_controller@jarvis"} 1 0.01171875 0.0 0.1484375 0.01171875 0.05625000000000001 15
stats: {cpu,"tsung_controller@jarvis"} 1 0.7377766662498437 0.0 1.8753800264532157 0.7377766662498437 0.9416436559603857 15
stats: users_count 0 45
stats: finish_users_count 0 0
stats: page 157 293.8971082802547 236.7803878052774 5935.688 50.814 483.2569236111111 2736
stats: request 157 293.8971082802547 236.7803878052774 5935.688 50.814 483.2569236111111 2736
stats: connect 19 0.7470000000000002 0.11330304032711748 14.617 0.436 0.8303241106719368 253
stats: tr_busyWait 157 294.08590445859875 236.77148983080266 5935.9 50.878 483.43760416666674 2736
stats: 200 157 2893
stats: size_rcv 40205 740532
stats: size_sent 10602 180482
stats: connected 0 42
# stats: dump at 1517148889
stats: users 45 45
stats: {freemem,"tsung_controller@jarvis"} 1 5458.54296875 0.0 5464.30859375 5458.54296875 5460.54345703125 16
stats: {load,"tsung_controller@jarvis"} 1 0.01171875 0.0 0.1484375 0.01171875 0.05346679687500001 16
stats: {cpu,"tsung_controller@jarvis"} 1 0.8369768894440974 0.0 1.8753800264532157 0.7377766662498437 0.9289019691034768 16
stats: users_count 0 45
stats: finish_users_count 0 0
stats: request 191 462.5973979057591 275.7092072929628 5935.688 50.814 472.98056999654335 2893
stats: connect 15 0.7796666666666668 0.1316311344460556 14.617 0.436 0.8245036764705883 272
stats: page 191 462.5973979057591 275.7092072929628 5935.688 50.814 472.98056999654335 2893
stats: tr_busyWait 191 462.7865445026176 275.7145252942382 5935.9 50.878 473.16169097822336 2893
stats: 200 191 3084
stats: size_rcv 48894 789426
stats: size_sent 11594 192076
stats: connected 1 43
# stats: dump at 1517148899
stats: users 45 45
stats: {freemem,"tsung_controller@jarvis"} 1 5458.59375 0.0 5464.30859375 5458.54296875 5460.42578125 17
stats: {load,"tsung_controller@jarvis"} 1 0.01171875 0.0 0.1484375 0.01171875 0.05101102941176471 17
stats: {cpu,"tsung_controller@jarvis"} 1 0.924075924075924 0.0 1.8753800264532157 0.7377766662498437 0.9234946114764544 17
stats: users_count 0 45
stats: finish_users_count 0 0
stats: connect 17 0.8104117647058825 0.12914882378527923 14.617 0.436 0.8221602787456447 287
stats: page 189 366.96265079365065 173.32021271432356 5935.688 50.814 472.33751361867695 3084
stats: request 189 366.96265079365065 173.32021271432356 5935.688 50.814 472.33751361867695 3084
stats: tr_busyWait 189 367.14643386243364 173.31611742715506 5935.9 50.878 472.51913164721145 3084
stats: 200 189 3273
stats: size_rcv 48387 837813
stats: size_sent 11346 203422
stats: connected 1 44
# stats: dump at 1517148900
stats: users 45 45
stats: {freemem,"tsung_controller@jarvis"} 0 0 0 5464.30859375 5458.54296875 5460.324001736111 18
stats: {load,"tsung_controller@jarvis"} 0 0 0 0.1484375 0.01171875 0.04882812500000001 18
stats: {cpu,"tsung_controller@jarvis"} 0 0 0 1.8753800264532157 0.7377766662498437 0.9235269066208693 18
stats: users_count 0 45
stats: finish_users_count 0 0
stats: request 17 545.6226470588234 77.78991372237313 5935.688 50.814 466.25262236480285 3273
stats: page 17 545.6226470588234 77.78991372237313 5935.688 50.814 466.25262236480285 3273
stats: connect 1 0.797 0.0 14.617 0.436 0.8215032894736843 304
stats: tr_busyWait 17 545.7717647058823 77.79512140270936 5935.9 50.878 466.4343654139933 3273
stats: 200 17 3290
stats: size_rcv 4351 842164
stats: size_sent 1550 204972
stats: connected 0 44
stats: error_abort 1 1
EndMonitor:{1517,148900,655090}
