# stats: dump at 1517244725
stats: users 60 60
stats: {freemem,"tsung_controller@jarvis"} 1 3513.08984375 0 3513.08984375 3513.08984375 0 0
stats: {load,"tsung_controller@jarvis"} 1 0.26171875 0 0.26171875 0.26171875 0 0
stats: {cpu,"tsung_controller@jarvis"} 1 1.8728320687167164 0 1.8728320687167164 1.8728320687167164 0 0
stats: users_count 60 60
stats: finish_users_count 0 0
stats: request 170 1266.399270588235 740.5802165427872 2972.755 111.593 0 0
stats: connect 63 1.5035873015873018 2.9637637516697874 15.479 0.545 0 0
stats: page 170 1266.399270588235 740.5802165427872 2972.755 111.593 0 0
stats: tr_loopTransaction 170 1266.6078705882353 740.5789618309174 2972.954 111.767 0 0
stats: 200 170 170
stats: size_rcv 43408 43408
stats: size_sent 29016 29016
stats: connected 56 56
# stats: dump at 1517244735
stats: users 60 60
stats: {freemem,"tsung_controller@jarvis"} 1 3488.609375 0.0 3513.08984375 3488.609375 3513.08984375 1
stats: {load,"tsung_controller@jarvis"} 1 0.30078125 0.0 0.30078125 0.26171875 0.26171875 1
stats: {cpu,"tsung_controller@jarvis"} 1 1.949756280464942 0.0 1.949756280464942 1.8728320687167164 1.8728320687167164 1
stats: users_count 0 60
stats: finish_users_count 0 0
stats: request 213 758.6799953051645 229.5689973531129 2972.755 48.366 1266.399270588235 170
stats: connect 16 0.7616875000000001 0.15491922038194614 15.479 0.431 1.5035873015873018 63
stats: page 213 758.6799953051645 229.5689973531129 2972.755 48.366 1266.399270588235 170
stats: tr_loopTransaction 213 758.8367276995301 229.57887655352448 2972.954 48.488 1266.6078705882353 170
stats: 200 213 383
stats: size_rcv 54473 97881
stats: size_sent 31668 60684
stats: connected 0 56
# stats: dump at 1517244745
stats: users 60 60
stats: {freemem,"tsung_controller@jarvis"} 1 3526.63671875 0.0 3526.63671875 3488.609375 3500.849609375 2
stats: {load,"tsung_controller@jarvis"} 1 0.41015625 0.0 0.41015625 0.26171875 0.28125 2
stats: {cpu,"tsung_controller@jarvis"} 1 2.3261630815407703 0.0 2.3261630815407703 1.8728320687167164 1.9112941745908292 2
stats: users_count 0 60
stats: finish_users_count 0 0
stats: request 207 996.9649468599033 334.6967699160449 2972.755 48.366 984.0384203655352 383
stats: connect 14 0.8768571428571429 0.11531624662073371 15.479 0.431 1.3533291139240509 79
stats: page 207 996.9649468599033 334.6967699160449 2972.755 48.366 984.0384203655352 383
stats: tr_loopTransaction 207 997.1296183574873 334.7077199062125 2972.954 48.488 984.2181749347255 383
stats: 200 207 590
stats: size_rcv 52838 150719
stats: size_sent 33072 93756
stats: connected 0 56
# stats: dump at 1517244755
stats: users 60 60
stats: {freemem,"tsung_controller@jarvis"} 1 3519.7578125 0.0 3526.63671875 3488.609375 3509.4453125 3
stats: {load,"tsung_controller@jarvis"} 1 0.33984375 0.0 0.41015625 0.26171875 0.32421875 3
stats: {cpu,"tsung_controller@jarvis"} 1 2.1460843373493974 0.0 2.3261630815407703 1.8728320687167164 2.0495838102408097 3
stats: users_count 0 60
stats: finish_users_count 0 0
stats: request 189 623.0761904761908 228.08138679231706 2972.755 48.366 988.5736593220338 590
stats: connect 23 0.7360434782608695 0.11615187893101879 15.479 0.431 1.2816021505376347 93
stats: page 189 623.0761904761908 228.08138679231706 2972.755 48.366 988.5736593220338 590
stats: tr_loopTransaction 189 623.2336137566133 228.07843473692694 2972.954 48.488 988.7481220338979 590
stats: 200 189 779
stats: size_rcv 48363 199082
stats: size_sent 31200 124956
stats: connected 0 56
# stats: dump at 1517244765
stats: users 60 60
stats: {freemem,"tsung_controller@jarvis"} 1 3545.3046875 0.0 3545.3046875 3488.609375 3512.0234375 4
stats: {load,"tsung_controller@jarvis"} 1 0.2890625 0.0 0.41015625 0.26171875 0.328125 4
stats: {cpu,"tsung_controller@jarvis"} 1 2.488062327217894 0.0 2.488062327217894 1.8728320687167164 2.073708942017957 4
stats: users_count 0 60
stats: finish_users_count 0 0
stats: request 225 802.9566133333328 312.0782027092238 2972.755 48.366 899.8971232349165 779
stats: connect 12 0.7264166666666667 0.11043660197396311 15.479 0.431 1.1734310344827588 116
stats: page 225 802.9566133333328 312.0782027092238 2972.755 48.366 899.8971232349165 779
stats: tr_loopTransaction 225 803.1070444444439 312.0835813151022 2972.954 48.488 900.0674518613603 779
stats: 200 225 1004
stats: size_rcv 57532 256614
stats: size_sent 35724 160680
stats: connected 2 58
# stats: dump at 1517244775
stats: users 60 60
stats: {freemem,"tsung_controller@jarvis"} 1 3596.07421875 0.0 3596.07421875 3488.609375 3518.6796875 5
stats: {load,"tsung_controller@jarvis"} 1 0.23828125 0.0 0.41015625 0.23828125 0.3203125 5
stats: {cpu,"tsung_controller@jarvis"} 1 4.685728681194105 0.0 4.685728681194105 1.8728320687167164 2.1565796190579443 5
stats: users_count 0 60
stats: finish_users_count 0 0
stats: request 225 1143.3820755555564 384.9420709154373 2972.755 48.366 878.1724073705178 1004
stats: connect 11 0.7526363636363637 0.11435691554178702 15.479 0.431 1.1315234375000003 128
stats: page 225 1143.3820755555564 384.9420709154373 2972.755 48.366 878.1724073705178 1004
stats: tr_loopTransaction 225 1143.5364266666672 384.94470011562277 2972.954 48.488 878.3382768924298 1004
stats: 200 225 1229
stats: size_rcv 57439 314053
stats: size_sent 33852 194532
stats: connected -1 57
# stats: dump at 1517244785
stats: users 60 60
stats: {freemem,"tsung_controller@jarvis"} 1 3669.80859375 0.0 3669.80859375 3488.609375 3531.5787760416665 6
stats: {load,"tsung_controller@jarvis"} 1 0.2109375 0.0 0.41015625 0.2109375 0.306640625 6
stats: {cpu,"tsung_controller@jarvis"} 1 3.027232425585814 0.0 4.685728681194105 1.8728320687167164 2.578104462747304 6
stats: users_count 0 60
stats: finish_users_count 0 0
stats: request 216 910.1930694444449 357.34151244883657 2972.755 39.115 926.7258454027665 1229
stats: connect 16 0.828 0.14018692877725797 15.479 0.431 1.101539568345324 139
stats: page 216 910.1930694444449 357.34151244883657 2972.755 39.115 926.7258454027665 1229
stats: tr_loopTransaction 216 910.3583750000003 357.3379623964172 2972.954 39.28 926.8896061838891 1229
stats: 200 216 1445
stats: size_rcv 55153 369206
stats: size_sent 31044 225576
stats: connected -1 56
# stats: dump at 1517244795
stats: users 60 60
stats: {freemem,"tsung_controller@jarvis"} 1 3648.03515625 0.0 3669.80859375 3488.609375 3551.3258928571427 7
stats: {load,"tsung_controller@jarvis"} 1 0.171875 0.0 0.41015625 0.171875 0.29296875 7
stats: {cpu,"tsung_controller@jarvis"} 1 3.0474751290769424 0.0 4.685728681194105 1.8728320687167164 2.6422656002956626 7
stats: users_count 0 60
stats: finish_users_count 0 0
stats: request 185 883.2630810810812 270.1221473651421 2972.755 39.115 924.254510034602 1445
stats: connect 19 0.8076842105263158 0.11204465868646396 15.479 0.431 1.0733032258064517 155
stats: page 185 883.2630810810812 270.1221473651421 2972.755 39.115 924.254510034602 1445
stats: tr_loopTransaction 185 883.4256108108112 270.1289397496701 2972.954 39.28 924.4185017301036 1445
stats: 200 185 1630
stats: size_rcv 47248 416454
stats: size_sent 32760 258336
stats: connected 1 57
# stats: dump at 1517244805
stats: users 60 60
stats: {freemem,"tsung_controller@jarvis"} 1 3649.88671875 0.0 3669.80859375 3488.609375 3563.41455078125 8
stats: {load,"tsung_controller@jarvis"} 1 0.1484375 0.0 0.41015625 0.1484375 0.27783203125 8
stats: {cpu,"tsung_controller@jarvis"} 1 1.5206736207113234 0.0 4.685728681194105 1.5206736207113234 2.6929167913933227 8
stats: users_count 0 60
stats: finish_users_count 0 0
stats: request 207 917.3405507246379 358.0561488213531 2972.755 39.115 919.602108588957 1630
stats: connect 17 0.716235294117647 0.16413499802861875 15.479 0.431 1.0442988505747126 174
stats: page 207 917.3405507246379 358.0561488213531 2972.755 39.115 919.602108588957 1630
stats: tr_loopTransaction 207 917.5029951690823 358.0625844055394 2972.954 39.28 919.7659343558281 1630
stats: 200 207 1837
stats: size_rcv 52882 469336
stats: size_sent 32916 291252
stats: connected 0 57
# stats: dump at 1517244815
stats: users 60 60
stats: {freemem,"tsung_controller@jarvis"} 1 3620.625 0.0 3669.80859375 3488.609375 3573.0225694444443 9
stats: {load,"tsung_controller@jarvis"} 1 0.359375 0.0 0.41015625 0.1484375 0.2634548611111111 9
stats: {cpu,"tsung_controller@jarvis"} 1 3.7575150300601203 0.0 4.685728681194105 1.5206736207113234 2.562667550206434 9
stats: users_count 0 60
stats: finish_users_count 0 0
stats: request 195 1081.395451282051 258.18803843818006 2972.755 39.115 919.3472678279803 1837
stats: connect 12 0.8395 0.14119814682447737 15.479 0.431 1.0150994764397905 191
stats: page 195 1081.395451282051 258.18803843818006 2972.755 39.115 919.3472678279803 1837
stats: tr_loopTransaction 195 1081.553046153846 258.1740656195865 2972.954 39.28 919.5109379422971 1837
stats: 200 195 2032
stats: size_rcv 49809 519145
stats: size_sent 30264 321516
stats: connected 0 57
# stats: dump at 1517244825
stats: users 60 60
stats: {freemem,"tsung_controller@jarvis"} 1 3606.71875 0.0 3669.80859375 3488.609375 3577.7828125 10
stats: {load,"tsung_controller@jarvis"} 1 0.5390625 0.0 0.5390625 0.1484375 0.273046875 10
stats: {cpu,"tsung_controller@jarvis"} 1 2.8978266300274793 0.0 4.685728681194105 1.5206736207113234 2.6821522981918027 10
stats: users_count 0 60
stats: finish_users_count 0 0
stats: request 211 924.4563459715644 385.9825504078083 2972.755 39.115 934.898151574803 2032
stats: connect 16 0.8041875 0.13470301534765283 15.479 0.431 1.00471921182266 203
stats: page 211 924.4563459715644 385.9825504078083 2972.755 39.115 934.898151574803 2032
stats: tr_loopTransaction 211 924.616331753554 385.9799513903692 2972.954 39.28 935.0612386811023 2032
stats: 200 211 2243
stats: size_rcv 53894 573039
stats: size_sent 30888 352404
stats: connected -2 55
# stats: dump at 1517244835
stats: users 60 60
stats: {freemem,"tsung_controller@jarvis"} 1 3696.2578125 0.0 3696.2578125 3488.609375 3580.4133522727275 11
stats: {load,"tsung_controller@jarvis"} 1 0.609375 0.0 0.609375 0.1484375 0.29723011363636365 11
stats: {cpu,"tsung_controller@jarvis"} 1 1.4625000000000001 0.0 4.685728681194105 1.4625000000000001 2.7017590556314093 11
stats: users_count 0 60
stats: finish_users_count 0 0
stats: request 201 907.692452736318 351.77233792074634 2972.755 39.115 933.9158863129736 2243
stats: connect 17 0.8284117647058825 0.1036799707377463 15.479 0.431 0.9900684931506848 219
stats: page 201 907.692452736318 351.77233792074634 2972.755 39.115 933.9158863129736 2243
stats: tr_loopTransaction 201 907.8562537313435 351.7751493185241 2972.954 39.28 934.0786816763263 2243
stats: 200 201 2444
stats: size_rcv 51319 624358
stats: size_sent 32292 384696
stats: connected 1 56
# stats: dump at 1517244836
stats: users 60 60
stats: {freemem,"tsung_controller@jarvis"} 0 0 0 3696.2578125 3488.609375 3590.0670572916665 12
stats: {load,"tsung_controller@jarvis"} 0 0 0 0.609375 0.1484375 0.3232421875 12
stats: {cpu,"tsung_controller@jarvis"} 0 0 0 4.685728681194105 1.4625000000000001 2.598487467662125 12
stats: users_count 0 60
stats: finish_users_count 0 0
stats: request 20 1008.3548000000001 41.86511155795479 2972.755 39.115 931.7592127659574 2444
stats: connect 1 0.53 0.0 15.479 0.431 0.9784237288135591 236
stats: page 20 1008.3548000000001 41.86511155795479 2972.755 39.115 931.7592127659574 2444
stats: tr_loopTransaction 20 1008.5434500000001 41.8561707224574 2972.954 39.28 931.9220908346972 2444
stats: 200 20 2464
stats: size_rcv 5106 629464
stats: size_sent 3432 388128
stats: connected 1 57
stats: error_abort 1 1
EndMonitor:{1517,244836,702224}
