# stats: dump at 1517148912
stats: users 50 50
stats: {freemem,"tsung_controller@jarvis"} 1 5463.07421875 0 5463.07421875 5463.07421875 0 0
stats: {load,"tsung_controller@jarvis"} 1 0.0 0 0.0 0.0 0 0
stats: {cpu,"tsung_controller@jarvis"} 1 1.8732783795749695 0 1.8732783795749695 1.8732783795749695 0 0
stats: users_count 50 50
stats: finish_users_count 0 0
stats: request 156 1078.0909743589746 569.7957516560598 3868.088 432.686 0 0
stats: connect 52 1.597634615384615 3.924893967351936 21.253 0.65 0 0
stats: page 156 1078.0909743589746 569.7957516560598 3868.088 432.686 0 0
stats: tr_busyWait 156 1078.3774679487174 569.7476082002252 3868.32 437.931 0 0
stats: 200 156 156
stats: size_rcv 39866 39866
stats: size_sent 10788 10788
stats: connected 49 49
# stats: dump at 1517148922
stats: users 50 50
stats: {freemem,"tsung_controller@jarvis"} 1 5461.125 0.0 5463.07421875 5461.125 5463.07421875 1
stats: {load,"tsung_controller@jarvis"} 1 0.0 0.0 0.0 0.0 0.0 1
stats: {cpu,"tsung_controller@jarvis"} 1 0.6382179952446503 0.0 1.8732783795749695 0.6382179952446503 1.8732783795749695 1
stats: users_count 0 50
stats: finish_users_count 0 0
stats: request 200 555.7636800000005 180.9992763864475 3868.088 115.732 1078.0909743589746 156
stats: connect 15 0.7727333333333334 0.12830508780073982 21.253 0.518 1.597634615384615 52
stats: page 200 555.7636800000005 180.9992763864475 3868.088 115.732 1078.0909743589746 156
stats: tr_busyWait 200 555.9678000000002 181.0038437650428 3868.32 115.987 1078.3774679487174 156
stats: 200 200 356
stats: size_rcv 51174 91040
stats: size_sent 11966 22754
stats: connected 0 49
# stats: dump at 1517148932
stats: users 50 50
stats: {freemem,"tsung_controller@jarvis"} 1 5459.296875 0.0 5463.07421875 5459.296875 5462.099609375 2
stats: {load,"tsung_controller@jarvis"} 1 0.0 0.0 0.0 0.0 0.0 2
stats: {cpu,"tsung_controller@jarvis"} 1 0.5500687585948244 0.0 1.8732783795749695 0.5500687585948244 1.25574818740981 2
stats: users_count 0 50
stats: finish_users_count 0 0
stats: request 205 706.5678 264.70118953378164 3868.088 50.949 784.6486741573037 356
stats: connect 12 0.7709166666666668 0.13105307978915345 21.253 0.518 1.4129552238805967 67
stats: page 205 706.5678 264.70118953378164 3868.088 50.949 784.6486741573037 356
stats: tr_busyWait 205 706.781141463415 264.6988261253737 3868.32 51.253 784.888890449438 356
stats: 200 205 561
stats: size_rcv 52431 143471
stats: size_sent 12152 34906
stats: connected -1 48
# stats: dump at 1517148942
stats: users 50 50
stats: {freemem,"tsung_controller@jarvis"} 1 5458.66796875 0.0 5463.07421875 5458.66796875 5461.165364583333 3
stats: {load,"tsung_controller@jarvis"} 1 0.0 0.0 0.0 0.0 0.0 3
stats: {cpu,"tsung_controller@jarvis"} 1 0.7122329126577533 0.0 1.8732783795749695 0.5500687585948244 1.0205217111381482 3
stats: users_count 0 50
stats: finish_users_count 0 0
stats: request 194 681.4742835051545 265.71768571271787 3868.088 50.949 756.1164474153301 561
stats: connect 19 0.7901052631578948 0.1744537021184288 21.253 0.498 1.3154303797468352 79
stats: page 194 681.4742835051545 265.71768571271787 3868.088 50.949 756.1164474153301 561
stats: tr_busyWait 194 681.6985721649481 265.70380948364493 3868.32 51.253 756.346843137255 561
stats: 200 194 755
stats: size_rcv 49624 193095
stats: size_sent 12400 47306
stats: connected 0 48
# stats: dump at 1517148952
stats: users 50 50
stats: {freemem,"tsung_controller@jarvis"} 1 5458.578125 0.0 5463.07421875 5458.578125 5460.541015625 4
stats: {load,"tsung_controller@jarvis"} 1 0.0 0.0 0.0 0.0 0.0 4
stats: {cpu,"tsung_controller@jarvis"} 1 0.6375 0.0 1.8732783795749695 0.5500687585948244 0.9434495115180495 4
stats: users_count 0 50
stats: finish_users_count 0 0
stats: request 191 543.8642094240838 218.2439239527682 3868.088 50.949 736.936871523179 755
stats: connect 16 0.79025 0.15574036888360066 21.253 0.498 1.213581632653061 98
stats: page 191 543.8642094240838 218.2439239527682 3868.088 50.949 736.936871523179 755
stats: tr_busyWait 191 544.0955340314132 218.21968808718117 3868.32 51.253 737.165698013245 755
stats: 200 191 946
stats: size_rcv 48872 241967
stats: size_sent 12276 59582
stats: connected 0 48
# stats: dump at 1517148962
stats: users 50 50
stats: {freemem,"tsung_controller@jarvis"} 1 5458.36328125 0.0 5463.07421875 5458.36328125 5460.1484375 5
stats: {load,"tsung_controller@jarvis"} 1 0.0 0.0 0.0 0.0 0.0 5
stats: {cpu,"tsung_controller@jarvis"} 1 0.7246376811594203 0.0 1.8732783795749695 0.5500687585948244 0.8822596092144396 5
stats: users_count 0 50
stats: finish_users_count 0 0
stats: request 197 557.9078680203041 332.1702475210807 3868.088 50.949 697.9549704016914 946
stats: connect 14 0.7838571428571429 0.11141226986984433 21.253 0.498 1.1541666666666666 114
stats: page 197 557.9078680203041 332.1702475210807 3868.088 50.949 697.9549704016914 946
stats: tr_busyWait 197 558.13097461929 332.15671341863725 3868.32 51.253 698.1843012684989 946
stats: 200 197 1143
stats: size_rcv 50395 292362
stats: size_sent 11656 71238
stats: connected -2 46
# stats: dump at 1517148972
stats: users 50 50
stats: {freemem,"tsung_controller@jarvis"} 1 5457.94921875 0.0 5463.07421875 5457.94921875 5459.850911458333 6
stats: {load,"tsung_controller@jarvis"} 1 0.0 0.0 0.0 0.0 0.0 6
stats: {cpu,"tsung_controller@jarvis"} 1 0.6621689155422289 0.0 1.8732783795749695 0.5500687585948244 0.8559892878719363 6
stats: users_count 0 50
stats: finish_users_count 0 0
stats: request 192 509.11283333333307 194.4379020962395 3868.088 50.949 673.817368328959 1143
stats: connect 18 0.7431111111111112 0.12398695670149651 21.253 0.498 1.1136640624999998 128
stats: page 192 509.11283333333307 194.4379020962395 3868.088 50.949 673.817368328959 1143
stats: tr_busyWait 192 509.3393645833332 194.45225041830213 3868.32 51.253 674.0456264216973 1143
stats: 200 192 1335
stats: size_rcv 49136 341498
stats: size_sent 12152 83390
stats: connected 3 49
# stats: dump at 1517148982
stats: users 50 50
stats: {freemem,"tsung_controller@jarvis"} 1 5457.76953125 0.0 5463.07421875 5457.76953125 5459.579241071428 7
stats: {load,"tsung_controller@jarvis"} 1 0.0 0.0 0.0 0.0 0.0 7
stats: {cpu,"tsung_controller@jarvis"} 1 0.5255255255255256 0.0 1.8732783795749695 0.5255255255255256 0.8283006632534067 7
stats: users_count 0 50
stats: finish_users_count 0 0
stats: request 188 416.4521329787237 224.8148894274699 3868.088 50.852 650.129525093633 1335
stats: connect 19 0.7615789473684211 0.13182616775191153 21.253 0.498 1.0679794520547945 146
stats: page 188 416.4521329787237 224.8148894274699 3868.088 50.852 650.129525093633 1335
stats: tr_busyWait 188 416.65232978723407 224.82742742246083 3868.32 51.022 650.3575348314607 1335
stats: 200 188 1523
stats: size_rcv 48125 389623
stats: size_sent 11842 95232
stats: connected -5 44
# stats: dump at 1517148992
stats: users 50 50
stats: {freemem,"tsung_controller@jarvis"} 1 5457.4765625 0.0 5463.07421875 5457.4765625 5459.35302734375 8
stats: {load,"tsung_controller@jarvis"} 1 0.0 0.0 0.0 0.0 0.0 8
stats: {cpu,"tsung_controller@jarvis"} 1 0.5747126436781609 0.0 1.8732783795749695 0.5255255255255256 0.7904537710374215 8
stats: users_count 0 50
stats: finish_users_count 0 0
stats: request 189 528.2496402116406 173.21559106396214 3868.088 50.852 621.2842527905451 1523
stats: connect 20 0.8026499999999999 0.12152953344763573 21.253 0.498 1.0326969696969697 165
stats: page 189 528.2496402116406 173.21559106396214 3868.088 50.852 621.2842527905451 1523
stats: tr_busyWait 189 528.4633280423279 173.22839048651488 3868.32 51.022 621.5088292843074 1523
stats: 200 189 1712
stats: size_rcv 48363 437986
stats: size_sent 12400 107632
stats: connected 4 48
# stats: dump at 1517149002
stats: users 50 50
stats: {freemem,"tsung_controller@jarvis"} 1 5457.125 0.0 5463.07421875 5457.125 5459.14453125 9
stats: {load,"tsung_controller@jarvis"} 1 0.0 0.0 0.0 0.0 0.0 9
stats: {cpu,"tsung_controller@jarvis"} 1 0.6005254597773051 0.0 1.8732783795749695 0.5255255255255256 0.7664825346641704 9
stats: users_count 0 50
stats: finish_users_count 0 0
stats: request 203 536.6717044334972 274.04730656672064 3868.088 50.824 611.0134924065422 1712
stats: connect 13 0.7856923076923077 0.06808522330973216 21.253 0.498 1.0078270270270269 185
stats: page 203 536.6717044334972 274.04730656672064 3868.088 50.824 611.0134924065422 1712
stats: tr_busyWait 203 536.9178374384234 274.04917131315466 3868.32 51.022 611.23686682243 1712
stats: 200 203 1915
stats: size_rcv 51921 489907
stats: size_sent 11718 119350
stats: connected -2 46
# stats: dump at 1517149012
stats: users 50 50
stats: {freemem,"tsung_controller@jarvis"} 1 5457.84375 0.0 5463.07421875 5457.125 5458.942578125 10
stats: {load,"tsung_controller@jarvis"} 1 0.0 0.0 0.0 0.0 0.0 10
stats: {cpu,"tsung_controller@jarvis"} 1 0.6500812601575197 0.0 1.8732783795749695 0.5255255255255256 0.7498868271754839 10
stats: users_count 0 50
stats: finish_users_count 0 0
stats: request 202 713.0986782178219 277.75275103342204 3868.088 50.824 603.1328746736294 1915
stats: connect 16 0.723625 0.16879531798897743 21.253 0.498 0.9932424242424241 198
stats: page 202 713.0986782178219 277.75275103342204 3868.088 50.824 603.1328746736294 1915
stats: tr_busyWait 202 713.3030544554462 277.7569978018255 3868.32 50.927 603.358661618799 1915
stats: 200 202 2117
stats: size_rcv 51666 541573
stats: size_sent 11904 131254
stats: connected 0 46
# stats: dump at 1517149022
stats: users 50 50
stats: {freemem,"tsung_controller@jarvis"} 1 5457.9609375 0.0 5463.07421875 5457.125 5458.842684659091 11
stats: {load,"tsung_controller@jarvis"} 1 0.0 0.0 0.0 0.0 0.0 11
stats: {cpu,"tsung_controller@jarvis"} 1 0.5877203951481805 0.0 1.8732783795749695 0.5255255255255256 0.7408135938102144 11
stats: users_count 0 50
stats: finish_users_count 0 0
stats: request 180 496.93454999999983 352.8844178898032 3868.088 50.824 613.6255965989609 2117
stats: connect 19 0.8167368421052632 0.12385681125917485 21.253 0.498 0.9730841121495326 214
stats: page 180 496.93454999999983 352.8844178898032 3868.088 50.824 613.6255965989609 2117
stats: tr_busyWait 180 497.1744111111111 352.8749253837808 3868.32 50.927 613.8493405762873 2117
stats: 200 180 2297
stats: size_rcv 46046 587619
stats: size_sent 12152 143406
stats: connected 1 47
# stats: dump at 1517149032
stats: users 50 50
stats: {freemem,"tsung_controller@jarvis"} 1 5457.63671875 0.0 5463.07421875 5457.125 5458.769205729167 12
stats: {load,"tsung_controller@jarvis"} 1 0.0 0.0 0.0 0.0 0.0 12
stats: {cpu,"tsung_controller@jarvis"} 1 0.600375234521576 0.0 1.8732783795749695 0.5255255255255256 0.7280558272550448 12
stats: users_count 0 50
stats: finish_users_count 0 0
stats: request 195 616.9843179487177 252.12491681069815 3868.088 50.824 604.481326512843 2297
stats: connect 17 0.7661176470588235 0.1467855107262619 21.253 0.498 0.9603347639484978 233
stats: page 195 616.9843179487177 252.12491681069815 3868.088 50.824 604.481326512843 2297
stats: tr_busyWait 195 617.2332615384614 252.12538947202185 3868.32 50.927 604.7063334784503 2297
stats: 200 195 2492
stats: size_rcv 49887 637506
stats: size_sent 12090 155496
stats: connected -1 46
# stats: dump at 1517149042
stats: users 50 50
stats: {freemem,"tsung_controller@jarvis"} 1 5457.8359375 0.0 5463.07421875 5457.125 5458.682091346154 13
stats: {load,"tsung_controller@jarvis"} 1 0.23828125 0.0 0.23828125 0.0 0.0 13
stats: {cpu,"tsung_controller@jarvis"} 1 0.6625 0.0 1.8732783795749695 0.5255255255255256 0.7182342431986242 13
stats: users_count 0 50
stats: finish_users_count 0 0
stats: request 204 545.7096225490196 226.27323748577476 3868.088 50.824 605.459690609952 2492
stats: connect 17 0.8934117647058822 0.12882183721692772 21.253 0.498 0.947128 250
stats: page 204 545.7096225490196 226.27323748577476 3868.088 50.824 605.459690609952 2492
stats: tr_busyWait 203 546.6613990147781 226.59550671664002 3868.32 50.927 605.6865706260035 2492
stats: 200 204 2696
stats: size_rcv 52209 689715
stats: size_sent 11904 167400
stats: connected 1 47
# stats: dump at 1517149052
stats: users 50 50
stats: {freemem,"tsung_controller@jarvis"} 1 5457.5234375 0.0 5463.07421875 5457.125 5458.621651785715 14
stats: {load,"tsung_controller@jarvis"} 1 0.28125 0.0 0.28125 0.0 0.017020089285714284 14
stats: {cpu,"tsung_controller@jarvis"} 1 0.6132665832290363 0.0 1.8732783795749695 0.5255255255255256 0.7142532258272939 14
stats: users_count 0 50
stats: finish_users_count 0 0
stats: request 180 490.7753111111111 279.59312759632013 3868.088 50.824 600.9385430267064 2696
stats: connect 16 0.7801874999999998 0.12395625173322243 21.253 0.498 0.9437078651685392 267
stats: page 180 490.7753111111111 279.59312759632013 3868.088 50.824 600.9385430267064 2696
stats: tr_busyWait 181 490.53305524861906 278.9029693880213 3868.32 50.927 601.2405187384046 2695
stats: 200 180 2876
stats: size_rcv 46079 735794
stats: size_sent 11718 179118
stats: connected -2 45
# stats: dump at 1517149062
stats: users 50 50
stats: {freemem,"tsung_controller@jarvis"} 1 5457.46484375 0.0 5463.07421875 5457.125 5458.5484375 15
stats: {load,"tsung_controller@jarvis"} 1 0.30859375 0.0 0.30859375 0.0 0.03463541666666667 15
stats: {cpu,"tsung_controller@jarvis"} 1 0.65 0.0 1.8732783795749695 0.5255255255255256 0.7075207829874101 15
stats: users_count 0 50
stats: finish_users_count 0 0
stats: request 197 486.37319289340115 304.6890088034482 3868.088 50.824 594.0437649513215 2876
stats: connect 15 0.8581333333333332 0.07218851863158174 21.253 0.498 0.9344628975265017 283
stats: page 197 486.37319289340115 304.6890088034482 3868.088 50.824 594.0437649513215 2876
stats: tr_busyWait 197 486.6203045685282 304.6886097744097 3868.32 50.927 594.273185326843 2876
stats: 200 197 3073
stats: size_rcv 50403 786197
stats: size_sent 12090 191208
stats: connected 0 45
# stats: dump at 1517149072
stats: users 50 50
stats: {freemem,"tsung_controller@jarvis"} 1 5457.1171875 0.0 5463.07421875 5457.1171875 5458.480712890625 16
stats: {load,"tsung_controller@jarvis"} 1 0.26171875 0.0 0.30859375 0.0 0.0517578125 16
stats: {cpu,"tsung_controller@jarvis"} 1 0.71232191952012 0.0 1.8732783795749695 0.5255255255255256 0.7039257340506969 16
stats: users_count 0 50
stats: finish_users_count 0 0
stats: request 201 485.1557412935325 267.5706818246391 3868.088 50.824 587.1413560039051 3073
stats: connect 13 0.8243076923076924 0.12899098633708098 21.253 0.498 0.9306208053691275 298
stats: page 201 485.1557412935325 267.5706818246391 3868.088 50.824 587.1413560039051 3073
stats: tr_busyWait 201 485.40559203980087 267.59218852846834 3868.32 50.927 587.3719105109014 3073
stats: 200 201 3274
stats: size_rcv 51435 837632
stats: size_sent 11780 202988
stats: connected 2 47
# stats: dump at 1517149082
stats: users 50 50
stats: {freemem,"tsung_controller@jarvis"} 1 5456.96875 0.0 5463.07421875 5456.96875 5458.400505514706 17
stats: {load,"tsung_controller@jarvis"} 1 0.21875 0.0 0.30859375 0.0 0.06410845588235294 17
stats: {cpu,"tsung_controller@jarvis"} 1 0.5381053685396071 0.0 1.8732783795749695 0.5255255255255256 0.7044196273136042 17
stats: users_count 0 50
stats: finish_users_count 0 0
stats: request 185 515.0491837837834 255.26723751849363 3868.088 50.824 580.8801744043984 3274
stats: connect 17 0.7042352941176472 0.13086253650379706 21.253 0.498 0.9261768488745981 311
stats: page 185 515.0491837837834 255.26723751849363 3868.088 50.824 580.8801744043984 3274
stats: tr_busyWait 185 515.2849945945947 255.2535957655826 3868.32 50.927 581.1119135613928 3274
stats: 200 185 3459
stats: size_rcv 47360 884992
stats: size_sent 12090 215078
stats: connected -1 46
# stats: dump at 1517149083
stats: users 50 50
stats: {freemem,"tsung_controller@jarvis"} 0 0 0 5463.07421875 5456.96875 5458.320963541667 18
stats: {load,"tsung_controller@jarvis"} 0 0 0 0.30859375 0.0 0.07269965277777778 18
stats: {cpu,"tsung_controller@jarvis"} 0 0 0 1.8732783795749695 0.5255255255255256 0.6951799462706043 18
stats: users_count 0 50
stats: finish_users_count 0 0
stats: request 23 655.6730434782608 121.75417375418115 3868.088 50.824 577.3592917028044 3459
stats: connect 1 0.822 0.0 21.253 0.498 0.9146737804878048 328
stats: 200 23 3482
stats: page 23 655.6730434782608 121.75417375418115 3868.088 50.824 577.3592917028044 3459
stats: tr_busyWait 23 655.9452173913044 121.76087051728335 3868.32 50.927 577.5912486267708 3459
stats: size_rcv 5888 890880
stats: size_sent 806 215884
stats: connected -1 45
stats: error_abort 1 1
EndMonitor:{1517,149083,420049}
