# stats: dump at 1517239960
stats: users 50 50
stats: {freemem,"tsung_controller@jarvis"} 1 3957.48828125 0 3957.48828125 3957.48828125 0 0
stats: {load,"tsung_controller@jarvis"} 1 0.37109375 0 0.37109375 0.37109375 0 0
stats: {cpu,"tsung_controller@jarvis"} 1 1.858116268914569 0 1.858116268914569 1.858116268914569 0 0
stats: users_count 50 50
stats: finish_users_count 0 0
stats: request 159 999.7803207547179 656.1631635259301 2146.375 50.836 0 0
stats: connect 54 1.3027592592592592 2.511100879540501 14.093 0.518 0 0
stats: page 159 999.7803207547179 656.1631635259301 2146.375 50.836 0 0
stats: tr_loopTransaction 159 999.9978364779876 656.1727114101759 2146.539 50.909 0 0
stats: 200 159 159
stats: size_rcv 40638 40638
stats: size_sent 26364 26364
stats: connected 46 46
# stats: dump at 1517239970
stats: users 50 50
stats: {freemem,"tsung_controller@jarvis"} 1 3944.7890625 0.0 3957.48828125 3944.7890625 3957.48828125 1
stats: {load,"tsung_controller@jarvis"} 1 0.3203125 0.0 0.37109375 0.3203125 0.37109375 1
stats: {cpu,"tsung_controller@jarvis"} 1 3.380316826743171 0.0 3.380316826743171 1.858116268914569 1.858116268914569 1
stats: users_count 0 50
stats: finish_users_count 0 0
stats: request 195 660.6418205128205 280.3245314898953 2146.375 50.836 999.7803207547179 159
stats: connect 13 0.8200769230769231 0.15316580334268312 14.093 0.499 1.3027592592592592 54
stats: page 195 660.6418205128205 280.3245314898953 2146.375 50.836 999.7803207547179 159
stats: tr_loopTransaction 195 660.8106769230767 280.32752964080436 2146.539 50.909 999.9978364779876 159
stats: 200 195 354
stats: size_rcv 49887 90525
stats: size_sent 29328 55692
stats: connected 0 46
# stats: dump at 1517239980
stats: users 50 50
stats: {freemem,"tsung_controller@jarvis"} 1 3945.41796875 0.0 3957.48828125 3944.7890625 3951.138671875 2
stats: {load,"tsung_controller@jarvis"} 1 0.26953125 0.0 0.37109375 0.26953125 0.345703125 2
stats: {cpu,"tsung_controller@jarvis"} 1 1.0480349344978166 0.0 3.380316826743171 1.0480349344978166 2.61921654782887 2
stats: users_count 0 50
stats: finish_users_count 0 0
stats: request 191 622.2721308900519 280.4287476709588 2153.554 50.836 812.9667401129948 354
stats: connect 19 0.8813684210526317 0.15480351231100253 14.093 0.499 1.2091044776119402 67
stats: page 191 622.2721308900519 280.4287476709588 2153.554 50.836 812.9667401129948 354
stats: tr_loopTransaction 191 622.4614869109945 280.4324053843883 2153.771 50.909 813.157451977401 354
stats: 200 191 545
stats: size_rcv 48877 139402
stats: size_sent 31044 86736
stats: connected 3 49
# stats: dump at 1517239990
stats: users 50 50
stats: {freemem,"tsung_controller@jarvis"} 1 3950.07421875 0.0 3957.48828125 3944.7890625 3949.2317708333335 3
stats: {load,"tsung_controller@jarvis"} 1 0.23046875 0.0 0.37109375 0.23046875 0.3203125 3
stats: {cpu,"tsung_controller@jarvis"} 1 2.056331006979063 0.0 3.380316826743171 1.0480349344978166 2.0954893433851853 3
stats: users_count 0 50
stats: finish_users_count 0 0
stats: request 197 681.0632182741109 279.2200481074288 2153.554 50.836 746.1361522935781 545
stats: connect 15 0.8768666666666667 0.14099639081275173 14.093 0.499 1.1366976744186046 86
stats: page 197 681.0632182741109 279.2200481074288 2153.554 50.836 746.1361522935781 545
stats: tr_loopTransaction 197 681.2376294416247 279.2207453906813 2153.771 50.909 746.3263889908254 545
stats: 200 197 742
stats: size_rcv 50379 189781
stats: size_sent 31356 118092
stats: connected -1 48
# stats: dump at 1517240000
stats: users 50 50
stats: {freemem,"tsung_controller@jarvis"} 1 3949.5703125 0.0 3957.48828125 3944.7890625 3949.4423828125 4
stats: {load,"tsung_controller@jarvis"} 1 0.19140625 0.0 0.37109375 0.19140625 0.2978515625 4
stats: {cpu,"tsung_controller@jarvis"} 1 1.0741943542343242 0.0 3.380316826743171 1.0480349344978166 2.0856997592836546 4
stats: users_count 0 50
stats: finish_users_count 0 0
stats: request 174 436.73883333333345 238.14799181251618 2153.554 50.836 728.8593760107815 742
stats: connect 17 0.8654117647058823 0.14858946951189705 14.093 0.496 1.098108910891089 101
stats: page 174 436.73883333333345 238.14799181251618 2153.554 50.836 728.8593760107815 742
stats: tr_loopTransaction 174 436.9076436781607 238.15020599306573 2153.771 50.909 729.0454110512129 742
stats: 200 174 916
stats: size_rcv 44542 234323
stats: size_sent 28704 146796
stats: connected -3 45
# stats: dump at 1517240010
stats: users 50 50
stats: {freemem,"tsung_controller@jarvis"} 1 3932.62890625 0.0 3957.48828125 3932.62890625 3949.46796875 5
stats: {load,"tsung_controller@jarvis"} 1 0.16015625 0.0 0.37109375 0.16015625 0.2765625 5
stats: {cpu,"tsung_controller@jarvis"} 1 1.5455565249906518 0.0 3.380316826743171 1.0480349344978166 1.8833986782737884 5
stats: users_count 0 50
stats: finish_users_count 0 0
stats: request 205 916.0729024390248 266.52344038576354 2153.554 50.836 673.3692292576418 916
stats: connect 8 0.882375 0.09784673921495796 14.093 0.496 1.0645847457627118 118
stats: page 205 916.0729024390248 266.52344038576354 2153.554 50.836 673.3692292576418 916
stats: tr_loopTransaction 205 916.2547512195123 266.5294535479473 2153.771 50.909 673.5519923580785 916
stats: 200 205 1121
stats: size_rcv 52361 286684
stats: size_sent 29796 176592
stats: connected 2 47
# stats: dump at 1517240020
stats: users 50 50
stats: {freemem,"tsung_controller@jarvis"} 1 3932.046875 0.0 3957.48828125 3932.046875 3946.6614583333335 6
stats: {load,"tsung_controller@jarvis"} 1 0.2109375 0.0 0.37109375 0.16015625 0.2571614583333333 6
stats: {cpu,"tsung_controller@jarvis"} 1 1.0360753963300462 0.0 3.380316826743171 1.0360753963300462 1.827091652726599 6
stats: users_count 0 50
stats: finish_users_count 0 0
stats: request 201 503.33412437810955 192.73314514298238 2153.554 50.836 717.7530410347904 1121
stats: connect 19 0.8317368421052631 0.1221943413735346 14.093 0.496 1.053015873015873 126
stats: page 201 503.33412437810955 192.73314514298238 2153.554 50.836 717.7530410347904 1121
stats: tr_loopTransaction 201 503.5016218905475 192.73414337223483 2153.771 50.909 717.9356369313113 1121
stats: 200 201 1322
stats: size_rcv 51435 338119
stats: size_sent 31200 207792
stats: connected 1 48
# stats: dump at 1517240030
stats: users 50 50
stats: {freemem,"tsung_controller@jarvis"} 1 3942.54296875 0.0 3957.48828125 3932.046875 3944.573660714286 7
stats: {load,"tsung_controller@jarvis"} 1 0.1796875 0.0 0.37109375 0.16015625 0.2505580357142857 7
stats: {cpu,"tsung_controller@jarvis"} 1 1.5119330251155816 0.0 3.380316826743171 1.0360753963300462 1.7140893303842344 7
stats: users_count 0 50
stats: finish_users_count 0 0
stats: request 201 461.87890547263675 225.80083696385657 2153.554 50.836 685.1522829046899 1322
stats: connect 18 0.7782222222222221 0.10718652255430226 14.093 0.496 1.0240206896551725 145
stats: page 201 461.87890547263675 225.80083696385657 2153.554 50.836 685.1522829046899 1322
stats: tr_loopTransaction 201 462.04934825870646 225.80674141005403 2153.771 50.909 685.3325832072617 1322
stats: 200 201 1523
stats: size_rcv 51441 389560
stats: size_sent 31668 239460
stats: connected 2 50
# stats: dump at 1517240040
stats: users 50 50
stats: {freemem,"tsung_controller@jarvis"} 1 3946.4296875 0.0 3957.48828125 3932.046875 3944.31982421875 8
stats: {load,"tsung_controller@jarvis"} 1 0.23046875 0.0 0.37109375 0.16015625 0.24169921875 8
stats: {cpu,"tsung_controller@jarvis"} 1 0.9856519026824704 0.0 3.380316826743171 0.9856519026824704 1.6888197922256527 8
stats: users_count 0 50
stats: finish_users_count 0 0
stats: request 189 495.0358571428569 265.5231146823164 2153.554 50.836 655.6854747209455 1523
stats: connect 14 0.8363571428571429 0.175012492265494 14.093 0.496 0.996877300613497 163
stats: page 189 495.0358571428569 265.5231146823164 2153.554 50.836 655.6854747209455 1523
stats: tr_loopTransaction 189 495.20161904761903 265.52623236415945 2153.771 50.909 655.8644740643466 1523
stats: 200 189 1712
stats: size_rcv 48368 437928
stats: size_sent 29484 268944
stats: connected -6 44
# stats: dump at 1517240050
stats: users 50 50
stats: {freemem,"tsung_controller@jarvis"} 1 3946.48046875 0.0 3957.48828125 3932.046875 3944.554253472222 9
stats: {load,"tsung_controller@jarvis"} 1 0.19140625 0.0 0.37109375 0.16015625 0.2404513888888889 9
stats: {cpu,"tsung_controller@jarvis"} 1 0.9728111748565728 0.0 3.380316826743171 0.9728111748565728 1.6106900267208546 9
stats: users_count 0 50
stats: finish_users_count 0 0
stats: request 200 595.7550950000003 300.11580163434576 2153.554 50.836 637.950207359813 1712
stats: connect 22 0.887 0.10710402759594392 14.093 0.496 0.9841807909604521 177
stats: page 200 595.7550950000003 300.11580163434576 2153.554 50.836 637.950207359813 1712
stats: tr_loopTransaction 200 595.9398700000005 300.1191644807994 2153.771 50.909 638.1277453271027 1712
stats: 200 200 1912
stats: size_rcv 51175 489103
stats: size_sent 29640 298584
stats: connected 1 45
# stats: dump at 1517240060
stats: users 50 50
stats: {freemem,"tsung_controller@jarvis"} 1 3937.16015625 0.0 3957.48828125 3932.046875 3944.746875 10
stats: {load,"tsung_controller@jarvis"} 1 0.16015625 0.0 0.37109375 0.16015625 0.235546875 10
stats: {cpu,"tsung_controller@jarvis"} 1 1.6133066533266633 0.0 3.380316826743171 0.9728111748565728 1.5469021415344264 10
stats: users_count 0 50
stats: finish_users_count 0 0
stats: request 185 443.139010810811 244.96826149680572 2153.554 50.836 633.5364926778243 1912
stats: connect 22 0.8650454545454545 0.1168147240379658 14.093 0.496 0.9734371859296483 199
stats: page 185 443.139010810811 244.96826149680572 2153.554 50.836 633.5364926778243 1912
stats: tr_loopTransaction 185 443.31152432432407 244.97455935476293 2153.771 50.909 633.7147876569038 1912
stats: 200 185 2097
stats: size_rcv 47340 536443
stats: size_sent 30420 329004
stats: connected -1 44
# stats: dump at 1517240070
stats: users 50 50
stats: {freemem,"tsung_controller@jarvis"} 1 3945.0078125 0.0 3957.48828125 3932.046875 3944.0571732954545 11
stats: {load,"tsung_controller@jarvis"} 1 0.140625 0.0 0.37109375 0.140625 0.22869318181818182 11
stats: {cpu,"tsung_controller@jarvis"} 1 1.2370361114582031 0.0 3.380316826743171 0.9728111748565728 1.5529389153337205 11
stats: users_count 0 50
stats: finish_users_count 0 0
stats: request 205 603.2074146341464 275.99256858747304 2153.554 50.836 616.7393853123509 2097
stats: connect 17 0.8545882352941176 0.1817904607681535 14.093 0.494 0.9626470588235295 221
stats: page 205 603.2074146341464 275.99256858747304 2153.554 50.836 616.7393853123509 2097
stats: tr_loopTransaction 205 603.3921365853658 275.98886219678155 2153.771 50.909 616.9171702432046 2097
stats: 200 205 2302
stats: size_rcv 52435 588878
stats: size_sent 30420 359424
stats: connected 3 47
# stats: dump at 1517240071
stats: users 50 50
stats: {freemem,"tsung_controller@jarvis"} 0 0 0 3957.48828125 3932.046875 3944.1363932291665 12
stats: {load,"tsung_controller@jarvis"} 0 0 0 0.37109375 0.140625 0.22135416666666666 12
stats: {cpu,"tsung_controller@jarvis"} 0 0 0 3.380316826743171 0.9728111748565728 1.5266136816774274 12
stats: users_count 0 50
stats: finish_users_count 0 0
stats: request 11 317.4219090909091 125.73251048335224 2153.554 50.836 615.5343227628149 2302
stats: connect 0 0 0 14.093 0.494 0.9549285714285716 238
stats: page 11 317.4219090909091 125.73251048335224 2153.554 50.836 615.5343227628149 2302
stats: tr_loopTransaction 11 317.5495454545454 125.76878520260442 2153.771 50.909 615.7127254561252 2302
stats: 200 11 2313
stats: size_rcv 2816 591694
stats: size_sent 3588 363012
stats: connected -2 45
stats: error_abort 1 1
EndMonitor:{1517,240071,231126}
