# stats: dump at 1516810937
stats: users 789 790
stats: {freemem,"tsung_controller@jarvis"} 1 4011.37890625 0 4011.37890625 4011.37890625 0 0
stats: {load,"tsung_controller@jarvis"} 1 0.0 0 0.0 0.0 0 0
stats: {cpu,"tsung_controller@jarvis"} 1 44.97705295016511 0 44.97705295016511 44.97705295016511 0 0
stats: session 1132 1685.9703162544176 1155.5363518192978 6965.521 22.053 0 0
stats: users_count 1921 1921
stats: finish_users_count 1132 1132
stats: request 1082 856.541532347504 702.3311837009815 3367.758 7.854 0 0
stats: connect 1338 182.6096569506725 511.50482758442155 3046.746 0.3 0 0
stats: page 1082 856.541532347504 702.3311837009815 3367.758 7.854 0 0
stats: 200 1082 1082
stats: size_rcv 277449 277449
stats: size_sent 82956 82956
stats: connected 256 256
# stats: dump at 1516810947
stats: users 1345 1365
stats: {freemem,"tsung_controller@jarvis"} 1 4000.5234375 0.0 4011.37890625 4000.5234375 4011.37890625 1
stats: {load,"tsung_controller@jarvis"} 1 0.0 0.0 0.0 0.0 0.0 1
stats: {cpu,"tsung_controller@jarvis"} 1 0.6609049313675649 0.0 44.97705295016511 0.6609049313675649 44.97705295016511 1
stats: session 1640 3449.455909146345 2087.961559812073 14718.278 22.053 1685.9703162544176 1132
stats: users_count 2196 4117
stats: finish_users_count 1640 2772
stats: page 1615 2408.3304904024753 1789.4945797061687 12555.026 7.854 856.541532347504 1082
stats: request 1615 2408.3304904024753 1789.4945797061687 12555.026 7.854 856.541532347504 1082
stats: connect 1865 987.5348729222527 1843.41508270587 7303.692 0.269 182.6096569506725 1338
stats: 200 1615 2697
stats: size_rcv 413065 690514
stats: size_sent 115630 198586
stats: connected 250 506
# stats: dump at 1516810957
stats: users 1692 1692
stats: {freemem,"tsung_controller@jarvis"} 1 3986.31640625 0.0 4011.37890625 3986.31640625 4005.951171875 2
stats: {load,"tsung_controller@jarvis"} 1 0.0 0.0 0.0 0.0 0.0 2
stats: {cpu,"tsung_controller@jarvis"} 1 0.7667731629392971 0.0 44.97705295016511 0.6609049313675649 22.81897894076634 2
stats: session 1827 4138.616238095244 3132.1882189608186 24658.564 22.053 2729.3023409090933 2772
stats: users_count 2174 6291
stats: finish_users_count 1827 4599
stats: request 1838 3159.2349494015284 2943.9367523153987 23835.626 7.854 1785.773704115683 2697
stats: connect 1989 1577.9845072900976 3309.6716437781583 15495.695 0.269 651.2907458632536 3203
stats: page 1838 3159.2349494015284 2943.9367523153987 23835.626 7.854 1785.773704115683 2697
stats: 200 1838 4535
stats: size_rcv 469433 1159947
stats: size_sent 123318 321904
stats: connected 151 657
# stats: dump at 1516810967
stats: users 2103 2109
stats: {freemem,"tsung_controller@jarvis"} 1 3982.546875 0.0 4011.37890625 3982.546875 3999.40625 3
stats: {load,"tsung_controller@jarvis"} 1 0.0 0.0 0.0 0.0 0.0 3
stats: {cpu,"tsung_controller@jarvis"} 1 1.035143769968051 0.0 44.97705295016511 0.6609049313675649 15.468243681490657 3
stats: session 1821 4108.157376166951 3263.437585916059 31796.361 22.053 3289.1667658186598 4599
stats: users_count 2232 8523
stats: finish_users_count 1821 6420
stats: connect 1980 1453.2310611111113 3019.883933559372 15499.587 0.269 1006.2972734976898 5192
stats: page 1847 3092.7405419599336 3121.06065420519 30499.95 7.854 2342.426795369351 4535
stats: request 1847 3092.7405419599336 3121.06065420519 30499.95 7.854 2342.426795369351 4535
stats: 200 1847 6382
stats: size_rcv 471930 1631877
stats: size_sent 122760 444664
stats: connected 133 790
# stats: dump at 1516810977
stats: users 2415 2419
stats: {freemem,"tsung_controller@jarvis"} 1 3966.34765625 0.0 4011.37890625 3966.34765625 3995.19140625 4
stats: {load,"tsung_controller@jarvis"} 1 0.0 0.0 0.0 0.0 0.0 4
stats: {cpu,"tsung_controller@jarvis"} 1 1.718650541056652 0.0 44.97705295016511 0.6609049313675649 11.859968703610006 4
stats: session 1845 4123.402849322488 3439.3423587720226 35448.269 22.053 3521.4692426791325 6420
stats: users_count 2157 10680
stats: finish_users_count 1845 8265
stats: request 1808 3148.829434734512 3301.92514772181 35419.342 7.854 2559.573377937951 6382
stats: page 1808 3148.829434734512 3301.92514772181 35419.342 7.854 2559.573377937951 6382
stats: connect 1933 1383.5845871702015 3644.9284122048 31619.734 0.269 1129.6839019799227 7172
stats: 200 1808 8190
stats: size_rcv 461892 2093769
stats: size_sent 119846 564510
stats: connected 125 915
# stats: dump at 1516810987
stats: users 2723 2739
stats: {freemem,"tsung_controller@jarvis"} 1 3963.23046875 0.0 4011.37890625 3963.23046875 3989.42265625 5
stats: {load,"tsung_controller@jarvis"} 1 0.0 0.0 0.0 0.0 0.0 5
stats: {cpu,"tsung_controller@jarvis"} 1 1.0597548518896833 0.0 44.97705295016511 0.6609049313675649 9.831705071099336 5
stats: session 1832 4905.548051310056 6793.846134133628 53710.11 22.053 3655.8391766485206 8265
stats: users_count 2140 12820
stats: finish_users_count 1832 10097
stats: connect 1984 1651.2044153225795 4433.296391291558 31619.734 0.269 1183.5872544755634 9105
stats: page 1827 3377.6866031746076 4792.806312214602 43777.723 7.854 2689.65578949939 8190
stats: request 1827 3377.6866031746076 4792.806312214602 43777.723 7.854 2689.65578949939 8190
stats: 200 1827 10017
stats: size_rcv 466926 2560695
stats: size_sent 123008 687518
stats: connected 157 1072
stats: error_connect_timeout 68 68
# stats: dump at 1516810997
stats: users 3040 3054
stats: {freemem,"tsung_controller@jarvis"} 1 3949.5078125 0.0 4011.37890625 3949.5078125 3985.0572916666665 6
stats: {load,"tsung_controller@jarvis"} 1 0.0 0.0 0.0 0.0 0.0 6
stats: {cpu,"tsung_controller@jarvis"} 1 1.2496812037745473 0.0 44.97705295016511 0.6609049313675649 8.369713367897727 6
stats: session 1824 7831.555514254389 13928.06908103375 61586.113 22.053 3882.5863944736107 10097
stats: users_count 2141 14961
stats: finish_users_count 1824 11921
stats: request 1834 3231.6089231188566 5807.283203718256 60563.067 7.854 2815.1456863332346 10017
stats: page 1834 3231.6089231188566 5807.283203718256 60563.067 7.854 2815.1456863332346 10017
stats: 200 1834 11851
stats: connect 1944 1036.6212016460904 2964.276483948633 31619.734 0.269 1267.2514664983319 11089
stats: size_rcv 468863 3029558
stats: size_sent 120528 808046
stats: connected 110 1182
stats: error_connect_timeout 180 248
# stats: dump at 1516811007
stats: users 3565 3565
stats: {freemem,"tsung_controller@jarvis"} 1 3915.82421875 0.0 4011.37890625 3915.82421875 3979.9787946428573 7
stats: {load,"tsung_controller@jarvis"} 1 0.0 0.0 0.0 0.0 0.0 7
stats: {cpu,"tsung_controller@jarvis"} 1 2.001520141879909 0.0 44.97705295016511 0.6609049313675649 7.35256591588013 7
stats: session 1836 8031.2250010893285 14321.295924141501 71804.258 22.053 4486.8074895562495 11921
stats: users_count 2361 17322
stats: finish_users_count 1836 13757
stats: connect 2015 1361.1526392059516 4312.04836210273 31619.734 0.269 1232.8506965395536 13033
stats: request 1843 3684.8619294628265 7340.741181058874 70014.551 7.854 2879.5954016538685 11851
stats: 200 1843 13694
stats: page 1843 3684.8619294628265 7340.741181058874 70014.551 7.854 2879.5954016538685 11851
stats: size_rcv 470998 3500556
stats: size_sent 124930 932976
stats: connected 172 1354
stats: error_connect_timeout 211 459
# stats: dump at 1516811017
stats: users 4076 4084
stats: {freemem,"tsung_controller@jarvis"} 1 3900.796875 0.0 4011.37890625 3900.796875 3971.95947265625 8
stats: {load,"tsung_controller@jarvis"} 1 0.078125 0.0 0.078125 0.0 0.0 8
stats: {cpu,"tsung_controller@jarvis"} 1 5.373772967530833 0.0 44.97705295016511 0.6609049313675649 6.683685194130103 8
stats: session 1813 8517.722944842802 15354.817583020485 71804.258 22.053 4959.843075161741 13757
stats: users_count 2324 19646
stats: finish_users_count 1813 15570
stats: connect 2065 1186.5791602905554 3598.090818941846 31619.734 0.269 1250.0309473684208 15048
stats: request 1806 2854.4655664451816 4893.074233432164 70810.997 7.854 2987.971786256754 13694
stats: 200 1806 15500
stats: page 1806 2854.4655664451816 4893.074233432164 70810.997 7.854 2987.971786256754 13694
stats: size_rcv 461628 3962184
stats: size_sent 128030 1061006
stats: connected 259 1613
stats: error_connect_timeout 252 711
# stats: dump at 1516811027
stats: users 4540 4552
stats: {freemem,"tsung_controller@jarvis"} 1 3876.1484375 0.0 4011.37890625 3876.1484375 3964.0525173611113 9
stats: {load,"tsung_controller@jarvis"} 1 0.0703125 0.0 0.078125 0.0 0.008680555555555556 9
stats: {cpu,"tsung_controller@jarvis"} 1 4.848484848484849 0.0 44.97705295016511 0.6609049313675649 6.538139391174628 9
stats: session 1866 8650.41291907823 15272.725874521178 74801.241 22.053 5374.129279640338 15570
stats: users_count 2330 21976
stats: finish_users_count 1866 17436
stats: page 1863 3025.881262479865 4754.210942024049 70810.997 7.854 2972.41615832258 15500
stats: 200 1863 17363
stats: request 1863 3025.881262479865 4754.210942024049 70810.997 7.854 2972.41615832258 15500
stats: connect 2012 868.1900551689868 2300.527897518479 31619.734 0.269 1242.3743155495818 17113
stats: size_rcv 476037 4438221
stats: size_sent 124744 1185750
stats: connected 149 1762
stats: error_connect_timeout 283 994
# stats: dump at 1516811037
stats: users 5040 5047
stats: {freemem,"tsung_controller@jarvis"} 1 3858.48828125 0.0 4011.37890625 3858.48828125 3955.262109375 10
stats: {load,"tsung_controller@jarvis"} 1 0.12890625 0.0 0.12890625 0.0 0.01484375 10
stats: {cpu,"tsung_controller@jarvis"} 1 5.615577889447236 0.0 44.97705295016511 0.6609049313675649 6.36917393690565 10
stats: session 1783 8881.371052159286 15762.777822567161 103905.341 22.053 5724.757019442534 17436
stats: users_count 2283 24259
stats: finish_users_count 1783 19219
stats: connect 2113 1714.3749484145724 4674.578741403927 31619.734 0.269 1203.009153098039 19125
stats: request 1819 3019.2278004397986 5030.635613135843 70810.997 7.854 2978.152810343833 17363
stats: 200 1819 19182
stats: page 1819 3019.2278004397986 5030.635613135843 70810.997 7.854 2978.152810343833 17363
stats: size_rcv 464876 4903097
stats: size_sent 131006 1316756
stats: connected 294 2056
stats: error_connect_timeout 317 1311
# stats: dump at 1516811047
stats: users 5534 5552
stats: {freemem,"tsung_controller@jarvis"} 1 3853.76171875 0.0 4011.37890625 3853.76171875 3946.4644886363635 11
stats: {load,"tsung_controller@jarvis"} 1 0.109375 0.0 0.12890625 0.0 0.02521306818181818 11
stats: {cpu,"tsung_controller@jarvis"} 1 6.70147954743255 0.0 44.97705295016511 0.6609049313675649 6.300665205318521 11
stats: session 1881 14682.58943593833 25757.297497061132 115584.186 22.053 6017.60486898382 19219
stats: users_count 2375 26634
stats: finish_users_count 1881 21100
stats: request 1849 3741.5135202812344 8745.721422591852 110579.943 7.854 2982.047889427587 19182
stats: page 1849 3741.5135202812344 8745.721422591852 110579.943 7.854 2982.047889427587 19182
stats: connect 2109 1546.7494025604537 4128.110700377551 31622.075 0.269 1253.88569163763 21238
stats: 200 1841 21023
stats: size_rcv 470586 5373683
stats: size_sent 130758 1447514
stats: connected 260 2316
stats: error_connect_timeout 373 1684
# stats: dump at 1516811057
stats: users 6000 6016
stats: {freemem,"tsung_controller@jarvis"} 1 3837.0390625 0.0 4011.37890625 3837.0390625 3938.7392578125 12
stats: {load,"tsung_controller@jarvis"} 1 0.171875 0.0 0.171875 0.0 0.0322265625 12
stats: {cpu,"tsung_controller@jarvis"} 1 5.477545857052498 0.0 44.97705295016511 0.6609049313675649 6.334066400494691 12
stats: session 1914 14576.38616718916 26292.301445525198 126253.627 22.053 6790.061550047395 21100
stats: users_count 2380 29014
stats: finish_users_count 1914 23014
stats: request 1926 8460.975121495327 24600.62524328761 123229.919 7.854 3048.8184638866423 21031
stats: connect 2095 1192.9083565632461 3645.976096457555 31622.075 0.269 1280.3408921488835 23347
stats: page 1926 8460.975121495327 24600.62524328761 123229.919 7.854 3048.8184638866423 21031
stats: 200 1826 22849
stats: size_rcv 466861 5840544
stats: size_sent 129890 1577404
stats: connected 169 2485
stats: error_connect_timeout 481 2165
# stats: dump at 1516811067
stats: users 6354 6366
stats: {freemem,"tsung_controller@jarvis"} 1 3831.69140625 0.0 4011.37890625 3831.69140625 3930.9161658653848 13
stats: {load,"tsung_controller@jarvis"} 1 0.2109375 0.0 0.2109375 0.0 0.04296875 13
stats: {cpu,"tsung_controller@jarvis"} 1 5.554850982878884 0.0 44.97705295016511 0.6609049313675649 6.268180204845292 13
stats: session 1962 21233.14069062183 33461.52656222687 126826.644 22.053 7437.625003476148 23014
stats: users_count 2316 31330
stats: finish_users_count 1962 24976
stats: request 1983 10732.533963691389 28104.478743834734 123229.919 7.854 3502.876647558478 22957
stats: page 1983 10732.533963691389 28104.478743834734 123229.919 7.854 3502.876647558478 22957
stats: 200 1858 24707
stats: connect 1979 983.4600934815562 2707.654750882044 31622.075 0.269 1273.1413338574005 25442
stats: size_rcv 474969 6315513
stats: size_sent 122698 1700102
stats: connected -4 2481
stats: error_connect_timeout 571 2736
# stats: dump at 1516811077
stats: users 6722 6723
stats: {freemem,"tsung_controller@jarvis"} 1 3800.8984375 0.0 4011.37890625 3800.8984375 3923.828683035714 14
stats: {load,"tsung_controller@jarvis"} 1 0.25 0.0 0.25 0.0 0.054966517857142856 14
stats: {cpu,"tsung_controller@jarvis"} 1 6.331518298087882 0.0 44.97705295016511 0.6609049313675649 6.2172281175619775 14
stats: session 1924 19107.35094958418 32205.076186579292 131183.109 22.053 8521.337438541002 24976
stats: users_count 2292 33622
stats: finish_users_count 1924 26900
stats: request 1920 9876.792601562513 26742.44330018192 123229.919 7.854 4077.712672333601 24940
stats: connect 2149 1781.276983248023 4534.591948918004 31622.075 0.268 1252.2347595273689 27421
stats: page 1920 9876.792601562513 26742.44330018192 123229.919 7.854 4077.712672333601 24940
stats: 200 1803 26510
stats: size_rcv 460778 6776291
stats: size_sent 133238 1833340
stats: connected 229 2710
stats: error_connect_timeout 468 3204
# stats: dump at 1516811087
stats: users 7018 7019
stats: {freemem,"tsung_controller@jarvis"} 1 3772.3125 0.0 4011.37890625 3772.3125 3915.633333333333 15
stats: {load,"tsung_controller@jarvis"} 1 0.37890625 0.0 0.37890625 0.0 0.06796875 15
stats: {cpu,"tsung_controller@jarvis"} 1 8.139828369510347 0.0 44.97705295016511 0.6609049313675649 6.224847462930371 15
stats: session 1993 22479.982627696936 36326.90063018167 151362.456 22.053 9278.493200446099 26900
stats: users_count 2289 35911
stats: finish_users_count 1993 28893
stats: connect 2128 1400.6665789473684 3355.6029368798017 31622.075 0.268 1290.6829076090628 29570
stats: request 2006 13153.690290129585 32255.129307792246 139602.549 7.854 4492.241096165302 26860
stats: 200 1832 28342
stats: page 2006 13153.690290129585 32255.129307792246 139602.549 7.854 4492.241096165302 26860
stats: size_rcv 468297 7244588
stats: size_sent 131936 1965276
stats: connected 122 2832
stats: error_connect_timeout 549 3753
# stats: dump at 1516811097
stats: users 7330 7330
stats: {freemem,"tsung_controller@jarvis"} 1 3772.05859375 0.0 4011.37890625 3772.05859375 3906.67578125 16
stats: {load,"tsung_controller@jarvis"} 1 0.62890625 0.0 0.62890625 0.0 0.08740234375 16
stats: {cpu,"tsung_controller@jarvis"} 1 7.092018301982715 0.0 44.97705295016511 0.6609049313675649 6.344533769591619 16
stats: session 1927 22499.929511676142 34659.22520989519 162351.357 22.053 10189.114057695637 28893
stats: users_count 2239 38150
stats: finish_users_count 1927 30820
stats: request 1919 8834.116671182912 24960.697643010797 139602.549 7.854 5094.155704461996 28866
stats: connect 2108 1320.9433439278932 4764.282359570054 31622.075 0.268 1298.0665044482296 31698
stats: page 1919 8834.116671182912 24960.697643010797 139602.549 7.854 5094.155704461996 28866
stats: 200 1819 30161
stats: size_rcv 465048 7709636
stats: size_sent 130696 2095972
stats: connected 189 3021
stats: error_connect_timeout 687 4440
# stats: dump at 1516811107
stats: users 7703 7703
stats: {freemem,"tsung_controller@jarvis"} 1 3747.0625 0.0 4011.37890625 3747.0625 3898.757123161765 17
stats: {load,"tsung_controller@jarvis"} 1 0.6796875 0.0 0.6796875 0.0 0.11925551470588236 17
stats: {cpu,"tsung_controller@jarvis"} 1 7.890743550834597 0.0 44.97705295016511 0.6609049313675649 6.388503447967566 17
stats: session 1865 19691.820906702396 30575.412716721483 162351.357 22.053 10958.83960538611 30820
stats: users_count 2238 40388
stats: finish_users_count 1865 32685
stats: page 1895 5606.745146701863 17359.12494880871 139602.549 7.854 5327.288239629689 30785
stats: request 1895 5606.745146701863 17359.12494880871 139602.549 7.854 5327.288239629689 30785
stats: connect 2111 1106.1716300331598 3604.897797931644 31623.343 0.268 1299.4930079571668 33806
stats: 200 1850 32011
stats: size_rcv 472883 8182519
stats: size_sent 130882 2226854
stats: connected 216 3237
stats: error_connect_timeout 748 5188
# stats: dump at 1516811117
stats: users 6016 7722
stats: {freemem,"tsung_controller@jarvis"} 1 3757.66796875 0.0 4011.37890625 3747.0625 3890.329644097222 18
stats: {load,"tsung_controller@jarvis"} 1 0.578125 0.0 0.6796875 0.0 0.150390625 18
stats: {cpu,"tsung_controller@jarvis"} 1 7.913940613990941 0.0 44.97705295016511 0.6609049313675649 6.471961231460179 18
stats: session 1916 37653.964045929075 37164.27518589258 168069.496 22.053 11457.141888603333 32685
stats: users_count 229 40617
stats: finish_users_count 1916 34601
stats: page 1910 9814.290315706816 21624.415840976788 139602.549 7.854 5343.492977662179 32680
stats: request 1910 9814.290315706816 21624.415840976788 139602.549 7.854 5343.492977662179 32680
stats: connect 1653 4840.69260677556 8285.606931122717 31623.343 0.268 1288.1306606342393 35917
stats: 200 1838 33849
stats: size_rcv 469905 8652424
stats: size_sent 102486 2329340
stats: connected -257 2980
stats: error_connect_timeout 783 5971
# stats: dump at 1516811127
stats: users 3943 7722
stats: {freemem,"tsung_controller@jarvis"} 1 3808.1171875 0.0 4011.37890625 3747.0625 3883.3474506578946 19
stats: {load,"tsung_controller@jarvis"} 1 0.48828125 0.0 0.6796875 0.0 0.1729029605263158 19
stats: {cpu,"tsung_controller@jarvis"} 1 0.8738601823708206 0.0 44.97705295016511 0.6609049313675649 6.547854883172325 19
stats: session 2073 60261.5291982634 35387.70629710384 189155.586 22.053 12907.76791829716 34601
stats: users_count 0 40617
stats: finish_users_count 2073 36674
stats: page 2065 29467.97814382569 33055.496652216614 139602.549 7.854 5590.362677450132 34590
stats: request 2065 29467.97814382569 33055.496652216614 139602.549 7.854 5590.362677450132 34590
stats: connect 1503 14704.713522288748 14197.947488382786 31624.236 0.268 1444.4358215863713 37570
stats: 200 1838 35687
stats: size_rcv 470140 9122564
stats: size_sent 93186 2422526
stats: connected -562 2418
stats: error_connect_timeout 656 6627
# stats: dump at 1516811137
stats: users 2048 7722
stats: {freemem,"tsung_controller@jarvis"} 1 3810.16796875 0.0 4011.37890625 3747.0625 3879.5859375 20
stats: {load,"tsung_controller@jarvis"} 1 0.41015625 0.0 0.6796875 0.0 0.188671875 20
stats: {cpu,"tsung_controller@jarvis"} 1 0.8993033565547814 0.0 44.97705295016511 0.6609049313675649 6.264155148132249 20
stats: session 1895 65107.67195725589 32559.304986811934 201030.758 22.053 15584.442050744397 36674
stats: users_count 0 40617
stats: finish_users_count 1895 38569
stats: connect 1249 14732.453481184955 15707.684977956673 31624.236 0.268 1954.5117662068428 39073
stats: request 1854 30514.99199514562 31548.581867017307 139602.549 6.224 6935.53457591052 36655
stats: page 1854 30514.99199514562 31548.581867017307 139602.549 6.224 6935.53457591052 36655
stats: 200 1693 37380
stats: size_rcv 433139 9555703
stats: size_sent 77438 2499964
stats: connected -605 1813
stats: error_connect_timeout 671 7298
stats: error_abort_max_conn_retries 3 3
# stats: dump at 1516811147
stats: users 1133 7722
stats: {freemem,"tsung_controller@jarvis"} 1 3815.0546875 0.0 4011.37890625 3747.0625 3876.280319940476 21
stats: {load,"tsung_controller@jarvis"} 1 0.3515625 0.0 0.6796875 0.0 0.19921875 21
stats: {cpu,"tsung_controller@jarvis"} 1 0.6839772007599746 0.0 44.97705295016511 0.6609049313675649 6.008686015199989 21
stats: session 915 81552.13583060105 35533.05743836152 210906.919 22.053 18017.653196297546 38569
stats: users_count 0 40617
stats: finish_users_count 915 39484
stats: request 972 55029.97610185189 45261.637503443686 139602.549 6.224 8070.7578757952715 38509
stats: connect 267 3535.3716217228484 9935.541767236411 31624.236 0.268 2350.3167660086297 40322
stats: page 972 55029.97610185189 45261.637503443686 139602.549 6.224 8070.7578757952715 38509
stats: 200 688 38068
stats: size_rcv 176097 9731800
stats: size_sent 16554 2516518
stats: connected -705 1108
stats: error_connect_timeout 231 7529
stats: error_abort_max_conn_retries 0 3
# stats: dump at 1516811157
stats: users 754 7722
stats: {freemem,"tsung_controller@jarvis"} 1 3821.73828125 0.0 4011.37890625 3747.0625 3873.4973366477275 22
stats: {load,"tsung_controller@jarvis"} 1 0.2890625 0.0 0.6796875 0.0 0.2061434659090909 22
stats: {cpu,"tsung_controller@jarvis"} 1 0.4258517034068136 0.0 44.97705295016511 0.4258517034068136 5.7666537963618065 22
stats: session 379 115148.49124010553 33699.03737223678 223940.945 22.053 19489.997731055617 39484
stats: users_count 0 40617
stats: finish_users_count 379 39863
stats: connect 25 0.5014400000000001 0.12572862203969307 31624.236 0.268 2358.112219123407 40589
stats: page 379 100937.27153825859 36441.596134292035 220412.124 6.224 9226.867399761913 39481
stats: request 379 100937.27153825859 36441.596134292035 220412.124 6.224 9226.867399761913 39481
stats: 200 77 38145
stats: size_rcv 19729 9751529
stats: size_sent 1550 2518068
stats: connected -354 754
stats: error_connect_timeout 25 7554
stats: error_abort_max_conn_retries 0 3
# stats: dump at 1516811167
stats: users 524 7722
stats: {freemem,"tsung_controller@jarvis"} 1 3828.30859375 0.0 4011.37890625 3747.0625 3871.2469429347825 23
stats: {load,"tsung_controller@jarvis"} 1 0.25 0.0 0.6796875 0.0 0.20974864130434784 23
stats: {cpu,"tsung_controller@jarvis"} 1 0.3874031492126968 0.0 44.97705295016511 0.3874031492126968 5.53444500971159 23
stats: session 230 130769.73194347841 36497.9175115819 225413.965 22.053 20399.476923287257 39863
stats: users_count 0 40617
stats: finish_users_count 230 40093
stats: request 230 121795.64034782608 33087.427894316665 221761.279 6.224 10098.875507350731 39860
stats: 200 128 38273
stats: page 230 121795.64034782608 33087.427894316665 221761.279 6.224 10098.875507350731 39860
stats: connect 0 0 0 31624.236 0.268 2356.660988772344 40614
stats: size_rcv 32773 9784302
stats: size_sent 0 2518068
stats: connected -230 524
stats: error_connect_timeout 0 7554
stats: error_abort_max_conn_retries 0 3
# stats: dump at 1516811177
stats: users 371 7722
stats: {freemem,"tsung_controller@jarvis"} 1 3836.00390625 0.0 4011.37890625 3747.0625 3869.4578450520835 24
stats: {load,"tsung_controller@jarvis"} 1 0.2109375 0.0 0.6796875 0.0 0.21142578125 24
stats: {cpu,"tsung_controller@jarvis"} 1 0.21255313828457112 0.0 44.97705295016511 0.21255313828457112 5.319984932190803 24
stats: session 153 125286.60979738567 26234.247170872874 225413.965 22.053 21032.633799915195 40093
stats: users_count 0 40617
stats: finish_users_count 153 40246
stats: connect 0 0 0 31624.236 0.268 2356.660988772344 40614
stats: page 153 110537.26303267975 4267.341408538624 221761.279 6.224 10739.690072412075 40090
stats: request 153 110537.26303267975 4267.341408538624 221761.279 6.224 10739.690072412075 40090
stats: 200 87 38360
stats: size_rcv 22284 9806586
stats: size_sent 0 2518068
stats: connected -153 371
stats: error_connect_timeout 0 7554
stats: error_abort_max_conn_retries 0 3
# stats: dump at 1516811187
stats: users 214 7722
stats: {freemem,"tsung_controller@jarvis"} 1 3848.15234375 0.0 4011.37890625 3747.0625 3868.1196875 25
stats: {load,"tsung_controller@jarvis"} 1 0.1796875 0.0 0.6796875 0.0 0.21140625 25
stats: {cpu,"tsung_controller@jarvis"} 1 0.23744063984004 0.0 44.97705295016511 0.21255313828457112 5.115687660434554 25
stats: session 157 128669.40052229301 24467.06864751008 225413.965 22.053 21428.96780398052 40246
stats: users_count 0 40617
stats: finish_users_count 157 40403
stats: connect 0 0 0 31624.236 0.268 2356.660988772344 40614
stats: request 157 116608.60264331207 8767.225736540711 221761.279 6.224 11119.110808016303 40243
stats: page 157 116608.60264331207 8767.225736540711 221761.279 6.224 11119.110808016303 40243
stats: 200 0 38360
stats: size_rcv 0 9806586
stats: size_sent 0 2518068
stats: connected -157 214
stats: error_connect_timeout 0 7554
stats: error_abort_max_conn_retries 0 3
# stats: dump at 1516811197
stats: users 214 7722
stats: {freemem,"tsung_controller@jarvis"} 1 3878.81640625 0.0 4011.37890625 3747.0625 3867.3517127403848 26
stats: {load,"tsung_controller@jarvis"} 1 0.1484375 0.0 0.6796875 0.0 0.21018629807692307 26
stats: {cpu,"tsung_controller@jarvis"} 1 0.32459425717852686 0.0 44.97705295016511 0.21255313828457112 4.9280627750270725 26
stats: session 0 0 0 225413.965 22.053 21845.68804596193 40403
stats: users_count 0 40617
stats: finish_users_count 0 40403
stats: page 0 0 0 221761.279 6.224 11529.057595594062 40400
stats: request 0 0 0 221761.279 6.224 11529.057595594062 40400
stats: 200 0 38360
stats: connect 0 0 0 31624.236 0.268 2356.660988772344 40614
stats: size_rcv 0 9806586
stats: size_sent 0 2518068
stats: connected 0 214
stats: error_connect_timeout 0 7554
stats: error_abort_max_conn_retries 0 3
# stats: dump at 1516811207
stats: users 214 7722
stats: {freemem,"tsung_controller@jarvis"} 1 3879.2890625 0.0 4011.37890625 3747.0625 3867.7763310185187 27
stats: {load,"tsung_controller@jarvis"} 1 0.12890625 0.0 0.6796875 0.0 0.20789930555555555 27
stats: {cpu,"tsung_controller@jarvis"} 1 0.074897016602172 0.0 44.97705295016511 0.074897016602172 4.757563941032681 27
stats: session 0 0 0 225413.965 22.053 21845.68804596193 40403
stats: users_count 0 40617
stats: finish_users_count 0 40403
stats: request 0 0 0 221761.279 6.224 11529.057595594062 40400
stats: page 0 0 0 221761.279 6.224 11529.057595594062 40400
stats: 200 0 38360
stats: connect 0 0 0 31624.236 0.268 2356.660988772344 40614
stats: size_rcv 0 9806586
stats: size_sent 0 2518068
stats: connected 0 214
stats: error_connect_timeout 0 7554
stats: error_abort_max_conn_retries 0 3
# stats: dump at 1516811217
stats: users 45 7722
stats: {freemem,"tsung_controller@jarvis"} 1 3879.64453125 0.0 4011.37890625 3747.0625 3868.1875 28
stats: {load,"tsung_controller@jarvis"} 1 0.109375 0.0 0.6796875 0.0 0.205078125 28
stats: {cpu,"tsung_controller@jarvis"} 1 0.11234552490325801 0.0 44.97705295016511 0.074897016602172 4.590325836588734 28
stats: session 169 227474.9150769231 18431.88455413103 272699.427 22.053 21845.68804596193 40403
stats: users_count 0 40617
stats: finish_users_count 169 40572
stats: connect 0 0 0 31624.236 0.268 2356.660988772344 40614
stats: page 144 219205.32265277777 8099.921226678283 245718.028 6.224 11529.057595594062 40400
stats: request 144 219205.32265277777 8099.921226678283 245718.028 6.224 11529.057595594062 40400
stats: 200 0 38360
stats: size_rcv 0 9806586
stats: size_sent 0 2518068
stats: connected -144 70
stats: error_connect_timeout 0 7554
stats: error_abort_max_conn_retries 0 3
# stats: dump at 1516811223
stats: users 0 7722
stats: {freemem,"tsung_controller@jarvis"} 1 3887.0859375 0.0 4011.37890625 3747.0625 3868.5825700431033 29
stats: {load,"tsung_controller@jarvis"} 1 0.08984375 0.0 0.6796875 0.0 0.2017780172413793 29
stats: {cpu,"tsung_controller@jarvis"} 1 0.14996250937265682 0.0 44.97705295016511 0.074897016602172 4.4359127223926835 29
stats: session 45 226500.44855555551 16168.306732355744 280017.069 22.053 22702.223079192547 40572
stats: users_count 0 40617
stats: finish_users_count 45 40617
stats: request 70 220560.55087142857 8827.26464541056 245790.265 6.224 12266.660746941598 40544
stats: 200 0 38360
stats: page 70 220560.55087142857 8827.26464541056 245790.265 6.224 12266.660746941598 40544
stats: connect 0 0 0 31624.236 0.268 2356.660988772344 40614
stats: size_rcv 0 9806586
stats: size_sent 0 2518068
stats: connected -70 0
stats: error_connect_timeout 0 7554
stats: error_abort_max_conn_retries 0 3
EndMonitor:{1516,811223,863893}
