# stats: dump at 1517249993
stats: users 50 50
stats: {freemem,"tsung_controller@jarvis"} 1 3117.765625 0 3117.765625 3117.765625 0 0
stats: {load,"tsung_controller@jarvis"} 1 0.109375 0 0.109375 0.109375 0 0
stats: {cpu,"tsung_controller@jarvis"} 1 1.888820398583435 0 1.888820398583435 1.888820398583435 0 0
stats: users_count 50 50
stats: finish_users_count 0 0
stats: request 151 871.401748344371 663.5917946799419 2039.417 50.973 0 0
stats: connect 51 1.3980980392156868 2.9601527931875014 16.106 0.536 0 0
stats: page 151 871.401748344371 663.5917946799419 2039.417 50.973 0 0
stats: tr_loopTransaction 151 871.5900860927151 663.5771399385644 2039.62 51.177 0 0
stats: 200 151 151
stats: size_rcv 38597 38597
stats: size_sent 26208 26208
stats: connected 45 45
# stats: dump at 1517250003
stats: users 50 50
stats: {freemem,"tsung_controller@jarvis"} 1 3124.4765625 0.0 3124.4765625 3117.765625 3117.765625 1
stats: {load,"tsung_controller@jarvis"} 1 0.08984375 0.0 0.109375 0.08984375 0.109375 1
stats: {cpu,"tsung_controller@jarvis"} 1 0.9741476208317721 0.0 1.888820398583435 0.9741476208317721 1.888820398583435 1
stats: users_count 0 50
stats: finish_users_count 0 0
stats: request 188 493.79007446808527 321.85060961632286 2039.417 50.973 871.401748344371 151
stats: connect 23 0.862695652173913 0.11447704717069919 16.106 0.536 1.3980980392156868 51
stats: page 188 493.79007446808527 321.85060961632286 2039.417 50.973 871.401748344371 151
stats: tr_loopTransaction 188 493.9647180851063 321.8504014509184 2039.62 51.131 871.5900860927151 151
stats: 200 188 339
stats: size_rcv 48098 86695
stats: size_sent 30264 56472
stats: connected 3 48
# stats: dump at 1517250013
stats: users 50 50
stats: {freemem,"tsung_controller@jarvis"} 1 3121.52734375 0.0 3124.4765625 3117.765625 3121.12109375 2
stats: {load,"tsung_controller@jarvis"} 1 0.078125 0.0 0.109375 0.078125 0.099609375 2
stats: {cpu,"tsung_controller@jarvis"} 1 0.900562851782364 0.0 1.888820398583435 0.900562851782364 1.4314840097076036 2
stats: users_count 0 50
stats: finish_users_count 0 0
stats: request 204 499.1027107843133 262.85744742454733 2039.417 50.886 661.988784660767 339
stats: connect 12 0.872 0.09903787154417243 16.106 0.536 1.2316891891891895 74
stats: page 204 499.1027107843133 262.85744742454733 2039.417 50.886 661.988784660767 339
stats: tr_loopTransaction 204 499.27076470588264 262.86002323795896 2039.62 51.017 662.1695280235988 339
stats: 200 204 543
stats: size_rcv 52210 138905
stats: size_sent 28392 84864
stats: connected -3 45
# stats: dump at 1517250023
stats: users 50 50
stats: {freemem,"tsung_controller@jarvis"} 1 3121.41796875 0.0 3124.4765625 3117.765625 3121.2565104166665 3
stats: {load,"tsung_controller@jarvis"} 1 0.0703125 0.0 0.109375 0.0703125 0.09244791666666667 3
stats: {cpu,"tsung_controller@jarvis"} 1 0.65 0.0 1.888820398583435 0.65 1.2545102903991905 3
stats: users_count 0 50
stats: finish_users_count 0 0
stats: request 183 574.305721311475 249.54678751819102 2039.417 50.886 600.7940165745855 543
stats: connect 24 0.7785416666666668 0.12086803381052502 16.106 0.511 1.1815000000000002 86
stats: page 183 574.305721311475 249.54678751819102 2039.417 50.886 600.7940165745855 543
stats: tr_loopTransaction 183 574.4645409836066 249.5510605513269 2039.62 51.017 600.9699926335176 543
stats: 200 183 726
stats: size_rcv 46847 185752
stats: size_sent 30576 115440
stats: connected 2 47
# stats: dump at 1517250033
stats: users 50 50
stats: {freemem,"tsung_controller@jarvis"} 1 3119.453125 0.0 3124.4765625 3117.765625 3121.296875 4
stats: {load,"tsung_controller@jarvis"} 1 0.05859375 0.0 0.109375 0.05859375 0.0869140625 4
stats: {cpu,"tsung_controller@jarvis"} 1 0.6500812601575197 0.0 1.888820398583435 0.65 1.103382717799393 4
stats: users_count 0 50
stats: finish_users_count 0 0
stats: request 194 557.4235154639176 257.3410437718391 2039.417 50.886 594.1172148760329 726
stats: connect 16 0.8610624999999998 0.09061144295148381 16.106 0.511 1.0935818181818184 110
stats: page 194 557.4235154639176 257.3410437718391 2039.417 50.886 594.1172148760329 726
stats: tr_loopTransaction 194 557.5917989690719 257.3466862630505 2039.62 51.017 594.2888663911847 726
stats: 200 194 920
stats: size_rcv 49658 235410
stats: size_sent 30732 146172
stats: connected 1 48
# stats: dump at 1517250043
stats: users 50 50
stats: {freemem,"tsung_controller@jarvis"} 1 3118.7421875 0.0 3124.4765625 3117.765625 3120.928125 5
stats: {load,"tsung_controller@jarvis"} 1 0.05078125 0.0 0.109375 0.05078125 0.08125 5
stats: {cpu,"tsung_controller@jarvis"} 1 0.8992131884600975 0.0 1.888820398583435 0.65 1.0127224262710182 5
stats: users_count 0 50
stats: finish_users_count 0 0
stats: request 199 615.1390804020097 257.8404335002006 2039.417 50.886 586.3796304347825 920
stats: connect 11 0.8724545454545454 0.0568608567011911 16.106 0.511 1.0640555555555558 126
stats: page 199 615.1390804020097 257.8404335002006 2039.417 50.886 586.3796304347825 920
stats: tr_loopTransaction 199 615.3149698492459 257.8405472803847 2039.62 51.017 586.5505717391305 920
stats: 200 199 1119
stats: size_rcv 50924 286334
stats: size_sent 29484 175656
stats: connected -3 45
# stats: dump at 1517250053
stats: users 50 50
stats: {freemem,"tsung_controller@jarvis"} 1 3117.90234375 0.0 3124.4765625 3117.765625 3120.5638020833335 6
stats: {load,"tsung_controller@jarvis"} 1 0.0390625 0.0 0.109375 0.0390625 0.076171875 6
stats: {cpu,"tsung_controller@jarvis"} 1 0.7501875468867216 0.0 1.888820398583435 0.65 0.9938042199691982 6
stats: users_count 0 50
stats: finish_users_count 0 0
stats: request 190 432.4992210526316 284.392243066552 2039.417 50.886 591.4941349419122 1119
stats: connect 18 0.8496666666666665 0.10562933094342476 16.106 0.511 1.0486715328467155 137
stats: page 190 432.4992210526316 284.392243066552 2039.417 50.886 591.4941349419122 1119
stats: tr_loopTransaction 190 432.6553736842106 284.3967663544835 2039.62 51.017 591.6659562109027 1119
stats: 200 190 1309
stats: size_rcv 48622 334956
stats: size_sent 29796 205452
stats: connected 2 47
# stats: dump at 1517250063
stats: users 50 50
stats: {freemem,"tsung_controller@jarvis"} 1 3117.390625 0.0 3124.4765625 3117.390625 3120.18359375 7
stats: {load,"tsung_controller@jarvis"} 1 0.03125 0.0 0.109375 0.03125 0.07087053571428571 7
stats: {cpu,"tsung_controller@jarvis"} 1 0.6626656664166042 0.0 1.888820398583435 0.65 0.9590018381002731 7
stats: users_count 0 50
stats: finish_users_count 0 0
stats: request 196 665.7393418367349 249.42604814105883 2039.417 50.886 568.4161871657752 1309
stats: connect 11 0.8168181818181818 0.07511786881212774 16.106 0.511 1.025561290322581 155
stats: page 196 665.7393418367349 249.42604814105883 2039.417 50.886 568.4161871657752 1309
stats: tr_loopTransaction 196 665.8930867346943 249.42521965848044 2039.62 51.017 568.5857341482048 1309
stats: 200 196 1505
stats: size_rcv 50149 385105
stats: size_sent 30732 236184
stats: connected -1 46
# stats: dump at 1517250073
stats: users 50 50
stats: {freemem,"tsung_controller@jarvis"} 1 3115.9453125 0.0 3124.4765625 3115.9453125 3119.83447265625 8
stats: {load,"tsung_controller@jarvis"} 1 0.03125 0.0 0.109375 0.03125 0.06591796875 8
stats: {cpu,"tsung_controller@jarvis"} 1 0.8128048018006753 0.0 1.888820398583435 0.65 0.9219598166398144 8
stats: users_count 0 50
stats: finish_users_count 0 0
stats: request 185 518.1175351351354 216.0613099862468 2039.417 50.886 581.0908305647839 1505
stats: connect 15 0.7992666666666667 0.15747569830153332 16.106 0.458 1.011728915662651 166
stats: page 185 518.1175351351354 216.0613099862468 2039.417 50.886 581.0908305647839 1505
stats: tr_loopTransaction 185 518.2909945945945 216.05574788247137 2039.62 51.017 581.2583196013289 1505
stats: 200 185 1690
stats: size_rcv 47350 432455
stats: size_sent 30888 267072
stats: connected 1 47
# stats: dump at 1517250083
stats: users 50 50
stats: {freemem,"tsung_controller@jarvis"} 1 3115.63671875 0.0 3124.4765625 3115.63671875 3119.40234375 9
stats: {load,"tsung_controller@jarvis"} 1 0.01953125 0.0 0.109375 0.01953125 0.062065972222222224 9
stats: {cpu,"tsung_controller@jarvis"} 1 0.7254534083802376 0.0 1.888820398583435 0.65 0.9098314816576879 9
stats: users_count 0 50
stats: finish_users_count 0 0
stats: request 205 629.2778634146338 268.49653008838555 2039.417 50.886 574.1973041420118 1690
stats: connect 20 0.7794500000000001 0.11386372337140568 16.106 0.458 0.9941215469613264 181
stats: page 205 629.2778634146338 268.49653008838555 2039.417 50.886 574.1973041420118 1690
stats: tr_loopTransaction 205 629.4241609756104 268.50639122101927 2039.62 51.017 574.3654467455622 1690
stats: 200 205 1895
stats: size_rcv 52437 484892
stats: size_sent 30108 297180
stats: connected 3 50
# stats: dump at 1517250093
stats: users 50 50
stats: {freemem,"tsung_controller@jarvis"} 1 3115.48828125 0.0 3124.4765625 3115.48828125 3119.02578125 10
stats: {load,"tsung_controller@jarvis"} 1 0.01953125 0.0 0.109375 0.01953125 0.0578125 10
stats: {cpu,"tsung_controller@jarvis"} 1 0.6874140732408449 0.0 1.888820398583435 0.65 0.8913936743299429 10
stats: users_count 0 50
stats: finish_users_count 0 0
stats: request 201 424.97904975124396 181.35395034802337 2039.417 50.886 580.15588707124 1895
stats: connect 19 0.7205789473684212 0.1442385873582465 16.106 0.458 0.9727611940298511 201
stats: page 201 424.97904975124396 181.35395034802337 2039.417 50.886 580.15588707124 1895
stats: tr_loopTransaction 201 425.11596517412937 181.3493300402116 2039.62 51.017 580.3216664907653 1895
stats: 200 201 2096
stats: size_rcv 51433 536325
stats: size_sent 30264 327444
stats: connected -4 46
# stats: dump at 1517250103
stats: users 50 50
stats: {freemem,"tsung_controller@jarvis"} 1 3107.953125 0.0 3124.4765625 3107.953125 3118.704190340909 11
stats: {load,"tsung_controller@jarvis"} 1 0.01953125 0.0 0.109375 0.01953125 0.05433238636363636 11
stats: {cpu,"tsung_controller@jarvis"} 1 0.8758758758758759 0.0 1.888820398583435 0.65 0.872850074230934 11
stats: users_count 0 50
stats: finish_users_count 0 0
stats: request 189 522.1094761904762 250.07580095333194 2039.417 50.886 565.2749021946565 2096
stats: connect 19 0.8096842105263158 0.14135660490650065 16.106 0.458 0.9509818181818185 220
stats: page 189 522.1094761904762 250.07580095333194 2039.417 50.886 565.2749021946565 2096
stats: tr_loopTransaction 189 522.2880687830689 250.08196860498455 2039.62 51.017 565.4379136450382 2096
stats: 200 189 2285
stats: size_rcv 48377 584702
stats: size_sent 29328 356772
stats: connected -2 44
# stats: dump at 1517250104
stats: users 50 50
stats: {freemem,"tsung_controller@jarvis"} 0 0 0 3124.4765625 3107.953125 3117.8082682291665 12
stats: {load,"tsung_controller@jarvis"} 0 0 0 0.109375 0.01953125 0.051432291666666664 12
stats: {cpu,"tsung_controller@jarvis"} 0 0 0 1.888820398583435 0.65 0.8731022243680124 12
stats: users_count 0 50
stats: finish_users_count 0 0
stats: request 18 204.17499999999995 92.89088314432873 2039.417 50.886 561.7045452954048 2285
stats: connect 1 0.916 0.0 16.106 0.458 0.9397489539748958 239
stats: page 18 204.17499999999995 92.89088314432873 2039.417 50.886 561.7045452954048 2285
stats: tr_loopTransaction 18 204.36427777777777 92.88932075971177 2039.62 51.017 561.8688455142233 2285
stats: 200 18 2303
stats: size_rcv 4610 589312
stats: size_sent 2496 359268
stats: connected 0 44
stats: error_abort 1 1
EndMonitor:{1517,250104,684039}
