# stats: dump at 1517250833
stats: users 15 15
stats: {freemem,"tsung_controller@jarvis"} 1 3096.234375 0 3096.234375 3096.234375 0 0
stats: {load,"tsung_controller@jarvis"} 1 0.390625 0 0.390625 0.390625 0 0
stats: {cpu,"tsung_controller@jarvis"} 1 1.888140622350102 0 1.888140622350102 1.888140622350102 0 0
stats: users_count 15 15
stats: finish_users_count 0 0
stats: request 51 592.0394901960788 1002.9033707624488 3201.944 50.952 0 0
stats: connect 15 1.5938 3.2845528807840294 13.875 0.511 0 0
stats: page 51 592.0394901960788 1002.9033707624488 3201.944 50.952 0 0
stats: tr_loopTransaction 51 592.2771764705881 1002.8686146048245 3202.131 51.125 0 0
stats: 200 51 51
stats: size_rcv 13088 13088
stats: size_sent 7956 7956
stats: connected 13 13
# stats: dump at 1517250843
stats: users 15 15
stats: {freemem,"tsung_controller@jarvis"} 1 3093.20703125 0.0 3096.234375 3093.20703125 3096.234375 1
stats: {load,"tsung_controller@jarvis"} 1 0.41015625 0.0 0.41015625 0.390625 0.390625 1
stats: {cpu,"tsung_controller@jarvis"} 1 2.4454477050413845 0.0 2.4454477050413845 1.888140622350102 1.888140622350102 1
stats: users_count 0 15
stats: finish_users_count 0 0
stats: request 79 81.28930379746838 45.00341845731739 3201.944 50.887 592.0394901960788 51
stats: connect 8 0.750625 0.16648418656136688 13.875 0.511 1.5938 15
stats: page 79 81.28930379746838 45.00341845731739 3201.944 50.887 592.0394901960788 51
stats: tr_loopTransaction 79 81.46107594936709 44.996676489301294 3202.131 51.027 592.2771764705881 51
stats: 200 79 130
stats: size_rcv 20275 33363
stats: size_sent 12324 20280
stats: connected 2 15
# stats: dump at 1517250853
stats: users 15 15
stats: {freemem,"tsung_controller@jarvis"} 1 3067.8046875 0.0 3096.234375 3067.8046875 3094.720703125 2
stats: {load,"tsung_controller@jarvis"} 1 0.421875 0.0 0.421875 0.390625 0.400390625 2
stats: {cpu,"tsung_controller@jarvis"} 1 3.293675641828428 0.0 3.293675641828428 1.888140622350102 2.1667941636957435 2
stats: users_count 0 15
stats: finish_users_count 0 0
stats: request 71 97.94415492957744 55.348381403779555 3201.944 50.887 281.66053076923095 130
stats: connect 7 0.787 0.13632104962707908 13.875 0.511 1.3005217391304347 23
stats: page 71 97.94415492957744 55.348381403779555 3201.944 50.887 281.66053076923095 130
stats: tr_loopTransaction 71 98.11881690140847 55.34315082152261 3202.131 51.019 281.8581615384615 130
stats: 200 71 201
stats: size_rcv 18212 51575
stats: size_sent 11076 31356
stats: connected -2 13
# stats: dump at 1517250863
stats: users 15 15
stats: {freemem,"tsung_controller@jarvis"} 1 3025.74609375 0.0 3096.234375 3025.74609375 3085.7486979166665 3
stats: {load,"tsung_controller@jarvis"} 1 0.3515625 0.0 0.421875 0.3515625 0.4075520833333333 3
stats: {cpu,"tsung_controller@jarvis"} 1 5.4336989032901295 0.0 5.4336989032901295 1.888140622350102 2.542421323073305 3
stats: users_count 0 15
stats: finish_users_count 0 0
stats: request 74 77.92960810810813 41.27540449220418 3201.944 50.887 216.76569154228864 201
stats: connect 4 0.7755 0.17097733767958842 13.875 0.511 1.1807 30
stats: page 74 77.92960810810813 41.27540449220418 3201.944 50.887 216.76569154228864 201
stats: tr_loopTransaction 74 78.11179729729731 41.25928629853304 3202.131 51.019 216.95520895522387 201
stats: 200 74 275
stats: size_rcv 18996 70571
stats: size_sent 11544 42900
stats: connected 1 14
# stats: dump at 1517250873
stats: users 15 15
stats: {freemem,"tsung_controller@jarvis"} 1 3140.65625 0.0 3140.65625 3025.74609375 3070.748046875 4
stats: {load,"tsung_controller@jarvis"} 1 0.44921875 0.0 0.44921875 0.3515625 0.3935546875 4
stats: {cpu,"tsung_controller@jarvis"} 1 3.5696392785571143 0.0 5.4336989032901295 1.888140622350102 3.265240718127511 4
stats: users_count 0 15
stats: finish_users_count 0 0
stats: request 68 93.61132352941172 59.7033435361482 3201.944 50.887 179.40616363636371 275
stats: connect 6 0.7695000000000002 0.1283455621879204 13.875 0.511 1.1330294117647057 34
stats: page 68 93.61132352941172 59.7033435361482 3201.944 50.887 179.40616363636371 275
stats: tr_loopTransaction 68 93.79751470588238 59.69177741716503 3202.131 51.019 179.59370909090907 275
stats: 200 68 343
stats: size_rcv 17454 88025
stats: size_sent 10764 53664
stats: connected 0 14
# stats: dump at 1517250883
stats: users 15 15
stats: {freemem,"tsung_controller@jarvis"} 1 3128.99609375 0.0 3140.65625 3025.74609375 3084.7296875 5
stats: {load,"tsung_controller@jarvis"} 1 0.53125 0.0 0.53125 0.3515625 0.4046875 5
stats: {cpu,"tsung_controller@jarvis"} 1 4.092837534314949 0.0 5.4336989032901295 1.888140622350102 3.3261204302134315 5
stats: users_count 0 15
stats: finish_users_count 0 0
stats: request 63 63.9508253968254 20.470313162468077 3201.944 50.885 162.3972740524782 343
stats: connect 9 0.801888888888889 0.13234168272941943 13.875 0.511 1.0785 40
stats: page 63 63.9508253968254 20.470313162468077 3201.944 50.885 162.3972740524782 343
stats: tr_loopTransaction 63 64.12709523809522 20.45893532095744 3202.131 51.008 162.58455102040816 343
stats: 200 63 406
stats: size_rcv 16180 104205
stats: size_sent 9672 63336
stats: connected -1 13
# stats: dump at 1517250893
stats: users 15 15
stats: {freemem,"tsung_controller@jarvis"} 1 3131.625 0.0 3140.65625 3025.74609375 3092.107421875 6
stats: {load,"tsung_controller@jarvis"} 1 0.44921875 0.0 0.53125 0.3515625 0.42578125 6
stats: {cpu,"tsung_controller@jarvis"} 1 2.7926692432365043 0.0 5.4336989032901295 1.888140622350102 3.4539066142303514 6
stats: users_count 0 15
stats: finish_users_count 0 0
stats: request 78 90.56667948717947 52.82023517639408 3201.944 50.885 147.12110098522174 406
stats: connect 3 0.914 0.18632409040879996 13.875 0.511 1.0276938775510205 49
stats: page 78 90.56667948717947 52.82023517639408 3201.944 50.885 147.12110098522174 406
stats: tr_loopTransaction 78 90.74588461538461 52.80099658514148 3202.131 51.008 147.3066699507389 406
stats: 200 78 484
stats: size_rcv 20010 124215
stats: size_sent 12324 75660
stats: connected -1 12
# stats: dump at 1517250903
stats: users 15 15
stats: {freemem,"tsung_controller@jarvis"} 1 3133.5859375 0.0 3140.65625 3025.74609375 3097.7527901785716 7
stats: {load,"tsung_controller@jarvis"} 1 0.44921875 0.0 0.53125 0.3515625 0.4291294642857143 7
stats: {cpu,"tsung_controller@jarvis"} 1 2.1611492816989384 0.0 5.4336989032901295 1.888140622350102 3.3594441326598017 7
stats: users_count 0 15
stats: finish_users_count 0 0
stats: request 66 81.69306060606067 46.102411327154506 3201.944 50.885 138.00695867768601 484
stats: connect 7 0.7939999999999999 0.13460630424633585 13.875 0.511 1.0211346153846155 52
stats: page 66 81.69306060606067 46.102411327154506 3201.944 50.885 138.00695867768601 484
stats: tr_loopTransaction 66 81.86322727272727 46.10883667781785 3202.131 51.008 138.19150206611567 484
stats: 200 66 550
stats: size_rcv 16940 141155
stats: size_sent 10452 86112
stats: connected 1 13
# stats: dump at 1517250913
stats: users 15 15
stats: {freemem,"tsung_controller@jarvis"} 1 3119.1796875 0.0 3140.65625 3025.74609375 3102.23193359375 8
stats: {load,"tsung_controller@jarvis"} 1 0.37890625 0.0 0.53125 0.3515625 0.431640625 8
stats: {cpu,"tsung_controller@jarvis"} 1 5.196435295594327 0.0 5.4336989032901295 1.888140622350102 3.2096572762896938 8
stats: users_count 0 15
stats: finish_users_count 0 0
stats: request 76 79.22122368421053 35.65076981733195 3201.944 50.844 131.24929090909097 550
stats: connect 4 0.6457499999999999 0.06703870150890455 13.875 0.511 0.9941864406779661 59
stats: page 76 79.22122368421053 35.65076981733195 3201.944 50.844 131.24929090909097 550
stats: tr_loopTransaction 76 79.3630263157895 35.63813882403811 3202.131 50.973 131.43210909090908 550
stats: 200 76 626
stats: size_rcv 19503 160658
stats: size_sent 11700 97812
stats: connected 0 13
# stats: dump at 1517250923
stats: users 15 15
stats: {freemem,"tsung_controller@jarvis"} 1 3036.26953125 0.0 3140.65625 3025.74609375 3104.1150173611113 9
stats: {load,"tsung_controller@jarvis"} 1 0.46875 0.0 0.53125 0.3515625 0.42578125 9
stats: {cpu,"tsung_controller@jarvis"} 1 5.762711864406779 0.0 5.762711864406779 1.888140622350102 3.4304103895457643 9
stats: users_count 0 15
stats: finish_users_count 0 0
stats: request 78 91.45788461538466 56.64693360225219 3201.944 50.83 124.93278434504796 626
stats: connect 5 0.5857999999999999 0.07944155084085402 13.875 0.476 0.9720634920634921 63
stats: page 78 91.45788461538466 56.64693360225219 3201.944 50.83 124.93278434504796 626
stats: tr_loopTransaction 78 91.60749999999997 56.64847758285414 3202.131 50.906 125.11062300319486 626
stats: 200 78 704
stats: size_rcv 20022 180680
stats: size_sent 12324 110136
stats: connected -1 12
# stats: dump at 1517250933
stats: users 15 15
stats: {freemem,"tsung_controller@jarvis"} 1 3037.2890625 0.0 3140.65625 3025.74609375 3097.33046875 10
stats: {load,"tsung_controller@jarvis"} 1 0.48046875 0.0 0.53125 0.3515625 0.430078125 10
stats: {cpu,"tsung_controller@jarvis"} 1 5.750280653611076 0.0 5.762711864406779 1.888140622350102 3.6636405370318657 10
stats: users_count 0 15
stats: finish_users_count 0 0
stats: request 72 90.24699999999999 51.73123182775243 3201.944 50.83 121.22391761363639 704
stats: connect 9 0.6739999999999999 0.10833179486087077 13.875 0.476 0.9436617647058823 68
stats: page 72 90.24699999999999 51.73123182775243 3201.944 50.83 121.22391761363639 704
stats: tr_loopTransaction 72 90.40259722222225 51.72849965489142 3202.131 50.906 121.39862926136361 704
stats: 200 72 776
stats: size_rcv 18485 199165
stats: size_sent 11076 121212
stats: connected 3 15
# stats: dump at 1517250943
stats: users 15 15
stats: {freemem,"tsung_controller@jarvis"} 1 3082.8203125 0.0 3140.65625 3025.74609375 3091.872159090909 11
stats: {load,"tsung_controller@jarvis"} 1 0.55078125 0.0 0.55078125 0.3515625 0.4346590909090909 11
stats: {cpu,"tsung_controller@jarvis"} 1 5.993533946779408 0.0 5.993533946779408 1.888140622350102 3.8533350930845214 11
stats: users_count 0 15
stats: finish_users_count 0 0
stats: request 66 72.39824242424245 31.20625114390356 3201.944 50.815 118.34977061855673 776
stats: connect 4 1.02075 0.07629343025451142 13.875 0.476 0.9121428571428571 77
stats: page 66 72.39824242424245 31.20625114390356 3201.944 50.815 118.34977061855673 776
stats: tr_loopTransaction 66 72.56577272727272 31.20795934013661 3202.131 50.906 118.52270876288658 776
stats: 200 66 842
stats: size_rcv 16944 216109
stats: size_sent 10296 131508
stats: connected -3 12
# stats: dump at 1517250944
stats: users 15 15
stats: {freemem,"tsung_controller@jarvis"} 0 0 0 3140.65625 3025.74609375 3091.1178385416665 12
stats: {load,"tsung_controller@jarvis"} 0 0 0 0.55078125 0.3515625 0.4443359375 12
stats: {cpu,"tsung_controller@jarvis"} 0 0 0 5.993533946779408 1.888140622350102 4.031684997559095 12
stats: users_count 0 15
stats: finish_users_count 0 0
stats: request 10 112.138 48.133615239248336 3201.944 50.815 114.74786935866986 842
stats: connect 2 0.8400000000000001 0.07199999999999998 13.875 0.476 0.9175061728395062 81
stats: page 10 112.138 48.133615239248336 3201.944 50.815 114.74786935866986 842
stats: tr_loopTransaction 10 112.29299999999998 48.138226471277484 3202.131 50.906 114.9203836104513 842
stats: 200 10 852
stats: size_rcv 2564 218673
stats: size_sent 1560 133068
stats: connected 2 14
stats: error_abort 1 1
EndMonitor:{1517,250944,392011}
