# stats: dump at 1516793183
stats: users 144 148
stats: {freemem,"tsung_controller@jarvis"} 1 4033.6640625 0 4033.6640625 4033.6640625 0 0
stats: {load,"tsung_controller@jarvis"} 1 0.0 0 0.0 0.0 0 0
stats: {cpu,"tsung_controller@jarvis"} 1 45.410995681109355 0 45.410995681109355 45.410995681109355 0 0
stats: session 960 877.9148499999999 787.8081668437377 5652.312 15.062 0 0
stats: users_count 1104 1104
stats: finish_users_count 960 960
stats: connect 912 0.4685822368421049 0.14946496623569897 4.43 0.322 0 0
stats: request 910 35.4977912087911 24.029011469799322 121.149 7.76 0 0
stats: page 910 35.4977912087911 24.029011469799322 121.149 7.76 0 0
stats: 200 910 910
stats: size_rcv 233963 233963
stats: size_sent 56544 56544
stats: connected 2 2
# stats: dump at 1516793193
stats: users 150 168
stats: {freemem,"tsung_controller@jarvis"} 1 4032.1875 0.0 4033.6640625 4032.1875 4033.6640625 1
stats: {load,"tsung_controller@jarvis"} 1 0.0 0.0 0.0 0.0 0.0 1
stats: {cpu,"tsung_controller@jarvis"} 1 0.6186087615200101 0.0 45.410995681109355 0.6186087615200101 45.410995681109355 1
stats: session 1270 1087.6819614173253 1061.0776858529207 12597.523 15.062 877.9148499999999 960
stats: users_count 1276 2380
stats: finish_users_count 1270 2230
stats: request 1257 69.47118456642798 46.906284732732225 240.855 7.743 35.4977912087911 910
stats: connect 1281 0.4630921155347393 0.06122114818797722 4.43 0.318 0.4685822368421049 912
stats: page 1257 69.47118456642798 46.906284732732225 240.855 7.743 35.4977912087911 910
stats: 200 1257 2167
stats: size_rcv 322885 556848
stats: size_sent 79422 135966
stats: connected 24 26
# stats: dump at 1516793203
stats: users 146 174
stats: {freemem,"tsung_controller@jarvis"} 1 4030.21484375 0.0 4033.6640625 4030.21484375 4032.92578125 2
stats: {load,"tsung_controller@jarvis"} 1 0.0 0.0 0.0 0.0 0.0 2
stats: {cpu,"tsung_controller@jarvis"} 1 0.60790273556231 0.0 45.410995681109355 0.60790273556231 23.01480222131468 2
stats: session 1301 1141.8506687163717 997.3906393225037 12597.523 15.062 997.3786309417053 2230
stats: users_count 1297 3677
stats: finish_users_count 1301 3531
stats: connect 1292 0.4405712074303407 0.05341041259982848 4.43 0.314 0.4653752849977203 2193
stats: page 1315 99.56528288973385 60.7914930135317 350.648 7.743 55.204554222427255 2167
stats: request 1315 99.56528288973385 60.7914930135317 350.648 7.743 55.204554222427255 2167
stats: 200 1315 3482
stats: size_rcv 337301 894149
stats: size_sent 80104 216070
stats: connected -23 3
# stats: dump at 1516793213
stats: users 134 182
stats: {freemem,"tsung_controller@jarvis"} 1 4028.95703125 0.0 4033.6640625 4028.95703125 4032.0221354166665 3
stats: {load,"tsung_controller@jarvis"} 1 0.0 0.0 0.0 0.0 0.0 3
stats: {cpu,"tsung_controller@jarvis"} 1 0.6343567622430855 0.0 45.410995681109355 0.60790273556231 15.545835726063892 3
stats: session 1305 1113.91994176245 1021.4881972520614 12597.523 15.062 1050.609478051544 3531
stats: users_count 1293 4970
stats: finish_users_count 1305 4836
stats: request 1292 112.81016640866845 82.11140085356966 350.648 6.139 71.95767260195286 3482
stats: connect 1303 0.4316569455103599 0.048129921818412094 4.43 0.287 0.4561796269727405 3485
stats: page 1292 112.81016640866845 82.11140085356966 350.648 6.139 71.95767260195286 3482
stats: 200 1292 4774
stats: size_rcv 331510 1225659
stats: size_sent 80786 296856
stats: connected 11 14
# stats: dump at 1516793223
stats: users 113 182
stats: {freemem,"tsung_controller@jarvis"} 1 4028.6171875 0.0 4033.6640625 4028.6171875 4031.255859375 4
stats: {load,"tsung_controller@jarvis"} 1 0.0 0.0 0.0 0.0 0.0 4
stats: {cpu,"tsung_controller@jarvis"} 1 0.6075180356916846 0.0 45.410995681109355 0.6075180356916846 11.81796598510869 4
stats: session 1223 1088.6187620605072 1020.8068571521326 12597.523 13.391 1067.6938773779982 4836
stats: users_count 1202 6172
stats: finish_users_count 1223 6059
stats: connect 1234 0.43807941653160404 0.05115323388066962 4.43 0.287 0.4495060568086883 4788
stats: request 1227 72.98342053789723 52.89855711197549 350.648 6.139 83.01368894009207 4774
stats: page 1227 72.98342053789723 52.89855711197549 350.648 6.139 83.01368894009207 4774
stats: 200 1227 6001
stats: size_rcv 315048 1540707
stats: size_sent 76508 373364
stats: connected 7 21
# stats: dump at 1516793233
stats: users 132 182
stats: {freemem,"tsung_controller@jarvis"} 1 4026.70703125 0.0 4033.6640625 4026.70703125 4030.728125 5
stats: {load,"tsung_controller@jarvis"} 1 0.078125 0.0 0.078125 0.0 0.0 5
stats: {cpu,"tsung_controller@jarvis"} 1 0.6076718571971136 0.0 45.410995681109355 0.6075180356916846 9.57587639522529 5
stats: session 1216 1073.7778355263147 1027.2706975090164 12597.523 13.391 1071.9175337514441 6059
stats: users_count 1235 7407
stats: finish_users_count 1216 7275
stats: connect 1218 0.437142857142857 0.053328174598032525 4.43 0.287 0.44716456326801707 6022
stats: request 1219 65.02632731747346 49.652508292213035 350.648 6.139 80.96284085985658 6001
stats: page 1219 65.02632731747346 49.652508292213035 350.648 6.139 80.96284085985658 6001
stats: 200 1219 7220
stats: size_rcv 313090 1853797
stats: size_sent 75516 448880
stats: connected -1 20
# stats: dump at 1516793243
stats: users 140 182
stats: {freemem,"tsung_controller@jarvis"} 1 4026.87109375 0.0 4033.6640625 4026.70703125 4030.0579427083335 6
stats: {load,"tsung_controller@jarvis"} 1 0.0703125 0.0 0.078125 0.0 0.013020833333333334 6
stats: {cpu,"tsung_controller@jarvis"} 1 0.3803727653100038 0.0 45.410995681109355 0.3803727653100038 8.081175638887261 6
stats: session 1225 1032.0023591836732 947.9366003309086 12597.523 13.391 1072.2284790378005 7275
stats: users_count 1233 8640
stats: finish_users_count 1225 8500
stats: request 1229 62.91782994304314 48.181936391815746 350.648 6.139 78.27217465373954 7220
stats: connect 1227 0.45663243683781585 0.05880604527505216 4.43 0.287 0.4454785911602208 7240
stats: page 1229 62.91782994304314 48.181936391815746 350.648 6.139 78.27217465373954 7220
stats: 200 1229 8449
stats: size_rcv 315775 2169572
stats: size_sent 76074 524954
stats: connected -2 18
# stats: dump at 1516793253
stats: users 137 182
stats: {freemem,"tsung_controller@jarvis"} 1 4026.6171875 0.0 4033.6640625 4026.6171875 4029.6026785714284 7
stats: {load,"tsung_controller@jarvis"} 1 0.05859375 0.0 0.078125 0.0 0.021205357142857144 7
stats: {cpu,"tsung_controller@jarvis"} 1 0.7340842931274522 0.0 45.410995681109355 0.3803727653100038 6.98106094266194 7
stats: session 1282 1094.4123728549107 1008.4770395651498 12597.523 10.756 1066.4311852941175 8500
stats: users_count 1279 9919
stats: finish_users_count 1282 9782
stats: request 1284 67.79570638629271 43.70391239791895 350.648 6.139 76.03871629778666 8449
stats: connect 1277 0.4606483946750196 0.05164810097710447 4.43 0.287 0.4470949568914608 8467
stats: page 1284 67.79570638629271 43.70391239791895 350.648 6.139 76.03871629778666 8449
stats: 200 1284 9733
stats: size_rcv 329859 2499431
stats: size_sent 79174 604128
stats: connected -7 11
# stats: dump at 1516793263
stats: users 129 182
stats: {freemem,"tsung_controller@jarvis"} 1 4026.51953125 0.0 4033.6640625 4026.51953125 4029.2294921875 8
stats: {load,"tsung_controller@jarvis"} 1 0.05078125 0.0 0.078125 0.0 0.02587890625 8
stats: {cpu,"tsung_controller@jarvis"} 1 0.5827210539650367 0.0 45.410995681109355 0.3803727653100038 6.200188861470129 8
stats: session 1266 1028.4186477093192 962.277637636601 12597.523 10.756 1070.0983170108357 9782
stats: users_count 1258 11177
stats: finish_users_count 1266 11048
stats: request 1264 72.18354193037979 45.08805855723075 350.648 6.139 74.95127925613883 9733
stats: page 1264 72.18354193037979 45.08805855723075 350.648 6.139 74.95127925613883 9733
stats: 200 1264 10997
stats: connect 1270 0.4510078740157482 0.05544705867719797 4.43 0.287 0.44887120279146125 9744
stats: size_rcv 324738 2824169
stats: size_sent 78740 682868
stats: connected 6 17
# stats: dump at 1516793273
stats: users 118 182
stats: {freemem,"tsung_controller@jarvis"} 1 4026.2734375 0.0 4033.6640625 4026.2734375 4028.9283854166665 9
stats: {load,"tsung_controller@jarvis"} 1 0.0390625 0.0 0.078125 0.0 0.028645833333333332 9
stats: {cpu,"tsung_controller@jarvis"} 1 0.5070351121815185 0.0 45.410995681109355 0.3803727653100038 5.576025771747341 9
stats: session 1239 1071.3868748991124 969.9732896734187 12597.523 10.756 1065.3222071868204 11048
stats: users_count 1228 12405
stats: finish_users_count 1239 12287
stats: page 1249 65.10805204163329 45.115427097167355 350.648 6.139 74.63315431481307 10997
stats: request 1249 65.10805204163329 45.115427097167355 350.648 6.139 74.63315431481307 10997
stats: connect 1236 0.43786245954692493 0.05253034735563224 4.43 0.287 0.4491175776284727 11014
stats: 200 1249 12246
stats: size_rcv 320945 3145114
stats: size_sent 76632 759500
stats: connected -13 4
# stats: dump at 1516793283
stats: users 126 182
stats: {freemem,"tsung_controller@jarvis"} 1 4025.84765625 0.0 4033.6640625 4025.84765625 4028.662890625 10
stats: {load,"tsung_controller@jarvis"} 1 0.03125 0.0 0.078125 0.0 0.0296875 10
stats: {cpu,"tsung_controller@jarvis"} 1 0.4311984781230184 0.0 45.410995681109355 0.3803727653100038 5.069126705790759 10
stats: session 1262 1076.7396212361318 1007.3687039675416 12597.523 10.756 1065.9337578741752 12287
stats: users_count 1270 13675
stats: finish_users_count 1262 13549
stats: connect 1269 0.462025216706068 0.06031253767664863 4.43 0.287 0.4479819591836733 12250
stats: request 1267 61.294081294396186 36.28356700613563 350.648 6.139 73.66166544177685 12246
stats: page 1267 61.294081294396186 36.28356700613563 350.648 6.139 73.66166544177685 12246
stats: 200 1267 13513
stats: size_rcv 325594 3470708
stats: size_sent 78678 838178
stats: connected 2 6
# stats: dump at 1516793293
stats: users 137 182
stats: {freemem,"tsung_controller@jarvis"} 1 4016.96484375 0.0 4033.6640625 4016.96484375 4028.4069602272725 11
stats: {load,"tsung_controller@jarvis"} 1 0.109375 0.0 0.109375 0.0 0.029829545454545456 11
stats: {cpu,"tsung_controller@jarvis"} 1 0.595841784989858 0.0 45.410995681109355 0.3803727653100038 4.647496866911873 11
stats: session 1252 1090.3366932907338 1044.6600464716123 12597.523 10.756 1066.9402527861828 13549
stats: users_count 1263 14938
stats: finish_users_count 1252 14801
stats: connect 1259 0.4423280381254963 0.05647649542550765 4.43 0.287 0.4493001701309267 13519
stats: page 1265 60.97157154150202 38.812498296232874 350.648 6.139 72.502061422334 13513
stats: request 1265 60.97157154150202 38.812498296232874 350.648 6.139 72.502061422334 13513
stats: 200 1265 14778
stats: size_rcv 325038 3795746
stats: size_sent 78058 916236
stats: connected -6 0
# stats: dump at 1516793303
stats: users 132 182
stats: {freemem,"tsung_controller@jarvis"} 1 4017.421875 0.0 4033.6640625 4016.96484375 4027.4534505208335 12
stats: {load,"tsung_controller@jarvis"} 1 0.08984375 0.0 0.109375 0.0 0.036458333333333336 12
stats: {cpu,"tsung_controller@jarvis"} 1 0.46912641054900467 0.0 45.410995681109355 0.3803727653100038 4.309858943418372 12
stats: session 1248 1032.2150600961545 962.3552731092736 12597.523 10.756 1068.9193314640895 14801
stats: users_count 1243 16181
stats: finish_users_count 1248 16049
stats: request 1233 69.85621735604191 54.18988983978579 350.648 6.139 71.51504899174445 14778
stats: connect 1244 0.435762057877813 0.052332672938217015 4.43 0.287 0.4487061848694003 14778
stats: page 1233 69.85621735604191 54.18988983978579 350.648 6.139 71.51504899174445 14778
stats: 200 1233 16011
stats: size_rcv 316717 4112463
stats: size_sent 77128 993364
stats: connected 11 11
# stats: dump at 1516793313
stats: users 131 182
stats: {freemem,"tsung_controller@jarvis"} 1 4017.19140625 0.0 4033.6640625 4016.96484375 4026.6817908653848 13
stats: {load,"tsung_controller@jarvis"} 1 0.078125 0.0 0.109375 0.0 0.04056490384615385 13
stats: {cpu,"tsung_controller@jarvis"} 1 0.4306523115896137 0.0 45.410995681109355 0.3803727653100038 4.014417979351498 13
stats: session 1286 1073.9405684292383 986.2997813671102 12597.523 10.756 1066.0651392610125 16049
stats: users_count 1285 17466
stats: finish_users_count 1286 17335
stats: request 1292 74.62529102167181 48.26048134273354 350.648 6.139 71.38730310411587 16011
stats: page 1292 74.62529102167181 48.26048134273354 350.648 6.139 71.38730310411587 16011
stats: connect 1297 0.44035003855050187 0.052534785498314696 4.43 0.287 0.44770116090375717 16022
stats: 200 1292 17303
stats: size_rcv 331847 4444310
stats: size_sent 80414 1073778
stats: connected 5 16
# stats: dump at 1516793323
stats: users 132 182
stats: {freemem,"tsung_controller@jarvis"} 1 4017.48046875 0.0 4033.6640625 4016.96484375 4026.00390625 14
stats: {load,"tsung_controller@jarvis"} 1 0.05859375 0.0 0.109375 0.0 0.043247767857142856 14
stats: {cpu,"tsung_controller@jarvis"} 1 0.49404611097035717 0.0 45.410995681109355 0.3803727653100038 3.7584347173685058 14
stats: session 1175 1173.8016646808503 1077.9134272525848 12597.523 10.756 1066.649379348139 17335
stats: users_count 1176 18642
stats: finish_users_count 1175 18510
stats: page 1181 64.27558848433532 47.983180512567216 350.648 6.139 71.62908085303121 17303
stats: request 1181 64.27558848433532 47.983180512567216 350.648 6.139 71.62908085303121 17303
stats: connect 1169 0.4420102651839176 0.054226498631406106 4.43 0.287 0.4471506438016051 17319
stats: 200 1181 18484
stats: size_rcv 303317 4747627
stats: size_sent 72478 1146256
stats: connected -12 4
# stats: dump at 1516793333
stats: users 114 182
stats: {freemem,"tsung_controller@jarvis"} 1 4017.171875 0.0 4033.6640625 4016.96484375 4025.4356770833333 15
stats: {load,"tsung_controller@jarvis"} 1 0.05078125 0.0 0.109375 0.0 0.044270833333333336 15
stats: {cpu,"tsung_controller@jarvis"} 1 0.44309406253956196 0.0 45.410995681109355 0.3803727653100038 3.540808810275296 15
stats: session 1207 1089.1539701739837 1048.6872354680027 12597.523 10.756 1073.4513207455425 18510
stats: users_count 1189 19831
stats: finish_users_count 1207 19717
stats: connect 1210 0.45071157024793446 0.060511772900137296 4.43 0.287 0.44682561661618336 18488
stats: request 1208 60.9541995033113 46.55662113284268 350.648 6.139 71.15924345379783 18484
stats: page 1208 60.9541995033113 46.55662113284268 350.648 6.139 71.15924345379783 18484
stats: 200 1208 19692
stats: size_rcv 310342 5057969
stats: size_sent 75020 1221276
stats: connected 2 6
# stats: dump at 1516793343
stats: users 134 182
stats: {freemem,"tsung_controller@jarvis"} 1 4016.83203125 0.0 4033.6640625 4016.83203125 4024.919189453125 16
stats: {load,"tsung_controller@jarvis"} 1 0.05078125 0.0 0.109375 0.0 0.044677734375 16
stats: {cpu,"tsung_controller@jarvis"} 1 0.5566801619433198 0.0 45.410995681109355 0.3803727653100038 3.347201638541813 16
stats: session 1229 1055.8779951179827 963.3343181660131 12597.523 10.756 1074.4125774204995 19717
stats: users_count 1249 21080
stats: finish_users_count 1229 20946
stats: request 1232 52.03907386363635 35.65266911881464 350.648 6.139 70.53321800731257 19692
stats: page 1232 52.03907386363635 35.65266911881464 350.648 6.139 70.53321800731257 19692
stats: connect 1234 0.46093922204213955 0.0627097739988461 4.43 0.27 0.44706432125088835 19698
stats: 200 1232 20924
stats: size_rcv 316630 5374599
stats: size_sent 76508 1297784
stats: connected 2 8
# stats: dump at 1516793353
stats: users 158 182
stats: {freemem,"tsung_controller@jarvis"} 1 4007.08203125 0.0 4033.6640625 4007.08203125 4024.443474264706 17
stats: {load,"tsung_controller@jarvis"} 1 0.0390625 0.0 0.109375 0.0 0.04503676470588235 17
stats: {cpu,"tsung_controller@jarvis"} 1 0.5699088145896657 0.0 45.410995681109355 0.3803727653100038 3.1830533163889605 17
stats: session 1281 1098.5692779078847 994.9577013858311 12597.523 10.756 1073.3250665998278 20946
stats: users_count 1305 22385
stats: finish_users_count 1281 22227
stats: request 1298 113.34721879815093 99.43365487183367 389.196 6.139 69.44428732555912 20924
stats: page 1298 113.34721879815093 99.43365487183367 389.196 6.139 69.44428732555912 20924
stats: connect 1290 0.4321759689922476 0.05087125454310845 4.43 0.27 0.4478822854958915 20932
stats: 200 1298 22222
stats: size_rcv 333432 5708031
stats: size_sent 79980 1377764
stats: connected -8 0
# stats: dump at 1516793359
stats: users 0 182
stats: {freemem,"tsung_controller@jarvis"} 1 4007.95703125 0.0 4033.6640625 4007.08203125 4023.478949652778 18
stats: {load,"tsung_controller@jarvis"} 1 0.03125 0.0 0.109375 0.0 0.04470486111111111 18
stats: {cpu,"tsung_controller@jarvis"} 1 0.40624603275358645 0.0 45.410995681109355 0.3803727653100038 3.0378786218445555 18
stats: session 287 1411.3011010452958 1111.7223001585162 12597.523 10.756 1074.7799563593824 22227
stats: users_count 129 22514
stats: finish_users_count 287 22514
stats: request 292 71.55697602739735 54.385972343828485 389.196 6.139 72.00868319683192 22222
stats: connect 292 0.4986198630136985 0.12927459365383756 4.43 0.27 0.44697052470524706 22222
stats: page 292 71.55697602739735 54.385972343828485 389.196 6.139 72.00868319683192 22222
stats: 200 292 22514
stats: size_rcv 75000 5783031
stats: size_sent 18104 1395868
stats: connected 0 0
EndMonitor:{1516,793359,625394}
